[2024-11-12T01:09:08.027+0000] {local_task_job_runner.py:120} INFO - ::group::Pre task execution logs
[2024-11-12T01:09:08.057+0000] {taskinstance.py:2076} INFO - Dependencies all met for dep_context=non-requeueable deps ti=<TaskInstance: BuildELT_dbt.dbt_run_rsi manual__2024-11-12T01:08:54.966500+00:00 [queued]>
[2024-11-12T01:09:08.065+0000] {taskinstance.py:2076} INFO - Dependencies all met for dep_context=requeueable deps ti=<TaskInstance: BuildELT_dbt.dbt_run_rsi manual__2024-11-12T01:08:54.966500+00:00 [queued]>
[2024-11-12T01:09:08.066+0000] {taskinstance.py:2306} INFO - Starting attempt 1 of 1
[2024-11-12T01:09:08.079+0000] {taskinstance.py:2330} INFO - Executing <Task(BashOperator): dbt_run_rsi> on 2024-11-12 01:08:54.966500+00:00
[2024-11-12T01:09:08.085+0000] {standard_task_runner.py:90} INFO - Running: ['***', 'tasks', 'run', 'BuildELT_dbt', 'dbt_run_rsi', 'manual__2024-11-12T01:08:54.966500+00:00', '--job-id', '259', '--raw', '--subdir', 'DAGS_FOLDER/build_elt_with_dbt.py', '--cfg-path', '/tmp/tmp9lg828_q']
[2024-11-12T01:09:08.087+0000] {standard_task_runner.py:91} INFO - Job 259: Subtask dbt_run_rsi
[2024-11-12T01:09:08.088+0000] {logging_mixin.py:188} WARNING - /home/***/.local/lib/python3.12/site-packages/***/task/task_runner/standard_task_runner.py:61 DeprecationWarning: This process (pid=1714) is multi-threaded, use of fork() may lead to deadlocks in the child.
[2024-11-12T01:09:08.089+0000] {standard_task_runner.py:63} INFO - Started process 1715 to run task
[2024-11-12T01:09:08.132+0000] {task_command.py:426} INFO - Running <TaskInstance: BuildELT_dbt.dbt_run_rsi manual__2024-11-12T01:08:54.966500+00:00 [running]> on host a23c71b4588d
[2024-11-12T01:09:08.212+0000] {taskinstance.py:2648} INFO - Exporting env vars: AIRFLOW_CTX_DAG_OWNER='***' AIRFLOW_CTX_DAG_ID='BuildELT_dbt' AIRFLOW_CTX_TASK_ID='dbt_run_rsi' AIRFLOW_CTX_EXECUTION_DATE='2024-11-12T01:08:54.966500+00:00' AIRFLOW_CTX_TRY_NUMBER='1' AIRFLOW_CTX_DAG_RUN_ID='manual__2024-11-12T01:08:54.966500+00:00'
[2024-11-12T01:09:08.213+0000] {taskinstance.py:430} INFO - ::endgroup::
[2024-11-12T01:09:08.227+0000] {subprocess.py:63} INFO - Tmp dir root location: /tmp
[2024-11-12T01:09:08.228+0000] {subprocess.py:75} INFO - Running command: ['/usr/bin/bash', '-c', '/home/***/.local/bin/dbt run --models rsi --profiles-dir /opt/***/dbt --project-dir /opt/***/dbt']
[2024-11-12T01:09:08.235+0000] {subprocess.py:86} INFO - Output:
[2024-11-12T01:09:10.377+0000] {subprocess.py:93} INFO - [0m01:09:10  Running with dbt=1.8.8
[2024-11-12T01:09:11.469+0000] {subprocess.py:93} INFO - [0m01:09:11  Registered adapter: snowflake=1.8.4
[2024-11-12T01:09:11.771+0000] {subprocess.py:93} INFO - [0m01:09:11  [[33mWARNING[0m]: Configuration paths exist in your dbt_project.yml file which do not apply to any resources.
[2024-11-12T01:09:11.772+0000] {subprocess.py:93} INFO - There are 2 unused configuration paths:
[2024-11-12T01:09:11.772+0000] {subprocess.py:93} INFO - - models.lab2_project.input
[2024-11-12T01:09:11.773+0000] {subprocess.py:93} INFO - - models.lab2_project.output
[2024-11-12T01:09:12.004+0000] {subprocess.py:93} INFO - [0m01:09:12  Found 2 models, 1 snapshot, 3 data tests, 2 sources, 454 macros
[2024-11-12T01:09:12.007+0000] {subprocess.py:93} INFO - [0m01:09:12
[2024-11-12T01:09:14.372+0000] {subprocess.py:93} INFO - [0m01:09:14  Concurrency: 1 threads (target='dev')
[2024-11-12T01:09:14.374+0000] {subprocess.py:93} INFO - [0m01:09:14
[2024-11-12T01:09:14.385+0000] {subprocess.py:93} INFO - [0m01:09:14  1 of 1 START sql view model RAW_DATA.rsi ....................................... [RUN]
[2024-11-12T01:09:15.436+0000] {subprocess.py:93} INFO - [0m01:09:15  1 of 1 OK created sql view model RAW_DATA.rsi .................................. [[32mSUCCESS 1[0m in 1.05s]
[2024-11-12T01:09:15.442+0000] {subprocess.py:93} INFO - [0m01:09:15
[2024-11-12T01:09:15.444+0000] {subprocess.py:93} INFO - [0m01:09:15  Finished running 1 view model in 0 hours 0 minutes and 3.43 seconds (3.43s).
[2024-11-12T01:09:15.517+0000] {subprocess.py:93} INFO - [0m01:09:15
[2024-11-12T01:09:15.518+0000] {subprocess.py:93} INFO - [0m01:09:15  [32mCompleted successfully[0m
[2024-11-12T01:09:15.520+0000] {subprocess.py:93} INFO - [0m01:09:15
[2024-11-12T01:09:15.521+0000] {subprocess.py:93} INFO - [0m01:09:15  Done. PASS=1 WARN=0 ERROR=0 SKIP=0 TOTAL=1
[2024-11-12T01:09:16.325+0000] {subprocess.py:97} INFO - Command exited with return code 0
[2024-11-12T01:09:16.327+0000] {taskinstance.py:441} INFO - ::group::Post task execution logs
[2024-11-12T01:09:16.348+0000] {taskinstance.py:1206} INFO - Marking task as SUCCESS. dag_id=BuildELT_dbt, task_id=dbt_run_rsi, run_id=manual__2024-11-12T01:08:54.966500+00:00, execution_date=20241112T010854, start_date=20241112T010908, end_date=20241112T010916
[2024-11-12T01:09:16.375+0000] {local_task_job_runner.py:240} INFO - Task exited with return code 0
[2024-11-12T01:09:16.399+0000] {taskinstance.py:3498} INFO - 1 downstream tasks scheduled from follow-on schedule check
[2024-11-12T01:09:16.402+0000] {local_task_job_runner.py:222} INFO - ::endgroup::
