[2024-11-12T00:19:33.697+0000] {local_task_job_runner.py:120} INFO - ::group::Pre task execution logs
[2024-11-12T00:19:33.723+0000] {taskinstance.py:2076} INFO - Dependencies all met for dep_context=non-requeueable deps ti=<TaskInstance: BuildELT_dbt.dbt_run_moving_average manual__2024-11-12T00:19:31.014999+00:00 [queued]>
[2024-11-12T00:19:33.731+0000] {taskinstance.py:2076} INFO - Dependencies all met for dep_context=requeueable deps ti=<TaskInstance: BuildELT_dbt.dbt_run_moving_average manual__2024-11-12T00:19:31.014999+00:00 [queued]>
[2024-11-12T00:19:33.731+0000] {taskinstance.py:2306} INFO - Starting attempt 1 of 1
[2024-11-12T00:19:33.745+0000] {taskinstance.py:2330} INFO - Executing <Task(BashOperator): dbt_run_moving_average> on 2024-11-12 00:19:31.014999+00:00
[2024-11-12T00:19:33.751+0000] {warnings.py:110} WARNING - /home/***/.local/lib/python3.12/site-packages/***/task/task_runner/standard_task_runner.py:61: DeprecationWarning: This process (pid=285) is multi-threaded, use of fork() may lead to deadlocks in the child.
  pid = os.fork()

[2024-11-12T00:19:33.753+0000] {standard_task_runner.py:63} INFO - Started process 287 to run task
[2024-11-12T00:19:33.753+0000] {standard_task_runner.py:90} INFO - Running: ['***', 'tasks', 'run', 'BuildELT_dbt', 'dbt_run_moving_average', 'manual__2024-11-12T00:19:31.014999+00:00', '--job-id', '243', '--raw', '--subdir', 'DAGS_FOLDER/build_elt_with_dbt.py', '--cfg-path', '/tmp/tmpe56t4xqn']
[2024-11-12T00:19:33.755+0000] {standard_task_runner.py:91} INFO - Job 243: Subtask dbt_run_moving_average
[2024-11-12T00:19:33.803+0000] {task_command.py:426} INFO - Running <TaskInstance: BuildELT_dbt.dbt_run_moving_average manual__2024-11-12T00:19:31.014999+00:00 [running]> on host 8c774efb74b0
[2024-11-12T00:19:33.884+0000] {taskinstance.py:2648} INFO - Exporting env vars: AIRFLOW_CTX_DAG_OWNER='***' AIRFLOW_CTX_DAG_ID='BuildELT_dbt' AIRFLOW_CTX_TASK_ID='dbt_run_moving_average' AIRFLOW_CTX_EXECUTION_DATE='2024-11-12T00:19:31.014999+00:00' AIRFLOW_CTX_TRY_NUMBER='1' AIRFLOW_CTX_DAG_RUN_ID='manual__2024-11-12T00:19:31.014999+00:00'
[2024-11-12T00:19:33.886+0000] {taskinstance.py:430} INFO - ::endgroup::
[2024-11-12T00:19:33.887+0000] {subprocess.py:63} INFO - Tmp dir root location: /tmp
[2024-11-12T00:19:33.888+0000] {subprocess.py:75} INFO - Running command: ['/usr/bin/bash', '-c', '/home/***/.local/bin/dbt run --models moving_average --profiles-dir /opt/***/dbt --project-dir /opt/***/dbt']
[2024-11-12T00:19:33.898+0000] {subprocess.py:86} INFO - Output:
[2024-11-12T00:19:33.899+0000] {subprocess.py:93} INFO - /usr/bin/bash: line 1: /home/***/.local/bin/dbt: No such file or directory
[2024-11-12T00:19:33.900+0000] {subprocess.py:97} INFO - Command exited with return code 127
[2024-11-12T00:19:33.900+0000] {taskinstance.py:441} INFO - ::group::Post task execution logs
[2024-11-12T00:19:33.911+0000] {taskinstance.py:2905} ERROR - Task failed with exception
Traceback (most recent call last):
  File "/home/airflow/.local/lib/python3.12/site-packages/airflow/models/taskinstance.py", line 465, in _execute_task
    result = _execute_callable(context=context, **execute_callable_kwargs)
             ^^^^^^^^^^^^^^^^^^^^^^^^^^^^^^^^^^^^^^^^^^^^^^^^^^^^^^^^^^^^^
  File "/home/airflow/.local/lib/python3.12/site-packages/airflow/models/taskinstance.py", line 432, in _execute_callable
    return execute_callable(context=context, **execute_callable_kwargs)
           ^^^^^^^^^^^^^^^^^^^^^^^^^^^^^^^^^^^^^^^^^^^^^^^^^^^^^^^^^^^^
  File "/home/airflow/.local/lib/python3.12/site-packages/airflow/models/baseoperator.py", line 400, in wrapper
    return func(self, *args, **kwargs)
           ^^^^^^^^^^^^^^^^^^^^^^^^^^^
  File "/home/airflow/.local/lib/python3.12/site-packages/airflow/operators/bash.py", line 243, in execute
    raise AirflowException(
airflow.exceptions.AirflowException: Bash command failed. The command returned a non-zero exit code 127.
[2024-11-12T00:19:33.916+0000] {taskinstance.py:1206} INFO - Marking task as FAILED. dag_id=BuildELT_dbt, task_id=dbt_run_moving_average, run_id=manual__2024-11-12T00:19:31.014999+00:00, execution_date=20241112T001931, start_date=20241112T001933, end_date=20241112T001933
[2024-11-12T00:19:33.929+0000] {standard_task_runner.py:110} ERROR - Failed to execute job 243 for task dbt_run_moving_average (Bash command failed. The command returned a non-zero exit code 127.; 287)
[2024-11-12T00:19:33.967+0000] {local_task_job_runner.py:240} INFO - Task exited with return code 1
[2024-11-12T00:19:33.991+0000] {taskinstance.py:3498} INFO - 0 downstream tasks scheduled from follow-on schedule check
[2024-11-12T00:19:33.995+0000] {local_task_job_runner.py:222} INFO - ::endgroup::
