[2024-11-11T21:09:53.031+0000] {local_task_job_runner.py:120} INFO - ::group::Pre task execution logs
[2024-11-11T21:09:53.082+0000] {taskinstance.py:2076} INFO - Dependencies all met for dep_context=non-requeueable deps ti=<TaskInstance: two_stocks_DAG.predict_stock manual__2024-11-11T21:09:48.979962+00:00 [queued]>
[2024-11-11T21:09:53.092+0000] {taskinstance.py:2076} INFO - Dependencies all met for dep_context=requeueable deps ti=<TaskInstance: two_stocks_DAG.predict_stock manual__2024-11-11T21:09:48.979962+00:00 [queued]>
[2024-11-11T21:09:53.093+0000] {taskinstance.py:2306} INFO - Starting attempt 1 of 3
[2024-11-11T21:09:53.114+0000] {taskinstance.py:2330} INFO - Executing <Task(_PythonDecoratedOperator): predict_stock> on 2024-11-11 21:09:48.979962+00:00
[2024-11-11T21:09:53.122+0000] {warnings.py:110} WARNING - /home/***/.local/lib/python3.12/site-packages/***/task/task_runner/standard_task_runner.py:61: DeprecationWarning: This process (pid=449) is multi-threaded, use of fork() may lead to deadlocks in the child.
  pid = os.fork()

[2024-11-11T21:09:53.124+0000] {standard_task_runner.py:63} INFO - Started process 459 to run task
[2024-11-11T21:09:53.125+0000] {standard_task_runner.py:90} INFO - Running: ['***', 'tasks', 'run', 'two_stocks_DAG', 'predict_stock', 'manual__2024-11-11T21:09:48.979962+00:00', '--job-id', '182', '--raw', '--subdir', 'DAGS_FOLDER/two_stocks.py', '--cfg-path', '/tmp/tmp9ero2qu7']
[2024-11-11T21:09:53.127+0000] {standard_task_runner.py:91} INFO - Job 182: Subtask predict_stock
[2024-11-11T21:09:53.190+0000] {task_command.py:426} INFO - Running <TaskInstance: two_stocks_DAG.predict_stock manual__2024-11-11T21:09:48.979962+00:00 [running]> on host 889c1536fdc4
[2024-11-11T21:09:53.299+0000] {taskinstance.py:2648} INFO - Exporting env vars: AIRFLOW_CTX_DAG_OWNER='***' AIRFLOW_CTX_DAG_ID='two_stocks_DAG' AIRFLOW_CTX_TASK_ID='predict_stock' AIRFLOW_CTX_EXECUTION_DATE='2024-11-11T21:09:48.979962+00:00' AIRFLOW_CTX_TRY_NUMBER='1' AIRFLOW_CTX_DAG_RUN_ID='manual__2024-11-11T21:09:48.979962+00:00'
[2024-11-11T21:09:53.301+0000] {taskinstance.py:430} INFO - ::endgroup::
[2024-11-11T21:09:53.315+0000] {base.py:84} INFO - Using connection ID 'snowflake_conn' for task execution.
[2024-11-11T21:09:53.316+0000] {connection.py:399} INFO - Snowflake Connector for Python Version: 3.10.0, Python Version: 3.12.3, Platform: Linux-5.15.153.1-microsoft-standard-WSL2-x86_64-with-glibc2.36
[2024-11-11T21:09:53.318+0000] {connection.py:1239} INFO - This connection is in OCSP Fail Open Mode. TLS Certificates would be checked for validity and revocation status. Any other Certificate Revocation related exceptions or OCSP Responder failures would be disregarded in favor of connectivity.
[2024-11-11T21:09:54.960+0000] {logging_mixin.py:188} INFO - 002141 (42601): 01b84eb5-0004-26b2-0000-000258f727d1: Uncaught exception of type 'STATEMENT_ERROR' on line 2 at position 8 : SQL compilation error:
Unknown user-defined function STOCK_DATA_DB.ANALYTICS.PREDICT_LMT_STOCK_PRICE!FORECAST
[2024-11-11T21:09:54.960+0000] {taskinstance.py:441} INFO - ::group::Post task execution logs
[2024-11-11T21:09:54.961+0000] {taskinstance.py:2905} ERROR - Task failed with exception
Traceback (most recent call last):
  File "/home/airflow/.local/lib/python3.12/site-packages/airflow/models/taskinstance.py", line 465, in _execute_task
    result = _execute_callable(context=context, **execute_callable_kwargs)
             ^^^^^^^^^^^^^^^^^^^^^^^^^^^^^^^^^^^^^^^^^^^^^^^^^^^^^^^^^^^^^
  File "/home/airflow/.local/lib/python3.12/site-packages/airflow/models/taskinstance.py", line 432, in _execute_callable
    return execute_callable(context=context, **execute_callable_kwargs)
           ^^^^^^^^^^^^^^^^^^^^^^^^^^^^^^^^^^^^^^^^^^^^^^^^^^^^^^^^^^^^
  File "/home/airflow/.local/lib/python3.12/site-packages/airflow/models/baseoperator.py", line 400, in wrapper
    return func(self, *args, **kwargs)
           ^^^^^^^^^^^^^^^^^^^^^^^^^^^
  File "/home/airflow/.local/lib/python3.12/site-packages/airflow/decorators/base.py", line 265, in execute
    return_value = super().execute(context)
                   ^^^^^^^^^^^^^^^^^^^^^^^^
  File "/home/airflow/.local/lib/python3.12/site-packages/airflow/models/baseoperator.py", line 400, in wrapper
    return func(self, *args, **kwargs)
           ^^^^^^^^^^^^^^^^^^^^^^^^^^^
  File "/home/airflow/.local/lib/python3.12/site-packages/airflow/operators/python.py", line 235, in execute
    return_value = self.execute_callable()
                   ^^^^^^^^^^^^^^^^^^^^^^^
  File "/home/airflow/.local/lib/python3.12/site-packages/airflow/operators/python.py", line 252, in execute_callable
    return self.python_callable(*self.op_args, **self.op_kwargs)
           ^^^^^^^^^^^^^^^^^^^^^^^^^^^^^^^^^^^^^^^^^^^^^^^^^^^^^
  File "/opt/airflow/dags/two_stocks.py", line 142, in predict_stock
    cur.execute(make_prediction_sql)
  File "/home/airflow/.local/lib/python3.12/site-packages/snowflake/connector/cursor.py", line 1080, in execute
    Error.errorhandler_wrapper(self.connection, self, error_class, errvalue)
  File "/home/airflow/.local/lib/python3.12/site-packages/snowflake/connector/errors.py", line 290, in errorhandler_wrapper
    handed_over = Error.hand_to_other_handler(
                  ^^^^^^^^^^^^^^^^^^^^^^^^^^^^
  File "/home/airflow/.local/lib/python3.12/site-packages/snowflake/connector/errors.py", line 345, in hand_to_other_handler
    cursor.errorhandler(connection, cursor, error_class, error_value)
  File "/home/airflow/.local/lib/python3.12/site-packages/snowflake/connector/errors.py", line 221, in default_errorhandler
    raise error_class(
snowflake.connector.errors.ProgrammingError: 002141 (42601): 01b84eb5-0004-26b2-0000-000258f727d1: Uncaught exception of type 'STATEMENT_ERROR' on line 2 at position 8 : SQL compilation error:
Unknown user-defined function STOCK_DATA_DB.ANALYTICS.PREDICT_LMT_STOCK_PRICE!FORECAST
[2024-11-11T21:09:54.971+0000] {taskinstance.py:1206} INFO - Marking task as UP_FOR_RETRY. dag_id=two_stocks_DAG, task_id=predict_stock, run_id=manual__2024-11-11T21:09:48.979962+00:00, execution_date=20241111T210948, start_date=20241111T210953, end_date=20241111T210954
[2024-11-11T21:09:54.987+0000] {standard_task_runner.py:110} ERROR - Failed to execute job 182 for task predict_stock (002141 (42601): 01b84eb5-0004-26b2-0000-000258f727d1: Uncaught exception of type 'STATEMENT_ERROR' on line 2 at position 8 : SQL compilation error:
Unknown user-defined function STOCK_DATA_DB.ANALYTICS.PREDICT_LMT_STOCK_PRICE!FORECAST; 459)
[2024-11-11T21:09:55.024+0000] {local_task_job_runner.py:240} INFO - Task exited with return code 1
[2024-11-11T21:09:55.046+0000] {taskinstance.py:3498} INFO - 0 downstream tasks scheduled from follow-on schedule check
[2024-11-11T21:09:55.048+0000] {local_task_job_runner.py:222} INFO - ::endgroup::
