[2024-11-12T01:08:56.092+0000] {local_task_job_runner.py:120} INFO - ::group::Pre task execution logs
[2024-11-12T01:08:56.150+0000] {taskinstance.py:2076} INFO - Dependencies all met for dep_context=non-requeueable deps ti=<TaskInstance: BuildELT_dbt.dbt_run_moving_average manual__2024-11-12T01:08:54.966500+00:00 [queued]>
[2024-11-12T01:08:56.162+0000] {taskinstance.py:2076} INFO - Dependencies all met for dep_context=requeueable deps ti=<TaskInstance: BuildELT_dbt.dbt_run_moving_average manual__2024-11-12T01:08:54.966500+00:00 [queued]>
[2024-11-12T01:08:56.164+0000] {taskinstance.py:2306} INFO - Starting attempt 1 of 1
[2024-11-12T01:08:56.182+0000] {taskinstance.py:2330} INFO - Executing <Task(BashOperator): dbt_run_moving_average> on 2024-11-12 01:08:54.966500+00:00
[2024-11-12T01:08:56.191+0000] {standard_task_runner.py:90} INFO - Running: ['***', 'tasks', 'run', 'BuildELT_dbt', 'dbt_run_moving_average', 'manual__2024-11-12T01:08:54.966500+00:00', '--job-id', '258', '--raw', '--subdir', 'DAGS_FOLDER/build_elt_with_dbt.py', '--cfg-path', '/tmp/tmp8pi80q6_']
[2024-11-12T01:08:56.194+0000] {standard_task_runner.py:91} INFO - Job 258: Subtask dbt_run_moving_average
[2024-11-12T01:08:56.196+0000] {logging_mixin.py:188} WARNING - /home/***/.local/lib/python3.12/site-packages/***/task/task_runner/standard_task_runner.py:61 DeprecationWarning: This process (pid=1679) is multi-threaded, use of fork() may lead to deadlocks in the child.
[2024-11-12T01:08:56.197+0000] {standard_task_runner.py:63} INFO - Started process 1680 to run task
[2024-11-12T01:08:56.236+0000] {task_command.py:426} INFO - Running <TaskInstance: BuildELT_dbt.dbt_run_moving_average manual__2024-11-12T01:08:54.966500+00:00 [running]> on host a23c71b4588d
[2024-11-12T01:08:56.328+0000] {taskinstance.py:2648} INFO - Exporting env vars: AIRFLOW_CTX_DAG_OWNER='***' AIRFLOW_CTX_DAG_ID='BuildELT_dbt' AIRFLOW_CTX_TASK_ID='dbt_run_moving_average' AIRFLOW_CTX_EXECUTION_DATE='2024-11-12T01:08:54.966500+00:00' AIRFLOW_CTX_TRY_NUMBER='1' AIRFLOW_CTX_DAG_RUN_ID='manual__2024-11-12T01:08:54.966500+00:00'
[2024-11-12T01:08:56.329+0000] {taskinstance.py:430} INFO - ::endgroup::
[2024-11-12T01:08:56.343+0000] {subprocess.py:63} INFO - Tmp dir root location: /tmp
[2024-11-12T01:08:56.344+0000] {subprocess.py:75} INFO - Running command: ['/usr/bin/bash', '-c', '/home/***/.local/bin/dbt run --models moving_average --profiles-dir /opt/***/dbt --project-dir /opt/***/dbt']
[2024-11-12T01:08:56.351+0000] {subprocess.py:86} INFO - Output:
[2024-11-12T01:08:58.921+0000] {subprocess.py:93} INFO - [0m01:08:58  Running with dbt=1.8.8
[2024-11-12T01:09:00.089+0000] {subprocess.py:93} INFO - [0m01:09:00  Registered adapter: snowflake=1.8.4
[2024-11-12T01:09:00.253+0000] {subprocess.py:93} INFO - [0m01:09:00  Unable to do partial parsing because of a version mismatch
[2024-11-12T01:09:02.070+0000] {subprocess.py:93} INFO - [0m01:09:02  [[33mWARNING[0m]: Deprecated functionality
[2024-11-12T01:09:02.070+0000] {subprocess.py:93} INFO - The `tests` config has been renamed to `data_tests`. Please see
[2024-11-12T01:09:02.071+0000] {subprocess.py:93} INFO - https://docs.getdbt.com/docs/build/data-tests#new-data_tests-syntax for more
[2024-11-12T01:09:02.071+0000] {subprocess.py:93} INFO - information.
[2024-11-12T01:09:02.468+0000] {subprocess.py:93} INFO - [0m01:09:02  [[33mWARNING[0m]: Configuration paths exist in your dbt_project.yml file which do not apply to any resources.
[2024-11-12T01:09:02.469+0000] {subprocess.py:93} INFO - There are 2 unused configuration paths:
[2024-11-12T01:09:02.469+0000] {subprocess.py:93} INFO - - models.lab2_project.output
[2024-11-12T01:09:02.470+0000] {subprocess.py:93} INFO - - models.lab2_project.input
[2024-11-12T01:09:02.645+0000] {subprocess.py:93} INFO - [0m01:09:02  Found 2 models, 1 snapshot, 3 data tests, 2 sources, 454 macros
[2024-11-12T01:09:02.649+0000] {subprocess.py:93} INFO - [0m01:09:02
[2024-11-12T01:09:05.647+0000] {subprocess.py:93} INFO - [0m01:09:05  Concurrency: 1 threads (target='dev')
[2024-11-12T01:09:05.648+0000] {subprocess.py:93} INFO - [0m01:09:05
[2024-11-12T01:09:05.660+0000] {subprocess.py:93} INFO - [0m01:09:05  1 of 1 START sql view model RAW_DATA.moving_average ............................ [RUN]
[2024-11-12T01:09:06.833+0000] {subprocess.py:93} INFO - [0m01:09:06  1 of 1 OK created sql view model RAW_DATA.moving_average ....................... [[32mSUCCESS 1[0m in 1.17s]
[2024-11-12T01:09:06.841+0000] {subprocess.py:93} INFO - [0m01:09:06
[2024-11-12T01:09:06.842+0000] {subprocess.py:93} INFO - [0m01:09:06  Finished running 1 view model in 0 hours 0 minutes and 4.19 seconds (4.19s).
[2024-11-12T01:09:06.912+0000] {subprocess.py:93} INFO - [0m01:09:06
[2024-11-12T01:09:06.914+0000] {subprocess.py:93} INFO - [0m01:09:06  [32mCompleted successfully[0m
[2024-11-12T01:09:06.915+0000] {subprocess.py:93} INFO - [0m01:09:06
[2024-11-12T01:09:06.916+0000] {subprocess.py:93} INFO - [0m01:09:06  Done. PASS=1 WARN=0 ERROR=0 SKIP=0 TOTAL=1
[2024-11-12T01:09:07.725+0000] {subprocess.py:97} INFO - Command exited with return code 0
[2024-11-12T01:09:07.726+0000] {taskinstance.py:441} INFO - ::group::Post task execution logs
[2024-11-12T01:09:07.748+0000] {taskinstance.py:1206} INFO - Marking task as SUCCESS. dag_id=BuildELT_dbt, task_id=dbt_run_moving_average, run_id=manual__2024-11-12T01:08:54.966500+00:00, execution_date=20241112T010854, start_date=20241112T010856, end_date=20241112T010907
[2024-11-12T01:09:07.767+0000] {local_task_job_runner.py:240} INFO - Task exited with return code 0
[2024-11-12T01:09:07.791+0000] {taskinstance.py:3498} INFO - 1 downstream tasks scheduled from follow-on schedule check
[2024-11-12T01:09:07.793+0000] {local_task_job_runner.py:222} INFO - ::endgroup::
