[2024-11-11T03:34:08.701+0000] {local_task_job_runner.py:120} INFO - ::group::Pre task execution logs
[2024-11-11T03:34:08.801+0000] {taskinstance.py:2076} INFO - Dependencies all met for dep_context=non-requeueable deps ti=<TaskInstance: two_stocks_DAG.extract_stock_data manual__2024-11-11T03:34:04.871134+00:00 [queued]>
[2024-11-11T03:34:08.834+0000] {taskinstance.py:2076} INFO - Dependencies all met for dep_context=requeueable deps ti=<TaskInstance: two_stocks_DAG.extract_stock_data manual__2024-11-11T03:34:04.871134+00:00 [queued]>
[2024-11-11T03:34:08.835+0000] {taskinstance.py:2306} INFO - Starting attempt 1 of 3
[2024-11-11T03:34:08.880+0000] {taskinstance.py:2330} INFO - Executing <Task(_PythonDecoratedOperator): extract_stock_data> on 2024-11-11 03:34:04.871134+00:00
[2024-11-11T03:34:08.897+0000] {standard_task_runner.py:90} INFO - Running: ['***', 'tasks', 'run', 'two_stocks_DAG', 'extract_stock_data', 'manual__2024-11-11T03:34:04.871134+00:00', '--job-id', '51', '--raw', '--subdir', 'DAGS_FOLDER/two_stocks.py', '--cfg-path', '/tmp/tmpt14yhew_']
[2024-11-11T03:34:08.907+0000] {standard_task_runner.py:91} INFO - Job 51: Subtask extract_stock_data
[2024-11-11T03:34:08.911+0000] {logging_mixin.py:188} WARNING - /home/***/.local/lib/python3.12/site-packages/***/task/task_runner/standard_task_runner.py:61 DeprecationWarning: This process (pid=312) is multi-threaded, use of fork() may lead to deadlocks in the child.
[2024-11-11T03:34:08.913+0000] {standard_task_runner.py:63} INFO - Started process 324 to run task
[2024-11-11T03:34:09.006+0000] {task_command.py:426} INFO - Running <TaskInstance: two_stocks_DAG.extract_stock_data manual__2024-11-11T03:34:04.871134+00:00 [running]> on host e77131eeb98c
[2024-11-11T03:34:09.202+0000] {taskinstance.py:2648} INFO - Exporting env vars: AIRFLOW_CTX_DAG_OWNER='***' AIRFLOW_CTX_DAG_ID='two_stocks_DAG' AIRFLOW_CTX_TASK_ID='extract_stock_data' AIRFLOW_CTX_EXECUTION_DATE='2024-11-11T03:34:04.871134+00:00' AIRFLOW_CTX_TRY_NUMBER='1' AIRFLOW_CTX_DAG_RUN_ID='manual__2024-11-11T03:34:04.871134+00:00'
[2024-11-11T03:34:09.208+0000] {taskinstance.py:430} INFO - ::endgroup::
[2024-11-11T03:34:09.222+0000] {taskinstance.py:441} INFO - ::group::Post task execution logs
[2024-11-11T03:34:09.223+0000] {taskinstance.py:2905} ERROR - Task failed with exception
Traceback (most recent call last):
  File "/home/airflow/.local/lib/python3.12/site-packages/airflow/models/taskinstance.py", line 465, in _execute_task
    result = _execute_callable(context=context, **execute_callable_kwargs)
             ^^^^^^^^^^^^^^^^^^^^^^^^^^^^^^^^^^^^^^^^^^^^^^^^^^^^^^^^^^^^^
  File "/home/airflow/.local/lib/python3.12/site-packages/airflow/models/taskinstance.py", line 432, in _execute_callable
    return execute_callable(context=context, **execute_callable_kwargs)
           ^^^^^^^^^^^^^^^^^^^^^^^^^^^^^^^^^^^^^^^^^^^^^^^^^^^^^^^^^^^^
  File "/home/airflow/.local/lib/python3.12/site-packages/airflow/models/baseoperator.py", line 400, in wrapper
    return func(self, *args, **kwargs)
           ^^^^^^^^^^^^^^^^^^^^^^^^^^^
  File "/home/airflow/.local/lib/python3.12/site-packages/airflow/decorators/base.py", line 265, in execute
    return_value = super().execute(context)
                   ^^^^^^^^^^^^^^^^^^^^^^^^
  File "/home/airflow/.local/lib/python3.12/site-packages/airflow/models/baseoperator.py", line 400, in wrapper
    return func(self, *args, **kwargs)
           ^^^^^^^^^^^^^^^^^^^^^^^^^^^
  File "/home/airflow/.local/lib/python3.12/site-packages/airflow/operators/python.py", line 235, in execute
    return_value = self.execute_callable()
                   ^^^^^^^^^^^^^^^^^^^^^^^
  File "/home/airflow/.local/lib/python3.12/site-packages/airflow/operators/python.py", line 252, in execute_callable
    return self.python_callable(*self.op_args, **self.op_kwargs)
           ^^^^^^^^^^^^^^^^^^^^^^^^^^^^^^^^^^^^^^^^^^^^^^^^^^^^^
  File "/opt/airflow/dags/two_stocks.py", line 21, in extract_stock_data
    api_key = Variable.get("vantage_api_key")
              ^^^^^^^^^^^^^^^^^^^^^^^^^^^^^^^
  File "/home/airflow/.local/lib/python3.12/site-packages/airflow/models/variable.py", line 143, in get
    raise KeyError(f"Variable {key} does not exist")
KeyError: 'Variable vantage_api_key does not exist'
[2024-11-11T03:34:09.273+0000] {taskinstance.py:1206} INFO - Marking task as UP_FOR_RETRY. dag_id=two_stocks_DAG, task_id=extract_stock_data, run_id=manual__2024-11-11T03:34:04.871134+00:00, execution_date=20241111T033404, start_date=20241111T033408, end_date=20241111T033409
[2024-11-11T03:34:09.309+0000] {standard_task_runner.py:110} ERROR - Failed to execute job 51 for task extract_stock_data ('Variable vantage_api_key does not exist'; 324)
[2024-11-11T03:34:09.370+0000] {local_task_job_runner.py:240} INFO - Task exited with return code 1
[2024-11-11T03:34:09.432+0000] {taskinstance.py:3498} INFO - 0 downstream tasks scheduled from follow-on schedule check
[2024-11-11T03:34:09.449+0000] {local_task_job_runner.py:222} INFO - ::endgroup::
