[2024-11-12T02:08:13.860+0000] {local_task_job_runner.py:120} INFO - ::group::Pre task execution logs
[2024-11-12T02:08:13.894+0000] {taskinstance.py:2076} INFO - Dependencies all met for dep_context=non-requeueable deps ti=<TaskInstance: BuildELT_dbt.dbt_run_rsi manual__2024-11-12T02:08:01.664985+00:00 [queued]>
[2024-11-12T02:08:13.905+0000] {taskinstance.py:2076} INFO - Dependencies all met for dep_context=requeueable deps ti=<TaskInstance: BuildELT_dbt.dbt_run_rsi manual__2024-11-12T02:08:01.664985+00:00 [queued]>
[2024-11-12T02:08:13.905+0000] {taskinstance.py:2306} INFO - Starting attempt 1 of 1
[2024-11-12T02:08:13.921+0000] {taskinstance.py:2330} INFO - Executing <Task(BashOperator): dbt_run_rsi> on 2024-11-12 02:08:01.664985+00:00
[2024-11-12T02:08:13.928+0000] {standard_task_runner.py:90} INFO - Running: ['***', 'tasks', 'run', 'BuildELT_dbt', 'dbt_run_rsi', 'manual__2024-11-12T02:08:01.664985+00:00', '--job-id', '272', '--raw', '--subdir', 'DAGS_FOLDER/build_elt_with_dbt.py', '--cfg-path', '/tmp/tmp7y45j5as']
[2024-11-12T02:08:13.932+0000] {standard_task_runner.py:91} INFO - Job 272: Subtask dbt_run_rsi
[2024-11-12T02:08:13.934+0000] {logging_mixin.py:188} WARNING - /home/***/.local/lib/python3.12/site-packages/***/task/task_runner/standard_task_runner.py:61 DeprecationWarning: This process (pid=3939) is multi-threaded, use of fork() may lead to deadlocks in the child.
[2024-11-12T02:08:13.935+0000] {standard_task_runner.py:63} INFO - Started process 3940 to run task
[2024-11-12T02:08:13.986+0000] {task_command.py:426} INFO - Running <TaskInstance: BuildELT_dbt.dbt_run_rsi manual__2024-11-12T02:08:01.664985+00:00 [running]> on host a23c71b4588d
[2024-11-12T02:08:14.184+0000] {taskinstance.py:2648} INFO - Exporting env vars: AIRFLOW_CTX_DAG_OWNER='***' AIRFLOW_CTX_DAG_ID='BuildELT_dbt' AIRFLOW_CTX_TASK_ID='dbt_run_rsi' AIRFLOW_CTX_EXECUTION_DATE='2024-11-12T02:08:01.664985+00:00' AIRFLOW_CTX_TRY_NUMBER='1' AIRFLOW_CTX_DAG_RUN_ID='manual__2024-11-12T02:08:01.664985+00:00'
[2024-11-12T02:08:14.185+0000] {taskinstance.py:430} INFO - ::endgroup::
[2024-11-12T02:08:14.235+0000] {subprocess.py:63} INFO - Tmp dir root location: /tmp
[2024-11-12T02:08:14.241+0000] {subprocess.py:75} INFO - Running command: ['/usr/bin/bash', '-c', '/home/***/.local/bin/dbt run --models rsi --profiles-dir /opt/***/dbt --project-dir /opt/***/dbt']
[2024-11-12T02:08:14.254+0000] {subprocess.py:86} INFO - Output:
[2024-11-12T02:08:16.419+0000] {subprocess.py:93} INFO - [0m02:08:16  Running with dbt=1.8.8
[2024-11-12T02:08:17.481+0000] {subprocess.py:93} INFO - [0m02:08:17  Registered adapter: snowflake=1.8.4
[2024-11-12T02:08:17.810+0000] {subprocess.py:93} INFO - [0m02:08:17  [[33mWARNING[0m]: Configuration paths exist in your dbt_project.yml file which do not apply to any resources.
[2024-11-12T02:08:17.811+0000] {subprocess.py:93} INFO - There are 2 unused configuration paths:
[2024-11-12T02:08:17.811+0000] {subprocess.py:93} INFO - - models.lab2_project.output
[2024-11-12T02:08:17.811+0000] {subprocess.py:93} INFO - - models.lab2_project.input
[2024-11-12T02:08:18.030+0000] {subprocess.py:93} INFO - [0m02:08:18  Found 1 snapshot, 2 models, 10 data tests, 2 sources, 454 macros
[2024-11-12T02:08:18.033+0000] {subprocess.py:93} INFO - [0m02:08:18
[2024-11-12T02:08:20.232+0000] {subprocess.py:93} INFO - [0m02:08:20  Concurrency: 1 threads (target='dev')
[2024-11-12T02:08:20.233+0000] {subprocess.py:93} INFO - [0m02:08:20
[2024-11-12T02:08:20.244+0000] {subprocess.py:93} INFO - [0m02:08:20  1 of 1 START sql view model RAW_DATA.rsi ....................................... [RUN]
[2024-11-12T02:08:21.144+0000] {subprocess.py:93} INFO - [0m02:08:21  1 of 1 OK created sql view model RAW_DATA.rsi .................................. [[32mSUCCESS 1[0m in 0.89s]
[2024-11-12T02:08:21.151+0000] {subprocess.py:93} INFO - [0m02:08:21
[2024-11-12T02:08:21.153+0000] {subprocess.py:93} INFO - [0m02:08:21  Finished running 1 view model in 0 hours 0 minutes and 3.12 seconds (3.12s).
[2024-11-12T02:08:21.221+0000] {subprocess.py:93} INFO - [0m02:08:21
[2024-11-12T02:08:21.223+0000] {subprocess.py:93} INFO - [0m02:08:21  [32mCompleted successfully[0m
[2024-11-12T02:08:21.224+0000] {subprocess.py:93} INFO - [0m02:08:21
[2024-11-12T02:08:21.225+0000] {subprocess.py:93} INFO - [0m02:08:21  Done. PASS=1 WARN=0 ERROR=0 SKIP=0 TOTAL=1
[2024-11-12T02:08:22.176+0000] {subprocess.py:97} INFO - Command exited with return code 0
[2024-11-12T02:08:22.177+0000] {taskinstance.py:441} INFO - ::group::Post task execution logs
[2024-11-12T02:08:22.205+0000] {taskinstance.py:1206} INFO - Marking task as SUCCESS. dag_id=BuildELT_dbt, task_id=dbt_run_rsi, run_id=manual__2024-11-12T02:08:01.664985+00:00, execution_date=20241112T020801, start_date=20241112T020813, end_date=20241112T020822
[2024-11-12T02:08:22.259+0000] {local_task_job_runner.py:240} INFO - Task exited with return code 0
[2024-11-12T02:08:22.284+0000] {taskinstance.py:3498} INFO - 1 downstream tasks scheduled from follow-on schedule check
[2024-11-12T02:08:22.286+0000] {local_task_job_runner.py:222} INFO - ::endgroup::
