[2024-11-12T01:21:44.928+0000] {local_task_job_runner.py:120} INFO - ::group::Pre task execution logs
[2024-11-12T01:21:44.959+0000] {taskinstance.py:2076} INFO - Dependencies all met for dep_context=non-requeueable deps ti=<TaskInstance: BuildELT_dbt.dbt_snapshot manual__2024-11-12T01:21:14.536977+00:00 [queued]>
[2024-11-12T01:21:44.968+0000] {taskinstance.py:2076} INFO - Dependencies all met for dep_context=requeueable deps ti=<TaskInstance: BuildELT_dbt.dbt_snapshot manual__2024-11-12T01:21:14.536977+00:00 [queued]>
[2024-11-12T01:21:44.969+0000] {taskinstance.py:2306} INFO - Starting attempt 1 of 1
[2024-11-12T01:21:44.983+0000] {taskinstance.py:2330} INFO - Executing <Task(BashOperator): dbt_snapshot> on 2024-11-12 01:21:14.536977+00:00
[2024-11-12T01:21:44.989+0000] {standard_task_runner.py:90} INFO - Running: ['***', 'tasks', 'run', 'BuildELT_dbt', 'dbt_snapshot', 'manual__2024-11-12T01:21:14.536977+00:00', '--job-id', '270', '--raw', '--subdir', 'DAGS_FOLDER/build_elt_with_dbt.py', '--cfg-path', '/tmp/tmpfq365h14']
[2024-11-12T01:21:44.992+0000] {standard_task_runner.py:91} INFO - Job 270: Subtask dbt_snapshot
[2024-11-12T01:21:44.993+0000] {logging_mixin.py:188} WARNING - /home/***/.local/lib/python3.12/site-packages/***/task/task_runner/standard_task_runner.py:61 DeprecationWarning: This process (pid=2402) is multi-threaded, use of fork() may lead to deadlocks in the child.
[2024-11-12T01:21:44.994+0000] {standard_task_runner.py:63} INFO - Started process 2403 to run task
[2024-11-12T01:21:45.041+0000] {task_command.py:426} INFO - Running <TaskInstance: BuildELT_dbt.dbt_snapshot manual__2024-11-12T01:21:14.536977+00:00 [running]> on host a23c71b4588d
[2024-11-12T01:21:45.120+0000] {taskinstance.py:2648} INFO - Exporting env vars: AIRFLOW_CTX_DAG_OWNER='***' AIRFLOW_CTX_DAG_ID='BuildELT_dbt' AIRFLOW_CTX_TASK_ID='dbt_snapshot' AIRFLOW_CTX_EXECUTION_DATE='2024-11-12T01:21:14.536977+00:00' AIRFLOW_CTX_TRY_NUMBER='1' AIRFLOW_CTX_DAG_RUN_ID='manual__2024-11-12T01:21:14.536977+00:00'
[2024-11-12T01:21:45.121+0000] {taskinstance.py:430} INFO - ::endgroup::
[2024-11-12T01:21:45.135+0000] {subprocess.py:63} INFO - Tmp dir root location: /tmp
[2024-11-12T01:21:45.136+0000] {subprocess.py:75} INFO - Running command: ['/usr/bin/bash', '-c', '/home/***/.local/bin/dbt snapshot --profiles-dir /opt/***/dbt --project-dir /opt/***/dbt']
[2024-11-12T01:21:45.143+0000] {subprocess.py:86} INFO - Output:
[2024-11-12T01:21:47.696+0000] {subprocess.py:93} INFO - [0m01:21:47  Running with dbt=1.8.8
[2024-11-12T01:21:48.867+0000] {subprocess.py:93} INFO - [0m01:21:48  Registered adapter: snowflake=1.8.4
[2024-11-12T01:21:49.207+0000] {subprocess.py:93} INFO - [0m01:21:49  [[33mWARNING[0m]: Configuration paths exist in your dbt_project.yml file which do not apply to any resources.
[2024-11-12T01:21:49.208+0000] {subprocess.py:93} INFO - There are 2 unused configuration paths:
[2024-11-12T01:21:49.209+0000] {subprocess.py:93} INFO - - models.lab2_project.output
[2024-11-12T01:21:49.209+0000] {subprocess.py:93} INFO - - models.lab2_project.input
[2024-11-12T01:21:49.433+0000] {subprocess.py:93} INFO - [0m01:21:49  Found 1 snapshot, 2 models, 1 test, 2 sources, 454 macros
[2024-11-12T01:21:49.438+0000] {subprocess.py:93} INFO - [0m01:21:49
[2024-11-12T01:21:52.553+0000] {subprocess.py:93} INFO - [0m01:21:52  Concurrency: 1 threads (target='dev')
[2024-11-12T01:21:52.554+0000] {subprocess.py:93} INFO - [0m01:21:52
[2024-11-12T01:21:52.565+0000] {subprocess.py:93} INFO - [0m01:21:52  1 of 1 START snapshot snapshot.snapshot_stock_prices ........................... [RUN]
[2024-11-12T01:21:54.812+0000] {subprocess.py:93} INFO - [0m01:21:54  1 of 1 OK snapshotted snapshot.snapshot_stock_prices ........................... [[32mSUCCESS 1[0m in 2.24s]
[2024-11-12T01:21:54.834+0000] {subprocess.py:93} INFO - [0m01:21:54
[2024-11-12T01:21:54.836+0000] {subprocess.py:93} INFO - [0m01:21:54  Finished running 1 snapshot in 0 hours 0 minutes and 5.40 seconds (5.40s).
[2024-11-12T01:21:54.965+0000] {subprocess.py:93} INFO - [0m01:21:54
[2024-11-12T01:21:54.966+0000] {subprocess.py:93} INFO - [0m01:21:54  [32mCompleted successfully[0m
[2024-11-12T01:21:54.969+0000] {subprocess.py:93} INFO - [0m01:21:54
[2024-11-12T01:21:54.971+0000] {subprocess.py:93} INFO - [0m01:21:54  Done. PASS=1 WARN=0 ERROR=0 SKIP=0 TOTAL=1
[2024-11-12T01:21:55.811+0000] {subprocess.py:97} INFO - Command exited with return code 0
[2024-11-12T01:21:55.813+0000] {taskinstance.py:441} INFO - ::group::Post task execution logs
[2024-11-12T01:21:55.838+0000] {taskinstance.py:1206} INFO - Marking task as SUCCESS. dag_id=BuildELT_dbt, task_id=dbt_snapshot, run_id=manual__2024-11-12T01:21:14.536977+00:00, execution_date=20241112T012114, start_date=20241112T012144, end_date=20241112T012155
[2024-11-12T01:21:55.877+0000] {local_task_job_runner.py:240} INFO - Task exited with return code 0
[2024-11-12T01:21:55.892+0000] {taskinstance.py:3498} INFO - 0 downstream tasks scheduled from follow-on schedule check
[2024-11-12T01:21:55.894+0000] {local_task_job_runner.py:222} INFO - ::endgroup::
