[2024-11-12T00:06:46.642+0000] {processor.py:161} INFO - Started process (PID=163) to work on /home/airflow/.local/lib/python3.12/site-packages/airflow/example_dags/example_subdag_operator.py
[2024-11-12T00:06:46.643+0000] {processor.py:830} INFO - Processing file /home/airflow/.local/lib/python3.12/site-packages/airflow/example_dags/example_subdag_operator.py for tasks to queue
[2024-11-12T00:06:46.645+0000] {logging_mixin.py:188} INFO - [2024-11-12T00:06:46.644+0000] {dagbag.py:545} INFO - Filling up the DagBag from /home/airflow/.local/lib/python3.12/site-packages/airflow/example_dags/example_subdag_operator.py
[2024-11-12T00:06:46.668+0000] {processor.py:840} INFO - DAG(s) 'example_subdag_operator.section-1', 'example_subdag_operator.section-2', 'example_subdag_operator' retrieved from /home/airflow/.local/lib/python3.12/site-packages/airflow/example_dags/example_subdag_operator.py
[2024-11-12T00:06:46.769+0000] {logging_mixin.py:188} INFO - [2024-11-12T00:06:46.768+0000] {dag.py:3096} INFO - Sync 3 DAGs
[2024-11-12T00:06:46.789+0000] {logging_mixin.py:188} INFO - [2024-11-12T00:06:46.788+0000] {dag.py:3954} INFO - Setting next_dagrun for example_subdag_operator to 2022-01-01 00:00:00+00:00, run_after=2022-01-01 00:00:00+00:00
[2024-11-12T00:06:46.792+0000] {logging_mixin.py:188} INFO - [2024-11-12T00:06:46.792+0000] {dag.py:3954} INFO - Setting next_dagrun for example_subdag_operator.section-1 to None, run_after=None
[2024-11-12T00:06:46.793+0000] {logging_mixin.py:188} INFO - [2024-11-12T00:06:46.793+0000] {dag.py:3954} INFO - Setting next_dagrun for example_subdag_operator.section-2 to None, run_after=None
[2024-11-12T00:06:46.805+0000] {logging_mixin.py:188} INFO - [2024-11-12T00:06:46.804+0000] {dag.py:3096} INFO - Sync 2 DAGs
[2024-11-12T00:06:46.810+0000] {logging_mixin.py:188} INFO - [2024-11-12T00:06:46.809+0000] {dag.py:3954} INFO - Setting next_dagrun for example_subdag_operator.section-1 to None, run_after=None
[2024-11-12T00:06:46.810+0000] {logging_mixin.py:188} INFO - [2024-11-12T00:06:46.810+0000] {dag.py:3954} INFO - Setting next_dagrun for example_subdag_operator.section-2 to None, run_after=None
[2024-11-12T00:06:46.820+0000] {processor.py:183} INFO - Processing /home/airflow/.local/lib/python3.12/site-packages/airflow/example_dags/example_subdag_operator.py took 0.185 seconds
[2024-11-12T00:07:18.080+0000] {processor.py:161} INFO - Started process (PID=222) to work on /home/airflow/.local/lib/python3.12/site-packages/airflow/example_dags/example_subdag_operator.py
[2024-11-12T00:07:18.085+0000] {processor.py:830} INFO - Processing file /home/airflow/.local/lib/python3.12/site-packages/airflow/example_dags/example_subdag_operator.py for tasks to queue
[2024-11-12T00:07:18.087+0000] {logging_mixin.py:188} INFO - [2024-11-12T00:07:18.087+0000] {dagbag.py:545} INFO - Filling up the DagBag from /home/airflow/.local/lib/python3.12/site-packages/airflow/example_dags/example_subdag_operator.py
[2024-11-12T00:07:18.111+0000] {processor.py:840} INFO - DAG(s) 'example_subdag_operator.section-1', 'example_subdag_operator.section-2', 'example_subdag_operator' retrieved from /home/airflow/.local/lib/python3.12/site-packages/airflow/example_dags/example_subdag_operator.py
[2024-11-12T00:07:18.128+0000] {logging_mixin.py:188} INFO - [2024-11-12T00:07:18.128+0000] {dag.py:3096} INFO - Sync 3 DAGs
[2024-11-12T00:07:18.149+0000] {logging_mixin.py:188} INFO - [2024-11-12T00:07:18.149+0000] {dag.py:3954} INFO - Setting next_dagrun for example_subdag_operator to 2022-01-01 00:00:00+00:00, run_after=2022-01-01 00:00:00+00:00
[2024-11-12T00:07:18.153+0000] {logging_mixin.py:188} INFO - [2024-11-12T00:07:18.153+0000] {dag.py:3954} INFO - Setting next_dagrun for example_subdag_operator.section-1 to None, run_after=None
[2024-11-12T00:07:18.154+0000] {logging_mixin.py:188} INFO - [2024-11-12T00:07:18.154+0000] {dag.py:3954} INFO - Setting next_dagrun for example_subdag_operator.section-2 to None, run_after=None
[2024-11-12T00:07:18.161+0000] {logging_mixin.py:188} INFO - [2024-11-12T00:07:18.161+0000] {dag.py:3096} INFO - Sync 2 DAGs
[2024-11-12T00:07:18.167+0000] {logging_mixin.py:188} INFO - [2024-11-12T00:07:18.166+0000] {dag.py:3954} INFO - Setting next_dagrun for example_subdag_operator.section-1 to None, run_after=None
[2024-11-12T00:07:18.167+0000] {logging_mixin.py:188} INFO - [2024-11-12T00:07:18.167+0000] {dag.py:3954} INFO - Setting next_dagrun for example_subdag_operator.section-2 to None, run_after=None
[2024-11-12T00:07:18.191+0000] {processor.py:183} INFO - Processing /home/airflow/.local/lib/python3.12/site-packages/airflow/example_dags/example_subdag_operator.py took 0.118 seconds
[2024-11-12T00:07:48.343+0000] {processor.py:161} INFO - Started process (PID=281) to work on /home/airflow/.local/lib/python3.12/site-packages/airflow/example_dags/example_subdag_operator.py
[2024-11-12T00:07:48.344+0000] {processor.py:830} INFO - Processing file /home/airflow/.local/lib/python3.12/site-packages/airflow/example_dags/example_subdag_operator.py for tasks to queue
[2024-11-12T00:07:48.346+0000] {logging_mixin.py:188} INFO - [2024-11-12T00:07:48.346+0000] {dagbag.py:545} INFO - Filling up the DagBag from /home/airflow/.local/lib/python3.12/site-packages/airflow/example_dags/example_subdag_operator.py
[2024-11-12T00:07:48.370+0000] {processor.py:840} INFO - DAG(s) 'example_subdag_operator.section-1', 'example_subdag_operator.section-2', 'example_subdag_operator' retrieved from /home/airflow/.local/lib/python3.12/site-packages/airflow/example_dags/example_subdag_operator.py
[2024-11-12T00:07:48.390+0000] {logging_mixin.py:188} INFO - [2024-11-12T00:07:48.390+0000] {dag.py:3096} INFO - Sync 3 DAGs
[2024-11-12T00:07:48.411+0000] {logging_mixin.py:188} INFO - [2024-11-12T00:07:48.411+0000] {dag.py:3954} INFO - Setting next_dagrun for example_subdag_operator to 2022-01-01 00:00:00+00:00, run_after=2022-01-01 00:00:00+00:00
[2024-11-12T00:07:48.415+0000] {logging_mixin.py:188} INFO - [2024-11-12T00:07:48.415+0000] {dag.py:3954} INFO - Setting next_dagrun for example_subdag_operator.section-1 to None, run_after=None
[2024-11-12T00:07:48.417+0000] {logging_mixin.py:188} INFO - [2024-11-12T00:07:48.417+0000] {dag.py:3954} INFO - Setting next_dagrun for example_subdag_operator.section-2 to None, run_after=None
[2024-11-12T00:07:48.424+0000] {logging_mixin.py:188} INFO - [2024-11-12T00:07:48.424+0000] {dag.py:3096} INFO - Sync 2 DAGs
[2024-11-12T00:07:48.429+0000] {logging_mixin.py:188} INFO - [2024-11-12T00:07:48.428+0000] {dag.py:3954} INFO - Setting next_dagrun for example_subdag_operator.section-1 to None, run_after=None
[2024-11-12T00:07:48.429+0000] {logging_mixin.py:188} INFO - [2024-11-12T00:07:48.429+0000] {dag.py:3954} INFO - Setting next_dagrun for example_subdag_operator.section-2 to None, run_after=None
[2024-11-12T00:07:48.441+0000] {processor.py:183} INFO - Processing /home/airflow/.local/lib/python3.12/site-packages/airflow/example_dags/example_subdag_operator.py took 0.103 seconds
[2024-11-12T00:08:18.850+0000] {processor.py:161} INFO - Started process (PID=340) to work on /home/airflow/.local/lib/python3.12/site-packages/airflow/example_dags/example_subdag_operator.py
[2024-11-12T00:08:18.852+0000] {processor.py:830} INFO - Processing file /home/airflow/.local/lib/python3.12/site-packages/airflow/example_dags/example_subdag_operator.py for tasks to queue
[2024-11-12T00:08:18.854+0000] {logging_mixin.py:188} INFO - [2024-11-12T00:08:18.853+0000] {dagbag.py:545} INFO - Filling up the DagBag from /home/airflow/.local/lib/python3.12/site-packages/airflow/example_dags/example_subdag_operator.py
[2024-11-12T00:08:18.876+0000] {processor.py:840} INFO - DAG(s) 'example_subdag_operator.section-1', 'example_subdag_operator.section-2', 'example_subdag_operator' retrieved from /home/airflow/.local/lib/python3.12/site-packages/airflow/example_dags/example_subdag_operator.py
[2024-11-12T00:08:18.891+0000] {logging_mixin.py:188} INFO - [2024-11-12T00:08:18.891+0000] {dag.py:3096} INFO - Sync 3 DAGs
[2024-11-12T00:08:18.911+0000] {logging_mixin.py:188} INFO - [2024-11-12T00:08:18.911+0000] {dag.py:3954} INFO - Setting next_dagrun for example_subdag_operator to 2022-01-01 00:00:00+00:00, run_after=2022-01-01 00:00:00+00:00
[2024-11-12T00:08:18.915+0000] {logging_mixin.py:188} INFO - [2024-11-12T00:08:18.915+0000] {dag.py:3954} INFO - Setting next_dagrun for example_subdag_operator.section-1 to None, run_after=None
[2024-11-12T00:08:18.917+0000] {logging_mixin.py:188} INFO - [2024-11-12T00:08:18.917+0000] {dag.py:3954} INFO - Setting next_dagrun for example_subdag_operator.section-2 to None, run_after=None
[2024-11-12T00:08:18.924+0000] {logging_mixin.py:188} INFO - [2024-11-12T00:08:18.924+0000] {dag.py:3096} INFO - Sync 2 DAGs
[2024-11-12T00:08:18.931+0000] {logging_mixin.py:188} INFO - [2024-11-12T00:08:18.930+0000] {dag.py:3954} INFO - Setting next_dagrun for example_subdag_operator.section-1 to None, run_after=None
[2024-11-12T00:08:18.931+0000] {logging_mixin.py:188} INFO - [2024-11-12T00:08:18.931+0000] {dag.py:3954} INFO - Setting next_dagrun for example_subdag_operator.section-2 to None, run_after=None
[2024-11-12T00:08:18.944+0000] {processor.py:183} INFO - Processing /home/airflow/.local/lib/python3.12/site-packages/airflow/example_dags/example_subdag_operator.py took 0.099 seconds
[2024-11-12T00:08:48.995+0000] {processor.py:161} INFO - Started process (PID=399) to work on /home/airflow/.local/lib/python3.12/site-packages/airflow/example_dags/example_subdag_operator.py
[2024-11-12T00:08:48.996+0000] {processor.py:830} INFO - Processing file /home/airflow/.local/lib/python3.12/site-packages/airflow/example_dags/example_subdag_operator.py for tasks to queue
[2024-11-12T00:08:48.999+0000] {logging_mixin.py:188} INFO - [2024-11-12T00:08:48.998+0000] {dagbag.py:545} INFO - Filling up the DagBag from /home/airflow/.local/lib/python3.12/site-packages/airflow/example_dags/example_subdag_operator.py
[2024-11-12T00:08:49.022+0000] {processor.py:840} INFO - DAG(s) 'example_subdag_operator.section-1', 'example_subdag_operator.section-2', 'example_subdag_operator' retrieved from /home/airflow/.local/lib/python3.12/site-packages/airflow/example_dags/example_subdag_operator.py
[2024-11-12T00:08:49.040+0000] {logging_mixin.py:188} INFO - [2024-11-12T00:08:49.040+0000] {dag.py:3096} INFO - Sync 3 DAGs
[2024-11-12T00:08:49.063+0000] {logging_mixin.py:188} INFO - [2024-11-12T00:08:49.063+0000] {dag.py:3954} INFO - Setting next_dagrun for example_subdag_operator to 2022-01-01 00:00:00+00:00, run_after=2022-01-01 00:00:00+00:00
[2024-11-12T00:08:49.068+0000] {logging_mixin.py:188} INFO - [2024-11-12T00:08:49.068+0000] {dag.py:3954} INFO - Setting next_dagrun for example_subdag_operator.section-1 to None, run_after=None
[2024-11-12T00:08:49.069+0000] {logging_mixin.py:188} INFO - [2024-11-12T00:08:49.069+0000] {dag.py:3954} INFO - Setting next_dagrun for example_subdag_operator.section-2 to None, run_after=None
[2024-11-12T00:08:49.077+0000] {logging_mixin.py:188} INFO - [2024-11-12T00:08:49.077+0000] {dag.py:3096} INFO - Sync 2 DAGs
[2024-11-12T00:08:49.083+0000] {logging_mixin.py:188} INFO - [2024-11-12T00:08:49.082+0000] {dag.py:3954} INFO - Setting next_dagrun for example_subdag_operator.section-1 to None, run_after=None
[2024-11-12T00:08:49.083+0000] {logging_mixin.py:188} INFO - [2024-11-12T00:08:49.083+0000] {dag.py:3954} INFO - Setting next_dagrun for example_subdag_operator.section-2 to None, run_after=None
[2024-11-12T00:08:49.097+0000] {processor.py:183} INFO - Processing /home/airflow/.local/lib/python3.12/site-packages/airflow/example_dags/example_subdag_operator.py took 0.108 seconds
[2024-11-12T00:09:19.376+0000] {processor.py:161} INFO - Started process (PID=458) to work on /home/airflow/.local/lib/python3.12/site-packages/airflow/example_dags/example_subdag_operator.py
[2024-11-12T00:09:19.378+0000] {processor.py:830} INFO - Processing file /home/airflow/.local/lib/python3.12/site-packages/airflow/example_dags/example_subdag_operator.py for tasks to queue
[2024-11-12T00:09:19.380+0000] {logging_mixin.py:188} INFO - [2024-11-12T00:09:19.379+0000] {dagbag.py:545} INFO - Filling up the DagBag from /home/airflow/.local/lib/python3.12/site-packages/airflow/example_dags/example_subdag_operator.py
[2024-11-12T00:09:19.403+0000] {processor.py:840} INFO - DAG(s) 'example_subdag_operator.section-1', 'example_subdag_operator.section-2', 'example_subdag_operator' retrieved from /home/airflow/.local/lib/python3.12/site-packages/airflow/example_dags/example_subdag_operator.py
[2024-11-12T00:09:19.418+0000] {logging_mixin.py:188} INFO - [2024-11-12T00:09:19.418+0000] {dag.py:3096} INFO - Sync 3 DAGs
[2024-11-12T00:09:19.438+0000] {logging_mixin.py:188} INFO - [2024-11-12T00:09:19.438+0000] {dag.py:3954} INFO - Setting next_dagrun for example_subdag_operator to 2022-01-01 00:00:00+00:00, run_after=2022-01-01 00:00:00+00:00
[2024-11-12T00:09:19.442+0000] {logging_mixin.py:188} INFO - [2024-11-12T00:09:19.442+0000] {dag.py:3954} INFO - Setting next_dagrun for example_subdag_operator.section-1 to None, run_after=None
[2024-11-12T00:09:19.444+0000] {logging_mixin.py:188} INFO - [2024-11-12T00:09:19.444+0000] {dag.py:3954} INFO - Setting next_dagrun for example_subdag_operator.section-2 to None, run_after=None
[2024-11-12T00:09:19.450+0000] {logging_mixin.py:188} INFO - [2024-11-12T00:09:19.450+0000] {dag.py:3096} INFO - Sync 2 DAGs
[2024-11-12T00:09:19.455+0000] {logging_mixin.py:188} INFO - [2024-11-12T00:09:19.455+0000] {dag.py:3954} INFO - Setting next_dagrun for example_subdag_operator.section-1 to None, run_after=None
[2024-11-12T00:09:19.456+0000] {logging_mixin.py:188} INFO - [2024-11-12T00:09:19.456+0000] {dag.py:3954} INFO - Setting next_dagrun for example_subdag_operator.section-2 to None, run_after=None
[2024-11-12T00:09:19.467+0000] {processor.py:183} INFO - Processing /home/airflow/.local/lib/python3.12/site-packages/airflow/example_dags/example_subdag_operator.py took 0.096 seconds
[2024-11-12T00:09:49.554+0000] {processor.py:161} INFO - Started process (PID=517) to work on /home/airflow/.local/lib/python3.12/site-packages/airflow/example_dags/example_subdag_operator.py
[2024-11-12T00:09:49.555+0000] {processor.py:830} INFO - Processing file /home/airflow/.local/lib/python3.12/site-packages/airflow/example_dags/example_subdag_operator.py for tasks to queue
[2024-11-12T00:09:49.558+0000] {logging_mixin.py:188} INFO - [2024-11-12T00:09:49.557+0000] {dagbag.py:545} INFO - Filling up the DagBag from /home/airflow/.local/lib/python3.12/site-packages/airflow/example_dags/example_subdag_operator.py
[2024-11-12T00:09:49.585+0000] {processor.py:840} INFO - DAG(s) 'example_subdag_operator.section-1', 'example_subdag_operator.section-2', 'example_subdag_operator' retrieved from /home/airflow/.local/lib/python3.12/site-packages/airflow/example_dags/example_subdag_operator.py
[2024-11-12T00:09:49.603+0000] {logging_mixin.py:188} INFO - [2024-11-12T00:09:49.603+0000] {dag.py:3096} INFO - Sync 3 DAGs
[2024-11-12T00:09:49.625+0000] {logging_mixin.py:188} INFO - [2024-11-12T00:09:49.624+0000] {dag.py:3954} INFO - Setting next_dagrun for example_subdag_operator to 2022-01-01 00:00:00+00:00, run_after=2022-01-01 00:00:00+00:00
[2024-11-12T00:09:49.629+0000] {logging_mixin.py:188} INFO - [2024-11-12T00:09:49.629+0000] {dag.py:3954} INFO - Setting next_dagrun for example_subdag_operator.section-1 to None, run_after=None
[2024-11-12T00:09:49.631+0000] {logging_mixin.py:188} INFO - [2024-11-12T00:09:49.631+0000] {dag.py:3954} INFO - Setting next_dagrun for example_subdag_operator.section-2 to None, run_after=None
[2024-11-12T00:09:49.638+0000] {logging_mixin.py:188} INFO - [2024-11-12T00:09:49.637+0000] {dag.py:3096} INFO - Sync 2 DAGs
[2024-11-12T00:09:49.643+0000] {logging_mixin.py:188} INFO - [2024-11-12T00:09:49.643+0000] {dag.py:3954} INFO - Setting next_dagrun for example_subdag_operator.section-1 to None, run_after=None
[2024-11-12T00:09:49.644+0000] {logging_mixin.py:188} INFO - [2024-11-12T00:09:49.644+0000] {dag.py:3954} INFO - Setting next_dagrun for example_subdag_operator.section-2 to None, run_after=None
[2024-11-12T00:09:49.655+0000] {processor.py:183} INFO - Processing /home/airflow/.local/lib/python3.12/site-packages/airflow/example_dags/example_subdag_operator.py took 0.109 seconds
[2024-11-12T00:10:21.780+0000] {processor.py:161} INFO - Started process (PID=581) to work on /home/airflow/.local/lib/python3.12/site-packages/airflow/example_dags/example_subdag_operator.py
[2024-11-12T00:10:21.781+0000] {processor.py:830} INFO - Processing file /home/airflow/.local/lib/python3.12/site-packages/airflow/example_dags/example_subdag_operator.py for tasks to queue
[2024-11-12T00:10:21.783+0000] {logging_mixin.py:188} INFO - [2024-11-12T00:10:21.783+0000] {dagbag.py:545} INFO - Filling up the DagBag from /home/airflow/.local/lib/python3.12/site-packages/airflow/example_dags/example_subdag_operator.py
[2024-11-12T00:10:21.811+0000] {processor.py:840} INFO - DAG(s) 'example_subdag_operator.section-1', 'example_subdag_operator.section-2', 'example_subdag_operator' retrieved from /home/airflow/.local/lib/python3.12/site-packages/airflow/example_dags/example_subdag_operator.py
[2024-11-12T00:10:21.924+0000] {logging_mixin.py:188} INFO - [2024-11-12T00:10:21.924+0000] {dag.py:3096} INFO - Sync 3 DAGs
[2024-11-12T00:10:21.947+0000] {logging_mixin.py:188} INFO - [2024-11-12T00:10:21.947+0000] {dag.py:3954} INFO - Setting next_dagrun for example_subdag_operator to 2022-01-01 00:00:00+00:00, run_after=2022-01-01 00:00:00+00:00
[2024-11-12T00:10:21.951+0000] {logging_mixin.py:188} INFO - [2024-11-12T00:10:21.950+0000] {dag.py:3954} INFO - Setting next_dagrun for example_subdag_operator.section-1 to None, run_after=None
[2024-11-12T00:10:21.952+0000] {logging_mixin.py:188} INFO - [2024-11-12T00:10:21.952+0000] {dag.py:3954} INFO - Setting next_dagrun for example_subdag_operator.section-2 to None, run_after=None
[2024-11-12T00:10:21.962+0000] {logging_mixin.py:188} INFO - [2024-11-12T00:10:21.962+0000] {dag.py:3096} INFO - Sync 2 DAGs
[2024-11-12T00:10:21.969+0000] {logging_mixin.py:188} INFO - [2024-11-12T00:10:21.968+0000] {dag.py:3954} INFO - Setting next_dagrun for example_subdag_operator.section-1 to None, run_after=None
[2024-11-12T00:10:21.970+0000] {logging_mixin.py:188} INFO - [2024-11-12T00:10:21.969+0000] {dag.py:3954} INFO - Setting next_dagrun for example_subdag_operator.section-2 to None, run_after=None
[2024-11-12T00:10:21.983+0000] {processor.py:183} INFO - Processing /home/airflow/.local/lib/python3.12/site-packages/airflow/example_dags/example_subdag_operator.py took 0.210 seconds
[2024-11-12T00:10:52.867+0000] {processor.py:161} INFO - Started process (PID=641) to work on /home/airflow/.local/lib/python3.12/site-packages/airflow/example_dags/example_subdag_operator.py
[2024-11-12T00:10:52.869+0000] {processor.py:830} INFO - Processing file /home/airflow/.local/lib/python3.12/site-packages/airflow/example_dags/example_subdag_operator.py for tasks to queue
[2024-11-12T00:10:52.871+0000] {logging_mixin.py:188} INFO - [2024-11-12T00:10:52.870+0000] {dagbag.py:545} INFO - Filling up the DagBag from /home/airflow/.local/lib/python3.12/site-packages/airflow/example_dags/example_subdag_operator.py
[2024-11-12T00:10:52.895+0000] {processor.py:840} INFO - DAG(s) 'example_subdag_operator.section-1', 'example_subdag_operator.section-2', 'example_subdag_operator' retrieved from /home/airflow/.local/lib/python3.12/site-packages/airflow/example_dags/example_subdag_operator.py
[2024-11-12T00:10:52.914+0000] {logging_mixin.py:188} INFO - [2024-11-12T00:10:52.914+0000] {dag.py:3096} INFO - Sync 3 DAGs
[2024-11-12T00:10:52.935+0000] {logging_mixin.py:188} INFO - [2024-11-12T00:10:52.935+0000] {dag.py:3954} INFO - Setting next_dagrun for example_subdag_operator to 2022-01-01 00:00:00+00:00, run_after=2022-01-01 00:00:00+00:00
[2024-11-12T00:10:52.939+0000] {logging_mixin.py:188} INFO - [2024-11-12T00:10:52.939+0000] {dag.py:3954} INFO - Setting next_dagrun for example_subdag_operator.section-1 to None, run_after=None
[2024-11-12T00:10:52.940+0000] {logging_mixin.py:188} INFO - [2024-11-12T00:10:52.940+0000] {dag.py:3954} INFO - Setting next_dagrun for example_subdag_operator.section-2 to None, run_after=None
[2024-11-12T00:10:52.947+0000] {logging_mixin.py:188} INFO - [2024-11-12T00:10:52.947+0000] {dag.py:3096} INFO - Sync 2 DAGs
[2024-11-12T00:10:52.953+0000] {logging_mixin.py:188} INFO - [2024-11-12T00:10:52.953+0000] {dag.py:3954} INFO - Setting next_dagrun for example_subdag_operator.section-1 to None, run_after=None
[2024-11-12T00:10:52.954+0000] {logging_mixin.py:188} INFO - [2024-11-12T00:10:52.953+0000] {dag.py:3954} INFO - Setting next_dagrun for example_subdag_operator.section-2 to None, run_after=None
[2024-11-12T00:10:52.967+0000] {processor.py:183} INFO - Processing /home/airflow/.local/lib/python3.12/site-packages/airflow/example_dags/example_subdag_operator.py took 0.105 seconds
[2024-11-12T00:11:23.788+0000] {processor.py:161} INFO - Started process (PID=700) to work on /home/airflow/.local/lib/python3.12/site-packages/airflow/example_dags/example_subdag_operator.py
[2024-11-12T00:11:23.789+0000] {processor.py:830} INFO - Processing file /home/airflow/.local/lib/python3.12/site-packages/airflow/example_dags/example_subdag_operator.py for tasks to queue
[2024-11-12T00:11:23.791+0000] {logging_mixin.py:188} INFO - [2024-11-12T00:11:23.791+0000] {dagbag.py:545} INFO - Filling up the DagBag from /home/airflow/.local/lib/python3.12/site-packages/airflow/example_dags/example_subdag_operator.py
[2024-11-12T00:11:23.816+0000] {processor.py:840} INFO - DAG(s) 'example_subdag_operator.section-1', 'example_subdag_operator.section-2', 'example_subdag_operator' retrieved from /home/airflow/.local/lib/python3.12/site-packages/airflow/example_dags/example_subdag_operator.py
[2024-11-12T00:11:23.832+0000] {logging_mixin.py:188} INFO - [2024-11-12T00:11:23.832+0000] {dag.py:3096} INFO - Sync 3 DAGs
[2024-11-12T00:11:23.856+0000] {logging_mixin.py:188} INFO - [2024-11-12T00:11:23.856+0000] {dag.py:3954} INFO - Setting next_dagrun for example_subdag_operator to 2022-01-01 00:00:00+00:00, run_after=2022-01-01 00:00:00+00:00
[2024-11-12T00:11:23.861+0000] {logging_mixin.py:188} INFO - [2024-11-12T00:11:23.861+0000] {dag.py:3954} INFO - Setting next_dagrun for example_subdag_operator.section-1 to None, run_after=None
[2024-11-12T00:11:23.862+0000] {logging_mixin.py:188} INFO - [2024-11-12T00:11:23.862+0000] {dag.py:3954} INFO - Setting next_dagrun for example_subdag_operator.section-2 to None, run_after=None
[2024-11-12T00:11:23.870+0000] {logging_mixin.py:188} INFO - [2024-11-12T00:11:23.869+0000] {dag.py:3096} INFO - Sync 2 DAGs
[2024-11-12T00:11:23.876+0000] {logging_mixin.py:188} INFO - [2024-11-12T00:11:23.875+0000] {dag.py:3954} INFO - Setting next_dagrun for example_subdag_operator.section-1 to None, run_after=None
[2024-11-12T00:11:23.876+0000] {logging_mixin.py:188} INFO - [2024-11-12T00:11:23.876+0000] {dag.py:3954} INFO - Setting next_dagrun for example_subdag_operator.section-2 to None, run_after=None
[2024-11-12T00:11:23.889+0000] {processor.py:183} INFO - Processing /home/airflow/.local/lib/python3.12/site-packages/airflow/example_dags/example_subdag_operator.py took 0.107 seconds
[2024-11-12T00:11:55.106+0000] {processor.py:161} INFO - Started process (PID=759) to work on /home/airflow/.local/lib/python3.12/site-packages/airflow/example_dags/example_subdag_operator.py
[2024-11-12T00:11:55.110+0000] {processor.py:830} INFO - Processing file /home/airflow/.local/lib/python3.12/site-packages/airflow/example_dags/example_subdag_operator.py for tasks to queue
[2024-11-12T00:11:55.112+0000] {logging_mixin.py:188} INFO - [2024-11-12T00:11:55.112+0000] {dagbag.py:545} INFO - Filling up the DagBag from /home/airflow/.local/lib/python3.12/site-packages/airflow/example_dags/example_subdag_operator.py
[2024-11-12T00:11:55.135+0000] {processor.py:840} INFO - DAG(s) 'example_subdag_operator.section-1', 'example_subdag_operator.section-2', 'example_subdag_operator' retrieved from /home/airflow/.local/lib/python3.12/site-packages/airflow/example_dags/example_subdag_operator.py
[2024-11-12T00:11:55.229+0000] {logging_mixin.py:188} INFO - [2024-11-12T00:11:55.229+0000] {dag.py:3096} INFO - Sync 3 DAGs
[2024-11-12T00:11:55.248+0000] {logging_mixin.py:188} INFO - [2024-11-12T00:11:55.247+0000] {dag.py:3954} INFO - Setting next_dagrun for example_subdag_operator to 2022-01-01 00:00:00+00:00, run_after=2022-01-01 00:00:00+00:00
[2024-11-12T00:11:55.251+0000] {logging_mixin.py:188} INFO - [2024-11-12T00:11:55.251+0000] {dag.py:3954} INFO - Setting next_dagrun for example_subdag_operator.section-1 to None, run_after=None
[2024-11-12T00:11:55.253+0000] {logging_mixin.py:188} INFO - [2024-11-12T00:11:55.252+0000] {dag.py:3954} INFO - Setting next_dagrun for example_subdag_operator.section-2 to None, run_after=None
[2024-11-12T00:11:55.261+0000] {logging_mixin.py:188} INFO - [2024-11-12T00:11:55.261+0000] {dag.py:3096} INFO - Sync 2 DAGs
[2024-11-12T00:11:55.267+0000] {logging_mixin.py:188} INFO - [2024-11-12T00:11:55.267+0000] {dag.py:3954} INFO - Setting next_dagrun for example_subdag_operator.section-1 to None, run_after=None
[2024-11-12T00:11:55.267+0000] {logging_mixin.py:188} INFO - [2024-11-12T00:11:55.267+0000] {dag.py:3954} INFO - Setting next_dagrun for example_subdag_operator.section-2 to None, run_after=None
[2024-11-12T00:11:55.279+0000] {processor.py:183} INFO - Processing /home/airflow/.local/lib/python3.12/site-packages/airflow/example_dags/example_subdag_operator.py took 0.179 seconds
[2024-11-12T00:12:25.824+0000] {processor.py:161} INFO - Started process (PID=818) to work on /home/airflow/.local/lib/python3.12/site-packages/airflow/example_dags/example_subdag_operator.py
[2024-11-12T00:12:25.826+0000] {processor.py:830} INFO - Processing file /home/airflow/.local/lib/python3.12/site-packages/airflow/example_dags/example_subdag_operator.py for tasks to queue
[2024-11-12T00:12:25.828+0000] {logging_mixin.py:188} INFO - [2024-11-12T00:12:25.828+0000] {dagbag.py:545} INFO - Filling up the DagBag from /home/airflow/.local/lib/python3.12/site-packages/airflow/example_dags/example_subdag_operator.py
[2024-11-12T00:12:25.852+0000] {processor.py:840} INFO - DAG(s) 'example_subdag_operator.section-1', 'example_subdag_operator.section-2', 'example_subdag_operator' retrieved from /home/airflow/.local/lib/python3.12/site-packages/airflow/example_dags/example_subdag_operator.py
[2024-11-12T00:12:25.872+0000] {logging_mixin.py:188} INFO - [2024-11-12T00:12:25.872+0000] {dag.py:3096} INFO - Sync 3 DAGs
[2024-11-12T00:12:25.900+0000] {logging_mixin.py:188} INFO - [2024-11-12T00:12:25.900+0000] {dag.py:3954} INFO - Setting next_dagrun for example_subdag_operator to 2022-01-01 00:00:00+00:00, run_after=2022-01-01 00:00:00+00:00
[2024-11-12T00:12:25.905+0000] {logging_mixin.py:188} INFO - [2024-11-12T00:12:25.905+0000] {dag.py:3954} INFO - Setting next_dagrun for example_subdag_operator.section-1 to None, run_after=None
[2024-11-12T00:12:25.907+0000] {logging_mixin.py:188} INFO - [2024-11-12T00:12:25.906+0000] {dag.py:3954} INFO - Setting next_dagrun for example_subdag_operator.section-2 to None, run_after=None
[2024-11-12T00:12:25.916+0000] {logging_mixin.py:188} INFO - [2024-11-12T00:12:25.916+0000] {dag.py:3096} INFO - Sync 2 DAGs
[2024-11-12T00:12:25.923+0000] {logging_mixin.py:188} INFO - [2024-11-12T00:12:25.923+0000] {dag.py:3954} INFO - Setting next_dagrun for example_subdag_operator.section-1 to None, run_after=None
[2024-11-12T00:12:25.924+0000] {logging_mixin.py:188} INFO - [2024-11-12T00:12:25.924+0000] {dag.py:3954} INFO - Setting next_dagrun for example_subdag_operator.section-2 to None, run_after=None
[2024-11-12T00:12:25.939+0000] {processor.py:183} INFO - Processing /home/airflow/.local/lib/python3.12/site-packages/airflow/example_dags/example_subdag_operator.py took 0.121 seconds
[2024-11-12T00:12:56.265+0000] {processor.py:161} INFO - Started process (PID=877) to work on /home/airflow/.local/lib/python3.12/site-packages/airflow/example_dags/example_subdag_operator.py
[2024-11-12T00:12:56.266+0000] {processor.py:830} INFO - Processing file /home/airflow/.local/lib/python3.12/site-packages/airflow/example_dags/example_subdag_operator.py for tasks to queue
[2024-11-12T00:12:56.268+0000] {logging_mixin.py:188} INFO - [2024-11-12T00:12:56.268+0000] {dagbag.py:545} INFO - Filling up the DagBag from /home/airflow/.local/lib/python3.12/site-packages/airflow/example_dags/example_subdag_operator.py
[2024-11-12T00:12:56.292+0000] {processor.py:840} INFO - DAG(s) 'example_subdag_operator.section-1', 'example_subdag_operator.section-2', 'example_subdag_operator' retrieved from /home/airflow/.local/lib/python3.12/site-packages/airflow/example_dags/example_subdag_operator.py
[2024-11-12T00:12:56.309+0000] {logging_mixin.py:188} INFO - [2024-11-12T00:12:56.309+0000] {dag.py:3096} INFO - Sync 3 DAGs
[2024-11-12T00:12:56.329+0000] {logging_mixin.py:188} INFO - [2024-11-12T00:12:56.329+0000] {dag.py:3954} INFO - Setting next_dagrun for example_subdag_operator to 2022-01-01 00:00:00+00:00, run_after=2022-01-01 00:00:00+00:00
[2024-11-12T00:12:56.333+0000] {logging_mixin.py:188} INFO - [2024-11-12T00:12:56.333+0000] {dag.py:3954} INFO - Setting next_dagrun for example_subdag_operator.section-1 to None, run_after=None
[2024-11-12T00:12:56.335+0000] {logging_mixin.py:188} INFO - [2024-11-12T00:12:56.334+0000] {dag.py:3954} INFO - Setting next_dagrun for example_subdag_operator.section-2 to None, run_after=None
[2024-11-12T00:12:56.341+0000] {logging_mixin.py:188} INFO - [2024-11-12T00:12:56.341+0000] {dag.py:3096} INFO - Sync 2 DAGs
[2024-11-12T00:12:56.345+0000] {logging_mixin.py:188} INFO - [2024-11-12T00:12:56.345+0000] {dag.py:3954} INFO - Setting next_dagrun for example_subdag_operator.section-1 to None, run_after=None
[2024-11-12T00:12:56.346+0000] {logging_mixin.py:188} INFO - [2024-11-12T00:12:56.346+0000] {dag.py:3954} INFO - Setting next_dagrun for example_subdag_operator.section-2 to None, run_after=None
[2024-11-12T00:12:56.357+0000] {processor.py:183} INFO - Processing /home/airflow/.local/lib/python3.12/site-packages/airflow/example_dags/example_subdag_operator.py took 0.098 seconds
[2024-11-12T00:13:26.851+0000] {processor.py:161} INFO - Started process (PID=936) to work on /home/airflow/.local/lib/python3.12/site-packages/airflow/example_dags/example_subdag_operator.py
[2024-11-12T00:13:26.852+0000] {processor.py:830} INFO - Processing file /home/airflow/.local/lib/python3.12/site-packages/airflow/example_dags/example_subdag_operator.py for tasks to queue
[2024-11-12T00:13:26.854+0000] {logging_mixin.py:188} INFO - [2024-11-12T00:13:26.854+0000] {dagbag.py:545} INFO - Filling up the DagBag from /home/airflow/.local/lib/python3.12/site-packages/airflow/example_dags/example_subdag_operator.py
[2024-11-12T00:13:26.881+0000] {processor.py:840} INFO - DAG(s) 'example_subdag_operator.section-1', 'example_subdag_operator.section-2', 'example_subdag_operator' retrieved from /home/airflow/.local/lib/python3.12/site-packages/airflow/example_dags/example_subdag_operator.py
[2024-11-12T00:13:26.901+0000] {logging_mixin.py:188} INFO - [2024-11-12T00:13:26.901+0000] {dag.py:3096} INFO - Sync 3 DAGs
[2024-11-12T00:13:26.927+0000] {logging_mixin.py:188} INFO - [2024-11-12T00:13:26.927+0000] {dag.py:3954} INFO - Setting next_dagrun for example_subdag_operator to 2022-01-01 00:00:00+00:00, run_after=2022-01-01 00:00:00+00:00
[2024-11-12T00:13:26.931+0000] {logging_mixin.py:188} INFO - [2024-11-12T00:13:26.931+0000] {dag.py:3954} INFO - Setting next_dagrun for example_subdag_operator.section-1 to None, run_after=None
[2024-11-12T00:13:26.933+0000] {logging_mixin.py:188} INFO - [2024-11-12T00:13:26.933+0000] {dag.py:3954} INFO - Setting next_dagrun for example_subdag_operator.section-2 to None, run_after=None
[2024-11-12T00:13:26.941+0000] {logging_mixin.py:188} INFO - [2024-11-12T00:13:26.941+0000] {dag.py:3096} INFO - Sync 2 DAGs
[2024-11-12T00:13:26.946+0000] {logging_mixin.py:188} INFO - [2024-11-12T00:13:26.946+0000] {dag.py:3954} INFO - Setting next_dagrun for example_subdag_operator.section-1 to None, run_after=None
[2024-11-12T00:13:26.947+0000] {logging_mixin.py:188} INFO - [2024-11-12T00:13:26.947+0000] {dag.py:3954} INFO - Setting next_dagrun for example_subdag_operator.section-2 to None, run_after=None
[2024-11-12T00:13:26.958+0000] {processor.py:183} INFO - Processing /home/airflow/.local/lib/python3.12/site-packages/airflow/example_dags/example_subdag_operator.py took 0.114 seconds
[2024-11-12T00:13:57.042+0000] {processor.py:161} INFO - Started process (PID=995) to work on /home/airflow/.local/lib/python3.12/site-packages/airflow/example_dags/example_subdag_operator.py
[2024-11-12T00:13:57.043+0000] {processor.py:830} INFO - Processing file /home/airflow/.local/lib/python3.12/site-packages/airflow/example_dags/example_subdag_operator.py for tasks to queue
[2024-11-12T00:13:57.045+0000] {logging_mixin.py:188} INFO - [2024-11-12T00:13:57.045+0000] {dagbag.py:545} INFO - Filling up the DagBag from /home/airflow/.local/lib/python3.12/site-packages/airflow/example_dags/example_subdag_operator.py
[2024-11-12T00:13:57.068+0000] {processor.py:840} INFO - DAG(s) 'example_subdag_operator.section-1', 'example_subdag_operator.section-2', 'example_subdag_operator' retrieved from /home/airflow/.local/lib/python3.12/site-packages/airflow/example_dags/example_subdag_operator.py
[2024-11-12T00:13:57.084+0000] {logging_mixin.py:188} INFO - [2024-11-12T00:13:57.084+0000] {dag.py:3096} INFO - Sync 3 DAGs
[2024-11-12T00:13:57.106+0000] {logging_mixin.py:188} INFO - [2024-11-12T00:13:57.106+0000] {dag.py:3954} INFO - Setting next_dagrun for example_subdag_operator to 2022-01-01 00:00:00+00:00, run_after=2022-01-01 00:00:00+00:00
[2024-11-12T00:13:57.110+0000] {logging_mixin.py:188} INFO - [2024-11-12T00:13:57.110+0000] {dag.py:3954} INFO - Setting next_dagrun for example_subdag_operator.section-1 to None, run_after=None
[2024-11-12T00:13:57.112+0000] {logging_mixin.py:188} INFO - [2024-11-12T00:13:57.111+0000] {dag.py:3954} INFO - Setting next_dagrun for example_subdag_operator.section-2 to None, run_after=None
[2024-11-12T00:13:57.118+0000] {logging_mixin.py:188} INFO - [2024-11-12T00:13:57.118+0000] {dag.py:3096} INFO - Sync 2 DAGs
[2024-11-12T00:13:57.123+0000] {logging_mixin.py:188} INFO - [2024-11-12T00:13:57.123+0000] {dag.py:3954} INFO - Setting next_dagrun for example_subdag_operator.section-1 to None, run_after=None
[2024-11-12T00:13:57.124+0000] {logging_mixin.py:188} INFO - [2024-11-12T00:13:57.124+0000] {dag.py:3954} INFO - Setting next_dagrun for example_subdag_operator.section-2 to None, run_after=None
[2024-11-12T00:13:57.135+0000] {processor.py:183} INFO - Processing /home/airflow/.local/lib/python3.12/site-packages/airflow/example_dags/example_subdag_operator.py took 0.099 seconds
[2024-11-12T00:14:27.262+0000] {processor.py:161} INFO - Started process (PID=1054) to work on /home/airflow/.local/lib/python3.12/site-packages/airflow/example_dags/example_subdag_operator.py
[2024-11-12T00:14:27.263+0000] {processor.py:830} INFO - Processing file /home/airflow/.local/lib/python3.12/site-packages/airflow/example_dags/example_subdag_operator.py for tasks to queue
[2024-11-12T00:14:27.265+0000] {logging_mixin.py:188} INFO - [2024-11-12T00:14:27.265+0000] {dagbag.py:545} INFO - Filling up the DagBag from /home/airflow/.local/lib/python3.12/site-packages/airflow/example_dags/example_subdag_operator.py
[2024-11-12T00:14:27.288+0000] {processor.py:840} INFO - DAG(s) 'example_subdag_operator.section-1', 'example_subdag_operator.section-2', 'example_subdag_operator' retrieved from /home/airflow/.local/lib/python3.12/site-packages/airflow/example_dags/example_subdag_operator.py
[2024-11-12T00:14:27.304+0000] {logging_mixin.py:188} INFO - [2024-11-12T00:14:27.304+0000] {dag.py:3096} INFO - Sync 3 DAGs
[2024-11-12T00:14:27.327+0000] {logging_mixin.py:188} INFO - [2024-11-12T00:14:27.327+0000] {dag.py:3954} INFO - Setting next_dagrun for example_subdag_operator to 2022-01-01 00:00:00+00:00, run_after=2022-01-01 00:00:00+00:00
[2024-11-12T00:14:27.331+0000] {logging_mixin.py:188} INFO - [2024-11-12T00:14:27.331+0000] {dag.py:3954} INFO - Setting next_dagrun for example_subdag_operator.section-1 to None, run_after=None
[2024-11-12T00:14:27.332+0000] {logging_mixin.py:188} INFO - [2024-11-12T00:14:27.332+0000] {dag.py:3954} INFO - Setting next_dagrun for example_subdag_operator.section-2 to None, run_after=None
[2024-11-12T00:14:27.339+0000] {logging_mixin.py:188} INFO - [2024-11-12T00:14:27.339+0000] {dag.py:3096} INFO - Sync 2 DAGs
[2024-11-12T00:14:27.344+0000] {logging_mixin.py:188} INFO - [2024-11-12T00:14:27.344+0000] {dag.py:3954} INFO - Setting next_dagrun for example_subdag_operator.section-1 to None, run_after=None
[2024-11-12T00:14:27.345+0000] {logging_mixin.py:188} INFO - [2024-11-12T00:14:27.345+0000] {dag.py:3954} INFO - Setting next_dagrun for example_subdag_operator.section-2 to None, run_after=None
[2024-11-12T00:14:27.357+0000] {processor.py:183} INFO - Processing /home/airflow/.local/lib/python3.12/site-packages/airflow/example_dags/example_subdag_operator.py took 0.101 seconds
[2024-11-12T00:14:57.804+0000] {processor.py:161} INFO - Started process (PID=1113) to work on /home/airflow/.local/lib/python3.12/site-packages/airflow/example_dags/example_subdag_operator.py
[2024-11-12T00:14:57.805+0000] {processor.py:830} INFO - Processing file /home/airflow/.local/lib/python3.12/site-packages/airflow/example_dags/example_subdag_operator.py for tasks to queue
[2024-11-12T00:14:57.807+0000] {logging_mixin.py:188} INFO - [2024-11-12T00:14:57.807+0000] {dagbag.py:545} INFO - Filling up the DagBag from /home/airflow/.local/lib/python3.12/site-packages/airflow/example_dags/example_subdag_operator.py
[2024-11-12T00:14:57.831+0000] {processor.py:840} INFO - DAG(s) 'example_subdag_operator.section-1', 'example_subdag_operator.section-2', 'example_subdag_operator' retrieved from /home/airflow/.local/lib/python3.12/site-packages/airflow/example_dags/example_subdag_operator.py
[2024-11-12T00:14:57.848+0000] {logging_mixin.py:188} INFO - [2024-11-12T00:14:57.848+0000] {dag.py:3096} INFO - Sync 3 DAGs
[2024-11-12T00:14:57.874+0000] {logging_mixin.py:188} INFO - [2024-11-12T00:14:57.873+0000] {dag.py:3954} INFO - Setting next_dagrun for example_subdag_operator to 2022-01-01 00:00:00+00:00, run_after=2022-01-01 00:00:00+00:00
[2024-11-12T00:14:57.880+0000] {logging_mixin.py:188} INFO - [2024-11-12T00:14:57.880+0000] {dag.py:3954} INFO - Setting next_dagrun for example_subdag_operator.section-1 to None, run_after=None
[2024-11-12T00:14:57.882+0000] {logging_mixin.py:188} INFO - [2024-11-12T00:14:57.882+0000] {dag.py:3954} INFO - Setting next_dagrun for example_subdag_operator.section-2 to None, run_after=None
[2024-11-12T00:14:57.891+0000] {logging_mixin.py:188} INFO - [2024-11-12T00:14:57.891+0000] {dag.py:3096} INFO - Sync 2 DAGs
[2024-11-12T00:14:57.896+0000] {logging_mixin.py:188} INFO - [2024-11-12T00:14:57.896+0000] {dag.py:3954} INFO - Setting next_dagrun for example_subdag_operator.section-1 to None, run_after=None
[2024-11-12T00:14:57.897+0000] {logging_mixin.py:188} INFO - [2024-11-12T00:14:57.897+0000] {dag.py:3954} INFO - Setting next_dagrun for example_subdag_operator.section-2 to None, run_after=None
[2024-11-12T00:14:57.909+0000] {processor.py:183} INFO - Processing /home/airflow/.local/lib/python3.12/site-packages/airflow/example_dags/example_subdag_operator.py took 0.111 seconds
[2024-11-12T00:15:28.090+0000] {processor.py:161} INFO - Started process (PID=1172) to work on /home/airflow/.local/lib/python3.12/site-packages/airflow/example_dags/example_subdag_operator.py
[2024-11-12T00:15:28.091+0000] {processor.py:830} INFO - Processing file /home/airflow/.local/lib/python3.12/site-packages/airflow/example_dags/example_subdag_operator.py for tasks to queue
[2024-11-12T00:15:28.093+0000] {logging_mixin.py:188} INFO - [2024-11-12T00:15:28.093+0000] {dagbag.py:545} INFO - Filling up the DagBag from /home/airflow/.local/lib/python3.12/site-packages/airflow/example_dags/example_subdag_operator.py
[2024-11-12T00:15:28.117+0000] {processor.py:840} INFO - DAG(s) 'example_subdag_operator.section-1', 'example_subdag_operator.section-2', 'example_subdag_operator' retrieved from /home/airflow/.local/lib/python3.12/site-packages/airflow/example_dags/example_subdag_operator.py
[2024-11-12T00:15:28.132+0000] {logging_mixin.py:188} INFO - [2024-11-12T00:15:28.132+0000] {dag.py:3096} INFO - Sync 3 DAGs
[2024-11-12T00:15:28.153+0000] {logging_mixin.py:188} INFO - [2024-11-12T00:15:28.153+0000] {dag.py:3954} INFO - Setting next_dagrun for example_subdag_operator to 2022-01-01 00:00:00+00:00, run_after=2022-01-01 00:00:00+00:00
[2024-11-12T00:15:28.157+0000] {logging_mixin.py:188} INFO - [2024-11-12T00:15:28.157+0000] {dag.py:3954} INFO - Setting next_dagrun for example_subdag_operator.section-1 to None, run_after=None
[2024-11-12T00:15:28.159+0000] {logging_mixin.py:188} INFO - [2024-11-12T00:15:28.159+0000] {dag.py:3954} INFO - Setting next_dagrun for example_subdag_operator.section-2 to None, run_after=None
[2024-11-12T00:15:28.166+0000] {logging_mixin.py:188} INFO - [2024-11-12T00:15:28.166+0000] {dag.py:3096} INFO - Sync 2 DAGs
[2024-11-12T00:15:28.172+0000] {logging_mixin.py:188} INFO - [2024-11-12T00:15:28.172+0000] {dag.py:3954} INFO - Setting next_dagrun for example_subdag_operator.section-1 to None, run_after=None
[2024-11-12T00:15:28.173+0000] {logging_mixin.py:188} INFO - [2024-11-12T00:15:28.173+0000] {dag.py:3954} INFO - Setting next_dagrun for example_subdag_operator.section-2 to None, run_after=None
[2024-11-12T00:15:28.185+0000] {processor.py:183} INFO - Processing /home/airflow/.local/lib/python3.12/site-packages/airflow/example_dags/example_subdag_operator.py took 0.101 seconds
[2024-11-12T00:15:58.351+0000] {processor.py:161} INFO - Started process (PID=1231) to work on /home/airflow/.local/lib/python3.12/site-packages/airflow/example_dags/example_subdag_operator.py
[2024-11-12T00:15:58.352+0000] {processor.py:830} INFO - Processing file /home/airflow/.local/lib/python3.12/site-packages/airflow/example_dags/example_subdag_operator.py for tasks to queue
[2024-11-12T00:15:58.355+0000] {logging_mixin.py:188} INFO - [2024-11-12T00:15:58.354+0000] {dagbag.py:545} INFO - Filling up the DagBag from /home/airflow/.local/lib/python3.12/site-packages/airflow/example_dags/example_subdag_operator.py
[2024-11-12T00:15:58.378+0000] {processor.py:840} INFO - DAG(s) 'example_subdag_operator.section-1', 'example_subdag_operator.section-2', 'example_subdag_operator' retrieved from /home/airflow/.local/lib/python3.12/site-packages/airflow/example_dags/example_subdag_operator.py
[2024-11-12T00:15:58.394+0000] {logging_mixin.py:188} INFO - [2024-11-12T00:15:58.394+0000] {dag.py:3096} INFO - Sync 3 DAGs
[2024-11-12T00:15:58.416+0000] {logging_mixin.py:188} INFO - [2024-11-12T00:15:58.415+0000] {dag.py:3954} INFO - Setting next_dagrun for example_subdag_operator to 2022-01-01 00:00:00+00:00, run_after=2022-01-01 00:00:00+00:00
[2024-11-12T00:15:58.420+0000] {logging_mixin.py:188} INFO - [2024-11-12T00:15:58.420+0000] {dag.py:3954} INFO - Setting next_dagrun for example_subdag_operator.section-1 to None, run_after=None
[2024-11-12T00:15:58.421+0000] {logging_mixin.py:188} INFO - [2024-11-12T00:15:58.421+0000] {dag.py:3954} INFO - Setting next_dagrun for example_subdag_operator.section-2 to None, run_after=None
[2024-11-12T00:15:58.428+0000] {logging_mixin.py:188} INFO - [2024-11-12T00:15:58.428+0000] {dag.py:3096} INFO - Sync 2 DAGs
[2024-11-12T00:15:58.434+0000] {logging_mixin.py:188} INFO - [2024-11-12T00:15:58.434+0000] {dag.py:3954} INFO - Setting next_dagrun for example_subdag_operator.section-1 to None, run_after=None
[2024-11-12T00:15:58.435+0000] {logging_mixin.py:188} INFO - [2024-11-12T00:15:58.434+0000] {dag.py:3954} INFO - Setting next_dagrun for example_subdag_operator.section-2 to None, run_after=None
[2024-11-12T00:15:58.447+0000] {processor.py:183} INFO - Processing /home/airflow/.local/lib/python3.12/site-packages/airflow/example_dags/example_subdag_operator.py took 0.101 seconds
[2024-11-12T00:16:28.572+0000] {processor.py:161} INFO - Started process (PID=1290) to work on /home/airflow/.local/lib/python3.12/site-packages/airflow/example_dags/example_subdag_operator.py
[2024-11-12T00:16:28.573+0000] {processor.py:830} INFO - Processing file /home/airflow/.local/lib/python3.12/site-packages/airflow/example_dags/example_subdag_operator.py for tasks to queue
[2024-11-12T00:16:28.576+0000] {logging_mixin.py:188} INFO - [2024-11-12T00:16:28.575+0000] {dagbag.py:545} INFO - Filling up the DagBag from /home/airflow/.local/lib/python3.12/site-packages/airflow/example_dags/example_subdag_operator.py
[2024-11-12T00:16:28.599+0000] {processor.py:840} INFO - DAG(s) 'example_subdag_operator.section-1', 'example_subdag_operator.section-2', 'example_subdag_operator' retrieved from /home/airflow/.local/lib/python3.12/site-packages/airflow/example_dags/example_subdag_operator.py
[2024-11-12T00:16:28.615+0000] {logging_mixin.py:188} INFO - [2024-11-12T00:16:28.614+0000] {dag.py:3096} INFO - Sync 3 DAGs
[2024-11-12T00:16:28.638+0000] {logging_mixin.py:188} INFO - [2024-11-12T00:16:28.638+0000] {dag.py:3954} INFO - Setting next_dagrun for example_subdag_operator to 2022-01-01 00:00:00+00:00, run_after=2022-01-01 00:00:00+00:00
[2024-11-12T00:16:28.642+0000] {logging_mixin.py:188} INFO - [2024-11-12T00:16:28.642+0000] {dag.py:3954} INFO - Setting next_dagrun for example_subdag_operator.section-1 to None, run_after=None
[2024-11-12T00:16:28.643+0000] {logging_mixin.py:188} INFO - [2024-11-12T00:16:28.643+0000] {dag.py:3954} INFO - Setting next_dagrun for example_subdag_operator.section-2 to None, run_after=None
[2024-11-12T00:16:28.650+0000] {logging_mixin.py:188} INFO - [2024-11-12T00:16:28.650+0000] {dag.py:3096} INFO - Sync 2 DAGs
[2024-11-12T00:16:28.655+0000] {logging_mixin.py:188} INFO - [2024-11-12T00:16:28.655+0000] {dag.py:3954} INFO - Setting next_dagrun for example_subdag_operator.section-1 to None, run_after=None
[2024-11-12T00:16:28.656+0000] {logging_mixin.py:188} INFO - [2024-11-12T00:16:28.656+0000] {dag.py:3954} INFO - Setting next_dagrun for example_subdag_operator.section-2 to None, run_after=None
[2024-11-12T00:16:28.667+0000] {processor.py:183} INFO - Processing /home/airflow/.local/lib/python3.12/site-packages/airflow/example_dags/example_subdag_operator.py took 0.101 seconds
[2024-11-12T00:16:59.207+0000] {processor.py:161} INFO - Started process (PID=1349) to work on /home/airflow/.local/lib/python3.12/site-packages/airflow/example_dags/example_subdag_operator.py
[2024-11-12T00:16:59.209+0000] {processor.py:830} INFO - Processing file /home/airflow/.local/lib/python3.12/site-packages/airflow/example_dags/example_subdag_operator.py for tasks to queue
[2024-11-12T00:16:59.211+0000] {logging_mixin.py:188} INFO - [2024-11-12T00:16:59.210+0000] {dagbag.py:545} INFO - Filling up the DagBag from /home/airflow/.local/lib/python3.12/site-packages/airflow/example_dags/example_subdag_operator.py
[2024-11-12T00:16:59.237+0000] {processor.py:840} INFO - DAG(s) 'example_subdag_operator.section-1', 'example_subdag_operator.section-2', 'example_subdag_operator' retrieved from /home/airflow/.local/lib/python3.12/site-packages/airflow/example_dags/example_subdag_operator.py
[2024-11-12T00:16:59.335+0000] {logging_mixin.py:188} INFO - [2024-11-12T00:16:59.335+0000] {dag.py:3096} INFO - Sync 3 DAGs
[2024-11-12T00:16:59.357+0000] {logging_mixin.py:188} INFO - [2024-11-12T00:16:59.357+0000] {dag.py:3954} INFO - Setting next_dagrun for example_subdag_operator to 2022-01-01 00:00:00+00:00, run_after=2022-01-01 00:00:00+00:00
[2024-11-12T00:16:59.360+0000] {logging_mixin.py:188} INFO - [2024-11-12T00:16:59.360+0000] {dag.py:3954} INFO - Setting next_dagrun for example_subdag_operator.section-1 to None, run_after=None
[2024-11-12T00:16:59.362+0000] {logging_mixin.py:188} INFO - [2024-11-12T00:16:59.362+0000] {dag.py:3954} INFO - Setting next_dagrun for example_subdag_operator.section-2 to None, run_after=None
[2024-11-12T00:16:59.371+0000] {logging_mixin.py:188} INFO - [2024-11-12T00:16:59.371+0000] {dag.py:3096} INFO - Sync 2 DAGs
[2024-11-12T00:16:59.376+0000] {logging_mixin.py:188} INFO - [2024-11-12T00:16:59.376+0000] {dag.py:3954} INFO - Setting next_dagrun for example_subdag_operator.section-1 to None, run_after=None
[2024-11-12T00:16:59.376+0000] {logging_mixin.py:188} INFO - [2024-11-12T00:16:59.376+0000] {dag.py:3954} INFO - Setting next_dagrun for example_subdag_operator.section-2 to None, run_after=None
[2024-11-12T00:16:59.386+0000] {processor.py:183} INFO - Processing /home/airflow/.local/lib/python3.12/site-packages/airflow/example_dags/example_subdag_operator.py took 0.187 seconds
[2024-11-12T00:17:29.589+0000] {processor.py:161} INFO - Started process (PID=1408) to work on /home/airflow/.local/lib/python3.12/site-packages/airflow/example_dags/example_subdag_operator.py
[2024-11-12T00:17:29.590+0000] {processor.py:830} INFO - Processing file /home/airflow/.local/lib/python3.12/site-packages/airflow/example_dags/example_subdag_operator.py for tasks to queue
[2024-11-12T00:17:29.593+0000] {logging_mixin.py:188} INFO - [2024-11-12T00:17:29.592+0000] {dagbag.py:545} INFO - Filling up the DagBag from /home/airflow/.local/lib/python3.12/site-packages/airflow/example_dags/example_subdag_operator.py
[2024-11-12T00:17:29.617+0000] {processor.py:840} INFO - DAG(s) 'example_subdag_operator.section-1', 'example_subdag_operator.section-2', 'example_subdag_operator' retrieved from /home/airflow/.local/lib/python3.12/site-packages/airflow/example_dags/example_subdag_operator.py
[2024-11-12T00:17:29.643+0000] {logging_mixin.py:188} INFO - [2024-11-12T00:17:29.642+0000] {dag.py:3096} INFO - Sync 3 DAGs
[2024-11-12T00:17:29.679+0000] {logging_mixin.py:188} INFO - [2024-11-12T00:17:29.679+0000] {dag.py:3954} INFO - Setting next_dagrun for example_subdag_operator to 2022-01-01 00:00:00+00:00, run_after=2022-01-01 00:00:00+00:00
[2024-11-12T00:17:29.684+0000] {logging_mixin.py:188} INFO - [2024-11-12T00:17:29.684+0000] {dag.py:3954} INFO - Setting next_dagrun for example_subdag_operator.section-1 to None, run_after=None
[2024-11-12T00:17:29.686+0000] {logging_mixin.py:188} INFO - [2024-11-12T00:17:29.686+0000] {dag.py:3954} INFO - Setting next_dagrun for example_subdag_operator.section-2 to None, run_after=None
[2024-11-12T00:17:29.694+0000] {logging_mixin.py:188} INFO - [2024-11-12T00:17:29.694+0000] {dag.py:3096} INFO - Sync 2 DAGs
[2024-11-12T00:17:29.703+0000] {logging_mixin.py:188} INFO - [2024-11-12T00:17:29.702+0000] {dag.py:3954} INFO - Setting next_dagrun for example_subdag_operator.section-1 to None, run_after=None
[2024-11-12T00:17:29.703+0000] {logging_mixin.py:188} INFO - [2024-11-12T00:17:29.703+0000] {dag.py:3954} INFO - Setting next_dagrun for example_subdag_operator.section-2 to None, run_after=None
[2024-11-12T00:17:29.719+0000] {processor.py:183} INFO - Processing /home/airflow/.local/lib/python3.12/site-packages/airflow/example_dags/example_subdag_operator.py took 0.137 seconds
[2024-11-12T00:17:59.910+0000] {processor.py:161} INFO - Started process (PID=1467) to work on /home/airflow/.local/lib/python3.12/site-packages/airflow/example_dags/example_subdag_operator.py
[2024-11-12T00:17:59.911+0000] {processor.py:830} INFO - Processing file /home/airflow/.local/lib/python3.12/site-packages/airflow/example_dags/example_subdag_operator.py for tasks to queue
[2024-11-12T00:17:59.913+0000] {logging_mixin.py:188} INFO - [2024-11-12T00:17:59.913+0000] {dagbag.py:545} INFO - Filling up the DagBag from /home/airflow/.local/lib/python3.12/site-packages/airflow/example_dags/example_subdag_operator.py
[2024-11-12T00:17:59.939+0000] {processor.py:840} INFO - DAG(s) 'example_subdag_operator.section-1', 'example_subdag_operator.section-2', 'example_subdag_operator' retrieved from /home/airflow/.local/lib/python3.12/site-packages/airflow/example_dags/example_subdag_operator.py
[2024-11-12T00:17:59.956+0000] {logging_mixin.py:188} INFO - [2024-11-12T00:17:59.956+0000] {dag.py:3096} INFO - Sync 3 DAGs
[2024-11-12T00:17:59.980+0000] {logging_mixin.py:188} INFO - [2024-11-12T00:17:59.980+0000] {dag.py:3954} INFO - Setting next_dagrun for example_subdag_operator to 2022-01-01 00:00:00+00:00, run_after=2022-01-01 00:00:00+00:00
[2024-11-12T00:17:59.984+0000] {logging_mixin.py:188} INFO - [2024-11-12T00:17:59.984+0000] {dag.py:3954} INFO - Setting next_dagrun for example_subdag_operator.section-1 to None, run_after=None
[2024-11-12T00:17:59.986+0000] {logging_mixin.py:188} INFO - [2024-11-12T00:17:59.986+0000] {dag.py:3954} INFO - Setting next_dagrun for example_subdag_operator.section-2 to None, run_after=None
[2024-11-12T00:17:59.992+0000] {logging_mixin.py:188} INFO - [2024-11-12T00:17:59.992+0000] {dag.py:3096} INFO - Sync 2 DAGs
[2024-11-12T00:17:59.998+0000] {logging_mixin.py:188} INFO - [2024-11-12T00:17:59.998+0000] {dag.py:3954} INFO - Setting next_dagrun for example_subdag_operator.section-1 to None, run_after=None
[2024-11-12T00:17:59.999+0000] {logging_mixin.py:188} INFO - [2024-11-12T00:17:59.998+0000] {dag.py:3954} INFO - Setting next_dagrun for example_subdag_operator.section-2 to None, run_after=None
[2024-11-12T00:18:00.011+0000] {processor.py:183} INFO - Processing /home/airflow/.local/lib/python3.12/site-packages/airflow/example_dags/example_subdag_operator.py took 0.106 seconds
[2024-11-12T00:18:30.540+0000] {processor.py:161} INFO - Started process (PID=1527) to work on /home/airflow/.local/lib/python3.12/site-packages/airflow/example_dags/example_subdag_operator.py
[2024-11-12T00:18:30.541+0000] {processor.py:830} INFO - Processing file /home/airflow/.local/lib/python3.12/site-packages/airflow/example_dags/example_subdag_operator.py for tasks to queue
[2024-11-12T00:18:30.543+0000] {logging_mixin.py:188} INFO - [2024-11-12T00:18:30.542+0000] {dagbag.py:545} INFO - Filling up the DagBag from /home/airflow/.local/lib/python3.12/site-packages/airflow/example_dags/example_subdag_operator.py
[2024-11-12T00:18:30.567+0000] {processor.py:840} INFO - DAG(s) 'example_subdag_operator.section-1', 'example_subdag_operator.section-2', 'example_subdag_operator' retrieved from /home/airflow/.local/lib/python3.12/site-packages/airflow/example_dags/example_subdag_operator.py
[2024-11-12T00:18:30.585+0000] {logging_mixin.py:188} INFO - [2024-11-12T00:18:30.584+0000] {dag.py:3096} INFO - Sync 3 DAGs
[2024-11-12T00:18:30.610+0000] {logging_mixin.py:188} INFO - [2024-11-12T00:18:30.610+0000] {dag.py:3954} INFO - Setting next_dagrun for example_subdag_operator to 2022-01-01 00:00:00+00:00, run_after=2022-01-01 00:00:00+00:00
[2024-11-12T00:18:30.616+0000] {logging_mixin.py:188} INFO - [2024-11-12T00:18:30.615+0000] {dag.py:3954} INFO - Setting next_dagrun for example_subdag_operator.section-1 to None, run_after=None
[2024-11-12T00:18:30.617+0000] {logging_mixin.py:188} INFO - [2024-11-12T00:18:30.617+0000] {dag.py:3954} INFO - Setting next_dagrun for example_subdag_operator.section-2 to None, run_after=None
[2024-11-12T00:18:30.624+0000] {logging_mixin.py:188} INFO - [2024-11-12T00:18:30.624+0000] {dag.py:3096} INFO - Sync 2 DAGs
[2024-11-12T00:18:30.629+0000] {logging_mixin.py:188} INFO - [2024-11-12T00:18:30.629+0000] {dag.py:3954} INFO - Setting next_dagrun for example_subdag_operator.section-1 to None, run_after=None
[2024-11-12T00:18:30.630+0000] {logging_mixin.py:188} INFO - [2024-11-12T00:18:30.630+0000] {dag.py:3954} INFO - Setting next_dagrun for example_subdag_operator.section-2 to None, run_after=None
[2024-11-12T00:18:30.640+0000] {processor.py:183} INFO - Processing /home/airflow/.local/lib/python3.12/site-packages/airflow/example_dags/example_subdag_operator.py took 0.107 seconds
[2024-11-12T00:19:01.180+0000] {processor.py:161} INFO - Started process (PID=1586) to work on /home/airflow/.local/lib/python3.12/site-packages/airflow/example_dags/example_subdag_operator.py
[2024-11-12T00:19:01.181+0000] {processor.py:830} INFO - Processing file /home/airflow/.local/lib/python3.12/site-packages/airflow/example_dags/example_subdag_operator.py for tasks to queue
[2024-11-12T00:19:01.185+0000] {logging_mixin.py:188} INFO - [2024-11-12T00:19:01.184+0000] {dagbag.py:545} INFO - Filling up the DagBag from /home/airflow/.local/lib/python3.12/site-packages/airflow/example_dags/example_subdag_operator.py
[2024-11-12T00:19:01.237+0000] {processor.py:840} INFO - DAG(s) 'example_subdag_operator.section-1', 'example_subdag_operator.section-2', 'example_subdag_operator' retrieved from /home/airflow/.local/lib/python3.12/site-packages/airflow/example_dags/example_subdag_operator.py
[2024-11-12T00:19:01.265+0000] {logging_mixin.py:188} INFO - [2024-11-12T00:19:01.264+0000] {dag.py:3096} INFO - Sync 3 DAGs
[2024-11-12T00:19:01.299+0000] {logging_mixin.py:188} INFO - [2024-11-12T00:19:01.298+0000] {dag.py:3954} INFO - Setting next_dagrun for example_subdag_operator to 2022-01-01 00:00:00+00:00, run_after=2022-01-01 00:00:00+00:00
[2024-11-12T00:19:01.305+0000] {logging_mixin.py:188} INFO - [2024-11-12T00:19:01.305+0000] {dag.py:3954} INFO - Setting next_dagrun for example_subdag_operator.section-1 to None, run_after=None
[2024-11-12T00:19:01.308+0000] {logging_mixin.py:188} INFO - [2024-11-12T00:19:01.307+0000] {dag.py:3954} INFO - Setting next_dagrun for example_subdag_operator.section-2 to None, run_after=None
[2024-11-12T00:19:01.318+0000] {logging_mixin.py:188} INFO - [2024-11-12T00:19:01.318+0000] {dag.py:3096} INFO - Sync 2 DAGs
[2024-11-12T00:19:01.325+0000] {logging_mixin.py:188} INFO - [2024-11-12T00:19:01.324+0000] {dag.py:3954} INFO - Setting next_dagrun for example_subdag_operator.section-1 to None, run_after=None
[2024-11-12T00:19:01.325+0000] {logging_mixin.py:188} INFO - [2024-11-12T00:19:01.325+0000] {dag.py:3954} INFO - Setting next_dagrun for example_subdag_operator.section-2 to None, run_after=None
[2024-11-12T00:19:01.335+0000] {processor.py:183} INFO - Processing /home/airflow/.local/lib/python3.12/site-packages/airflow/example_dags/example_subdag_operator.py took 0.171 seconds
[2024-11-12T00:19:32.624+0000] {processor.py:161} INFO - Started process (PID=1645) to work on /home/airflow/.local/lib/python3.12/site-packages/airflow/example_dags/example_subdag_operator.py
[2024-11-12T00:19:32.626+0000] {processor.py:830} INFO - Processing file /home/airflow/.local/lib/python3.12/site-packages/airflow/example_dags/example_subdag_operator.py for tasks to queue
[2024-11-12T00:19:32.638+0000] {logging_mixin.py:188} INFO - [2024-11-12T00:19:32.638+0000] {dagbag.py:545} INFO - Filling up the DagBag from /home/airflow/.local/lib/python3.12/site-packages/airflow/example_dags/example_subdag_operator.py
[2024-11-12T00:19:32.701+0000] {processor.py:840} INFO - DAG(s) 'example_subdag_operator.section-1', 'example_subdag_operator.section-2', 'example_subdag_operator' retrieved from /home/airflow/.local/lib/python3.12/site-packages/airflow/example_dags/example_subdag_operator.py
[2024-11-12T00:19:32.734+0000] {logging_mixin.py:188} INFO - [2024-11-12T00:19:32.734+0000] {dag.py:3096} INFO - Sync 3 DAGs
[2024-11-12T00:19:32.762+0000] {logging_mixin.py:188} INFO - [2024-11-12T00:19:32.761+0000] {dag.py:3954} INFO - Setting next_dagrun for example_subdag_operator to 2022-01-01 00:00:00+00:00, run_after=2022-01-01 00:00:00+00:00
[2024-11-12T00:19:32.767+0000] {logging_mixin.py:188} INFO - [2024-11-12T00:19:32.767+0000] {dag.py:3954} INFO - Setting next_dagrun for example_subdag_operator.section-1 to None, run_after=None
[2024-11-12T00:19:32.769+0000] {logging_mixin.py:188} INFO - [2024-11-12T00:19:32.769+0000] {dag.py:3954} INFO - Setting next_dagrun for example_subdag_operator.section-2 to None, run_after=None
[2024-11-12T00:19:32.779+0000] {logging_mixin.py:188} INFO - [2024-11-12T00:19:32.779+0000] {dag.py:3096} INFO - Sync 2 DAGs
[2024-11-12T00:19:32.788+0000] {logging_mixin.py:188} INFO - [2024-11-12T00:19:32.787+0000] {dag.py:3954} INFO - Setting next_dagrun for example_subdag_operator.section-1 to None, run_after=None
[2024-11-12T00:19:32.789+0000] {logging_mixin.py:188} INFO - [2024-11-12T00:19:32.789+0000] {dag.py:3954} INFO - Setting next_dagrun for example_subdag_operator.section-2 to None, run_after=None
[2024-11-12T00:19:32.808+0000] {processor.py:183} INFO - Processing /home/airflow/.local/lib/python3.12/site-packages/airflow/example_dags/example_subdag_operator.py took 0.197 seconds
[2024-11-12T00:20:03.287+0000] {processor.py:161} INFO - Started process (PID=1705) to work on /home/airflow/.local/lib/python3.12/site-packages/airflow/example_dags/example_subdag_operator.py
[2024-11-12T00:20:03.288+0000] {processor.py:830} INFO - Processing file /home/airflow/.local/lib/python3.12/site-packages/airflow/example_dags/example_subdag_operator.py for tasks to queue
[2024-11-12T00:20:03.290+0000] {logging_mixin.py:188} INFO - [2024-11-12T00:20:03.290+0000] {dagbag.py:545} INFO - Filling up the DagBag from /home/airflow/.local/lib/python3.12/site-packages/airflow/example_dags/example_subdag_operator.py
[2024-11-12T00:20:03.315+0000] {processor.py:840} INFO - DAG(s) 'example_subdag_operator.section-1', 'example_subdag_operator.section-2', 'example_subdag_operator' retrieved from /home/airflow/.local/lib/python3.12/site-packages/airflow/example_dags/example_subdag_operator.py
[2024-11-12T00:20:03.330+0000] {logging_mixin.py:188} INFO - [2024-11-12T00:20:03.330+0000] {dag.py:3096} INFO - Sync 3 DAGs
[2024-11-12T00:20:03.351+0000] {logging_mixin.py:188} INFO - [2024-11-12T00:20:03.351+0000] {dag.py:3954} INFO - Setting next_dagrun for example_subdag_operator to 2022-01-01 00:00:00+00:00, run_after=2022-01-01 00:00:00+00:00
[2024-11-12T00:20:03.355+0000] {logging_mixin.py:188} INFO - [2024-11-12T00:20:03.354+0000] {dag.py:3954} INFO - Setting next_dagrun for example_subdag_operator.section-1 to None, run_after=None
[2024-11-12T00:20:03.356+0000] {logging_mixin.py:188} INFO - [2024-11-12T00:20:03.356+0000] {dag.py:3954} INFO - Setting next_dagrun for example_subdag_operator.section-2 to None, run_after=None
[2024-11-12T00:20:03.363+0000] {logging_mixin.py:188} INFO - [2024-11-12T00:20:03.362+0000] {dag.py:3096} INFO - Sync 2 DAGs
[2024-11-12T00:20:03.368+0000] {logging_mixin.py:188} INFO - [2024-11-12T00:20:03.368+0000] {dag.py:3954} INFO - Setting next_dagrun for example_subdag_operator.section-1 to None, run_after=None
[2024-11-12T00:20:03.369+0000] {logging_mixin.py:188} INFO - [2024-11-12T00:20:03.369+0000] {dag.py:3954} INFO - Setting next_dagrun for example_subdag_operator.section-2 to None, run_after=None
[2024-11-12T00:20:03.380+0000] {processor.py:183} INFO - Processing /home/airflow/.local/lib/python3.12/site-packages/airflow/example_dags/example_subdag_operator.py took 0.098 seconds
[2024-11-12T00:20:33.471+0000] {processor.py:161} INFO - Started process (PID=1764) to work on /home/airflow/.local/lib/python3.12/site-packages/airflow/example_dags/example_subdag_operator.py
[2024-11-12T00:20:33.472+0000] {processor.py:830} INFO - Processing file /home/airflow/.local/lib/python3.12/site-packages/airflow/example_dags/example_subdag_operator.py for tasks to queue
[2024-11-12T00:20:33.474+0000] {logging_mixin.py:188} INFO - [2024-11-12T00:20:33.473+0000] {dagbag.py:545} INFO - Filling up the DagBag from /home/airflow/.local/lib/python3.12/site-packages/airflow/example_dags/example_subdag_operator.py
[2024-11-12T00:20:33.497+0000] {processor.py:840} INFO - DAG(s) 'example_subdag_operator.section-1', 'example_subdag_operator.section-2', 'example_subdag_operator' retrieved from /home/airflow/.local/lib/python3.12/site-packages/airflow/example_dags/example_subdag_operator.py
[2024-11-12T00:20:33.512+0000] {logging_mixin.py:188} INFO - [2024-11-12T00:20:33.512+0000] {dag.py:3096} INFO - Sync 3 DAGs
[2024-11-12T00:20:33.533+0000] {logging_mixin.py:188} INFO - [2024-11-12T00:20:33.532+0000] {dag.py:3954} INFO - Setting next_dagrun for example_subdag_operator to 2022-01-01 00:00:00+00:00, run_after=2022-01-01 00:00:00+00:00
[2024-11-12T00:20:33.537+0000] {logging_mixin.py:188} INFO - [2024-11-12T00:20:33.536+0000] {dag.py:3954} INFO - Setting next_dagrun for example_subdag_operator.section-1 to None, run_after=None
[2024-11-12T00:20:33.538+0000] {logging_mixin.py:188} INFO - [2024-11-12T00:20:33.538+0000] {dag.py:3954} INFO - Setting next_dagrun for example_subdag_operator.section-2 to None, run_after=None
[2024-11-12T00:20:33.546+0000] {logging_mixin.py:188} INFO - [2024-11-12T00:20:33.546+0000] {dag.py:3096} INFO - Sync 2 DAGs
[2024-11-12T00:20:33.552+0000] {logging_mixin.py:188} INFO - [2024-11-12T00:20:33.552+0000] {dag.py:3954} INFO - Setting next_dagrun for example_subdag_operator.section-1 to None, run_after=None
[2024-11-12T00:20:33.553+0000] {logging_mixin.py:188} INFO - [2024-11-12T00:20:33.553+0000] {dag.py:3954} INFO - Setting next_dagrun for example_subdag_operator.section-2 to None, run_after=None
[2024-11-12T00:20:33.564+0000] {processor.py:183} INFO - Processing /home/airflow/.local/lib/python3.12/site-packages/airflow/example_dags/example_subdag_operator.py took 0.099 seconds
[2024-11-12T00:21:03.832+0000] {processor.py:161} INFO - Started process (PID=1823) to work on /home/airflow/.local/lib/python3.12/site-packages/airflow/example_dags/example_subdag_operator.py
[2024-11-12T00:21:03.833+0000] {processor.py:830} INFO - Processing file /home/airflow/.local/lib/python3.12/site-packages/airflow/example_dags/example_subdag_operator.py for tasks to queue
[2024-11-12T00:21:03.835+0000] {logging_mixin.py:188} INFO - [2024-11-12T00:21:03.835+0000] {dagbag.py:545} INFO - Filling up the DagBag from /home/airflow/.local/lib/python3.12/site-packages/airflow/example_dags/example_subdag_operator.py
[2024-11-12T00:21:03.859+0000] {processor.py:840} INFO - DAG(s) 'example_subdag_operator.section-1', 'example_subdag_operator.section-2', 'example_subdag_operator' retrieved from /home/airflow/.local/lib/python3.12/site-packages/airflow/example_dags/example_subdag_operator.py
[2024-11-12T00:21:03.876+0000] {logging_mixin.py:188} INFO - [2024-11-12T00:21:03.875+0000] {dag.py:3096} INFO - Sync 3 DAGs
[2024-11-12T00:21:03.898+0000] {logging_mixin.py:188} INFO - [2024-11-12T00:21:03.898+0000] {dag.py:3954} INFO - Setting next_dagrun for example_subdag_operator to 2022-01-01 00:00:00+00:00, run_after=2022-01-01 00:00:00+00:00
[2024-11-12T00:21:03.902+0000] {logging_mixin.py:188} INFO - [2024-11-12T00:21:03.902+0000] {dag.py:3954} INFO - Setting next_dagrun for example_subdag_operator.section-1 to None, run_after=None
[2024-11-12T00:21:03.904+0000] {logging_mixin.py:188} INFO - [2024-11-12T00:21:03.904+0000] {dag.py:3954} INFO - Setting next_dagrun for example_subdag_operator.section-2 to None, run_after=None
[2024-11-12T00:21:03.912+0000] {logging_mixin.py:188} INFO - [2024-11-12T00:21:03.912+0000] {dag.py:3096} INFO - Sync 2 DAGs
[2024-11-12T00:21:03.917+0000] {logging_mixin.py:188} INFO - [2024-11-12T00:21:03.917+0000] {dag.py:3954} INFO - Setting next_dagrun for example_subdag_operator.section-1 to None, run_after=None
[2024-11-12T00:21:03.918+0000] {logging_mixin.py:188} INFO - [2024-11-12T00:21:03.918+0000] {dag.py:3954} INFO - Setting next_dagrun for example_subdag_operator.section-2 to None, run_after=None
[2024-11-12T00:21:03.929+0000] {processor.py:183} INFO - Processing /home/airflow/.local/lib/python3.12/site-packages/airflow/example_dags/example_subdag_operator.py took 0.103 seconds
[2024-11-12T00:21:34.394+0000] {processor.py:161} INFO - Started process (PID=1883) to work on /home/airflow/.local/lib/python3.12/site-packages/airflow/example_dags/example_subdag_operator.py
[2024-11-12T00:21:34.395+0000] {processor.py:830} INFO - Processing file /home/airflow/.local/lib/python3.12/site-packages/airflow/example_dags/example_subdag_operator.py for tasks to queue
[2024-11-12T00:21:34.398+0000] {logging_mixin.py:188} INFO - [2024-11-12T00:21:34.397+0000] {dagbag.py:545} INFO - Filling up the DagBag from /home/airflow/.local/lib/python3.12/site-packages/airflow/example_dags/example_subdag_operator.py
[2024-11-12T00:21:34.423+0000] {processor.py:840} INFO - DAG(s) 'example_subdag_operator.section-1', 'example_subdag_operator.section-2', 'example_subdag_operator' retrieved from /home/airflow/.local/lib/python3.12/site-packages/airflow/example_dags/example_subdag_operator.py
[2024-11-12T00:21:34.441+0000] {logging_mixin.py:188} INFO - [2024-11-12T00:21:34.441+0000] {dag.py:3096} INFO - Sync 3 DAGs
[2024-11-12T00:21:34.469+0000] {logging_mixin.py:188} INFO - [2024-11-12T00:21:34.468+0000] {dag.py:3954} INFO - Setting next_dagrun for example_subdag_operator to 2022-01-01 00:00:00+00:00, run_after=2022-01-01 00:00:00+00:00
[2024-11-12T00:21:34.473+0000] {logging_mixin.py:188} INFO - [2024-11-12T00:21:34.472+0000] {dag.py:3954} INFO - Setting next_dagrun for example_subdag_operator.section-1 to None, run_after=None
[2024-11-12T00:21:34.474+0000] {logging_mixin.py:188} INFO - [2024-11-12T00:21:34.474+0000] {dag.py:3954} INFO - Setting next_dagrun for example_subdag_operator.section-2 to None, run_after=None
[2024-11-12T00:21:34.481+0000] {logging_mixin.py:188} INFO - [2024-11-12T00:21:34.481+0000] {dag.py:3096} INFO - Sync 2 DAGs
[2024-11-12T00:21:34.487+0000] {logging_mixin.py:188} INFO - [2024-11-12T00:21:34.486+0000] {dag.py:3954} INFO - Setting next_dagrun for example_subdag_operator.section-1 to None, run_after=None
[2024-11-12T00:21:34.487+0000] {logging_mixin.py:188} INFO - [2024-11-12T00:21:34.487+0000] {dag.py:3954} INFO - Setting next_dagrun for example_subdag_operator.section-2 to None, run_after=None
[2024-11-12T00:21:34.498+0000] {processor.py:183} INFO - Processing /home/airflow/.local/lib/python3.12/site-packages/airflow/example_dags/example_subdag_operator.py took 0.110 seconds
[2024-11-12T00:22:05.421+0000] {processor.py:161} INFO - Started process (PID=1942) to work on /home/airflow/.local/lib/python3.12/site-packages/airflow/example_dags/example_subdag_operator.py
[2024-11-12T00:22:05.423+0000] {processor.py:830} INFO - Processing file /home/airflow/.local/lib/python3.12/site-packages/airflow/example_dags/example_subdag_operator.py for tasks to queue
[2024-11-12T00:22:05.425+0000] {logging_mixin.py:188} INFO - [2024-11-12T00:22:05.424+0000] {dagbag.py:545} INFO - Filling up the DagBag from /home/airflow/.local/lib/python3.12/site-packages/airflow/example_dags/example_subdag_operator.py
[2024-11-12T00:22:05.447+0000] {processor.py:840} INFO - DAG(s) 'example_subdag_operator.section-1', 'example_subdag_operator.section-2', 'example_subdag_operator' retrieved from /home/airflow/.local/lib/python3.12/site-packages/airflow/example_dags/example_subdag_operator.py
[2024-11-12T00:22:05.541+0000] {logging_mixin.py:188} INFO - [2024-11-12T00:22:05.540+0000] {dag.py:3096} INFO - Sync 3 DAGs
[2024-11-12T00:22:05.561+0000] {logging_mixin.py:188} INFO - [2024-11-12T00:22:05.561+0000] {dag.py:3954} INFO - Setting next_dagrun for example_subdag_operator to 2022-01-01 00:00:00+00:00, run_after=2022-01-01 00:00:00+00:00
[2024-11-12T00:22:05.565+0000] {logging_mixin.py:188} INFO - [2024-11-12T00:22:05.564+0000] {dag.py:3954} INFO - Setting next_dagrun for example_subdag_operator.section-1 to None, run_after=None
[2024-11-12T00:22:05.566+0000] {logging_mixin.py:188} INFO - [2024-11-12T00:22:05.566+0000] {dag.py:3954} INFO - Setting next_dagrun for example_subdag_operator.section-2 to None, run_after=None
[2024-11-12T00:22:05.574+0000] {logging_mixin.py:188} INFO - [2024-11-12T00:22:05.574+0000] {dag.py:3096} INFO - Sync 2 DAGs
[2024-11-12T00:22:05.579+0000] {logging_mixin.py:188} INFO - [2024-11-12T00:22:05.579+0000] {dag.py:3954} INFO - Setting next_dagrun for example_subdag_operator.section-1 to None, run_after=None
[2024-11-12T00:22:05.580+0000] {logging_mixin.py:188} INFO - [2024-11-12T00:22:05.580+0000] {dag.py:3954} INFO - Setting next_dagrun for example_subdag_operator.section-2 to None, run_after=None
[2024-11-12T00:22:05.592+0000] {processor.py:183} INFO - Processing /home/airflow/.local/lib/python3.12/site-packages/airflow/example_dags/example_subdag_operator.py took 0.176 seconds
[2024-11-12T00:22:35.708+0000] {processor.py:161} INFO - Started process (PID=2001) to work on /home/airflow/.local/lib/python3.12/site-packages/airflow/example_dags/example_subdag_operator.py
[2024-11-12T00:22:35.709+0000] {processor.py:830} INFO - Processing file /home/airflow/.local/lib/python3.12/site-packages/airflow/example_dags/example_subdag_operator.py for tasks to queue
[2024-11-12T00:22:35.711+0000] {logging_mixin.py:188} INFO - [2024-11-12T00:22:35.711+0000] {dagbag.py:545} INFO - Filling up the DagBag from /home/airflow/.local/lib/python3.12/site-packages/airflow/example_dags/example_subdag_operator.py
[2024-11-12T00:22:35.733+0000] {processor.py:840} INFO - DAG(s) 'example_subdag_operator.section-1', 'example_subdag_operator.section-2', 'example_subdag_operator' retrieved from /home/airflow/.local/lib/python3.12/site-packages/airflow/example_dags/example_subdag_operator.py
[2024-11-12T00:22:35.749+0000] {logging_mixin.py:188} INFO - [2024-11-12T00:22:35.749+0000] {dag.py:3096} INFO - Sync 3 DAGs
[2024-11-12T00:22:35.773+0000] {logging_mixin.py:188} INFO - [2024-11-12T00:22:35.772+0000] {dag.py:3954} INFO - Setting next_dagrun for example_subdag_operator to 2022-01-01 00:00:00+00:00, run_after=2022-01-01 00:00:00+00:00
[2024-11-12T00:22:35.776+0000] {logging_mixin.py:188} INFO - [2024-11-12T00:22:35.776+0000] {dag.py:3954} INFO - Setting next_dagrun for example_subdag_operator.section-1 to None, run_after=None
[2024-11-12T00:22:35.778+0000] {logging_mixin.py:188} INFO - [2024-11-12T00:22:35.778+0000] {dag.py:3954} INFO - Setting next_dagrun for example_subdag_operator.section-2 to None, run_after=None
[2024-11-12T00:22:35.785+0000] {logging_mixin.py:188} INFO - [2024-11-12T00:22:35.784+0000] {dag.py:3096} INFO - Sync 2 DAGs
[2024-11-12T00:22:35.790+0000] {logging_mixin.py:188} INFO - [2024-11-12T00:22:35.789+0000] {dag.py:3954} INFO - Setting next_dagrun for example_subdag_operator.section-1 to None, run_after=None
[2024-11-12T00:22:35.790+0000] {logging_mixin.py:188} INFO - [2024-11-12T00:22:35.790+0000] {dag.py:3954} INFO - Setting next_dagrun for example_subdag_operator.section-2 to None, run_after=None
[2024-11-12T00:22:35.802+0000] {processor.py:183} INFO - Processing /home/airflow/.local/lib/python3.12/site-packages/airflow/example_dags/example_subdag_operator.py took 0.100 seconds
[2024-11-12T00:23:05.864+0000] {processor.py:161} INFO - Started process (PID=2060) to work on /home/airflow/.local/lib/python3.12/site-packages/airflow/example_dags/example_subdag_operator.py
[2024-11-12T00:23:05.865+0000] {processor.py:830} INFO - Processing file /home/airflow/.local/lib/python3.12/site-packages/airflow/example_dags/example_subdag_operator.py for tasks to queue
[2024-11-12T00:23:05.868+0000] {logging_mixin.py:188} INFO - [2024-11-12T00:23:05.867+0000] {dagbag.py:545} INFO - Filling up the DagBag from /home/airflow/.local/lib/python3.12/site-packages/airflow/example_dags/example_subdag_operator.py
[2024-11-12T00:23:05.891+0000] {processor.py:840} INFO - DAG(s) 'example_subdag_operator.section-1', 'example_subdag_operator.section-2', 'example_subdag_operator' retrieved from /home/airflow/.local/lib/python3.12/site-packages/airflow/example_dags/example_subdag_operator.py
[2024-11-12T00:23:05.907+0000] {logging_mixin.py:188} INFO - [2024-11-12T00:23:05.907+0000] {dag.py:3096} INFO - Sync 3 DAGs
[2024-11-12T00:23:05.928+0000] {logging_mixin.py:188} INFO - [2024-11-12T00:23:05.927+0000] {dag.py:3954} INFO - Setting next_dagrun for example_subdag_operator to 2022-01-01 00:00:00+00:00, run_after=2022-01-01 00:00:00+00:00
[2024-11-12T00:23:05.933+0000] {logging_mixin.py:188} INFO - [2024-11-12T00:23:05.932+0000] {dag.py:3954} INFO - Setting next_dagrun for example_subdag_operator.section-1 to None, run_after=None
[2024-11-12T00:23:05.934+0000] {logging_mixin.py:188} INFO - [2024-11-12T00:23:05.934+0000] {dag.py:3954} INFO - Setting next_dagrun for example_subdag_operator.section-2 to None, run_after=None
[2024-11-12T00:23:05.941+0000] {logging_mixin.py:188} INFO - [2024-11-12T00:23:05.941+0000] {dag.py:3096} INFO - Sync 2 DAGs
[2024-11-12T00:23:05.946+0000] {logging_mixin.py:188} INFO - [2024-11-12T00:23:05.946+0000] {dag.py:3954} INFO - Setting next_dagrun for example_subdag_operator.section-1 to None, run_after=None
[2024-11-12T00:23:05.947+0000] {logging_mixin.py:188} INFO - [2024-11-12T00:23:05.947+0000] {dag.py:3954} INFO - Setting next_dagrun for example_subdag_operator.section-2 to None, run_after=None
[2024-11-12T00:23:05.958+0000] {processor.py:183} INFO - Processing /home/airflow/.local/lib/python3.12/site-packages/airflow/example_dags/example_subdag_operator.py took 0.099 seconds
[2024-11-12T00:23:36.125+0000] {processor.py:161} INFO - Started process (PID=2121) to work on /home/airflow/.local/lib/python3.12/site-packages/airflow/example_dags/example_subdag_operator.py
[2024-11-12T00:23:36.126+0000] {processor.py:830} INFO - Processing file /home/airflow/.local/lib/python3.12/site-packages/airflow/example_dags/example_subdag_operator.py for tasks to queue
[2024-11-12T00:23:36.128+0000] {logging_mixin.py:188} INFO - [2024-11-12T00:23:36.128+0000] {dagbag.py:545} INFO - Filling up the DagBag from /home/airflow/.local/lib/python3.12/site-packages/airflow/example_dags/example_subdag_operator.py
[2024-11-12T00:23:36.152+0000] {processor.py:840} INFO - DAG(s) 'example_subdag_operator.section-1', 'example_subdag_operator.section-2', 'example_subdag_operator' retrieved from /home/airflow/.local/lib/python3.12/site-packages/airflow/example_dags/example_subdag_operator.py
[2024-11-12T00:23:36.171+0000] {logging_mixin.py:188} INFO - [2024-11-12T00:23:36.171+0000] {dag.py:3096} INFO - Sync 3 DAGs
[2024-11-12T00:23:36.203+0000] {logging_mixin.py:188} INFO - [2024-11-12T00:23:36.203+0000] {dag.py:3954} INFO - Setting next_dagrun for example_subdag_operator to 2022-01-01 00:00:00+00:00, run_after=2022-01-01 00:00:00+00:00
[2024-11-12T00:23:36.209+0000] {logging_mixin.py:188} INFO - [2024-11-12T00:23:36.209+0000] {dag.py:3954} INFO - Setting next_dagrun for example_subdag_operator.section-1 to None, run_after=None
[2024-11-12T00:23:36.211+0000] {logging_mixin.py:188} INFO - [2024-11-12T00:23:36.211+0000] {dag.py:3954} INFO - Setting next_dagrun for example_subdag_operator.section-2 to None, run_after=None
[2024-11-12T00:23:36.221+0000] {logging_mixin.py:188} INFO - [2024-11-12T00:23:36.221+0000] {dag.py:3096} INFO - Sync 2 DAGs
[2024-11-12T00:23:36.227+0000] {logging_mixin.py:188} INFO - [2024-11-12T00:23:36.227+0000] {dag.py:3954} INFO - Setting next_dagrun for example_subdag_operator.section-1 to None, run_after=None
[2024-11-12T00:23:36.228+0000] {logging_mixin.py:188} INFO - [2024-11-12T00:23:36.228+0000] {dag.py:3954} INFO - Setting next_dagrun for example_subdag_operator.section-2 to None, run_after=None
[2024-11-12T00:23:36.242+0000] {processor.py:183} INFO - Processing /home/airflow/.local/lib/python3.12/site-packages/airflow/example_dags/example_subdag_operator.py took 0.124 seconds
[2024-11-12T00:24:06.840+0000] {processor.py:161} INFO - Started process (PID=2180) to work on /home/airflow/.local/lib/python3.12/site-packages/airflow/example_dags/example_subdag_operator.py
[2024-11-12T00:24:06.841+0000] {processor.py:830} INFO - Processing file /home/airflow/.local/lib/python3.12/site-packages/airflow/example_dags/example_subdag_operator.py for tasks to queue
[2024-11-12T00:24:06.842+0000] {logging_mixin.py:188} INFO - [2024-11-12T00:24:06.842+0000] {dagbag.py:545} INFO - Filling up the DagBag from /home/airflow/.local/lib/python3.12/site-packages/airflow/example_dags/example_subdag_operator.py
[2024-11-12T00:24:06.865+0000] {processor.py:840} INFO - DAG(s) 'example_subdag_operator.section-1', 'example_subdag_operator.section-2', 'example_subdag_operator' retrieved from /home/airflow/.local/lib/python3.12/site-packages/airflow/example_dags/example_subdag_operator.py
[2024-11-12T00:24:06.880+0000] {logging_mixin.py:188} INFO - [2024-11-12T00:24:06.880+0000] {dag.py:3096} INFO - Sync 3 DAGs
[2024-11-12T00:24:06.902+0000] {logging_mixin.py:188} INFO - [2024-11-12T00:24:06.902+0000] {dag.py:3954} INFO - Setting next_dagrun for example_subdag_operator to 2022-01-01 00:00:00+00:00, run_after=2022-01-01 00:00:00+00:00
[2024-11-12T00:24:06.906+0000] {logging_mixin.py:188} INFO - [2024-11-12T00:24:06.906+0000] {dag.py:3954} INFO - Setting next_dagrun for example_subdag_operator.section-1 to None, run_after=None
[2024-11-12T00:24:06.908+0000] {logging_mixin.py:188} INFO - [2024-11-12T00:24:06.908+0000] {dag.py:3954} INFO - Setting next_dagrun for example_subdag_operator.section-2 to None, run_after=None
[2024-11-12T00:24:06.914+0000] {logging_mixin.py:188} INFO - [2024-11-12T00:24:06.914+0000] {dag.py:3096} INFO - Sync 2 DAGs
[2024-11-12T00:24:06.919+0000] {logging_mixin.py:188} INFO - [2024-11-12T00:24:06.919+0000] {dag.py:3954} INFO - Setting next_dagrun for example_subdag_operator.section-1 to None, run_after=None
[2024-11-12T00:24:06.919+0000] {logging_mixin.py:188} INFO - [2024-11-12T00:24:06.919+0000] {dag.py:3954} INFO - Setting next_dagrun for example_subdag_operator.section-2 to None, run_after=None
[2024-11-12T00:24:06.929+0000] {processor.py:183} INFO - Processing /home/airflow/.local/lib/python3.12/site-packages/airflow/example_dags/example_subdag_operator.py took 0.095 seconds
[2024-11-12T00:24:37.400+0000] {processor.py:161} INFO - Started process (PID=2239) to work on /home/airflow/.local/lib/python3.12/site-packages/airflow/example_dags/example_subdag_operator.py
[2024-11-12T00:24:37.401+0000] {processor.py:830} INFO - Processing file /home/airflow/.local/lib/python3.12/site-packages/airflow/example_dags/example_subdag_operator.py for tasks to queue
[2024-11-12T00:24:37.404+0000] {logging_mixin.py:188} INFO - [2024-11-12T00:24:37.403+0000] {dagbag.py:545} INFO - Filling up the DagBag from /home/airflow/.local/lib/python3.12/site-packages/airflow/example_dags/example_subdag_operator.py
[2024-11-12T00:24:37.430+0000] {processor.py:840} INFO - DAG(s) 'example_subdag_operator.section-1', 'example_subdag_operator.section-2', 'example_subdag_operator' retrieved from /home/airflow/.local/lib/python3.12/site-packages/airflow/example_dags/example_subdag_operator.py
[2024-11-12T00:24:37.445+0000] {logging_mixin.py:188} INFO - [2024-11-12T00:24:37.445+0000] {dag.py:3096} INFO - Sync 3 DAGs
[2024-11-12T00:24:37.469+0000] {logging_mixin.py:188} INFO - [2024-11-12T00:24:37.469+0000] {dag.py:3954} INFO - Setting next_dagrun for example_subdag_operator to 2022-01-01 00:00:00+00:00, run_after=2022-01-01 00:00:00+00:00
[2024-11-12T00:24:37.472+0000] {logging_mixin.py:188} INFO - [2024-11-12T00:24:37.472+0000] {dag.py:3954} INFO - Setting next_dagrun for example_subdag_operator.section-1 to None, run_after=None
[2024-11-12T00:24:37.474+0000] {logging_mixin.py:188} INFO - [2024-11-12T00:24:37.474+0000] {dag.py:3954} INFO - Setting next_dagrun for example_subdag_operator.section-2 to None, run_after=None
[2024-11-12T00:24:37.480+0000] {logging_mixin.py:188} INFO - [2024-11-12T00:24:37.480+0000] {dag.py:3096} INFO - Sync 2 DAGs
[2024-11-12T00:24:37.485+0000] {logging_mixin.py:188} INFO - [2024-11-12T00:24:37.485+0000] {dag.py:3954} INFO - Setting next_dagrun for example_subdag_operator.section-1 to None, run_after=None
[2024-11-12T00:24:37.486+0000] {logging_mixin.py:188} INFO - [2024-11-12T00:24:37.485+0000] {dag.py:3954} INFO - Setting next_dagrun for example_subdag_operator.section-2 to None, run_after=None
[2024-11-12T00:24:37.496+0000] {processor.py:183} INFO - Processing /home/airflow/.local/lib/python3.12/site-packages/airflow/example_dags/example_subdag_operator.py took 0.101 seconds
[2024-11-12T00:25:08.012+0000] {processor.py:161} INFO - Started process (PID=2298) to work on /home/airflow/.local/lib/python3.12/site-packages/airflow/example_dags/example_subdag_operator.py
[2024-11-12T00:25:08.013+0000] {processor.py:830} INFO - Processing file /home/airflow/.local/lib/python3.12/site-packages/airflow/example_dags/example_subdag_operator.py for tasks to queue
[2024-11-12T00:25:08.016+0000] {logging_mixin.py:188} INFO - [2024-11-12T00:25:08.015+0000] {dagbag.py:545} INFO - Filling up the DagBag from /home/airflow/.local/lib/python3.12/site-packages/airflow/example_dags/example_subdag_operator.py
[2024-11-12T00:25:08.051+0000] {processor.py:840} INFO - DAG(s) 'example_subdag_operator.section-1', 'example_subdag_operator.section-2', 'example_subdag_operator' retrieved from /home/airflow/.local/lib/python3.12/site-packages/airflow/example_dags/example_subdag_operator.py
[2024-11-12T00:25:08.073+0000] {logging_mixin.py:188} INFO - [2024-11-12T00:25:08.073+0000] {dag.py:3096} INFO - Sync 3 DAGs
[2024-11-12T00:25:08.112+0000] {logging_mixin.py:188} INFO - [2024-11-12T00:25:08.112+0000] {dag.py:3954} INFO - Setting next_dagrun for example_subdag_operator to 2022-01-01 00:00:00+00:00, run_after=2022-01-01 00:00:00+00:00
[2024-11-12T00:25:08.116+0000] {logging_mixin.py:188} INFO - [2024-11-12T00:25:08.116+0000] {dag.py:3954} INFO - Setting next_dagrun for example_subdag_operator.section-1 to None, run_after=None
[2024-11-12T00:25:08.118+0000] {logging_mixin.py:188} INFO - [2024-11-12T00:25:08.118+0000] {dag.py:3954} INFO - Setting next_dagrun for example_subdag_operator.section-2 to None, run_after=None
[2024-11-12T00:25:08.132+0000] {logging_mixin.py:188} INFO - [2024-11-12T00:25:08.131+0000] {dag.py:3096} INFO - Sync 2 DAGs
[2024-11-12T00:25:08.142+0000] {logging_mixin.py:188} INFO - [2024-11-12T00:25:08.142+0000] {dag.py:3954} INFO - Setting next_dagrun for example_subdag_operator.section-1 to None, run_after=None
[2024-11-12T00:25:08.143+0000] {logging_mixin.py:188} INFO - [2024-11-12T00:25:08.143+0000] {dag.py:3954} INFO - Setting next_dagrun for example_subdag_operator.section-2 to None, run_after=None
[2024-11-12T00:25:08.165+0000] {processor.py:183} INFO - Processing /home/airflow/.local/lib/python3.12/site-packages/airflow/example_dags/example_subdag_operator.py took 0.163 seconds
