[2024-11-12T00:06:45.441+0000] {processor.py:161} INFO - Started process (PID=151) to work on /home/airflow/.local/lib/python3.12/site-packages/airflow/example_dags/example_nested_branch_dag.py
[2024-11-12T00:06:45.442+0000] {processor.py:830} INFO - Processing file /home/airflow/.local/lib/python3.12/site-packages/airflow/example_dags/example_nested_branch_dag.py for tasks to queue
[2024-11-12T00:06:45.444+0000] {logging_mixin.py:188} INFO - [2024-11-12T00:06:45.444+0000] {dagbag.py:545} INFO - Filling up the DagBag from /home/airflow/.local/lib/python3.12/site-packages/airflow/example_dags/example_nested_branch_dag.py
[2024-11-12T00:06:45.457+0000] {processor.py:840} INFO - DAG(s) 'example_nested_branch_dag' retrieved from /home/airflow/.local/lib/python3.12/site-packages/airflow/example_dags/example_nested_branch_dag.py
[2024-11-12T00:06:45.562+0000] {logging_mixin.py:188} INFO - [2024-11-12T00:06:45.562+0000] {dag.py:3096} INFO - Sync 1 DAGs
[2024-11-12T00:06:45.584+0000] {logging_mixin.py:188} INFO - [2024-11-12T00:06:45.584+0000] {dag.py:3954} INFO - Setting next_dagrun for example_nested_branch_dag to 2024-11-11 00:00:00+00:00, run_after=2024-11-12 00:00:00+00:00
[2024-11-12T00:06:45.604+0000] {processor.py:183} INFO - Processing /home/airflow/.local/lib/python3.12/site-packages/airflow/example_dags/example_nested_branch_dag.py took 0.169 seconds
[2024-11-12T00:07:17.384+0000] {processor.py:161} INFO - Started process (PID=210) to work on /home/airflow/.local/lib/python3.12/site-packages/airflow/example_dags/example_nested_branch_dag.py
[2024-11-12T00:07:17.390+0000] {processor.py:830} INFO - Processing file /home/airflow/.local/lib/python3.12/site-packages/airflow/example_dags/example_nested_branch_dag.py for tasks to queue
[2024-11-12T00:07:17.392+0000] {logging_mixin.py:188} INFO - [2024-11-12T00:07:17.391+0000] {dagbag.py:545} INFO - Filling up the DagBag from /home/airflow/.local/lib/python3.12/site-packages/airflow/example_dags/example_nested_branch_dag.py
[2024-11-12T00:07:17.409+0000] {processor.py:840} INFO - DAG(s) 'example_nested_branch_dag' retrieved from /home/airflow/.local/lib/python3.12/site-packages/airflow/example_dags/example_nested_branch_dag.py
[2024-11-12T00:07:17.433+0000] {logging_mixin.py:188} INFO - [2024-11-12T00:07:17.432+0000] {dag.py:3096} INFO - Sync 1 DAGs
[2024-11-12T00:07:17.455+0000] {logging_mixin.py:188} INFO - [2024-11-12T00:07:17.455+0000] {dag.py:3954} INFO - Setting next_dagrun for example_nested_branch_dag to 2024-11-11 00:00:00+00:00, run_after=2024-11-12 00:00:00+00:00
[2024-11-12T00:07:17.475+0000] {processor.py:183} INFO - Processing /home/airflow/.local/lib/python3.12/site-packages/airflow/example_dags/example_nested_branch_dag.py took 0.097 seconds
[2024-11-12T00:07:47.714+0000] {processor.py:161} INFO - Started process (PID=269) to work on /home/airflow/.local/lib/python3.12/site-packages/airflow/example_dags/example_nested_branch_dag.py
[2024-11-12T00:07:47.715+0000] {processor.py:830} INFO - Processing file /home/airflow/.local/lib/python3.12/site-packages/airflow/example_dags/example_nested_branch_dag.py for tasks to queue
[2024-11-12T00:07:47.717+0000] {logging_mixin.py:188} INFO - [2024-11-12T00:07:47.717+0000] {dagbag.py:545} INFO - Filling up the DagBag from /home/airflow/.local/lib/python3.12/site-packages/airflow/example_dags/example_nested_branch_dag.py
[2024-11-12T00:07:47.727+0000] {processor.py:840} INFO - DAG(s) 'example_nested_branch_dag' retrieved from /home/airflow/.local/lib/python3.12/site-packages/airflow/example_dags/example_nested_branch_dag.py
[2024-11-12T00:07:47.749+0000] {logging_mixin.py:188} INFO - [2024-11-12T00:07:47.748+0000] {dag.py:3096} INFO - Sync 1 DAGs
[2024-11-12T00:07:47.772+0000] {logging_mixin.py:188} INFO - [2024-11-12T00:07:47.772+0000] {dag.py:3954} INFO - Setting next_dagrun for example_nested_branch_dag to 2024-11-11 00:00:00+00:00, run_after=2024-11-12 00:00:00+00:00
[2024-11-12T00:07:47.790+0000] {processor.py:183} INFO - Processing /home/airflow/.local/lib/python3.12/site-packages/airflow/example_dags/example_nested_branch_dag.py took 0.082 seconds
[2024-11-12T00:08:18.122+0000] {processor.py:161} INFO - Started process (PID=328) to work on /home/airflow/.local/lib/python3.12/site-packages/airflow/example_dags/example_nested_branch_dag.py
[2024-11-12T00:08:18.123+0000] {processor.py:830} INFO - Processing file /home/airflow/.local/lib/python3.12/site-packages/airflow/example_dags/example_nested_branch_dag.py for tasks to queue
[2024-11-12T00:08:18.125+0000] {logging_mixin.py:188} INFO - [2024-11-12T00:08:18.125+0000] {dagbag.py:545} INFO - Filling up the DagBag from /home/airflow/.local/lib/python3.12/site-packages/airflow/example_dags/example_nested_branch_dag.py
[2024-11-12T00:08:18.135+0000] {processor.py:840} INFO - DAG(s) 'example_nested_branch_dag' retrieved from /home/airflow/.local/lib/python3.12/site-packages/airflow/example_dags/example_nested_branch_dag.py
[2024-11-12T00:08:18.157+0000] {logging_mixin.py:188} INFO - [2024-11-12T00:08:18.156+0000] {dag.py:3096} INFO - Sync 1 DAGs
[2024-11-12T00:08:18.179+0000] {logging_mixin.py:188} INFO - [2024-11-12T00:08:18.178+0000] {dag.py:3954} INFO - Setting next_dagrun for example_nested_branch_dag to 2024-11-11 00:00:00+00:00, run_after=2024-11-12 00:00:00+00:00
[2024-11-12T00:08:18.196+0000] {processor.py:183} INFO - Processing /home/airflow/.local/lib/python3.12/site-packages/airflow/example_dags/example_nested_branch_dag.py took 0.080 seconds
[2024-11-12T00:08:48.383+0000] {processor.py:161} INFO - Started process (PID=387) to work on /home/airflow/.local/lib/python3.12/site-packages/airflow/example_dags/example_nested_branch_dag.py
[2024-11-12T00:08:48.384+0000] {processor.py:830} INFO - Processing file /home/airflow/.local/lib/python3.12/site-packages/airflow/example_dags/example_nested_branch_dag.py for tasks to queue
[2024-11-12T00:08:48.387+0000] {logging_mixin.py:188} INFO - [2024-11-12T00:08:48.386+0000] {dagbag.py:545} INFO - Filling up the DagBag from /home/airflow/.local/lib/python3.12/site-packages/airflow/example_dags/example_nested_branch_dag.py
[2024-11-12T00:08:48.396+0000] {processor.py:840} INFO - DAG(s) 'example_nested_branch_dag' retrieved from /home/airflow/.local/lib/python3.12/site-packages/airflow/example_dags/example_nested_branch_dag.py
[2024-11-12T00:08:48.418+0000] {logging_mixin.py:188} INFO - [2024-11-12T00:08:48.418+0000] {dag.py:3096} INFO - Sync 1 DAGs
[2024-11-12T00:08:48.441+0000] {logging_mixin.py:188} INFO - [2024-11-12T00:08:48.441+0000] {dag.py:3954} INFO - Setting next_dagrun for example_nested_branch_dag to 2024-11-11 00:00:00+00:00, run_after=2024-11-12 00:00:00+00:00
[2024-11-12T00:08:48.461+0000] {processor.py:183} INFO - Processing /home/airflow/.local/lib/python3.12/site-packages/airflow/example_dags/example_nested_branch_dag.py took 0.084 seconds
[2024-11-12T00:09:18.625+0000] {processor.py:161} INFO - Started process (PID=446) to work on /home/airflow/.local/lib/python3.12/site-packages/airflow/example_dags/example_nested_branch_dag.py
[2024-11-12T00:09:18.626+0000] {processor.py:830} INFO - Processing file /home/airflow/.local/lib/python3.12/site-packages/airflow/example_dags/example_nested_branch_dag.py for tasks to queue
[2024-11-12T00:09:18.628+0000] {logging_mixin.py:188} INFO - [2024-11-12T00:09:18.628+0000] {dagbag.py:545} INFO - Filling up the DagBag from /home/airflow/.local/lib/python3.12/site-packages/airflow/example_dags/example_nested_branch_dag.py
[2024-11-12T00:09:18.638+0000] {processor.py:840} INFO - DAG(s) 'example_nested_branch_dag' retrieved from /home/airflow/.local/lib/python3.12/site-packages/airflow/example_dags/example_nested_branch_dag.py
[2024-11-12T00:09:18.660+0000] {logging_mixin.py:188} INFO - [2024-11-12T00:09:18.659+0000] {dag.py:3096} INFO - Sync 1 DAGs
[2024-11-12T00:09:18.684+0000] {logging_mixin.py:188} INFO - [2024-11-12T00:09:18.684+0000] {dag.py:3954} INFO - Setting next_dagrun for example_nested_branch_dag to 2024-11-11 00:00:00+00:00, run_after=2024-11-12 00:00:00+00:00
[2024-11-12T00:09:18.702+0000] {processor.py:183} INFO - Processing /home/airflow/.local/lib/python3.12/site-packages/airflow/example_dags/example_nested_branch_dag.py took 0.083 seconds
[2024-11-12T00:09:48.915+0000] {processor.py:161} INFO - Started process (PID=505) to work on /home/airflow/.local/lib/python3.12/site-packages/airflow/example_dags/example_nested_branch_dag.py
[2024-11-12T00:09:48.916+0000] {processor.py:830} INFO - Processing file /home/airflow/.local/lib/python3.12/site-packages/airflow/example_dags/example_nested_branch_dag.py for tasks to queue
[2024-11-12T00:09:48.919+0000] {logging_mixin.py:188} INFO - [2024-11-12T00:09:48.918+0000] {dagbag.py:545} INFO - Filling up the DagBag from /home/airflow/.local/lib/python3.12/site-packages/airflow/example_dags/example_nested_branch_dag.py
[2024-11-12T00:09:48.929+0000] {processor.py:840} INFO - DAG(s) 'example_nested_branch_dag' retrieved from /home/airflow/.local/lib/python3.12/site-packages/airflow/example_dags/example_nested_branch_dag.py
[2024-11-12T00:09:48.952+0000] {logging_mixin.py:188} INFO - [2024-11-12T00:09:48.951+0000] {dag.py:3096} INFO - Sync 1 DAGs
[2024-11-12T00:09:48.981+0000] {logging_mixin.py:188} INFO - [2024-11-12T00:09:48.981+0000] {dag.py:3954} INFO - Setting next_dagrun for example_nested_branch_dag to 2024-11-11 00:00:00+00:00, run_after=2024-11-12 00:00:00+00:00
[2024-11-12T00:09:49.000+0000] {processor.py:183} INFO - Processing /home/airflow/.local/lib/python3.12/site-packages/airflow/example_dags/example_nested_branch_dag.py took 0.092 seconds
[2024-11-12T00:10:20.500+0000] {processor.py:161} INFO - Started process (PID=564) to work on /home/airflow/.local/lib/python3.12/site-packages/airflow/example_dags/example_nested_branch_dag.py
[2024-11-12T00:10:20.501+0000] {processor.py:830} INFO - Processing file /home/airflow/.local/lib/python3.12/site-packages/airflow/example_dags/example_nested_branch_dag.py for tasks to queue
[2024-11-12T00:10:20.504+0000] {logging_mixin.py:188} INFO - [2024-11-12T00:10:20.503+0000] {dagbag.py:545} INFO - Filling up the DagBag from /home/airflow/.local/lib/python3.12/site-packages/airflow/example_dags/example_nested_branch_dag.py
[2024-11-12T00:10:20.514+0000] {processor.py:840} INFO - DAG(s) 'example_nested_branch_dag' retrieved from /home/airflow/.local/lib/python3.12/site-packages/airflow/example_dags/example_nested_branch_dag.py
[2024-11-12T00:10:20.625+0000] {logging_mixin.py:188} INFO - [2024-11-12T00:10:20.625+0000] {dag.py:3096} INFO - Sync 1 DAGs
[2024-11-12T00:10:20.645+0000] {logging_mixin.py:188} INFO - [2024-11-12T00:10:20.645+0000] {dag.py:3954} INFO - Setting next_dagrun for example_nested_branch_dag to 2024-11-11 00:00:00+00:00, run_after=2024-11-12 00:00:00+00:00
[2024-11-12T00:10:20.666+0000] {processor.py:183} INFO - Processing /home/airflow/.local/lib/python3.12/site-packages/airflow/example_dags/example_nested_branch_dag.py took 0.172 seconds
[2024-11-12T00:10:51.281+0000] {processor.py:161} INFO - Started process (PID=629) to work on /home/airflow/.local/lib/python3.12/site-packages/airflow/example_dags/example_nested_branch_dag.py
[2024-11-12T00:10:51.282+0000] {processor.py:830} INFO - Processing file /home/airflow/.local/lib/python3.12/site-packages/airflow/example_dags/example_nested_branch_dag.py for tasks to queue
[2024-11-12T00:10:51.285+0000] {logging_mixin.py:188} INFO - [2024-11-12T00:10:51.284+0000] {dagbag.py:545} INFO - Filling up the DagBag from /home/airflow/.local/lib/python3.12/site-packages/airflow/example_dags/example_nested_branch_dag.py
[2024-11-12T00:10:51.295+0000] {processor.py:840} INFO - DAG(s) 'example_nested_branch_dag' retrieved from /home/airflow/.local/lib/python3.12/site-packages/airflow/example_dags/example_nested_branch_dag.py
[2024-11-12T00:10:51.319+0000] {logging_mixin.py:188} INFO - [2024-11-12T00:10:51.319+0000] {dag.py:3096} INFO - Sync 1 DAGs
[2024-11-12T00:10:51.348+0000] {logging_mixin.py:188} INFO - [2024-11-12T00:10:51.348+0000] {dag.py:3954} INFO - Setting next_dagrun for example_nested_branch_dag to 2024-11-11 00:00:00+00:00, run_after=2024-11-12 00:00:00+00:00
[2024-11-12T00:10:51.370+0000] {processor.py:183} INFO - Processing /home/airflow/.local/lib/python3.12/site-packages/airflow/example_dags/example_nested_branch_dag.py took 0.095 seconds
[2024-11-12T00:11:22.223+0000] {processor.py:161} INFO - Started process (PID=688) to work on /home/airflow/.local/lib/python3.12/site-packages/airflow/example_dags/example_nested_branch_dag.py
[2024-11-12T00:11:22.224+0000] {processor.py:830} INFO - Processing file /home/airflow/.local/lib/python3.12/site-packages/airflow/example_dags/example_nested_branch_dag.py for tasks to queue
[2024-11-12T00:11:22.227+0000] {logging_mixin.py:188} INFO - [2024-11-12T00:11:22.226+0000] {dagbag.py:545} INFO - Filling up the DagBag from /home/airflow/.local/lib/python3.12/site-packages/airflow/example_dags/example_nested_branch_dag.py
[2024-11-12T00:11:22.237+0000] {processor.py:840} INFO - DAG(s) 'example_nested_branch_dag' retrieved from /home/airflow/.local/lib/python3.12/site-packages/airflow/example_dags/example_nested_branch_dag.py
[2024-11-12T00:11:22.258+0000] {logging_mixin.py:188} INFO - [2024-11-12T00:11:22.258+0000] {dag.py:3096} INFO - Sync 1 DAGs
[2024-11-12T00:11:22.280+0000] {logging_mixin.py:188} INFO - [2024-11-12T00:11:22.280+0000] {dag.py:3954} INFO - Setting next_dagrun for example_nested_branch_dag to 2024-11-11 00:00:00+00:00, run_after=2024-11-12 00:00:00+00:00
[2024-11-12T00:11:22.297+0000] {processor.py:183} INFO - Processing /home/airflow/.local/lib/python3.12/site-packages/airflow/example_dags/example_nested_branch_dag.py took 0.080 seconds
[2024-11-12T00:11:53.659+0000] {processor.py:161} INFO - Started process (PID=747) to work on /home/airflow/.local/lib/python3.12/site-packages/airflow/example_dags/example_nested_branch_dag.py
[2024-11-12T00:11:53.671+0000] {processor.py:830} INFO - Processing file /home/airflow/.local/lib/python3.12/site-packages/airflow/example_dags/example_nested_branch_dag.py for tasks to queue
[2024-11-12T00:11:53.673+0000] {logging_mixin.py:188} INFO - [2024-11-12T00:11:53.673+0000] {dagbag.py:545} INFO - Filling up the DagBag from /home/airflow/.local/lib/python3.12/site-packages/airflow/example_dags/example_nested_branch_dag.py
[2024-11-12T00:11:53.683+0000] {processor.py:840} INFO - DAG(s) 'example_nested_branch_dag' retrieved from /home/airflow/.local/lib/python3.12/site-packages/airflow/example_dags/example_nested_branch_dag.py
[2024-11-12T00:11:53.802+0000] {logging_mixin.py:188} INFO - [2024-11-12T00:11:53.802+0000] {dag.py:3096} INFO - Sync 1 DAGs
[2024-11-12T00:11:53.828+0000] {logging_mixin.py:188} INFO - [2024-11-12T00:11:53.828+0000] {dag.py:3954} INFO - Setting next_dagrun for example_nested_branch_dag to 2024-11-11 00:00:00+00:00, run_after=2024-11-12 00:00:00+00:00
[2024-11-12T00:11:53.848+0000] {processor.py:183} INFO - Processing /home/airflow/.local/lib/python3.12/site-packages/airflow/example_dags/example_nested_branch_dag.py took 0.195 seconds
[2024-11-12T00:12:23.971+0000] {processor.py:161} INFO - Started process (PID=806) to work on /home/airflow/.local/lib/python3.12/site-packages/airflow/example_dags/example_nested_branch_dag.py
[2024-11-12T00:12:23.990+0000] {processor.py:830} INFO - Processing file /home/airflow/.local/lib/python3.12/site-packages/airflow/example_dags/example_nested_branch_dag.py for tasks to queue
[2024-11-12T00:12:23.992+0000] {logging_mixin.py:188} INFO - [2024-11-12T00:12:23.992+0000] {dagbag.py:545} INFO - Filling up the DagBag from /home/airflow/.local/lib/python3.12/site-packages/airflow/example_dags/example_nested_branch_dag.py
[2024-11-12T00:12:24.003+0000] {processor.py:840} INFO - DAG(s) 'example_nested_branch_dag' retrieved from /home/airflow/.local/lib/python3.12/site-packages/airflow/example_dags/example_nested_branch_dag.py
[2024-11-12T00:12:24.026+0000] {logging_mixin.py:188} INFO - [2024-11-12T00:12:24.026+0000] {dag.py:3096} INFO - Sync 1 DAGs
[2024-11-12T00:12:24.050+0000] {logging_mixin.py:188} INFO - [2024-11-12T00:12:24.050+0000] {dag.py:3954} INFO - Setting next_dagrun for example_nested_branch_dag to 2024-11-11 00:00:00+00:00, run_after=2024-11-12 00:00:00+00:00
[2024-11-12T00:12:24.069+0000] {processor.py:183} INFO - Processing /home/airflow/.local/lib/python3.12/site-packages/airflow/example_dags/example_nested_branch_dag.py took 0.103 seconds
[2024-11-12T00:12:54.345+0000] {processor.py:161} INFO - Started process (PID=865) to work on /home/airflow/.local/lib/python3.12/site-packages/airflow/example_dags/example_nested_branch_dag.py
[2024-11-12T00:12:54.346+0000] {processor.py:830} INFO - Processing file /home/airflow/.local/lib/python3.12/site-packages/airflow/example_dags/example_nested_branch_dag.py for tasks to queue
[2024-11-12T00:12:54.348+0000] {logging_mixin.py:188} INFO - [2024-11-12T00:12:54.348+0000] {dagbag.py:545} INFO - Filling up the DagBag from /home/airflow/.local/lib/python3.12/site-packages/airflow/example_dags/example_nested_branch_dag.py
[2024-11-12T00:12:54.359+0000] {processor.py:840} INFO - DAG(s) 'example_nested_branch_dag' retrieved from /home/airflow/.local/lib/python3.12/site-packages/airflow/example_dags/example_nested_branch_dag.py
[2024-11-12T00:12:54.381+0000] {logging_mixin.py:188} INFO - [2024-11-12T00:12:54.380+0000] {dag.py:3096} INFO - Sync 1 DAGs
[2024-11-12T00:12:54.404+0000] {logging_mixin.py:188} INFO - [2024-11-12T00:12:54.404+0000] {dag.py:3954} INFO - Setting next_dagrun for example_nested_branch_dag to 2024-11-11 00:00:00+00:00, run_after=2024-11-12 00:00:00+00:00
[2024-11-12T00:12:54.426+0000] {processor.py:183} INFO - Processing /home/airflow/.local/lib/python3.12/site-packages/airflow/example_dags/example_nested_branch_dag.py took 0.087 seconds
[2024-11-12T00:13:24.760+0000] {processor.py:161} INFO - Started process (PID=924) to work on /home/airflow/.local/lib/python3.12/site-packages/airflow/example_dags/example_nested_branch_dag.py
[2024-11-12T00:13:24.761+0000] {processor.py:830} INFO - Processing file /home/airflow/.local/lib/python3.12/site-packages/airflow/example_dags/example_nested_branch_dag.py for tasks to queue
[2024-11-12T00:13:24.763+0000] {logging_mixin.py:188} INFO - [2024-11-12T00:13:24.763+0000] {dagbag.py:545} INFO - Filling up the DagBag from /home/airflow/.local/lib/python3.12/site-packages/airflow/example_dags/example_nested_branch_dag.py
[2024-11-12T00:13:24.774+0000] {processor.py:840} INFO - DAG(s) 'example_nested_branch_dag' retrieved from /home/airflow/.local/lib/python3.12/site-packages/airflow/example_dags/example_nested_branch_dag.py
[2024-11-12T00:13:24.803+0000] {logging_mixin.py:188} INFO - [2024-11-12T00:13:24.803+0000] {dag.py:3096} INFO - Sync 1 DAGs
[2024-11-12T00:13:24.841+0000] {logging_mixin.py:188} INFO - [2024-11-12T00:13:24.840+0000] {dag.py:3954} INFO - Setting next_dagrun for example_nested_branch_dag to 2024-11-11 00:00:00+00:00, run_after=2024-11-12 00:00:00+00:00
[2024-11-12T00:13:24.872+0000] {processor.py:183} INFO - Processing /home/airflow/.local/lib/python3.12/site-packages/airflow/example_dags/example_nested_branch_dag.py took 0.118 seconds
[2024-11-12T00:13:55.266+0000] {processor.py:161} INFO - Started process (PID=983) to work on /home/airflow/.local/lib/python3.12/site-packages/airflow/example_dags/example_nested_branch_dag.py
[2024-11-12T00:13:55.267+0000] {processor.py:830} INFO - Processing file /home/airflow/.local/lib/python3.12/site-packages/airflow/example_dags/example_nested_branch_dag.py for tasks to queue
[2024-11-12T00:13:55.269+0000] {logging_mixin.py:188} INFO - [2024-11-12T00:13:55.269+0000] {dagbag.py:545} INFO - Filling up the DagBag from /home/airflow/.local/lib/python3.12/site-packages/airflow/example_dags/example_nested_branch_dag.py
[2024-11-12T00:13:55.279+0000] {processor.py:840} INFO - DAG(s) 'example_nested_branch_dag' retrieved from /home/airflow/.local/lib/python3.12/site-packages/airflow/example_dags/example_nested_branch_dag.py
[2024-11-12T00:13:55.300+0000] {logging_mixin.py:188} INFO - [2024-11-12T00:13:55.300+0000] {dag.py:3096} INFO - Sync 1 DAGs
[2024-11-12T00:13:55.322+0000] {logging_mixin.py:188} INFO - [2024-11-12T00:13:55.322+0000] {dag.py:3954} INFO - Setting next_dagrun for example_nested_branch_dag to 2024-11-11 00:00:00+00:00, run_after=2024-11-12 00:00:00+00:00
[2024-11-12T00:13:55.340+0000] {processor.py:183} INFO - Processing /home/airflow/.local/lib/python3.12/site-packages/airflow/example_dags/example_nested_branch_dag.py took 0.079 seconds
[2024-11-12T00:14:25.483+0000] {processor.py:161} INFO - Started process (PID=1042) to work on /home/airflow/.local/lib/python3.12/site-packages/airflow/example_dags/example_nested_branch_dag.py
[2024-11-12T00:14:25.484+0000] {processor.py:830} INFO - Processing file /home/airflow/.local/lib/python3.12/site-packages/airflow/example_dags/example_nested_branch_dag.py for tasks to queue
[2024-11-12T00:14:25.486+0000] {logging_mixin.py:188} INFO - [2024-11-12T00:14:25.486+0000] {dagbag.py:545} INFO - Filling up the DagBag from /home/airflow/.local/lib/python3.12/site-packages/airflow/example_dags/example_nested_branch_dag.py
[2024-11-12T00:14:25.496+0000] {processor.py:840} INFO - DAG(s) 'example_nested_branch_dag' retrieved from /home/airflow/.local/lib/python3.12/site-packages/airflow/example_dags/example_nested_branch_dag.py
[2024-11-12T00:14:25.518+0000] {logging_mixin.py:188} INFO - [2024-11-12T00:14:25.517+0000] {dag.py:3096} INFO - Sync 1 DAGs
[2024-11-12T00:14:25.539+0000] {logging_mixin.py:188} INFO - [2024-11-12T00:14:25.538+0000] {dag.py:3954} INFO - Setting next_dagrun for example_nested_branch_dag to 2024-11-11 00:00:00+00:00, run_after=2024-11-12 00:00:00+00:00
[2024-11-12T00:14:25.557+0000] {processor.py:183} INFO - Processing /home/airflow/.local/lib/python3.12/site-packages/airflow/example_dags/example_nested_branch_dag.py took 0.080 seconds
[2024-11-12T00:14:55.876+0000] {processor.py:161} INFO - Started process (PID=1101) to work on /home/airflow/.local/lib/python3.12/site-packages/airflow/example_dags/example_nested_branch_dag.py
[2024-11-12T00:14:55.877+0000] {processor.py:830} INFO - Processing file /home/airflow/.local/lib/python3.12/site-packages/airflow/example_dags/example_nested_branch_dag.py for tasks to queue
[2024-11-12T00:14:55.879+0000] {logging_mixin.py:188} INFO - [2024-11-12T00:14:55.879+0000] {dagbag.py:545} INFO - Filling up the DagBag from /home/airflow/.local/lib/python3.12/site-packages/airflow/example_dags/example_nested_branch_dag.py
[2024-11-12T00:14:55.891+0000] {processor.py:840} INFO - DAG(s) 'example_nested_branch_dag' retrieved from /home/airflow/.local/lib/python3.12/site-packages/airflow/example_dags/example_nested_branch_dag.py
[2024-11-12T00:14:55.914+0000] {logging_mixin.py:188} INFO - [2024-11-12T00:14:55.913+0000] {dag.py:3096} INFO - Sync 1 DAGs
[2024-11-12T00:14:55.938+0000] {logging_mixin.py:188} INFO - [2024-11-12T00:14:55.938+0000] {dag.py:3954} INFO - Setting next_dagrun for example_nested_branch_dag to 2024-11-11 00:00:00+00:00, run_after=2024-11-12 00:00:00+00:00
[2024-11-12T00:14:55.959+0000] {processor.py:183} INFO - Processing /home/airflow/.local/lib/python3.12/site-packages/airflow/example_dags/example_nested_branch_dag.py took 0.089 seconds
[2024-11-12T00:15:26.308+0000] {processor.py:161} INFO - Started process (PID=1160) to work on /home/airflow/.local/lib/python3.12/site-packages/airflow/example_dags/example_nested_branch_dag.py
[2024-11-12T00:15:26.309+0000] {processor.py:830} INFO - Processing file /home/airflow/.local/lib/python3.12/site-packages/airflow/example_dags/example_nested_branch_dag.py for tasks to queue
[2024-11-12T00:15:26.311+0000] {logging_mixin.py:188} INFO - [2024-11-12T00:15:26.310+0000] {dagbag.py:545} INFO - Filling up the DagBag from /home/airflow/.local/lib/python3.12/site-packages/airflow/example_dags/example_nested_branch_dag.py
[2024-11-12T00:15:26.322+0000] {processor.py:840} INFO - DAG(s) 'example_nested_branch_dag' retrieved from /home/airflow/.local/lib/python3.12/site-packages/airflow/example_dags/example_nested_branch_dag.py
[2024-11-12T00:15:26.343+0000] {logging_mixin.py:188} INFO - [2024-11-12T00:15:26.343+0000] {dag.py:3096} INFO - Sync 1 DAGs
[2024-11-12T00:15:26.371+0000] {logging_mixin.py:188} INFO - [2024-11-12T00:15:26.371+0000] {dag.py:3954} INFO - Setting next_dagrun for example_nested_branch_dag to 2024-11-11 00:00:00+00:00, run_after=2024-11-12 00:00:00+00:00
[2024-11-12T00:15:26.389+0000] {processor.py:183} INFO - Processing /home/airflow/.local/lib/python3.12/site-packages/airflow/example_dags/example_nested_branch_dag.py took 0.088 seconds
[2024-11-12T00:15:56.565+0000] {processor.py:161} INFO - Started process (PID=1219) to work on /home/airflow/.local/lib/python3.12/site-packages/airflow/example_dags/example_nested_branch_dag.py
[2024-11-12T00:15:56.566+0000] {processor.py:830} INFO - Processing file /home/airflow/.local/lib/python3.12/site-packages/airflow/example_dags/example_nested_branch_dag.py for tasks to queue
[2024-11-12T00:15:56.568+0000] {logging_mixin.py:188} INFO - [2024-11-12T00:15:56.568+0000] {dagbag.py:545} INFO - Filling up the DagBag from /home/airflow/.local/lib/python3.12/site-packages/airflow/example_dags/example_nested_branch_dag.py
[2024-11-12T00:15:56.580+0000] {processor.py:840} INFO - DAG(s) 'example_nested_branch_dag' retrieved from /home/airflow/.local/lib/python3.12/site-packages/airflow/example_dags/example_nested_branch_dag.py
[2024-11-12T00:15:56.602+0000] {logging_mixin.py:188} INFO - [2024-11-12T00:15:56.601+0000] {dag.py:3096} INFO - Sync 1 DAGs
[2024-11-12T00:15:56.623+0000] {logging_mixin.py:188} INFO - [2024-11-12T00:15:56.623+0000] {dag.py:3954} INFO - Setting next_dagrun for example_nested_branch_dag to 2024-11-11 00:00:00+00:00, run_after=2024-11-12 00:00:00+00:00
[2024-11-12T00:15:56.640+0000] {processor.py:183} INFO - Processing /home/airflow/.local/lib/python3.12/site-packages/airflow/example_dags/example_nested_branch_dag.py took 0.081 seconds
[2024-11-12T00:16:26.781+0000] {processor.py:161} INFO - Started process (PID=1278) to work on /home/airflow/.local/lib/python3.12/site-packages/airflow/example_dags/example_nested_branch_dag.py
[2024-11-12T00:16:26.782+0000] {processor.py:830} INFO - Processing file /home/airflow/.local/lib/python3.12/site-packages/airflow/example_dags/example_nested_branch_dag.py for tasks to queue
[2024-11-12T00:16:26.784+0000] {logging_mixin.py:188} INFO - [2024-11-12T00:16:26.784+0000] {dagbag.py:545} INFO - Filling up the DagBag from /home/airflow/.local/lib/python3.12/site-packages/airflow/example_dags/example_nested_branch_dag.py
[2024-11-12T00:16:26.794+0000] {processor.py:840} INFO - DAG(s) 'example_nested_branch_dag' retrieved from /home/airflow/.local/lib/python3.12/site-packages/airflow/example_dags/example_nested_branch_dag.py
[2024-11-12T00:16:26.815+0000] {logging_mixin.py:188} INFO - [2024-11-12T00:16:26.815+0000] {dag.py:3096} INFO - Sync 1 DAGs
[2024-11-12T00:16:26.837+0000] {logging_mixin.py:188} INFO - [2024-11-12T00:16:26.837+0000] {dag.py:3954} INFO - Setting next_dagrun for example_nested_branch_dag to 2024-11-11 00:00:00+00:00, run_after=2024-11-12 00:00:00+00:00
[2024-11-12T00:16:26.854+0000] {processor.py:183} INFO - Processing /home/airflow/.local/lib/python3.12/site-packages/airflow/example_dags/example_nested_branch_dag.py took 0.080 seconds
[2024-11-12T00:16:57.853+0000] {processor.py:161} INFO - Started process (PID=1337) to work on /home/airflow/.local/lib/python3.12/site-packages/airflow/example_dags/example_nested_branch_dag.py
[2024-11-12T00:16:57.854+0000] {processor.py:830} INFO - Processing file /home/airflow/.local/lib/python3.12/site-packages/airflow/example_dags/example_nested_branch_dag.py for tasks to queue
[2024-11-12T00:16:57.856+0000] {logging_mixin.py:188} INFO - [2024-11-12T00:16:57.856+0000] {dagbag.py:545} INFO - Filling up the DagBag from /home/airflow/.local/lib/python3.12/site-packages/airflow/example_dags/example_nested_branch_dag.py
[2024-11-12T00:16:57.866+0000] {processor.py:840} INFO - DAG(s) 'example_nested_branch_dag' retrieved from /home/airflow/.local/lib/python3.12/site-packages/airflow/example_dags/example_nested_branch_dag.py
[2024-11-12T00:16:57.966+0000] {logging_mixin.py:188} INFO - [2024-11-12T00:16:57.966+0000] {dag.py:3096} INFO - Sync 1 DAGs
[2024-11-12T00:16:57.987+0000] {logging_mixin.py:188} INFO - [2024-11-12T00:16:57.987+0000] {dag.py:3954} INFO - Setting next_dagrun for example_nested_branch_dag to 2024-11-11 00:00:00+00:00, run_after=2024-11-12 00:00:00+00:00
[2024-11-12T00:16:58.005+0000] {processor.py:183} INFO - Processing /home/airflow/.local/lib/python3.12/site-packages/airflow/example_dags/example_nested_branch_dag.py took 0.158 seconds
[2024-11-12T00:17:28.674+0000] {processor.py:161} INFO - Started process (PID=1396) to work on /home/airflow/.local/lib/python3.12/site-packages/airflow/example_dags/example_nested_branch_dag.py
[2024-11-12T00:17:28.675+0000] {processor.py:830} INFO - Processing file /home/airflow/.local/lib/python3.12/site-packages/airflow/example_dags/example_nested_branch_dag.py for tasks to queue
[2024-11-12T00:17:28.678+0000] {logging_mixin.py:188} INFO - [2024-11-12T00:17:28.677+0000] {dagbag.py:545} INFO - Filling up the DagBag from /home/airflow/.local/lib/python3.12/site-packages/airflow/example_dags/example_nested_branch_dag.py
[2024-11-12T00:17:28.689+0000] {processor.py:840} INFO - DAG(s) 'example_nested_branch_dag' retrieved from /home/airflow/.local/lib/python3.12/site-packages/airflow/example_dags/example_nested_branch_dag.py
[2024-11-12T00:17:28.712+0000] {logging_mixin.py:188} INFO - [2024-11-12T00:17:28.712+0000] {dag.py:3096} INFO - Sync 1 DAGs
[2024-11-12T00:17:28.757+0000] {logging_mixin.py:188} INFO - [2024-11-12T00:17:28.756+0000] {dag.py:3954} INFO - Setting next_dagrun for example_nested_branch_dag to 2024-11-11 00:00:00+00:00, run_after=2024-11-12 00:00:00+00:00
[2024-11-12T00:17:28.785+0000] {processor.py:183} INFO - Processing /home/airflow/.local/lib/python3.12/site-packages/airflow/example_dags/example_nested_branch_dag.py took 0.116 seconds
[2024-11-12T00:17:59.155+0000] {processor.py:161} INFO - Started process (PID=1455) to work on /home/airflow/.local/lib/python3.12/site-packages/airflow/example_dags/example_nested_branch_dag.py
[2024-11-12T00:17:59.156+0000] {processor.py:830} INFO - Processing file /home/airflow/.local/lib/python3.12/site-packages/airflow/example_dags/example_nested_branch_dag.py for tasks to queue
[2024-11-12T00:17:59.158+0000] {logging_mixin.py:188} INFO - [2024-11-12T00:17:59.158+0000] {dagbag.py:545} INFO - Filling up the DagBag from /home/airflow/.local/lib/python3.12/site-packages/airflow/example_dags/example_nested_branch_dag.py
[2024-11-12T00:17:59.169+0000] {processor.py:840} INFO - DAG(s) 'example_nested_branch_dag' retrieved from /home/airflow/.local/lib/python3.12/site-packages/airflow/example_dags/example_nested_branch_dag.py
[2024-11-12T00:17:59.190+0000] {logging_mixin.py:188} INFO - [2024-11-12T00:17:59.190+0000] {dag.py:3096} INFO - Sync 1 DAGs
[2024-11-12T00:17:59.212+0000] {logging_mixin.py:188} INFO - [2024-11-12T00:17:59.211+0000] {dag.py:3954} INFO - Setting next_dagrun for example_nested_branch_dag to 2024-11-11 00:00:00+00:00, run_after=2024-11-12 00:00:00+00:00
[2024-11-12T00:17:59.230+0000] {processor.py:183} INFO - Processing /home/airflow/.local/lib/python3.12/site-packages/airflow/example_dags/example_nested_branch_dag.py took 0.080 seconds
[2024-11-12T00:18:29.921+0000] {processor.py:161} INFO - Started process (PID=1515) to work on /home/airflow/.local/lib/python3.12/site-packages/airflow/example_dags/example_nested_branch_dag.py
[2024-11-12T00:18:29.922+0000] {processor.py:830} INFO - Processing file /home/airflow/.local/lib/python3.12/site-packages/airflow/example_dags/example_nested_branch_dag.py for tasks to queue
[2024-11-12T00:18:29.925+0000] {logging_mixin.py:188} INFO - [2024-11-12T00:18:29.924+0000] {dagbag.py:545} INFO - Filling up the DagBag from /home/airflow/.local/lib/python3.12/site-packages/airflow/example_dags/example_nested_branch_dag.py
[2024-11-12T00:18:29.936+0000] {processor.py:840} INFO - DAG(s) 'example_nested_branch_dag' retrieved from /home/airflow/.local/lib/python3.12/site-packages/airflow/example_dags/example_nested_branch_dag.py
[2024-11-12T00:18:29.960+0000] {logging_mixin.py:188} INFO - [2024-11-12T00:18:29.959+0000] {dag.py:3096} INFO - Sync 1 DAGs
[2024-11-12T00:18:29.983+0000] {logging_mixin.py:188} INFO - [2024-11-12T00:18:29.983+0000] {dag.py:3954} INFO - Setting next_dagrun for example_nested_branch_dag to 2024-11-11 00:00:00+00:00, run_after=2024-11-12 00:00:00+00:00
[2024-11-12T00:18:30.003+0000] {processor.py:183} INFO - Processing /home/airflow/.local/lib/python3.12/site-packages/airflow/example_dags/example_nested_branch_dag.py took 0.089 seconds
[2024-11-12T00:19:00.343+0000] {processor.py:161} INFO - Started process (PID=1574) to work on /home/airflow/.local/lib/python3.12/site-packages/airflow/example_dags/example_nested_branch_dag.py
[2024-11-12T00:19:00.344+0000] {processor.py:830} INFO - Processing file /home/airflow/.local/lib/python3.12/site-packages/airflow/example_dags/example_nested_branch_dag.py for tasks to queue
[2024-11-12T00:19:00.346+0000] {logging_mixin.py:188} INFO - [2024-11-12T00:19:00.346+0000] {dagbag.py:545} INFO - Filling up the DagBag from /home/airflow/.local/lib/python3.12/site-packages/airflow/example_dags/example_nested_branch_dag.py
[2024-11-12T00:19:00.359+0000] {processor.py:840} INFO - DAG(s) 'example_nested_branch_dag' retrieved from /home/airflow/.local/lib/python3.12/site-packages/airflow/example_dags/example_nested_branch_dag.py
[2024-11-12T00:19:00.382+0000] {logging_mixin.py:188} INFO - [2024-11-12T00:19:00.382+0000] {dag.py:3096} INFO - Sync 1 DAGs
[2024-11-12T00:19:00.408+0000] {logging_mixin.py:188} INFO - [2024-11-12T00:19:00.408+0000] {dag.py:3954} INFO - Setting next_dagrun for example_nested_branch_dag to 2024-11-11 00:00:00+00:00, run_after=2024-11-12 00:00:00+00:00
[2024-11-12T00:19:00.429+0000] {processor.py:183} INFO - Processing /home/airflow/.local/lib/python3.12/site-packages/airflow/example_dags/example_nested_branch_dag.py took 0.093 seconds
[2024-11-12T00:19:31.261+0000] {processor.py:161} INFO - Started process (PID=1633) to work on /home/airflow/.local/lib/python3.12/site-packages/airflow/example_dags/example_nested_branch_dag.py
[2024-11-12T00:19:31.263+0000] {processor.py:830} INFO - Processing file /home/airflow/.local/lib/python3.12/site-packages/airflow/example_dags/example_nested_branch_dag.py for tasks to queue
[2024-11-12T00:19:31.272+0000] {logging_mixin.py:188} INFO - [2024-11-12T00:19:31.270+0000] {dagbag.py:545} INFO - Filling up the DagBag from /home/airflow/.local/lib/python3.12/site-packages/airflow/example_dags/example_nested_branch_dag.py
[2024-11-12T00:19:31.300+0000] {processor.py:840} INFO - DAG(s) 'example_nested_branch_dag' retrieved from /home/airflow/.local/lib/python3.12/site-packages/airflow/example_dags/example_nested_branch_dag.py
[2024-11-12T00:19:31.353+0000] {logging_mixin.py:188} INFO - [2024-11-12T00:19:31.352+0000] {dag.py:3096} INFO - Sync 1 DAGs
[2024-11-12T00:19:31.400+0000] {logging_mixin.py:188} INFO - [2024-11-12T00:19:31.400+0000] {dag.py:3954} INFO - Setting next_dagrun for example_nested_branch_dag to 2024-11-11 00:00:00+00:00, run_after=2024-11-12 00:00:00+00:00
[2024-11-12T00:19:31.428+0000] {processor.py:183} INFO - Processing /home/airflow/.local/lib/python3.12/site-packages/airflow/example_dags/example_nested_branch_dag.py took 0.181 seconds
[2024-11-12T00:20:02.399+0000] {processor.py:161} INFO - Started process (PID=1692) to work on /home/airflow/.local/lib/python3.12/site-packages/airflow/example_dags/example_nested_branch_dag.py
[2024-11-12T00:20:02.400+0000] {processor.py:830} INFO - Processing file /home/airflow/.local/lib/python3.12/site-packages/airflow/example_dags/example_nested_branch_dag.py for tasks to queue
[2024-11-12T00:20:02.403+0000] {logging_mixin.py:188} INFO - [2024-11-12T00:20:02.402+0000] {dagbag.py:545} INFO - Filling up the DagBag from /home/airflow/.local/lib/python3.12/site-packages/airflow/example_dags/example_nested_branch_dag.py
[2024-11-12T00:20:02.415+0000] {processor.py:840} INFO - DAG(s) 'example_nested_branch_dag' retrieved from /home/airflow/.local/lib/python3.12/site-packages/airflow/example_dags/example_nested_branch_dag.py
[2024-11-12T00:20:02.439+0000] {logging_mixin.py:188} INFO - [2024-11-12T00:20:02.439+0000] {dag.py:3096} INFO - Sync 1 DAGs
[2024-11-12T00:20:02.464+0000] {logging_mixin.py:188} INFO - [2024-11-12T00:20:02.464+0000] {dag.py:3954} INFO - Setting next_dagrun for example_nested_branch_dag to 2024-11-11 00:00:00+00:00, run_after=2024-11-12 00:00:00+00:00
[2024-11-12T00:20:02.483+0000] {processor.py:183} INFO - Processing /home/airflow/.local/lib/python3.12/site-packages/airflow/example_dags/example_nested_branch_dag.py took 0.091 seconds
[2024-11-12T00:20:32.565+0000] {processor.py:161} INFO - Started process (PID=1751) to work on /home/airflow/.local/lib/python3.12/site-packages/airflow/example_dags/example_nested_branch_dag.py
[2024-11-12T00:20:32.566+0000] {processor.py:830} INFO - Processing file /home/airflow/.local/lib/python3.12/site-packages/airflow/example_dags/example_nested_branch_dag.py for tasks to queue
[2024-11-12T00:20:32.569+0000] {logging_mixin.py:188} INFO - [2024-11-12T00:20:32.568+0000] {dagbag.py:545} INFO - Filling up the DagBag from /home/airflow/.local/lib/python3.12/site-packages/airflow/example_dags/example_nested_branch_dag.py
[2024-11-12T00:20:32.579+0000] {processor.py:840} INFO - DAG(s) 'example_nested_branch_dag' retrieved from /home/airflow/.local/lib/python3.12/site-packages/airflow/example_dags/example_nested_branch_dag.py
[2024-11-12T00:20:32.601+0000] {logging_mixin.py:188} INFO - [2024-11-12T00:20:32.600+0000] {dag.py:3096} INFO - Sync 1 DAGs
[2024-11-12T00:20:32.623+0000] {logging_mixin.py:188} INFO - [2024-11-12T00:20:32.623+0000] {dag.py:3954} INFO - Setting next_dagrun for example_nested_branch_dag to 2024-11-11 00:00:00+00:00, run_after=2024-11-12 00:00:00+00:00
[2024-11-12T00:20:32.641+0000] {processor.py:183} INFO - Processing /home/airflow/.local/lib/python3.12/site-packages/airflow/example_dags/example_nested_branch_dag.py took 0.081 seconds
[2024-11-12T00:21:02.957+0000] {processor.py:161} INFO - Started process (PID=1810) to work on /home/airflow/.local/lib/python3.12/site-packages/airflow/example_dags/example_nested_branch_dag.py
[2024-11-12T00:21:02.959+0000] {processor.py:830} INFO - Processing file /home/airflow/.local/lib/python3.12/site-packages/airflow/example_dags/example_nested_branch_dag.py for tasks to queue
[2024-11-12T00:21:02.961+0000] {logging_mixin.py:188} INFO - [2024-11-12T00:21:02.960+0000] {dagbag.py:545} INFO - Filling up the DagBag from /home/airflow/.local/lib/python3.12/site-packages/airflow/example_dags/example_nested_branch_dag.py
[2024-11-12T00:21:02.970+0000] {processor.py:840} INFO - DAG(s) 'example_nested_branch_dag' retrieved from /home/airflow/.local/lib/python3.12/site-packages/airflow/example_dags/example_nested_branch_dag.py
[2024-11-12T00:21:02.992+0000] {logging_mixin.py:188} INFO - [2024-11-12T00:21:02.992+0000] {dag.py:3096} INFO - Sync 1 DAGs
[2024-11-12T00:21:03.016+0000] {logging_mixin.py:188} INFO - [2024-11-12T00:21:03.015+0000] {dag.py:3954} INFO - Setting next_dagrun for example_nested_branch_dag to 2024-11-11 00:00:00+00:00, run_after=2024-11-12 00:00:00+00:00
[2024-11-12T00:21:03.036+0000] {processor.py:183} INFO - Processing /home/airflow/.local/lib/python3.12/site-packages/airflow/example_dags/example_nested_branch_dag.py took 0.085 seconds
[2024-11-12T00:21:33.485+0000] {processor.py:161} INFO - Started process (PID=1870) to work on /home/airflow/.local/lib/python3.12/site-packages/airflow/example_dags/example_nested_branch_dag.py
[2024-11-12T00:21:33.487+0000] {processor.py:830} INFO - Processing file /home/airflow/.local/lib/python3.12/site-packages/airflow/example_dags/example_nested_branch_dag.py for tasks to queue
[2024-11-12T00:21:33.489+0000] {logging_mixin.py:188} INFO - [2024-11-12T00:21:33.488+0000] {dagbag.py:545} INFO - Filling up the DagBag from /home/airflow/.local/lib/python3.12/site-packages/airflow/example_dags/example_nested_branch_dag.py
[2024-11-12T00:21:33.500+0000] {processor.py:840} INFO - DAG(s) 'example_nested_branch_dag' retrieved from /home/airflow/.local/lib/python3.12/site-packages/airflow/example_dags/example_nested_branch_dag.py
[2024-11-12T00:21:33.523+0000] {logging_mixin.py:188} INFO - [2024-11-12T00:21:33.522+0000] {dag.py:3096} INFO - Sync 1 DAGs
[2024-11-12T00:21:33.545+0000] {logging_mixin.py:188} INFO - [2024-11-12T00:21:33.545+0000] {dag.py:3954} INFO - Setting next_dagrun for example_nested_branch_dag to 2024-11-11 00:00:00+00:00, run_after=2024-11-12 00:00:00+00:00
[2024-11-12T00:21:33.564+0000] {processor.py:183} INFO - Processing /home/airflow/.local/lib/python3.12/site-packages/airflow/example_dags/example_nested_branch_dag.py took 0.085 seconds
[2024-11-12T00:22:04.286+0000] {processor.py:161} INFO - Started process (PID=1930) to work on /home/airflow/.local/lib/python3.12/site-packages/airflow/example_dags/example_nested_branch_dag.py
[2024-11-12T00:22:04.287+0000] {processor.py:830} INFO - Processing file /home/airflow/.local/lib/python3.12/site-packages/airflow/example_dags/example_nested_branch_dag.py for tasks to queue
[2024-11-12T00:22:04.289+0000] {logging_mixin.py:188} INFO - [2024-11-12T00:22:04.289+0000] {dagbag.py:545} INFO - Filling up the DagBag from /home/airflow/.local/lib/python3.12/site-packages/airflow/example_dags/example_nested_branch_dag.py
[2024-11-12T00:22:04.301+0000] {processor.py:840} INFO - DAG(s) 'example_nested_branch_dag' retrieved from /home/airflow/.local/lib/python3.12/site-packages/airflow/example_dags/example_nested_branch_dag.py
[2024-11-12T00:22:04.416+0000] {logging_mixin.py:188} INFO - [2024-11-12T00:22:04.415+0000] {dag.py:3096} INFO - Sync 1 DAGs
[2024-11-12T00:22:04.437+0000] {logging_mixin.py:188} INFO - [2024-11-12T00:22:04.437+0000] {dag.py:3954} INFO - Setting next_dagrun for example_nested_branch_dag to 2024-11-11 00:00:00+00:00, run_after=2024-11-12 00:00:00+00:00
[2024-11-12T00:22:04.457+0000] {processor.py:183} INFO - Processing /home/airflow/.local/lib/python3.12/site-packages/airflow/example_dags/example_nested_branch_dag.py took 0.177 seconds
[2024-11-12T00:22:34.591+0000] {processor.py:161} INFO - Started process (PID=1989) to work on /home/airflow/.local/lib/python3.12/site-packages/airflow/example_dags/example_nested_branch_dag.py
[2024-11-12T00:22:34.592+0000] {processor.py:830} INFO - Processing file /home/airflow/.local/lib/python3.12/site-packages/airflow/example_dags/example_nested_branch_dag.py for tasks to queue
[2024-11-12T00:22:34.594+0000] {logging_mixin.py:188} INFO - [2024-11-12T00:22:34.593+0000] {dagbag.py:545} INFO - Filling up the DagBag from /home/airflow/.local/lib/python3.12/site-packages/airflow/example_dags/example_nested_branch_dag.py
[2024-11-12T00:22:34.603+0000] {processor.py:840} INFO - DAG(s) 'example_nested_branch_dag' retrieved from /home/airflow/.local/lib/python3.12/site-packages/airflow/example_dags/example_nested_branch_dag.py
[2024-11-12T00:22:34.625+0000] {logging_mixin.py:188} INFO - [2024-11-12T00:22:34.625+0000] {dag.py:3096} INFO - Sync 1 DAGs
[2024-11-12T00:22:34.648+0000] {logging_mixin.py:188} INFO - [2024-11-12T00:22:34.647+0000] {dag.py:3954} INFO - Setting next_dagrun for example_nested_branch_dag to 2024-11-11 00:00:00+00:00, run_after=2024-11-12 00:00:00+00:00
[2024-11-12T00:22:34.667+0000] {processor.py:183} INFO - Processing /home/airflow/.local/lib/python3.12/site-packages/airflow/example_dags/example_nested_branch_dag.py took 0.082 seconds
[2024-11-12T00:23:04.743+0000] {processor.py:161} INFO - Started process (PID=2048) to work on /home/airflow/.local/lib/python3.12/site-packages/airflow/example_dags/example_nested_branch_dag.py
[2024-11-12T00:23:04.744+0000] {processor.py:830} INFO - Processing file /home/airflow/.local/lib/python3.12/site-packages/airflow/example_dags/example_nested_branch_dag.py for tasks to queue
[2024-11-12T00:23:04.747+0000] {logging_mixin.py:188} INFO - [2024-11-12T00:23:04.746+0000] {dagbag.py:545} INFO - Filling up the DagBag from /home/airflow/.local/lib/python3.12/site-packages/airflow/example_dags/example_nested_branch_dag.py
[2024-11-12T00:23:04.758+0000] {processor.py:840} INFO - DAG(s) 'example_nested_branch_dag' retrieved from /home/airflow/.local/lib/python3.12/site-packages/airflow/example_dags/example_nested_branch_dag.py
[2024-11-12T00:23:04.782+0000] {logging_mixin.py:188} INFO - [2024-11-12T00:23:04.781+0000] {dag.py:3096} INFO - Sync 1 DAGs
[2024-11-12T00:23:04.805+0000] {logging_mixin.py:188} INFO - [2024-11-12T00:23:04.805+0000] {dag.py:3954} INFO - Setting next_dagrun for example_nested_branch_dag to 2024-11-11 00:00:00+00:00, run_after=2024-11-12 00:00:00+00:00
[2024-11-12T00:23:04.824+0000] {processor.py:183} INFO - Processing /home/airflow/.local/lib/python3.12/site-packages/airflow/example_dags/example_nested_branch_dag.py took 0.087 seconds
[2024-11-12T00:23:35.238+0000] {processor.py:161} INFO - Started process (PID=2109) to work on /home/airflow/.local/lib/python3.12/site-packages/airflow/example_dags/example_nested_branch_dag.py
[2024-11-12T00:23:35.239+0000] {processor.py:830} INFO - Processing file /home/airflow/.local/lib/python3.12/site-packages/airflow/example_dags/example_nested_branch_dag.py for tasks to queue
[2024-11-12T00:23:35.241+0000] {logging_mixin.py:188} INFO - [2024-11-12T00:23:35.241+0000] {dagbag.py:545} INFO - Filling up the DagBag from /home/airflow/.local/lib/python3.12/site-packages/airflow/example_dags/example_nested_branch_dag.py
[2024-11-12T00:23:35.251+0000] {processor.py:840} INFO - DAG(s) 'example_nested_branch_dag' retrieved from /home/airflow/.local/lib/python3.12/site-packages/airflow/example_dags/example_nested_branch_dag.py
[2024-11-12T00:23:35.273+0000] {logging_mixin.py:188} INFO - [2024-11-12T00:23:35.272+0000] {dag.py:3096} INFO - Sync 1 DAGs
[2024-11-12T00:23:35.295+0000] {logging_mixin.py:188} INFO - [2024-11-12T00:23:35.295+0000] {dag.py:3954} INFO - Setting next_dagrun for example_nested_branch_dag to 2024-11-11 00:00:00+00:00, run_after=2024-11-12 00:00:00+00:00
[2024-11-12T00:23:35.316+0000] {processor.py:183} INFO - Processing /home/airflow/.local/lib/python3.12/site-packages/airflow/example_dags/example_nested_branch_dag.py took 0.085 seconds
[2024-11-12T00:24:06.017+0000] {processor.py:161} INFO - Started process (PID=2168) to work on /home/airflow/.local/lib/python3.12/site-packages/airflow/example_dags/example_nested_branch_dag.py
[2024-11-12T00:24:06.018+0000] {processor.py:830} INFO - Processing file /home/airflow/.local/lib/python3.12/site-packages/airflow/example_dags/example_nested_branch_dag.py for tasks to queue
[2024-11-12T00:24:06.020+0000] {logging_mixin.py:188} INFO - [2024-11-12T00:24:06.020+0000] {dagbag.py:545} INFO - Filling up the DagBag from /home/airflow/.local/lib/python3.12/site-packages/airflow/example_dags/example_nested_branch_dag.py
[2024-11-12T00:24:06.030+0000] {processor.py:840} INFO - DAG(s) 'example_nested_branch_dag' retrieved from /home/airflow/.local/lib/python3.12/site-packages/airflow/example_dags/example_nested_branch_dag.py
[2024-11-12T00:24:06.051+0000] {logging_mixin.py:188} INFO - [2024-11-12T00:24:06.050+0000] {dag.py:3096} INFO - Sync 1 DAGs
[2024-11-12T00:24:06.078+0000] {logging_mixin.py:188} INFO - [2024-11-12T00:24:06.078+0000] {dag.py:3954} INFO - Setting next_dagrun for example_nested_branch_dag to 2024-11-11 00:00:00+00:00, run_after=2024-11-12 00:00:00+00:00
[2024-11-12T00:24:06.100+0000] {processor.py:183} INFO - Processing /home/airflow/.local/lib/python3.12/site-packages/airflow/example_dags/example_nested_branch_dag.py took 0.088 seconds
[2024-11-12T00:24:36.615+0000] {processor.py:161} INFO - Started process (PID=2227) to work on /home/airflow/.local/lib/python3.12/site-packages/airflow/example_dags/example_nested_branch_dag.py
[2024-11-12T00:24:36.616+0000] {processor.py:830} INFO - Processing file /home/airflow/.local/lib/python3.12/site-packages/airflow/example_dags/example_nested_branch_dag.py for tasks to queue
[2024-11-12T00:24:36.619+0000] {logging_mixin.py:188} INFO - [2024-11-12T00:24:36.619+0000] {dagbag.py:545} INFO - Filling up the DagBag from /home/airflow/.local/lib/python3.12/site-packages/airflow/example_dags/example_nested_branch_dag.py
[2024-11-12T00:24:36.632+0000] {processor.py:840} INFO - DAG(s) 'example_nested_branch_dag' retrieved from /home/airflow/.local/lib/python3.12/site-packages/airflow/example_dags/example_nested_branch_dag.py
[2024-11-12T00:24:36.660+0000] {logging_mixin.py:188} INFO - [2024-11-12T00:24:36.660+0000] {dag.py:3096} INFO - Sync 1 DAGs
[2024-11-12T00:24:36.688+0000] {logging_mixin.py:188} INFO - [2024-11-12T00:24:36.688+0000] {dag.py:3954} INFO - Setting next_dagrun for example_nested_branch_dag to 2024-11-11 00:00:00+00:00, run_after=2024-11-12 00:00:00+00:00
[2024-11-12T00:24:36.707+0000] {processor.py:183} INFO - Processing /home/airflow/.local/lib/python3.12/site-packages/airflow/example_dags/example_nested_branch_dag.py took 0.100 seconds
[2024-11-12T00:25:07.098+0000] {processor.py:161} INFO - Started process (PID=2286) to work on /home/airflow/.local/lib/python3.12/site-packages/airflow/example_dags/example_nested_branch_dag.py
[2024-11-12T00:25:07.099+0000] {processor.py:830} INFO - Processing file /home/airflow/.local/lib/python3.12/site-packages/airflow/example_dags/example_nested_branch_dag.py for tasks to queue
[2024-11-12T00:25:07.101+0000] {logging_mixin.py:188} INFO - [2024-11-12T00:25:07.101+0000] {dagbag.py:545} INFO - Filling up the DagBag from /home/airflow/.local/lib/python3.12/site-packages/airflow/example_dags/example_nested_branch_dag.py
[2024-11-12T00:25:07.113+0000] {processor.py:840} INFO - DAG(s) 'example_nested_branch_dag' retrieved from /home/airflow/.local/lib/python3.12/site-packages/airflow/example_dags/example_nested_branch_dag.py
[2024-11-12T00:25:07.135+0000] {logging_mixin.py:188} INFO - [2024-11-12T00:25:07.135+0000] {dag.py:3096} INFO - Sync 1 DAGs
[2024-11-12T00:25:07.160+0000] {logging_mixin.py:188} INFO - [2024-11-12T00:25:07.160+0000] {dag.py:3954} INFO - Setting next_dagrun for example_nested_branch_dag to 2024-11-11 00:00:00+00:00, run_after=2024-11-12 00:00:00+00:00
[2024-11-12T00:25:07.180+0000] {processor.py:183} INFO - Processing /home/airflow/.local/lib/python3.12/site-packages/airflow/example_dags/example_nested_branch_dag.py took 0.089 seconds
