[2024-11-12T00:06:44.917+0000] {processor.py:161} INFO - Started process (PID=147) to work on /home/airflow/.local/lib/python3.12/site-packages/airflow/example_dags/example_branch_datetime_operator.py
[2024-11-12T00:06:44.918+0000] {processor.py:830} INFO - Processing file /home/airflow/.local/lib/python3.12/site-packages/airflow/example_dags/example_branch_datetime_operator.py for tasks to queue
[2024-11-12T00:06:44.920+0000] {logging_mixin.py:188} INFO - [2024-11-12T00:06:44.920+0000] {dagbag.py:545} INFO - Filling up the DagBag from /home/airflow/.local/lib/python3.12/site-packages/airflow/example_dags/example_branch_datetime_operator.py
[2024-11-12T00:06:44.933+0000] {processor.py:840} INFO - DAG(s) 'example_branch_datetime_operator_3', 'example_branch_datetime_operator', 'example_branch_datetime_operator_2' retrieved from /home/airflow/.local/lib/python3.12/site-packages/airflow/example_dags/example_branch_datetime_operator.py
[2024-11-12T00:06:45.105+0000] {logging_mixin.py:188} INFO - [2024-11-12T00:06:45.105+0000] {dag.py:3096} INFO - Sync 3 DAGs
[2024-11-12T00:06:45.138+0000] {logging_mixin.py:188} INFO - [2024-11-12T00:06:45.137+0000] {dag.py:3954} INFO - Setting next_dagrun for example_branch_datetime_operator to 2024-11-11 00:00:00+00:00, run_after=2024-11-12 00:00:00+00:00
[2024-11-12T00:06:45.144+0000] {logging_mixin.py:188} INFO - [2024-11-12T00:06:45.143+0000] {dag.py:3954} INFO - Setting next_dagrun for example_branch_datetime_operator_2 to 2024-11-11 00:00:00+00:00, run_after=2024-11-12 00:00:00+00:00
[2024-11-12T00:06:45.148+0000] {logging_mixin.py:188} INFO - [2024-11-12T00:06:45.148+0000] {dag.py:3954} INFO - Setting next_dagrun for example_branch_datetime_operator_3 to 2024-11-11 00:00:00+00:00, run_after=2024-11-12 00:00:00+00:00
[2024-11-12T00:06:45.174+0000] {processor.py:183} INFO - Processing /home/airflow/.local/lib/python3.12/site-packages/airflow/example_dags/example_branch_datetime_operator.py took 0.263 seconds
[2024-11-12T00:07:17.128+0000] {processor.py:161} INFO - Started process (PID=206) to work on /home/airflow/.local/lib/python3.12/site-packages/airflow/example_dags/example_branch_datetime_operator.py
[2024-11-12T00:07:17.136+0000] {processor.py:830} INFO - Processing file /home/airflow/.local/lib/python3.12/site-packages/airflow/example_dags/example_branch_datetime_operator.py for tasks to queue
[2024-11-12T00:07:17.139+0000] {logging_mixin.py:188} INFO - [2024-11-12T00:07:17.138+0000] {dagbag.py:545} INFO - Filling up the DagBag from /home/airflow/.local/lib/python3.12/site-packages/airflow/example_dags/example_branch_datetime_operator.py
[2024-11-12T00:07:17.149+0000] {processor.py:840} INFO - DAG(s) 'example_branch_datetime_operator_3', 'example_branch_datetime_operator_2', 'example_branch_datetime_operator' retrieved from /home/airflow/.local/lib/python3.12/site-packages/airflow/example_dags/example_branch_datetime_operator.py
[2024-11-12T00:07:17.181+0000] {logging_mixin.py:188} INFO - [2024-11-12T00:07:17.180+0000] {dag.py:3096} INFO - Sync 3 DAGs
[2024-11-12T00:07:17.206+0000] {logging_mixin.py:188} INFO - [2024-11-12T00:07:17.205+0000] {dag.py:3954} INFO - Setting next_dagrun for example_branch_datetime_operator to 2024-11-11 00:00:00+00:00, run_after=2024-11-12 00:00:00+00:00
[2024-11-12T00:07:17.211+0000] {logging_mixin.py:188} INFO - [2024-11-12T00:07:17.210+0000] {dag.py:3954} INFO - Setting next_dagrun for example_branch_datetime_operator_2 to 2024-11-11 00:00:00+00:00, run_after=2024-11-12 00:00:00+00:00
[2024-11-12T00:07:17.214+0000] {logging_mixin.py:188} INFO - [2024-11-12T00:07:17.213+0000] {dag.py:3954} INFO - Setting next_dagrun for example_branch_datetime_operator_3 to 2024-11-11 00:00:00+00:00, run_after=2024-11-12 00:00:00+00:00
[2024-11-12T00:07:17.232+0000] {processor.py:183} INFO - Processing /home/airflow/.local/lib/python3.12/site-packages/airflow/example_dags/example_branch_datetime_operator.py took 0.110 seconds
[2024-11-12T00:07:47.484+0000] {processor.py:161} INFO - Started process (PID=265) to work on /home/airflow/.local/lib/python3.12/site-packages/airflow/example_dags/example_branch_datetime_operator.py
[2024-11-12T00:07:47.485+0000] {processor.py:830} INFO - Processing file /home/airflow/.local/lib/python3.12/site-packages/airflow/example_dags/example_branch_datetime_operator.py for tasks to queue
[2024-11-12T00:07:47.487+0000] {logging_mixin.py:188} INFO - [2024-11-12T00:07:47.487+0000] {dagbag.py:545} INFO - Filling up the DagBag from /home/airflow/.local/lib/python3.12/site-packages/airflow/example_dags/example_branch_datetime_operator.py
[2024-11-12T00:07:47.497+0000] {processor.py:840} INFO - DAG(s) 'example_branch_datetime_operator', 'example_branch_datetime_operator_2', 'example_branch_datetime_operator_3' retrieved from /home/airflow/.local/lib/python3.12/site-packages/airflow/example_dags/example_branch_datetime_operator.py
[2024-11-12T00:07:47.525+0000] {logging_mixin.py:188} INFO - [2024-11-12T00:07:47.525+0000] {dag.py:3096} INFO - Sync 3 DAGs
[2024-11-12T00:07:47.548+0000] {logging_mixin.py:188} INFO - [2024-11-12T00:07:47.548+0000] {dag.py:3954} INFO - Setting next_dagrun for example_branch_datetime_operator to 2024-11-11 00:00:00+00:00, run_after=2024-11-12 00:00:00+00:00
[2024-11-12T00:07:47.553+0000] {logging_mixin.py:188} INFO - [2024-11-12T00:07:47.553+0000] {dag.py:3954} INFO - Setting next_dagrun for example_branch_datetime_operator_2 to 2024-11-11 00:00:00+00:00, run_after=2024-11-12 00:00:00+00:00
[2024-11-12T00:07:47.556+0000] {logging_mixin.py:188} INFO - [2024-11-12T00:07:47.556+0000] {dag.py:3954} INFO - Setting next_dagrun for example_branch_datetime_operator_3 to 2024-11-11 00:00:00+00:00, run_after=2024-11-12 00:00:00+00:00
[2024-11-12T00:07:47.572+0000] {processor.py:183} INFO - Processing /home/airflow/.local/lib/python3.12/site-packages/airflow/example_dags/example_branch_datetime_operator.py took 0.094 seconds
[2024-11-12T00:08:17.891+0000] {processor.py:161} INFO - Started process (PID=324) to work on /home/airflow/.local/lib/python3.12/site-packages/airflow/example_dags/example_branch_datetime_operator.py
[2024-11-12T00:08:17.892+0000] {processor.py:830} INFO - Processing file /home/airflow/.local/lib/python3.12/site-packages/airflow/example_dags/example_branch_datetime_operator.py for tasks to queue
[2024-11-12T00:08:17.895+0000] {logging_mixin.py:188} INFO - [2024-11-12T00:08:17.894+0000] {dagbag.py:545} INFO - Filling up the DagBag from /home/airflow/.local/lib/python3.12/site-packages/airflow/example_dags/example_branch_datetime_operator.py
[2024-11-12T00:08:17.905+0000] {processor.py:840} INFO - DAG(s) 'example_branch_datetime_operator_2', 'example_branch_datetime_operator_3', 'example_branch_datetime_operator' retrieved from /home/airflow/.local/lib/python3.12/site-packages/airflow/example_dags/example_branch_datetime_operator.py
[2024-11-12T00:08:17.934+0000] {logging_mixin.py:188} INFO - [2024-11-12T00:08:17.933+0000] {dag.py:3096} INFO - Sync 3 DAGs
[2024-11-12T00:08:17.957+0000] {logging_mixin.py:188} INFO - [2024-11-12T00:08:17.957+0000] {dag.py:3954} INFO - Setting next_dagrun for example_branch_datetime_operator to 2024-11-11 00:00:00+00:00, run_after=2024-11-12 00:00:00+00:00
[2024-11-12T00:08:17.962+0000] {logging_mixin.py:188} INFO - [2024-11-12T00:08:17.962+0000] {dag.py:3954} INFO - Setting next_dagrun for example_branch_datetime_operator_2 to 2024-11-11 00:00:00+00:00, run_after=2024-11-12 00:00:00+00:00
[2024-11-12T00:08:17.965+0000] {logging_mixin.py:188} INFO - [2024-11-12T00:08:17.965+0000] {dag.py:3954} INFO - Setting next_dagrun for example_branch_datetime_operator_3 to 2024-11-11 00:00:00+00:00, run_after=2024-11-12 00:00:00+00:00
[2024-11-12T00:08:17.989+0000] {processor.py:183} INFO - Processing /home/airflow/.local/lib/python3.12/site-packages/airflow/example_dags/example_branch_datetime_operator.py took 0.105 seconds
[2024-11-12T00:08:48.129+0000] {processor.py:161} INFO - Started process (PID=383) to work on /home/airflow/.local/lib/python3.12/site-packages/airflow/example_dags/example_branch_datetime_operator.py
[2024-11-12T00:08:48.130+0000] {processor.py:830} INFO - Processing file /home/airflow/.local/lib/python3.12/site-packages/airflow/example_dags/example_branch_datetime_operator.py for tasks to queue
[2024-11-12T00:08:48.133+0000] {logging_mixin.py:188} INFO - [2024-11-12T00:08:48.133+0000] {dagbag.py:545} INFO - Filling up the DagBag from /home/airflow/.local/lib/python3.12/site-packages/airflow/example_dags/example_branch_datetime_operator.py
[2024-11-12T00:08:48.143+0000] {processor.py:840} INFO - DAG(s) 'example_branch_datetime_operator', 'example_branch_datetime_operator_3', 'example_branch_datetime_operator_2' retrieved from /home/airflow/.local/lib/python3.12/site-packages/airflow/example_dags/example_branch_datetime_operator.py
[2024-11-12T00:08:48.171+0000] {logging_mixin.py:188} INFO - [2024-11-12T00:08:48.170+0000] {dag.py:3096} INFO - Sync 3 DAGs
[2024-11-12T00:08:48.197+0000] {logging_mixin.py:188} INFO - [2024-11-12T00:08:48.196+0000] {dag.py:3954} INFO - Setting next_dagrun for example_branch_datetime_operator to 2024-11-11 00:00:00+00:00, run_after=2024-11-12 00:00:00+00:00
[2024-11-12T00:08:48.203+0000] {logging_mixin.py:188} INFO - [2024-11-12T00:08:48.203+0000] {dag.py:3954} INFO - Setting next_dagrun for example_branch_datetime_operator_2 to 2024-11-11 00:00:00+00:00, run_after=2024-11-12 00:00:00+00:00
[2024-11-12T00:08:48.207+0000] {logging_mixin.py:188} INFO - [2024-11-12T00:08:48.207+0000] {dag.py:3954} INFO - Setting next_dagrun for example_branch_datetime_operator_3 to 2024-11-11 00:00:00+00:00, run_after=2024-11-12 00:00:00+00:00
[2024-11-12T00:08:48.227+0000] {processor.py:183} INFO - Processing /home/airflow/.local/lib/python3.12/site-packages/airflow/example_dags/example_branch_datetime_operator.py took 0.105 seconds
[2024-11-12T00:09:18.287+0000] {processor.py:161} INFO - Started process (PID=442) to work on /home/airflow/.local/lib/python3.12/site-packages/airflow/example_dags/example_branch_datetime_operator.py
[2024-11-12T00:09:18.288+0000] {processor.py:830} INFO - Processing file /home/airflow/.local/lib/python3.12/site-packages/airflow/example_dags/example_branch_datetime_operator.py for tasks to queue
[2024-11-12T00:09:18.290+0000] {logging_mixin.py:188} INFO - [2024-11-12T00:09:18.290+0000] {dagbag.py:545} INFO - Filling up the DagBag from /home/airflow/.local/lib/python3.12/site-packages/airflow/example_dags/example_branch_datetime_operator.py
[2024-11-12T00:09:18.303+0000] {processor.py:840} INFO - DAG(s) 'example_branch_datetime_operator_2', 'example_branch_datetime_operator', 'example_branch_datetime_operator_3' retrieved from /home/airflow/.local/lib/python3.12/site-packages/airflow/example_dags/example_branch_datetime_operator.py
[2024-11-12T00:09:18.335+0000] {logging_mixin.py:188} INFO - [2024-11-12T00:09:18.334+0000] {dag.py:3096} INFO - Sync 3 DAGs
[2024-11-12T00:09:18.357+0000] {logging_mixin.py:188} INFO - [2024-11-12T00:09:18.357+0000] {dag.py:3954} INFO - Setting next_dagrun for example_branch_datetime_operator to 2024-11-11 00:00:00+00:00, run_after=2024-11-12 00:00:00+00:00
[2024-11-12T00:09:18.362+0000] {logging_mixin.py:188} INFO - [2024-11-12T00:09:18.362+0000] {dag.py:3954} INFO - Setting next_dagrun for example_branch_datetime_operator_2 to 2024-11-11 00:00:00+00:00, run_after=2024-11-12 00:00:00+00:00
[2024-11-12T00:09:18.364+0000] {logging_mixin.py:188} INFO - [2024-11-12T00:09:18.364+0000] {dag.py:3954} INFO - Setting next_dagrun for example_branch_datetime_operator_3 to 2024-11-11 00:00:00+00:00, run_after=2024-11-12 00:00:00+00:00
[2024-11-12T00:09:18.380+0000] {processor.py:183} INFO - Processing /home/airflow/.local/lib/python3.12/site-packages/airflow/example_dags/example_branch_datetime_operator.py took 0.099 seconds
[2024-11-12T00:09:48.683+0000] {processor.py:161} INFO - Started process (PID=501) to work on /home/airflow/.local/lib/python3.12/site-packages/airflow/example_dags/example_branch_datetime_operator.py
[2024-11-12T00:09:48.684+0000] {processor.py:830} INFO - Processing file /home/airflow/.local/lib/python3.12/site-packages/airflow/example_dags/example_branch_datetime_operator.py for tasks to queue
[2024-11-12T00:09:48.686+0000] {logging_mixin.py:188} INFO - [2024-11-12T00:09:48.686+0000] {dagbag.py:545} INFO - Filling up the DagBag from /home/airflow/.local/lib/python3.12/site-packages/airflow/example_dags/example_branch_datetime_operator.py
[2024-11-12T00:09:48.696+0000] {processor.py:840} INFO - DAG(s) 'example_branch_datetime_operator_3', 'example_branch_datetime_operator', 'example_branch_datetime_operator_2' retrieved from /home/airflow/.local/lib/python3.12/site-packages/airflow/example_dags/example_branch_datetime_operator.py
[2024-11-12T00:09:48.724+0000] {logging_mixin.py:188} INFO - [2024-11-12T00:09:48.724+0000] {dag.py:3096} INFO - Sync 3 DAGs
[2024-11-12T00:09:48.746+0000] {logging_mixin.py:188} INFO - [2024-11-12T00:09:48.746+0000] {dag.py:3954} INFO - Setting next_dagrun for example_branch_datetime_operator to 2024-11-11 00:00:00+00:00, run_after=2024-11-12 00:00:00+00:00
[2024-11-12T00:09:48.751+0000] {logging_mixin.py:188} INFO - [2024-11-12T00:09:48.751+0000] {dag.py:3954} INFO - Setting next_dagrun for example_branch_datetime_operator_2 to 2024-11-11 00:00:00+00:00, run_after=2024-11-12 00:00:00+00:00
[2024-11-12T00:09:48.754+0000] {logging_mixin.py:188} INFO - [2024-11-12T00:09:48.754+0000] {dag.py:3954} INFO - Setting next_dagrun for example_branch_datetime_operator_3 to 2024-11-11 00:00:00+00:00, run_after=2024-11-12 00:00:00+00:00
[2024-11-12T00:09:48.771+0000] {processor.py:183} INFO - Processing /home/airflow/.local/lib/python3.12/site-packages/airflow/example_dags/example_branch_datetime_operator.py took 0.094 seconds
[2024-11-12T00:10:19.869+0000] {processor.py:161} INFO - Started process (PID=560) to work on /home/airflow/.local/lib/python3.12/site-packages/airflow/example_dags/example_branch_datetime_operator.py
[2024-11-12T00:10:19.870+0000] {processor.py:830} INFO - Processing file /home/airflow/.local/lib/python3.12/site-packages/airflow/example_dags/example_branch_datetime_operator.py for tasks to queue
[2024-11-12T00:10:19.872+0000] {logging_mixin.py:188} INFO - [2024-11-12T00:10:19.872+0000] {dagbag.py:545} INFO - Filling up the DagBag from /home/airflow/.local/lib/python3.12/site-packages/airflow/example_dags/example_branch_datetime_operator.py
[2024-11-12T00:10:19.885+0000] {processor.py:840} INFO - DAG(s) 'example_branch_datetime_operator_3', 'example_branch_datetime_operator_2', 'example_branch_datetime_operator' retrieved from /home/airflow/.local/lib/python3.12/site-packages/airflow/example_dags/example_branch_datetime_operator.py
[2024-11-12T00:10:20.036+0000] {logging_mixin.py:188} INFO - [2024-11-12T00:10:20.035+0000] {dag.py:3096} INFO - Sync 3 DAGs
[2024-11-12T00:10:20.056+0000] {logging_mixin.py:188} INFO - [2024-11-12T00:10:20.056+0000] {dag.py:3954} INFO - Setting next_dagrun for example_branch_datetime_operator to 2024-11-11 00:00:00+00:00, run_after=2024-11-12 00:00:00+00:00
[2024-11-12T00:10:20.060+0000] {logging_mixin.py:188} INFO - [2024-11-12T00:10:20.060+0000] {dag.py:3954} INFO - Setting next_dagrun for example_branch_datetime_operator_2 to 2024-11-11 00:00:00+00:00, run_after=2024-11-12 00:00:00+00:00
[2024-11-12T00:10:20.063+0000] {logging_mixin.py:188} INFO - [2024-11-12T00:10:20.062+0000] {dag.py:3954} INFO - Setting next_dagrun for example_branch_datetime_operator_3 to 2024-11-11 00:00:00+00:00, run_after=2024-11-12 00:00:00+00:00
[2024-11-12T00:10:20.081+0000] {processor.py:183} INFO - Processing /home/airflow/.local/lib/python3.12/site-packages/airflow/example_dags/example_branch_datetime_operator.py took 0.218 seconds
[2024-11-12T00:10:51.006+0000] {processor.py:161} INFO - Started process (PID=618) to work on /home/airflow/.local/lib/python3.12/site-packages/airflow/example_dags/example_branch_datetime_operator.py
[2024-11-12T00:10:51.007+0000] {processor.py:830} INFO - Processing file /home/airflow/.local/lib/python3.12/site-packages/airflow/example_dags/example_branch_datetime_operator.py for tasks to queue
[2024-11-12T00:10:51.010+0000] {logging_mixin.py:188} INFO - [2024-11-12T00:10:51.009+0000] {dagbag.py:545} INFO - Filling up the DagBag from /home/airflow/.local/lib/python3.12/site-packages/airflow/example_dags/example_branch_datetime_operator.py
[2024-11-12T00:10:51.024+0000] {processor.py:840} INFO - DAG(s) 'example_branch_datetime_operator_3', 'example_branch_datetime_operator_2', 'example_branch_datetime_operator' retrieved from /home/airflow/.local/lib/python3.12/site-packages/airflow/example_dags/example_branch_datetime_operator.py
[2024-11-12T00:10:51.066+0000] {logging_mixin.py:188} INFO - [2024-11-12T00:10:51.066+0000] {dag.py:3096} INFO - Sync 3 DAGs
[2024-11-12T00:10:51.099+0000] {logging_mixin.py:188} INFO - [2024-11-12T00:10:51.099+0000] {dag.py:3954} INFO - Setting next_dagrun for example_branch_datetime_operator to 2024-11-11 00:00:00+00:00, run_after=2024-11-12 00:00:00+00:00
[2024-11-12T00:10:51.106+0000] {logging_mixin.py:188} INFO - [2024-11-12T00:10:51.106+0000] {dag.py:3954} INFO - Setting next_dagrun for example_branch_datetime_operator_2 to 2024-11-11 00:00:00+00:00, run_after=2024-11-12 00:00:00+00:00
[2024-11-12T00:10:51.110+0000] {logging_mixin.py:188} INFO - [2024-11-12T00:10:51.109+0000] {dag.py:3954} INFO - Setting next_dagrun for example_branch_datetime_operator_3 to 2024-11-11 00:00:00+00:00, run_after=2024-11-12 00:00:00+00:00
[2024-11-12T00:10:51.149+0000] {processor.py:183} INFO - Processing /home/airflow/.local/lib/python3.12/site-packages/airflow/example_dags/example_branch_datetime_operator.py took 0.153 seconds
[2024-11-12T00:11:22.003+0000] {processor.py:161} INFO - Started process (PID=684) to work on /home/airflow/.local/lib/python3.12/site-packages/airflow/example_dags/example_branch_datetime_operator.py
[2024-11-12T00:11:22.005+0000] {processor.py:830} INFO - Processing file /home/airflow/.local/lib/python3.12/site-packages/airflow/example_dags/example_branch_datetime_operator.py for tasks to queue
[2024-11-12T00:11:22.007+0000] {logging_mixin.py:188} INFO - [2024-11-12T00:11:22.007+0000] {dagbag.py:545} INFO - Filling up the DagBag from /home/airflow/.local/lib/python3.12/site-packages/airflow/example_dags/example_branch_datetime_operator.py
[2024-11-12T00:11:22.017+0000] {processor.py:840} INFO - DAG(s) 'example_branch_datetime_operator_2', 'example_branch_datetime_operator_3', 'example_branch_datetime_operator' retrieved from /home/airflow/.local/lib/python3.12/site-packages/airflow/example_dags/example_branch_datetime_operator.py
[2024-11-12T00:11:22.044+0000] {logging_mixin.py:188} INFO - [2024-11-12T00:11:22.044+0000] {dag.py:3096} INFO - Sync 3 DAGs
[2024-11-12T00:11:22.068+0000] {logging_mixin.py:188} INFO - [2024-11-12T00:11:22.067+0000] {dag.py:3954} INFO - Setting next_dagrun for example_branch_datetime_operator to 2024-11-11 00:00:00+00:00, run_after=2024-11-12 00:00:00+00:00
[2024-11-12T00:11:22.073+0000] {logging_mixin.py:188} INFO - [2024-11-12T00:11:22.073+0000] {dag.py:3954} INFO - Setting next_dagrun for example_branch_datetime_operator_2 to 2024-11-11 00:00:00+00:00, run_after=2024-11-12 00:00:00+00:00
[2024-11-12T00:11:22.076+0000] {logging_mixin.py:188} INFO - [2024-11-12T00:11:22.076+0000] {dag.py:3954} INFO - Setting next_dagrun for example_branch_datetime_operator_3 to 2024-11-11 00:00:00+00:00, run_after=2024-11-12 00:00:00+00:00
[2024-11-12T00:11:22.095+0000] {processor.py:183} INFO - Processing /home/airflow/.local/lib/python3.12/site-packages/airflow/example_dags/example_branch_datetime_operator.py took 0.098 seconds
[2024-11-12T00:11:52.463+0000] {processor.py:161} INFO - Started process (PID=743) to work on /home/airflow/.local/lib/python3.12/site-packages/airflow/example_dags/example_branch_datetime_operator.py
[2024-11-12T00:11:52.935+0000] {processor.py:830} INFO - Processing file /home/airflow/.local/lib/python3.12/site-packages/airflow/example_dags/example_branch_datetime_operator.py for tasks to queue
[2024-11-12T00:11:52.937+0000] {logging_mixin.py:188} INFO - [2024-11-12T00:11:52.937+0000] {dagbag.py:545} INFO - Filling up the DagBag from /home/airflow/.local/lib/python3.12/site-packages/airflow/example_dags/example_branch_datetime_operator.py
[2024-11-12T00:11:52.950+0000] {processor.py:840} INFO - DAG(s) 'example_branch_datetime_operator_2', 'example_branch_datetime_operator', 'example_branch_datetime_operator_3' retrieved from /home/airflow/.local/lib/python3.12/site-packages/airflow/example_dags/example_branch_datetime_operator.py
[2024-11-12T00:11:53.095+0000] {logging_mixin.py:188} INFO - [2024-11-12T00:11:53.094+0000] {dag.py:3096} INFO - Sync 3 DAGs
[2024-11-12T00:11:53.115+0000] {logging_mixin.py:188} INFO - [2024-11-12T00:11:53.115+0000] {dag.py:3954} INFO - Setting next_dagrun for example_branch_datetime_operator to 2024-11-11 00:00:00+00:00, run_after=2024-11-12 00:00:00+00:00
[2024-11-12T00:11:53.119+0000] {logging_mixin.py:188} INFO - [2024-11-12T00:11:53.119+0000] {dag.py:3954} INFO - Setting next_dagrun for example_branch_datetime_operator_2 to 2024-11-11 00:00:00+00:00, run_after=2024-11-12 00:00:00+00:00
[2024-11-12T00:11:53.122+0000] {logging_mixin.py:188} INFO - [2024-11-12T00:11:53.122+0000] {dag.py:3954} INFO - Setting next_dagrun for example_branch_datetime_operator_3 to 2024-11-11 00:00:00+00:00, run_after=2024-11-12 00:00:00+00:00
[2024-11-12T00:11:53.141+0000] {processor.py:183} INFO - Processing /home/airflow/.local/lib/python3.12/site-packages/airflow/example_dags/example_branch_datetime_operator.py took 0.685 seconds
[2024-11-12T00:12:23.748+0000] {processor.py:161} INFO - Started process (PID=802) to work on /home/airflow/.local/lib/python3.12/site-packages/airflow/example_dags/example_branch_datetime_operator.py
[2024-11-12T00:12:23.749+0000] {processor.py:830} INFO - Processing file /home/airflow/.local/lib/python3.12/site-packages/airflow/example_dags/example_branch_datetime_operator.py for tasks to queue
[2024-11-12T00:12:23.751+0000] {logging_mixin.py:188} INFO - [2024-11-12T00:12:23.751+0000] {dagbag.py:545} INFO - Filling up the DagBag from /home/airflow/.local/lib/python3.12/site-packages/airflow/example_dags/example_branch_datetime_operator.py
[2024-11-12T00:12:23.761+0000] {processor.py:840} INFO - DAG(s) 'example_branch_datetime_operator_3', 'example_branch_datetime_operator', 'example_branch_datetime_operator_2' retrieved from /home/airflow/.local/lib/python3.12/site-packages/airflow/example_dags/example_branch_datetime_operator.py
[2024-11-12T00:12:23.789+0000] {logging_mixin.py:188} INFO - [2024-11-12T00:12:23.789+0000] {dag.py:3096} INFO - Sync 3 DAGs
[2024-11-12T00:12:23.814+0000] {logging_mixin.py:188} INFO - [2024-11-12T00:12:23.813+0000] {dag.py:3954} INFO - Setting next_dagrun for example_branch_datetime_operator to 2024-11-11 00:00:00+00:00, run_after=2024-11-12 00:00:00+00:00
[2024-11-12T00:12:23.818+0000] {logging_mixin.py:188} INFO - [2024-11-12T00:12:23.818+0000] {dag.py:3954} INFO - Setting next_dagrun for example_branch_datetime_operator_2 to 2024-11-11 00:00:00+00:00, run_after=2024-11-12 00:00:00+00:00
[2024-11-12T00:12:23.821+0000] {logging_mixin.py:188} INFO - [2024-11-12T00:12:23.821+0000] {dag.py:3954} INFO - Setting next_dagrun for example_branch_datetime_operator_3 to 2024-11-11 00:00:00+00:00, run_after=2024-11-12 00:00:00+00:00
[2024-11-12T00:12:23.842+0000] {processor.py:183} INFO - Processing /home/airflow/.local/lib/python3.12/site-packages/airflow/example_dags/example_branch_datetime_operator.py took 0.101 seconds
[2024-11-12T00:12:54.126+0000] {processor.py:161} INFO - Started process (PID=861) to work on /home/airflow/.local/lib/python3.12/site-packages/airflow/example_dags/example_branch_datetime_operator.py
[2024-11-12T00:12:54.128+0000] {processor.py:830} INFO - Processing file /home/airflow/.local/lib/python3.12/site-packages/airflow/example_dags/example_branch_datetime_operator.py for tasks to queue
[2024-11-12T00:12:54.130+0000] {logging_mixin.py:188} INFO - [2024-11-12T00:12:54.129+0000] {dagbag.py:545} INFO - Filling up the DagBag from /home/airflow/.local/lib/python3.12/site-packages/airflow/example_dags/example_branch_datetime_operator.py
[2024-11-12T00:12:54.140+0000] {processor.py:840} INFO - DAG(s) 'example_branch_datetime_operator', 'example_branch_datetime_operator_2', 'example_branch_datetime_operator_3' retrieved from /home/airflow/.local/lib/python3.12/site-packages/airflow/example_dags/example_branch_datetime_operator.py
[2024-11-12T00:12:54.170+0000] {logging_mixin.py:188} INFO - [2024-11-12T00:12:54.169+0000] {dag.py:3096} INFO - Sync 3 DAGs
[2024-11-12T00:12:54.193+0000] {logging_mixin.py:188} INFO - [2024-11-12T00:12:54.193+0000] {dag.py:3954} INFO - Setting next_dagrun for example_branch_datetime_operator to 2024-11-11 00:00:00+00:00, run_after=2024-11-12 00:00:00+00:00
[2024-11-12T00:12:54.198+0000] {logging_mixin.py:188} INFO - [2024-11-12T00:12:54.197+0000] {dag.py:3954} INFO - Setting next_dagrun for example_branch_datetime_operator_2 to 2024-11-11 00:00:00+00:00, run_after=2024-11-12 00:00:00+00:00
[2024-11-12T00:12:54.202+0000] {logging_mixin.py:188} INFO - [2024-11-12T00:12:54.202+0000] {dag.py:3954} INFO - Setting next_dagrun for example_branch_datetime_operator_3 to 2024-11-11 00:00:00+00:00, run_after=2024-11-12 00:00:00+00:00
[2024-11-12T00:12:54.220+0000] {processor.py:183} INFO - Processing /home/airflow/.local/lib/python3.12/site-packages/airflow/example_dags/example_branch_datetime_operator.py took 0.100 seconds
[2024-11-12T00:13:24.506+0000] {processor.py:161} INFO - Started process (PID=920) to work on /home/airflow/.local/lib/python3.12/site-packages/airflow/example_dags/example_branch_datetime_operator.py
[2024-11-12T00:13:24.507+0000] {processor.py:830} INFO - Processing file /home/airflow/.local/lib/python3.12/site-packages/airflow/example_dags/example_branch_datetime_operator.py for tasks to queue
[2024-11-12T00:13:24.509+0000] {logging_mixin.py:188} INFO - [2024-11-12T00:13:24.509+0000] {dagbag.py:545} INFO - Filling up the DagBag from /home/airflow/.local/lib/python3.12/site-packages/airflow/example_dags/example_branch_datetime_operator.py
[2024-11-12T00:13:24.522+0000] {processor.py:840} INFO - DAG(s) 'example_branch_datetime_operator_3', 'example_branch_datetime_operator', 'example_branch_datetime_operator_2' retrieved from /home/airflow/.local/lib/python3.12/site-packages/airflow/example_dags/example_branch_datetime_operator.py
[2024-11-12T00:13:24.555+0000] {logging_mixin.py:188} INFO - [2024-11-12T00:13:24.554+0000] {dag.py:3096} INFO - Sync 3 DAGs
[2024-11-12T00:13:24.584+0000] {logging_mixin.py:188} INFO - [2024-11-12T00:13:24.583+0000] {dag.py:3954} INFO - Setting next_dagrun for example_branch_datetime_operator to 2024-11-11 00:00:00+00:00, run_after=2024-11-12 00:00:00+00:00
[2024-11-12T00:13:24.589+0000] {logging_mixin.py:188} INFO - [2024-11-12T00:13:24.589+0000] {dag.py:3954} INFO - Setting next_dagrun for example_branch_datetime_operator_2 to 2024-11-11 00:00:00+00:00, run_after=2024-11-12 00:00:00+00:00
[2024-11-12T00:13:24.593+0000] {logging_mixin.py:188} INFO - [2024-11-12T00:13:24.593+0000] {dag.py:3954} INFO - Setting next_dagrun for example_branch_datetime_operator_3 to 2024-11-11 00:00:00+00:00, run_after=2024-11-12 00:00:00+00:00
[2024-11-12T00:13:24.613+0000] {processor.py:183} INFO - Processing /home/airflow/.local/lib/python3.12/site-packages/airflow/example_dags/example_branch_datetime_operator.py took 0.115 seconds
[2024-11-12T00:13:55.049+0000] {processor.py:161} INFO - Started process (PID=979) to work on /home/airflow/.local/lib/python3.12/site-packages/airflow/example_dags/example_branch_datetime_operator.py
[2024-11-12T00:13:55.051+0000] {processor.py:830} INFO - Processing file /home/airflow/.local/lib/python3.12/site-packages/airflow/example_dags/example_branch_datetime_operator.py for tasks to queue
[2024-11-12T00:13:55.053+0000] {logging_mixin.py:188} INFO - [2024-11-12T00:13:55.052+0000] {dagbag.py:545} INFO - Filling up the DagBag from /home/airflow/.local/lib/python3.12/site-packages/airflow/example_dags/example_branch_datetime_operator.py
[2024-11-12T00:13:55.062+0000] {processor.py:840} INFO - DAG(s) 'example_branch_datetime_operator_2', 'example_branch_datetime_operator_3', 'example_branch_datetime_operator' retrieved from /home/airflow/.local/lib/python3.12/site-packages/airflow/example_dags/example_branch_datetime_operator.py
[2024-11-12T00:13:55.089+0000] {logging_mixin.py:188} INFO - [2024-11-12T00:13:55.088+0000] {dag.py:3096} INFO - Sync 3 DAGs
[2024-11-12T00:13:55.113+0000] {logging_mixin.py:188} INFO - [2024-11-12T00:13:55.113+0000] {dag.py:3954} INFO - Setting next_dagrun for example_branch_datetime_operator to 2024-11-11 00:00:00+00:00, run_after=2024-11-12 00:00:00+00:00
[2024-11-12T00:13:55.118+0000] {logging_mixin.py:188} INFO - [2024-11-12T00:13:55.118+0000] {dag.py:3954} INFO - Setting next_dagrun for example_branch_datetime_operator_2 to 2024-11-11 00:00:00+00:00, run_after=2024-11-12 00:00:00+00:00
[2024-11-12T00:13:55.121+0000] {logging_mixin.py:188} INFO - [2024-11-12T00:13:55.120+0000] {dag.py:3954} INFO - Setting next_dagrun for example_branch_datetime_operator_3 to 2024-11-11 00:00:00+00:00, run_after=2024-11-12 00:00:00+00:00
[2024-11-12T00:13:55.139+0000] {processor.py:183} INFO - Processing /home/airflow/.local/lib/python3.12/site-packages/airflow/example_dags/example_branch_datetime_operator.py took 0.096 seconds
[2024-11-12T00:14:25.265+0000] {processor.py:161} INFO - Started process (PID=1038) to work on /home/airflow/.local/lib/python3.12/site-packages/airflow/example_dags/example_branch_datetime_operator.py
[2024-11-12T00:14:25.266+0000] {processor.py:830} INFO - Processing file /home/airflow/.local/lib/python3.12/site-packages/airflow/example_dags/example_branch_datetime_operator.py for tasks to queue
[2024-11-12T00:14:25.268+0000] {logging_mixin.py:188} INFO - [2024-11-12T00:14:25.267+0000] {dagbag.py:545} INFO - Filling up the DagBag from /home/airflow/.local/lib/python3.12/site-packages/airflow/example_dags/example_branch_datetime_operator.py
[2024-11-12T00:14:25.278+0000] {processor.py:840} INFO - DAG(s) 'example_branch_datetime_operator', 'example_branch_datetime_operator_2', 'example_branch_datetime_operator_3' retrieved from /home/airflow/.local/lib/python3.12/site-packages/airflow/example_dags/example_branch_datetime_operator.py
[2024-11-12T00:14:25.307+0000] {logging_mixin.py:188} INFO - [2024-11-12T00:14:25.306+0000] {dag.py:3096} INFO - Sync 3 DAGs
[2024-11-12T00:14:25.328+0000] {logging_mixin.py:188} INFO - [2024-11-12T00:14:25.328+0000] {dag.py:3954} INFO - Setting next_dagrun for example_branch_datetime_operator to 2024-11-11 00:00:00+00:00, run_after=2024-11-12 00:00:00+00:00
[2024-11-12T00:14:25.333+0000] {logging_mixin.py:188} INFO - [2024-11-12T00:14:25.333+0000] {dag.py:3954} INFO - Setting next_dagrun for example_branch_datetime_operator_2 to 2024-11-11 00:00:00+00:00, run_after=2024-11-12 00:00:00+00:00
[2024-11-12T00:14:25.336+0000] {logging_mixin.py:188} INFO - [2024-11-12T00:14:25.336+0000] {dag.py:3954} INFO - Setting next_dagrun for example_branch_datetime_operator_3 to 2024-11-11 00:00:00+00:00, run_after=2024-11-12 00:00:00+00:00
[2024-11-12T00:14:25.354+0000] {processor.py:183} INFO - Processing /home/airflow/.local/lib/python3.12/site-packages/airflow/example_dags/example_branch_datetime_operator.py took 0.095 seconds
[2024-11-12T00:14:55.638+0000] {processor.py:161} INFO - Started process (PID=1097) to work on /home/airflow/.local/lib/python3.12/site-packages/airflow/example_dags/example_branch_datetime_operator.py
[2024-11-12T00:14:55.639+0000] {processor.py:830} INFO - Processing file /home/airflow/.local/lib/python3.12/site-packages/airflow/example_dags/example_branch_datetime_operator.py for tasks to queue
[2024-11-12T00:14:55.641+0000] {logging_mixin.py:188} INFO - [2024-11-12T00:14:55.641+0000] {dagbag.py:545} INFO - Filling up the DagBag from /home/airflow/.local/lib/python3.12/site-packages/airflow/example_dags/example_branch_datetime_operator.py
[2024-11-12T00:14:55.651+0000] {processor.py:840} INFO - DAG(s) 'example_branch_datetime_operator_2', 'example_branch_datetime_operator', 'example_branch_datetime_operator_3' retrieved from /home/airflow/.local/lib/python3.12/site-packages/airflow/example_dags/example_branch_datetime_operator.py
[2024-11-12T00:14:55.684+0000] {logging_mixin.py:188} INFO - [2024-11-12T00:14:55.684+0000] {dag.py:3096} INFO - Sync 3 DAGs
[2024-11-12T00:14:55.711+0000] {logging_mixin.py:188} INFO - [2024-11-12T00:14:55.711+0000] {dag.py:3954} INFO - Setting next_dagrun for example_branch_datetime_operator to 2024-11-11 00:00:00+00:00, run_after=2024-11-12 00:00:00+00:00
[2024-11-12T00:14:55.717+0000] {logging_mixin.py:188} INFO - [2024-11-12T00:14:55.716+0000] {dag.py:3954} INFO - Setting next_dagrun for example_branch_datetime_operator_2 to 2024-11-11 00:00:00+00:00, run_after=2024-11-12 00:00:00+00:00
[2024-11-12T00:14:55.720+0000] {logging_mixin.py:188} INFO - [2024-11-12T00:14:55.719+0000] {dag.py:3954} INFO - Setting next_dagrun for example_branch_datetime_operator_3 to 2024-11-11 00:00:00+00:00, run_after=2024-11-12 00:00:00+00:00
[2024-11-12T00:14:55.740+0000] {processor.py:183} INFO - Processing /home/airflow/.local/lib/python3.12/site-packages/airflow/example_dags/example_branch_datetime_operator.py took 0.107 seconds
[2024-11-12T00:15:26.038+0000] {processor.py:161} INFO - Started process (PID=1156) to work on /home/airflow/.local/lib/python3.12/site-packages/airflow/example_dags/example_branch_datetime_operator.py
[2024-11-12T00:15:26.040+0000] {processor.py:830} INFO - Processing file /home/airflow/.local/lib/python3.12/site-packages/airflow/example_dags/example_branch_datetime_operator.py for tasks to queue
[2024-11-12T00:15:26.043+0000] {logging_mixin.py:188} INFO - [2024-11-12T00:15:26.042+0000] {dagbag.py:545} INFO - Filling up the DagBag from /home/airflow/.local/lib/python3.12/site-packages/airflow/example_dags/example_branch_datetime_operator.py
[2024-11-12T00:15:26.056+0000] {processor.py:840} INFO - DAG(s) 'example_branch_datetime_operator_2', 'example_branch_datetime_operator', 'example_branch_datetime_operator_3' retrieved from /home/airflow/.local/lib/python3.12/site-packages/airflow/example_dags/example_branch_datetime_operator.py
[2024-11-12T00:15:26.099+0000] {logging_mixin.py:188} INFO - [2024-11-12T00:15:26.098+0000] {dag.py:3096} INFO - Sync 3 DAGs
[2024-11-12T00:15:26.132+0000] {logging_mixin.py:188} INFO - [2024-11-12T00:15:26.132+0000] {dag.py:3954} INFO - Setting next_dagrun for example_branch_datetime_operator to 2024-11-11 00:00:00+00:00, run_after=2024-11-12 00:00:00+00:00
[2024-11-12T00:15:26.139+0000] {logging_mixin.py:188} INFO - [2024-11-12T00:15:26.139+0000] {dag.py:3954} INFO - Setting next_dagrun for example_branch_datetime_operator_2 to 2024-11-11 00:00:00+00:00, run_after=2024-11-12 00:00:00+00:00
[2024-11-12T00:15:26.142+0000] {logging_mixin.py:188} INFO - [2024-11-12T00:15:26.142+0000] {dag.py:3954} INFO - Setting next_dagrun for example_branch_datetime_operator_3 to 2024-11-11 00:00:00+00:00, run_after=2024-11-12 00:00:00+00:00
[2024-11-12T00:15:26.168+0000] {processor.py:183} INFO - Processing /home/airflow/.local/lib/python3.12/site-packages/airflow/example_dags/example_branch_datetime_operator.py took 0.138 seconds
[2024-11-12T00:15:56.348+0000] {processor.py:161} INFO - Started process (PID=1215) to work on /home/airflow/.local/lib/python3.12/site-packages/airflow/example_dags/example_branch_datetime_operator.py
[2024-11-12T00:15:56.349+0000] {processor.py:830} INFO - Processing file /home/airflow/.local/lib/python3.12/site-packages/airflow/example_dags/example_branch_datetime_operator.py for tasks to queue
[2024-11-12T00:15:56.351+0000] {logging_mixin.py:188} INFO - [2024-11-12T00:15:56.351+0000] {dagbag.py:545} INFO - Filling up the DagBag from /home/airflow/.local/lib/python3.12/site-packages/airflow/example_dags/example_branch_datetime_operator.py
[2024-11-12T00:15:56.362+0000] {processor.py:840} INFO - DAG(s) 'example_branch_datetime_operator_2', 'example_branch_datetime_operator', 'example_branch_datetime_operator_3' retrieved from /home/airflow/.local/lib/python3.12/site-packages/airflow/example_dags/example_branch_datetime_operator.py
[2024-11-12T00:15:56.389+0000] {logging_mixin.py:188} INFO - [2024-11-12T00:15:56.389+0000] {dag.py:3096} INFO - Sync 3 DAGs
[2024-11-12T00:15:56.411+0000] {logging_mixin.py:188} INFO - [2024-11-12T00:15:56.411+0000] {dag.py:3954} INFO - Setting next_dagrun for example_branch_datetime_operator to 2024-11-11 00:00:00+00:00, run_after=2024-11-12 00:00:00+00:00
[2024-11-12T00:15:56.416+0000] {logging_mixin.py:188} INFO - [2024-11-12T00:15:56.416+0000] {dag.py:3954} INFO - Setting next_dagrun for example_branch_datetime_operator_2 to 2024-11-11 00:00:00+00:00, run_after=2024-11-12 00:00:00+00:00
[2024-11-12T00:15:56.419+0000] {logging_mixin.py:188} INFO - [2024-11-12T00:15:56.418+0000] {dag.py:3954} INFO - Setting next_dagrun for example_branch_datetime_operator_3 to 2024-11-11 00:00:00+00:00, run_after=2024-11-12 00:00:00+00:00
[2024-11-12T00:15:56.436+0000] {processor.py:183} INFO - Processing /home/airflow/.local/lib/python3.12/site-packages/airflow/example_dags/example_branch_datetime_operator.py took 0.094 seconds
[2024-11-12T00:16:26.539+0000] {processor.py:161} INFO - Started process (PID=1274) to work on /home/airflow/.local/lib/python3.12/site-packages/airflow/example_dags/example_branch_datetime_operator.py
[2024-11-12T00:16:26.540+0000] {processor.py:830} INFO - Processing file /home/airflow/.local/lib/python3.12/site-packages/airflow/example_dags/example_branch_datetime_operator.py for tasks to queue
[2024-11-12T00:16:26.542+0000] {logging_mixin.py:188} INFO - [2024-11-12T00:16:26.542+0000] {dagbag.py:545} INFO - Filling up the DagBag from /home/airflow/.local/lib/python3.12/site-packages/airflow/example_dags/example_branch_datetime_operator.py
[2024-11-12T00:16:26.552+0000] {processor.py:840} INFO - DAG(s) 'example_branch_datetime_operator_3', 'example_branch_datetime_operator', 'example_branch_datetime_operator_2' retrieved from /home/airflow/.local/lib/python3.12/site-packages/airflow/example_dags/example_branch_datetime_operator.py
[2024-11-12T00:16:26.579+0000] {logging_mixin.py:188} INFO - [2024-11-12T00:16:26.579+0000] {dag.py:3096} INFO - Sync 3 DAGs
[2024-11-12T00:16:26.603+0000] {logging_mixin.py:188} INFO - [2024-11-12T00:16:26.603+0000] {dag.py:3954} INFO - Setting next_dagrun for example_branch_datetime_operator to 2024-11-11 00:00:00+00:00, run_after=2024-11-12 00:00:00+00:00
[2024-11-12T00:16:26.608+0000] {logging_mixin.py:188} INFO - [2024-11-12T00:16:26.608+0000] {dag.py:3954} INFO - Setting next_dagrun for example_branch_datetime_operator_2 to 2024-11-11 00:00:00+00:00, run_after=2024-11-12 00:00:00+00:00
[2024-11-12T00:16:26.611+0000] {logging_mixin.py:188} INFO - [2024-11-12T00:16:26.611+0000] {dag.py:3954} INFO - Setting next_dagrun for example_branch_datetime_operator_3 to 2024-11-11 00:00:00+00:00, run_after=2024-11-12 00:00:00+00:00
[2024-11-12T00:16:26.632+0000] {processor.py:183} INFO - Processing /home/airflow/.local/lib/python3.12/site-packages/airflow/example_dags/example_branch_datetime_operator.py took 0.098 seconds
[2024-11-12T00:16:57.481+0000] {processor.py:161} INFO - Started process (PID=1333) to work on /home/airflow/.local/lib/python3.12/site-packages/airflow/example_dags/example_branch_datetime_operator.py
[2024-11-12T00:16:57.482+0000] {processor.py:830} INFO - Processing file /home/airflow/.local/lib/python3.12/site-packages/airflow/example_dags/example_branch_datetime_operator.py for tasks to queue
[2024-11-12T00:16:57.485+0000] {logging_mixin.py:188} INFO - [2024-11-12T00:16:57.485+0000] {dagbag.py:545} INFO - Filling up the DagBag from /home/airflow/.local/lib/python3.12/site-packages/airflow/example_dags/example_branch_datetime_operator.py
[2024-11-12T00:16:57.497+0000] {processor.py:840} INFO - DAG(s) 'example_branch_datetime_operator_3', 'example_branch_datetime_operator', 'example_branch_datetime_operator_2' retrieved from /home/airflow/.local/lib/python3.12/site-packages/airflow/example_dags/example_branch_datetime_operator.py
[2024-11-12T00:16:57.627+0000] {logging_mixin.py:188} INFO - [2024-11-12T00:16:57.627+0000] {dag.py:3096} INFO - Sync 3 DAGs
[2024-11-12T00:16:57.647+0000] {logging_mixin.py:188} INFO - [2024-11-12T00:16:57.647+0000] {dag.py:3954} INFO - Setting next_dagrun for example_branch_datetime_operator to 2024-11-11 00:00:00+00:00, run_after=2024-11-12 00:00:00+00:00
[2024-11-12T00:16:57.652+0000] {logging_mixin.py:188} INFO - [2024-11-12T00:16:57.651+0000] {dag.py:3954} INFO - Setting next_dagrun for example_branch_datetime_operator_2 to 2024-11-11 00:00:00+00:00, run_after=2024-11-12 00:00:00+00:00
[2024-11-12T00:16:57.654+0000] {logging_mixin.py:188} INFO - [2024-11-12T00:16:57.654+0000] {dag.py:3954} INFO - Setting next_dagrun for example_branch_datetime_operator_3 to 2024-11-11 00:00:00+00:00, run_after=2024-11-12 00:00:00+00:00
[2024-11-12T00:16:57.672+0000] {processor.py:183} INFO - Processing /home/airflow/.local/lib/python3.12/site-packages/airflow/example_dags/example_branch_datetime_operator.py took 0.198 seconds
[2024-11-12T00:17:28.404+0000] {processor.py:161} INFO - Started process (PID=1392) to work on /home/airflow/.local/lib/python3.12/site-packages/airflow/example_dags/example_branch_datetime_operator.py
[2024-11-12T00:17:28.405+0000] {processor.py:830} INFO - Processing file /home/airflow/.local/lib/python3.12/site-packages/airflow/example_dags/example_branch_datetime_operator.py for tasks to queue
[2024-11-12T00:17:28.407+0000] {logging_mixin.py:188} INFO - [2024-11-12T00:17:28.407+0000] {dagbag.py:545} INFO - Filling up the DagBag from /home/airflow/.local/lib/python3.12/site-packages/airflow/example_dags/example_branch_datetime_operator.py
[2024-11-12T00:17:28.420+0000] {processor.py:840} INFO - DAG(s) 'example_branch_datetime_operator', 'example_branch_datetime_operator_2', 'example_branch_datetime_operator_3' retrieved from /home/airflow/.local/lib/python3.12/site-packages/airflow/example_dags/example_branch_datetime_operator.py
[2024-11-12T00:17:28.450+0000] {logging_mixin.py:188} INFO - [2024-11-12T00:17:28.450+0000] {dag.py:3096} INFO - Sync 3 DAGs
[2024-11-12T00:17:28.480+0000] {logging_mixin.py:188} INFO - [2024-11-12T00:17:28.480+0000] {dag.py:3954} INFO - Setting next_dagrun for example_branch_datetime_operator to 2024-11-11 00:00:00+00:00, run_after=2024-11-12 00:00:00+00:00
[2024-11-12T00:17:28.493+0000] {logging_mixin.py:188} INFO - [2024-11-12T00:17:28.492+0000] {dag.py:3954} INFO - Setting next_dagrun for example_branch_datetime_operator_2 to 2024-11-11 00:00:00+00:00, run_after=2024-11-12 00:00:00+00:00
[2024-11-12T00:17:28.499+0000] {logging_mixin.py:188} INFO - [2024-11-12T00:17:28.498+0000] {dag.py:3954} INFO - Setting next_dagrun for example_branch_datetime_operator_3 to 2024-11-11 00:00:00+00:00, run_after=2024-11-12 00:00:00+00:00
[2024-11-12T00:17:28.536+0000] {processor.py:183} INFO - Processing /home/airflow/.local/lib/python3.12/site-packages/airflow/example_dags/example_branch_datetime_operator.py took 0.140 seconds
[2024-11-12T00:17:58.921+0000] {processor.py:161} INFO - Started process (PID=1451) to work on /home/airflow/.local/lib/python3.12/site-packages/airflow/example_dags/example_branch_datetime_operator.py
[2024-11-12T00:17:58.923+0000] {processor.py:830} INFO - Processing file /home/airflow/.local/lib/python3.12/site-packages/airflow/example_dags/example_branch_datetime_operator.py for tasks to queue
[2024-11-12T00:17:58.926+0000] {logging_mixin.py:188} INFO - [2024-11-12T00:17:58.925+0000] {dagbag.py:545} INFO - Filling up the DagBag from /home/airflow/.local/lib/python3.12/site-packages/airflow/example_dags/example_branch_datetime_operator.py
[2024-11-12T00:17:58.937+0000] {processor.py:840} INFO - DAG(s) 'example_branch_datetime_operator', 'example_branch_datetime_operator_3', 'example_branch_datetime_operator_2' retrieved from /home/airflow/.local/lib/python3.12/site-packages/airflow/example_dags/example_branch_datetime_operator.py
[2024-11-12T00:17:58.971+0000] {logging_mixin.py:188} INFO - [2024-11-12T00:17:58.970+0000] {dag.py:3096} INFO - Sync 3 DAGs
[2024-11-12T00:17:58.995+0000] {logging_mixin.py:188} INFO - [2024-11-12T00:17:58.994+0000] {dag.py:3954} INFO - Setting next_dagrun for example_branch_datetime_operator to 2024-11-11 00:00:00+00:00, run_after=2024-11-12 00:00:00+00:00
[2024-11-12T00:17:59.000+0000] {logging_mixin.py:188} INFO - [2024-11-12T00:17:58.999+0000] {dag.py:3954} INFO - Setting next_dagrun for example_branch_datetime_operator_2 to 2024-11-11 00:00:00+00:00, run_after=2024-11-12 00:00:00+00:00
[2024-11-12T00:17:59.002+0000] {logging_mixin.py:188} INFO - [2024-11-12T00:17:59.002+0000] {dag.py:3954} INFO - Setting next_dagrun for example_branch_datetime_operator_3 to 2024-11-11 00:00:00+00:00, run_after=2024-11-12 00:00:00+00:00
[2024-11-12T00:17:59.022+0000] {processor.py:183} INFO - Processing /home/airflow/.local/lib/python3.12/site-packages/airflow/example_dags/example_branch_datetime_operator.py took 0.108 seconds
[2024-11-12T00:18:29.662+0000] {processor.py:161} INFO - Started process (PID=1511) to work on /home/airflow/.local/lib/python3.12/site-packages/airflow/example_dags/example_branch_datetime_operator.py
[2024-11-12T00:18:29.663+0000] {processor.py:830} INFO - Processing file /home/airflow/.local/lib/python3.12/site-packages/airflow/example_dags/example_branch_datetime_operator.py for tasks to queue
[2024-11-12T00:18:29.665+0000] {logging_mixin.py:188} INFO - [2024-11-12T00:18:29.665+0000] {dagbag.py:545} INFO - Filling up the DagBag from /home/airflow/.local/lib/python3.12/site-packages/airflow/example_dags/example_branch_datetime_operator.py
[2024-11-12T00:18:29.675+0000] {processor.py:840} INFO - DAG(s) 'example_branch_datetime_operator_3', 'example_branch_datetime_operator_2', 'example_branch_datetime_operator' retrieved from /home/airflow/.local/lib/python3.12/site-packages/airflow/example_dags/example_branch_datetime_operator.py
[2024-11-12T00:18:29.704+0000] {logging_mixin.py:188} INFO - [2024-11-12T00:18:29.703+0000] {dag.py:3096} INFO - Sync 3 DAGs
[2024-11-12T00:18:29.728+0000] {logging_mixin.py:188} INFO - [2024-11-12T00:18:29.728+0000] {dag.py:3954} INFO - Setting next_dagrun for example_branch_datetime_operator to 2024-11-11 00:00:00+00:00, run_after=2024-11-12 00:00:00+00:00
[2024-11-12T00:18:29.733+0000] {logging_mixin.py:188} INFO - [2024-11-12T00:18:29.733+0000] {dag.py:3954} INFO - Setting next_dagrun for example_branch_datetime_operator_2 to 2024-11-11 00:00:00+00:00, run_after=2024-11-12 00:00:00+00:00
[2024-11-12T00:18:29.737+0000] {logging_mixin.py:188} INFO - [2024-11-12T00:18:29.736+0000] {dag.py:3954} INFO - Setting next_dagrun for example_branch_datetime_operator_3 to 2024-11-11 00:00:00+00:00, run_after=2024-11-12 00:00:00+00:00
[2024-11-12T00:18:29.755+0000] {processor.py:183} INFO - Processing /home/airflow/.local/lib/python3.12/site-packages/airflow/example_dags/example_branch_datetime_operator.py took 0.099 seconds
[2024-11-12T00:19:00.124+0000] {processor.py:161} INFO - Started process (PID=1570) to work on /home/airflow/.local/lib/python3.12/site-packages/airflow/example_dags/example_branch_datetime_operator.py
[2024-11-12T00:19:00.125+0000] {processor.py:830} INFO - Processing file /home/airflow/.local/lib/python3.12/site-packages/airflow/example_dags/example_branch_datetime_operator.py for tasks to queue
[2024-11-12T00:19:00.128+0000] {logging_mixin.py:188} INFO - [2024-11-12T00:19:00.127+0000] {dagbag.py:545} INFO - Filling up the DagBag from /home/airflow/.local/lib/python3.12/site-packages/airflow/example_dags/example_branch_datetime_operator.py
[2024-11-12T00:19:00.137+0000] {processor.py:840} INFO - DAG(s) 'example_branch_datetime_operator', 'example_branch_datetime_operator_2', 'example_branch_datetime_operator_3' retrieved from /home/airflow/.local/lib/python3.12/site-packages/airflow/example_dags/example_branch_datetime_operator.py
[2024-11-12T00:19:00.165+0000] {logging_mixin.py:188} INFO - [2024-11-12T00:19:00.164+0000] {dag.py:3096} INFO - Sync 3 DAGs
[2024-11-12T00:19:00.189+0000] {logging_mixin.py:188} INFO - [2024-11-12T00:19:00.189+0000] {dag.py:3954} INFO - Setting next_dagrun for example_branch_datetime_operator to 2024-11-11 00:00:00+00:00, run_after=2024-11-12 00:00:00+00:00
[2024-11-12T00:19:00.194+0000] {logging_mixin.py:188} INFO - [2024-11-12T00:19:00.194+0000] {dag.py:3954} INFO - Setting next_dagrun for example_branch_datetime_operator_2 to 2024-11-11 00:00:00+00:00, run_after=2024-11-12 00:00:00+00:00
[2024-11-12T00:19:00.197+0000] {logging_mixin.py:188} INFO - [2024-11-12T00:19:00.197+0000] {dag.py:3954} INFO - Setting next_dagrun for example_branch_datetime_operator_3 to 2024-11-11 00:00:00+00:00, run_after=2024-11-12 00:00:00+00:00
[2024-11-12T00:19:00.216+0000] {processor.py:183} INFO - Processing /home/airflow/.local/lib/python3.12/site-packages/airflow/example_dags/example_branch_datetime_operator.py took 0.097 seconds
[2024-11-12T00:19:30.951+0000] {processor.py:161} INFO - Started process (PID=1629) to work on /home/airflow/.local/lib/python3.12/site-packages/airflow/example_dags/example_branch_datetime_operator.py
[2024-11-12T00:19:30.952+0000] {processor.py:830} INFO - Processing file /home/airflow/.local/lib/python3.12/site-packages/airflow/example_dags/example_branch_datetime_operator.py for tasks to queue
[2024-11-12T00:19:30.954+0000] {logging_mixin.py:188} INFO - [2024-11-12T00:19:30.954+0000] {dagbag.py:545} INFO - Filling up the DagBag from /home/airflow/.local/lib/python3.12/site-packages/airflow/example_dags/example_branch_datetime_operator.py
[2024-11-12T00:19:30.964+0000] {processor.py:840} INFO - DAG(s) 'example_branch_datetime_operator_2', 'example_branch_datetime_operator', 'example_branch_datetime_operator_3' retrieved from /home/airflow/.local/lib/python3.12/site-packages/airflow/example_dags/example_branch_datetime_operator.py
[2024-11-12T00:19:31.001+0000] {logging_mixin.py:188} INFO - [2024-11-12T00:19:31.001+0000] {dag.py:3096} INFO - Sync 3 DAGs
[2024-11-12T00:19:31.028+0000] {logging_mixin.py:188} INFO - [2024-11-12T00:19:31.027+0000] {dag.py:3954} INFO - Setting next_dagrun for example_branch_datetime_operator to 2024-11-11 00:00:00+00:00, run_after=2024-11-12 00:00:00+00:00
[2024-11-12T00:19:31.033+0000] {logging_mixin.py:188} INFO - [2024-11-12T00:19:31.033+0000] {dag.py:3954} INFO - Setting next_dagrun for example_branch_datetime_operator_2 to 2024-11-11 00:00:00+00:00, run_after=2024-11-12 00:00:00+00:00
[2024-11-12T00:19:31.036+0000] {logging_mixin.py:188} INFO - [2024-11-12T00:19:31.036+0000] {dag.py:3954} INFO - Setting next_dagrun for example_branch_datetime_operator_3 to 2024-11-11 00:00:00+00:00, run_after=2024-11-12 00:00:00+00:00
[2024-11-12T00:19:31.056+0000] {processor.py:183} INFO - Processing /home/airflow/.local/lib/python3.12/site-packages/airflow/example_dags/example_branch_datetime_operator.py took 0.111 seconds
[2024-11-12T00:20:01.176+0000] {processor.py:161} INFO - Started process (PID=1688) to work on /home/airflow/.local/lib/python3.12/site-packages/airflow/example_dags/example_branch_datetime_operator.py
[2024-11-12T00:20:01.177+0000] {processor.py:830} INFO - Processing file /home/airflow/.local/lib/python3.12/site-packages/airflow/example_dags/example_branch_datetime_operator.py for tasks to queue
[2024-11-12T00:20:01.180+0000] {logging_mixin.py:188} INFO - [2024-11-12T00:20:01.179+0000] {dagbag.py:545} INFO - Filling up the DagBag from /home/airflow/.local/lib/python3.12/site-packages/airflow/example_dags/example_branch_datetime_operator.py
[2024-11-12T00:20:01.194+0000] {processor.py:840} INFO - DAG(s) 'example_branch_datetime_operator_2', 'example_branch_datetime_operator_3', 'example_branch_datetime_operator' retrieved from /home/airflow/.local/lib/python3.12/site-packages/airflow/example_dags/example_branch_datetime_operator.py
[2024-11-12T00:20:01.220+0000] {logging_mixin.py:188} INFO - [2024-11-12T00:20:01.220+0000] {dag.py:3096} INFO - Sync 3 DAGs
[2024-11-12T00:20:01.247+0000] {logging_mixin.py:188} INFO - [2024-11-12T00:20:01.246+0000] {dag.py:3954} INFO - Setting next_dagrun for example_branch_datetime_operator to 2024-11-11 00:00:00+00:00, run_after=2024-11-12 00:00:00+00:00
[2024-11-12T00:20:01.252+0000] {logging_mixin.py:188} INFO - [2024-11-12T00:20:01.252+0000] {dag.py:3954} INFO - Setting next_dagrun for example_branch_datetime_operator_2 to 2024-11-11 00:00:00+00:00, run_after=2024-11-12 00:00:00+00:00
[2024-11-12T00:20:01.255+0000] {logging_mixin.py:188} INFO - [2024-11-12T00:20:01.255+0000] {dag.py:3954} INFO - Setting next_dagrun for example_branch_datetime_operator_3 to 2024-11-11 00:00:00+00:00, run_after=2024-11-12 00:00:00+00:00
[2024-11-12T00:20:01.270+0000] {processor.py:183} INFO - Processing /home/airflow/.local/lib/python3.12/site-packages/airflow/example_dags/example_branch_datetime_operator.py took 0.100 seconds
[2024-11-12T00:20:31.430+0000] {processor.py:161} INFO - Started process (PID=1747) to work on /home/airflow/.local/lib/python3.12/site-packages/airflow/example_dags/example_branch_datetime_operator.py
[2024-11-12T00:20:31.431+0000] {processor.py:830} INFO - Processing file /home/airflow/.local/lib/python3.12/site-packages/airflow/example_dags/example_branch_datetime_operator.py for tasks to queue
[2024-11-12T00:20:31.433+0000] {logging_mixin.py:188} INFO - [2024-11-12T00:20:31.433+0000] {dagbag.py:545} INFO - Filling up the DagBag from /home/airflow/.local/lib/python3.12/site-packages/airflow/example_dags/example_branch_datetime_operator.py
[2024-11-12T00:20:31.443+0000] {processor.py:840} INFO - DAG(s) 'example_branch_datetime_operator_2', 'example_branch_datetime_operator', 'example_branch_datetime_operator_3' retrieved from /home/airflow/.local/lib/python3.12/site-packages/airflow/example_dags/example_branch_datetime_operator.py
[2024-11-12T00:20:31.469+0000] {logging_mixin.py:188} INFO - [2024-11-12T00:20:31.469+0000] {dag.py:3096} INFO - Sync 3 DAGs
[2024-11-12T00:20:31.491+0000] {logging_mixin.py:188} INFO - [2024-11-12T00:20:31.491+0000] {dag.py:3954} INFO - Setting next_dagrun for example_branch_datetime_operator to 2024-11-11 00:00:00+00:00, run_after=2024-11-12 00:00:00+00:00
[2024-11-12T00:20:31.496+0000] {logging_mixin.py:188} INFO - [2024-11-12T00:20:31.496+0000] {dag.py:3954} INFO - Setting next_dagrun for example_branch_datetime_operator_2 to 2024-11-11 00:00:00+00:00, run_after=2024-11-12 00:00:00+00:00
[2024-11-12T00:20:31.500+0000] {logging_mixin.py:188} INFO - [2024-11-12T00:20:31.499+0000] {dag.py:3954} INFO - Setting next_dagrun for example_branch_datetime_operator_3 to 2024-11-11 00:00:00+00:00, run_after=2024-11-12 00:00:00+00:00
[2024-11-12T00:20:31.517+0000] {processor.py:183} INFO - Processing /home/airflow/.local/lib/python3.12/site-packages/airflow/example_dags/example_branch_datetime_operator.py took 0.095 seconds
[2024-11-12T00:21:01.730+0000] {processor.py:161} INFO - Started process (PID=1806) to work on /home/airflow/.local/lib/python3.12/site-packages/airflow/example_dags/example_branch_datetime_operator.py
[2024-11-12T00:21:01.731+0000] {processor.py:830} INFO - Processing file /home/airflow/.local/lib/python3.12/site-packages/airflow/example_dags/example_branch_datetime_operator.py for tasks to queue
[2024-11-12T00:21:01.733+0000] {logging_mixin.py:188} INFO - [2024-11-12T00:21:01.732+0000] {dagbag.py:545} INFO - Filling up the DagBag from /home/airflow/.local/lib/python3.12/site-packages/airflow/example_dags/example_branch_datetime_operator.py
[2024-11-12T00:21:01.742+0000] {processor.py:840} INFO - DAG(s) 'example_branch_datetime_operator', 'example_branch_datetime_operator_2', 'example_branch_datetime_operator_3' retrieved from /home/airflow/.local/lib/python3.12/site-packages/airflow/example_dags/example_branch_datetime_operator.py
[2024-11-12T00:21:01.773+0000] {logging_mixin.py:188} INFO - [2024-11-12T00:21:01.772+0000] {dag.py:3096} INFO - Sync 3 DAGs
[2024-11-12T00:21:01.800+0000] {logging_mixin.py:188} INFO - [2024-11-12T00:21:01.799+0000] {dag.py:3954} INFO - Setting next_dagrun for example_branch_datetime_operator to 2024-11-11 00:00:00+00:00, run_after=2024-11-12 00:00:00+00:00
[2024-11-12T00:21:01.804+0000] {logging_mixin.py:188} INFO - [2024-11-12T00:21:01.804+0000] {dag.py:3954} INFO - Setting next_dagrun for example_branch_datetime_operator_2 to 2024-11-11 00:00:00+00:00, run_after=2024-11-12 00:00:00+00:00
[2024-11-12T00:21:01.807+0000] {logging_mixin.py:188} INFO - [2024-11-12T00:21:01.807+0000] {dag.py:3954} INFO - Setting next_dagrun for example_branch_datetime_operator_3 to 2024-11-11 00:00:00+00:00, run_after=2024-11-12 00:00:00+00:00
[2024-11-12T00:21:01.825+0000] {processor.py:183} INFO - Processing /home/airflow/.local/lib/python3.12/site-packages/airflow/example_dags/example_branch_datetime_operator.py took 0.101 seconds
[2024-11-12T00:21:32.343+0000] {processor.py:161} INFO - Started process (PID=1866) to work on /home/airflow/.local/lib/python3.12/site-packages/airflow/example_dags/example_branch_datetime_operator.py
[2024-11-12T00:21:32.344+0000] {processor.py:830} INFO - Processing file /home/airflow/.local/lib/python3.12/site-packages/airflow/example_dags/example_branch_datetime_operator.py for tasks to queue
[2024-11-12T00:21:32.346+0000] {logging_mixin.py:188} INFO - [2024-11-12T00:21:32.346+0000] {dagbag.py:545} INFO - Filling up the DagBag from /home/airflow/.local/lib/python3.12/site-packages/airflow/example_dags/example_branch_datetime_operator.py
[2024-11-12T00:21:32.355+0000] {processor.py:840} INFO - DAG(s) 'example_branch_datetime_operator', 'example_branch_datetime_operator_3', 'example_branch_datetime_operator_2' retrieved from /home/airflow/.local/lib/python3.12/site-packages/airflow/example_dags/example_branch_datetime_operator.py
[2024-11-12T00:21:32.382+0000] {logging_mixin.py:188} INFO - [2024-11-12T00:21:32.382+0000] {dag.py:3096} INFO - Sync 3 DAGs
[2024-11-12T00:21:32.405+0000] {logging_mixin.py:188} INFO - [2024-11-12T00:21:32.404+0000] {dag.py:3954} INFO - Setting next_dagrun for example_branch_datetime_operator to 2024-11-11 00:00:00+00:00, run_after=2024-11-12 00:00:00+00:00
[2024-11-12T00:21:32.409+0000] {logging_mixin.py:188} INFO - [2024-11-12T00:21:32.409+0000] {dag.py:3954} INFO - Setting next_dagrun for example_branch_datetime_operator_2 to 2024-11-11 00:00:00+00:00, run_after=2024-11-12 00:00:00+00:00
[2024-11-12T00:21:32.412+0000] {logging_mixin.py:188} INFO - [2024-11-12T00:21:32.412+0000] {dag.py:3954} INFO - Setting next_dagrun for example_branch_datetime_operator_3 to 2024-11-11 00:00:00+00:00, run_after=2024-11-12 00:00:00+00:00
[2024-11-12T00:21:32.431+0000] {processor.py:183} INFO - Processing /home/airflow/.local/lib/python3.12/site-packages/airflow/example_dags/example_branch_datetime_operator.py took 0.093 seconds
[2024-11-12T00:22:02.809+0000] {processor.py:161} INFO - Started process (PID=1925) to work on /home/airflow/.local/lib/python3.12/site-packages/airflow/example_dags/example_branch_datetime_operator.py
[2024-11-12T00:22:02.811+0000] {processor.py:830} INFO - Processing file /home/airflow/.local/lib/python3.12/site-packages/airflow/example_dags/example_branch_datetime_operator.py for tasks to queue
[2024-11-12T00:22:02.813+0000] {logging_mixin.py:188} INFO - [2024-11-12T00:22:02.813+0000] {dagbag.py:545} INFO - Filling up the DagBag from /home/airflow/.local/lib/python3.12/site-packages/airflow/example_dags/example_branch_datetime_operator.py
[2024-11-12T00:22:02.825+0000] {processor.py:840} INFO - DAG(s) 'example_branch_datetime_operator_3', 'example_branch_datetime_operator_2', 'example_branch_datetime_operator' retrieved from /home/airflow/.local/lib/python3.12/site-packages/airflow/example_dags/example_branch_datetime_operator.py
[2024-11-12T00:22:02.981+0000] {logging_mixin.py:188} INFO - [2024-11-12T00:22:02.981+0000] {dag.py:3096} INFO - Sync 3 DAGs
[2024-11-12T00:22:03.010+0000] {logging_mixin.py:188} INFO - [2024-11-12T00:22:03.010+0000] {dag.py:3954} INFO - Setting next_dagrun for example_branch_datetime_operator to 2024-11-11 00:00:00+00:00, run_after=2024-11-12 00:00:00+00:00
[2024-11-12T00:22:03.016+0000] {logging_mixin.py:188} INFO - [2024-11-12T00:22:03.016+0000] {dag.py:3954} INFO - Setting next_dagrun for example_branch_datetime_operator_2 to 2024-11-11 00:00:00+00:00, run_after=2024-11-12 00:00:00+00:00
[2024-11-12T00:22:03.019+0000] {logging_mixin.py:188} INFO - [2024-11-12T00:22:03.018+0000] {dag.py:3954} INFO - Setting next_dagrun for example_branch_datetime_operator_3 to 2024-11-11 00:00:00+00:00, run_after=2024-11-12 00:00:00+00:00
[2024-11-12T00:22:03.037+0000] {processor.py:183} INFO - Processing /home/airflow/.local/lib/python3.12/site-packages/airflow/example_dags/example_branch_datetime_operator.py took 0.233 seconds
[2024-11-12T00:22:33.103+0000] {processor.py:161} INFO - Started process (PID=1984) to work on /home/airflow/.local/lib/python3.12/site-packages/airflow/example_dags/example_branch_datetime_operator.py
[2024-11-12T00:22:33.104+0000] {processor.py:830} INFO - Processing file /home/airflow/.local/lib/python3.12/site-packages/airflow/example_dags/example_branch_datetime_operator.py for tasks to queue
[2024-11-12T00:22:33.106+0000] {logging_mixin.py:188} INFO - [2024-11-12T00:22:33.106+0000] {dagbag.py:545} INFO - Filling up the DagBag from /home/airflow/.local/lib/python3.12/site-packages/airflow/example_dags/example_branch_datetime_operator.py
[2024-11-12T00:22:33.116+0000] {processor.py:840} INFO - DAG(s) 'example_branch_datetime_operator', 'example_branch_datetime_operator_3', 'example_branch_datetime_operator_2' retrieved from /home/airflow/.local/lib/python3.12/site-packages/airflow/example_dags/example_branch_datetime_operator.py
[2024-11-12T00:22:33.145+0000] {logging_mixin.py:188} INFO - [2024-11-12T00:22:33.144+0000] {dag.py:3096} INFO - Sync 3 DAGs
[2024-11-12T00:22:33.167+0000] {logging_mixin.py:188} INFO - [2024-11-12T00:22:33.167+0000] {dag.py:3954} INFO - Setting next_dagrun for example_branch_datetime_operator to 2024-11-11 00:00:00+00:00, run_after=2024-11-12 00:00:00+00:00
[2024-11-12T00:22:33.172+0000] {logging_mixin.py:188} INFO - [2024-11-12T00:22:33.171+0000] {dag.py:3954} INFO - Setting next_dagrun for example_branch_datetime_operator_2 to 2024-11-11 00:00:00+00:00, run_after=2024-11-12 00:00:00+00:00
[2024-11-12T00:22:33.174+0000] {logging_mixin.py:188} INFO - [2024-11-12T00:22:33.174+0000] {dag.py:3954} INFO - Setting next_dagrun for example_branch_datetime_operator_3 to 2024-11-11 00:00:00+00:00, run_after=2024-11-12 00:00:00+00:00
[2024-11-12T00:22:33.191+0000] {processor.py:183} INFO - Processing /home/airflow/.local/lib/python3.12/site-packages/airflow/example_dags/example_branch_datetime_operator.py took 0.094 seconds
[2024-11-12T00:23:03.240+0000] {processor.py:161} INFO - Started process (PID=2043) to work on /home/airflow/.local/lib/python3.12/site-packages/airflow/example_dags/example_branch_datetime_operator.py
[2024-11-12T00:23:03.242+0000] {processor.py:830} INFO - Processing file /home/airflow/.local/lib/python3.12/site-packages/airflow/example_dags/example_branch_datetime_operator.py for tasks to queue
[2024-11-12T00:23:03.244+0000] {logging_mixin.py:188} INFO - [2024-11-12T00:23:03.243+0000] {dagbag.py:545} INFO - Filling up the DagBag from /home/airflow/.local/lib/python3.12/site-packages/airflow/example_dags/example_branch_datetime_operator.py
[2024-11-12T00:23:03.254+0000] {processor.py:840} INFO - DAG(s) 'example_branch_datetime_operator_3', 'example_branch_datetime_operator', 'example_branch_datetime_operator_2' retrieved from /home/airflow/.local/lib/python3.12/site-packages/airflow/example_dags/example_branch_datetime_operator.py
[2024-11-12T00:23:03.284+0000] {logging_mixin.py:188} INFO - [2024-11-12T00:23:03.283+0000] {dag.py:3096} INFO - Sync 3 DAGs
[2024-11-12T00:23:03.308+0000] {logging_mixin.py:188} INFO - [2024-11-12T00:23:03.308+0000] {dag.py:3954} INFO - Setting next_dagrun for example_branch_datetime_operator to 2024-11-11 00:00:00+00:00, run_after=2024-11-12 00:00:00+00:00
[2024-11-12T00:23:03.313+0000] {logging_mixin.py:188} INFO - [2024-11-12T00:23:03.313+0000] {dag.py:3954} INFO - Setting next_dagrun for example_branch_datetime_operator_2 to 2024-11-11 00:00:00+00:00, run_after=2024-11-12 00:00:00+00:00
[2024-11-12T00:23:03.316+0000] {logging_mixin.py:188} INFO - [2024-11-12T00:23:03.316+0000] {dag.py:3954} INFO - Setting next_dagrun for example_branch_datetime_operator_3 to 2024-11-11 00:00:00+00:00, run_after=2024-11-12 00:00:00+00:00
[2024-11-12T00:23:03.333+0000] {processor.py:183} INFO - Processing /home/airflow/.local/lib/python3.12/site-packages/airflow/example_dags/example_branch_datetime_operator.py took 0.099 seconds
[2024-11-12T00:23:33.995+0000] {processor.py:161} INFO - Started process (PID=2105) to work on /home/airflow/.local/lib/python3.12/site-packages/airflow/example_dags/example_branch_datetime_operator.py
[2024-11-12T00:23:33.997+0000] {processor.py:830} INFO - Processing file /home/airflow/.local/lib/python3.12/site-packages/airflow/example_dags/example_branch_datetime_operator.py for tasks to queue
[2024-11-12T00:23:34.000+0000] {logging_mixin.py:188} INFO - [2024-11-12T00:23:33.999+0000] {dagbag.py:545} INFO - Filling up the DagBag from /home/airflow/.local/lib/python3.12/site-packages/airflow/example_dags/example_branch_datetime_operator.py
[2024-11-12T00:23:34.011+0000] {processor.py:840} INFO - DAG(s) 'example_branch_datetime_operator_3', 'example_branch_datetime_operator_2', 'example_branch_datetime_operator' retrieved from /home/airflow/.local/lib/python3.12/site-packages/airflow/example_dags/example_branch_datetime_operator.py
[2024-11-12T00:23:34.038+0000] {logging_mixin.py:188} INFO - [2024-11-12T00:23:34.038+0000] {dag.py:3096} INFO - Sync 3 DAGs
[2024-11-12T00:23:34.061+0000] {logging_mixin.py:188} INFO - [2024-11-12T00:23:34.061+0000] {dag.py:3954} INFO - Setting next_dagrun for example_branch_datetime_operator to 2024-11-11 00:00:00+00:00, run_after=2024-11-12 00:00:00+00:00
[2024-11-12T00:23:34.066+0000] {logging_mixin.py:188} INFO - [2024-11-12T00:23:34.066+0000] {dag.py:3954} INFO - Setting next_dagrun for example_branch_datetime_operator_2 to 2024-11-11 00:00:00+00:00, run_after=2024-11-12 00:00:00+00:00
[2024-11-12T00:23:34.069+0000] {logging_mixin.py:188} INFO - [2024-11-12T00:23:34.068+0000] {dag.py:3954} INFO - Setting next_dagrun for example_branch_datetime_operator_3 to 2024-11-11 00:00:00+00:00, run_after=2024-11-12 00:00:00+00:00
[2024-11-12T00:23:34.086+0000] {processor.py:183} INFO - Processing /home/airflow/.local/lib/python3.12/site-packages/airflow/example_dags/example_branch_datetime_operator.py took 0.098 seconds
[2024-11-12T00:24:04.769+0000] {processor.py:161} INFO - Started process (PID=2164) to work on /home/airflow/.local/lib/python3.12/site-packages/airflow/example_dags/example_branch_datetime_operator.py
[2024-11-12T00:24:04.770+0000] {processor.py:830} INFO - Processing file /home/airflow/.local/lib/python3.12/site-packages/airflow/example_dags/example_branch_datetime_operator.py for tasks to queue
[2024-11-12T00:24:04.772+0000] {logging_mixin.py:188} INFO - [2024-11-12T00:24:04.772+0000] {dagbag.py:545} INFO - Filling up the DagBag from /home/airflow/.local/lib/python3.12/site-packages/airflow/example_dags/example_branch_datetime_operator.py
[2024-11-12T00:24:04.782+0000] {processor.py:840} INFO - DAG(s) 'example_branch_datetime_operator_2', 'example_branch_datetime_operator_3', 'example_branch_datetime_operator' retrieved from /home/airflow/.local/lib/python3.12/site-packages/airflow/example_dags/example_branch_datetime_operator.py
[2024-11-12T00:24:04.812+0000] {logging_mixin.py:188} INFO - [2024-11-12T00:24:04.812+0000] {dag.py:3096} INFO - Sync 3 DAGs
[2024-11-12T00:24:04.835+0000] {logging_mixin.py:188} INFO - [2024-11-12T00:24:04.835+0000] {dag.py:3954} INFO - Setting next_dagrun for example_branch_datetime_operator to 2024-11-11 00:00:00+00:00, run_after=2024-11-12 00:00:00+00:00
[2024-11-12T00:24:04.840+0000] {logging_mixin.py:188} INFO - [2024-11-12T00:24:04.840+0000] {dag.py:3954} INFO - Setting next_dagrun for example_branch_datetime_operator_2 to 2024-11-11 00:00:00+00:00, run_after=2024-11-12 00:00:00+00:00
[2024-11-12T00:24:04.843+0000] {logging_mixin.py:188} INFO - [2024-11-12T00:24:04.842+0000] {dag.py:3954} INFO - Setting next_dagrun for example_branch_datetime_operator_3 to 2024-11-11 00:00:00+00:00, run_after=2024-11-12 00:00:00+00:00
[2024-11-12T00:24:04.857+0000] {processor.py:183} INFO - Processing /home/airflow/.local/lib/python3.12/site-packages/airflow/example_dags/example_branch_datetime_operator.py took 0.094 seconds
[2024-11-12T00:24:35.337+0000] {processor.py:161} INFO - Started process (PID=2223) to work on /home/airflow/.local/lib/python3.12/site-packages/airflow/example_dags/example_branch_datetime_operator.py
[2024-11-12T00:24:35.338+0000] {processor.py:830} INFO - Processing file /home/airflow/.local/lib/python3.12/site-packages/airflow/example_dags/example_branch_datetime_operator.py for tasks to queue
[2024-11-12T00:24:35.340+0000] {logging_mixin.py:188} INFO - [2024-11-12T00:24:35.340+0000] {dagbag.py:545} INFO - Filling up the DagBag from /home/airflow/.local/lib/python3.12/site-packages/airflow/example_dags/example_branch_datetime_operator.py
[2024-11-12T00:24:35.350+0000] {processor.py:840} INFO - DAG(s) 'example_branch_datetime_operator_3', 'example_branch_datetime_operator', 'example_branch_datetime_operator_2' retrieved from /home/airflow/.local/lib/python3.12/site-packages/airflow/example_dags/example_branch_datetime_operator.py
[2024-11-12T00:24:35.377+0000] {logging_mixin.py:188} INFO - [2024-11-12T00:24:35.376+0000] {dag.py:3096} INFO - Sync 3 DAGs
[2024-11-12T00:24:35.405+0000] {logging_mixin.py:188} INFO - [2024-11-12T00:24:35.405+0000] {dag.py:3954} INFO - Setting next_dagrun for example_branch_datetime_operator to 2024-11-11 00:00:00+00:00, run_after=2024-11-12 00:00:00+00:00
[2024-11-12T00:24:35.411+0000] {logging_mixin.py:188} INFO - [2024-11-12T00:24:35.411+0000] {dag.py:3954} INFO - Setting next_dagrun for example_branch_datetime_operator_2 to 2024-11-11 00:00:00+00:00, run_after=2024-11-12 00:00:00+00:00
[2024-11-12T00:24:35.415+0000] {logging_mixin.py:188} INFO - [2024-11-12T00:24:35.415+0000] {dag.py:3954} INFO - Setting next_dagrun for example_branch_datetime_operator_3 to 2024-11-11 00:00:00+00:00, run_after=2024-11-12 00:00:00+00:00
[2024-11-12T00:24:35.436+0000] {processor.py:183} INFO - Processing /home/airflow/.local/lib/python3.12/site-packages/airflow/example_dags/example_branch_datetime_operator.py took 0.104 seconds
[2024-11-12T00:25:05.842+0000] {processor.py:161} INFO - Started process (PID=2282) to work on /home/airflow/.local/lib/python3.12/site-packages/airflow/example_dags/example_branch_datetime_operator.py
[2024-11-12T00:25:05.844+0000] {processor.py:830} INFO - Processing file /home/airflow/.local/lib/python3.12/site-packages/airflow/example_dags/example_branch_datetime_operator.py for tasks to queue
[2024-11-12T00:25:05.846+0000] {logging_mixin.py:188} INFO - [2024-11-12T00:25:05.846+0000] {dagbag.py:545} INFO - Filling up the DagBag from /home/airflow/.local/lib/python3.12/site-packages/airflow/example_dags/example_branch_datetime_operator.py
[2024-11-12T00:25:05.857+0000] {processor.py:840} INFO - DAG(s) 'example_branch_datetime_operator_3', 'example_branch_datetime_operator', 'example_branch_datetime_operator_2' retrieved from /home/airflow/.local/lib/python3.12/site-packages/airflow/example_dags/example_branch_datetime_operator.py
[2024-11-12T00:25:05.887+0000] {logging_mixin.py:188} INFO - [2024-11-12T00:25:05.887+0000] {dag.py:3096} INFO - Sync 3 DAGs
[2024-11-12T00:25:05.914+0000] {logging_mixin.py:188} INFO - [2024-11-12T00:25:05.914+0000] {dag.py:3954} INFO - Setting next_dagrun for example_branch_datetime_operator to 2024-11-11 00:00:00+00:00, run_after=2024-11-12 00:00:00+00:00
[2024-11-12T00:25:05.919+0000] {logging_mixin.py:188} INFO - [2024-11-12T00:25:05.919+0000] {dag.py:3954} INFO - Setting next_dagrun for example_branch_datetime_operator_2 to 2024-11-11 00:00:00+00:00, run_after=2024-11-12 00:00:00+00:00
[2024-11-12T00:25:05.922+0000] {logging_mixin.py:188} INFO - [2024-11-12T00:25:05.922+0000] {dag.py:3954} INFO - Setting next_dagrun for example_branch_datetime_operator_3 to 2024-11-11 00:00:00+00:00, run_after=2024-11-12 00:00:00+00:00
[2024-11-12T00:25:05.938+0000] {processor.py:183} INFO - Processing /home/airflow/.local/lib/python3.12/site-packages/airflow/example_dags/example_branch_datetime_operator.py took 0.101 seconds
