[2024-11-12T00:06:42.097+0000] {processor.py:161} INFO - Started process (PID=124) to work on /home/airflow/.local/lib/python3.12/site-packages/airflow/example_dags/example_xcomargs.py
[2024-11-12T00:06:42.098+0000] {processor.py:830} INFO - Processing file /home/airflow/.local/lib/python3.12/site-packages/airflow/example_dags/example_xcomargs.py for tasks to queue
[2024-11-12T00:06:42.100+0000] {logging_mixin.py:188} INFO - [2024-11-12T00:06:42.100+0000] {dagbag.py:545} INFO - Filling up the DagBag from /home/airflow/.local/lib/python3.12/site-packages/airflow/example_dags/example_xcomargs.py
[2024-11-12T00:06:42.113+0000] {processor.py:840} INFO - DAG(s) 'example_xcom_args_with_operators', 'example_xcom_args' retrieved from /home/airflow/.local/lib/python3.12/site-packages/airflow/example_dags/example_xcomargs.py
[2024-11-12T00:06:42.236+0000] {logging_mixin.py:188} INFO - [2024-11-12T00:06:42.235+0000] {dag.py:3096} INFO - Sync 2 DAGs
[2024-11-12T00:06:42.246+0000] {logging_mixin.py:188} INFO - [2024-11-12T00:06:42.246+0000] {dag.py:3954} INFO - Setting next_dagrun for example_xcom_args to None, run_after=None
[2024-11-12T00:06:42.249+0000] {logging_mixin.py:188} INFO - [2024-11-12T00:06:42.249+0000] {dag.py:3954} INFO - Setting next_dagrun for example_xcom_args_with_operators to None, run_after=None
[2024-11-12T00:06:42.266+0000] {processor.py:183} INFO - Processing /home/airflow/.local/lib/python3.12/site-packages/airflow/example_dags/example_xcomargs.py took 0.176 seconds
[2024-11-12T00:07:13.839+0000] {processor.py:161} INFO - Started process (PID=183) to work on /home/airflow/.local/lib/python3.12/site-packages/airflow/example_dags/example_xcomargs.py
[2024-11-12T00:07:13.841+0000] {processor.py:830} INFO - Processing file /home/airflow/.local/lib/python3.12/site-packages/airflow/example_dags/example_xcomargs.py for tasks to queue
[2024-11-12T00:07:13.843+0000] {logging_mixin.py:188} INFO - [2024-11-12T00:07:13.843+0000] {dagbag.py:545} INFO - Filling up the DagBag from /home/airflow/.local/lib/python3.12/site-packages/airflow/example_dags/example_xcomargs.py
[2024-11-12T00:07:13.853+0000] {processor.py:840} INFO - DAG(s) 'example_xcom_args', 'example_xcom_args_with_operators' retrieved from /home/airflow/.local/lib/python3.12/site-packages/airflow/example_dags/example_xcomargs.py
[2024-11-12T00:07:13.882+0000] {logging_mixin.py:188} INFO - [2024-11-12T00:07:13.881+0000] {dag.py:3096} INFO - Sync 2 DAGs
[2024-11-12T00:07:14.777+0000] {logging_mixin.py:188} INFO - [2024-11-12T00:07:14.776+0000] {dag.py:3954} INFO - Setting next_dagrun for example_xcom_args to None, run_after=None
[2024-11-12T00:07:14.781+0000] {logging_mixin.py:188} INFO - [2024-11-12T00:07:14.781+0000] {dag.py:3954} INFO - Setting next_dagrun for example_xcom_args_with_operators to None, run_after=None
[2024-11-12T00:07:14.806+0000] {processor.py:183} INFO - Processing /home/airflow/.local/lib/python3.12/site-packages/airflow/example_dags/example_xcomargs.py took 0.973 seconds
[2024-11-12T00:07:44.947+0000] {processor.py:161} INFO - Started process (PID=241) to work on /home/airflow/.local/lib/python3.12/site-packages/airflow/example_dags/example_xcomargs.py
[2024-11-12T00:07:44.949+0000] {processor.py:830} INFO - Processing file /home/airflow/.local/lib/python3.12/site-packages/airflow/example_dags/example_xcomargs.py for tasks to queue
[2024-11-12T00:07:44.951+0000] {logging_mixin.py:188} INFO - [2024-11-12T00:07:44.951+0000] {dagbag.py:545} INFO - Filling up the DagBag from /home/airflow/.local/lib/python3.12/site-packages/airflow/example_dags/example_xcomargs.py
[2024-11-12T00:07:44.962+0000] {processor.py:840} INFO - DAG(s) 'example_xcom_args', 'example_xcom_args_with_operators' retrieved from /home/airflow/.local/lib/python3.12/site-packages/airflow/example_dags/example_xcomargs.py
[2024-11-12T00:07:44.986+0000] {logging_mixin.py:188} INFO - [2024-11-12T00:07:44.985+0000] {dag.py:3096} INFO - Sync 2 DAGs
[2024-11-12T00:07:44.998+0000] {logging_mixin.py:188} INFO - [2024-11-12T00:07:44.998+0000] {dag.py:3954} INFO - Setting next_dagrun for example_xcom_args to None, run_after=None
[2024-11-12T00:07:45.002+0000] {logging_mixin.py:188} INFO - [2024-11-12T00:07:45.002+0000] {dag.py:3954} INFO - Setting next_dagrun for example_xcom_args_with_operators to None, run_after=None
[2024-11-12T00:07:45.017+0000] {processor.py:183} INFO - Processing /home/airflow/.local/lib/python3.12/site-packages/airflow/example_dags/example_xcomargs.py took 0.077 seconds
[2024-11-12T00:08:15.165+0000] {processor.py:161} INFO - Started process (PID=300) to work on /home/airflow/.local/lib/python3.12/site-packages/airflow/example_dags/example_xcomargs.py
[2024-11-12T00:08:15.167+0000] {processor.py:830} INFO - Processing file /home/airflow/.local/lib/python3.12/site-packages/airflow/example_dags/example_xcomargs.py for tasks to queue
[2024-11-12T00:08:15.170+0000] {logging_mixin.py:188} INFO - [2024-11-12T00:08:15.169+0000] {dagbag.py:545} INFO - Filling up the DagBag from /home/airflow/.local/lib/python3.12/site-packages/airflow/example_dags/example_xcomargs.py
[2024-11-12T00:08:15.183+0000] {processor.py:840} INFO - DAG(s) 'example_xcom_args_with_operators', 'example_xcom_args' retrieved from /home/airflow/.local/lib/python3.12/site-packages/airflow/example_dags/example_xcomargs.py
[2024-11-12T00:08:15.216+0000] {logging_mixin.py:188} INFO - [2024-11-12T00:08:15.216+0000] {dag.py:3096} INFO - Sync 2 DAGs
[2024-11-12T00:08:15.236+0000] {logging_mixin.py:188} INFO - [2024-11-12T00:08:15.236+0000] {dag.py:3954} INFO - Setting next_dagrun for example_xcom_args to None, run_after=None
[2024-11-12T00:08:15.242+0000] {logging_mixin.py:188} INFO - [2024-11-12T00:08:15.242+0000] {dag.py:3954} INFO - Setting next_dagrun for example_xcom_args_with_operators to None, run_after=None
[2024-11-12T00:08:15.263+0000] {processor.py:183} INFO - Processing /home/airflow/.local/lib/python3.12/site-packages/airflow/example_dags/example_xcomargs.py took 0.105 seconds
[2024-11-12T00:08:45.532+0000] {processor.py:161} INFO - Started process (PID=359) to work on /home/airflow/.local/lib/python3.12/site-packages/airflow/example_dags/example_xcomargs.py
[2024-11-12T00:08:45.533+0000] {processor.py:830} INFO - Processing file /home/airflow/.local/lib/python3.12/site-packages/airflow/example_dags/example_xcomargs.py for tasks to queue
[2024-11-12T00:08:45.535+0000] {logging_mixin.py:188} INFO - [2024-11-12T00:08:45.535+0000] {dagbag.py:545} INFO - Filling up the DagBag from /home/airflow/.local/lib/python3.12/site-packages/airflow/example_dags/example_xcomargs.py
[2024-11-12T00:08:45.545+0000] {processor.py:840} INFO - DAG(s) 'example_xcom_args', 'example_xcom_args_with_operators' retrieved from /home/airflow/.local/lib/python3.12/site-packages/airflow/example_dags/example_xcomargs.py
[2024-11-12T00:08:45.570+0000] {logging_mixin.py:188} INFO - [2024-11-12T00:08:45.569+0000] {dag.py:3096} INFO - Sync 2 DAGs
[2024-11-12T00:08:45.583+0000] {logging_mixin.py:188} INFO - [2024-11-12T00:08:45.582+0000] {dag.py:3954} INFO - Setting next_dagrun for example_xcom_args to None, run_after=None
[2024-11-12T00:08:45.586+0000] {logging_mixin.py:188} INFO - [2024-11-12T00:08:45.586+0000] {dag.py:3954} INFO - Setting next_dagrun for example_xcom_args_with_operators to None, run_after=None
[2024-11-12T00:08:45.603+0000] {processor.py:183} INFO - Processing /home/airflow/.local/lib/python3.12/site-packages/airflow/example_dags/example_xcomargs.py took 0.076 seconds
[2024-11-12T00:09:15.748+0000] {processor.py:161} INFO - Started process (PID=418) to work on /home/airflow/.local/lib/python3.12/site-packages/airflow/example_dags/example_xcomargs.py
[2024-11-12T00:09:15.749+0000] {processor.py:830} INFO - Processing file /home/airflow/.local/lib/python3.12/site-packages/airflow/example_dags/example_xcomargs.py for tasks to queue
[2024-11-12T00:09:15.752+0000] {logging_mixin.py:188} INFO - [2024-11-12T00:09:15.751+0000] {dagbag.py:545} INFO - Filling up the DagBag from /home/airflow/.local/lib/python3.12/site-packages/airflow/example_dags/example_xcomargs.py
[2024-11-12T00:09:15.760+0000] {processor.py:840} INFO - DAG(s) 'example_xcom_args', 'example_xcom_args_with_operators' retrieved from /home/airflow/.local/lib/python3.12/site-packages/airflow/example_dags/example_xcomargs.py
[2024-11-12T00:09:15.784+0000] {logging_mixin.py:188} INFO - [2024-11-12T00:09:15.784+0000] {dag.py:3096} INFO - Sync 2 DAGs
[2024-11-12T00:09:15.797+0000] {logging_mixin.py:188} INFO - [2024-11-12T00:09:15.797+0000] {dag.py:3954} INFO - Setting next_dagrun for example_xcom_args to None, run_after=None
[2024-11-12T00:09:15.801+0000] {logging_mixin.py:188} INFO - [2024-11-12T00:09:15.801+0000] {dag.py:3954} INFO - Setting next_dagrun for example_xcom_args_with_operators to None, run_after=None
[2024-11-12T00:09:15.816+0000] {processor.py:183} INFO - Processing /home/airflow/.local/lib/python3.12/site-packages/airflow/example_dags/example_xcomargs.py took 0.074 seconds
[2024-11-12T00:09:46.224+0000] {processor.py:161} INFO - Started process (PID=477) to work on /home/airflow/.local/lib/python3.12/site-packages/airflow/example_dags/example_xcomargs.py
[2024-11-12T00:09:46.225+0000] {processor.py:830} INFO - Processing file /home/airflow/.local/lib/python3.12/site-packages/airflow/example_dags/example_xcomargs.py for tasks to queue
[2024-11-12T00:09:46.227+0000] {logging_mixin.py:188} INFO - [2024-11-12T00:09:46.227+0000] {dagbag.py:545} INFO - Filling up the DagBag from /home/airflow/.local/lib/python3.12/site-packages/airflow/example_dags/example_xcomargs.py
[2024-11-12T00:09:46.236+0000] {processor.py:840} INFO - DAG(s) 'example_xcom_args_with_operators', 'example_xcom_args' retrieved from /home/airflow/.local/lib/python3.12/site-packages/airflow/example_dags/example_xcomargs.py
[2024-11-12T00:09:46.258+0000] {logging_mixin.py:188} INFO - [2024-11-12T00:09:46.258+0000] {dag.py:3096} INFO - Sync 2 DAGs
[2024-11-12T00:09:46.272+0000] {logging_mixin.py:188} INFO - [2024-11-12T00:09:46.272+0000] {dag.py:3954} INFO - Setting next_dagrun for example_xcom_args to None, run_after=None
[2024-11-12T00:09:46.277+0000] {logging_mixin.py:188} INFO - [2024-11-12T00:09:46.277+0000] {dag.py:3954} INFO - Setting next_dagrun for example_xcom_args_with_operators to None, run_after=None
[2024-11-12T00:09:46.295+0000] {processor.py:183} INFO - Processing /home/airflow/.local/lib/python3.12/site-packages/airflow/example_dags/example_xcomargs.py took 0.077 seconds
[2024-11-12T00:10:16.470+0000] {processor.py:161} INFO - Started process (PID=536) to work on /home/airflow/.local/lib/python3.12/site-packages/airflow/example_dags/example_xcomargs.py
[2024-11-12T00:10:17.069+0000] {processor.py:830} INFO - Processing file /home/airflow/.local/lib/python3.12/site-packages/airflow/example_dags/example_xcomargs.py for tasks to queue
[2024-11-12T00:10:17.071+0000] {logging_mixin.py:188} INFO - [2024-11-12T00:10:17.071+0000] {dagbag.py:545} INFO - Filling up the DagBag from /home/airflow/.local/lib/python3.12/site-packages/airflow/example_dags/example_xcomargs.py
[2024-11-12T00:10:17.082+0000] {processor.py:840} INFO - DAG(s) 'example_xcom_args', 'example_xcom_args_with_operators' retrieved from /home/airflow/.local/lib/python3.12/site-packages/airflow/example_dags/example_xcomargs.py
[2024-11-12T00:10:17.108+0000] {logging_mixin.py:188} INFO - [2024-11-12T00:10:17.108+0000] {dag.py:3096} INFO - Sync 2 DAGs
[2024-11-12T00:10:17.122+0000] {logging_mixin.py:188} INFO - [2024-11-12T00:10:17.122+0000] {dag.py:3954} INFO - Setting next_dagrun for example_xcom_args to None, run_after=None
[2024-11-12T00:10:17.126+0000] {logging_mixin.py:188} INFO - [2024-11-12T00:10:17.126+0000] {dag.py:3954} INFO - Setting next_dagrun for example_xcom_args_with_operators to None, run_after=None
[2024-11-12T00:10:17.143+0000] {processor.py:183} INFO - Processing /home/airflow/.local/lib/python3.12/site-packages/airflow/example_dags/example_xcomargs.py took 0.679 seconds
[2024-11-12T00:10:47.912+0000] {processor.py:161} INFO - Started process (PID=595) to work on /home/airflow/.local/lib/python3.12/site-packages/airflow/example_dags/example_xcomargs.py
[2024-11-12T00:10:47.913+0000] {processor.py:830} INFO - Processing file /home/airflow/.local/lib/python3.12/site-packages/airflow/example_dags/example_xcomargs.py for tasks to queue
[2024-11-12T00:10:47.915+0000] {logging_mixin.py:188} INFO - [2024-11-12T00:10:47.915+0000] {dagbag.py:545} INFO - Filling up the DagBag from /home/airflow/.local/lib/python3.12/site-packages/airflow/example_dags/example_xcomargs.py
[2024-11-12T00:10:47.925+0000] {processor.py:840} INFO - DAG(s) 'example_xcom_args_with_operators', 'example_xcom_args' retrieved from /home/airflow/.local/lib/python3.12/site-packages/airflow/example_dags/example_xcomargs.py
[2024-11-12T00:10:48.055+0000] {logging_mixin.py:188} INFO - [2024-11-12T00:10:48.054+0000] {dag.py:3096} INFO - Sync 2 DAGs
[2024-11-12T00:10:48.070+0000] {logging_mixin.py:188} INFO - [2024-11-12T00:10:48.070+0000] {dag.py:3954} INFO - Setting next_dagrun for example_xcom_args to None, run_after=None
[2024-11-12T00:10:48.073+0000] {logging_mixin.py:188} INFO - [2024-11-12T00:10:48.073+0000] {dag.py:3954} INFO - Setting next_dagrun for example_xcom_args_with_operators to None, run_after=None
[2024-11-12T00:10:48.096+0000] {processor.py:183} INFO - Processing /home/airflow/.local/lib/python3.12/site-packages/airflow/example_dags/example_xcomargs.py took 0.191 seconds
[2024-11-12T00:11:18.593+0000] {processor.py:161} INFO - Started process (PID=655) to work on /home/airflow/.local/lib/python3.12/site-packages/airflow/example_dags/example_xcomargs.py
[2024-11-12T00:11:18.594+0000] {processor.py:830} INFO - Processing file /home/airflow/.local/lib/python3.12/site-packages/airflow/example_dags/example_xcomargs.py for tasks to queue
[2024-11-12T00:11:18.596+0000] {logging_mixin.py:188} INFO - [2024-11-12T00:11:18.595+0000] {dagbag.py:545} INFO - Filling up the DagBag from /home/airflow/.local/lib/python3.12/site-packages/airflow/example_dags/example_xcomargs.py
[2024-11-12T00:11:18.603+0000] {processor.py:840} INFO - DAG(s) 'example_xcom_args_with_operators', 'example_xcom_args' retrieved from /home/airflow/.local/lib/python3.12/site-packages/airflow/example_dags/example_xcomargs.py
[2024-11-12T00:11:18.628+0000] {logging_mixin.py:188} INFO - [2024-11-12T00:11:18.628+0000] {dag.py:3096} INFO - Sync 2 DAGs
[2024-11-12T00:11:18.642+0000] {logging_mixin.py:188} INFO - [2024-11-12T00:11:18.642+0000] {dag.py:3954} INFO - Setting next_dagrun for example_xcom_args to None, run_after=None
[2024-11-12T00:11:18.647+0000] {logging_mixin.py:188} INFO - [2024-11-12T00:11:18.647+0000] {dag.py:3954} INFO - Setting next_dagrun for example_xcom_args_with_operators to None, run_after=None
[2024-11-12T00:11:18.664+0000] {processor.py:183} INFO - Processing /home/airflow/.local/lib/python3.12/site-packages/airflow/example_dags/example_xcomargs.py took 0.077 seconds
[2024-11-12T00:11:48.885+0000] {processor.py:161} INFO - Started process (PID=714) to work on /home/airflow/.local/lib/python3.12/site-packages/airflow/example_dags/example_xcomargs.py
[2024-11-12T00:11:48.886+0000] {processor.py:830} INFO - Processing file /home/airflow/.local/lib/python3.12/site-packages/airflow/example_dags/example_xcomargs.py for tasks to queue
[2024-11-12T00:11:48.889+0000] {logging_mixin.py:188} INFO - [2024-11-12T00:11:48.888+0000] {dagbag.py:545} INFO - Filling up the DagBag from /home/airflow/.local/lib/python3.12/site-packages/airflow/example_dags/example_xcomargs.py
[2024-11-12T00:11:48.903+0000] {processor.py:840} INFO - DAG(s) 'example_xcom_args_with_operators', 'example_xcom_args' retrieved from /home/airflow/.local/lib/python3.12/site-packages/airflow/example_dags/example_xcomargs.py
[2024-11-12T00:11:49.040+0000] {logging_mixin.py:188} INFO - [2024-11-12T00:11:49.040+0000] {dag.py:3096} INFO - Sync 2 DAGs
[2024-11-12T00:11:49.052+0000] {logging_mixin.py:188} INFO - [2024-11-12T00:11:49.052+0000] {dag.py:3954} INFO - Setting next_dagrun for example_xcom_args to None, run_after=None
[2024-11-12T00:11:49.056+0000] {logging_mixin.py:188} INFO - [2024-11-12T00:11:49.056+0000] {dag.py:3954} INFO - Setting next_dagrun for example_xcom_args_with_operators to None, run_after=None
[2024-11-12T00:11:49.080+0000] {processor.py:183} INFO - Processing /home/airflow/.local/lib/python3.12/site-packages/airflow/example_dags/example_xcomargs.py took 0.205 seconds
[2024-11-12T00:12:19.126+0000] {processor.py:161} INFO - Started process (PID=772) to work on /home/airflow/.local/lib/python3.12/site-packages/airflow/example_dags/example_xcomargs.py
[2024-11-12T00:12:19.128+0000] {processor.py:830} INFO - Processing file /home/airflow/.local/lib/python3.12/site-packages/airflow/example_dags/example_xcomargs.py for tasks to queue
[2024-11-12T00:12:19.130+0000] {logging_mixin.py:188} INFO - [2024-11-12T00:12:19.130+0000] {dagbag.py:545} INFO - Filling up the DagBag from /home/airflow/.local/lib/python3.12/site-packages/airflow/example_dags/example_xcomargs.py
[2024-11-12T00:12:19.139+0000] {processor.py:840} INFO - DAG(s) 'example_xcom_args_with_operators', 'example_xcom_args' retrieved from /home/airflow/.local/lib/python3.12/site-packages/airflow/example_dags/example_xcomargs.py
[2024-11-12T00:12:19.162+0000] {logging_mixin.py:188} INFO - [2024-11-12T00:12:19.162+0000] {dag.py:3096} INFO - Sync 2 DAGs
[2024-11-12T00:12:19.175+0000] {logging_mixin.py:188} INFO - [2024-11-12T00:12:19.174+0000] {dag.py:3954} INFO - Setting next_dagrun for example_xcom_args to None, run_after=None
[2024-11-12T00:12:19.178+0000] {logging_mixin.py:188} INFO - [2024-11-12T00:12:19.178+0000] {dag.py:3954} INFO - Setting next_dagrun for example_xcom_args_with_operators to None, run_after=None
[2024-11-12T00:12:19.193+0000] {processor.py:183} INFO - Processing /home/airflow/.local/lib/python3.12/site-packages/airflow/example_dags/example_xcomargs.py took 0.075 seconds
[2024-11-12T00:12:49.726+0000] {processor.py:161} INFO - Started process (PID=832) to work on /home/airflow/.local/lib/python3.12/site-packages/airflow/example_dags/example_xcomargs.py
[2024-11-12T00:12:49.726+0000] {processor.py:830} INFO - Processing file /home/airflow/.local/lib/python3.12/site-packages/airflow/example_dags/example_xcomargs.py for tasks to queue
[2024-11-12T00:12:49.728+0000] {logging_mixin.py:188} INFO - [2024-11-12T00:12:49.728+0000] {dagbag.py:545} INFO - Filling up the DagBag from /home/airflow/.local/lib/python3.12/site-packages/airflow/example_dags/example_xcomargs.py
[2024-11-12T00:12:49.736+0000] {processor.py:840} INFO - DAG(s) 'example_xcom_args', 'example_xcom_args_with_operators' retrieved from /home/airflow/.local/lib/python3.12/site-packages/airflow/example_dags/example_xcomargs.py
[2024-11-12T00:12:49.760+0000] {logging_mixin.py:188} INFO - [2024-11-12T00:12:49.760+0000] {dag.py:3096} INFO - Sync 2 DAGs
[2024-11-12T00:12:49.772+0000] {logging_mixin.py:188} INFO - [2024-11-12T00:12:49.772+0000] {dag.py:3954} INFO - Setting next_dagrun for example_xcom_args to None, run_after=None
[2024-11-12T00:12:49.776+0000] {logging_mixin.py:188} INFO - [2024-11-12T00:12:49.776+0000] {dag.py:3954} INFO - Setting next_dagrun for example_xcom_args_with_operators to None, run_after=None
[2024-11-12T00:12:49.791+0000] {processor.py:183} INFO - Processing /home/airflow/.local/lib/python3.12/site-packages/airflow/example_dags/example_xcomargs.py took 0.071 seconds
[2024-11-12T00:13:19.998+0000] {processor.py:161} INFO - Started process (PID=891) to work on /home/airflow/.local/lib/python3.12/site-packages/airflow/example_dags/example_xcomargs.py
[2024-11-12T00:13:19.999+0000] {processor.py:830} INFO - Processing file /home/airflow/.local/lib/python3.12/site-packages/airflow/example_dags/example_xcomargs.py for tasks to queue
[2024-11-12T00:13:20.002+0000] {logging_mixin.py:188} INFO - [2024-11-12T00:13:20.001+0000] {dagbag.py:545} INFO - Filling up the DagBag from /home/airflow/.local/lib/python3.12/site-packages/airflow/example_dags/example_xcomargs.py
[2024-11-12T00:13:20.010+0000] {processor.py:840} INFO - DAG(s) 'example_xcom_args', 'example_xcom_args_with_operators' retrieved from /home/airflow/.local/lib/python3.12/site-packages/airflow/example_dags/example_xcomargs.py
[2024-11-12T00:13:20.033+0000] {logging_mixin.py:188} INFO - [2024-11-12T00:13:20.033+0000] {dag.py:3096} INFO - Sync 2 DAGs
[2024-11-12T00:13:20.046+0000] {logging_mixin.py:188} INFO - [2024-11-12T00:13:20.046+0000] {dag.py:3954} INFO - Setting next_dagrun for example_xcom_args to None, run_after=None
[2024-11-12T00:13:20.050+0000] {logging_mixin.py:188} INFO - [2024-11-12T00:13:20.050+0000] {dag.py:3954} INFO - Setting next_dagrun for example_xcom_args_with_operators to None, run_after=None
[2024-11-12T00:13:20.066+0000] {processor.py:183} INFO - Processing /home/airflow/.local/lib/python3.12/site-packages/airflow/example_dags/example_xcomargs.py took 0.074 seconds
[2024-11-12T00:13:50.688+0000] {processor.py:161} INFO - Started process (PID=950) to work on /home/airflow/.local/lib/python3.12/site-packages/airflow/example_dags/example_xcomargs.py
[2024-11-12T00:13:50.689+0000] {processor.py:830} INFO - Processing file /home/airflow/.local/lib/python3.12/site-packages/airflow/example_dags/example_xcomargs.py for tasks to queue
[2024-11-12T00:13:50.691+0000] {logging_mixin.py:188} INFO - [2024-11-12T00:13:50.691+0000] {dagbag.py:545} INFO - Filling up the DagBag from /home/airflow/.local/lib/python3.12/site-packages/airflow/example_dags/example_xcomargs.py
[2024-11-12T00:13:50.700+0000] {processor.py:840} INFO - DAG(s) 'example_xcom_args_with_operators', 'example_xcom_args' retrieved from /home/airflow/.local/lib/python3.12/site-packages/airflow/example_dags/example_xcomargs.py
[2024-11-12T00:13:50.724+0000] {logging_mixin.py:188} INFO - [2024-11-12T00:13:50.724+0000] {dag.py:3096} INFO - Sync 2 DAGs
[2024-11-12T00:13:50.737+0000] {logging_mixin.py:188} INFO - [2024-11-12T00:13:50.736+0000] {dag.py:3954} INFO - Setting next_dagrun for example_xcom_args to None, run_after=None
[2024-11-12T00:13:50.741+0000] {logging_mixin.py:188} INFO - [2024-11-12T00:13:50.740+0000] {dag.py:3954} INFO - Setting next_dagrun for example_xcom_args_with_operators to None, run_after=None
[2024-11-12T00:13:50.756+0000] {processor.py:183} INFO - Processing /home/airflow/.local/lib/python3.12/site-packages/airflow/example_dags/example_xcomargs.py took 0.073 seconds
[2024-11-12T00:14:20.890+0000] {processor.py:161} INFO - Started process (PID=1009) to work on /home/airflow/.local/lib/python3.12/site-packages/airflow/example_dags/example_xcomargs.py
[2024-11-12T00:14:20.891+0000] {processor.py:830} INFO - Processing file /home/airflow/.local/lib/python3.12/site-packages/airflow/example_dags/example_xcomargs.py for tasks to queue
[2024-11-12T00:14:20.893+0000] {logging_mixin.py:188} INFO - [2024-11-12T00:14:20.893+0000] {dagbag.py:545} INFO - Filling up the DagBag from /home/airflow/.local/lib/python3.12/site-packages/airflow/example_dags/example_xcomargs.py
[2024-11-12T00:14:20.901+0000] {processor.py:840} INFO - DAG(s) 'example_xcom_args', 'example_xcom_args_with_operators' retrieved from /home/airflow/.local/lib/python3.12/site-packages/airflow/example_dags/example_xcomargs.py
[2024-11-12T00:14:20.924+0000] {logging_mixin.py:188} INFO - [2024-11-12T00:14:20.924+0000] {dag.py:3096} INFO - Sync 2 DAGs
[2024-11-12T00:14:20.936+0000] {logging_mixin.py:188} INFO - [2024-11-12T00:14:20.936+0000] {dag.py:3954} INFO - Setting next_dagrun for example_xcom_args to None, run_after=None
[2024-11-12T00:14:20.940+0000] {logging_mixin.py:188} INFO - [2024-11-12T00:14:20.940+0000] {dag.py:3954} INFO - Setting next_dagrun for example_xcom_args_with_operators to None, run_after=None
[2024-11-12T00:14:20.957+0000] {processor.py:183} INFO - Processing /home/airflow/.local/lib/python3.12/site-packages/airflow/example_dags/example_xcomargs.py took 0.072 seconds
[2024-11-12T00:14:51.086+0000] {processor.py:161} INFO - Started process (PID=1068) to work on /home/airflow/.local/lib/python3.12/site-packages/airflow/example_dags/example_xcomargs.py
[2024-11-12T00:14:51.087+0000] {processor.py:830} INFO - Processing file /home/airflow/.local/lib/python3.12/site-packages/airflow/example_dags/example_xcomargs.py for tasks to queue
[2024-11-12T00:14:51.089+0000] {logging_mixin.py:188} INFO - [2024-11-12T00:14:51.089+0000] {dagbag.py:545} INFO - Filling up the DagBag from /home/airflow/.local/lib/python3.12/site-packages/airflow/example_dags/example_xcomargs.py
[2024-11-12T00:14:51.097+0000] {processor.py:840} INFO - DAG(s) 'example_xcom_args_with_operators', 'example_xcom_args' retrieved from /home/airflow/.local/lib/python3.12/site-packages/airflow/example_dags/example_xcomargs.py
[2024-11-12T00:14:51.122+0000] {logging_mixin.py:188} INFO - [2024-11-12T00:14:51.122+0000] {dag.py:3096} INFO - Sync 2 DAGs
[2024-11-12T00:14:51.136+0000] {logging_mixin.py:188} INFO - [2024-11-12T00:14:51.136+0000] {dag.py:3954} INFO - Setting next_dagrun for example_xcom_args to None, run_after=None
[2024-11-12T00:14:51.140+0000] {logging_mixin.py:188} INFO - [2024-11-12T00:14:51.140+0000] {dag.py:3954} INFO - Setting next_dagrun for example_xcom_args_with_operators to None, run_after=None
[2024-11-12T00:14:51.157+0000] {processor.py:183} INFO - Processing /home/airflow/.local/lib/python3.12/site-packages/airflow/example_dags/example_xcomargs.py took 0.078 seconds
[2024-11-12T00:15:21.626+0000] {processor.py:161} INFO - Started process (PID=1133) to work on /home/airflow/.local/lib/python3.12/site-packages/airflow/example_dags/example_xcomargs.py
[2024-11-12T00:15:21.628+0000] {processor.py:830} INFO - Processing file /home/airflow/.local/lib/python3.12/site-packages/airflow/example_dags/example_xcomargs.py for tasks to queue
[2024-11-12T00:15:21.630+0000] {logging_mixin.py:188} INFO - [2024-11-12T00:15:21.629+0000] {dagbag.py:545} INFO - Filling up the DagBag from /home/airflow/.local/lib/python3.12/site-packages/airflow/example_dags/example_xcomargs.py
[2024-11-12T00:15:21.638+0000] {processor.py:840} INFO - DAG(s) 'example_xcom_args', 'example_xcom_args_with_operators' retrieved from /home/airflow/.local/lib/python3.12/site-packages/airflow/example_dags/example_xcomargs.py
[2024-11-12T00:15:21.663+0000] {logging_mixin.py:188} INFO - [2024-11-12T00:15:21.663+0000] {dag.py:3096} INFO - Sync 2 DAGs
[2024-11-12T00:15:21.676+0000] {logging_mixin.py:188} INFO - [2024-11-12T00:15:21.676+0000] {dag.py:3954} INFO - Setting next_dagrun for example_xcom_args to None, run_after=None
[2024-11-12T00:15:21.680+0000] {logging_mixin.py:188} INFO - [2024-11-12T00:15:21.680+0000] {dag.py:3954} INFO - Setting next_dagrun for example_xcom_args_with_operators to None, run_after=None
[2024-11-12T00:15:21.697+0000] {processor.py:183} INFO - Processing /home/airflow/.local/lib/python3.12/site-packages/airflow/example_dags/example_xcomargs.py took 0.076 seconds
[2024-11-12T00:15:51.815+0000] {processor.py:161} INFO - Started process (PID=1192) to work on /home/airflow/.local/lib/python3.12/site-packages/airflow/example_dags/example_xcomargs.py
[2024-11-12T00:15:51.816+0000] {processor.py:830} INFO - Processing file /home/airflow/.local/lib/python3.12/site-packages/airflow/example_dags/example_xcomargs.py for tasks to queue
[2024-11-12T00:15:51.818+0000] {logging_mixin.py:188} INFO - [2024-11-12T00:15:51.818+0000] {dagbag.py:545} INFO - Filling up the DagBag from /home/airflow/.local/lib/python3.12/site-packages/airflow/example_dags/example_xcomargs.py
[2024-11-12T00:15:51.827+0000] {processor.py:840} INFO - DAG(s) 'example_xcom_args', 'example_xcom_args_with_operators' retrieved from /home/airflow/.local/lib/python3.12/site-packages/airflow/example_dags/example_xcomargs.py
[2024-11-12T00:15:51.850+0000] {logging_mixin.py:188} INFO - [2024-11-12T00:15:51.850+0000] {dag.py:3096} INFO - Sync 2 DAGs
[2024-11-12T00:15:51.863+0000] {logging_mixin.py:188} INFO - [2024-11-12T00:15:51.863+0000] {dag.py:3954} INFO - Setting next_dagrun for example_xcom_args to None, run_after=None
[2024-11-12T00:15:51.867+0000] {logging_mixin.py:188} INFO - [2024-11-12T00:15:51.867+0000] {dag.py:3954} INFO - Setting next_dagrun for example_xcom_args_with_operators to None, run_after=None
[2024-11-12T00:15:51.886+0000] {processor.py:183} INFO - Processing /home/airflow/.local/lib/python3.12/site-packages/airflow/example_dags/example_xcomargs.py took 0.076 seconds
[2024-11-12T00:16:22.083+0000] {processor.py:161} INFO - Started process (PID=1251) to work on /home/airflow/.local/lib/python3.12/site-packages/airflow/example_dags/example_xcomargs.py
[2024-11-12T00:16:22.084+0000] {processor.py:830} INFO - Processing file /home/airflow/.local/lib/python3.12/site-packages/airflow/example_dags/example_xcomargs.py for tasks to queue
[2024-11-12T00:16:22.087+0000] {logging_mixin.py:188} INFO - [2024-11-12T00:16:22.086+0000] {dagbag.py:545} INFO - Filling up the DagBag from /home/airflow/.local/lib/python3.12/site-packages/airflow/example_dags/example_xcomargs.py
[2024-11-12T00:16:22.095+0000] {processor.py:840} INFO - DAG(s) 'example_xcom_args', 'example_xcom_args_with_operators' retrieved from /home/airflow/.local/lib/python3.12/site-packages/airflow/example_dags/example_xcomargs.py
[2024-11-12T00:16:22.134+0000] {logging_mixin.py:188} INFO - [2024-11-12T00:16:22.134+0000] {dag.py:3096} INFO - Sync 2 DAGs
[2024-11-12T00:16:22.149+0000] {logging_mixin.py:188} INFO - [2024-11-12T00:16:22.149+0000] {dag.py:3954} INFO - Setting next_dagrun for example_xcom_args to None, run_after=None
[2024-11-12T00:16:22.155+0000] {logging_mixin.py:188} INFO - [2024-11-12T00:16:22.155+0000] {dag.py:3954} INFO - Setting next_dagrun for example_xcom_args_with_operators to None, run_after=None
[2024-11-12T00:16:22.176+0000] {processor.py:183} INFO - Processing /home/airflow/.local/lib/python3.12/site-packages/airflow/example_dags/example_xcomargs.py took 0.099 seconds
[2024-11-12T00:16:52.954+0000] {processor.py:161} INFO - Started process (PID=1310) to work on /home/airflow/.local/lib/python3.12/site-packages/airflow/example_dags/example_xcomargs.py
[2024-11-12T00:16:52.955+0000] {processor.py:830} INFO - Processing file /home/airflow/.local/lib/python3.12/site-packages/airflow/example_dags/example_xcomargs.py for tasks to queue
[2024-11-12T00:16:52.957+0000] {logging_mixin.py:188} INFO - [2024-11-12T00:16:52.957+0000] {dagbag.py:545} INFO - Filling up the DagBag from /home/airflow/.local/lib/python3.12/site-packages/airflow/example_dags/example_xcomargs.py
[2024-11-12T00:16:52.965+0000] {processor.py:840} INFO - DAG(s) 'example_xcom_args', 'example_xcom_args_with_operators' retrieved from /home/airflow/.local/lib/python3.12/site-packages/airflow/example_dags/example_xcomargs.py
[2024-11-12T00:16:53.084+0000] {logging_mixin.py:188} INFO - [2024-11-12T00:16:53.084+0000] {dag.py:3096} INFO - Sync 2 DAGs
[2024-11-12T00:16:53.096+0000] {logging_mixin.py:188} INFO - [2024-11-12T00:16:53.096+0000] {dag.py:3954} INFO - Setting next_dagrun for example_xcom_args to None, run_after=None
[2024-11-12T00:16:53.099+0000] {logging_mixin.py:188} INFO - [2024-11-12T00:16:53.099+0000] {dag.py:3954} INFO - Setting next_dagrun for example_xcom_args_with_operators to None, run_after=None
[2024-11-12T00:16:53.118+0000] {processor.py:183} INFO - Processing /home/airflow/.local/lib/python3.12/site-packages/airflow/example_dags/example_xcomargs.py took 0.171 seconds
[2024-11-12T00:17:23.317+0000] {processor.py:161} INFO - Started process (PID=1369) to work on /home/airflow/.local/lib/python3.12/site-packages/airflow/example_dags/example_xcomargs.py
[2024-11-12T00:17:23.318+0000] {processor.py:830} INFO - Processing file /home/airflow/.local/lib/python3.12/site-packages/airflow/example_dags/example_xcomargs.py for tasks to queue
[2024-11-12T00:17:23.321+0000] {logging_mixin.py:188} INFO - [2024-11-12T00:17:23.320+0000] {dagbag.py:545} INFO - Filling up the DagBag from /home/airflow/.local/lib/python3.12/site-packages/airflow/example_dags/example_xcomargs.py
[2024-11-12T00:17:23.330+0000] {processor.py:840} INFO - DAG(s) 'example_xcom_args_with_operators', 'example_xcom_args' retrieved from /home/airflow/.local/lib/python3.12/site-packages/airflow/example_dags/example_xcomargs.py
[2024-11-12T00:17:23.354+0000] {logging_mixin.py:188} INFO - [2024-11-12T00:17:23.354+0000] {dag.py:3096} INFO - Sync 2 DAGs
[2024-11-12T00:17:23.367+0000] {logging_mixin.py:188} INFO - [2024-11-12T00:17:23.367+0000] {dag.py:3954} INFO - Setting next_dagrun for example_xcom_args to None, run_after=None
[2024-11-12T00:17:23.371+0000] {logging_mixin.py:188} INFO - [2024-11-12T00:17:23.371+0000] {dag.py:3954} INFO - Setting next_dagrun for example_xcom_args_with_operators to None, run_after=None
[2024-11-12T00:17:23.394+0000] {processor.py:183} INFO - Processing /home/airflow/.local/lib/python3.12/site-packages/airflow/example_dags/example_xcomargs.py took 0.085 seconds
[2024-11-12T00:17:53.581+0000] {processor.py:161} INFO - Started process (PID=1428) to work on /home/airflow/.local/lib/python3.12/site-packages/airflow/example_dags/example_xcomargs.py
[2024-11-12T00:17:53.582+0000] {processor.py:830} INFO - Processing file /home/airflow/.local/lib/python3.12/site-packages/airflow/example_dags/example_xcomargs.py for tasks to queue
[2024-11-12T00:17:53.585+0000] {logging_mixin.py:188} INFO - [2024-11-12T00:17:53.584+0000] {dagbag.py:545} INFO - Filling up the DagBag from /home/airflow/.local/lib/python3.12/site-packages/airflow/example_dags/example_xcomargs.py
[2024-11-12T00:17:53.593+0000] {processor.py:840} INFO - DAG(s) 'example_xcom_args_with_operators', 'example_xcom_args' retrieved from /home/airflow/.local/lib/python3.12/site-packages/airflow/example_dags/example_xcomargs.py
[2024-11-12T00:17:53.616+0000] {logging_mixin.py:188} INFO - [2024-11-12T00:17:53.616+0000] {dag.py:3096} INFO - Sync 2 DAGs
[2024-11-12T00:17:53.629+0000] {logging_mixin.py:188} INFO - [2024-11-12T00:17:53.629+0000] {dag.py:3954} INFO - Setting next_dagrun for example_xcom_args to None, run_after=None
[2024-11-12T00:17:53.634+0000] {logging_mixin.py:188} INFO - [2024-11-12T00:17:53.634+0000] {dag.py:3954} INFO - Setting next_dagrun for example_xcom_args_with_operators to None, run_after=None
[2024-11-12T00:17:53.651+0000] {processor.py:183} INFO - Processing /home/airflow/.local/lib/python3.12/site-packages/airflow/example_dags/example_xcomargs.py took 0.076 seconds
[2024-11-12T00:18:23.833+0000] {processor.py:161} INFO - Started process (PID=1487) to work on /home/airflow/.local/lib/python3.12/site-packages/airflow/example_dags/example_xcomargs.py
[2024-11-12T00:18:23.834+0000] {processor.py:830} INFO - Processing file /home/airflow/.local/lib/python3.12/site-packages/airflow/example_dags/example_xcomargs.py for tasks to queue
[2024-11-12T00:18:23.836+0000] {logging_mixin.py:188} INFO - [2024-11-12T00:18:23.836+0000] {dagbag.py:545} INFO - Filling up the DagBag from /home/airflow/.local/lib/python3.12/site-packages/airflow/example_dags/example_xcomargs.py
[2024-11-12T00:18:23.845+0000] {processor.py:840} INFO - DAG(s) 'example_xcom_args', 'example_xcom_args_with_operators' retrieved from /home/airflow/.local/lib/python3.12/site-packages/airflow/example_dags/example_xcomargs.py
[2024-11-12T00:18:23.868+0000] {logging_mixin.py:188} INFO - [2024-11-12T00:18:23.867+0000] {dag.py:3096} INFO - Sync 2 DAGs
[2024-11-12T00:18:23.883+0000] {logging_mixin.py:188} INFO - [2024-11-12T00:18:23.882+0000] {dag.py:3954} INFO - Setting next_dagrun for example_xcom_args to None, run_after=None
[2024-11-12T00:18:23.887+0000] {logging_mixin.py:188} INFO - [2024-11-12T00:18:23.886+0000] {dag.py:3954} INFO - Setting next_dagrun for example_xcom_args_with_operators to None, run_after=None
[2024-11-12T00:18:23.903+0000] {processor.py:183} INFO - Processing /home/airflow/.local/lib/python3.12/site-packages/airflow/example_dags/example_xcomargs.py took 0.076 seconds
[2024-11-12T00:18:54.617+0000] {processor.py:161} INFO - Started process (PID=1547) to work on /home/airflow/.local/lib/python3.12/site-packages/airflow/example_dags/example_xcomargs.py
[2024-11-12T00:18:54.618+0000] {processor.py:830} INFO - Processing file /home/airflow/.local/lib/python3.12/site-packages/airflow/example_dags/example_xcomargs.py for tasks to queue
[2024-11-12T00:18:54.620+0000] {logging_mixin.py:188} INFO - [2024-11-12T00:18:54.620+0000] {dagbag.py:545} INFO - Filling up the DagBag from /home/airflow/.local/lib/python3.12/site-packages/airflow/example_dags/example_xcomargs.py
[2024-11-12T00:18:54.629+0000] {processor.py:840} INFO - DAG(s) 'example_xcom_args_with_operators', 'example_xcom_args' retrieved from /home/airflow/.local/lib/python3.12/site-packages/airflow/example_dags/example_xcomargs.py
[2024-11-12T00:18:54.653+0000] {logging_mixin.py:188} INFO - [2024-11-12T00:18:54.652+0000] {dag.py:3096} INFO - Sync 2 DAGs
[2024-11-12T00:18:54.665+0000] {logging_mixin.py:188} INFO - [2024-11-12T00:18:54.664+0000] {dag.py:3954} INFO - Setting next_dagrun for example_xcom_args to None, run_after=None
[2024-11-12T00:18:54.669+0000] {logging_mixin.py:188} INFO - [2024-11-12T00:18:54.669+0000] {dag.py:3954} INFO - Setting next_dagrun for example_xcom_args_with_operators to None, run_after=None
[2024-11-12T00:18:54.685+0000] {processor.py:183} INFO - Processing /home/airflow/.local/lib/python3.12/site-packages/airflow/example_dags/example_xcomargs.py took 0.074 seconds
[2024-11-12T00:19:25.161+0000] {processor.py:161} INFO - Started process (PID=1606) to work on /home/airflow/.local/lib/python3.12/site-packages/airflow/example_dags/example_xcomargs.py
[2024-11-12T00:19:25.162+0000] {processor.py:830} INFO - Processing file /home/airflow/.local/lib/python3.12/site-packages/airflow/example_dags/example_xcomargs.py for tasks to queue
[2024-11-12T00:19:25.165+0000] {logging_mixin.py:188} INFO - [2024-11-12T00:19:25.165+0000] {dagbag.py:545} INFO - Filling up the DagBag from /home/airflow/.local/lib/python3.12/site-packages/airflow/example_dags/example_xcomargs.py
[2024-11-12T00:19:25.175+0000] {processor.py:840} INFO - DAG(s) 'example_xcom_args', 'example_xcom_args_with_operators' retrieved from /home/airflow/.local/lib/python3.12/site-packages/airflow/example_dags/example_xcomargs.py
[2024-11-12T00:19:25.198+0000] {logging_mixin.py:188} INFO - [2024-11-12T00:19:25.198+0000] {dag.py:3096} INFO - Sync 2 DAGs
[2024-11-12T00:19:25.211+0000] {logging_mixin.py:188} INFO - [2024-11-12T00:19:25.211+0000] {dag.py:3954} INFO - Setting next_dagrun for example_xcom_args to None, run_after=None
[2024-11-12T00:19:25.215+0000] {logging_mixin.py:188} INFO - [2024-11-12T00:19:25.215+0000] {dag.py:3954} INFO - Setting next_dagrun for example_xcom_args_with_operators to None, run_after=None
[2024-11-12T00:19:25.231+0000] {processor.py:183} INFO - Processing /home/airflow/.local/lib/python3.12/site-packages/airflow/example_dags/example_xcomargs.py took 0.077 seconds
[2024-11-12T00:19:55.521+0000] {processor.py:161} INFO - Started process (PID=1665) to work on /home/airflow/.local/lib/python3.12/site-packages/airflow/example_dags/example_xcomargs.py
[2024-11-12T00:19:55.522+0000] {processor.py:830} INFO - Processing file /home/airflow/.local/lib/python3.12/site-packages/airflow/example_dags/example_xcomargs.py for tasks to queue
[2024-11-12T00:19:55.524+0000] {logging_mixin.py:188} INFO - [2024-11-12T00:19:55.524+0000] {dagbag.py:545} INFO - Filling up the DagBag from /home/airflow/.local/lib/python3.12/site-packages/airflow/example_dags/example_xcomargs.py
[2024-11-12T00:19:55.533+0000] {processor.py:840} INFO - DAG(s) 'example_xcom_args', 'example_xcom_args_with_operators' retrieved from /home/airflow/.local/lib/python3.12/site-packages/airflow/example_dags/example_xcomargs.py
[2024-11-12T00:19:55.558+0000] {logging_mixin.py:188} INFO - [2024-11-12T00:19:55.558+0000] {dag.py:3096} INFO - Sync 2 DAGs
[2024-11-12T00:19:55.572+0000] {logging_mixin.py:188} INFO - [2024-11-12T00:19:55.572+0000] {dag.py:3954} INFO - Setting next_dagrun for example_xcom_args to None, run_after=None
[2024-11-12T00:19:55.576+0000] {logging_mixin.py:188} INFO - [2024-11-12T00:19:55.576+0000] {dag.py:3954} INFO - Setting next_dagrun for example_xcom_args_with_operators to None, run_after=None
[2024-11-12T00:19:55.593+0000] {processor.py:183} INFO - Processing /home/airflow/.local/lib/python3.12/site-packages/airflow/example_dags/example_xcomargs.py took 0.077 seconds
[2024-11-12T00:20:26.041+0000] {processor.py:161} INFO - Started process (PID=1724) to work on /home/airflow/.local/lib/python3.12/site-packages/airflow/example_dags/example_xcomargs.py
[2024-11-12T00:20:26.042+0000] {processor.py:830} INFO - Processing file /home/airflow/.local/lib/python3.12/site-packages/airflow/example_dags/example_xcomargs.py for tasks to queue
[2024-11-12T00:20:26.044+0000] {logging_mixin.py:188} INFO - [2024-11-12T00:20:26.043+0000] {dagbag.py:545} INFO - Filling up the DagBag from /home/airflow/.local/lib/python3.12/site-packages/airflow/example_dags/example_xcomargs.py
[2024-11-12T00:20:26.052+0000] {processor.py:840} INFO - DAG(s) 'example_xcom_args', 'example_xcom_args_with_operators' retrieved from /home/airflow/.local/lib/python3.12/site-packages/airflow/example_dags/example_xcomargs.py
[2024-11-12T00:20:26.075+0000] {logging_mixin.py:188} INFO - [2024-11-12T00:20:26.074+0000] {dag.py:3096} INFO - Sync 2 DAGs
[2024-11-12T00:20:26.088+0000] {logging_mixin.py:188} INFO - [2024-11-12T00:20:26.088+0000] {dag.py:3954} INFO - Setting next_dagrun for example_xcom_args to None, run_after=None
[2024-11-12T00:20:26.093+0000] {logging_mixin.py:188} INFO - [2024-11-12T00:20:26.093+0000] {dag.py:3954} INFO - Setting next_dagrun for example_xcom_args_with_operators to None, run_after=None
[2024-11-12T00:20:26.111+0000] {processor.py:183} INFO - Processing /home/airflow/.local/lib/python3.12/site-packages/airflow/example_dags/example_xcomargs.py took 0.076 seconds
[2024-11-12T00:20:56.267+0000] {processor.py:161} INFO - Started process (PID=1783) to work on /home/airflow/.local/lib/python3.12/site-packages/airflow/example_dags/example_xcomargs.py
[2024-11-12T00:20:56.268+0000] {processor.py:830} INFO - Processing file /home/airflow/.local/lib/python3.12/site-packages/airflow/example_dags/example_xcomargs.py for tasks to queue
[2024-11-12T00:20:56.270+0000] {logging_mixin.py:188} INFO - [2024-11-12T00:20:56.269+0000] {dagbag.py:545} INFO - Filling up the DagBag from /home/airflow/.local/lib/python3.12/site-packages/airflow/example_dags/example_xcomargs.py
[2024-11-12T00:20:56.278+0000] {processor.py:840} INFO - DAG(s) 'example_xcom_args_with_operators', 'example_xcom_args' retrieved from /home/airflow/.local/lib/python3.12/site-packages/airflow/example_dags/example_xcomargs.py
[2024-11-12T00:20:56.302+0000] {logging_mixin.py:188} INFO - [2024-11-12T00:20:56.301+0000] {dag.py:3096} INFO - Sync 2 DAGs
[2024-11-12T00:20:56.315+0000] {logging_mixin.py:188} INFO - [2024-11-12T00:20:56.315+0000] {dag.py:3954} INFO - Setting next_dagrun for example_xcom_args to None, run_after=None
[2024-11-12T00:20:56.319+0000] {logging_mixin.py:188} INFO - [2024-11-12T00:20:56.319+0000] {dag.py:3954} INFO - Setting next_dagrun for example_xcom_args_with_operators to None, run_after=None
[2024-11-12T00:20:56.339+0000] {processor.py:183} INFO - Processing /home/airflow/.local/lib/python3.12/site-packages/airflow/example_dags/example_xcomargs.py took 0.078 seconds
[2024-11-12T00:21:26.717+0000] {processor.py:161} INFO - Started process (PID=1843) to work on /home/airflow/.local/lib/python3.12/site-packages/airflow/example_dags/example_xcomargs.py
[2024-11-12T00:21:26.719+0000] {processor.py:830} INFO - Processing file /home/airflow/.local/lib/python3.12/site-packages/airflow/example_dags/example_xcomargs.py for tasks to queue
[2024-11-12T00:21:26.721+0000] {logging_mixin.py:188} INFO - [2024-11-12T00:21:26.721+0000] {dagbag.py:545} INFO - Filling up the DagBag from /home/airflow/.local/lib/python3.12/site-packages/airflow/example_dags/example_xcomargs.py
[2024-11-12T00:21:26.744+0000] {processor.py:840} INFO - DAG(s) 'example_xcom_args', 'example_xcom_args_with_operators' retrieved from /home/airflow/.local/lib/python3.12/site-packages/airflow/example_dags/example_xcomargs.py
[2024-11-12T00:21:26.787+0000] {logging_mixin.py:188} INFO - [2024-11-12T00:21:26.786+0000] {dag.py:3096} INFO - Sync 2 DAGs
[2024-11-12T00:21:26.803+0000] {logging_mixin.py:188} INFO - [2024-11-12T00:21:26.802+0000] {dag.py:3954} INFO - Setting next_dagrun for example_xcom_args to None, run_after=None
[2024-11-12T00:21:26.809+0000] {logging_mixin.py:188} INFO - [2024-11-12T00:21:26.809+0000] {dag.py:3954} INFO - Setting next_dagrun for example_xcom_args_with_operators to None, run_after=None
[2024-11-12T00:21:26.825+0000] {processor.py:183} INFO - Processing /home/airflow/.local/lib/python3.12/site-packages/airflow/example_dags/example_xcomargs.py took 0.116 seconds
[2024-11-12T00:21:57.488+0000] {processor.py:161} INFO - Started process (PID=1902) to work on /home/airflow/.local/lib/python3.12/site-packages/airflow/example_dags/example_xcomargs.py
[2024-11-12T00:21:57.489+0000] {processor.py:830} INFO - Processing file /home/airflow/.local/lib/python3.12/site-packages/airflow/example_dags/example_xcomargs.py for tasks to queue
[2024-11-12T00:21:57.491+0000] {logging_mixin.py:188} INFO - [2024-11-12T00:21:57.491+0000] {dagbag.py:545} INFO - Filling up the DagBag from /home/airflow/.local/lib/python3.12/site-packages/airflow/example_dags/example_xcomargs.py
[2024-11-12T00:21:57.500+0000] {processor.py:840} INFO - DAG(s) 'example_xcom_args', 'example_xcom_args_with_operators' retrieved from /home/airflow/.local/lib/python3.12/site-packages/airflow/example_dags/example_xcomargs.py
[2024-11-12T00:21:57.610+0000] {logging_mixin.py:188} INFO - [2024-11-12T00:21:57.609+0000] {dag.py:3096} INFO - Sync 2 DAGs
[2024-11-12T00:21:57.620+0000] {logging_mixin.py:188} INFO - [2024-11-12T00:21:57.620+0000] {dag.py:3954} INFO - Setting next_dagrun for example_xcom_args to None, run_after=None
[2024-11-12T00:21:57.623+0000] {logging_mixin.py:188} INFO - [2024-11-12T00:21:57.623+0000] {dag.py:3954} INFO - Setting next_dagrun for example_xcom_args_with_operators to None, run_after=None
[2024-11-12T00:21:57.640+0000] {processor.py:183} INFO - Processing /home/airflow/.local/lib/python3.12/site-packages/airflow/example_dags/example_xcomargs.py took 0.158 seconds
[2024-11-12T00:22:28.323+0000] {processor.py:161} INFO - Started process (PID=1961) to work on /home/airflow/.local/lib/python3.12/site-packages/airflow/example_dags/example_xcomargs.py
[2024-11-12T00:22:28.324+0000] {processor.py:830} INFO - Processing file /home/airflow/.local/lib/python3.12/site-packages/airflow/example_dags/example_xcomargs.py for tasks to queue
[2024-11-12T00:22:28.326+0000] {logging_mixin.py:188} INFO - [2024-11-12T00:22:28.326+0000] {dagbag.py:545} INFO - Filling up the DagBag from /home/airflow/.local/lib/python3.12/site-packages/airflow/example_dags/example_xcomargs.py
[2024-11-12T00:22:28.335+0000] {processor.py:840} INFO - DAG(s) 'example_xcom_args_with_operators', 'example_xcom_args' retrieved from /home/airflow/.local/lib/python3.12/site-packages/airflow/example_dags/example_xcomargs.py
[2024-11-12T00:22:28.359+0000] {logging_mixin.py:188} INFO - [2024-11-12T00:22:28.359+0000] {dag.py:3096} INFO - Sync 2 DAGs
[2024-11-12T00:22:28.372+0000] {logging_mixin.py:188} INFO - [2024-11-12T00:22:28.372+0000] {dag.py:3954} INFO - Setting next_dagrun for example_xcom_args to None, run_after=None
[2024-11-12T00:22:28.376+0000] {logging_mixin.py:188} INFO - [2024-11-12T00:22:28.376+0000] {dag.py:3954} INFO - Setting next_dagrun for example_xcom_args_with_operators to None, run_after=None
[2024-11-12T00:22:28.393+0000] {processor.py:183} INFO - Processing /home/airflow/.local/lib/python3.12/site-packages/airflow/example_dags/example_xcomargs.py took 0.076 seconds
[2024-11-12T00:22:58.495+0000] {processor.py:161} INFO - Started process (PID=2020) to work on /home/airflow/.local/lib/python3.12/site-packages/airflow/example_dags/example_xcomargs.py
[2024-11-12T00:22:58.496+0000] {processor.py:830} INFO - Processing file /home/airflow/.local/lib/python3.12/site-packages/airflow/example_dags/example_xcomargs.py for tasks to queue
[2024-11-12T00:22:58.499+0000] {logging_mixin.py:188} INFO - [2024-11-12T00:22:58.498+0000] {dagbag.py:545} INFO - Filling up the DagBag from /home/airflow/.local/lib/python3.12/site-packages/airflow/example_dags/example_xcomargs.py
[2024-11-12T00:22:58.507+0000] {processor.py:840} INFO - DAG(s) 'example_xcom_args', 'example_xcom_args_with_operators' retrieved from /home/airflow/.local/lib/python3.12/site-packages/airflow/example_dags/example_xcomargs.py
[2024-11-12T00:22:58.530+0000] {logging_mixin.py:188} INFO - [2024-11-12T00:22:58.530+0000] {dag.py:3096} INFO - Sync 2 DAGs
[2024-11-12T00:22:58.543+0000] {logging_mixin.py:188} INFO - [2024-11-12T00:22:58.543+0000] {dag.py:3954} INFO - Setting next_dagrun for example_xcom_args to None, run_after=None
[2024-11-12T00:22:58.547+0000] {logging_mixin.py:188} INFO - [2024-11-12T00:22:58.547+0000] {dag.py:3954} INFO - Setting next_dagrun for example_xcom_args_with_operators to None, run_after=None
[2024-11-12T00:22:58.563+0000] {processor.py:183} INFO - Processing /home/airflow/.local/lib/python3.12/site-packages/airflow/example_dags/example_xcomargs.py took 0.073 seconds
[2024-11-12T00:23:28.830+0000] {processor.py:161} INFO - Started process (PID=2082) to work on /home/airflow/.local/lib/python3.12/site-packages/airflow/example_dags/example_xcomargs.py
[2024-11-12T00:23:28.831+0000] {processor.py:830} INFO - Processing file /home/airflow/.local/lib/python3.12/site-packages/airflow/example_dags/example_xcomargs.py for tasks to queue
[2024-11-12T00:23:28.834+0000] {logging_mixin.py:188} INFO - [2024-11-12T00:23:28.834+0000] {dagbag.py:545} INFO - Filling up the DagBag from /home/airflow/.local/lib/python3.12/site-packages/airflow/example_dags/example_xcomargs.py
[2024-11-12T00:23:28.843+0000] {processor.py:840} INFO - DAG(s) 'example_xcom_args_with_operators', 'example_xcom_args' retrieved from /home/airflow/.local/lib/python3.12/site-packages/airflow/example_dags/example_xcomargs.py
[2024-11-12T00:23:28.868+0000] {logging_mixin.py:188} INFO - [2024-11-12T00:23:28.867+0000] {dag.py:3096} INFO - Sync 2 DAGs
[2024-11-12T00:23:28.881+0000] {logging_mixin.py:188} INFO - [2024-11-12T00:23:28.881+0000] {dag.py:3954} INFO - Setting next_dagrun for example_xcom_args to None, run_after=None
[2024-11-12T00:23:28.885+0000] {logging_mixin.py:188} INFO - [2024-11-12T00:23:28.885+0000] {dag.py:3954} INFO - Setting next_dagrun for example_xcom_args_with_operators to None, run_after=None
[2024-11-12T00:23:28.903+0000] {processor.py:183} INFO - Processing /home/airflow/.local/lib/python3.12/site-packages/airflow/example_dags/example_xcomargs.py took 0.078 seconds
[2024-11-12T00:23:59.130+0000] {processor.py:161} INFO - Started process (PID=2141) to work on /home/airflow/.local/lib/python3.12/site-packages/airflow/example_dags/example_xcomargs.py
[2024-11-12T00:23:59.131+0000] {processor.py:830} INFO - Processing file /home/airflow/.local/lib/python3.12/site-packages/airflow/example_dags/example_xcomargs.py for tasks to queue
[2024-11-12T00:23:59.133+0000] {logging_mixin.py:188} INFO - [2024-11-12T00:23:59.132+0000] {dagbag.py:545} INFO - Filling up the DagBag from /home/airflow/.local/lib/python3.12/site-packages/airflow/example_dags/example_xcomargs.py
[2024-11-12T00:23:59.142+0000] {processor.py:840} INFO - DAG(s) 'example_xcom_args', 'example_xcom_args_with_operators' retrieved from /home/airflow/.local/lib/python3.12/site-packages/airflow/example_dags/example_xcomargs.py
[2024-11-12T00:23:59.165+0000] {logging_mixin.py:188} INFO - [2024-11-12T00:23:59.165+0000] {dag.py:3096} INFO - Sync 2 DAGs
[2024-11-12T00:23:59.178+0000] {logging_mixin.py:188} INFO - [2024-11-12T00:23:59.178+0000] {dag.py:3954} INFO - Setting next_dagrun for example_xcom_args to None, run_after=None
[2024-11-12T00:23:59.182+0000] {logging_mixin.py:188} INFO - [2024-11-12T00:23:59.182+0000] {dag.py:3954} INFO - Setting next_dagrun for example_xcom_args_with_operators to None, run_after=None
[2024-11-12T00:23:59.198+0000] {processor.py:183} INFO - Processing /home/airflow/.local/lib/python3.12/site-packages/airflow/example_dags/example_xcomargs.py took 0.074 seconds
[2024-11-12T00:24:29.764+0000] {processor.py:161} INFO - Started process (PID=2200) to work on /home/airflow/.local/lib/python3.12/site-packages/airflow/example_dags/example_xcomargs.py
[2024-11-12T00:24:29.765+0000] {processor.py:830} INFO - Processing file /home/airflow/.local/lib/python3.12/site-packages/airflow/example_dags/example_xcomargs.py for tasks to queue
[2024-11-12T00:24:29.768+0000] {logging_mixin.py:188} INFO - [2024-11-12T00:24:29.768+0000] {dagbag.py:545} INFO - Filling up the DagBag from /home/airflow/.local/lib/python3.12/site-packages/airflow/example_dags/example_xcomargs.py
[2024-11-12T00:24:29.779+0000] {processor.py:840} INFO - DAG(s) 'example_xcom_args_with_operators', 'example_xcom_args' retrieved from /home/airflow/.local/lib/python3.12/site-packages/airflow/example_dags/example_xcomargs.py
[2024-11-12T00:24:29.804+0000] {logging_mixin.py:188} INFO - [2024-11-12T00:24:29.803+0000] {dag.py:3096} INFO - Sync 2 DAGs
[2024-11-12T00:24:29.819+0000] {logging_mixin.py:188} INFO - [2024-11-12T00:24:29.819+0000] {dag.py:3954} INFO - Setting next_dagrun for example_xcom_args to None, run_after=None
[2024-11-12T00:24:29.826+0000] {logging_mixin.py:188} INFO - [2024-11-12T00:24:29.825+0000] {dag.py:3954} INFO - Setting next_dagrun for example_xcom_args_with_operators to None, run_after=None
[2024-11-12T00:24:29.846+0000] {processor.py:183} INFO - Processing /home/airflow/.local/lib/python3.12/site-packages/airflow/example_dags/example_xcomargs.py took 0.089 seconds
[2024-11-12T00:25:00.312+0000] {processor.py:161} INFO - Started process (PID=2259) to work on /home/airflow/.local/lib/python3.12/site-packages/airflow/example_dags/example_xcomargs.py
[2024-11-12T00:25:00.313+0000] {processor.py:830} INFO - Processing file /home/airflow/.local/lib/python3.12/site-packages/airflow/example_dags/example_xcomargs.py for tasks to queue
[2024-11-12T00:25:00.315+0000] {logging_mixin.py:188} INFO - [2024-11-12T00:25:00.315+0000] {dagbag.py:545} INFO - Filling up the DagBag from /home/airflow/.local/lib/python3.12/site-packages/airflow/example_dags/example_xcomargs.py
[2024-11-12T00:25:00.323+0000] {processor.py:840} INFO - DAG(s) 'example_xcom_args_with_operators', 'example_xcom_args' retrieved from /home/airflow/.local/lib/python3.12/site-packages/airflow/example_dags/example_xcomargs.py
[2024-11-12T00:25:00.346+0000] {logging_mixin.py:188} INFO - [2024-11-12T00:25:00.346+0000] {dag.py:3096} INFO - Sync 2 DAGs
[2024-11-12T00:25:00.358+0000] {logging_mixin.py:188} INFO - [2024-11-12T00:25:00.358+0000] {dag.py:3954} INFO - Setting next_dagrun for example_xcom_args to None, run_after=None
[2024-11-12T00:25:00.362+0000] {logging_mixin.py:188} INFO - [2024-11-12T00:25:00.361+0000] {dag.py:3954} INFO - Setting next_dagrun for example_xcom_args_with_operators to None, run_after=None
[2024-11-12T00:25:00.377+0000] {processor.py:183} INFO - Processing /home/airflow/.local/lib/python3.12/site-packages/airflow/example_dags/example_xcomargs.py took 0.071 seconds
[2024-11-12T00:25:31.127+0000] {processor.py:161} INFO - Started process (PID=2318) to work on /home/airflow/.local/lib/python3.12/site-packages/airflow/example_dags/example_xcomargs.py
[2024-11-12T00:25:31.128+0000] {processor.py:830} INFO - Processing file /home/airflow/.local/lib/python3.12/site-packages/airflow/example_dags/example_xcomargs.py for tasks to queue
[2024-11-12T00:25:31.130+0000] {logging_mixin.py:188} INFO - [2024-11-12T00:25:31.130+0000] {dagbag.py:545} INFO - Filling up the DagBag from /home/airflow/.local/lib/python3.12/site-packages/airflow/example_dags/example_xcomargs.py
[2024-11-12T00:25:31.139+0000] {processor.py:840} INFO - DAG(s) 'example_xcom_args_with_operators', 'example_xcom_args' retrieved from /home/airflow/.local/lib/python3.12/site-packages/airflow/example_dags/example_xcomargs.py
[2024-11-12T00:25:31.167+0000] {logging_mixin.py:188} INFO - [2024-11-12T00:25:31.167+0000] {dag.py:3096} INFO - Sync 2 DAGs
[2024-11-12T00:25:31.182+0000] {logging_mixin.py:188} INFO - [2024-11-12T00:25:31.181+0000] {dag.py:3954} INFO - Setting next_dagrun for example_xcom_args to None, run_after=None
[2024-11-12T00:25:31.187+0000] {logging_mixin.py:188} INFO - [2024-11-12T00:25:31.187+0000] {dag.py:3954} INFO - Setting next_dagrun for example_xcom_args_with_operators to None, run_after=None
[2024-11-12T00:25:31.207+0000] {processor.py:183} INFO - Processing /home/airflow/.local/lib/python3.12/site-packages/airflow/example_dags/example_xcomargs.py took 0.087 seconds
