[2024-11-12T00:06:44.915+0000] {processor.py:161} INFO - Started process (PID=146) to work on /home/airflow/.local/lib/python3.12/site-packages/airflow/example_dags/example_python_operator.py
[2024-11-12T00:06:44.916+0000] {processor.py:830} INFO - Processing file /home/airflow/.local/lib/python3.12/site-packages/airflow/example_dags/example_python_operator.py for tasks to queue
[2024-11-12T00:06:44.918+0000] {logging_mixin.py:188} INFO - [2024-11-12T00:06:44.918+0000] {dagbag.py:545} INFO - Filling up the DagBag from /home/airflow/.local/lib/python3.12/site-packages/airflow/example_dags/example_python_operator.py
[2024-11-12T00:06:44.931+0000] {processor.py:840} INFO - DAG(s) 'example_python_operator' retrieved from /home/airflow/.local/lib/python3.12/site-packages/airflow/example_dags/example_python_operator.py
[2024-11-12T00:06:45.073+0000] {logging_mixin.py:188} INFO - [2024-11-12T00:06:45.072+0000] {dag.py:3096} INFO - Sync 1 DAGs
[2024-11-12T00:06:45.092+0000] {logging_mixin.py:188} INFO - [2024-11-12T00:06:45.091+0000] {dag.py:3954} INFO - Setting next_dagrun for example_python_operator to None, run_after=None
[2024-11-12T00:06:45.118+0000] {processor.py:183} INFO - Processing /home/airflow/.local/lib/python3.12/site-packages/airflow/example_dags/example_python_operator.py took 0.209 seconds
[2024-11-12T00:07:17.083+0000] {processor.py:161} INFO - Started process (PID=205) to work on /home/airflow/.local/lib/python3.12/site-packages/airflow/example_dags/example_python_operator.py
[2024-11-12T00:07:17.087+0000] {processor.py:830} INFO - Processing file /home/airflow/.local/lib/python3.12/site-packages/airflow/example_dags/example_python_operator.py for tasks to queue
[2024-11-12T00:07:17.089+0000] {logging_mixin.py:188} INFO - [2024-11-12T00:07:17.089+0000] {dagbag.py:545} INFO - Filling up the DagBag from /home/airflow/.local/lib/python3.12/site-packages/airflow/example_dags/example_python_operator.py
[2024-11-12T00:07:17.102+0000] {processor.py:840} INFO - DAG(s) 'example_python_operator' retrieved from /home/airflow/.local/lib/python3.12/site-packages/airflow/example_dags/example_python_operator.py
[2024-11-12T00:07:17.126+0000] {logging_mixin.py:188} INFO - [2024-11-12T00:07:17.126+0000] {dag.py:3096} INFO - Sync 1 DAGs
[2024-11-12T00:07:17.139+0000] {logging_mixin.py:188} INFO - [2024-11-12T00:07:17.139+0000] {dag.py:3954} INFO - Setting next_dagrun for example_python_operator to None, run_after=None
[2024-11-12T00:07:17.159+0000] {processor.py:183} INFO - Processing /home/airflow/.local/lib/python3.12/site-packages/airflow/example_dags/example_python_operator.py took 0.082 seconds
[2024-11-12T00:07:47.484+0000] {processor.py:161} INFO - Started process (PID=264) to work on /home/airflow/.local/lib/python3.12/site-packages/airflow/example_dags/example_python_operator.py
[2024-11-12T00:07:47.485+0000] {processor.py:830} INFO - Processing file /home/airflow/.local/lib/python3.12/site-packages/airflow/example_dags/example_python_operator.py for tasks to queue
[2024-11-12T00:07:47.487+0000] {logging_mixin.py:188} INFO - [2024-11-12T00:07:47.487+0000] {dagbag.py:545} INFO - Filling up the DagBag from /home/airflow/.local/lib/python3.12/site-packages/airflow/example_dags/example_python_operator.py
[2024-11-12T00:07:47.497+0000] {processor.py:840} INFO - DAG(s) 'example_python_operator' retrieved from /home/airflow/.local/lib/python3.12/site-packages/airflow/example_dags/example_python_operator.py
[2024-11-12T00:07:47.521+0000] {logging_mixin.py:188} INFO - [2024-11-12T00:07:47.520+0000] {dag.py:3096} INFO - Sync 1 DAGs
[2024-11-12T00:07:47.534+0000] {logging_mixin.py:188} INFO - [2024-11-12T00:07:47.534+0000] {dag.py:3954} INFO - Setting next_dagrun for example_python_operator to None, run_after=None
[2024-11-12T00:07:47.553+0000] {processor.py:183} INFO - Processing /home/airflow/.local/lib/python3.12/site-packages/airflow/example_dags/example_python_operator.py took 0.074 seconds
[2024-11-12T00:08:17.788+0000] {processor.py:161} INFO - Started process (PID=323) to work on /home/airflow/.local/lib/python3.12/site-packages/airflow/example_dags/example_python_operator.py
[2024-11-12T00:08:17.789+0000] {processor.py:830} INFO - Processing file /home/airflow/.local/lib/python3.12/site-packages/airflow/example_dags/example_python_operator.py for tasks to queue
[2024-11-12T00:08:17.791+0000] {logging_mixin.py:188} INFO - [2024-11-12T00:08:17.791+0000] {dagbag.py:545} INFO - Filling up the DagBag from /home/airflow/.local/lib/python3.12/site-packages/airflow/example_dags/example_python_operator.py
[2024-11-12T00:08:17.801+0000] {processor.py:840} INFO - DAG(s) 'example_python_operator' retrieved from /home/airflow/.local/lib/python3.12/site-packages/airflow/example_dags/example_python_operator.py
[2024-11-12T00:08:17.824+0000] {logging_mixin.py:188} INFO - [2024-11-12T00:08:17.823+0000] {dag.py:3096} INFO - Sync 1 DAGs
[2024-11-12T00:08:17.836+0000] {logging_mixin.py:188} INFO - [2024-11-12T00:08:17.836+0000] {dag.py:3954} INFO - Setting next_dagrun for example_python_operator to None, run_after=None
[2024-11-12T00:08:17.853+0000] {processor.py:183} INFO - Processing /home/airflow/.local/lib/python3.12/site-packages/airflow/example_dags/example_python_operator.py took 0.072 seconds
[2024-11-12T00:08:48.126+0000] {processor.py:161} INFO - Started process (PID=382) to work on /home/airflow/.local/lib/python3.12/site-packages/airflow/example_dags/example_python_operator.py
[2024-11-12T00:08:48.128+0000] {processor.py:830} INFO - Processing file /home/airflow/.local/lib/python3.12/site-packages/airflow/example_dags/example_python_operator.py for tasks to queue
[2024-11-12T00:08:48.131+0000] {logging_mixin.py:188} INFO - [2024-11-12T00:08:48.130+0000] {dagbag.py:545} INFO - Filling up the DagBag from /home/airflow/.local/lib/python3.12/site-packages/airflow/example_dags/example_python_operator.py
[2024-11-12T00:08:48.142+0000] {processor.py:840} INFO - DAG(s) 'example_python_operator' retrieved from /home/airflow/.local/lib/python3.12/site-packages/airflow/example_dags/example_python_operator.py
[2024-11-12T00:08:48.166+0000] {logging_mixin.py:188} INFO - [2024-11-12T00:08:48.165+0000] {dag.py:3096} INFO - Sync 1 DAGs
[2024-11-12T00:08:48.181+0000] {logging_mixin.py:188} INFO - [2024-11-12T00:08:48.180+0000] {dag.py:3954} INFO - Setting next_dagrun for example_python_operator to None, run_after=None
[2024-11-12T00:08:48.199+0000] {processor.py:183} INFO - Processing /home/airflow/.local/lib/python3.12/site-packages/airflow/example_dags/example_python_operator.py took 0.079 seconds
[2024-11-12T00:09:18.230+0000] {processor.py:161} INFO - Started process (PID=441) to work on /home/airflow/.local/lib/python3.12/site-packages/airflow/example_dags/example_python_operator.py
[2024-11-12T00:09:18.231+0000] {processor.py:830} INFO - Processing file /home/airflow/.local/lib/python3.12/site-packages/airflow/example_dags/example_python_operator.py for tasks to queue
[2024-11-12T00:09:18.233+0000] {logging_mixin.py:188} INFO - [2024-11-12T00:09:18.233+0000] {dagbag.py:545} INFO - Filling up the DagBag from /home/airflow/.local/lib/python3.12/site-packages/airflow/example_dags/example_python_operator.py
[2024-11-12T00:09:18.243+0000] {processor.py:840} INFO - DAG(s) 'example_python_operator' retrieved from /home/airflow/.local/lib/python3.12/site-packages/airflow/example_dags/example_python_operator.py
[2024-11-12T00:09:18.267+0000] {logging_mixin.py:188} INFO - [2024-11-12T00:09:18.266+0000] {dag.py:3096} INFO - Sync 1 DAGs
[2024-11-12T00:09:18.279+0000] {logging_mixin.py:188} INFO - [2024-11-12T00:09:18.279+0000] {dag.py:3954} INFO - Setting next_dagrun for example_python_operator to None, run_after=None
[2024-11-12T00:09:18.299+0000] {processor.py:183} INFO - Processing /home/airflow/.local/lib/python3.12/site-packages/airflow/example_dags/example_python_operator.py took 0.076 seconds
[2024-11-12T00:09:48.682+0000] {processor.py:161} INFO - Started process (PID=500) to work on /home/airflow/.local/lib/python3.12/site-packages/airflow/example_dags/example_python_operator.py
[2024-11-12T00:09:48.683+0000] {processor.py:830} INFO - Processing file /home/airflow/.local/lib/python3.12/site-packages/airflow/example_dags/example_python_operator.py for tasks to queue
[2024-11-12T00:09:48.686+0000] {logging_mixin.py:188} INFO - [2024-11-12T00:09:48.685+0000] {dagbag.py:545} INFO - Filling up the DagBag from /home/airflow/.local/lib/python3.12/site-packages/airflow/example_dags/example_python_operator.py
[2024-11-12T00:09:48.698+0000] {processor.py:840} INFO - DAG(s) 'example_python_operator' retrieved from /home/airflow/.local/lib/python3.12/site-packages/airflow/example_dags/example_python_operator.py
[2024-11-12T00:09:48.721+0000] {logging_mixin.py:188} INFO - [2024-11-12T00:09:48.721+0000] {dag.py:3096} INFO - Sync 1 DAGs
[2024-11-12T00:09:48.733+0000] {logging_mixin.py:188} INFO - [2024-11-12T00:09:48.733+0000] {dag.py:3954} INFO - Setting next_dagrun for example_python_operator to None, run_after=None
[2024-11-12T00:09:48.752+0000] {processor.py:183} INFO - Processing /home/airflow/.local/lib/python3.12/site-packages/airflow/example_dags/example_python_operator.py took 0.075 seconds
[2024-11-12T00:10:19.723+0000] {processor.py:161} INFO - Started process (PID=559) to work on /home/airflow/.local/lib/python3.12/site-packages/airflow/example_dags/example_python_operator.py
[2024-11-12T00:10:19.725+0000] {processor.py:830} INFO - Processing file /home/airflow/.local/lib/python3.12/site-packages/airflow/example_dags/example_python_operator.py for tasks to queue
[2024-11-12T00:10:19.727+0000] {logging_mixin.py:188} INFO - [2024-11-12T00:10:19.727+0000] {dagbag.py:545} INFO - Filling up the DagBag from /home/airflow/.local/lib/python3.12/site-packages/airflow/example_dags/example_python_operator.py
[2024-11-12T00:10:19.737+0000] {processor.py:840} INFO - DAG(s) 'example_python_operator' retrieved from /home/airflow/.local/lib/python3.12/site-packages/airflow/example_dags/example_python_operator.py
[2024-11-12T00:10:19.842+0000] {logging_mixin.py:188} INFO - [2024-11-12T00:10:19.842+0000] {dag.py:3096} INFO - Sync 1 DAGs
[2024-11-12T00:10:19.854+0000] {logging_mixin.py:188} INFO - [2024-11-12T00:10:19.854+0000] {dag.py:3954} INFO - Setting next_dagrun for example_python_operator to None, run_after=None
[2024-11-12T00:10:19.874+0000] {processor.py:183} INFO - Processing /home/airflow/.local/lib/python3.12/site-packages/airflow/example_dags/example_python_operator.py took 0.157 seconds
[2024-11-12T00:10:49.984+0000] {processor.py:161} INFO - Started process (PID=617) to work on /home/airflow/.local/lib/python3.12/site-packages/airflow/example_dags/example_python_operator.py
[2024-11-12T00:10:49.985+0000] {processor.py:830} INFO - Processing file /home/airflow/.local/lib/python3.12/site-packages/airflow/example_dags/example_python_operator.py for tasks to queue
[2024-11-12T00:10:49.988+0000] {logging_mixin.py:188} INFO - [2024-11-12T00:10:49.987+0000] {dagbag.py:545} INFO - Filling up the DagBag from /home/airflow/.local/lib/python3.12/site-packages/airflow/example_dags/example_python_operator.py
[2024-11-12T00:10:49.998+0000] {processor.py:840} INFO - DAG(s) 'example_python_operator' retrieved from /home/airflow/.local/lib/python3.12/site-packages/airflow/example_dags/example_python_operator.py
[2024-11-12T00:10:50.022+0000] {logging_mixin.py:188} INFO - [2024-11-12T00:10:50.021+0000] {dag.py:3096} INFO - Sync 1 DAGs
[2024-11-12T00:10:50.034+0000] {logging_mixin.py:188} INFO - [2024-11-12T00:10:50.033+0000] {dag.py:3954} INFO - Setting next_dagrun for example_python_operator to None, run_after=None
[2024-11-12T00:10:50.053+0000] {processor.py:183} INFO - Processing /home/airflow/.local/lib/python3.12/site-packages/airflow/example_dags/example_python_operator.py took 0.074 seconds
[2024-11-12T00:11:20.926+0000] {processor.py:161} INFO - Started process (PID=677) to work on /home/airflow/.local/lib/python3.12/site-packages/airflow/example_dags/example_python_operator.py
[2024-11-12T00:11:20.927+0000] {processor.py:830} INFO - Processing file /home/airflow/.local/lib/python3.12/site-packages/airflow/example_dags/example_python_operator.py for tasks to queue
[2024-11-12T00:11:20.929+0000] {logging_mixin.py:188} INFO - [2024-11-12T00:11:20.929+0000] {dagbag.py:545} INFO - Filling up the DagBag from /home/airflow/.local/lib/python3.12/site-packages/airflow/example_dags/example_python_operator.py
[2024-11-12T00:11:20.940+0000] {processor.py:840} INFO - DAG(s) 'example_python_operator' retrieved from /home/airflow/.local/lib/python3.12/site-packages/airflow/example_dags/example_python_operator.py
[2024-11-12T00:11:20.964+0000] {logging_mixin.py:188} INFO - [2024-11-12T00:11:20.963+0000] {dag.py:3096} INFO - Sync 1 DAGs
[2024-11-12T00:11:20.977+0000] {logging_mixin.py:188} INFO - [2024-11-12T00:11:20.976+0000] {dag.py:3954} INFO - Setting next_dagrun for example_python_operator to None, run_after=None
[2024-11-12T00:11:20.995+0000] {processor.py:183} INFO - Processing /home/airflow/.local/lib/python3.12/site-packages/airflow/example_dags/example_python_operator.py took 0.077 seconds
[2024-11-12T00:11:51.356+0000] {processor.py:161} INFO - Started process (PID=742) to work on /home/airflow/.local/lib/python3.12/site-packages/airflow/example_dags/example_python_operator.py
[2024-11-12T00:11:51.382+0000] {processor.py:830} INFO - Processing file /home/airflow/.local/lib/python3.12/site-packages/airflow/example_dags/example_python_operator.py for tasks to queue
[2024-11-12T00:11:51.384+0000] {logging_mixin.py:188} INFO - [2024-11-12T00:11:51.384+0000] {dagbag.py:545} INFO - Filling up the DagBag from /home/airflow/.local/lib/python3.12/site-packages/airflow/example_dags/example_python_operator.py
[2024-11-12T00:11:51.396+0000] {processor.py:840} INFO - DAG(s) 'example_python_operator' retrieved from /home/airflow/.local/lib/python3.12/site-packages/airflow/example_dags/example_python_operator.py
[2024-11-12T00:11:51.496+0000] {logging_mixin.py:188} INFO - [2024-11-12T00:11:51.496+0000] {dag.py:3096} INFO - Sync 1 DAGs
[2024-11-12T00:11:51.508+0000] {logging_mixin.py:188} INFO - [2024-11-12T00:11:51.508+0000] {dag.py:3954} INFO - Setting next_dagrun for example_python_operator to None, run_after=None
[2024-11-12T00:11:51.528+0000] {processor.py:183} INFO - Processing /home/airflow/.local/lib/python3.12/site-packages/airflow/example_dags/example_python_operator.py took 0.178 seconds
[2024-11-12T00:12:21.719+0000] {processor.py:161} INFO - Started process (PID=801) to work on /home/airflow/.local/lib/python3.12/site-packages/airflow/example_dags/example_python_operator.py
[2024-11-12T00:12:21.720+0000] {processor.py:830} INFO - Processing file /home/airflow/.local/lib/python3.12/site-packages/airflow/example_dags/example_python_operator.py for tasks to queue
[2024-11-12T00:12:21.723+0000] {logging_mixin.py:188} INFO - [2024-11-12T00:12:21.722+0000] {dagbag.py:545} INFO - Filling up the DagBag from /home/airflow/.local/lib/python3.12/site-packages/airflow/example_dags/example_python_operator.py
[2024-11-12T00:12:21.732+0000] {processor.py:840} INFO - DAG(s) 'example_python_operator' retrieved from /home/airflow/.local/lib/python3.12/site-packages/airflow/example_dags/example_python_operator.py
[2024-11-12T00:12:21.755+0000] {logging_mixin.py:188} INFO - [2024-11-12T00:12:21.755+0000] {dag.py:3096} INFO - Sync 1 DAGs
[2024-11-12T00:12:21.768+0000] {logging_mixin.py:188} INFO - [2024-11-12T00:12:21.768+0000] {dag.py:3954} INFO - Setting next_dagrun for example_python_operator to None, run_after=None
[2024-11-12T00:12:21.786+0000] {processor.py:183} INFO - Processing /home/airflow/.local/lib/python3.12/site-packages/airflow/example_dags/example_python_operator.py took 0.073 seconds
[2024-11-12T00:12:52.072+0000] {processor.py:161} INFO - Started process (PID=860) to work on /home/airflow/.local/lib/python3.12/site-packages/airflow/example_dags/example_python_operator.py
[2024-11-12T00:12:52.073+0000] {processor.py:830} INFO - Processing file /home/airflow/.local/lib/python3.12/site-packages/airflow/example_dags/example_python_operator.py for tasks to queue
[2024-11-12T00:12:52.076+0000] {logging_mixin.py:188} INFO - [2024-11-12T00:12:52.075+0000] {dagbag.py:545} INFO - Filling up the DagBag from /home/airflow/.local/lib/python3.12/site-packages/airflow/example_dags/example_python_operator.py
[2024-11-12T00:12:52.086+0000] {processor.py:840} INFO - DAG(s) 'example_python_operator' retrieved from /home/airflow/.local/lib/python3.12/site-packages/airflow/example_dags/example_python_operator.py
[2024-11-12T00:12:52.110+0000] {logging_mixin.py:188} INFO - [2024-11-12T00:12:52.110+0000] {dag.py:3096} INFO - Sync 1 DAGs
[2024-11-12T00:12:52.123+0000] {logging_mixin.py:188} INFO - [2024-11-12T00:12:52.123+0000] {dag.py:3954} INFO - Setting next_dagrun for example_python_operator to None, run_after=None
[2024-11-12T00:12:52.142+0000] {processor.py:183} INFO - Processing /home/airflow/.local/lib/python3.12/site-packages/airflow/example_dags/example_python_operator.py took 0.075 seconds
[2024-11-12T00:13:22.419+0000] {processor.py:161} INFO - Started process (PID=919) to work on /home/airflow/.local/lib/python3.12/site-packages/airflow/example_dags/example_python_operator.py
[2024-11-12T00:13:22.421+0000] {processor.py:830} INFO - Processing file /home/airflow/.local/lib/python3.12/site-packages/airflow/example_dags/example_python_operator.py for tasks to queue
[2024-11-12T00:13:22.423+0000] {logging_mixin.py:188} INFO - [2024-11-12T00:13:22.423+0000] {dagbag.py:545} INFO - Filling up the DagBag from /home/airflow/.local/lib/python3.12/site-packages/airflow/example_dags/example_python_operator.py
[2024-11-12T00:13:22.434+0000] {processor.py:840} INFO - DAG(s) 'example_python_operator' retrieved from /home/airflow/.local/lib/python3.12/site-packages/airflow/example_dags/example_python_operator.py
[2024-11-12T00:13:22.461+0000] {logging_mixin.py:188} INFO - [2024-11-12T00:13:22.461+0000] {dag.py:3096} INFO - Sync 1 DAGs
[2024-11-12T00:13:22.476+0000] {logging_mixin.py:188} INFO - [2024-11-12T00:13:22.476+0000] {dag.py:3954} INFO - Setting next_dagrun for example_python_operator to None, run_after=None
[2024-11-12T00:13:22.500+0000] {processor.py:183} INFO - Processing /home/airflow/.local/lib/python3.12/site-packages/airflow/example_dags/example_python_operator.py took 0.088 seconds
[2024-11-12T00:13:52.965+0000] {processor.py:161} INFO - Started process (PID=978) to work on /home/airflow/.local/lib/python3.12/site-packages/airflow/example_dags/example_python_operator.py
[2024-11-12T00:13:52.966+0000] {processor.py:830} INFO - Processing file /home/airflow/.local/lib/python3.12/site-packages/airflow/example_dags/example_python_operator.py for tasks to queue
[2024-11-12T00:13:52.968+0000] {logging_mixin.py:188} INFO - [2024-11-12T00:13:52.968+0000] {dagbag.py:545} INFO - Filling up the DagBag from /home/airflow/.local/lib/python3.12/site-packages/airflow/example_dags/example_python_operator.py
[2024-11-12T00:13:52.978+0000] {processor.py:840} INFO - DAG(s) 'example_python_operator' retrieved from /home/airflow/.local/lib/python3.12/site-packages/airflow/example_dags/example_python_operator.py
[2024-11-12T00:13:53.003+0000] {logging_mixin.py:188} INFO - [2024-11-12T00:13:53.002+0000] {dag.py:3096} INFO - Sync 1 DAGs
[2024-11-12T00:13:53.016+0000] {logging_mixin.py:188} INFO - [2024-11-12T00:13:53.016+0000] {dag.py:3954} INFO - Setting next_dagrun for example_python_operator to None, run_after=None
[2024-11-12T00:13:53.034+0000] {processor.py:183} INFO - Processing /home/airflow/.local/lib/python3.12/site-packages/airflow/example_dags/example_python_operator.py took 0.075 seconds
[2024-11-12T00:14:23.185+0000] {processor.py:161} INFO - Started process (PID=1037) to work on /home/airflow/.local/lib/python3.12/site-packages/airflow/example_dags/example_python_operator.py
[2024-11-12T00:14:23.186+0000] {processor.py:830} INFO - Processing file /home/airflow/.local/lib/python3.12/site-packages/airflow/example_dags/example_python_operator.py for tasks to queue
[2024-11-12T00:14:23.189+0000] {logging_mixin.py:188} INFO - [2024-11-12T00:14:23.188+0000] {dagbag.py:545} INFO - Filling up the DagBag from /home/airflow/.local/lib/python3.12/site-packages/airflow/example_dags/example_python_operator.py
[2024-11-12T00:14:23.199+0000] {processor.py:840} INFO - DAG(s) 'example_python_operator' retrieved from /home/airflow/.local/lib/python3.12/site-packages/airflow/example_dags/example_python_operator.py
[2024-11-12T00:14:23.222+0000] {logging_mixin.py:188} INFO - [2024-11-12T00:14:23.221+0000] {dag.py:3096} INFO - Sync 1 DAGs
[2024-11-12T00:14:23.234+0000] {logging_mixin.py:188} INFO - [2024-11-12T00:14:23.234+0000] {dag.py:3954} INFO - Setting next_dagrun for example_python_operator to None, run_after=None
[2024-11-12T00:14:23.253+0000] {processor.py:183} INFO - Processing /home/airflow/.local/lib/python3.12/site-packages/airflow/example_dags/example_python_operator.py took 0.074 seconds
[2024-11-12T00:14:53.508+0000] {processor.py:161} INFO - Started process (PID=1096) to work on /home/airflow/.local/lib/python3.12/site-packages/airflow/example_dags/example_python_operator.py
[2024-11-12T00:14:53.509+0000] {processor.py:830} INFO - Processing file /home/airflow/.local/lib/python3.12/site-packages/airflow/example_dags/example_python_operator.py for tasks to queue
[2024-11-12T00:14:53.511+0000] {logging_mixin.py:188} INFO - [2024-11-12T00:14:53.510+0000] {dagbag.py:545} INFO - Filling up the DagBag from /home/airflow/.local/lib/python3.12/site-packages/airflow/example_dags/example_python_operator.py
[2024-11-12T00:14:53.522+0000] {processor.py:840} INFO - DAG(s) 'example_python_operator' retrieved from /home/airflow/.local/lib/python3.12/site-packages/airflow/example_dags/example_python_operator.py
[2024-11-12T00:14:53.549+0000] {logging_mixin.py:188} INFO - [2024-11-12T00:14:53.548+0000] {dag.py:3096} INFO - Sync 1 DAGs
[2024-11-12T00:14:53.565+0000] {logging_mixin.py:188} INFO - [2024-11-12T00:14:53.565+0000] {dag.py:3954} INFO - Setting next_dagrun for example_python_operator to None, run_after=None
[2024-11-12T00:14:53.586+0000] {processor.py:183} INFO - Processing /home/airflow/.local/lib/python3.12/site-packages/airflow/example_dags/example_python_operator.py took 0.084 seconds
[2024-11-12T00:15:23.912+0000] {processor.py:161} INFO - Started process (PID=1155) to work on /home/airflow/.local/lib/python3.12/site-packages/airflow/example_dags/example_python_operator.py
[2024-11-12T00:15:23.913+0000] {processor.py:830} INFO - Processing file /home/airflow/.local/lib/python3.12/site-packages/airflow/example_dags/example_python_operator.py for tasks to queue
[2024-11-12T00:15:23.915+0000] {logging_mixin.py:188} INFO - [2024-11-12T00:15:23.915+0000] {dagbag.py:545} INFO - Filling up the DagBag from /home/airflow/.local/lib/python3.12/site-packages/airflow/example_dags/example_python_operator.py
[2024-11-12T00:15:23.925+0000] {processor.py:840} INFO - DAG(s) 'example_python_operator' retrieved from /home/airflow/.local/lib/python3.12/site-packages/airflow/example_dags/example_python_operator.py
[2024-11-12T00:15:23.950+0000] {logging_mixin.py:188} INFO - [2024-11-12T00:15:23.950+0000] {dag.py:3096} INFO - Sync 1 DAGs
[2024-11-12T00:15:23.963+0000] {logging_mixin.py:188} INFO - [2024-11-12T00:15:23.962+0000] {dag.py:3954} INFO - Setting next_dagrun for example_python_operator to None, run_after=None
[2024-11-12T00:15:23.980+0000] {processor.py:183} INFO - Processing /home/airflow/.local/lib/python3.12/site-packages/airflow/example_dags/example_python_operator.py took 0.074 seconds
[2024-11-12T00:15:54.267+0000] {processor.py:161} INFO - Started process (PID=1214) to work on /home/airflow/.local/lib/python3.12/site-packages/airflow/example_dags/example_python_operator.py
[2024-11-12T00:15:54.268+0000] {processor.py:830} INFO - Processing file /home/airflow/.local/lib/python3.12/site-packages/airflow/example_dags/example_python_operator.py for tasks to queue
[2024-11-12T00:15:54.271+0000] {logging_mixin.py:188} INFO - [2024-11-12T00:15:54.270+0000] {dagbag.py:545} INFO - Filling up the DagBag from /home/airflow/.local/lib/python3.12/site-packages/airflow/example_dags/example_python_operator.py
[2024-11-12T00:15:54.284+0000] {processor.py:840} INFO - DAG(s) 'example_python_operator' retrieved from /home/airflow/.local/lib/python3.12/site-packages/airflow/example_dags/example_python_operator.py
[2024-11-12T00:15:54.309+0000] {logging_mixin.py:188} INFO - [2024-11-12T00:15:54.308+0000] {dag.py:3096} INFO - Sync 1 DAGs
[2024-11-12T00:15:54.321+0000] {logging_mixin.py:188} INFO - [2024-11-12T00:15:54.321+0000] {dag.py:3954} INFO - Setting next_dagrun for example_python_operator to None, run_after=None
[2024-11-12T00:15:54.337+0000] {processor.py:183} INFO - Processing /home/airflow/.local/lib/python3.12/site-packages/airflow/example_dags/example_python_operator.py took 0.077 seconds
[2024-11-12T00:16:24.423+0000] {processor.py:161} INFO - Started process (PID=1273) to work on /home/airflow/.local/lib/python3.12/site-packages/airflow/example_dags/example_python_operator.py
[2024-11-12T00:16:24.424+0000] {processor.py:830} INFO - Processing file /home/airflow/.local/lib/python3.12/site-packages/airflow/example_dags/example_python_operator.py for tasks to queue
[2024-11-12T00:16:24.427+0000] {logging_mixin.py:188} INFO - [2024-11-12T00:16:24.426+0000] {dagbag.py:545} INFO - Filling up the DagBag from /home/airflow/.local/lib/python3.12/site-packages/airflow/example_dags/example_python_operator.py
[2024-11-12T00:16:24.437+0000] {processor.py:840} INFO - DAG(s) 'example_python_operator' retrieved from /home/airflow/.local/lib/python3.12/site-packages/airflow/example_dags/example_python_operator.py
[2024-11-12T00:16:24.460+0000] {logging_mixin.py:188} INFO - [2024-11-12T00:16:24.460+0000] {dag.py:3096} INFO - Sync 1 DAGs
[2024-11-12T00:16:24.473+0000] {logging_mixin.py:188} INFO - [2024-11-12T00:16:24.473+0000] {dag.py:3954} INFO - Setting next_dagrun for example_python_operator to None, run_after=None
[2024-11-12T00:16:24.491+0000] {processor.py:183} INFO - Processing /home/airflow/.local/lib/python3.12/site-packages/airflow/example_dags/example_python_operator.py took 0.073 seconds
[2024-11-12T00:16:56.399+0000] {processor.py:161} INFO - Started process (PID=1332) to work on /home/airflow/.local/lib/python3.12/site-packages/airflow/example_dags/example_python_operator.py
[2024-11-12T00:16:56.400+0000] {processor.py:830} INFO - Processing file /home/airflow/.local/lib/python3.12/site-packages/airflow/example_dags/example_python_operator.py for tasks to queue
[2024-11-12T00:16:56.402+0000] {logging_mixin.py:188} INFO - [2024-11-12T00:16:56.401+0000] {dagbag.py:545} INFO - Filling up the DagBag from /home/airflow/.local/lib/python3.12/site-packages/airflow/example_dags/example_python_operator.py
[2024-11-12T00:16:56.413+0000] {processor.py:840} INFO - DAG(s) 'example_python_operator' retrieved from /home/airflow/.local/lib/python3.12/site-packages/airflow/example_dags/example_python_operator.py
[2024-11-12T00:16:56.520+0000] {logging_mixin.py:188} INFO - [2024-11-12T00:16:56.520+0000] {dag.py:3096} INFO - Sync 1 DAGs
[2024-11-12T00:16:56.530+0000] {logging_mixin.py:188} INFO - [2024-11-12T00:16:56.530+0000] {dag.py:3954} INFO - Setting next_dagrun for example_python_operator to None, run_after=None
[2024-11-12T00:16:56.549+0000] {processor.py:183} INFO - Processing /home/airflow/.local/lib/python3.12/site-packages/airflow/example_dags/example_python_operator.py took 0.156 seconds
[2024-11-12T00:17:27.385+0000] {processor.py:161} INFO - Started process (PID=1391) to work on /home/airflow/.local/lib/python3.12/site-packages/airflow/example_dags/example_python_operator.py
[2024-11-12T00:17:27.386+0000] {processor.py:830} INFO - Processing file /home/airflow/.local/lib/python3.12/site-packages/airflow/example_dags/example_python_operator.py for tasks to queue
[2024-11-12T00:17:27.389+0000] {logging_mixin.py:188} INFO - [2024-11-12T00:17:27.388+0000] {dagbag.py:545} INFO - Filling up the DagBag from /home/airflow/.local/lib/python3.12/site-packages/airflow/example_dags/example_python_operator.py
[2024-11-12T00:17:27.409+0000] {processor.py:840} INFO - DAG(s) 'example_python_operator' retrieved from /home/airflow/.local/lib/python3.12/site-packages/airflow/example_dags/example_python_operator.py
[2024-11-12T00:17:27.447+0000] {logging_mixin.py:188} INFO - [2024-11-12T00:17:27.446+0000] {dag.py:3096} INFO - Sync 1 DAGs
[2024-11-12T00:17:27.471+0000] {logging_mixin.py:188} INFO - [2024-11-12T00:17:27.470+0000] {dag.py:3954} INFO - Setting next_dagrun for example_python_operator to None, run_after=None
[2024-11-12T00:17:27.493+0000] {processor.py:183} INFO - Processing /home/airflow/.local/lib/python3.12/site-packages/airflow/example_dags/example_python_operator.py took 0.115 seconds
[2024-11-12T00:17:57.905+0000] {processor.py:161} INFO - Started process (PID=1450) to work on /home/airflow/.local/lib/python3.12/site-packages/airflow/example_dags/example_python_operator.py
[2024-11-12T00:17:57.906+0000] {processor.py:830} INFO - Processing file /home/airflow/.local/lib/python3.12/site-packages/airflow/example_dags/example_python_operator.py for tasks to queue
[2024-11-12T00:17:57.908+0000] {logging_mixin.py:188} INFO - [2024-11-12T00:17:57.908+0000] {dagbag.py:545} INFO - Filling up the DagBag from /home/airflow/.local/lib/python3.12/site-packages/airflow/example_dags/example_python_operator.py
[2024-11-12T00:17:57.918+0000] {processor.py:840} INFO - DAG(s) 'example_python_operator' retrieved from /home/airflow/.local/lib/python3.12/site-packages/airflow/example_dags/example_python_operator.py
[2024-11-12T00:17:57.941+0000] {logging_mixin.py:188} INFO - [2024-11-12T00:17:57.940+0000] {dag.py:3096} INFO - Sync 1 DAGs
[2024-11-12T00:17:57.954+0000] {logging_mixin.py:188} INFO - [2024-11-12T00:17:57.953+0000] {dag.py:3954} INFO - Setting next_dagrun for example_python_operator to None, run_after=None
[2024-11-12T00:17:57.971+0000] {processor.py:183} INFO - Processing /home/airflow/.local/lib/python3.12/site-packages/airflow/example_dags/example_python_operator.py took 0.071 seconds
[2024-11-12T00:18:28.478+0000] {processor.py:161} INFO - Started process (PID=1509) to work on /home/airflow/.local/lib/python3.12/site-packages/airflow/example_dags/example_python_operator.py
[2024-11-12T00:18:28.479+0000] {processor.py:830} INFO - Processing file /home/airflow/.local/lib/python3.12/site-packages/airflow/example_dags/example_python_operator.py for tasks to queue
[2024-11-12T00:18:28.482+0000] {logging_mixin.py:188} INFO - [2024-11-12T00:18:28.481+0000] {dagbag.py:545} INFO - Filling up the DagBag from /home/airflow/.local/lib/python3.12/site-packages/airflow/example_dags/example_python_operator.py
[2024-11-12T00:18:28.507+0000] {processor.py:840} INFO - DAG(s) 'example_python_operator' retrieved from /home/airflow/.local/lib/python3.12/site-packages/airflow/example_dags/example_python_operator.py
[2024-11-12T00:18:28.551+0000] {logging_mixin.py:188} INFO - [2024-11-12T00:18:28.550+0000] {dag.py:3096} INFO - Sync 1 DAGs
[2024-11-12T00:18:28.564+0000] {logging_mixin.py:188} INFO - [2024-11-12T00:18:28.564+0000] {dag.py:3954} INFO - Setting next_dagrun for example_python_operator to None, run_after=None
[2024-11-12T00:18:28.598+0000] {processor.py:183} INFO - Processing /home/airflow/.local/lib/python3.12/site-packages/airflow/example_dags/example_python_operator.py took 0.127 seconds
[2024-11-12T00:18:59.117+0000] {processor.py:161} INFO - Started process (PID=1569) to work on /home/airflow/.local/lib/python3.12/site-packages/airflow/example_dags/example_python_operator.py
[2024-11-12T00:18:59.118+0000] {processor.py:830} INFO - Processing file /home/airflow/.local/lib/python3.12/site-packages/airflow/example_dags/example_python_operator.py for tasks to queue
[2024-11-12T00:18:59.122+0000] {logging_mixin.py:188} INFO - [2024-11-12T00:18:59.122+0000] {dagbag.py:545} INFO - Filling up the DagBag from /home/airflow/.local/lib/python3.12/site-packages/airflow/example_dags/example_python_operator.py
[2024-11-12T00:18:59.138+0000] {processor.py:840} INFO - DAG(s) 'example_python_operator' retrieved from /home/airflow/.local/lib/python3.12/site-packages/airflow/example_dags/example_python_operator.py
[2024-11-12T00:18:59.169+0000] {logging_mixin.py:188} INFO - [2024-11-12T00:18:59.168+0000] {dag.py:3096} INFO - Sync 1 DAGs
[2024-11-12T00:18:59.187+0000] {logging_mixin.py:188} INFO - [2024-11-12T00:18:59.187+0000] {dag.py:3954} INFO - Setting next_dagrun for example_python_operator to None, run_after=None
[2024-11-12T00:18:59.206+0000] {processor.py:183} INFO - Processing /home/airflow/.local/lib/python3.12/site-packages/airflow/example_dags/example_python_operator.py took 0.100 seconds
[2024-11-12T00:19:29.901+0000] {processor.py:161} INFO - Started process (PID=1628) to work on /home/airflow/.local/lib/python3.12/site-packages/airflow/example_dags/example_python_operator.py
[2024-11-12T00:19:29.903+0000] {processor.py:830} INFO - Processing file /home/airflow/.local/lib/python3.12/site-packages/airflow/example_dags/example_python_operator.py for tasks to queue
[2024-11-12T00:19:29.907+0000] {logging_mixin.py:188} INFO - [2024-11-12T00:19:29.906+0000] {dagbag.py:545} INFO - Filling up the DagBag from /home/airflow/.local/lib/python3.12/site-packages/airflow/example_dags/example_python_operator.py
[2024-11-12T00:19:29.923+0000] {processor.py:840} INFO - DAG(s) 'example_python_operator' retrieved from /home/airflow/.local/lib/python3.12/site-packages/airflow/example_dags/example_python_operator.py
[2024-11-12T00:19:29.956+0000] {logging_mixin.py:188} INFO - [2024-11-12T00:19:29.955+0000] {dag.py:3096} INFO - Sync 1 DAGs
[2024-11-12T00:19:29.974+0000] {logging_mixin.py:188} INFO - [2024-11-12T00:19:29.973+0000] {dag.py:3954} INFO - Setting next_dagrun for example_python_operator to None, run_after=None
[2024-11-12T00:19:30.001+0000] {processor.py:183} INFO - Processing /home/airflow/.local/lib/python3.12/site-packages/airflow/example_dags/example_python_operator.py took 0.108 seconds
[2024-11-12T00:20:00.096+0000] {processor.py:161} INFO - Started process (PID=1687) to work on /home/airflow/.local/lib/python3.12/site-packages/airflow/example_dags/example_python_operator.py
[2024-11-12T00:20:00.098+0000] {processor.py:830} INFO - Processing file /home/airflow/.local/lib/python3.12/site-packages/airflow/example_dags/example_python_operator.py for tasks to queue
[2024-11-12T00:20:00.100+0000] {logging_mixin.py:188} INFO - [2024-11-12T00:20:00.100+0000] {dagbag.py:545} INFO - Filling up the DagBag from /home/airflow/.local/lib/python3.12/site-packages/airflow/example_dags/example_python_operator.py
[2024-11-12T00:20:00.111+0000] {processor.py:840} INFO - DAG(s) 'example_python_operator' retrieved from /home/airflow/.local/lib/python3.12/site-packages/airflow/example_dags/example_python_operator.py
[2024-11-12T00:20:00.137+0000] {logging_mixin.py:188} INFO - [2024-11-12T00:20:00.137+0000] {dag.py:3096} INFO - Sync 1 DAGs
[2024-11-12T00:20:00.150+0000] {logging_mixin.py:188} INFO - [2024-11-12T00:20:00.149+0000] {dag.py:3954} INFO - Setting next_dagrun for example_python_operator to None, run_after=None
[2024-11-12T00:20:00.166+0000] {processor.py:183} INFO - Processing /home/airflow/.local/lib/python3.12/site-packages/airflow/example_dags/example_python_operator.py took 0.076 seconds
[2024-11-12T00:20:30.380+0000] {processor.py:161} INFO - Started process (PID=1746) to work on /home/airflow/.local/lib/python3.12/site-packages/airflow/example_dags/example_python_operator.py
[2024-11-12T00:20:30.381+0000] {processor.py:830} INFO - Processing file /home/airflow/.local/lib/python3.12/site-packages/airflow/example_dags/example_python_operator.py for tasks to queue
[2024-11-12T00:20:30.383+0000] {logging_mixin.py:188} INFO - [2024-11-12T00:20:30.383+0000] {dagbag.py:545} INFO - Filling up the DagBag from /home/airflow/.local/lib/python3.12/site-packages/airflow/example_dags/example_python_operator.py
[2024-11-12T00:20:30.394+0000] {processor.py:840} INFO - DAG(s) 'example_python_operator' retrieved from /home/airflow/.local/lib/python3.12/site-packages/airflow/example_dags/example_python_operator.py
[2024-11-12T00:20:30.417+0000] {logging_mixin.py:188} INFO - [2024-11-12T00:20:30.416+0000] {dag.py:3096} INFO - Sync 1 DAGs
[2024-11-12T00:20:30.429+0000] {logging_mixin.py:188} INFO - [2024-11-12T00:20:30.429+0000] {dag.py:3954} INFO - Setting next_dagrun for example_python_operator to None, run_after=None
[2024-11-12T00:20:30.447+0000] {processor.py:183} INFO - Processing /home/airflow/.local/lib/python3.12/site-packages/airflow/example_dags/example_python_operator.py took 0.073 seconds
[2024-11-12T00:21:00.677+0000] {processor.py:161} INFO - Started process (PID=1805) to work on /home/airflow/.local/lib/python3.12/site-packages/airflow/example_dags/example_python_operator.py
[2024-11-12T00:21:00.678+0000] {processor.py:830} INFO - Processing file /home/airflow/.local/lib/python3.12/site-packages/airflow/example_dags/example_python_operator.py for tasks to queue
[2024-11-12T00:21:00.680+0000] {logging_mixin.py:188} INFO - [2024-11-12T00:21:00.680+0000] {dagbag.py:545} INFO - Filling up the DagBag from /home/airflow/.local/lib/python3.12/site-packages/airflow/example_dags/example_python_operator.py
[2024-11-12T00:21:00.694+0000] {processor.py:840} INFO - DAG(s) 'example_python_operator' retrieved from /home/airflow/.local/lib/python3.12/site-packages/airflow/example_dags/example_python_operator.py
[2024-11-12T00:21:00.719+0000] {logging_mixin.py:188} INFO - [2024-11-12T00:21:00.718+0000] {dag.py:3096} INFO - Sync 1 DAGs
[2024-11-12T00:21:00.731+0000] {logging_mixin.py:188} INFO - [2024-11-12T00:21:00.731+0000] {dag.py:3954} INFO - Setting next_dagrun for example_python_operator to None, run_after=None
[2024-11-12T00:21:00.750+0000] {processor.py:183} INFO - Processing /home/airflow/.local/lib/python3.12/site-packages/airflow/example_dags/example_python_operator.py took 0.079 seconds
[2024-11-12T00:21:31.328+0000] {processor.py:161} INFO - Started process (PID=1865) to work on /home/airflow/.local/lib/python3.12/site-packages/airflow/example_dags/example_python_operator.py
[2024-11-12T00:21:31.329+0000] {processor.py:830} INFO - Processing file /home/airflow/.local/lib/python3.12/site-packages/airflow/example_dags/example_python_operator.py for tasks to queue
[2024-11-12T00:21:31.331+0000] {logging_mixin.py:188} INFO - [2024-11-12T00:21:31.330+0000] {dagbag.py:545} INFO - Filling up the DagBag from /home/airflow/.local/lib/python3.12/site-packages/airflow/example_dags/example_python_operator.py
[2024-11-12T00:21:31.342+0000] {processor.py:840} INFO - DAG(s) 'example_python_operator' retrieved from /home/airflow/.local/lib/python3.12/site-packages/airflow/example_dags/example_python_operator.py
[2024-11-12T00:21:31.366+0000] {logging_mixin.py:188} INFO - [2024-11-12T00:21:31.365+0000] {dag.py:3096} INFO - Sync 1 DAGs
[2024-11-12T00:21:31.380+0000] {logging_mixin.py:188} INFO - [2024-11-12T00:21:31.380+0000] {dag.py:3954} INFO - Setting next_dagrun for example_python_operator to None, run_after=None
[2024-11-12T00:21:31.400+0000] {processor.py:183} INFO - Processing /home/airflow/.local/lib/python3.12/site-packages/airflow/example_dags/example_python_operator.py took 0.078 seconds
[2024-11-12T00:22:02.741+0000] {processor.py:161} INFO - Started process (PID=1924) to work on /home/airflow/.local/lib/python3.12/site-packages/airflow/example_dags/example_python_operator.py
[2024-11-12T00:22:02.742+0000] {processor.py:830} INFO - Processing file /home/airflow/.local/lib/python3.12/site-packages/airflow/example_dags/example_python_operator.py for tasks to queue
[2024-11-12T00:22:02.744+0000] {logging_mixin.py:188} INFO - [2024-11-12T00:22:02.744+0000] {dagbag.py:545} INFO - Filling up the DagBag from /home/airflow/.local/lib/python3.12/site-packages/airflow/example_dags/example_python_operator.py
[2024-11-12T00:22:02.755+0000] {processor.py:840} INFO - DAG(s) 'example_python_operator' retrieved from /home/airflow/.local/lib/python3.12/site-packages/airflow/example_dags/example_python_operator.py
[2024-11-12T00:22:02.874+0000] {logging_mixin.py:188} INFO - [2024-11-12T00:22:02.873+0000] {dag.py:3096} INFO - Sync 1 DAGs
[2024-11-12T00:22:02.886+0000] {logging_mixin.py:188} INFO - [2024-11-12T00:22:02.886+0000] {dag.py:3954} INFO - Setting next_dagrun for example_python_operator to None, run_after=None
[2024-11-12T00:22:02.916+0000] {processor.py:183} INFO - Processing /home/airflow/.local/lib/python3.12/site-packages/airflow/example_dags/example_python_operator.py took 0.182 seconds
[2024-11-12T00:22:32.996+0000] {processor.py:161} INFO - Started process (PID=1983) to work on /home/airflow/.local/lib/python3.12/site-packages/airflow/example_dags/example_python_operator.py
[2024-11-12T00:22:32.997+0000] {processor.py:830} INFO - Processing file /home/airflow/.local/lib/python3.12/site-packages/airflow/example_dags/example_python_operator.py for tasks to queue
[2024-11-12T00:22:32.999+0000] {logging_mixin.py:188} INFO - [2024-11-12T00:22:32.999+0000] {dagbag.py:545} INFO - Filling up the DagBag from /home/airflow/.local/lib/python3.12/site-packages/airflow/example_dags/example_python_operator.py
[2024-11-12T00:22:33.009+0000] {processor.py:840} INFO - DAG(s) 'example_python_operator' retrieved from /home/airflow/.local/lib/python3.12/site-packages/airflow/example_dags/example_python_operator.py
[2024-11-12T00:22:33.032+0000] {logging_mixin.py:188} INFO - [2024-11-12T00:22:33.031+0000] {dag.py:3096} INFO - Sync 1 DAGs
[2024-11-12T00:22:33.044+0000] {logging_mixin.py:188} INFO - [2024-11-12T00:22:33.043+0000] {dag.py:3954} INFO - Setting next_dagrun for example_python_operator to None, run_after=None
[2024-11-12T00:22:33.061+0000] {processor.py:183} INFO - Processing /home/airflow/.local/lib/python3.12/site-packages/airflow/example_dags/example_python_operator.py took 0.071 seconds
[2024-11-12T00:23:03.158+0000] {processor.py:161} INFO - Started process (PID=2042) to work on /home/airflow/.local/lib/python3.12/site-packages/airflow/example_dags/example_python_operator.py
[2024-11-12T00:23:03.159+0000] {processor.py:830} INFO - Processing file /home/airflow/.local/lib/python3.12/site-packages/airflow/example_dags/example_python_operator.py for tasks to queue
[2024-11-12T00:23:03.162+0000] {logging_mixin.py:188} INFO - [2024-11-12T00:23:03.161+0000] {dagbag.py:545} INFO - Filling up the DagBag from /home/airflow/.local/lib/python3.12/site-packages/airflow/example_dags/example_python_operator.py
[2024-11-12T00:23:03.172+0000] {processor.py:840} INFO - DAG(s) 'example_python_operator' retrieved from /home/airflow/.local/lib/python3.12/site-packages/airflow/example_dags/example_python_operator.py
[2024-11-12T00:23:03.197+0000] {logging_mixin.py:188} INFO - [2024-11-12T00:23:03.196+0000] {dag.py:3096} INFO - Sync 1 DAGs
[2024-11-12T00:23:03.210+0000] {logging_mixin.py:188} INFO - [2024-11-12T00:23:03.210+0000] {dag.py:3954} INFO - Setting next_dagrun for example_python_operator to None, run_after=None
[2024-11-12T00:23:03.229+0000] {processor.py:183} INFO - Processing /home/airflow/.local/lib/python3.12/site-packages/airflow/example_dags/example_python_operator.py took 0.077 seconds
[2024-11-12T00:23:33.890+0000] {processor.py:161} INFO - Started process (PID=2104) to work on /home/airflow/.local/lib/python3.12/site-packages/airflow/example_dags/example_python_operator.py
[2024-11-12T00:23:33.891+0000] {processor.py:830} INFO - Processing file /home/airflow/.local/lib/python3.12/site-packages/airflow/example_dags/example_python_operator.py for tasks to queue
[2024-11-12T00:23:33.893+0000] {logging_mixin.py:188} INFO - [2024-11-12T00:23:33.893+0000] {dagbag.py:545} INFO - Filling up the DagBag from /home/airflow/.local/lib/python3.12/site-packages/airflow/example_dags/example_python_operator.py
[2024-11-12T00:23:33.903+0000] {processor.py:840} INFO - DAG(s) 'example_python_operator' retrieved from /home/airflow/.local/lib/python3.12/site-packages/airflow/example_dags/example_python_operator.py
[2024-11-12T00:23:33.926+0000] {logging_mixin.py:188} INFO - [2024-11-12T00:23:33.925+0000] {dag.py:3096} INFO - Sync 1 DAGs
[2024-11-12T00:23:33.938+0000] {logging_mixin.py:188} INFO - [2024-11-12T00:23:33.937+0000] {dag.py:3954} INFO - Setting next_dagrun for example_python_operator to None, run_after=None
[2024-11-12T00:23:33.957+0000] {processor.py:183} INFO - Processing /home/airflow/.local/lib/python3.12/site-packages/airflow/example_dags/example_python_operator.py took 0.073 seconds
[2024-11-12T00:24:04.699+0000] {processor.py:161} INFO - Started process (PID=2163) to work on /home/airflow/.local/lib/python3.12/site-packages/airflow/example_dags/example_python_operator.py
[2024-11-12T00:24:04.700+0000] {processor.py:830} INFO - Processing file /home/airflow/.local/lib/python3.12/site-packages/airflow/example_dags/example_python_operator.py for tasks to queue
[2024-11-12T00:24:04.703+0000] {logging_mixin.py:188} INFO - [2024-11-12T00:24:04.702+0000] {dagbag.py:545} INFO - Filling up the DagBag from /home/airflow/.local/lib/python3.12/site-packages/airflow/example_dags/example_python_operator.py
[2024-11-12T00:24:04.713+0000] {processor.py:840} INFO - DAG(s) 'example_python_operator' retrieved from /home/airflow/.local/lib/python3.12/site-packages/airflow/example_dags/example_python_operator.py
[2024-11-12T00:24:04.736+0000] {logging_mixin.py:188} INFO - [2024-11-12T00:24:04.735+0000] {dag.py:3096} INFO - Sync 1 DAGs
[2024-11-12T00:24:04.748+0000] {logging_mixin.py:188} INFO - [2024-11-12T00:24:04.748+0000] {dag.py:3954} INFO - Setting next_dagrun for example_python_operator to None, run_after=None
[2024-11-12T00:24:04.766+0000] {processor.py:183} INFO - Processing /home/airflow/.local/lib/python3.12/site-packages/airflow/example_dags/example_python_operator.py took 0.073 seconds
[2024-11-12T00:24:35.306+0000] {processor.py:161} INFO - Started process (PID=2222) to work on /home/airflow/.local/lib/python3.12/site-packages/airflow/example_dags/example_python_operator.py
[2024-11-12T00:24:35.307+0000] {processor.py:830} INFO - Processing file /home/airflow/.local/lib/python3.12/site-packages/airflow/example_dags/example_python_operator.py for tasks to queue
[2024-11-12T00:24:35.309+0000] {logging_mixin.py:188} INFO - [2024-11-12T00:24:35.309+0000] {dagbag.py:545} INFO - Filling up the DagBag from /home/airflow/.local/lib/python3.12/site-packages/airflow/example_dags/example_python_operator.py
[2024-11-12T00:24:35.321+0000] {processor.py:840} INFO - DAG(s) 'example_python_operator' retrieved from /home/airflow/.local/lib/python3.12/site-packages/airflow/example_dags/example_python_operator.py
[2024-11-12T00:24:35.344+0000] {logging_mixin.py:188} INFO - [2024-11-12T00:24:35.344+0000] {dag.py:3096} INFO - Sync 1 DAGs
[2024-11-12T00:24:35.357+0000] {logging_mixin.py:188} INFO - [2024-11-12T00:24:35.356+0000] {dag.py:3954} INFO - Setting next_dagrun for example_python_operator to None, run_after=None
[2024-11-12T00:24:35.374+0000] {processor.py:183} INFO - Processing /home/airflow/.local/lib/python3.12/site-packages/airflow/example_dags/example_python_operator.py took 0.074 seconds
[2024-11-12T00:25:05.810+0000] {processor.py:161} INFO - Started process (PID=2281) to work on /home/airflow/.local/lib/python3.12/site-packages/airflow/example_dags/example_python_operator.py
[2024-11-12T00:25:05.811+0000] {processor.py:830} INFO - Processing file /home/airflow/.local/lib/python3.12/site-packages/airflow/example_dags/example_python_operator.py for tasks to queue
[2024-11-12T00:25:05.814+0000] {logging_mixin.py:188} INFO - [2024-11-12T00:25:05.813+0000] {dagbag.py:545} INFO - Filling up the DagBag from /home/airflow/.local/lib/python3.12/site-packages/airflow/example_dags/example_python_operator.py
[2024-11-12T00:25:05.828+0000] {processor.py:840} INFO - DAG(s) 'example_python_operator' retrieved from /home/airflow/.local/lib/python3.12/site-packages/airflow/example_dags/example_python_operator.py
[2024-11-12T00:25:05.852+0000] {logging_mixin.py:188} INFO - [2024-11-12T00:25:05.852+0000] {dag.py:3096} INFO - Sync 1 DAGs
[2024-11-12T00:25:05.866+0000] {logging_mixin.py:188} INFO - [2024-11-12T00:25:05.866+0000] {dag.py:3954} INFO - Setting next_dagrun for example_python_operator to None, run_after=None
[2024-11-12T00:25:05.885+0000] {processor.py:183} INFO - Processing /home/airflow/.local/lib/python3.12/site-packages/airflow/example_dags/example_python_operator.py took 0.082 seconds
