[2024-11-12T00:06:43.959+0000] {processor.py:161} INFO - Started process (PID=139) to work on /home/airflow/.local/lib/python3.12/site-packages/airflow/example_dags/example_branch_day_of_week_operator.py
[2024-11-12T00:06:43.960+0000] {processor.py:830} INFO - Processing file /home/airflow/.local/lib/python3.12/site-packages/airflow/example_dags/example_branch_day_of_week_operator.py for tasks to queue
[2024-11-12T00:06:43.962+0000] {logging_mixin.py:188} INFO - [2024-11-12T00:06:43.962+0000] {dagbag.py:545} INFO - Filling up the DagBag from /home/airflow/.local/lib/python3.12/site-packages/airflow/example_dags/example_branch_day_of_week_operator.py
[2024-11-12T00:06:43.973+0000] {processor.py:840} INFO - DAG(s) 'example_weekday_branch_operator' retrieved from /home/airflow/.local/lib/python3.12/site-packages/airflow/example_dags/example_branch_day_of_week_operator.py
[2024-11-12T00:06:44.076+0000] {logging_mixin.py:188} INFO - [2024-11-12T00:06:44.076+0000] {dag.py:3096} INFO - Sync 1 DAGs
[2024-11-12T00:06:44.095+0000] {logging_mixin.py:188} INFO - [2024-11-12T00:06:44.095+0000] {dag.py:3954} INFO - Setting next_dagrun for example_weekday_branch_operator to 2024-11-11 00:00:00+00:00, run_after=2024-11-12 00:00:00+00:00
[2024-11-12T00:06:44.113+0000] {processor.py:183} INFO - Processing /home/airflow/.local/lib/python3.12/site-packages/airflow/example_dags/example_branch_day_of_week_operator.py took 0.161 seconds
[2024-11-12T00:07:16.594+0000] {processor.py:161} INFO - Started process (PID=198) to work on /home/airflow/.local/lib/python3.12/site-packages/airflow/example_dags/example_branch_day_of_week_operator.py
[2024-11-12T00:07:16.595+0000] {processor.py:830} INFO - Processing file /home/airflow/.local/lib/python3.12/site-packages/airflow/example_dags/example_branch_day_of_week_operator.py for tasks to queue
[2024-11-12T00:07:16.598+0000] {logging_mixin.py:188} INFO - [2024-11-12T00:07:16.597+0000] {dagbag.py:545} INFO - Filling up the DagBag from /home/airflow/.local/lib/python3.12/site-packages/airflow/example_dags/example_branch_day_of_week_operator.py
[2024-11-12T00:07:16.605+0000] {processor.py:840} INFO - DAG(s) 'example_weekday_branch_operator' retrieved from /home/airflow/.local/lib/python3.12/site-packages/airflow/example_dags/example_branch_day_of_week_operator.py
[2024-11-12T00:07:16.626+0000] {logging_mixin.py:188} INFO - [2024-11-12T00:07:16.626+0000] {dag.py:3096} INFO - Sync 1 DAGs
[2024-11-12T00:07:16.650+0000] {logging_mixin.py:188} INFO - [2024-11-12T00:07:16.650+0000] {dag.py:3954} INFO - Setting next_dagrun for example_weekday_branch_operator to 2024-11-11 00:00:00+00:00, run_after=2024-11-12 00:00:00+00:00
[2024-11-12T00:07:16.668+0000] {processor.py:183} INFO - Processing /home/airflow/.local/lib/python3.12/site-packages/airflow/example_dags/example_branch_day_of_week_operator.py took 0.080 seconds
[2024-11-12T00:07:46.984+0000] {processor.py:161} INFO - Started process (PID=257) to work on /home/airflow/.local/lib/python3.12/site-packages/airflow/example_dags/example_branch_day_of_week_operator.py
[2024-11-12T00:07:46.985+0000] {processor.py:830} INFO - Processing file /home/airflow/.local/lib/python3.12/site-packages/airflow/example_dags/example_branch_day_of_week_operator.py for tasks to queue
[2024-11-12T00:07:46.987+0000] {logging_mixin.py:188} INFO - [2024-11-12T00:07:46.987+0000] {dagbag.py:545} INFO - Filling up the DagBag from /home/airflow/.local/lib/python3.12/site-packages/airflow/example_dags/example_branch_day_of_week_operator.py
[2024-11-12T00:07:46.995+0000] {processor.py:840} INFO - DAG(s) 'example_weekday_branch_operator' retrieved from /home/airflow/.local/lib/python3.12/site-packages/airflow/example_dags/example_branch_day_of_week_operator.py
[2024-11-12T00:07:47.016+0000] {logging_mixin.py:188} INFO - [2024-11-12T00:07:47.016+0000] {dag.py:3096} INFO - Sync 1 DAGs
[2024-11-12T00:07:47.037+0000] {logging_mixin.py:188} INFO - [2024-11-12T00:07:47.037+0000] {dag.py:3954} INFO - Setting next_dagrun for example_weekday_branch_operator to 2024-11-11 00:00:00+00:00, run_after=2024-11-12 00:00:00+00:00
[2024-11-12T00:07:47.054+0000] {processor.py:183} INFO - Processing /home/airflow/.local/lib/python3.12/site-packages/airflow/example_dags/example_branch_day_of_week_operator.py took 0.077 seconds
[2024-11-12T00:08:17.143+0000] {processor.py:161} INFO - Started process (PID=316) to work on /home/airflow/.local/lib/python3.12/site-packages/airflow/example_dags/example_branch_day_of_week_operator.py
[2024-11-12T00:08:17.144+0000] {processor.py:830} INFO - Processing file /home/airflow/.local/lib/python3.12/site-packages/airflow/example_dags/example_branch_day_of_week_operator.py for tasks to queue
[2024-11-12T00:08:17.146+0000] {logging_mixin.py:188} INFO - [2024-11-12T00:08:17.146+0000] {dagbag.py:545} INFO - Filling up the DagBag from /home/airflow/.local/lib/python3.12/site-packages/airflow/example_dags/example_branch_day_of_week_operator.py
[2024-11-12T00:08:17.153+0000] {processor.py:840} INFO - DAG(s) 'example_weekday_branch_operator' retrieved from /home/airflow/.local/lib/python3.12/site-packages/airflow/example_dags/example_branch_day_of_week_operator.py
[2024-11-12T00:08:17.175+0000] {logging_mixin.py:188} INFO - [2024-11-12T00:08:17.175+0000] {dag.py:3096} INFO - Sync 1 DAGs
[2024-11-12T00:08:17.198+0000] {logging_mixin.py:188} INFO - [2024-11-12T00:08:17.198+0000] {dag.py:3954} INFO - Setting next_dagrun for example_weekday_branch_operator to 2024-11-11 00:00:00+00:00, run_after=2024-11-12 00:00:00+00:00
[2024-11-12T00:08:17.216+0000] {processor.py:183} INFO - Processing /home/airflow/.local/lib/python3.12/site-packages/airflow/example_dags/example_branch_day_of_week_operator.py took 0.079 seconds
[2024-11-12T00:08:47.571+0000] {processor.py:161} INFO - Started process (PID=375) to work on /home/airflow/.local/lib/python3.12/site-packages/airflow/example_dags/example_branch_day_of_week_operator.py
[2024-11-12T00:08:47.572+0000] {processor.py:830} INFO - Processing file /home/airflow/.local/lib/python3.12/site-packages/airflow/example_dags/example_branch_day_of_week_operator.py for tasks to queue
[2024-11-12T00:08:47.574+0000] {logging_mixin.py:188} INFO - [2024-11-12T00:08:47.574+0000] {dagbag.py:545} INFO - Filling up the DagBag from /home/airflow/.local/lib/python3.12/site-packages/airflow/example_dags/example_branch_day_of_week_operator.py
[2024-11-12T00:08:47.582+0000] {processor.py:840} INFO - DAG(s) 'example_weekday_branch_operator' retrieved from /home/airflow/.local/lib/python3.12/site-packages/airflow/example_dags/example_branch_day_of_week_operator.py
[2024-11-12T00:08:47.605+0000] {logging_mixin.py:188} INFO - [2024-11-12T00:08:47.604+0000] {dag.py:3096} INFO - Sync 1 DAGs
[2024-11-12T00:08:47.626+0000] {logging_mixin.py:188} INFO - [2024-11-12T00:08:47.626+0000] {dag.py:3954} INFO - Setting next_dagrun for example_weekday_branch_operator to 2024-11-11 00:00:00+00:00, run_after=2024-11-12 00:00:00+00:00
[2024-11-12T00:08:47.644+0000] {processor.py:183} INFO - Processing /home/airflow/.local/lib/python3.12/site-packages/airflow/example_dags/example_branch_day_of_week_operator.py took 0.079 seconds
[2024-11-12T00:09:17.820+0000] {processor.py:161} INFO - Started process (PID=434) to work on /home/airflow/.local/lib/python3.12/site-packages/airflow/example_dags/example_branch_day_of_week_operator.py
[2024-11-12T00:09:17.821+0000] {processor.py:830} INFO - Processing file /home/airflow/.local/lib/python3.12/site-packages/airflow/example_dags/example_branch_day_of_week_operator.py for tasks to queue
[2024-11-12T00:09:17.824+0000] {logging_mixin.py:188} INFO - [2024-11-12T00:09:17.823+0000] {dagbag.py:545} INFO - Filling up the DagBag from /home/airflow/.local/lib/python3.12/site-packages/airflow/example_dags/example_branch_day_of_week_operator.py
[2024-11-12T00:09:17.831+0000] {processor.py:840} INFO - DAG(s) 'example_weekday_branch_operator' retrieved from /home/airflow/.local/lib/python3.12/site-packages/airflow/example_dags/example_branch_day_of_week_operator.py
[2024-11-12T00:09:17.853+0000] {logging_mixin.py:188} INFO - [2024-11-12T00:09:17.852+0000] {dag.py:3096} INFO - Sync 1 DAGs
[2024-11-12T00:09:17.875+0000] {logging_mixin.py:188} INFO - [2024-11-12T00:09:17.875+0000] {dag.py:3954} INFO - Setting next_dagrun for example_weekday_branch_operator to 2024-11-11 00:00:00+00:00, run_after=2024-11-12 00:00:00+00:00
[2024-11-12T00:09:17.894+0000] {processor.py:183} INFO - Processing /home/airflow/.local/lib/python3.12/site-packages/airflow/example_dags/example_branch_day_of_week_operator.py took 0.080 seconds
[2024-11-12T00:09:48.158+0000] {processor.py:161} INFO - Started process (PID=493) to work on /home/airflow/.local/lib/python3.12/site-packages/airflow/example_dags/example_branch_day_of_week_operator.py
[2024-11-12T00:09:48.159+0000] {processor.py:830} INFO - Processing file /home/airflow/.local/lib/python3.12/site-packages/airflow/example_dags/example_branch_day_of_week_operator.py for tasks to queue
[2024-11-12T00:09:48.162+0000] {logging_mixin.py:188} INFO - [2024-11-12T00:09:48.161+0000] {dagbag.py:545} INFO - Filling up the DagBag from /home/airflow/.local/lib/python3.12/site-packages/airflow/example_dags/example_branch_day_of_week_operator.py
[2024-11-12T00:09:48.169+0000] {processor.py:840} INFO - DAG(s) 'example_weekday_branch_operator' retrieved from /home/airflow/.local/lib/python3.12/site-packages/airflow/example_dags/example_branch_day_of_week_operator.py
[2024-11-12T00:09:48.190+0000] {logging_mixin.py:188} INFO - [2024-11-12T00:09:48.189+0000] {dag.py:3096} INFO - Sync 1 DAGs
[2024-11-12T00:09:48.215+0000] {logging_mixin.py:188} INFO - [2024-11-12T00:09:48.215+0000] {dag.py:3954} INFO - Setting next_dagrun for example_weekday_branch_operator to 2024-11-11 00:00:00+00:00, run_after=2024-11-12 00:00:00+00:00
[2024-11-12T00:09:48.236+0000] {processor.py:183} INFO - Processing /home/airflow/.local/lib/python3.12/site-packages/airflow/example_dags/example_branch_day_of_week_operator.py took 0.085 seconds
[2024-11-12T00:10:18.986+0000] {processor.py:161} INFO - Started process (PID=552) to work on /home/airflow/.local/lib/python3.12/site-packages/airflow/example_dags/example_branch_day_of_week_operator.py
[2024-11-12T00:10:18.987+0000] {processor.py:830} INFO - Processing file /home/airflow/.local/lib/python3.12/site-packages/airflow/example_dags/example_branch_day_of_week_operator.py for tasks to queue
[2024-11-12T00:10:18.989+0000] {logging_mixin.py:188} INFO - [2024-11-12T00:10:18.989+0000] {dagbag.py:545} INFO - Filling up the DagBag from /home/airflow/.local/lib/python3.12/site-packages/airflow/example_dags/example_branch_day_of_week_operator.py
[2024-11-12T00:10:18.997+0000] {processor.py:840} INFO - DAG(s) 'example_weekday_branch_operator' retrieved from /home/airflow/.local/lib/python3.12/site-packages/airflow/example_dags/example_branch_day_of_week_operator.py
[2024-11-12T00:10:19.118+0000] {logging_mixin.py:188} INFO - [2024-11-12T00:10:19.117+0000] {dag.py:3096} INFO - Sync 1 DAGs
[2024-11-12T00:10:19.140+0000] {logging_mixin.py:188} INFO - [2024-11-12T00:10:19.140+0000] {dag.py:3954} INFO - Setting next_dagrun for example_weekday_branch_operator to 2024-11-11 00:00:00+00:00, run_after=2024-11-12 00:00:00+00:00
[2024-11-12T00:10:19.159+0000] {processor.py:183} INFO - Processing /home/airflow/.local/lib/python3.12/site-packages/airflow/example_dags/example_branch_day_of_week_operator.py took 0.180 seconds
[2024-11-12T00:10:49.262+0000] {processor.py:161} INFO - Started process (PID=610) to work on /home/airflow/.local/lib/python3.12/site-packages/airflow/example_dags/example_branch_day_of_week_operator.py
[2024-11-12T00:10:49.263+0000] {processor.py:830} INFO - Processing file /home/airflow/.local/lib/python3.12/site-packages/airflow/example_dags/example_branch_day_of_week_operator.py for tasks to queue
[2024-11-12T00:10:49.265+0000] {logging_mixin.py:188} INFO - [2024-11-12T00:10:49.265+0000] {dagbag.py:545} INFO - Filling up the DagBag from /home/airflow/.local/lib/python3.12/site-packages/airflow/example_dags/example_branch_day_of_week_operator.py
[2024-11-12T00:10:49.273+0000] {processor.py:840} INFO - DAG(s) 'example_weekday_branch_operator' retrieved from /home/airflow/.local/lib/python3.12/site-packages/airflow/example_dags/example_branch_day_of_week_operator.py
[2024-11-12T00:10:49.295+0000] {logging_mixin.py:188} INFO - [2024-11-12T00:10:49.294+0000] {dag.py:3096} INFO - Sync 1 DAGs
[2024-11-12T00:10:49.319+0000] {logging_mixin.py:188} INFO - [2024-11-12T00:10:49.319+0000] {dag.py:3954} INFO - Setting next_dagrun for example_weekday_branch_operator to 2024-11-11 00:00:00+00:00, run_after=2024-11-12 00:00:00+00:00
[2024-11-12T00:10:49.339+0000] {processor.py:183} INFO - Processing /home/airflow/.local/lib/python3.12/site-packages/airflow/example_dags/example_branch_day_of_week_operator.py took 0.082 seconds
[2024-11-12T00:11:19.556+0000] {processor.py:161} INFO - Started process (PID=670) to work on /home/airflow/.local/lib/python3.12/site-packages/airflow/example_dags/example_branch_day_of_week_operator.py
[2024-11-12T00:11:19.558+0000] {processor.py:830} INFO - Processing file /home/airflow/.local/lib/python3.12/site-packages/airflow/example_dags/example_branch_day_of_week_operator.py for tasks to queue
[2024-11-12T00:11:19.560+0000] {logging_mixin.py:188} INFO - [2024-11-12T00:11:19.559+0000] {dagbag.py:545} INFO - Filling up the DagBag from /home/airflow/.local/lib/python3.12/site-packages/airflow/example_dags/example_branch_day_of_week_operator.py
[2024-11-12T00:11:19.567+0000] {processor.py:840} INFO - DAG(s) 'example_weekday_branch_operator' retrieved from /home/airflow/.local/lib/python3.12/site-packages/airflow/example_dags/example_branch_day_of_week_operator.py
[2024-11-12T00:11:19.588+0000] {logging_mixin.py:188} INFO - [2024-11-12T00:11:19.588+0000] {dag.py:3096} INFO - Sync 1 DAGs
[2024-11-12T00:11:19.610+0000] {logging_mixin.py:188} INFO - [2024-11-12T00:11:19.610+0000] {dag.py:3954} INFO - Setting next_dagrun for example_weekday_branch_operator to 2024-11-11 00:00:00+00:00, run_after=2024-11-12 00:00:00+00:00
[2024-11-12T00:11:19.629+0000] {processor.py:183} INFO - Processing /home/airflow/.local/lib/python3.12/site-packages/airflow/example_dags/example_branch_day_of_week_operator.py took 0.078 seconds
[2024-11-12T00:11:50.608+0000] {processor.py:161} INFO - Started process (PID=729) to work on /home/airflow/.local/lib/python3.12/site-packages/airflow/example_dags/example_branch_day_of_week_operator.py
[2024-11-12T00:11:50.613+0000] {processor.py:830} INFO - Processing file /home/airflow/.local/lib/python3.12/site-packages/airflow/example_dags/example_branch_day_of_week_operator.py for tasks to queue
[2024-11-12T00:11:50.615+0000] {logging_mixin.py:188} INFO - [2024-11-12T00:11:50.615+0000] {dagbag.py:545} INFO - Filling up the DagBag from /home/airflow/.local/lib/python3.12/site-packages/airflow/example_dags/example_branch_day_of_week_operator.py
[2024-11-12T00:11:50.622+0000] {processor.py:840} INFO - DAG(s) 'example_weekday_branch_operator' retrieved from /home/airflow/.local/lib/python3.12/site-packages/airflow/example_dags/example_branch_day_of_week_operator.py
[2024-11-12T00:11:50.719+0000] {logging_mixin.py:188} INFO - [2024-11-12T00:11:50.719+0000] {dag.py:3096} INFO - Sync 1 DAGs
[2024-11-12T00:11:50.741+0000] {logging_mixin.py:188} INFO - [2024-11-12T00:11:50.740+0000] {dag.py:3954} INFO - Setting next_dagrun for example_weekday_branch_operator to 2024-11-11 00:00:00+00:00, run_after=2024-11-12 00:00:00+00:00
[2024-11-12T00:11:50.759+0000] {processor.py:183} INFO - Processing /home/airflow/.local/lib/python3.12/site-packages/airflow/example_dags/example_branch_day_of_week_operator.py took 0.157 seconds
[2024-11-12T00:12:21.288+0000] {processor.py:161} INFO - Started process (PID=794) to work on /home/airflow/.local/lib/python3.12/site-packages/airflow/example_dags/example_branch_day_of_week_operator.py
[2024-11-12T00:12:21.290+0000] {processor.py:830} INFO - Processing file /home/airflow/.local/lib/python3.12/site-packages/airflow/example_dags/example_branch_day_of_week_operator.py for tasks to queue
[2024-11-12T00:12:21.292+0000] {logging_mixin.py:188} INFO - [2024-11-12T00:12:21.291+0000] {dagbag.py:545} INFO - Filling up the DagBag from /home/airflow/.local/lib/python3.12/site-packages/airflow/example_dags/example_branch_day_of_week_operator.py
[2024-11-12T00:12:21.301+0000] {processor.py:840} INFO - DAG(s) 'example_weekday_branch_operator' retrieved from /home/airflow/.local/lib/python3.12/site-packages/airflow/example_dags/example_branch_day_of_week_operator.py
[2024-11-12T00:12:21.323+0000] {logging_mixin.py:188} INFO - [2024-11-12T00:12:21.322+0000] {dag.py:3096} INFO - Sync 1 DAGs
[2024-11-12T00:12:21.345+0000] {logging_mixin.py:188} INFO - [2024-11-12T00:12:21.345+0000] {dag.py:3954} INFO - Setting next_dagrun for example_weekday_branch_operator to 2024-11-11 00:00:00+00:00, run_after=2024-11-12 00:00:00+00:00
[2024-11-12T00:12:21.363+0000] {processor.py:183} INFO - Processing /home/airflow/.local/lib/python3.12/site-packages/airflow/example_dags/example_branch_day_of_week_operator.py took 0.081 seconds
[2024-11-12T00:12:51.669+0000] {processor.py:161} INFO - Started process (PID=853) to work on /home/airflow/.local/lib/python3.12/site-packages/airflow/example_dags/example_branch_day_of_week_operator.py
[2024-11-12T00:12:51.670+0000] {processor.py:830} INFO - Processing file /home/airflow/.local/lib/python3.12/site-packages/airflow/example_dags/example_branch_day_of_week_operator.py for tasks to queue
[2024-11-12T00:12:51.673+0000] {logging_mixin.py:188} INFO - [2024-11-12T00:12:51.672+0000] {dagbag.py:545} INFO - Filling up the DagBag from /home/airflow/.local/lib/python3.12/site-packages/airflow/example_dags/example_branch_day_of_week_operator.py
[2024-11-12T00:12:51.681+0000] {processor.py:840} INFO - DAG(s) 'example_weekday_branch_operator' retrieved from /home/airflow/.local/lib/python3.12/site-packages/airflow/example_dags/example_branch_day_of_week_operator.py
[2024-11-12T00:12:51.706+0000] {logging_mixin.py:188} INFO - [2024-11-12T00:12:51.705+0000] {dag.py:3096} INFO - Sync 1 DAGs
[2024-11-12T00:12:51.731+0000] {logging_mixin.py:188} INFO - [2024-11-12T00:12:51.730+0000] {dag.py:3954} INFO - Setting next_dagrun for example_weekday_branch_operator to 2024-11-11 00:00:00+00:00, run_after=2024-11-12 00:00:00+00:00
[2024-11-12T00:12:51.748+0000] {processor.py:183} INFO - Processing /home/airflow/.local/lib/python3.12/site-packages/airflow/example_dags/example_branch_day_of_week_operator.py took 0.085 seconds
[2024-11-12T00:13:21.982+0000] {processor.py:161} INFO - Started process (PID=912) to work on /home/airflow/.local/lib/python3.12/site-packages/airflow/example_dags/example_branch_day_of_week_operator.py
[2024-11-12T00:13:21.983+0000] {processor.py:830} INFO - Processing file /home/airflow/.local/lib/python3.12/site-packages/airflow/example_dags/example_branch_day_of_week_operator.py for tasks to queue
[2024-11-12T00:13:21.986+0000] {logging_mixin.py:188} INFO - [2024-11-12T00:13:21.986+0000] {dagbag.py:545} INFO - Filling up the DagBag from /home/airflow/.local/lib/python3.12/site-packages/airflow/example_dags/example_branch_day_of_week_operator.py
[2024-11-12T00:13:21.996+0000] {processor.py:840} INFO - DAG(s) 'example_weekday_branch_operator' retrieved from /home/airflow/.local/lib/python3.12/site-packages/airflow/example_dags/example_branch_day_of_week_operator.py
[2024-11-12T00:13:22.027+0000] {logging_mixin.py:188} INFO - [2024-11-12T00:13:22.027+0000] {dag.py:3096} INFO - Sync 1 DAGs
[2024-11-12T00:13:22.051+0000] {logging_mixin.py:188} INFO - [2024-11-12T00:13:22.051+0000] {dag.py:3954} INFO - Setting next_dagrun for example_weekday_branch_operator to 2024-11-11 00:00:00+00:00, run_after=2024-11-12 00:00:00+00:00
[2024-11-12T00:13:22.074+0000] {processor.py:183} INFO - Processing /home/airflow/.local/lib/python3.12/site-packages/airflow/example_dags/example_branch_day_of_week_operator.py took 0.098 seconds
[2024-11-12T00:13:52.594+0000] {processor.py:161} INFO - Started process (PID=971) to work on /home/airflow/.local/lib/python3.12/site-packages/airflow/example_dags/example_branch_day_of_week_operator.py
[2024-11-12T00:13:52.595+0000] {processor.py:830} INFO - Processing file /home/airflow/.local/lib/python3.12/site-packages/airflow/example_dags/example_branch_day_of_week_operator.py for tasks to queue
[2024-11-12T00:13:52.598+0000] {logging_mixin.py:188} INFO - [2024-11-12T00:13:52.598+0000] {dagbag.py:545} INFO - Filling up the DagBag from /home/airflow/.local/lib/python3.12/site-packages/airflow/example_dags/example_branch_day_of_week_operator.py
[2024-11-12T00:13:52.607+0000] {processor.py:840} INFO - DAG(s) 'example_weekday_branch_operator' retrieved from /home/airflow/.local/lib/python3.12/site-packages/airflow/example_dags/example_branch_day_of_week_operator.py
[2024-11-12T00:13:52.629+0000] {logging_mixin.py:188} INFO - [2024-11-12T00:13:52.629+0000] {dag.py:3096} INFO - Sync 1 DAGs
[2024-11-12T00:13:52.651+0000] {logging_mixin.py:188} INFO - [2024-11-12T00:13:52.650+0000] {dag.py:3954} INFO - Setting next_dagrun for example_weekday_branch_operator to 2024-11-11 00:00:00+00:00, run_after=2024-11-12 00:00:00+00:00
[2024-11-12T00:13:52.669+0000] {processor.py:183} INFO - Processing /home/airflow/.local/lib/python3.12/site-packages/airflow/example_dags/example_branch_day_of_week_operator.py took 0.082 seconds
[2024-11-12T00:14:22.805+0000] {processor.py:161} INFO - Started process (PID=1030) to work on /home/airflow/.local/lib/python3.12/site-packages/airflow/example_dags/example_branch_day_of_week_operator.py
[2024-11-12T00:14:22.806+0000] {processor.py:830} INFO - Processing file /home/airflow/.local/lib/python3.12/site-packages/airflow/example_dags/example_branch_day_of_week_operator.py for tasks to queue
[2024-11-12T00:14:22.808+0000] {logging_mixin.py:188} INFO - [2024-11-12T00:14:22.808+0000] {dagbag.py:545} INFO - Filling up the DagBag from /home/airflow/.local/lib/python3.12/site-packages/airflow/example_dags/example_branch_day_of_week_operator.py
[2024-11-12T00:14:22.816+0000] {processor.py:840} INFO - DAG(s) 'example_weekday_branch_operator' retrieved from /home/airflow/.local/lib/python3.12/site-packages/airflow/example_dags/example_branch_day_of_week_operator.py
[2024-11-12T00:14:22.838+0000] {logging_mixin.py:188} INFO - [2024-11-12T00:14:22.837+0000] {dag.py:3096} INFO - Sync 1 DAGs
[2024-11-12T00:14:22.860+0000] {logging_mixin.py:188} INFO - [2024-11-12T00:14:22.860+0000] {dag.py:3954} INFO - Setting next_dagrun for example_weekday_branch_operator to 2024-11-11 00:00:00+00:00, run_after=2024-11-12 00:00:00+00:00
[2024-11-12T00:14:22.878+0000] {processor.py:183} INFO - Processing /home/airflow/.local/lib/python3.12/site-packages/airflow/example_dags/example_branch_day_of_week_operator.py took 0.079 seconds
[2024-11-12T00:14:53.051+0000] {processor.py:161} INFO - Started process (PID=1089) to work on /home/airflow/.local/lib/python3.12/site-packages/airflow/example_dags/example_branch_day_of_week_operator.py
[2024-11-12T00:14:53.052+0000] {processor.py:830} INFO - Processing file /home/airflow/.local/lib/python3.12/site-packages/airflow/example_dags/example_branch_day_of_week_operator.py for tasks to queue
[2024-11-12T00:14:53.054+0000] {logging_mixin.py:188} INFO - [2024-11-12T00:14:53.054+0000] {dagbag.py:545} INFO - Filling up the DagBag from /home/airflow/.local/lib/python3.12/site-packages/airflow/example_dags/example_branch_day_of_week_operator.py
[2024-11-12T00:14:53.063+0000] {processor.py:840} INFO - DAG(s) 'example_weekday_branch_operator' retrieved from /home/airflow/.local/lib/python3.12/site-packages/airflow/example_dags/example_branch_day_of_week_operator.py
[2024-11-12T00:14:53.105+0000] {logging_mixin.py:188} INFO - [2024-11-12T00:14:53.104+0000] {dag.py:3096} INFO - Sync 1 DAGs
[2024-11-12T00:14:53.153+0000] {logging_mixin.py:188} INFO - [2024-11-12T00:14:53.153+0000] {dag.py:3954} INFO - Setting next_dagrun for example_weekday_branch_operator to 2024-11-11 00:00:00+00:00, run_after=2024-11-12 00:00:00+00:00
[2024-11-12T00:14:53.187+0000] {processor.py:183} INFO - Processing /home/airflow/.local/lib/python3.12/site-packages/airflow/example_dags/example_branch_day_of_week_operator.py took 0.143 seconds
[2024-11-12T00:15:23.553+0000] {processor.py:161} INFO - Started process (PID=1148) to work on /home/airflow/.local/lib/python3.12/site-packages/airflow/example_dags/example_branch_day_of_week_operator.py
[2024-11-12T00:15:23.554+0000] {processor.py:830} INFO - Processing file /home/airflow/.local/lib/python3.12/site-packages/airflow/example_dags/example_branch_day_of_week_operator.py for tasks to queue
[2024-11-12T00:15:23.556+0000] {logging_mixin.py:188} INFO - [2024-11-12T00:15:23.556+0000] {dagbag.py:545} INFO - Filling up the DagBag from /home/airflow/.local/lib/python3.12/site-packages/airflow/example_dags/example_branch_day_of_week_operator.py
[2024-11-12T00:15:23.564+0000] {processor.py:840} INFO - DAG(s) 'example_weekday_branch_operator' retrieved from /home/airflow/.local/lib/python3.12/site-packages/airflow/example_dags/example_branch_day_of_week_operator.py
[2024-11-12T00:15:23.586+0000] {logging_mixin.py:188} INFO - [2024-11-12T00:15:23.585+0000] {dag.py:3096} INFO - Sync 1 DAGs
[2024-11-12T00:15:23.608+0000] {logging_mixin.py:188} INFO - [2024-11-12T00:15:23.608+0000] {dag.py:3954} INFO - Setting next_dagrun for example_weekday_branch_operator to 2024-11-11 00:00:00+00:00, run_after=2024-11-12 00:00:00+00:00
[2024-11-12T00:15:23.626+0000] {processor.py:183} INFO - Processing /home/airflow/.local/lib/python3.12/site-packages/airflow/example_dags/example_branch_day_of_week_operator.py took 0.078 seconds
[2024-11-12T00:15:53.858+0000] {processor.py:161} INFO - Started process (PID=1207) to work on /home/airflow/.local/lib/python3.12/site-packages/airflow/example_dags/example_branch_day_of_week_operator.py
[2024-11-12T00:15:53.860+0000] {processor.py:830} INFO - Processing file /home/airflow/.local/lib/python3.12/site-packages/airflow/example_dags/example_branch_day_of_week_operator.py for tasks to queue
[2024-11-12T00:15:53.862+0000] {logging_mixin.py:188} INFO - [2024-11-12T00:15:53.861+0000] {dagbag.py:545} INFO - Filling up the DagBag from /home/airflow/.local/lib/python3.12/site-packages/airflow/example_dags/example_branch_day_of_week_operator.py
[2024-11-12T00:15:53.869+0000] {processor.py:840} INFO - DAG(s) 'example_weekday_branch_operator' retrieved from /home/airflow/.local/lib/python3.12/site-packages/airflow/example_dags/example_branch_day_of_week_operator.py
[2024-11-12T00:15:53.891+0000] {logging_mixin.py:188} INFO - [2024-11-12T00:15:53.891+0000] {dag.py:3096} INFO - Sync 1 DAGs
[2024-11-12T00:15:53.913+0000] {logging_mixin.py:188} INFO - [2024-11-12T00:15:53.913+0000] {dag.py:3954} INFO - Setting next_dagrun for example_weekday_branch_operator to 2024-11-11 00:00:00+00:00, run_after=2024-11-12 00:00:00+00:00
[2024-11-12T00:15:53.932+0000] {processor.py:183} INFO - Processing /home/airflow/.local/lib/python3.12/site-packages/airflow/example_dags/example_branch_day_of_week_operator.py took 0.080 seconds
[2024-11-12T00:16:24.083+0000] {processor.py:161} INFO - Started process (PID=1266) to work on /home/airflow/.local/lib/python3.12/site-packages/airflow/example_dags/example_branch_day_of_week_operator.py
[2024-11-12T00:16:24.084+0000] {processor.py:830} INFO - Processing file /home/airflow/.local/lib/python3.12/site-packages/airflow/example_dags/example_branch_day_of_week_operator.py for tasks to queue
[2024-11-12T00:16:24.086+0000] {logging_mixin.py:188} INFO - [2024-11-12T00:16:24.086+0000] {dagbag.py:545} INFO - Filling up the DagBag from /home/airflow/.local/lib/python3.12/site-packages/airflow/example_dags/example_branch_day_of_week_operator.py
[2024-11-12T00:16:24.093+0000] {processor.py:840} INFO - DAG(s) 'example_weekday_branch_operator' retrieved from /home/airflow/.local/lib/python3.12/site-packages/airflow/example_dags/example_branch_day_of_week_operator.py
[2024-11-12T00:16:24.115+0000] {logging_mixin.py:188} INFO - [2024-11-12T00:16:24.115+0000] {dag.py:3096} INFO - Sync 1 DAGs
[2024-11-12T00:16:24.143+0000] {logging_mixin.py:188} INFO - [2024-11-12T00:16:24.142+0000] {dag.py:3954} INFO - Setting next_dagrun for example_weekday_branch_operator to 2024-11-11 00:00:00+00:00, run_after=2024-11-12 00:00:00+00:00
[2024-11-12T00:16:24.162+0000] {processor.py:183} INFO - Processing /home/airflow/.local/lib/python3.12/site-packages/airflow/example_dags/example_branch_day_of_week_operator.py took 0.085 seconds
[2024-11-12T00:16:55.616+0000] {processor.py:161} INFO - Started process (PID=1325) to work on /home/airflow/.local/lib/python3.12/site-packages/airflow/example_dags/example_branch_day_of_week_operator.py
[2024-11-12T00:16:55.617+0000] {processor.py:830} INFO - Processing file /home/airflow/.local/lib/python3.12/site-packages/airflow/example_dags/example_branch_day_of_week_operator.py for tasks to queue
[2024-11-12T00:16:55.619+0000] {logging_mixin.py:188} INFO - [2024-11-12T00:16:55.619+0000] {dagbag.py:545} INFO - Filling up the DagBag from /home/airflow/.local/lib/python3.12/site-packages/airflow/example_dags/example_branch_day_of_week_operator.py
[2024-11-12T00:16:55.626+0000] {processor.py:840} INFO - DAG(s) 'example_weekday_branch_operator' retrieved from /home/airflow/.local/lib/python3.12/site-packages/airflow/example_dags/example_branch_day_of_week_operator.py
[2024-11-12T00:16:55.726+0000] {logging_mixin.py:188} INFO - [2024-11-12T00:16:55.726+0000] {dag.py:3096} INFO - Sync 1 DAGs
[2024-11-12T00:16:55.747+0000] {logging_mixin.py:188} INFO - [2024-11-12T00:16:55.747+0000] {dag.py:3954} INFO - Setting next_dagrun for example_weekday_branch_operator to 2024-11-11 00:00:00+00:00, run_after=2024-11-12 00:00:00+00:00
[2024-11-12T00:16:55.766+0000] {processor.py:183} INFO - Processing /home/airflow/.local/lib/python3.12/site-packages/airflow/example_dags/example_branch_day_of_week_operator.py took 0.156 seconds
[2024-11-12T00:17:26.740+0000] {processor.py:161} INFO - Started process (PID=1384) to work on /home/airflow/.local/lib/python3.12/site-packages/airflow/example_dags/example_branch_day_of_week_operator.py
[2024-11-12T00:17:26.741+0000] {processor.py:830} INFO - Processing file /home/airflow/.local/lib/python3.12/site-packages/airflow/example_dags/example_branch_day_of_week_operator.py for tasks to queue
[2024-11-12T00:17:26.744+0000] {logging_mixin.py:188} INFO - [2024-11-12T00:17:26.744+0000] {dagbag.py:545} INFO - Filling up the DagBag from /home/airflow/.local/lib/python3.12/site-packages/airflow/example_dags/example_branch_day_of_week_operator.py
[2024-11-12T00:17:26.752+0000] {processor.py:840} INFO - DAG(s) 'example_weekday_branch_operator' retrieved from /home/airflow/.local/lib/python3.12/site-packages/airflow/example_dags/example_branch_day_of_week_operator.py
[2024-11-12T00:17:26.775+0000] {logging_mixin.py:188} INFO - [2024-11-12T00:17:26.774+0000] {dag.py:3096} INFO - Sync 1 DAGs
[2024-11-12T00:17:26.800+0000] {logging_mixin.py:188} INFO - [2024-11-12T00:17:26.800+0000] {dag.py:3954} INFO - Setting next_dagrun for example_weekday_branch_operator to 2024-11-11 00:00:00+00:00, run_after=2024-11-12 00:00:00+00:00
[2024-11-12T00:17:26.819+0000] {processor.py:183} INFO - Processing /home/airflow/.local/lib/python3.12/site-packages/airflow/example_dags/example_branch_day_of_week_operator.py took 0.085 seconds
[2024-11-12T00:17:57.403+0000] {processor.py:161} INFO - Started process (PID=1443) to work on /home/airflow/.local/lib/python3.12/site-packages/airflow/example_dags/example_branch_day_of_week_operator.py
[2024-11-12T00:17:57.404+0000] {processor.py:830} INFO - Processing file /home/airflow/.local/lib/python3.12/site-packages/airflow/example_dags/example_branch_day_of_week_operator.py for tasks to queue
[2024-11-12T00:17:57.406+0000] {logging_mixin.py:188} INFO - [2024-11-12T00:17:57.406+0000] {dagbag.py:545} INFO - Filling up the DagBag from /home/airflow/.local/lib/python3.12/site-packages/airflow/example_dags/example_branch_day_of_week_operator.py
[2024-11-12T00:17:57.414+0000] {processor.py:840} INFO - DAG(s) 'example_weekday_branch_operator' retrieved from /home/airflow/.local/lib/python3.12/site-packages/airflow/example_dags/example_branch_day_of_week_operator.py
[2024-11-12T00:17:57.435+0000] {logging_mixin.py:188} INFO - [2024-11-12T00:17:57.435+0000] {dag.py:3096} INFO - Sync 1 DAGs
[2024-11-12T00:17:57.460+0000] {logging_mixin.py:188} INFO - [2024-11-12T00:17:57.459+0000] {dag.py:3954} INFO - Setting next_dagrun for example_weekday_branch_operator to 2024-11-11 00:00:00+00:00, run_after=2024-11-12 00:00:00+00:00
[2024-11-12T00:17:57.480+0000] {processor.py:183} INFO - Processing /home/airflow/.local/lib/python3.12/site-packages/airflow/example_dags/example_branch_day_of_week_operator.py took 0.082 seconds
[2024-11-12T00:18:28.048+0000] {processor.py:161} INFO - Started process (PID=1502) to work on /home/airflow/.local/lib/python3.12/site-packages/airflow/example_dags/example_branch_day_of_week_operator.py
[2024-11-12T00:18:28.049+0000] {processor.py:830} INFO - Processing file /home/airflow/.local/lib/python3.12/site-packages/airflow/example_dags/example_branch_day_of_week_operator.py for tasks to queue
[2024-11-12T00:18:28.051+0000] {logging_mixin.py:188} INFO - [2024-11-12T00:18:28.051+0000] {dagbag.py:545} INFO - Filling up the DagBag from /home/airflow/.local/lib/python3.12/site-packages/airflow/example_dags/example_branch_day_of_week_operator.py
[2024-11-12T00:18:28.059+0000] {processor.py:840} INFO - DAG(s) 'example_weekday_branch_operator' retrieved from /home/airflow/.local/lib/python3.12/site-packages/airflow/example_dags/example_branch_day_of_week_operator.py
[2024-11-12T00:18:28.081+0000] {logging_mixin.py:188} INFO - [2024-11-12T00:18:28.081+0000] {dag.py:3096} INFO - Sync 1 DAGs
[2024-11-12T00:18:28.108+0000] {logging_mixin.py:188} INFO - [2024-11-12T00:18:28.108+0000] {dag.py:3954} INFO - Setting next_dagrun for example_weekday_branch_operator to 2024-11-11 00:00:00+00:00, run_after=2024-11-12 00:00:00+00:00
[2024-11-12T00:18:28.128+0000] {processor.py:183} INFO - Processing /home/airflow/.local/lib/python3.12/site-packages/airflow/example_dags/example_branch_day_of_week_operator.py took 0.087 seconds
[2024-11-12T00:18:58.514+0000] {processor.py:161} INFO - Started process (PID=1562) to work on /home/airflow/.local/lib/python3.12/site-packages/airflow/example_dags/example_branch_day_of_week_operator.py
[2024-11-12T00:18:58.515+0000] {processor.py:830} INFO - Processing file /home/airflow/.local/lib/python3.12/site-packages/airflow/example_dags/example_branch_day_of_week_operator.py for tasks to queue
[2024-11-12T00:18:58.517+0000] {logging_mixin.py:188} INFO - [2024-11-12T00:18:58.517+0000] {dagbag.py:545} INFO - Filling up the DagBag from /home/airflow/.local/lib/python3.12/site-packages/airflow/example_dags/example_branch_day_of_week_operator.py
[2024-11-12T00:18:58.527+0000] {processor.py:840} INFO - DAG(s) 'example_weekday_branch_operator' retrieved from /home/airflow/.local/lib/python3.12/site-packages/airflow/example_dags/example_branch_day_of_week_operator.py
[2024-11-12T00:18:58.548+0000] {logging_mixin.py:188} INFO - [2024-11-12T00:18:58.548+0000] {dag.py:3096} INFO - Sync 1 DAGs
[2024-11-12T00:18:58.570+0000] {logging_mixin.py:188} INFO - [2024-11-12T00:18:58.570+0000] {dag.py:3954} INFO - Setting next_dagrun for example_weekday_branch_operator to 2024-11-11 00:00:00+00:00, run_after=2024-11-12 00:00:00+00:00
[2024-11-12T00:18:58.590+0000] {processor.py:183} INFO - Processing /home/airflow/.local/lib/python3.12/site-packages/airflow/example_dags/example_branch_day_of_week_operator.py took 0.082 seconds
[2024-11-12T00:19:29.277+0000] {processor.py:161} INFO - Started process (PID=1621) to work on /home/airflow/.local/lib/python3.12/site-packages/airflow/example_dags/example_branch_day_of_week_operator.py
[2024-11-12T00:19:29.278+0000] {processor.py:830} INFO - Processing file /home/airflow/.local/lib/python3.12/site-packages/airflow/example_dags/example_branch_day_of_week_operator.py for tasks to queue
[2024-11-12T00:19:29.280+0000] {logging_mixin.py:188} INFO - [2024-11-12T00:19:29.280+0000] {dagbag.py:545} INFO - Filling up the DagBag from /home/airflow/.local/lib/python3.12/site-packages/airflow/example_dags/example_branch_day_of_week_operator.py
[2024-11-12T00:19:29.290+0000] {processor.py:840} INFO - DAG(s) 'example_weekday_branch_operator' retrieved from /home/airflow/.local/lib/python3.12/site-packages/airflow/example_dags/example_branch_day_of_week_operator.py
[2024-11-12T00:19:29.326+0000] {logging_mixin.py:188} INFO - [2024-11-12T00:19:29.325+0000] {dag.py:3096} INFO - Sync 1 DAGs
[2024-11-12T00:19:29.357+0000] {logging_mixin.py:188} INFO - [2024-11-12T00:19:29.356+0000] {dag.py:3954} INFO - Setting next_dagrun for example_weekday_branch_operator to 2024-11-11 00:00:00+00:00, run_after=2024-11-12 00:00:00+00:00
[2024-11-12T00:19:29.377+0000] {processor.py:183} INFO - Processing /home/airflow/.local/lib/python3.12/site-packages/airflow/example_dags/example_branch_day_of_week_operator.py took 0.106 seconds
[2024-11-12T00:19:59.507+0000] {processor.py:161} INFO - Started process (PID=1680) to work on /home/airflow/.local/lib/python3.12/site-packages/airflow/example_dags/example_branch_day_of_week_operator.py
[2024-11-12T00:19:59.508+0000] {processor.py:830} INFO - Processing file /home/airflow/.local/lib/python3.12/site-packages/airflow/example_dags/example_branch_day_of_week_operator.py for tasks to queue
[2024-11-12T00:19:59.510+0000] {logging_mixin.py:188} INFO - [2024-11-12T00:19:59.510+0000] {dagbag.py:545} INFO - Filling up the DagBag from /home/airflow/.local/lib/python3.12/site-packages/airflow/example_dags/example_branch_day_of_week_operator.py
[2024-11-12T00:19:59.517+0000] {processor.py:840} INFO - DAG(s) 'example_weekday_branch_operator' retrieved from /home/airflow/.local/lib/python3.12/site-packages/airflow/example_dags/example_branch_day_of_week_operator.py
[2024-11-12T00:19:59.540+0000] {logging_mixin.py:188} INFO - [2024-11-12T00:19:59.539+0000] {dag.py:3096} INFO - Sync 1 DAGs
[2024-11-12T00:19:59.564+0000] {logging_mixin.py:188} INFO - [2024-11-12T00:19:59.564+0000] {dag.py:3954} INFO - Setting next_dagrun for example_weekday_branch_operator to 2024-11-11 00:00:00+00:00, run_after=2024-11-12 00:00:00+00:00
[2024-11-12T00:19:59.586+0000] {processor.py:183} INFO - Processing /home/airflow/.local/lib/python3.12/site-packages/airflow/example_dags/example_branch_day_of_week_operator.py took 0.085 seconds
[2024-11-12T00:20:29.850+0000] {processor.py:161} INFO - Started process (PID=1739) to work on /home/airflow/.local/lib/python3.12/site-packages/airflow/example_dags/example_branch_day_of_week_operator.py
[2024-11-12T00:20:29.851+0000] {processor.py:830} INFO - Processing file /home/airflow/.local/lib/python3.12/site-packages/airflow/example_dags/example_branch_day_of_week_operator.py for tasks to queue
[2024-11-12T00:20:29.854+0000] {logging_mixin.py:188} INFO - [2024-11-12T00:20:29.854+0000] {dagbag.py:545} INFO - Filling up the DagBag from /home/airflow/.local/lib/python3.12/site-packages/airflow/example_dags/example_branch_day_of_week_operator.py
[2024-11-12T00:20:29.863+0000] {processor.py:840} INFO - DAG(s) 'example_weekday_branch_operator' retrieved from /home/airflow/.local/lib/python3.12/site-packages/airflow/example_dags/example_branch_day_of_week_operator.py
[2024-11-12T00:20:29.887+0000] {logging_mixin.py:188} INFO - [2024-11-12T00:20:29.886+0000] {dag.py:3096} INFO - Sync 1 DAGs
[2024-11-12T00:20:29.912+0000] {logging_mixin.py:188} INFO - [2024-11-12T00:20:29.911+0000] {dag.py:3954} INFO - Setting next_dagrun for example_weekday_branch_operator to 2024-11-11 00:00:00+00:00, run_after=2024-11-12 00:00:00+00:00
[2024-11-12T00:20:29.934+0000] {processor.py:183} INFO - Processing /home/airflow/.local/lib/python3.12/site-packages/airflow/example_dags/example_branch_day_of_week_operator.py took 0.092 seconds
[2024-11-12T00:21:00.163+0000] {processor.py:161} INFO - Started process (PID=1798) to work on /home/airflow/.local/lib/python3.12/site-packages/airflow/example_dags/example_branch_day_of_week_operator.py
[2024-11-12T00:21:00.164+0000] {processor.py:830} INFO - Processing file /home/airflow/.local/lib/python3.12/site-packages/airflow/example_dags/example_branch_day_of_week_operator.py for tasks to queue
[2024-11-12T00:21:00.166+0000] {logging_mixin.py:188} INFO - [2024-11-12T00:21:00.166+0000] {dagbag.py:545} INFO - Filling up the DagBag from /home/airflow/.local/lib/python3.12/site-packages/airflow/example_dags/example_branch_day_of_week_operator.py
[2024-11-12T00:21:00.174+0000] {processor.py:840} INFO - DAG(s) 'example_weekday_branch_operator' retrieved from /home/airflow/.local/lib/python3.12/site-packages/airflow/example_dags/example_branch_day_of_week_operator.py
[2024-11-12T00:21:00.195+0000] {logging_mixin.py:188} INFO - [2024-11-12T00:21:00.195+0000] {dag.py:3096} INFO - Sync 1 DAGs
[2024-11-12T00:21:00.218+0000] {logging_mixin.py:188} INFO - [2024-11-12T00:21:00.218+0000] {dag.py:3954} INFO - Setting next_dagrun for example_weekday_branch_operator to 2024-11-11 00:00:00+00:00, run_after=2024-11-12 00:00:00+00:00
[2024-11-12T00:21:00.238+0000] {processor.py:183} INFO - Processing /home/airflow/.local/lib/python3.12/site-packages/airflow/example_dags/example_branch_day_of_week_operator.py took 0.081 seconds
[2024-11-12T00:21:30.766+0000] {processor.py:161} INFO - Started process (PID=1858) to work on /home/airflow/.local/lib/python3.12/site-packages/airflow/example_dags/example_branch_day_of_week_operator.py
[2024-11-12T00:21:30.767+0000] {processor.py:830} INFO - Processing file /home/airflow/.local/lib/python3.12/site-packages/airflow/example_dags/example_branch_day_of_week_operator.py for tasks to queue
[2024-11-12T00:21:30.769+0000] {logging_mixin.py:188} INFO - [2024-11-12T00:21:30.769+0000] {dagbag.py:545} INFO - Filling up the DagBag from /home/airflow/.local/lib/python3.12/site-packages/airflow/example_dags/example_branch_day_of_week_operator.py
[2024-11-12T00:21:30.780+0000] {processor.py:840} INFO - DAG(s) 'example_weekday_branch_operator' retrieved from /home/airflow/.local/lib/python3.12/site-packages/airflow/example_dags/example_branch_day_of_week_operator.py
[2024-11-12T00:21:30.802+0000] {logging_mixin.py:188} INFO - [2024-11-12T00:21:30.802+0000] {dag.py:3096} INFO - Sync 1 DAGs
[2024-11-12T00:21:30.827+0000] {logging_mixin.py:188} INFO - [2024-11-12T00:21:30.827+0000] {dag.py:3954} INFO - Setting next_dagrun for example_weekday_branch_operator to 2024-11-11 00:00:00+00:00, run_after=2024-11-12 00:00:00+00:00
[2024-11-12T00:21:30.848+0000] {processor.py:183} INFO - Processing /home/airflow/.local/lib/python3.12/site-packages/airflow/example_dags/example_branch_day_of_week_operator.py took 0.091 seconds
[2024-11-12T00:22:01.953+0000] {processor.py:161} INFO - Started process (PID=1917) to work on /home/airflow/.local/lib/python3.12/site-packages/airflow/example_dags/example_branch_day_of_week_operator.py
[2024-11-12T00:22:01.955+0000] {processor.py:830} INFO - Processing file /home/airflow/.local/lib/python3.12/site-packages/airflow/example_dags/example_branch_day_of_week_operator.py for tasks to queue
[2024-11-12T00:22:01.957+0000] {logging_mixin.py:188} INFO - [2024-11-12T00:22:01.956+0000] {dagbag.py:545} INFO - Filling up the DagBag from /home/airflow/.local/lib/python3.12/site-packages/airflow/example_dags/example_branch_day_of_week_operator.py
[2024-11-12T00:22:01.964+0000] {processor.py:840} INFO - DAG(s) 'example_weekday_branch_operator' retrieved from /home/airflow/.local/lib/python3.12/site-packages/airflow/example_dags/example_branch_day_of_week_operator.py
[2024-11-12T00:22:02.101+0000] {logging_mixin.py:188} INFO - [2024-11-12T00:22:02.101+0000] {dag.py:3096} INFO - Sync 1 DAGs
[2024-11-12T00:22:02.128+0000] {logging_mixin.py:188} INFO - [2024-11-12T00:22:02.128+0000] {dag.py:3954} INFO - Setting next_dagrun for example_weekday_branch_operator to 2024-11-11 00:00:00+00:00, run_after=2024-11-12 00:00:00+00:00
[2024-11-12T00:22:02.153+0000] {processor.py:183} INFO - Processing /home/airflow/.local/lib/python3.12/site-packages/airflow/example_dags/example_branch_day_of_week_operator.py took 0.205 seconds
[2024-11-12T00:22:32.377+0000] {processor.py:161} INFO - Started process (PID=1976) to work on /home/airflow/.local/lib/python3.12/site-packages/airflow/example_dags/example_branch_day_of_week_operator.py
[2024-11-12T00:22:32.378+0000] {processor.py:830} INFO - Processing file /home/airflow/.local/lib/python3.12/site-packages/airflow/example_dags/example_branch_day_of_week_operator.py for tasks to queue
[2024-11-12T00:22:32.380+0000] {logging_mixin.py:188} INFO - [2024-11-12T00:22:32.380+0000] {dagbag.py:545} INFO - Filling up the DagBag from /home/airflow/.local/lib/python3.12/site-packages/airflow/example_dags/example_branch_day_of_week_operator.py
[2024-11-12T00:22:32.388+0000] {processor.py:840} INFO - DAG(s) 'example_weekday_branch_operator' retrieved from /home/airflow/.local/lib/python3.12/site-packages/airflow/example_dags/example_branch_day_of_week_operator.py
[2024-11-12T00:22:32.409+0000] {logging_mixin.py:188} INFO - [2024-11-12T00:22:32.409+0000] {dag.py:3096} INFO - Sync 1 DAGs
[2024-11-12T00:22:32.431+0000] {logging_mixin.py:188} INFO - [2024-11-12T00:22:32.431+0000] {dag.py:3954} INFO - Setting next_dagrun for example_weekday_branch_operator to 2024-11-11 00:00:00+00:00, run_after=2024-11-12 00:00:00+00:00
[2024-11-12T00:22:32.449+0000] {processor.py:183} INFO - Processing /home/airflow/.local/lib/python3.12/site-packages/airflow/example_dags/example_branch_day_of_week_operator.py took 0.080 seconds
[2024-11-12T00:23:02.521+0000] {processor.py:161} INFO - Started process (PID=2035) to work on /home/airflow/.local/lib/python3.12/site-packages/airflow/example_dags/example_branch_day_of_week_operator.py
[2024-11-12T00:23:02.522+0000] {processor.py:830} INFO - Processing file /home/airflow/.local/lib/python3.12/site-packages/airflow/example_dags/example_branch_day_of_week_operator.py for tasks to queue
[2024-11-12T00:23:02.524+0000] {logging_mixin.py:188} INFO - [2024-11-12T00:23:02.523+0000] {dagbag.py:545} INFO - Filling up the DagBag from /home/airflow/.local/lib/python3.12/site-packages/airflow/example_dags/example_branch_day_of_week_operator.py
[2024-11-12T00:23:02.532+0000] {processor.py:840} INFO - DAG(s) 'example_weekday_branch_operator' retrieved from /home/airflow/.local/lib/python3.12/site-packages/airflow/example_dags/example_branch_day_of_week_operator.py
[2024-11-12T00:23:02.554+0000] {logging_mixin.py:188} INFO - [2024-11-12T00:23:02.553+0000] {dag.py:3096} INFO - Sync 1 DAGs
[2024-11-12T00:23:02.577+0000] {logging_mixin.py:188} INFO - [2024-11-12T00:23:02.576+0000] {dag.py:3954} INFO - Setting next_dagrun for example_weekday_branch_operator to 2024-11-11 00:00:00+00:00, run_after=2024-11-12 00:00:00+00:00
[2024-11-12T00:23:02.595+0000] {processor.py:183} INFO - Processing /home/airflow/.local/lib/python3.12/site-packages/airflow/example_dags/example_branch_day_of_week_operator.py took 0.080 seconds
[2024-11-12T00:23:33.209+0000] {processor.py:161} INFO - Started process (PID=2097) to work on /home/airflow/.local/lib/python3.12/site-packages/airflow/example_dags/example_branch_day_of_week_operator.py
[2024-11-12T00:23:33.210+0000] {processor.py:830} INFO - Processing file /home/airflow/.local/lib/python3.12/site-packages/airflow/example_dags/example_branch_day_of_week_operator.py for tasks to queue
[2024-11-12T00:23:33.212+0000] {logging_mixin.py:188} INFO - [2024-11-12T00:23:33.212+0000] {dagbag.py:545} INFO - Filling up the DagBag from /home/airflow/.local/lib/python3.12/site-packages/airflow/example_dags/example_branch_day_of_week_operator.py
[2024-11-12T00:23:33.222+0000] {processor.py:840} INFO - DAG(s) 'example_weekday_branch_operator' retrieved from /home/airflow/.local/lib/python3.12/site-packages/airflow/example_dags/example_branch_day_of_week_operator.py
[2024-11-12T00:23:33.249+0000] {logging_mixin.py:188} INFO - [2024-11-12T00:23:33.248+0000] {dag.py:3096} INFO - Sync 1 DAGs
[2024-11-12T00:23:33.275+0000] {logging_mixin.py:188} INFO - [2024-11-12T00:23:33.274+0000] {dag.py:3954} INFO - Setting next_dagrun for example_weekday_branch_operator to 2024-11-11 00:00:00+00:00, run_after=2024-11-12 00:00:00+00:00
[2024-11-12T00:23:33.295+0000] {processor.py:183} INFO - Processing /home/airflow/.local/lib/python3.12/site-packages/airflow/example_dags/example_branch_day_of_week_operator.py took 0.092 seconds
[2024-11-12T00:24:04.020+0000] {processor.py:161} INFO - Started process (PID=2156) to work on /home/airflow/.local/lib/python3.12/site-packages/airflow/example_dags/example_branch_day_of_week_operator.py
[2024-11-12T00:24:04.021+0000] {processor.py:830} INFO - Processing file /home/airflow/.local/lib/python3.12/site-packages/airflow/example_dags/example_branch_day_of_week_operator.py for tasks to queue
[2024-11-12T00:24:04.023+0000] {logging_mixin.py:188} INFO - [2024-11-12T00:24:04.023+0000] {dagbag.py:545} INFO - Filling up the DagBag from /home/airflow/.local/lib/python3.12/site-packages/airflow/example_dags/example_branch_day_of_week_operator.py
[2024-11-12T00:24:04.030+0000] {processor.py:840} INFO - DAG(s) 'example_weekday_branch_operator' retrieved from /home/airflow/.local/lib/python3.12/site-packages/airflow/example_dags/example_branch_day_of_week_operator.py
[2024-11-12T00:24:04.054+0000] {logging_mixin.py:188} INFO - [2024-11-12T00:24:04.054+0000] {dag.py:3096} INFO - Sync 1 DAGs
[2024-11-12T00:24:04.076+0000] {logging_mixin.py:188} INFO - [2024-11-12T00:24:04.076+0000] {dag.py:3954} INFO - Setting next_dagrun for example_weekday_branch_operator to 2024-11-11 00:00:00+00:00, run_after=2024-11-12 00:00:00+00:00
[2024-11-12T00:24:04.094+0000] {processor.py:183} INFO - Processing /home/airflow/.local/lib/python3.12/site-packages/airflow/example_dags/example_branch_day_of_week_operator.py took 0.081 seconds
[2024-11-12T00:24:34.683+0000] {processor.py:161} INFO - Started process (PID=2215) to work on /home/airflow/.local/lib/python3.12/site-packages/airflow/example_dags/example_branch_day_of_week_operator.py
[2024-11-12T00:24:34.684+0000] {processor.py:830} INFO - Processing file /home/airflow/.local/lib/python3.12/site-packages/airflow/example_dags/example_branch_day_of_week_operator.py for tasks to queue
[2024-11-12T00:24:34.687+0000] {logging_mixin.py:188} INFO - [2024-11-12T00:24:34.686+0000] {dagbag.py:545} INFO - Filling up the DagBag from /home/airflow/.local/lib/python3.12/site-packages/airflow/example_dags/example_branch_day_of_week_operator.py
[2024-11-12T00:24:34.694+0000] {processor.py:840} INFO - DAG(s) 'example_weekday_branch_operator' retrieved from /home/airflow/.local/lib/python3.12/site-packages/airflow/example_dags/example_branch_day_of_week_operator.py
[2024-11-12T00:24:34.715+0000] {logging_mixin.py:188} INFO - [2024-11-12T00:24:34.714+0000] {dag.py:3096} INFO - Sync 1 DAGs
[2024-11-12T00:24:34.737+0000] {logging_mixin.py:188} INFO - [2024-11-12T00:24:34.737+0000] {dag.py:3954} INFO - Setting next_dagrun for example_weekday_branch_operator to 2024-11-11 00:00:00+00:00, run_after=2024-11-12 00:00:00+00:00
[2024-11-12T00:24:34.755+0000] {processor.py:183} INFO - Processing /home/airflow/.local/lib/python3.12/site-packages/airflow/example_dags/example_branch_day_of_week_operator.py took 0.077 seconds
[2024-11-12T00:25:05.254+0000] {processor.py:161} INFO - Started process (PID=2274) to work on /home/airflow/.local/lib/python3.12/site-packages/airflow/example_dags/example_branch_day_of_week_operator.py
[2024-11-12T00:25:05.255+0000] {processor.py:830} INFO - Processing file /home/airflow/.local/lib/python3.12/site-packages/airflow/example_dags/example_branch_day_of_week_operator.py for tasks to queue
[2024-11-12T00:25:05.258+0000] {logging_mixin.py:188} INFO - [2024-11-12T00:25:05.258+0000] {dagbag.py:545} INFO - Filling up the DagBag from /home/airflow/.local/lib/python3.12/site-packages/airflow/example_dags/example_branch_day_of_week_operator.py
[2024-11-12T00:25:05.267+0000] {processor.py:840} INFO - DAG(s) 'example_weekday_branch_operator' retrieved from /home/airflow/.local/lib/python3.12/site-packages/airflow/example_dags/example_branch_day_of_week_operator.py
[2024-11-12T00:25:05.291+0000] {logging_mixin.py:188} INFO - [2024-11-12T00:25:05.290+0000] {dag.py:3096} INFO - Sync 1 DAGs
[2024-11-12T00:25:05.317+0000] {logging_mixin.py:188} INFO - [2024-11-12T00:25:05.317+0000] {dag.py:3954} INFO - Setting next_dagrun for example_weekday_branch_operator to 2024-11-11 00:00:00+00:00, run_after=2024-11-12 00:00:00+00:00
[2024-11-12T00:25:05.336+0000] {processor.py:183} INFO - Processing /home/airflow/.local/lib/python3.12/site-packages/airflow/example_dags/example_branch_day_of_week_operator.py took 0.088 seconds
