[2024-11-12T00:06:46.170+0000] {processor.py:161} INFO - Started process (PID=158) to work on /home/airflow/.local/lib/python3.12/site-packages/airflow/example_dags/example_sensors.py
[2024-11-12T00:06:46.171+0000] {processor.py:830} INFO - Processing file /home/airflow/.local/lib/python3.12/site-packages/airflow/example_dags/example_sensors.py for tasks to queue
[2024-11-12T00:06:46.174+0000] {logging_mixin.py:188} INFO - [2024-11-12T00:06:46.173+0000] {dagbag.py:545} INFO - Filling up the DagBag from /home/airflow/.local/lib/python3.12/site-packages/airflow/example_dags/example_sensors.py
[2024-11-12T00:06:46.188+0000] {processor.py:840} INFO - DAG(s) 'example_sensors' retrieved from /home/airflow/.local/lib/python3.12/site-packages/airflow/example_dags/example_sensors.py
[2024-11-12T00:06:46.312+0000] {logging_mixin.py:188} INFO - [2024-11-12T00:06:46.312+0000] {dag.py:3096} INFO - Sync 1 DAGs
[2024-11-12T00:06:46.323+0000] {logging_mixin.py:188} INFO - [2024-11-12T00:06:46.322+0000] {dag.py:3954} INFO - Setting next_dagrun for example_sensors to None, run_after=None
[2024-11-12T00:06:46.344+0000] {processor.py:183} INFO - Processing /home/airflow/.local/lib/python3.12/site-packages/airflow/example_dags/example_sensors.py took 0.180 seconds
[2024-11-12T00:07:17.751+0000] {processor.py:161} INFO - Started process (PID=217) to work on /home/airflow/.local/lib/python3.12/site-packages/airflow/example_dags/example_sensors.py
[2024-11-12T00:07:17.758+0000] {processor.py:830} INFO - Processing file /home/airflow/.local/lib/python3.12/site-packages/airflow/example_dags/example_sensors.py for tasks to queue
[2024-11-12T00:07:17.760+0000] {logging_mixin.py:188} INFO - [2024-11-12T00:07:17.760+0000] {dagbag.py:545} INFO - Filling up the DagBag from /home/airflow/.local/lib/python3.12/site-packages/airflow/example_dags/example_sensors.py
[2024-11-12T00:07:17.770+0000] {processor.py:840} INFO - DAG(s) 'example_sensors' retrieved from /home/airflow/.local/lib/python3.12/site-packages/airflow/example_dags/example_sensors.py
[2024-11-12T00:07:17.799+0000] {logging_mixin.py:188} INFO - [2024-11-12T00:07:17.799+0000] {dag.py:3096} INFO - Sync 1 DAGs
[2024-11-12T00:07:17.817+0000] {logging_mixin.py:188} INFO - [2024-11-12T00:07:17.817+0000] {dag.py:3954} INFO - Setting next_dagrun for example_sensors to None, run_after=None
[2024-11-12T00:07:17.841+0000] {processor.py:183} INFO - Processing /home/airflow/.local/lib/python3.12/site-packages/airflow/example_dags/example_sensors.py took 0.096 seconds
[2024-11-12T00:07:48.115+0000] {processor.py:161} INFO - Started process (PID=276) to work on /home/airflow/.local/lib/python3.12/site-packages/airflow/example_dags/example_sensors.py
[2024-11-12T00:07:48.116+0000] {processor.py:830} INFO - Processing file /home/airflow/.local/lib/python3.12/site-packages/airflow/example_dags/example_sensors.py for tasks to queue
[2024-11-12T00:07:48.118+0000] {logging_mixin.py:188} INFO - [2024-11-12T00:07:48.118+0000] {dagbag.py:545} INFO - Filling up the DagBag from /home/airflow/.local/lib/python3.12/site-packages/airflow/example_dags/example_sensors.py
[2024-11-12T00:07:48.127+0000] {processor.py:840} INFO - DAG(s) 'example_sensors' retrieved from /home/airflow/.local/lib/python3.12/site-packages/airflow/example_dags/example_sensors.py
[2024-11-12T00:07:48.151+0000] {logging_mixin.py:188} INFO - [2024-11-12T00:07:48.151+0000] {dag.py:3096} INFO - Sync 1 DAGs
[2024-11-12T00:07:48.163+0000] {logging_mixin.py:188} INFO - [2024-11-12T00:07:48.163+0000] {dag.py:3954} INFO - Setting next_dagrun for example_sensors to None, run_after=None
[2024-11-12T00:07:48.182+0000] {processor.py:183} INFO - Processing /home/airflow/.local/lib/python3.12/site-packages/airflow/example_dags/example_sensors.py took 0.072 seconds
[2024-11-12T00:08:18.523+0000] {processor.py:161} INFO - Started process (PID=335) to work on /home/airflow/.local/lib/python3.12/site-packages/airflow/example_dags/example_sensors.py
[2024-11-12T00:08:18.524+0000] {processor.py:830} INFO - Processing file /home/airflow/.local/lib/python3.12/site-packages/airflow/example_dags/example_sensors.py for tasks to queue
[2024-11-12T00:08:18.526+0000] {logging_mixin.py:188} INFO - [2024-11-12T00:08:18.526+0000] {dagbag.py:545} INFO - Filling up the DagBag from /home/airflow/.local/lib/python3.12/site-packages/airflow/example_dags/example_sensors.py
[2024-11-12T00:08:18.535+0000] {processor.py:840} INFO - DAG(s) 'example_sensors' retrieved from /home/airflow/.local/lib/python3.12/site-packages/airflow/example_dags/example_sensors.py
[2024-11-12T00:08:18.562+0000] {logging_mixin.py:188} INFO - [2024-11-12T00:08:18.561+0000] {dag.py:3096} INFO - Sync 1 DAGs
[2024-11-12T00:08:18.574+0000] {logging_mixin.py:188} INFO - [2024-11-12T00:08:18.574+0000] {dag.py:3954} INFO - Setting next_dagrun for example_sensors to None, run_after=None
[2024-11-12T00:08:18.592+0000] {processor.py:183} INFO - Processing /home/airflow/.local/lib/python3.12/site-packages/airflow/example_dags/example_sensors.py took 0.075 seconds
[2024-11-12T00:08:48.752+0000] {processor.py:161} INFO - Started process (PID=394) to work on /home/airflow/.local/lib/python3.12/site-packages/airflow/example_dags/example_sensors.py
[2024-11-12T00:08:48.753+0000] {processor.py:830} INFO - Processing file /home/airflow/.local/lib/python3.12/site-packages/airflow/example_dags/example_sensors.py for tasks to queue
[2024-11-12T00:08:48.755+0000] {logging_mixin.py:188} INFO - [2024-11-12T00:08:48.755+0000] {dagbag.py:545} INFO - Filling up the DagBag from /home/airflow/.local/lib/python3.12/site-packages/airflow/example_dags/example_sensors.py
[2024-11-12T00:08:48.764+0000] {processor.py:840} INFO - DAG(s) 'example_sensors' retrieved from /home/airflow/.local/lib/python3.12/site-packages/airflow/example_dags/example_sensors.py
[2024-11-12T00:08:48.791+0000] {logging_mixin.py:188} INFO - [2024-11-12T00:08:48.791+0000] {dag.py:3096} INFO - Sync 1 DAGs
[2024-11-12T00:08:48.804+0000] {logging_mixin.py:188} INFO - [2024-11-12T00:08:48.804+0000] {dag.py:3954} INFO - Setting next_dagrun for example_sensors to None, run_after=None
[2024-11-12T00:08:48.825+0000] {processor.py:183} INFO - Processing /home/airflow/.local/lib/python3.12/site-packages/airflow/example_dags/example_sensors.py took 0.078 seconds
[2024-11-12T00:09:19.043+0000] {processor.py:161} INFO - Started process (PID=453) to work on /home/airflow/.local/lib/python3.12/site-packages/airflow/example_dags/example_sensors.py
[2024-11-12T00:09:19.044+0000] {processor.py:830} INFO - Processing file /home/airflow/.local/lib/python3.12/site-packages/airflow/example_dags/example_sensors.py for tasks to queue
[2024-11-12T00:09:19.046+0000] {logging_mixin.py:188} INFO - [2024-11-12T00:09:19.046+0000] {dagbag.py:545} INFO - Filling up the DagBag from /home/airflow/.local/lib/python3.12/site-packages/airflow/example_dags/example_sensors.py
[2024-11-12T00:09:19.056+0000] {processor.py:840} INFO - DAG(s) 'example_sensors' retrieved from /home/airflow/.local/lib/python3.12/site-packages/airflow/example_dags/example_sensors.py
[2024-11-12T00:09:19.082+0000] {logging_mixin.py:188} INFO - [2024-11-12T00:09:19.082+0000] {dag.py:3096} INFO - Sync 1 DAGs
[2024-11-12T00:09:19.098+0000] {logging_mixin.py:188} INFO - [2024-11-12T00:09:19.098+0000] {dag.py:3954} INFO - Setting next_dagrun for example_sensors to None, run_after=None
[2024-11-12T00:09:19.117+0000] {processor.py:183} INFO - Processing /home/airflow/.local/lib/python3.12/site-packages/airflow/example_dags/example_sensors.py took 0.079 seconds
[2024-11-12T00:09:49.303+0000] {processor.py:161} INFO - Started process (PID=512) to work on /home/airflow/.local/lib/python3.12/site-packages/airflow/example_dags/example_sensors.py
[2024-11-12T00:09:49.304+0000] {processor.py:830} INFO - Processing file /home/airflow/.local/lib/python3.12/site-packages/airflow/example_dags/example_sensors.py for tasks to queue
[2024-11-12T00:09:49.306+0000] {logging_mixin.py:188} INFO - [2024-11-12T00:09:49.306+0000] {dagbag.py:545} INFO - Filling up the DagBag from /home/airflow/.local/lib/python3.12/site-packages/airflow/example_dags/example_sensors.py
[2024-11-12T00:09:49.316+0000] {processor.py:840} INFO - DAG(s) 'example_sensors' retrieved from /home/airflow/.local/lib/python3.12/site-packages/airflow/example_dags/example_sensors.py
[2024-11-12T00:09:49.342+0000] {logging_mixin.py:188} INFO - [2024-11-12T00:09:49.342+0000] {dag.py:3096} INFO - Sync 1 DAGs
[2024-11-12T00:09:49.355+0000] {logging_mixin.py:188} INFO - [2024-11-12T00:09:49.355+0000] {dag.py:3954} INFO - Setting next_dagrun for example_sensors to None, run_after=None
[2024-11-12T00:09:49.373+0000] {processor.py:183} INFO - Processing /home/airflow/.local/lib/python3.12/site-packages/airflow/example_dags/example_sensors.py took 0.076 seconds
[2024-11-12T00:10:21.365+0000] {processor.py:161} INFO - Started process (PID=576) to work on /home/airflow/.local/lib/python3.12/site-packages/airflow/example_dags/example_sensors.py
[2024-11-12T00:10:21.366+0000] {processor.py:830} INFO - Processing file /home/airflow/.local/lib/python3.12/site-packages/airflow/example_dags/example_sensors.py for tasks to queue
[2024-11-12T00:10:21.368+0000] {logging_mixin.py:188} INFO - [2024-11-12T00:10:21.368+0000] {dagbag.py:545} INFO - Filling up the DagBag from /home/airflow/.local/lib/python3.12/site-packages/airflow/example_dags/example_sensors.py
[2024-11-12T00:10:21.380+0000] {processor.py:840} INFO - DAG(s) 'example_sensors' retrieved from /home/airflow/.local/lib/python3.12/site-packages/airflow/example_dags/example_sensors.py
[2024-11-12T00:10:21.498+0000] {logging_mixin.py:188} INFO - [2024-11-12T00:10:21.498+0000] {dag.py:3096} INFO - Sync 1 DAGs
[2024-11-12T00:10:21.510+0000] {logging_mixin.py:188} INFO - [2024-11-12T00:10:21.510+0000] {dag.py:3954} INFO - Setting next_dagrun for example_sensors to None, run_after=None
[2024-11-12T00:10:21.530+0000] {processor.py:183} INFO - Processing /home/airflow/.local/lib/python3.12/site-packages/airflow/example_dags/example_sensors.py took 0.173 seconds
[2024-11-12T00:10:51.718+0000] {processor.py:161} INFO - Started process (PID=636) to work on /home/airflow/.local/lib/python3.12/site-packages/airflow/example_dags/example_sensors.py
[2024-11-12T00:10:51.719+0000] {processor.py:830} INFO - Processing file /home/airflow/.local/lib/python3.12/site-packages/airflow/example_dags/example_sensors.py for tasks to queue
[2024-11-12T00:10:51.721+0000] {logging_mixin.py:188} INFO - [2024-11-12T00:10:51.721+0000] {dagbag.py:545} INFO - Filling up the DagBag from /home/airflow/.local/lib/python3.12/site-packages/airflow/example_dags/example_sensors.py
[2024-11-12T00:10:51.733+0000] {processor.py:840} INFO - DAG(s) 'example_sensors' retrieved from /home/airflow/.local/lib/python3.12/site-packages/airflow/example_dags/example_sensors.py
[2024-11-12T00:10:51.761+0000] {logging_mixin.py:188} INFO - [2024-11-12T00:10:51.761+0000] {dag.py:3096} INFO - Sync 1 DAGs
[2024-11-12T00:10:51.774+0000] {logging_mixin.py:188} INFO - [2024-11-12T00:10:51.774+0000] {dag.py:3954} INFO - Setting next_dagrun for example_sensors to None, run_after=None
[2024-11-12T00:10:51.792+0000] {processor.py:183} INFO - Processing /home/airflow/.local/lib/python3.12/site-packages/airflow/example_dags/example_sensors.py took 0.081 seconds
[2024-11-12T00:11:22.639+0000] {processor.py:161} INFO - Started process (PID=695) to work on /home/airflow/.local/lib/python3.12/site-packages/airflow/example_dags/example_sensors.py
[2024-11-12T00:11:22.640+0000] {processor.py:830} INFO - Processing file /home/airflow/.local/lib/python3.12/site-packages/airflow/example_dags/example_sensors.py for tasks to queue
[2024-11-12T00:11:22.643+0000] {logging_mixin.py:188} INFO - [2024-11-12T00:11:22.642+0000] {dagbag.py:545} INFO - Filling up the DagBag from /home/airflow/.local/lib/python3.12/site-packages/airflow/example_dags/example_sensors.py
[2024-11-12T00:11:22.653+0000] {processor.py:840} INFO - DAG(s) 'example_sensors' retrieved from /home/airflow/.local/lib/python3.12/site-packages/airflow/example_dags/example_sensors.py
[2024-11-12T00:11:22.685+0000] {logging_mixin.py:188} INFO - [2024-11-12T00:11:22.684+0000] {dag.py:3096} INFO - Sync 1 DAGs
[2024-11-12T00:11:22.698+0000] {logging_mixin.py:188} INFO - [2024-11-12T00:11:22.698+0000] {dag.py:3954} INFO - Setting next_dagrun for example_sensors to None, run_after=None
[2024-11-12T00:11:22.717+0000] {processor.py:183} INFO - Processing /home/airflow/.local/lib/python3.12/site-packages/airflow/example_dags/example_sensors.py took 0.085 seconds
[2024-11-12T00:11:54.474+0000] {processor.py:161} INFO - Started process (PID=754) to work on /home/airflow/.local/lib/python3.12/site-packages/airflow/example_dags/example_sensors.py
[2024-11-12T00:11:54.489+0000] {processor.py:830} INFO - Processing file /home/airflow/.local/lib/python3.12/site-packages/airflow/example_dags/example_sensors.py for tasks to queue
[2024-11-12T00:11:54.492+0000] {logging_mixin.py:188} INFO - [2024-11-12T00:11:54.492+0000] {dagbag.py:545} INFO - Filling up the DagBag from /home/airflow/.local/lib/python3.12/site-packages/airflow/example_dags/example_sensors.py
[2024-11-12T00:11:54.505+0000] {processor.py:840} INFO - DAG(s) 'example_sensors' retrieved from /home/airflow/.local/lib/python3.12/site-packages/airflow/example_dags/example_sensors.py
[2024-11-12T00:11:54.614+0000] {logging_mixin.py:188} INFO - [2024-11-12T00:11:54.614+0000] {dag.py:3096} INFO - Sync 1 DAGs
[2024-11-12T00:11:54.629+0000] {logging_mixin.py:188} INFO - [2024-11-12T00:11:54.629+0000] {dag.py:3954} INFO - Setting next_dagrun for example_sensors to None, run_after=None
[2024-11-12T00:11:54.655+0000] {processor.py:183} INFO - Processing /home/airflow/.local/lib/python3.12/site-packages/airflow/example_dags/example_sensors.py took 0.187 seconds
[2024-11-12T00:12:25.486+0000] {processor.py:161} INFO - Started process (PID=813) to work on /home/airflow/.local/lib/python3.12/site-packages/airflow/example_dags/example_sensors.py
[2024-11-12T00:12:25.488+0000] {processor.py:830} INFO - Processing file /home/airflow/.local/lib/python3.12/site-packages/airflow/example_dags/example_sensors.py for tasks to queue
[2024-11-12T00:12:25.490+0000] {logging_mixin.py:188} INFO - [2024-11-12T00:12:25.489+0000] {dagbag.py:545} INFO - Filling up the DagBag from /home/airflow/.local/lib/python3.12/site-packages/airflow/example_dags/example_sensors.py
[2024-11-12T00:12:25.501+0000] {processor.py:840} INFO - DAG(s) 'example_sensors' retrieved from /home/airflow/.local/lib/python3.12/site-packages/airflow/example_dags/example_sensors.py
[2024-11-12T00:12:25.526+0000] {logging_mixin.py:188} INFO - [2024-11-12T00:12:25.526+0000] {dag.py:3096} INFO - Sync 1 DAGs
[2024-11-12T00:12:25.539+0000] {logging_mixin.py:188} INFO - [2024-11-12T00:12:25.538+0000] {dag.py:3954} INFO - Setting next_dagrun for example_sensors to None, run_after=None
[2024-11-12T00:12:25.556+0000] {processor.py:183} INFO - Processing /home/airflow/.local/lib/python3.12/site-packages/airflow/example_dags/example_sensors.py took 0.076 seconds
[2024-11-12T00:12:55.804+0000] {processor.py:161} INFO - Started process (PID=872) to work on /home/airflow/.local/lib/python3.12/site-packages/airflow/example_dags/example_sensors.py
[2024-11-12T00:12:55.805+0000] {processor.py:830} INFO - Processing file /home/airflow/.local/lib/python3.12/site-packages/airflow/example_dags/example_sensors.py for tasks to queue
[2024-11-12T00:12:55.807+0000] {logging_mixin.py:188} INFO - [2024-11-12T00:12:55.807+0000] {dagbag.py:545} INFO - Filling up the DagBag from /home/airflow/.local/lib/python3.12/site-packages/airflow/example_dags/example_sensors.py
[2024-11-12T00:12:55.816+0000] {processor.py:840} INFO - DAG(s) 'example_sensors' retrieved from /home/airflow/.local/lib/python3.12/site-packages/airflow/example_dags/example_sensors.py
[2024-11-12T00:12:55.842+0000] {logging_mixin.py:188} INFO - [2024-11-12T00:12:55.841+0000] {dag.py:3096} INFO - Sync 1 DAGs
[2024-11-12T00:12:55.854+0000] {logging_mixin.py:188} INFO - [2024-11-12T00:12:55.854+0000] {dag.py:3954} INFO - Setting next_dagrun for example_sensors to None, run_after=None
[2024-11-12T00:12:55.872+0000] {processor.py:183} INFO - Processing /home/airflow/.local/lib/python3.12/site-packages/airflow/example_dags/example_sensors.py took 0.073 seconds
[2024-11-12T00:13:26.397+0000] {processor.py:161} INFO - Started process (PID=931) to work on /home/airflow/.local/lib/python3.12/site-packages/airflow/example_dags/example_sensors.py
[2024-11-12T00:13:26.399+0000] {processor.py:830} INFO - Processing file /home/airflow/.local/lib/python3.12/site-packages/airflow/example_dags/example_sensors.py for tasks to queue
[2024-11-12T00:13:26.401+0000] {logging_mixin.py:188} INFO - [2024-11-12T00:13:26.401+0000] {dagbag.py:545} INFO - Filling up the DagBag from /home/airflow/.local/lib/python3.12/site-packages/airflow/example_dags/example_sensors.py
[2024-11-12T00:13:26.414+0000] {processor.py:840} INFO - DAG(s) 'example_sensors' retrieved from /home/airflow/.local/lib/python3.12/site-packages/airflow/example_dags/example_sensors.py
[2024-11-12T00:13:26.454+0000] {logging_mixin.py:188} INFO - [2024-11-12T00:13:26.454+0000] {dag.py:3096} INFO - Sync 1 DAGs
[2024-11-12T00:13:26.484+0000] {logging_mixin.py:188} INFO - [2024-11-12T00:13:26.483+0000] {dag.py:3954} INFO - Setting next_dagrun for example_sensors to None, run_after=None
[2024-11-12T00:13:26.523+0000] {processor.py:183} INFO - Processing /home/airflow/.local/lib/python3.12/site-packages/airflow/example_dags/example_sensors.py took 0.133 seconds
[2024-11-12T00:13:56.703+0000] {processor.py:161} INFO - Started process (PID=990) to work on /home/airflow/.local/lib/python3.12/site-packages/airflow/example_dags/example_sensors.py
[2024-11-12T00:13:56.704+0000] {processor.py:830} INFO - Processing file /home/airflow/.local/lib/python3.12/site-packages/airflow/example_dags/example_sensors.py for tasks to queue
[2024-11-12T00:13:56.706+0000] {logging_mixin.py:188} INFO - [2024-11-12T00:13:56.705+0000] {dagbag.py:545} INFO - Filling up the DagBag from /home/airflow/.local/lib/python3.12/site-packages/airflow/example_dags/example_sensors.py
[2024-11-12T00:13:56.714+0000] {processor.py:840} INFO - DAG(s) 'example_sensors' retrieved from /home/airflow/.local/lib/python3.12/site-packages/airflow/example_dags/example_sensors.py
[2024-11-12T00:13:56.741+0000] {logging_mixin.py:188} INFO - [2024-11-12T00:13:56.741+0000] {dag.py:3096} INFO - Sync 1 DAGs
[2024-11-12T00:13:56.754+0000] {logging_mixin.py:188} INFO - [2024-11-12T00:13:56.754+0000] {dag.py:3954} INFO - Setting next_dagrun for example_sensors to None, run_after=None
[2024-11-12T00:13:56.772+0000] {processor.py:183} INFO - Processing /home/airflow/.local/lib/python3.12/site-packages/airflow/example_dags/example_sensors.py took 0.075 seconds
[2024-11-12T00:14:26.919+0000] {processor.py:161} INFO - Started process (PID=1049) to work on /home/airflow/.local/lib/python3.12/site-packages/airflow/example_dags/example_sensors.py
[2024-11-12T00:14:26.920+0000] {processor.py:830} INFO - Processing file /home/airflow/.local/lib/python3.12/site-packages/airflow/example_dags/example_sensors.py for tasks to queue
[2024-11-12T00:14:26.922+0000] {logging_mixin.py:188} INFO - [2024-11-12T00:14:26.922+0000] {dagbag.py:545} INFO - Filling up the DagBag from /home/airflow/.local/lib/python3.12/site-packages/airflow/example_dags/example_sensors.py
[2024-11-12T00:14:26.931+0000] {processor.py:840} INFO - DAG(s) 'example_sensors' retrieved from /home/airflow/.local/lib/python3.12/site-packages/airflow/example_dags/example_sensors.py
[2024-11-12T00:14:26.956+0000] {logging_mixin.py:188} INFO - [2024-11-12T00:14:26.956+0000] {dag.py:3096} INFO - Sync 1 DAGs
[2024-11-12T00:14:26.970+0000] {logging_mixin.py:188} INFO - [2024-11-12T00:14:26.970+0000] {dag.py:3954} INFO - Setting next_dagrun for example_sensors to None, run_after=None
[2024-11-12T00:14:26.988+0000] {processor.py:183} INFO - Processing /home/airflow/.local/lib/python3.12/site-packages/airflow/example_dags/example_sensors.py took 0.074 seconds
[2024-11-12T00:14:57.423+0000] {processor.py:161} INFO - Started process (PID=1108) to work on /home/airflow/.local/lib/python3.12/site-packages/airflow/example_dags/example_sensors.py
[2024-11-12T00:14:57.424+0000] {processor.py:830} INFO - Processing file /home/airflow/.local/lib/python3.12/site-packages/airflow/example_dags/example_sensors.py for tasks to queue
[2024-11-12T00:14:57.426+0000] {logging_mixin.py:188} INFO - [2024-11-12T00:14:57.426+0000] {dagbag.py:545} INFO - Filling up the DagBag from /home/airflow/.local/lib/python3.12/site-packages/airflow/example_dags/example_sensors.py
[2024-11-12T00:14:57.436+0000] {processor.py:840} INFO - DAG(s) 'example_sensors' retrieved from /home/airflow/.local/lib/python3.12/site-packages/airflow/example_dags/example_sensors.py
[2024-11-12T00:14:57.461+0000] {logging_mixin.py:188} INFO - [2024-11-12T00:14:57.460+0000] {dag.py:3096} INFO - Sync 1 DAGs
[2024-11-12T00:14:57.477+0000] {logging_mixin.py:188} INFO - [2024-11-12T00:14:57.477+0000] {dag.py:3954} INFO - Setting next_dagrun for example_sensors to None, run_after=None
[2024-11-12T00:14:57.502+0000] {processor.py:183} INFO - Processing /home/airflow/.local/lib/python3.12/site-packages/airflow/example_dags/example_sensors.py took 0.086 seconds
[2024-11-12T00:15:27.753+0000] {processor.py:161} INFO - Started process (PID=1167) to work on /home/airflow/.local/lib/python3.12/site-packages/airflow/example_dags/example_sensors.py
[2024-11-12T00:15:27.754+0000] {processor.py:830} INFO - Processing file /home/airflow/.local/lib/python3.12/site-packages/airflow/example_dags/example_sensors.py for tasks to queue
[2024-11-12T00:15:27.756+0000] {logging_mixin.py:188} INFO - [2024-11-12T00:15:27.756+0000] {dagbag.py:545} INFO - Filling up the DagBag from /home/airflow/.local/lib/python3.12/site-packages/airflow/example_dags/example_sensors.py
[2024-11-12T00:15:27.765+0000] {processor.py:840} INFO - DAG(s) 'example_sensors' retrieved from /home/airflow/.local/lib/python3.12/site-packages/airflow/example_dags/example_sensors.py
[2024-11-12T00:15:27.791+0000] {logging_mixin.py:188} INFO - [2024-11-12T00:15:27.791+0000] {dag.py:3096} INFO - Sync 1 DAGs
[2024-11-12T00:15:27.803+0000] {logging_mixin.py:188} INFO - [2024-11-12T00:15:27.803+0000] {dag.py:3954} INFO - Setting next_dagrun for example_sensors to None, run_after=None
[2024-11-12T00:15:27.821+0000] {processor.py:183} INFO - Processing /home/airflow/.local/lib/python3.12/site-packages/airflow/example_dags/example_sensors.py took 0.074 seconds
[2024-11-12T00:15:58.004+0000] {processor.py:161} INFO - Started process (PID=1226) to work on /home/airflow/.local/lib/python3.12/site-packages/airflow/example_dags/example_sensors.py
[2024-11-12T00:15:58.005+0000] {processor.py:830} INFO - Processing file /home/airflow/.local/lib/python3.12/site-packages/airflow/example_dags/example_sensors.py for tasks to queue
[2024-11-12T00:15:58.008+0000] {logging_mixin.py:188} INFO - [2024-11-12T00:15:58.007+0000] {dagbag.py:545} INFO - Filling up the DagBag from /home/airflow/.local/lib/python3.12/site-packages/airflow/example_dags/example_sensors.py
[2024-11-12T00:15:58.017+0000] {processor.py:840} INFO - DAG(s) 'example_sensors' retrieved from /home/airflow/.local/lib/python3.12/site-packages/airflow/example_dags/example_sensors.py
[2024-11-12T00:15:58.043+0000] {logging_mixin.py:188} INFO - [2024-11-12T00:15:58.042+0000] {dag.py:3096} INFO - Sync 1 DAGs
[2024-11-12T00:15:58.058+0000] {logging_mixin.py:188} INFO - [2024-11-12T00:15:58.057+0000] {dag.py:3954} INFO - Setting next_dagrun for example_sensors to None, run_after=None
[2024-11-12T00:15:58.076+0000] {processor.py:183} INFO - Processing /home/airflow/.local/lib/python3.12/site-packages/airflow/example_dags/example_sensors.py took 0.077 seconds
[2024-11-12T00:16:28.222+0000] {processor.py:161} INFO - Started process (PID=1285) to work on /home/airflow/.local/lib/python3.12/site-packages/airflow/example_dags/example_sensors.py
[2024-11-12T00:16:28.223+0000] {processor.py:830} INFO - Processing file /home/airflow/.local/lib/python3.12/site-packages/airflow/example_dags/example_sensors.py for tasks to queue
[2024-11-12T00:16:28.225+0000] {logging_mixin.py:188} INFO - [2024-11-12T00:16:28.224+0000] {dagbag.py:545} INFO - Filling up the DagBag from /home/airflow/.local/lib/python3.12/site-packages/airflow/example_dags/example_sensors.py
[2024-11-12T00:16:28.234+0000] {processor.py:840} INFO - DAG(s) 'example_sensors' retrieved from /home/airflow/.local/lib/python3.12/site-packages/airflow/example_dags/example_sensors.py
[2024-11-12T00:16:28.260+0000] {logging_mixin.py:188} INFO - [2024-11-12T00:16:28.260+0000] {dag.py:3096} INFO - Sync 1 DAGs
[2024-11-12T00:16:28.272+0000] {logging_mixin.py:188} INFO - [2024-11-12T00:16:28.272+0000] {dag.py:3954} INFO - Setting next_dagrun for example_sensors to None, run_after=None
[2024-11-12T00:16:28.291+0000] {processor.py:183} INFO - Processing /home/airflow/.local/lib/python3.12/site-packages/airflow/example_dags/example_sensors.py took 0.075 seconds
[2024-11-12T00:16:58.602+0000] {processor.py:161} INFO - Started process (PID=1344) to work on /home/airflow/.local/lib/python3.12/site-packages/airflow/example_dags/example_sensors.py
[2024-11-12T00:16:58.603+0000] {processor.py:830} INFO - Processing file /home/airflow/.local/lib/python3.12/site-packages/airflow/example_dags/example_sensors.py for tasks to queue
[2024-11-12T00:16:58.605+0000] {logging_mixin.py:188} INFO - [2024-11-12T00:16:58.605+0000] {dagbag.py:545} INFO - Filling up the DagBag from /home/airflow/.local/lib/python3.12/site-packages/airflow/example_dags/example_sensors.py
[2024-11-12T00:16:58.614+0000] {processor.py:840} INFO - DAG(s) 'example_sensors' retrieved from /home/airflow/.local/lib/python3.12/site-packages/airflow/example_dags/example_sensors.py
[2024-11-12T00:16:58.721+0000] {logging_mixin.py:188} INFO - [2024-11-12T00:16:58.721+0000] {dag.py:3096} INFO - Sync 1 DAGs
[2024-11-12T00:16:58.731+0000] {logging_mixin.py:188} INFO - [2024-11-12T00:16:58.731+0000] {dag.py:3954} INFO - Setting next_dagrun for example_sensors to None, run_after=None
[2024-11-12T00:16:58.751+0000] {processor.py:183} INFO - Processing /home/airflow/.local/lib/python3.12/site-packages/airflow/example_dags/example_sensors.py took 0.155 seconds
[2024-11-12T00:17:29.308+0000] {processor.py:161} INFO - Started process (PID=1403) to work on /home/airflow/.local/lib/python3.12/site-packages/airflow/example_dags/example_sensors.py
[2024-11-12T00:17:29.310+0000] {processor.py:830} INFO - Processing file /home/airflow/.local/lib/python3.12/site-packages/airflow/example_dags/example_sensors.py for tasks to queue
[2024-11-12T00:17:29.313+0000] {logging_mixin.py:188} INFO - [2024-11-12T00:17:29.313+0000] {dagbag.py:545} INFO - Filling up the DagBag from /home/airflow/.local/lib/python3.12/site-packages/airflow/example_dags/example_sensors.py
[2024-11-12T00:17:29.329+0000] {processor.py:840} INFO - DAG(s) 'example_sensors' retrieved from /home/airflow/.local/lib/python3.12/site-packages/airflow/example_dags/example_sensors.py
[2024-11-12T00:17:29.373+0000] {logging_mixin.py:188} INFO - [2024-11-12T00:17:29.373+0000] {dag.py:3096} INFO - Sync 1 DAGs
[2024-11-12T00:17:29.386+0000] {logging_mixin.py:188} INFO - [2024-11-12T00:17:29.386+0000] {dag.py:3954} INFO - Setting next_dagrun for example_sensors to None, run_after=None
[2024-11-12T00:17:29.405+0000] {processor.py:183} INFO - Processing /home/airflow/.local/lib/python3.12/site-packages/airflow/example_dags/example_sensors.py took 0.107 seconds
[2024-11-12T00:17:59.571+0000] {processor.py:161} INFO - Started process (PID=1462) to work on /home/airflow/.local/lib/python3.12/site-packages/airflow/example_dags/example_sensors.py
[2024-11-12T00:17:59.572+0000] {processor.py:830} INFO - Processing file /home/airflow/.local/lib/python3.12/site-packages/airflow/example_dags/example_sensors.py for tasks to queue
[2024-11-12T00:17:59.574+0000] {logging_mixin.py:188} INFO - [2024-11-12T00:17:59.574+0000] {dagbag.py:545} INFO - Filling up the DagBag from /home/airflow/.local/lib/python3.12/site-packages/airflow/example_dags/example_sensors.py
[2024-11-12T00:17:59.584+0000] {processor.py:840} INFO - DAG(s) 'example_sensors' retrieved from /home/airflow/.local/lib/python3.12/site-packages/airflow/example_dags/example_sensors.py
[2024-11-12T00:17:59.610+0000] {logging_mixin.py:188} INFO - [2024-11-12T00:17:59.610+0000] {dag.py:3096} INFO - Sync 1 DAGs
[2024-11-12T00:17:59.622+0000] {logging_mixin.py:188} INFO - [2024-11-12T00:17:59.622+0000] {dag.py:3954} INFO - Setting next_dagrun for example_sensors to None, run_after=None
[2024-11-12T00:17:59.641+0000] {processor.py:183} INFO - Processing /home/airflow/.local/lib/python3.12/site-packages/airflow/example_dags/example_sensors.py took 0.076 seconds
[2024-11-12T00:18:30.273+0000] {processor.py:161} INFO - Started process (PID=1522) to work on /home/airflow/.local/lib/python3.12/site-packages/airflow/example_dags/example_sensors.py
[2024-11-12T00:18:30.274+0000] {processor.py:830} INFO - Processing file /home/airflow/.local/lib/python3.12/site-packages/airflow/example_dags/example_sensors.py for tasks to queue
[2024-11-12T00:18:30.276+0000] {logging_mixin.py:188} INFO - [2024-11-12T00:18:30.276+0000] {dagbag.py:545} INFO - Filling up the DagBag from /home/airflow/.local/lib/python3.12/site-packages/airflow/example_dags/example_sensors.py
[2024-11-12T00:18:30.285+0000] {processor.py:840} INFO - DAG(s) 'example_sensors' retrieved from /home/airflow/.local/lib/python3.12/site-packages/airflow/example_dags/example_sensors.py
[2024-11-12T00:18:30.311+0000] {logging_mixin.py:188} INFO - [2024-11-12T00:18:30.310+0000] {dag.py:3096} INFO - Sync 1 DAGs
[2024-11-12T00:18:30.323+0000] {logging_mixin.py:188} INFO - [2024-11-12T00:18:30.323+0000] {dag.py:3954} INFO - Setting next_dagrun for example_sensors to None, run_after=None
[2024-11-12T00:18:30.345+0000] {processor.py:183} INFO - Processing /home/airflow/.local/lib/python3.12/site-packages/airflow/example_dags/example_sensors.py took 0.077 seconds
[2024-11-12T00:19:00.778+0000] {processor.py:161} INFO - Started process (PID=1581) to work on /home/airflow/.local/lib/python3.12/site-packages/airflow/example_dags/example_sensors.py
[2024-11-12T00:19:00.779+0000] {processor.py:830} INFO - Processing file /home/airflow/.local/lib/python3.12/site-packages/airflow/example_dags/example_sensors.py for tasks to queue
[2024-11-12T00:19:00.781+0000] {logging_mixin.py:188} INFO - [2024-11-12T00:19:00.781+0000] {dagbag.py:545} INFO - Filling up the DagBag from /home/airflow/.local/lib/python3.12/site-packages/airflow/example_dags/example_sensors.py
[2024-11-12T00:19:00.791+0000] {processor.py:840} INFO - DAG(s) 'example_sensors' retrieved from /home/airflow/.local/lib/python3.12/site-packages/airflow/example_dags/example_sensors.py
[2024-11-12T00:19:00.822+0000] {logging_mixin.py:188} INFO - [2024-11-12T00:19:00.822+0000] {dag.py:3096} INFO - Sync 1 DAGs
[2024-11-12T00:19:00.836+0000] {logging_mixin.py:188} INFO - [2024-11-12T00:19:00.836+0000] {dag.py:3954} INFO - Setting next_dagrun for example_sensors to None, run_after=None
[2024-11-12T00:19:00.855+0000] {processor.py:183} INFO - Processing /home/airflow/.local/lib/python3.12/site-packages/airflow/example_dags/example_sensors.py took 0.083 seconds
[2024-11-12T00:19:31.931+0000] {processor.py:161} INFO - Started process (PID=1640) to work on /home/airflow/.local/lib/python3.12/site-packages/airflow/example_dags/example_sensors.py
[2024-11-12T00:19:31.932+0000] {processor.py:830} INFO - Processing file /home/airflow/.local/lib/python3.12/site-packages/airflow/example_dags/example_sensors.py for tasks to queue
[2024-11-12T00:19:31.936+0000] {logging_mixin.py:188} INFO - [2024-11-12T00:19:31.935+0000] {dagbag.py:545} INFO - Filling up the DagBag from /home/airflow/.local/lib/python3.12/site-packages/airflow/example_dags/example_sensors.py
[2024-11-12T00:19:31.957+0000] {processor.py:840} INFO - DAG(s) 'example_sensors' retrieved from /home/airflow/.local/lib/python3.12/site-packages/airflow/example_dags/example_sensors.py
[2024-11-12T00:19:32.016+0000] {logging_mixin.py:188} INFO - [2024-11-12T00:19:32.015+0000] {dag.py:3096} INFO - Sync 1 DAGs
[2024-11-12T00:19:32.058+0000] {logging_mixin.py:188} INFO - [2024-11-12T00:19:32.057+0000] {dag.py:3954} INFO - Setting next_dagrun for example_sensors to None, run_after=None
[2024-11-12T00:19:32.102+0000] {processor.py:183} INFO - Processing /home/airflow/.local/lib/python3.12/site-packages/airflow/example_dags/example_sensors.py took 0.182 seconds
[2024-11-12T00:20:02.834+0000] {processor.py:161} INFO - Started process (PID=1699) to work on /home/airflow/.local/lib/python3.12/site-packages/airflow/example_dags/example_sensors.py
[2024-11-12T00:20:02.835+0000] {processor.py:830} INFO - Processing file /home/airflow/.local/lib/python3.12/site-packages/airflow/example_dags/example_sensors.py for tasks to queue
[2024-11-12T00:20:02.838+0000] {logging_mixin.py:188} INFO - [2024-11-12T00:20:02.837+0000] {dagbag.py:545} INFO - Filling up the DagBag from /home/airflow/.local/lib/python3.12/site-packages/airflow/example_dags/example_sensors.py
[2024-11-12T00:20:02.846+0000] {processor.py:840} INFO - DAG(s) 'example_sensors' retrieved from /home/airflow/.local/lib/python3.12/site-packages/airflow/example_dags/example_sensors.py
[2024-11-12T00:20:02.874+0000] {logging_mixin.py:188} INFO - [2024-11-12T00:20:02.873+0000] {dag.py:3096} INFO - Sync 1 DAGs
[2024-11-12T00:20:02.890+0000] {logging_mixin.py:188} INFO - [2024-11-12T00:20:02.889+0000] {dag.py:3954} INFO - Setting next_dagrun for example_sensors to None, run_after=None
[2024-11-12T00:20:02.909+0000] {processor.py:183} INFO - Processing /home/airflow/.local/lib/python3.12/site-packages/airflow/example_dags/example_sensors.py took 0.081 seconds
[2024-11-12T00:20:33.121+0000] {processor.py:161} INFO - Started process (PID=1758) to work on /home/airflow/.local/lib/python3.12/site-packages/airflow/example_dags/example_sensors.py
[2024-11-12T00:20:33.122+0000] {processor.py:830} INFO - Processing file /home/airflow/.local/lib/python3.12/site-packages/airflow/example_dags/example_sensors.py for tasks to queue
[2024-11-12T00:20:33.124+0000] {logging_mixin.py:188} INFO - [2024-11-12T00:20:33.124+0000] {dagbag.py:545} INFO - Filling up the DagBag from /home/airflow/.local/lib/python3.12/site-packages/airflow/example_dags/example_sensors.py
[2024-11-12T00:20:33.136+0000] {processor.py:840} INFO - DAG(s) 'example_sensors' retrieved from /home/airflow/.local/lib/python3.12/site-packages/airflow/example_dags/example_sensors.py
[2024-11-12T00:20:33.162+0000] {logging_mixin.py:188} INFO - [2024-11-12T00:20:33.162+0000] {dag.py:3096} INFO - Sync 1 DAGs
[2024-11-12T00:20:33.174+0000] {logging_mixin.py:188} INFO - [2024-11-12T00:20:33.174+0000] {dag.py:3954} INFO - Setting next_dagrun for example_sensors to None, run_after=None
[2024-11-12T00:20:33.193+0000] {processor.py:183} INFO - Processing /home/airflow/.local/lib/python3.12/site-packages/airflow/example_dags/example_sensors.py took 0.077 seconds
[2024-11-12T00:21:03.406+0000] {processor.py:161} INFO - Started process (PID=1817) to work on /home/airflow/.local/lib/python3.12/site-packages/airflow/example_dags/example_sensors.py
[2024-11-12T00:21:03.407+0000] {processor.py:830} INFO - Processing file /home/airflow/.local/lib/python3.12/site-packages/airflow/example_dags/example_sensors.py for tasks to queue
[2024-11-12T00:21:03.410+0000] {logging_mixin.py:188} INFO - [2024-11-12T00:21:03.409+0000] {dagbag.py:545} INFO - Filling up the DagBag from /home/airflow/.local/lib/python3.12/site-packages/airflow/example_dags/example_sensors.py
[2024-11-12T00:21:03.419+0000] {processor.py:840} INFO - DAG(s) 'example_sensors' retrieved from /home/airflow/.local/lib/python3.12/site-packages/airflow/example_dags/example_sensors.py
[2024-11-12T00:21:03.444+0000] {logging_mixin.py:188} INFO - [2024-11-12T00:21:03.444+0000] {dag.py:3096} INFO - Sync 1 DAGs
[2024-11-12T00:21:03.457+0000] {logging_mixin.py:188} INFO - [2024-11-12T00:21:03.456+0000] {dag.py:3954} INFO - Setting next_dagrun for example_sensors to None, run_after=None
[2024-11-12T00:21:03.475+0000] {processor.py:183} INFO - Processing /home/airflow/.local/lib/python3.12/site-packages/airflow/example_dags/example_sensors.py took 0.074 seconds
[2024-11-12T00:21:34.072+0000] {processor.py:161} INFO - Started process (PID=1878) to work on /home/airflow/.local/lib/python3.12/site-packages/airflow/example_dags/example_sensors.py
[2024-11-12T00:21:34.074+0000] {processor.py:830} INFO - Processing file /home/airflow/.local/lib/python3.12/site-packages/airflow/example_dags/example_sensors.py for tasks to queue
[2024-11-12T00:21:34.076+0000] {logging_mixin.py:188} INFO - [2024-11-12T00:21:34.076+0000] {dagbag.py:545} INFO - Filling up the DagBag from /home/airflow/.local/lib/python3.12/site-packages/airflow/example_dags/example_sensors.py
[2024-11-12T00:21:34.086+0000] {processor.py:840} INFO - DAG(s) 'example_sensors' retrieved from /home/airflow/.local/lib/python3.12/site-packages/airflow/example_dags/example_sensors.py
[2024-11-12T00:21:34.114+0000] {logging_mixin.py:188} INFO - [2024-11-12T00:21:34.114+0000] {dag.py:3096} INFO - Sync 1 DAGs
[2024-11-12T00:21:34.128+0000] {logging_mixin.py:188} INFO - [2024-11-12T00:21:34.128+0000] {dag.py:3954} INFO - Setting next_dagrun for example_sensors to None, run_after=None
[2024-11-12T00:21:34.148+0000] {processor.py:183} INFO - Processing /home/airflow/.local/lib/python3.12/site-packages/airflow/example_dags/example_sensors.py took 0.083 seconds
[2024-11-12T00:22:04.971+0000] {processor.py:161} INFO - Started process (PID=1937) to work on /home/airflow/.local/lib/python3.12/site-packages/airflow/example_dags/example_sensors.py
[2024-11-12T00:22:04.972+0000] {processor.py:830} INFO - Processing file /home/airflow/.local/lib/python3.12/site-packages/airflow/example_dags/example_sensors.py for tasks to queue
[2024-11-12T00:22:04.975+0000] {logging_mixin.py:188} INFO - [2024-11-12T00:22:04.974+0000] {dagbag.py:545} INFO - Filling up the DagBag from /home/airflow/.local/lib/python3.12/site-packages/airflow/example_dags/example_sensors.py
[2024-11-12T00:22:04.984+0000] {processor.py:840} INFO - DAG(s) 'example_sensors' retrieved from /home/airflow/.local/lib/python3.12/site-packages/airflow/example_dags/example_sensors.py
[2024-11-12T00:22:05.090+0000] {logging_mixin.py:188} INFO - [2024-11-12T00:22:05.090+0000] {dag.py:3096} INFO - Sync 1 DAGs
[2024-11-12T00:22:05.103+0000] {logging_mixin.py:188} INFO - [2024-11-12T00:22:05.103+0000] {dag.py:3954} INFO - Setting next_dagrun for example_sensors to None, run_after=None
[2024-11-12T00:22:05.124+0000] {processor.py:183} INFO - Processing /home/airflow/.local/lib/python3.12/site-packages/airflow/example_dags/example_sensors.py took 0.158 seconds
[2024-11-12T00:22:35.252+0000] {processor.py:161} INFO - Started process (PID=1996) to work on /home/airflow/.local/lib/python3.12/site-packages/airflow/example_dags/example_sensors.py
[2024-11-12T00:22:35.253+0000] {processor.py:830} INFO - Processing file /home/airflow/.local/lib/python3.12/site-packages/airflow/example_dags/example_sensors.py for tasks to queue
[2024-11-12T00:22:35.256+0000] {logging_mixin.py:188} INFO - [2024-11-12T00:22:35.255+0000] {dagbag.py:545} INFO - Filling up the DagBag from /home/airflow/.local/lib/python3.12/site-packages/airflow/example_dags/example_sensors.py
[2024-11-12T00:22:35.264+0000] {processor.py:840} INFO - DAG(s) 'example_sensors' retrieved from /home/airflow/.local/lib/python3.12/site-packages/airflow/example_dags/example_sensors.py
[2024-11-12T00:22:35.290+0000] {logging_mixin.py:188} INFO - [2024-11-12T00:22:35.290+0000] {dag.py:3096} INFO - Sync 1 DAGs
[2024-11-12T00:22:35.303+0000] {logging_mixin.py:188} INFO - [2024-11-12T00:22:35.302+0000] {dag.py:3954} INFO - Setting next_dagrun for example_sensors to None, run_after=None
[2024-11-12T00:22:35.321+0000] {processor.py:183} INFO - Processing /home/airflow/.local/lib/python3.12/site-packages/airflow/example_dags/example_sensors.py took 0.075 seconds
[2024-11-12T00:23:05.416+0000] {processor.py:161} INFO - Started process (PID=2055) to work on /home/airflow/.local/lib/python3.12/site-packages/airflow/example_dags/example_sensors.py
[2024-11-12T00:23:05.417+0000] {processor.py:830} INFO - Processing file /home/airflow/.local/lib/python3.12/site-packages/airflow/example_dags/example_sensors.py for tasks to queue
[2024-11-12T00:23:05.419+0000] {logging_mixin.py:188} INFO - [2024-11-12T00:23:05.419+0000] {dagbag.py:545} INFO - Filling up the DagBag from /home/airflow/.local/lib/python3.12/site-packages/airflow/example_dags/example_sensors.py
[2024-11-12T00:23:05.428+0000] {processor.py:840} INFO - DAG(s) 'example_sensors' retrieved from /home/airflow/.local/lib/python3.12/site-packages/airflow/example_dags/example_sensors.py
[2024-11-12T00:23:05.453+0000] {logging_mixin.py:188} INFO - [2024-11-12T00:23:05.452+0000] {dag.py:3096} INFO - Sync 1 DAGs
[2024-11-12T00:23:05.465+0000] {logging_mixin.py:188} INFO - [2024-11-12T00:23:05.465+0000] {dag.py:3954} INFO - Setting next_dagrun for example_sensors to None, run_after=None
[2024-11-12T00:23:05.485+0000] {processor.py:183} INFO - Processing /home/airflow/.local/lib/python3.12/site-packages/airflow/example_dags/example_sensors.py took 0.075 seconds
[2024-11-12T00:23:35.670+0000] {processor.py:161} INFO - Started process (PID=2116) to work on /home/airflow/.local/lib/python3.12/site-packages/airflow/example_dags/example_sensors.py
[2024-11-12T00:23:35.671+0000] {processor.py:830} INFO - Processing file /home/airflow/.local/lib/python3.12/site-packages/airflow/example_dags/example_sensors.py for tasks to queue
[2024-11-12T00:23:35.673+0000] {logging_mixin.py:188} INFO - [2024-11-12T00:23:35.673+0000] {dagbag.py:545} INFO - Filling up the DagBag from /home/airflow/.local/lib/python3.12/site-packages/airflow/example_dags/example_sensors.py
[2024-11-12T00:23:35.684+0000] {processor.py:840} INFO - DAG(s) 'example_sensors' retrieved from /home/airflow/.local/lib/python3.12/site-packages/airflow/example_dags/example_sensors.py
[2024-11-12T00:23:35.711+0000] {logging_mixin.py:188} INFO - [2024-11-12T00:23:35.711+0000] {dag.py:3096} INFO - Sync 1 DAGs
[2024-11-12T00:23:35.724+0000] {logging_mixin.py:188} INFO - [2024-11-12T00:23:35.724+0000] {dag.py:3954} INFO - Setting next_dagrun for example_sensors to None, run_after=None
[2024-11-12T00:23:35.745+0000] {processor.py:183} INFO - Processing /home/airflow/.local/lib/python3.12/site-packages/airflow/example_dags/example_sensors.py took 0.080 seconds
[2024-11-12T00:24:06.441+0000] {processor.py:161} INFO - Started process (PID=2175) to work on /home/airflow/.local/lib/python3.12/site-packages/airflow/example_dags/example_sensors.py
[2024-11-12T00:24:06.443+0000] {processor.py:830} INFO - Processing file /home/airflow/.local/lib/python3.12/site-packages/airflow/example_dags/example_sensors.py for tasks to queue
[2024-11-12T00:24:06.445+0000] {logging_mixin.py:188} INFO - [2024-11-12T00:24:06.444+0000] {dagbag.py:545} INFO - Filling up the DagBag from /home/airflow/.local/lib/python3.12/site-packages/airflow/example_dags/example_sensors.py
[2024-11-12T00:24:06.454+0000] {processor.py:840} INFO - DAG(s) 'example_sensors' retrieved from /home/airflow/.local/lib/python3.12/site-packages/airflow/example_dags/example_sensors.py
[2024-11-12T00:24:06.481+0000] {logging_mixin.py:188} INFO - [2024-11-12T00:24:06.480+0000] {dag.py:3096} INFO - Sync 1 DAGs
[2024-11-12T00:24:06.494+0000] {logging_mixin.py:188} INFO - [2024-11-12T00:24:06.494+0000] {dag.py:3954} INFO - Setting next_dagrun for example_sensors to None, run_after=None
[2024-11-12T00:24:06.516+0000] {processor.py:183} INFO - Processing /home/airflow/.local/lib/python3.12/site-packages/airflow/example_dags/example_sensors.py took 0.080 seconds
[2024-11-12T00:24:37.061+0000] {processor.py:161} INFO - Started process (PID=2234) to work on /home/airflow/.local/lib/python3.12/site-packages/airflow/example_dags/example_sensors.py
[2024-11-12T00:24:37.063+0000] {processor.py:830} INFO - Processing file /home/airflow/.local/lib/python3.12/site-packages/airflow/example_dags/example_sensors.py for tasks to queue
[2024-11-12T00:24:37.065+0000] {logging_mixin.py:188} INFO - [2024-11-12T00:24:37.064+0000] {dagbag.py:545} INFO - Filling up the DagBag from /home/airflow/.local/lib/python3.12/site-packages/airflow/example_dags/example_sensors.py
[2024-11-12T00:24:37.074+0000] {processor.py:840} INFO - DAG(s) 'example_sensors' retrieved from /home/airflow/.local/lib/python3.12/site-packages/airflow/example_dags/example_sensors.py
[2024-11-12T00:24:37.099+0000] {logging_mixin.py:188} INFO - [2024-11-12T00:24:37.099+0000] {dag.py:3096} INFO - Sync 1 DAGs
[2024-11-12T00:24:37.112+0000] {logging_mixin.py:188} INFO - [2024-11-12T00:24:37.111+0000] {dag.py:3954} INFO - Setting next_dagrun for example_sensors to None, run_after=None
[2024-11-12T00:24:37.131+0000] {processor.py:183} INFO - Processing /home/airflow/.local/lib/python3.12/site-packages/airflow/example_dags/example_sensors.py took 0.075 seconds
[2024-11-12T00:25:07.618+0000] {processor.py:161} INFO - Started process (PID=2293) to work on /home/airflow/.local/lib/python3.12/site-packages/airflow/example_dags/example_sensors.py
[2024-11-12T00:25:07.619+0000] {processor.py:830} INFO - Processing file /home/airflow/.local/lib/python3.12/site-packages/airflow/example_dags/example_sensors.py for tasks to queue
[2024-11-12T00:25:07.621+0000] {logging_mixin.py:188} INFO - [2024-11-12T00:25:07.621+0000] {dagbag.py:545} INFO - Filling up the DagBag from /home/airflow/.local/lib/python3.12/site-packages/airflow/example_dags/example_sensors.py
[2024-11-12T00:25:07.631+0000] {processor.py:840} INFO - DAG(s) 'example_sensors' retrieved from /home/airflow/.local/lib/python3.12/site-packages/airflow/example_dags/example_sensors.py
[2024-11-12T00:25:07.662+0000] {logging_mixin.py:188} INFO - [2024-11-12T00:25:07.662+0000] {dag.py:3096} INFO - Sync 1 DAGs
[2024-11-12T00:25:07.677+0000] {logging_mixin.py:188} INFO - [2024-11-12T00:25:07.676+0000] {dag.py:3954} INFO - Setting next_dagrun for example_sensors to None, run_after=None
[2024-11-12T00:25:07.695+0000] {processor.py:183} INFO - Processing /home/airflow/.local/lib/python3.12/site-packages/airflow/example_dags/example_sensors.py took 0.085 seconds
