[2024-11-12T00:06:46.014+0000] {processor.py:161} INFO - Started process (PID=157) to work on /home/airflow/.local/lib/python3.12/site-packages/airflow/example_dags/example_branch_python_dop_operator_3.py
[2024-11-12T00:06:46.015+0000] {processor.py:830} INFO - Processing file /home/airflow/.local/lib/python3.12/site-packages/airflow/example_dags/example_branch_python_dop_operator_3.py for tasks to queue
[2024-11-12T00:06:46.017+0000] {logging_mixin.py:188} INFO - [2024-11-12T00:06:46.017+0000] {dagbag.py:545} INFO - Filling up the DagBag from /home/airflow/.local/lib/python3.12/site-packages/airflow/example_dags/example_branch_python_dop_operator_3.py
[2024-11-12T00:06:46.029+0000] {processor.py:840} INFO - DAG(s) 'example_branch_dop_operator_v3' retrieved from /home/airflow/.local/lib/python3.12/site-packages/airflow/example_dags/example_branch_python_dop_operator_3.py
[2024-11-12T00:06:46.136+0000] {logging_mixin.py:188} INFO - [2024-11-12T00:06:46.135+0000] {dag.py:3096} INFO - Sync 1 DAGs
[2024-11-12T00:06:46.162+0000] {logging_mixin.py:188} INFO - [2024-11-12T00:06:46.162+0000] {dag.py:3954} INFO - Setting next_dagrun for example_branch_dop_operator_v3 to 2024-11-12 00:05:00+00:00, run_after=2024-11-12 00:06:00+00:00
[2024-11-12T00:06:46.182+0000] {processor.py:183} INFO - Processing /home/airflow/.local/lib/python3.12/site-packages/airflow/example_dags/example_branch_python_dop_operator_3.py took 0.173 seconds
[2024-11-12T00:07:17.716+0000] {processor.py:161} INFO - Started process (PID=216) to work on /home/airflow/.local/lib/python3.12/site-packages/airflow/example_dags/example_branch_python_dop_operator_3.py
[2024-11-12T00:07:17.725+0000] {processor.py:830} INFO - Processing file /home/airflow/.local/lib/python3.12/site-packages/airflow/example_dags/example_branch_python_dop_operator_3.py for tasks to queue
[2024-11-12T00:07:17.727+0000] {logging_mixin.py:188} INFO - [2024-11-12T00:07:17.727+0000] {dagbag.py:545} INFO - Filling up the DagBag from /home/airflow/.local/lib/python3.12/site-packages/airflow/example_dags/example_branch_python_dop_operator_3.py
[2024-11-12T00:07:17.737+0000] {processor.py:840} INFO - DAG(s) 'example_branch_dop_operator_v3' retrieved from /home/airflow/.local/lib/python3.12/site-packages/airflow/example_dags/example_branch_python_dop_operator_3.py
[2024-11-12T00:07:17.757+0000] {logging_mixin.py:188} INFO - [2024-11-12T00:07:17.757+0000] {dag.py:3096} INFO - Sync 1 DAGs
[2024-11-12T00:07:17.782+0000] {logging_mixin.py:188} INFO - [2024-11-12T00:07:17.781+0000] {dag.py:3954} INFO - Setting next_dagrun for example_branch_dop_operator_v3 to 2024-11-12 00:06:00+00:00, run_after=2024-11-12 00:07:00+00:00
[2024-11-12T00:07:17.802+0000] {processor.py:183} INFO - Processing /home/airflow/.local/lib/python3.12/site-packages/airflow/example_dags/example_branch_python_dop_operator_3.py took 0.092 seconds
[2024-11-12T00:07:48.043+0000] {processor.py:161} INFO - Started process (PID=275) to work on /home/airflow/.local/lib/python3.12/site-packages/airflow/example_dags/example_branch_python_dop_operator_3.py
[2024-11-12T00:07:48.044+0000] {processor.py:830} INFO - Processing file /home/airflow/.local/lib/python3.12/site-packages/airflow/example_dags/example_branch_python_dop_operator_3.py for tasks to queue
[2024-11-12T00:07:48.046+0000] {logging_mixin.py:188} INFO - [2024-11-12T00:07:48.046+0000] {dagbag.py:545} INFO - Filling up the DagBag from /home/airflow/.local/lib/python3.12/site-packages/airflow/example_dags/example_branch_python_dop_operator_3.py
[2024-11-12T00:07:48.055+0000] {processor.py:840} INFO - DAG(s) 'example_branch_dop_operator_v3' retrieved from /home/airflow/.local/lib/python3.12/site-packages/airflow/example_dags/example_branch_python_dop_operator_3.py
[2024-11-12T00:07:48.074+0000] {logging_mixin.py:188} INFO - [2024-11-12T00:07:48.073+0000] {dag.py:3096} INFO - Sync 1 DAGs
[2024-11-12T00:07:48.099+0000] {logging_mixin.py:188} INFO - [2024-11-12T00:07:48.099+0000] {dag.py:3954} INFO - Setting next_dagrun for example_branch_dop_operator_v3 to 2024-11-12 00:06:00+00:00, run_after=2024-11-12 00:07:00+00:00
[2024-11-12T00:07:48.116+0000] {processor.py:183} INFO - Processing /home/airflow/.local/lib/python3.12/site-packages/airflow/example_dags/example_branch_python_dop_operator_3.py took 0.078 seconds
[2024-11-12T00:08:18.441+0000] {processor.py:161} INFO - Started process (PID=334) to work on /home/airflow/.local/lib/python3.12/site-packages/airflow/example_dags/example_branch_python_dop_operator_3.py
[2024-11-12T00:08:18.443+0000] {processor.py:830} INFO - Processing file /home/airflow/.local/lib/python3.12/site-packages/airflow/example_dags/example_branch_python_dop_operator_3.py for tasks to queue
[2024-11-12T00:08:18.445+0000] {logging_mixin.py:188} INFO - [2024-11-12T00:08:18.444+0000] {dagbag.py:545} INFO - Filling up the DagBag from /home/airflow/.local/lib/python3.12/site-packages/airflow/example_dags/example_branch_python_dop_operator_3.py
[2024-11-12T00:08:18.453+0000] {processor.py:840} INFO - DAG(s) 'example_branch_dop_operator_v3' retrieved from /home/airflow/.local/lib/python3.12/site-packages/airflow/example_dags/example_branch_python_dop_operator_3.py
[2024-11-12T00:08:18.473+0000] {logging_mixin.py:188} INFO - [2024-11-12T00:08:18.473+0000] {dag.py:3096} INFO - Sync 1 DAGs
[2024-11-12T00:08:18.497+0000] {logging_mixin.py:188} INFO - [2024-11-12T00:08:18.497+0000] {dag.py:3954} INFO - Setting next_dagrun for example_branch_dop_operator_v3 to 2024-11-12 00:07:00+00:00, run_after=2024-11-12 00:08:00+00:00
[2024-11-12T00:08:18.515+0000] {processor.py:183} INFO - Processing /home/airflow/.local/lib/python3.12/site-packages/airflow/example_dags/example_branch_python_dop_operator_3.py took 0.080 seconds
[2024-11-12T00:08:48.691+0000] {processor.py:161} INFO - Started process (PID=393) to work on /home/airflow/.local/lib/python3.12/site-packages/airflow/example_dags/example_branch_python_dop_operator_3.py
[2024-11-12T00:08:48.692+0000] {processor.py:830} INFO - Processing file /home/airflow/.local/lib/python3.12/site-packages/airflow/example_dags/example_branch_python_dop_operator_3.py for tasks to queue
[2024-11-12T00:08:48.694+0000] {logging_mixin.py:188} INFO - [2024-11-12T00:08:48.694+0000] {dagbag.py:545} INFO - Filling up the DagBag from /home/airflow/.local/lib/python3.12/site-packages/airflow/example_dags/example_branch_python_dop_operator_3.py
[2024-11-12T00:08:48.703+0000] {processor.py:840} INFO - DAG(s) 'example_branch_dop_operator_v3' retrieved from /home/airflow/.local/lib/python3.12/site-packages/airflow/example_dags/example_branch_python_dop_operator_3.py
[2024-11-12T00:08:48.722+0000] {logging_mixin.py:188} INFO - [2024-11-12T00:08:48.722+0000] {dag.py:3096} INFO - Sync 1 DAGs
[2024-11-12T00:08:48.747+0000] {logging_mixin.py:188} INFO - [2024-11-12T00:08:48.746+0000] {dag.py:3954} INFO - Setting next_dagrun for example_branch_dop_operator_v3 to 2024-11-12 00:07:00+00:00, run_after=2024-11-12 00:08:00+00:00
[2024-11-12T00:08:48.764+0000] {processor.py:183} INFO - Processing /home/airflow/.local/lib/python3.12/site-packages/airflow/example_dags/example_branch_python_dop_operator_3.py took 0.079 seconds
[2024-11-12T00:09:18.956+0000] {processor.py:161} INFO - Started process (PID=452) to work on /home/airflow/.local/lib/python3.12/site-packages/airflow/example_dags/example_branch_python_dop_operator_3.py
[2024-11-12T00:09:18.957+0000] {processor.py:830} INFO - Processing file /home/airflow/.local/lib/python3.12/site-packages/airflow/example_dags/example_branch_python_dop_operator_3.py for tasks to queue
[2024-11-12T00:09:18.960+0000] {logging_mixin.py:188} INFO - [2024-11-12T00:09:18.960+0000] {dagbag.py:545} INFO - Filling up the DagBag from /home/airflow/.local/lib/python3.12/site-packages/airflow/example_dags/example_branch_python_dop_operator_3.py
[2024-11-12T00:09:18.968+0000] {processor.py:840} INFO - DAG(s) 'example_branch_dop_operator_v3' retrieved from /home/airflow/.local/lib/python3.12/site-packages/airflow/example_dags/example_branch_python_dop_operator_3.py
[2024-11-12T00:09:18.989+0000] {logging_mixin.py:188} INFO - [2024-11-12T00:09:18.988+0000] {dag.py:3096} INFO - Sync 1 DAGs
[2024-11-12T00:09:19.013+0000] {logging_mixin.py:188} INFO - [2024-11-12T00:09:19.013+0000] {dag.py:3954} INFO - Setting next_dagrun for example_branch_dop_operator_v3 to 2024-11-12 00:08:00+00:00, run_after=2024-11-12 00:09:00+00:00
[2024-11-12T00:09:19.031+0000] {processor.py:183} INFO - Processing /home/airflow/.local/lib/python3.12/site-packages/airflow/example_dags/example_branch_python_dop_operator_3.py took 0.081 seconds
[2024-11-12T00:09:49.233+0000] {processor.py:161} INFO - Started process (PID=511) to work on /home/airflow/.local/lib/python3.12/site-packages/airflow/example_dags/example_branch_python_dop_operator_3.py
[2024-11-12T00:09:49.234+0000] {processor.py:830} INFO - Processing file /home/airflow/.local/lib/python3.12/site-packages/airflow/example_dags/example_branch_python_dop_operator_3.py for tasks to queue
[2024-11-12T00:09:49.237+0000] {logging_mixin.py:188} INFO - [2024-11-12T00:09:49.236+0000] {dagbag.py:545} INFO - Filling up the DagBag from /home/airflow/.local/lib/python3.12/site-packages/airflow/example_dags/example_branch_python_dop_operator_3.py
[2024-11-12T00:09:49.247+0000] {processor.py:840} INFO - DAG(s) 'example_branch_dop_operator_v3' retrieved from /home/airflow/.local/lib/python3.12/site-packages/airflow/example_dags/example_branch_python_dop_operator_3.py
[2024-11-12T00:09:49.267+0000] {logging_mixin.py:188} INFO - [2024-11-12T00:09:49.267+0000] {dag.py:3096} INFO - Sync 1 DAGs
[2024-11-12T00:09:49.296+0000] {logging_mixin.py:188} INFO - [2024-11-12T00:09:49.296+0000] {dag.py:3954} INFO - Setting next_dagrun for example_branch_dop_operator_v3 to 2024-11-12 00:08:00+00:00, run_after=2024-11-12 00:09:00+00:00
[2024-11-12T00:09:49.314+0000] {processor.py:183} INFO - Processing /home/airflow/.local/lib/python3.12/site-packages/airflow/example_dags/example_branch_python_dop_operator_3.py took 0.087 seconds
[2024-11-12T00:10:21.165+0000] {processor.py:161} INFO - Started process (PID=575) to work on /home/airflow/.local/lib/python3.12/site-packages/airflow/example_dags/example_branch_python_dop_operator_3.py
[2024-11-12T00:10:21.166+0000] {processor.py:830} INFO - Processing file /home/airflow/.local/lib/python3.12/site-packages/airflow/example_dags/example_branch_python_dop_operator_3.py for tasks to queue
[2024-11-12T00:10:21.168+0000] {logging_mixin.py:188} INFO - [2024-11-12T00:10:21.168+0000] {dagbag.py:545} INFO - Filling up the DagBag from /home/airflow/.local/lib/python3.12/site-packages/airflow/example_dags/example_branch_python_dop_operator_3.py
[2024-11-12T00:10:21.180+0000] {processor.py:840} INFO - DAG(s) 'example_branch_dop_operator_v3' retrieved from /home/airflow/.local/lib/python3.12/site-packages/airflow/example_dags/example_branch_python_dop_operator_3.py
[2024-11-12T00:10:21.314+0000] {logging_mixin.py:188} INFO - [2024-11-12T00:10:21.313+0000] {dag.py:3096} INFO - Sync 1 DAGs
[2024-11-12T00:10:21.336+0000] {logging_mixin.py:188} INFO - [2024-11-12T00:10:21.336+0000] {dag.py:3954} INFO - Setting next_dagrun for example_branch_dop_operator_v3 to 2024-11-12 00:09:00+00:00, run_after=2024-11-12 00:10:00+00:00
[2024-11-12T00:10:21.355+0000] {processor.py:183} INFO - Processing /home/airflow/.local/lib/python3.12/site-packages/airflow/example_dags/example_branch_python_dop_operator_3.py took 0.196 seconds
[2024-11-12T00:10:51.635+0000] {processor.py:161} INFO - Started process (PID=635) to work on /home/airflow/.local/lib/python3.12/site-packages/airflow/example_dags/example_branch_python_dop_operator_3.py
[2024-11-12T00:10:51.636+0000] {processor.py:830} INFO - Processing file /home/airflow/.local/lib/python3.12/site-packages/airflow/example_dags/example_branch_python_dop_operator_3.py for tasks to queue
[2024-11-12T00:10:51.639+0000] {logging_mixin.py:188} INFO - [2024-11-12T00:10:51.639+0000] {dagbag.py:545} INFO - Filling up the DagBag from /home/airflow/.local/lib/python3.12/site-packages/airflow/example_dags/example_branch_python_dop_operator_3.py
[2024-11-12T00:10:51.649+0000] {processor.py:840} INFO - DAG(s) 'example_branch_dop_operator_v3' retrieved from /home/airflow/.local/lib/python3.12/site-packages/airflow/example_dags/example_branch_python_dop_operator_3.py
[2024-11-12T00:10:51.670+0000] {logging_mixin.py:188} INFO - [2024-11-12T00:10:51.670+0000] {dag.py:3096} INFO - Sync 1 DAGs
[2024-11-12T00:10:51.695+0000] {logging_mixin.py:188} INFO - [2024-11-12T00:10:51.695+0000] {dag.py:3954} INFO - Setting next_dagrun for example_branch_dop_operator_v3 to 2024-11-12 00:09:00+00:00, run_after=2024-11-12 00:10:00+00:00
[2024-11-12T00:10:51.713+0000] {processor.py:183} INFO - Processing /home/airflow/.local/lib/python3.12/site-packages/airflow/example_dags/example_branch_python_dop_operator_3.py took 0.083 seconds
[2024-11-12T00:11:22.548+0000] {processor.py:161} INFO - Started process (PID=694) to work on /home/airflow/.local/lib/python3.12/site-packages/airflow/example_dags/example_branch_python_dop_operator_3.py
[2024-11-12T00:11:22.549+0000] {processor.py:830} INFO - Processing file /home/airflow/.local/lib/python3.12/site-packages/airflow/example_dags/example_branch_python_dop_operator_3.py for tasks to queue
[2024-11-12T00:11:22.552+0000] {logging_mixin.py:188} INFO - [2024-11-12T00:11:22.551+0000] {dagbag.py:545} INFO - Filling up the DagBag from /home/airflow/.local/lib/python3.12/site-packages/airflow/example_dags/example_branch_python_dop_operator_3.py
[2024-11-12T00:11:22.561+0000] {processor.py:840} INFO - DAG(s) 'example_branch_dop_operator_v3' retrieved from /home/airflow/.local/lib/python3.12/site-packages/airflow/example_dags/example_branch_python_dop_operator_3.py
[2024-11-12T00:11:22.582+0000] {logging_mixin.py:188} INFO - [2024-11-12T00:11:22.582+0000] {dag.py:3096} INFO - Sync 1 DAGs
[2024-11-12T00:11:22.609+0000] {logging_mixin.py:188} INFO - [2024-11-12T00:11:22.608+0000] {dag.py:3954} INFO - Setting next_dagrun for example_branch_dop_operator_v3 to 2024-11-12 00:10:00+00:00, run_after=2024-11-12 00:11:00+00:00
[2024-11-12T00:11:22.628+0000] {processor.py:183} INFO - Processing /home/airflow/.local/lib/python3.12/site-packages/airflow/example_dags/example_branch_python_dop_operator_3.py took 0.087 seconds
[2024-11-12T00:11:54.474+0000] {processor.py:161} INFO - Started process (PID=753) to work on /home/airflow/.local/lib/python3.12/site-packages/airflow/example_dags/example_branch_python_dop_operator_3.py
[2024-11-12T00:11:54.481+0000] {processor.py:830} INFO - Processing file /home/airflow/.local/lib/python3.12/site-packages/airflow/example_dags/example_branch_python_dop_operator_3.py for tasks to queue
[2024-11-12T00:11:54.483+0000] {logging_mixin.py:188} INFO - [2024-11-12T00:11:54.483+0000] {dagbag.py:545} INFO - Filling up the DagBag from /home/airflow/.local/lib/python3.12/site-packages/airflow/example_dags/example_branch_python_dop_operator_3.py
[2024-11-12T00:11:54.493+0000] {processor.py:840} INFO - DAG(s) 'example_branch_dop_operator_v3' retrieved from /home/airflow/.local/lib/python3.12/site-packages/airflow/example_dags/example_branch_python_dop_operator_3.py
[2024-11-12T00:11:54.600+0000] {logging_mixin.py:188} INFO - [2024-11-12T00:11:54.599+0000] {dag.py:3096} INFO - Sync 1 DAGs
[2024-11-12T00:11:54.626+0000] {logging_mixin.py:188} INFO - [2024-11-12T00:11:54.626+0000] {dag.py:3954} INFO - Setting next_dagrun for example_branch_dop_operator_v3 to 2024-11-12 00:10:00+00:00, run_after=2024-11-12 00:11:00+00:00
[2024-11-12T00:11:54.653+0000] {processor.py:183} INFO - Processing /home/airflow/.local/lib/python3.12/site-packages/airflow/example_dags/example_branch_python_dop_operator_3.py took 0.185 seconds
[2024-11-12T00:12:25.485+0000] {processor.py:161} INFO - Started process (PID=812) to work on /home/airflow/.local/lib/python3.12/site-packages/airflow/example_dags/example_branch_python_dop_operator_3.py
[2024-11-12T00:12:25.487+0000] {processor.py:830} INFO - Processing file /home/airflow/.local/lib/python3.12/site-packages/airflow/example_dags/example_branch_python_dop_operator_3.py for tasks to queue
[2024-11-12T00:12:25.489+0000] {logging_mixin.py:188} INFO - [2024-11-12T00:12:25.489+0000] {dagbag.py:545} INFO - Filling up the DagBag from /home/airflow/.local/lib/python3.12/site-packages/airflow/example_dags/example_branch_python_dop_operator_3.py
[2024-11-12T00:12:25.500+0000] {processor.py:840} INFO - DAG(s) 'example_branch_dop_operator_v3' retrieved from /home/airflow/.local/lib/python3.12/site-packages/airflow/example_dags/example_branch_python_dop_operator_3.py
[2024-11-12T00:12:25.520+0000] {logging_mixin.py:188} INFO - [2024-11-12T00:12:25.520+0000] {dag.py:3096} INFO - Sync 1 DAGs
[2024-11-12T00:12:25.546+0000] {logging_mixin.py:188} INFO - [2024-11-12T00:12:25.545+0000] {dag.py:3954} INFO - Setting next_dagrun for example_branch_dop_operator_v3 to 2024-11-12 00:11:00+00:00, run_after=2024-11-12 00:12:00+00:00
[2024-11-12T00:12:25.565+0000] {processor.py:183} INFO - Processing /home/airflow/.local/lib/python3.12/site-packages/airflow/example_dags/example_branch_python_dop_operator_3.py took 0.086 seconds
[2024-11-12T00:12:55.804+0000] {processor.py:161} INFO - Started process (PID=871) to work on /home/airflow/.local/lib/python3.12/site-packages/airflow/example_dags/example_branch_python_dop_operator_3.py
[2024-11-12T00:12:55.805+0000] {processor.py:830} INFO - Processing file /home/airflow/.local/lib/python3.12/site-packages/airflow/example_dags/example_branch_python_dop_operator_3.py for tasks to queue
[2024-11-12T00:12:55.808+0000] {logging_mixin.py:188} INFO - [2024-11-12T00:12:55.807+0000] {dagbag.py:545} INFO - Filling up the DagBag from /home/airflow/.local/lib/python3.12/site-packages/airflow/example_dags/example_branch_python_dop_operator_3.py
[2024-11-12T00:12:55.815+0000] {processor.py:840} INFO - DAG(s) 'example_branch_dop_operator_v3' retrieved from /home/airflow/.local/lib/python3.12/site-packages/airflow/example_dags/example_branch_python_dop_operator_3.py
[2024-11-12T00:12:55.835+0000] {logging_mixin.py:188} INFO - [2024-11-12T00:12:55.835+0000] {dag.py:3096} INFO - Sync 1 DAGs
[2024-11-12T00:12:55.859+0000] {logging_mixin.py:188} INFO - [2024-11-12T00:12:55.859+0000] {dag.py:3954} INFO - Setting next_dagrun for example_branch_dop_operator_v3 to 2024-11-12 00:11:00+00:00, run_after=2024-11-12 00:12:00+00:00
[2024-11-12T00:12:55.878+0000] {processor.py:183} INFO - Processing /home/airflow/.local/lib/python3.12/site-packages/airflow/example_dags/example_branch_python_dop_operator_3.py took 0.079 seconds
[2024-11-12T00:13:26.394+0000] {processor.py:161} INFO - Started process (PID=930) to work on /home/airflow/.local/lib/python3.12/site-packages/airflow/example_dags/example_branch_python_dop_operator_3.py
[2024-11-12T00:13:26.396+0000] {processor.py:830} INFO - Processing file /home/airflow/.local/lib/python3.12/site-packages/airflow/example_dags/example_branch_python_dop_operator_3.py for tasks to queue
[2024-11-12T00:13:26.399+0000] {logging_mixin.py:188} INFO - [2024-11-12T00:13:26.399+0000] {dagbag.py:545} INFO - Filling up the DagBag from /home/airflow/.local/lib/python3.12/site-packages/airflow/example_dags/example_branch_python_dop_operator_3.py
[2024-11-12T00:13:26.408+0000] {processor.py:840} INFO - DAG(s) 'example_branch_dop_operator_v3' retrieved from /home/airflow/.local/lib/python3.12/site-packages/airflow/example_dags/example_branch_python_dop_operator_3.py
[2024-11-12T00:13:26.435+0000] {logging_mixin.py:188} INFO - [2024-11-12T00:13:26.434+0000] {dag.py:3096} INFO - Sync 1 DAGs
[2024-11-12T00:13:26.486+0000] {logging_mixin.py:188} INFO - [2024-11-12T00:13:26.484+0000] {dag.py:3954} INFO - Setting next_dagrun for example_branch_dop_operator_v3 to 2024-11-12 00:12:00+00:00, run_after=2024-11-12 00:13:00+00:00
[2024-11-12T00:13:26.525+0000] {processor.py:183} INFO - Processing /home/airflow/.local/lib/python3.12/site-packages/airflow/example_dags/example_branch_python_dop_operator_3.py took 0.137 seconds
[2024-11-12T00:13:56.702+0000] {processor.py:161} INFO - Started process (PID=989) to work on /home/airflow/.local/lib/python3.12/site-packages/airflow/example_dags/example_branch_python_dop_operator_3.py
[2024-11-12T00:13:56.703+0000] {processor.py:830} INFO - Processing file /home/airflow/.local/lib/python3.12/site-packages/airflow/example_dags/example_branch_python_dop_operator_3.py for tasks to queue
[2024-11-12T00:13:56.706+0000] {logging_mixin.py:188} INFO - [2024-11-12T00:13:56.705+0000] {dagbag.py:545} INFO - Filling up the DagBag from /home/airflow/.local/lib/python3.12/site-packages/airflow/example_dags/example_branch_python_dop_operator_3.py
[2024-11-12T00:13:56.714+0000] {processor.py:840} INFO - DAG(s) 'example_branch_dop_operator_v3' retrieved from /home/airflow/.local/lib/python3.12/site-packages/airflow/example_dags/example_branch_python_dop_operator_3.py
[2024-11-12T00:13:56.735+0000] {logging_mixin.py:188} INFO - [2024-11-12T00:13:56.734+0000] {dag.py:3096} INFO - Sync 1 DAGs
[2024-11-12T00:13:56.759+0000] {logging_mixin.py:188} INFO - [2024-11-12T00:13:56.759+0000] {dag.py:3954} INFO - Setting next_dagrun for example_branch_dop_operator_v3 to 2024-11-12 00:12:00+00:00, run_after=2024-11-12 00:13:00+00:00
[2024-11-12T00:13:56.777+0000] {processor.py:183} INFO - Processing /home/airflow/.local/lib/python3.12/site-packages/airflow/example_dags/example_branch_python_dop_operator_3.py took 0.080 seconds
[2024-11-12T00:14:26.918+0000] {processor.py:161} INFO - Started process (PID=1048) to work on /home/airflow/.local/lib/python3.12/site-packages/airflow/example_dags/example_branch_python_dop_operator_3.py
[2024-11-12T00:14:26.919+0000] {processor.py:830} INFO - Processing file /home/airflow/.local/lib/python3.12/site-packages/airflow/example_dags/example_branch_python_dop_operator_3.py for tasks to queue
[2024-11-12T00:14:26.921+0000] {logging_mixin.py:188} INFO - [2024-11-12T00:14:26.921+0000] {dagbag.py:545} INFO - Filling up the DagBag from /home/airflow/.local/lib/python3.12/site-packages/airflow/example_dags/example_branch_python_dop_operator_3.py
[2024-11-12T00:14:26.929+0000] {processor.py:840} INFO - DAG(s) 'example_branch_dop_operator_v3' retrieved from /home/airflow/.local/lib/python3.12/site-packages/airflow/example_dags/example_branch_python_dop_operator_3.py
[2024-11-12T00:14:26.949+0000] {logging_mixin.py:188} INFO - [2024-11-12T00:14:26.949+0000] {dag.py:3096} INFO - Sync 1 DAGs
[2024-11-12T00:14:26.974+0000] {logging_mixin.py:188} INFO - [2024-11-12T00:14:26.974+0000] {dag.py:3954} INFO - Setting next_dagrun for example_branch_dop_operator_v3 to 2024-11-12 00:13:00+00:00, run_after=2024-11-12 00:14:00+00:00
[2024-11-12T00:14:26.994+0000] {processor.py:183} INFO - Processing /home/airflow/.local/lib/python3.12/site-packages/airflow/example_dags/example_branch_python_dop_operator_3.py took 0.081 seconds
[2024-11-12T00:14:57.420+0000] {processor.py:161} INFO - Started process (PID=1107) to work on /home/airflow/.local/lib/python3.12/site-packages/airflow/example_dags/example_branch_python_dop_operator_3.py
[2024-11-12T00:14:57.421+0000] {processor.py:830} INFO - Processing file /home/airflow/.local/lib/python3.12/site-packages/airflow/example_dags/example_branch_python_dop_operator_3.py for tasks to queue
[2024-11-12T00:14:57.424+0000] {logging_mixin.py:188} INFO - [2024-11-12T00:14:57.424+0000] {dagbag.py:545} INFO - Filling up the DagBag from /home/airflow/.local/lib/python3.12/site-packages/airflow/example_dags/example_branch_python_dop_operator_3.py
[2024-11-12T00:14:57.434+0000] {processor.py:840} INFO - DAG(s) 'example_branch_dop_operator_v3' retrieved from /home/airflow/.local/lib/python3.12/site-packages/airflow/example_dags/example_branch_python_dop_operator_3.py
[2024-11-12T00:14:57.455+0000] {logging_mixin.py:188} INFO - [2024-11-12T00:14:57.454+0000] {dag.py:3096} INFO - Sync 1 DAGs
[2024-11-12T00:14:57.486+0000] {logging_mixin.py:188} INFO - [2024-11-12T00:14:57.485+0000] {dag.py:3954} INFO - Setting next_dagrun for example_branch_dop_operator_v3 to 2024-11-12 00:13:00+00:00, run_after=2024-11-12 00:14:00+00:00
[2024-11-12T00:14:57.508+0000] {processor.py:183} INFO - Processing /home/airflow/.local/lib/python3.12/site-packages/airflow/example_dags/example_branch_python_dop_operator_3.py took 0.094 seconds
[2024-11-12T00:15:27.751+0000] {processor.py:161} INFO - Started process (PID=1166) to work on /home/airflow/.local/lib/python3.12/site-packages/airflow/example_dags/example_branch_python_dop_operator_3.py
[2024-11-12T00:15:27.752+0000] {processor.py:830} INFO - Processing file /home/airflow/.local/lib/python3.12/site-packages/airflow/example_dags/example_branch_python_dop_operator_3.py for tasks to queue
[2024-11-12T00:15:27.754+0000] {logging_mixin.py:188} INFO - [2024-11-12T00:15:27.754+0000] {dagbag.py:545} INFO - Filling up the DagBag from /home/airflow/.local/lib/python3.12/site-packages/airflow/example_dags/example_branch_python_dop_operator_3.py
[2024-11-12T00:15:27.763+0000] {processor.py:840} INFO - DAG(s) 'example_branch_dop_operator_v3' retrieved from /home/airflow/.local/lib/python3.12/site-packages/airflow/example_dags/example_branch_python_dop_operator_3.py
[2024-11-12T00:15:27.783+0000] {logging_mixin.py:188} INFO - [2024-11-12T00:15:27.783+0000] {dag.py:3096} INFO - Sync 1 DAGs
[2024-11-12T00:15:27.807+0000] {logging_mixin.py:188} INFO - [2024-11-12T00:15:27.807+0000] {dag.py:3954} INFO - Setting next_dagrun for example_branch_dop_operator_v3 to 2024-11-12 00:14:00+00:00, run_after=2024-11-12 00:15:00+00:00
[2024-11-12T00:15:27.826+0000] {processor.py:183} INFO - Processing /home/airflow/.local/lib/python3.12/site-packages/airflow/example_dags/example_branch_python_dop_operator_3.py took 0.080 seconds
[2024-11-12T00:15:58.003+0000] {processor.py:161} INFO - Started process (PID=1225) to work on /home/airflow/.local/lib/python3.12/site-packages/airflow/example_dags/example_branch_python_dop_operator_3.py
[2024-11-12T00:15:58.005+0000] {processor.py:830} INFO - Processing file /home/airflow/.local/lib/python3.12/site-packages/airflow/example_dags/example_branch_python_dop_operator_3.py for tasks to queue
[2024-11-12T00:15:58.007+0000] {logging_mixin.py:188} INFO - [2024-11-12T00:15:58.007+0000] {dagbag.py:545} INFO - Filling up the DagBag from /home/airflow/.local/lib/python3.12/site-packages/airflow/example_dags/example_branch_python_dop_operator_3.py
[2024-11-12T00:15:58.016+0000] {processor.py:840} INFO - DAG(s) 'example_branch_dop_operator_v3' retrieved from /home/airflow/.local/lib/python3.12/site-packages/airflow/example_dags/example_branch_python_dop_operator_3.py
[2024-11-12T00:15:58.036+0000] {logging_mixin.py:188} INFO - [2024-11-12T00:15:58.036+0000] {dag.py:3096} INFO - Sync 1 DAGs
[2024-11-12T00:15:58.063+0000] {logging_mixin.py:188} INFO - [2024-11-12T00:15:58.063+0000] {dag.py:3954} INFO - Setting next_dagrun for example_branch_dop_operator_v3 to 2024-11-12 00:14:00+00:00, run_after=2024-11-12 00:15:00+00:00
[2024-11-12T00:15:58.080+0000] {processor.py:183} INFO - Processing /home/airflow/.local/lib/python3.12/site-packages/airflow/example_dags/example_branch_python_dop_operator_3.py took 0.083 seconds
[2024-11-12T00:16:28.220+0000] {processor.py:161} INFO - Started process (PID=1284) to work on /home/airflow/.local/lib/python3.12/site-packages/airflow/example_dags/example_branch_python_dop_operator_3.py
[2024-11-12T00:16:28.221+0000] {processor.py:830} INFO - Processing file /home/airflow/.local/lib/python3.12/site-packages/airflow/example_dags/example_branch_python_dop_operator_3.py for tasks to queue
[2024-11-12T00:16:28.223+0000] {logging_mixin.py:188} INFO - [2024-11-12T00:16:28.223+0000] {dagbag.py:545} INFO - Filling up the DagBag from /home/airflow/.local/lib/python3.12/site-packages/airflow/example_dags/example_branch_python_dop_operator_3.py
[2024-11-12T00:16:28.232+0000] {processor.py:840} INFO - DAG(s) 'example_branch_dop_operator_v3' retrieved from /home/airflow/.local/lib/python3.12/site-packages/airflow/example_dags/example_branch_python_dop_operator_3.py
[2024-11-12T00:16:28.252+0000] {logging_mixin.py:188} INFO - [2024-11-12T00:16:28.252+0000] {dag.py:3096} INFO - Sync 1 DAGs
[2024-11-12T00:16:28.276+0000] {logging_mixin.py:188} INFO - [2024-11-12T00:16:28.276+0000] {dag.py:3954} INFO - Setting next_dagrun for example_branch_dop_operator_v3 to 2024-11-12 00:15:00+00:00, run_after=2024-11-12 00:16:00+00:00
[2024-11-12T00:16:28.294+0000] {processor.py:183} INFO - Processing /home/airflow/.local/lib/python3.12/site-packages/airflow/example_dags/example_branch_python_dop_operator_3.py took 0.079 seconds
[2024-11-12T00:16:58.602+0000] {processor.py:161} INFO - Started process (PID=1343) to work on /home/airflow/.local/lib/python3.12/site-packages/airflow/example_dags/example_branch_python_dop_operator_3.py
[2024-11-12T00:16:58.603+0000] {processor.py:830} INFO - Processing file /home/airflow/.local/lib/python3.12/site-packages/airflow/example_dags/example_branch_python_dop_operator_3.py for tasks to queue
[2024-11-12T00:16:58.605+0000] {logging_mixin.py:188} INFO - [2024-11-12T00:16:58.605+0000] {dagbag.py:545} INFO - Filling up the DagBag from /home/airflow/.local/lib/python3.12/site-packages/airflow/example_dags/example_branch_python_dop_operator_3.py
[2024-11-12T00:16:58.614+0000] {processor.py:840} INFO - DAG(s) 'example_branch_dop_operator_v3' retrieved from /home/airflow/.local/lib/python3.12/site-packages/airflow/example_dags/example_branch_python_dop_operator_3.py
[2024-11-12T00:16:58.717+0000] {logging_mixin.py:188} INFO - [2024-11-12T00:16:58.716+0000] {dag.py:3096} INFO - Sync 1 DAGs
[2024-11-12T00:16:58.738+0000] {logging_mixin.py:188} INFO - [2024-11-12T00:16:58.738+0000] {dag.py:3954} INFO - Setting next_dagrun for example_branch_dop_operator_v3 to 2024-11-12 00:15:00+00:00, run_after=2024-11-12 00:16:00+00:00
[2024-11-12T00:16:58.761+0000] {processor.py:183} INFO - Processing /home/airflow/.local/lib/python3.12/site-packages/airflow/example_dags/example_branch_python_dop_operator_3.py took 0.165 seconds
[2024-11-12T00:17:29.166+0000] {processor.py:161} INFO - Started process (PID=1402) to work on /home/airflow/.local/lib/python3.12/site-packages/airflow/example_dags/example_branch_python_dop_operator_3.py
[2024-11-12T00:17:29.167+0000] {processor.py:830} INFO - Processing file /home/airflow/.local/lib/python3.12/site-packages/airflow/example_dags/example_branch_python_dop_operator_3.py for tasks to queue
[2024-11-12T00:17:29.173+0000] {logging_mixin.py:188} INFO - [2024-11-12T00:17:29.173+0000] {dagbag.py:545} INFO - Filling up the DagBag from /home/airflow/.local/lib/python3.12/site-packages/airflow/example_dags/example_branch_python_dop_operator_3.py
[2024-11-12T00:17:29.192+0000] {processor.py:840} INFO - DAG(s) 'example_branch_dop_operator_v3' retrieved from /home/airflow/.local/lib/python3.12/site-packages/airflow/example_dags/example_branch_python_dop_operator_3.py
[2024-11-12T00:17:29.218+0000] {logging_mixin.py:188} INFO - [2024-11-12T00:17:29.218+0000] {dag.py:3096} INFO - Sync 1 DAGs
[2024-11-12T00:17:29.273+0000] {logging_mixin.py:188} INFO - [2024-11-12T00:17:29.273+0000] {dag.py:3954} INFO - Setting next_dagrun for example_branch_dop_operator_v3 to 2024-11-12 00:16:00+00:00, run_after=2024-11-12 00:17:00+00:00
[2024-11-12T00:17:29.317+0000] {processor.py:183} INFO - Processing /home/airflow/.local/lib/python3.12/site-packages/airflow/example_dags/example_branch_python_dop_operator_3.py took 0.158 seconds
[2024-11-12T00:17:59.491+0000] {processor.py:161} INFO - Started process (PID=1461) to work on /home/airflow/.local/lib/python3.12/site-packages/airflow/example_dags/example_branch_python_dop_operator_3.py
[2024-11-12T00:17:59.492+0000] {processor.py:830} INFO - Processing file /home/airflow/.local/lib/python3.12/site-packages/airflow/example_dags/example_branch_python_dop_operator_3.py for tasks to queue
[2024-11-12T00:17:59.495+0000] {logging_mixin.py:188} INFO - [2024-11-12T00:17:59.494+0000] {dagbag.py:545} INFO - Filling up the DagBag from /home/airflow/.local/lib/python3.12/site-packages/airflow/example_dags/example_branch_python_dop_operator_3.py
[2024-11-12T00:17:59.504+0000] {processor.py:840} INFO - DAG(s) 'example_branch_dop_operator_v3' retrieved from /home/airflow/.local/lib/python3.12/site-packages/airflow/example_dags/example_branch_python_dop_operator_3.py
[2024-11-12T00:17:59.525+0000] {logging_mixin.py:188} INFO - [2024-11-12T00:17:59.524+0000] {dag.py:3096} INFO - Sync 1 DAGs
[2024-11-12T00:17:59.550+0000] {logging_mixin.py:188} INFO - [2024-11-12T00:17:59.549+0000] {dag.py:3954} INFO - Setting next_dagrun for example_branch_dop_operator_v3 to 2024-11-12 00:16:00+00:00, run_after=2024-11-12 00:17:00+00:00
[2024-11-12T00:17:59.568+0000] {processor.py:183} INFO - Processing /home/airflow/.local/lib/python3.12/site-packages/airflow/example_dags/example_branch_python_dop_operator_3.py took 0.083 seconds
[2024-11-12T00:18:30.238+0000] {processor.py:161} INFO - Started process (PID=1521) to work on /home/airflow/.local/lib/python3.12/site-packages/airflow/example_dags/example_branch_python_dop_operator_3.py
[2024-11-12T00:18:30.239+0000] {processor.py:830} INFO - Processing file /home/airflow/.local/lib/python3.12/site-packages/airflow/example_dags/example_branch_python_dop_operator_3.py for tasks to queue
[2024-11-12T00:18:30.242+0000] {logging_mixin.py:188} INFO - [2024-11-12T00:18:30.241+0000] {dagbag.py:545} INFO - Filling up the DagBag from /home/airflow/.local/lib/python3.12/site-packages/airflow/example_dags/example_branch_python_dop_operator_3.py
[2024-11-12T00:18:30.251+0000] {processor.py:840} INFO - DAG(s) 'example_branch_dop_operator_v3' retrieved from /home/airflow/.local/lib/python3.12/site-packages/airflow/example_dags/example_branch_python_dop_operator_3.py
[2024-11-12T00:18:30.271+0000] {logging_mixin.py:188} INFO - [2024-11-12T00:18:30.270+0000] {dag.py:3096} INFO - Sync 1 DAGs
[2024-11-12T00:18:30.295+0000] {logging_mixin.py:188} INFO - [2024-11-12T00:18:30.295+0000] {dag.py:3954} INFO - Setting next_dagrun for example_branch_dop_operator_v3 to 2024-11-12 00:17:00+00:00, run_after=2024-11-12 00:18:00+00:00
[2024-11-12T00:18:30.313+0000] {processor.py:183} INFO - Processing /home/airflow/.local/lib/python3.12/site-packages/airflow/example_dags/example_branch_python_dop_operator_3.py took 0.080 seconds
[2024-11-12T00:19:00.776+0000] {processor.py:161} INFO - Started process (PID=1580) to work on /home/airflow/.local/lib/python3.12/site-packages/airflow/example_dags/example_branch_python_dop_operator_3.py
[2024-11-12T00:19:00.777+0000] {processor.py:830} INFO - Processing file /home/airflow/.local/lib/python3.12/site-packages/airflow/example_dags/example_branch_python_dop_operator_3.py for tasks to queue
[2024-11-12T00:19:00.780+0000] {logging_mixin.py:188} INFO - [2024-11-12T00:19:00.779+0000] {dagbag.py:545} INFO - Filling up the DagBag from /home/airflow/.local/lib/python3.12/site-packages/airflow/example_dags/example_branch_python_dop_operator_3.py
[2024-11-12T00:19:00.788+0000] {processor.py:840} INFO - DAG(s) 'example_branch_dop_operator_v3' retrieved from /home/airflow/.local/lib/python3.12/site-packages/airflow/example_dags/example_branch_python_dop_operator_3.py
[2024-11-12T00:19:00.809+0000] {logging_mixin.py:188} INFO - [2024-11-12T00:19:00.809+0000] {dag.py:3096} INFO - Sync 1 DAGs
[2024-11-12T00:19:00.836+0000] {logging_mixin.py:188} INFO - [2024-11-12T00:19:00.836+0000] {dag.py:3954} INFO - Setting next_dagrun for example_branch_dop_operator_v3 to 2024-11-12 00:18:00+00:00, run_after=2024-11-12 00:19:00+00:00
[2024-11-12T00:19:00.856+0000] {processor.py:183} INFO - Processing /home/airflow/.local/lib/python3.12/site-packages/airflow/example_dags/example_branch_python_dop_operator_3.py took 0.086 seconds
[2024-11-12T00:19:31.786+0000] {processor.py:161} INFO - Started process (PID=1639) to work on /home/airflow/.local/lib/python3.12/site-packages/airflow/example_dags/example_branch_python_dop_operator_3.py
[2024-11-12T00:19:31.787+0000] {processor.py:830} INFO - Processing file /home/airflow/.local/lib/python3.12/site-packages/airflow/example_dags/example_branch_python_dop_operator_3.py for tasks to queue
[2024-11-12T00:19:31.791+0000] {logging_mixin.py:188} INFO - [2024-11-12T00:19:31.791+0000] {dagbag.py:545} INFO - Filling up the DagBag from /home/airflow/.local/lib/python3.12/site-packages/airflow/example_dags/example_branch_python_dop_operator_3.py
[2024-11-12T00:19:31.810+0000] {processor.py:840} INFO - DAG(s) 'example_branch_dop_operator_v3' retrieved from /home/airflow/.local/lib/python3.12/site-packages/airflow/example_dags/example_branch_python_dop_operator_3.py
[2024-11-12T00:19:31.844+0000] {logging_mixin.py:188} INFO - [2024-11-12T00:19:31.843+0000] {dag.py:3096} INFO - Sync 1 DAGs
[2024-11-12T00:19:31.887+0000] {logging_mixin.py:188} INFO - [2024-11-12T00:19:31.887+0000] {dag.py:3954} INFO - Setting next_dagrun for example_branch_dop_operator_v3 to 2024-11-12 00:18:00+00:00, run_after=2024-11-12 00:19:00+00:00
[2024-11-12T00:19:31.919+0000] {processor.py:183} INFO - Processing /home/airflow/.local/lib/python3.12/site-packages/airflow/example_dags/example_branch_python_dop_operator_3.py took 0.146 seconds
[2024-11-12T00:20:02.724+0000] {processor.py:161} INFO - Started process (PID=1698) to work on /home/airflow/.local/lib/python3.12/site-packages/airflow/example_dags/example_branch_python_dop_operator_3.py
[2024-11-12T00:20:02.725+0000] {processor.py:830} INFO - Processing file /home/airflow/.local/lib/python3.12/site-packages/airflow/example_dags/example_branch_python_dop_operator_3.py for tasks to queue
[2024-11-12T00:20:02.727+0000] {logging_mixin.py:188} INFO - [2024-11-12T00:20:02.727+0000] {dagbag.py:545} INFO - Filling up the DagBag from /home/airflow/.local/lib/python3.12/site-packages/airflow/example_dags/example_branch_python_dop_operator_3.py
[2024-11-12T00:20:02.736+0000] {processor.py:840} INFO - DAG(s) 'example_branch_dop_operator_v3' retrieved from /home/airflow/.local/lib/python3.12/site-packages/airflow/example_dags/example_branch_python_dop_operator_3.py
[2024-11-12T00:20:02.756+0000] {logging_mixin.py:188} INFO - [2024-11-12T00:20:02.756+0000] {dag.py:3096} INFO - Sync 1 DAGs
[2024-11-12T00:20:02.780+0000] {logging_mixin.py:188} INFO - [2024-11-12T00:20:02.780+0000] {dag.py:3954} INFO - Setting next_dagrun for example_branch_dop_operator_v3 to 2024-11-12 00:19:00+00:00, run_after=2024-11-12 00:20:00+00:00
[2024-11-12T00:20:02.798+0000] {processor.py:183} INFO - Processing /home/airflow/.local/lib/python3.12/site-packages/airflow/example_dags/example_branch_python_dop_operator_3.py took 0.080 seconds
[2024-11-12T00:20:33.009+0000] {processor.py:161} INFO - Started process (PID=1757) to work on /home/airflow/.local/lib/python3.12/site-packages/airflow/example_dags/example_branch_python_dop_operator_3.py
[2024-11-12T00:20:33.010+0000] {processor.py:830} INFO - Processing file /home/airflow/.local/lib/python3.12/site-packages/airflow/example_dags/example_branch_python_dop_operator_3.py for tasks to queue
[2024-11-12T00:20:33.012+0000] {logging_mixin.py:188} INFO - [2024-11-12T00:20:33.012+0000] {dagbag.py:545} INFO - Filling up the DagBag from /home/airflow/.local/lib/python3.12/site-packages/airflow/example_dags/example_branch_python_dop_operator_3.py
[2024-11-12T00:20:33.021+0000] {processor.py:840} INFO - DAG(s) 'example_branch_dop_operator_v3' retrieved from /home/airflow/.local/lib/python3.12/site-packages/airflow/example_dags/example_branch_python_dop_operator_3.py
[2024-11-12T00:20:33.041+0000] {logging_mixin.py:188} INFO - [2024-11-12T00:20:33.040+0000] {dag.py:3096} INFO - Sync 1 DAGs
[2024-11-12T00:20:33.064+0000] {logging_mixin.py:188} INFO - [2024-11-12T00:20:33.064+0000] {dag.py:3954} INFO - Setting next_dagrun for example_branch_dop_operator_v3 to 2024-11-12 00:19:00+00:00, run_after=2024-11-12 00:20:00+00:00
[2024-11-12T00:20:33.082+0000] {processor.py:183} INFO - Processing /home/airflow/.local/lib/python3.12/site-packages/airflow/example_dags/example_branch_python_dop_operator_3.py took 0.079 seconds
[2024-11-12T00:21:03.405+0000] {processor.py:161} INFO - Started process (PID=1816) to work on /home/airflow/.local/lib/python3.12/site-packages/airflow/example_dags/example_branch_python_dop_operator_3.py
[2024-11-12T00:21:03.406+0000] {processor.py:830} INFO - Processing file /home/airflow/.local/lib/python3.12/site-packages/airflow/example_dags/example_branch_python_dop_operator_3.py for tasks to queue
[2024-11-12T00:21:03.408+0000] {logging_mixin.py:188} INFO - [2024-11-12T00:21:03.408+0000] {dagbag.py:545} INFO - Filling up the DagBag from /home/airflow/.local/lib/python3.12/site-packages/airflow/example_dags/example_branch_python_dop_operator_3.py
[2024-11-12T00:21:03.417+0000] {processor.py:840} INFO - DAG(s) 'example_branch_dop_operator_v3' retrieved from /home/airflow/.local/lib/python3.12/site-packages/airflow/example_dags/example_branch_python_dop_operator_3.py
[2024-11-12T00:21:03.437+0000] {logging_mixin.py:188} INFO - [2024-11-12T00:21:03.437+0000] {dag.py:3096} INFO - Sync 1 DAGs
[2024-11-12T00:21:03.462+0000] {logging_mixin.py:188} INFO - [2024-11-12T00:21:03.462+0000] {dag.py:3954} INFO - Setting next_dagrun for example_branch_dop_operator_v3 to 2024-11-12 00:20:00+00:00, run_after=2024-11-12 00:21:00+00:00
[2024-11-12T00:21:03.480+0000] {processor.py:183} INFO - Processing /home/airflow/.local/lib/python3.12/site-packages/airflow/example_dags/example_branch_python_dop_operator_3.py took 0.081 seconds
[2024-11-12T00:21:33.952+0000] {processor.py:161} INFO - Started process (PID=1877) to work on /home/airflow/.local/lib/python3.12/site-packages/airflow/example_dags/example_branch_python_dop_operator_3.py
[2024-11-12T00:21:33.953+0000] {processor.py:830} INFO - Processing file /home/airflow/.local/lib/python3.12/site-packages/airflow/example_dags/example_branch_python_dop_operator_3.py for tasks to queue
[2024-11-12T00:21:33.955+0000] {logging_mixin.py:188} INFO - [2024-11-12T00:21:33.955+0000] {dagbag.py:545} INFO - Filling up the DagBag from /home/airflow/.local/lib/python3.12/site-packages/airflow/example_dags/example_branch_python_dop_operator_3.py
[2024-11-12T00:21:33.965+0000] {processor.py:840} INFO - DAG(s) 'example_branch_dop_operator_v3' retrieved from /home/airflow/.local/lib/python3.12/site-packages/airflow/example_dags/example_branch_python_dop_operator_3.py
[2024-11-12T00:21:33.989+0000] {logging_mixin.py:188} INFO - [2024-11-12T00:21:33.988+0000] {dag.py:3096} INFO - Sync 1 DAGs
[2024-11-12T00:21:34.015+0000] {logging_mixin.py:188} INFO - [2024-11-12T00:21:34.015+0000] {dag.py:3954} INFO - Setting next_dagrun for example_branch_dop_operator_v3 to 2024-11-12 00:20:00+00:00, run_after=2024-11-12 00:21:00+00:00
[2024-11-12T00:21:34.034+0000] {processor.py:183} INFO - Processing /home/airflow/.local/lib/python3.12/site-packages/airflow/example_dags/example_branch_python_dop_operator_3.py took 0.091 seconds
[2024-11-12T00:22:04.859+0000] {processor.py:161} INFO - Started process (PID=1936) to work on /home/airflow/.local/lib/python3.12/site-packages/airflow/example_dags/example_branch_python_dop_operator_3.py
[2024-11-12T00:22:04.860+0000] {processor.py:830} INFO - Processing file /home/airflow/.local/lib/python3.12/site-packages/airflow/example_dags/example_branch_python_dop_operator_3.py for tasks to queue
[2024-11-12T00:22:04.863+0000] {logging_mixin.py:188} INFO - [2024-11-12T00:22:04.862+0000] {dagbag.py:545} INFO - Filling up the DagBag from /home/airflow/.local/lib/python3.12/site-packages/airflow/example_dags/example_branch_python_dop_operator_3.py
[2024-11-12T00:22:04.871+0000] {processor.py:840} INFO - DAG(s) 'example_branch_dop_operator_v3' retrieved from /home/airflow/.local/lib/python3.12/site-packages/airflow/example_dags/example_branch_python_dop_operator_3.py
[2024-11-12T00:22:04.976+0000] {logging_mixin.py:188} INFO - [2024-11-12T00:22:04.976+0000] {dag.py:3096} INFO - Sync 1 DAGs
[2024-11-12T00:22:04.999+0000] {logging_mixin.py:188} INFO - [2024-11-12T00:22:04.999+0000] {dag.py:3954} INFO - Setting next_dagrun for example_branch_dop_operator_v3 to 2024-11-12 00:21:00+00:00, run_after=2024-11-12 00:22:00+00:00
[2024-11-12T00:22:05.018+0000] {processor.py:183} INFO - Processing /home/airflow/.local/lib/python3.12/site-packages/airflow/example_dags/example_branch_python_dop_operator_3.py took 0.165 seconds
[2024-11-12T00:22:35.133+0000] {processor.py:161} INFO - Started process (PID=1995) to work on /home/airflow/.local/lib/python3.12/site-packages/airflow/example_dags/example_branch_python_dop_operator_3.py
[2024-11-12T00:22:35.135+0000] {processor.py:830} INFO - Processing file /home/airflow/.local/lib/python3.12/site-packages/airflow/example_dags/example_branch_python_dop_operator_3.py for tasks to queue
[2024-11-12T00:22:35.137+0000] {logging_mixin.py:188} INFO - [2024-11-12T00:22:35.136+0000] {dagbag.py:545} INFO - Filling up the DagBag from /home/airflow/.local/lib/python3.12/site-packages/airflow/example_dags/example_branch_python_dop_operator_3.py
[2024-11-12T00:22:35.145+0000] {processor.py:840} INFO - DAG(s) 'example_branch_dop_operator_v3' retrieved from /home/airflow/.local/lib/python3.12/site-packages/airflow/example_dags/example_branch_python_dop_operator_3.py
[2024-11-12T00:22:35.167+0000] {logging_mixin.py:188} INFO - [2024-11-12T00:22:35.166+0000] {dag.py:3096} INFO - Sync 1 DAGs
[2024-11-12T00:22:35.193+0000] {logging_mixin.py:188} INFO - [2024-11-12T00:22:35.193+0000] {dag.py:3954} INFO - Setting next_dagrun for example_branch_dop_operator_v3 to 2024-11-12 00:21:00+00:00, run_after=2024-11-12 00:22:00+00:00
[2024-11-12T00:22:35.211+0000] {processor.py:183} INFO - Processing /home/airflow/.local/lib/python3.12/site-packages/airflow/example_dags/example_branch_python_dop_operator_3.py took 0.085 seconds
[2024-11-12T00:23:05.301+0000] {processor.py:161} INFO - Started process (PID=2054) to work on /home/airflow/.local/lib/python3.12/site-packages/airflow/example_dags/example_branch_python_dop_operator_3.py
[2024-11-12T00:23:05.303+0000] {processor.py:830} INFO - Processing file /home/airflow/.local/lib/python3.12/site-packages/airflow/example_dags/example_branch_python_dop_operator_3.py for tasks to queue
[2024-11-12T00:23:05.305+0000] {logging_mixin.py:188} INFO - [2024-11-12T00:23:05.304+0000] {dagbag.py:545} INFO - Filling up the DagBag from /home/airflow/.local/lib/python3.12/site-packages/airflow/example_dags/example_branch_python_dop_operator_3.py
[2024-11-12T00:23:05.313+0000] {processor.py:840} INFO - DAG(s) 'example_branch_dop_operator_v3' retrieved from /home/airflow/.local/lib/python3.12/site-packages/airflow/example_dags/example_branch_python_dop_operator_3.py
[2024-11-12T00:23:05.334+0000] {logging_mixin.py:188} INFO - [2024-11-12T00:23:05.333+0000] {dag.py:3096} INFO - Sync 1 DAGs
[2024-11-12T00:23:05.358+0000] {logging_mixin.py:188} INFO - [2024-11-12T00:23:05.358+0000] {dag.py:3954} INFO - Setting next_dagrun for example_branch_dop_operator_v3 to 2024-11-12 00:22:00+00:00, run_after=2024-11-12 00:23:00+00:00
[2024-11-12T00:23:05.376+0000] {processor.py:183} INFO - Processing /home/airflow/.local/lib/python3.12/site-packages/airflow/example_dags/example_branch_python_dop_operator_3.py took 0.081 seconds
[2024-11-12T00:23:35.670+0000] {processor.py:161} INFO - Started process (PID=2115) to work on /home/airflow/.local/lib/python3.12/site-packages/airflow/example_dags/example_branch_python_dop_operator_3.py
[2024-11-12T00:23:35.671+0000] {processor.py:830} INFO - Processing file /home/airflow/.local/lib/python3.12/site-packages/airflow/example_dags/example_branch_python_dop_operator_3.py for tasks to queue
[2024-11-12T00:23:35.673+0000] {logging_mixin.py:188} INFO - [2024-11-12T00:23:35.673+0000] {dagbag.py:545} INFO - Filling up the DagBag from /home/airflow/.local/lib/python3.12/site-packages/airflow/example_dags/example_branch_python_dop_operator_3.py
[2024-11-12T00:23:35.683+0000] {processor.py:840} INFO - DAG(s) 'example_branch_dop_operator_v3' retrieved from /home/airflow/.local/lib/python3.12/site-packages/airflow/example_dags/example_branch_python_dop_operator_3.py
[2024-11-12T00:23:35.704+0000] {logging_mixin.py:188} INFO - [2024-11-12T00:23:35.704+0000] {dag.py:3096} INFO - Sync 1 DAGs
[2024-11-12T00:23:35.731+0000] {logging_mixin.py:188} INFO - [2024-11-12T00:23:35.731+0000] {dag.py:3954} INFO - Setting next_dagrun for example_branch_dop_operator_v3 to 2024-11-12 00:22:00+00:00, run_after=2024-11-12 00:23:00+00:00
[2024-11-12T00:23:35.751+0000] {processor.py:183} INFO - Processing /home/airflow/.local/lib/python3.12/site-packages/airflow/example_dags/example_branch_python_dop_operator_3.py took 0.086 seconds
[2024-11-12T00:24:06.441+0000] {processor.py:161} INFO - Started process (PID=2174) to work on /home/airflow/.local/lib/python3.12/site-packages/airflow/example_dags/example_branch_python_dop_operator_3.py
[2024-11-12T00:24:06.443+0000] {processor.py:830} INFO - Processing file /home/airflow/.local/lib/python3.12/site-packages/airflow/example_dags/example_branch_python_dop_operator_3.py for tasks to queue
[2024-11-12T00:24:06.445+0000] {logging_mixin.py:188} INFO - [2024-11-12T00:24:06.444+0000] {dagbag.py:545} INFO - Filling up the DagBag from /home/airflow/.local/lib/python3.12/site-packages/airflow/example_dags/example_branch_python_dop_operator_3.py
[2024-11-12T00:24:06.453+0000] {processor.py:840} INFO - DAG(s) 'example_branch_dop_operator_v3' retrieved from /home/airflow/.local/lib/python3.12/site-packages/airflow/example_dags/example_branch_python_dop_operator_3.py
[2024-11-12T00:24:06.474+0000] {logging_mixin.py:188} INFO - [2024-11-12T00:24:06.474+0000] {dag.py:3096} INFO - Sync 1 DAGs
[2024-11-12T00:24:06.502+0000] {logging_mixin.py:188} INFO - [2024-11-12T00:24:06.502+0000] {dag.py:3954} INFO - Setting next_dagrun for example_branch_dop_operator_v3 to 2024-11-12 00:23:00+00:00, run_after=2024-11-12 00:24:00+00:00
[2024-11-12T00:24:06.526+0000] {processor.py:183} INFO - Processing /home/airflow/.local/lib/python3.12/site-packages/airflow/example_dags/example_branch_python_dop_operator_3.py took 0.090 seconds
[2024-11-12T00:24:37.061+0000] {processor.py:161} INFO - Started process (PID=2233) to work on /home/airflow/.local/lib/python3.12/site-packages/airflow/example_dags/example_branch_python_dop_operator_3.py
[2024-11-12T00:24:37.063+0000] {processor.py:830} INFO - Processing file /home/airflow/.local/lib/python3.12/site-packages/airflow/example_dags/example_branch_python_dop_operator_3.py for tasks to queue
[2024-11-12T00:24:37.065+0000] {logging_mixin.py:188} INFO - [2024-11-12T00:24:37.064+0000] {dagbag.py:545} INFO - Filling up the DagBag from /home/airflow/.local/lib/python3.12/site-packages/airflow/example_dags/example_branch_python_dop_operator_3.py
[2024-11-12T00:24:37.073+0000] {processor.py:840} INFO - DAG(s) 'example_branch_dop_operator_v3' retrieved from /home/airflow/.local/lib/python3.12/site-packages/airflow/example_dags/example_branch_python_dop_operator_3.py
[2024-11-12T00:24:37.093+0000] {logging_mixin.py:188} INFO - [2024-11-12T00:24:37.093+0000] {dag.py:3096} INFO - Sync 1 DAGs
[2024-11-12T00:24:37.118+0000] {logging_mixin.py:188} INFO - [2024-11-12T00:24:37.117+0000] {dag.py:3954} INFO - Setting next_dagrun for example_branch_dop_operator_v3 to 2024-11-12 00:23:00+00:00, run_after=2024-11-12 00:24:00+00:00
[2024-11-12T00:24:37.136+0000] {processor.py:183} INFO - Processing /home/airflow/.local/lib/python3.12/site-packages/airflow/example_dags/example_branch_python_dop_operator_3.py took 0.080 seconds
[2024-11-12T00:25:07.613+0000] {processor.py:161} INFO - Started process (PID=2292) to work on /home/airflow/.local/lib/python3.12/site-packages/airflow/example_dags/example_branch_python_dop_operator_3.py
[2024-11-12T00:25:07.614+0000] {processor.py:830} INFO - Processing file /home/airflow/.local/lib/python3.12/site-packages/airflow/example_dags/example_branch_python_dop_operator_3.py for tasks to queue
[2024-11-12T00:25:07.616+0000] {logging_mixin.py:188} INFO - [2024-11-12T00:25:07.616+0000] {dagbag.py:545} INFO - Filling up the DagBag from /home/airflow/.local/lib/python3.12/site-packages/airflow/example_dags/example_branch_python_dop_operator_3.py
[2024-11-12T00:25:07.625+0000] {processor.py:840} INFO - DAG(s) 'example_branch_dop_operator_v3' retrieved from /home/airflow/.local/lib/python3.12/site-packages/airflow/example_dags/example_branch_python_dop_operator_3.py
[2024-11-12T00:25:07.647+0000] {logging_mixin.py:188} INFO - [2024-11-12T00:25:07.647+0000] {dag.py:3096} INFO - Sync 1 DAGs
[2024-11-12T00:25:07.680+0000] {logging_mixin.py:188} INFO - [2024-11-12T00:25:07.680+0000] {dag.py:3954} INFO - Setting next_dagrun for example_branch_dop_operator_v3 to 2024-11-12 00:24:00+00:00, run_after=2024-11-12 00:25:00+00:00
[2024-11-12T00:25:07.699+0000] {processor.py:183} INFO - Processing /home/airflow/.local/lib/python3.12/site-packages/airflow/example_dags/example_branch_python_dop_operator_3.py took 0.093 seconds
