[2024-11-12T00:06:41.948+0000] {processor.py:161} INFO - Started process (PID=123) to work on /home/airflow/.local/lib/python3.12/site-packages/airflow/example_dags/example_branch_operator.py
[2024-11-12T00:06:41.949+0000] {processor.py:830} INFO - Processing file /home/airflow/.local/lib/python3.12/site-packages/airflow/example_dags/example_branch_operator.py for tasks to queue
[2024-11-12T00:06:41.951+0000] {logging_mixin.py:188} INFO - [2024-11-12T00:06:41.951+0000] {dagbag.py:545} INFO - Filling up the DagBag from /home/airflow/.local/lib/python3.12/site-packages/airflow/example_dags/example_branch_operator.py
[2024-11-12T00:06:41.970+0000] {processor.py:840} INFO - DAG(s) 'example_branch_operator' retrieved from /home/airflow/.local/lib/python3.12/site-packages/airflow/example_dags/example_branch_operator.py
[2024-11-12T00:06:42.093+0000] {logging_mixin.py:188} INFO - [2024-11-12T00:06:42.093+0000] {dag.py:3096} INFO - Sync 1 DAGs
[2024-11-12T00:06:42.113+0000] {logging_mixin.py:188} INFO - [2024-11-12T00:06:42.113+0000] {dag.py:3954} INFO - Setting next_dagrun for example_branch_operator to 2024-11-11 00:00:00+00:00, run_after=2024-11-12 00:00:00+00:00
[2024-11-12T00:06:42.132+0000] {processor.py:183} INFO - Processing /home/airflow/.local/lib/python3.12/site-packages/airflow/example_dags/example_branch_operator.py took 0.190 seconds
[2024-11-12T00:07:13.816+0000] {processor.py:161} INFO - Started process (PID=182) to work on /home/airflow/.local/lib/python3.12/site-packages/airflow/example_dags/example_branch_operator.py
[2024-11-12T00:07:13.817+0000] {processor.py:830} INFO - Processing file /home/airflow/.local/lib/python3.12/site-packages/airflow/example_dags/example_branch_operator.py for tasks to queue
[2024-11-12T00:07:13.820+0000] {logging_mixin.py:188} INFO - [2024-11-12T00:07:13.820+0000] {dagbag.py:545} INFO - Filling up the DagBag from /home/airflow/.local/lib/python3.12/site-packages/airflow/example_dags/example_branch_operator.py
[2024-11-12T00:07:13.836+0000] {processor.py:840} INFO - DAG(s) 'example_branch_operator' retrieved from /home/airflow/.local/lib/python3.12/site-packages/airflow/example_dags/example_branch_operator.py
[2024-11-12T00:07:13.870+0000] {logging_mixin.py:188} INFO - [2024-11-12T00:07:13.869+0000] {dag.py:3096} INFO - Sync 1 DAGs
[2024-11-12T00:07:13.894+0000] {logging_mixin.py:188} INFO - [2024-11-12T00:07:13.894+0000] {dag.py:3954} INFO - Setting next_dagrun for example_branch_operator to 2024-11-11 00:00:00+00:00, run_after=2024-11-12 00:00:00+00:00
[2024-11-12T00:07:15.208+0000] {processor.py:183} INFO - Processing /home/airflow/.local/lib/python3.12/site-packages/airflow/example_dags/example_branch_operator.py took 1.400 seconds
[2024-11-12T00:07:45.959+0000] {processor.py:161} INFO - Started process (PID=242) to work on /home/airflow/.local/lib/python3.12/site-packages/airflow/example_dags/example_branch_operator.py
[2024-11-12T00:07:45.960+0000] {processor.py:830} INFO - Processing file /home/airflow/.local/lib/python3.12/site-packages/airflow/example_dags/example_branch_operator.py for tasks to queue
[2024-11-12T00:07:45.962+0000] {logging_mixin.py:188} INFO - [2024-11-12T00:07:45.962+0000] {dagbag.py:545} INFO - Filling up the DagBag from /home/airflow/.local/lib/python3.12/site-packages/airflow/example_dags/example_branch_operator.py
[2024-11-12T00:07:45.978+0000] {processor.py:840} INFO - DAG(s) 'example_branch_operator' retrieved from /home/airflow/.local/lib/python3.12/site-packages/airflow/example_dags/example_branch_operator.py
[2024-11-12T00:07:46.008+0000] {logging_mixin.py:188} INFO - [2024-11-12T00:07:46.007+0000] {dag.py:3096} INFO - Sync 1 DAGs
[2024-11-12T00:07:46.029+0000] {logging_mixin.py:188} INFO - [2024-11-12T00:07:46.029+0000] {dag.py:3954} INFO - Setting next_dagrun for example_branch_operator to 2024-11-11 00:00:00+00:00, run_after=2024-11-12 00:00:00+00:00
[2024-11-12T00:07:46.048+0000] {processor.py:183} INFO - Processing /home/airflow/.local/lib/python3.12/site-packages/airflow/example_dags/example_branch_operator.py took 0.095 seconds
[2024-11-12T00:08:16.220+0000] {processor.py:161} INFO - Started process (PID=301) to work on /home/airflow/.local/lib/python3.12/site-packages/airflow/example_dags/example_branch_operator.py
[2024-11-12T00:08:16.221+0000] {processor.py:830} INFO - Processing file /home/airflow/.local/lib/python3.12/site-packages/airflow/example_dags/example_branch_operator.py for tasks to queue
[2024-11-12T00:08:16.224+0000] {logging_mixin.py:188} INFO - [2024-11-12T00:08:16.224+0000] {dagbag.py:545} INFO - Filling up the DagBag from /home/airflow/.local/lib/python3.12/site-packages/airflow/example_dags/example_branch_operator.py
[2024-11-12T00:08:16.240+0000] {processor.py:840} INFO - DAG(s) 'example_branch_operator' retrieved from /home/airflow/.local/lib/python3.12/site-packages/airflow/example_dags/example_branch_operator.py
[2024-11-12T00:08:16.269+0000] {logging_mixin.py:188} INFO - [2024-11-12T00:08:16.268+0000] {dag.py:3096} INFO - Sync 1 DAGs
[2024-11-12T00:08:16.290+0000] {logging_mixin.py:188} INFO - [2024-11-12T00:08:16.290+0000] {dag.py:3954} INFO - Setting next_dagrun for example_branch_operator to 2024-11-11 00:00:00+00:00, run_after=2024-11-12 00:00:00+00:00
[2024-11-12T00:08:16.309+0000] {processor.py:183} INFO - Processing /home/airflow/.local/lib/python3.12/site-packages/airflow/example_dags/example_branch_operator.py took 0.094 seconds
[2024-11-12T00:08:46.642+0000] {processor.py:161} INFO - Started process (PID=360) to work on /home/airflow/.local/lib/python3.12/site-packages/airflow/example_dags/example_branch_operator.py
[2024-11-12T00:08:46.643+0000] {processor.py:830} INFO - Processing file /home/airflow/.local/lib/python3.12/site-packages/airflow/example_dags/example_branch_operator.py for tasks to queue
[2024-11-12T00:08:46.645+0000] {logging_mixin.py:188} INFO - [2024-11-12T00:08:46.644+0000] {dagbag.py:545} INFO - Filling up the DagBag from /home/airflow/.local/lib/python3.12/site-packages/airflow/example_dags/example_branch_operator.py
[2024-11-12T00:08:46.664+0000] {processor.py:840} INFO - DAG(s) 'example_branch_operator' retrieved from /home/airflow/.local/lib/python3.12/site-packages/airflow/example_dags/example_branch_operator.py
[2024-11-12T00:08:46.694+0000] {logging_mixin.py:188} INFO - [2024-11-12T00:08:46.693+0000] {dag.py:3096} INFO - Sync 1 DAGs
[2024-11-12T00:08:46.720+0000] {logging_mixin.py:188} INFO - [2024-11-12T00:08:46.719+0000] {dag.py:3954} INFO - Setting next_dagrun for example_branch_operator to 2024-11-11 00:00:00+00:00, run_after=2024-11-12 00:00:00+00:00
[2024-11-12T00:08:46.739+0000] {processor.py:183} INFO - Processing /home/airflow/.local/lib/python3.12/site-packages/airflow/example_dags/example_branch_operator.py took 0.103 seconds
[2024-11-12T00:09:16.850+0000] {processor.py:161} INFO - Started process (PID=419) to work on /home/airflow/.local/lib/python3.12/site-packages/airflow/example_dags/example_branch_operator.py
[2024-11-12T00:09:16.851+0000] {processor.py:830} INFO - Processing file /home/airflow/.local/lib/python3.12/site-packages/airflow/example_dags/example_branch_operator.py for tasks to queue
[2024-11-12T00:09:16.853+0000] {logging_mixin.py:188} INFO - [2024-11-12T00:09:16.853+0000] {dagbag.py:545} INFO - Filling up the DagBag from /home/airflow/.local/lib/python3.12/site-packages/airflow/example_dags/example_branch_operator.py
[2024-11-12T00:09:16.870+0000] {processor.py:840} INFO - DAG(s) 'example_branch_operator' retrieved from /home/airflow/.local/lib/python3.12/site-packages/airflow/example_dags/example_branch_operator.py
[2024-11-12T00:09:16.900+0000] {logging_mixin.py:188} INFO - [2024-11-12T00:09:16.900+0000] {dag.py:3096} INFO - Sync 1 DAGs
[2024-11-12T00:09:16.921+0000] {logging_mixin.py:188} INFO - [2024-11-12T00:09:16.921+0000] {dag.py:3954} INFO - Setting next_dagrun for example_branch_operator to 2024-11-11 00:00:00+00:00, run_after=2024-11-12 00:00:00+00:00
[2024-11-12T00:09:16.938+0000] {processor.py:183} INFO - Processing /home/airflow/.local/lib/python3.12/site-packages/airflow/example_dags/example_branch_operator.py took 0.094 seconds
[2024-11-12T00:09:47.243+0000] {processor.py:161} INFO - Started process (PID=478) to work on /home/airflow/.local/lib/python3.12/site-packages/airflow/example_dags/example_branch_operator.py
[2024-11-12T00:09:47.244+0000] {processor.py:830} INFO - Processing file /home/airflow/.local/lib/python3.12/site-packages/airflow/example_dags/example_branch_operator.py for tasks to queue
[2024-11-12T00:09:47.246+0000] {logging_mixin.py:188} INFO - [2024-11-12T00:09:47.246+0000] {dagbag.py:545} INFO - Filling up the DagBag from /home/airflow/.local/lib/python3.12/site-packages/airflow/example_dags/example_branch_operator.py
[2024-11-12T00:09:47.263+0000] {processor.py:840} INFO - DAG(s) 'example_branch_operator' retrieved from /home/airflow/.local/lib/python3.12/site-packages/airflow/example_dags/example_branch_operator.py
[2024-11-12T00:09:47.294+0000] {logging_mixin.py:188} INFO - [2024-11-12T00:09:47.293+0000] {dag.py:3096} INFO - Sync 1 DAGs
[2024-11-12T00:09:47.315+0000] {logging_mixin.py:188} INFO - [2024-11-12T00:09:47.315+0000] {dag.py:3954} INFO - Setting next_dagrun for example_branch_operator to 2024-11-11 00:00:00+00:00, run_after=2024-11-12 00:00:00+00:00
[2024-11-12T00:09:47.334+0000] {processor.py:183} INFO - Processing /home/airflow/.local/lib/python3.12/site-packages/airflow/example_dags/example_branch_operator.py took 0.097 seconds
[2024-11-12T00:10:17.493+0000] {processor.py:161} INFO - Started process (PID=537) to work on /home/airflow/.local/lib/python3.12/site-packages/airflow/example_dags/example_branch_operator.py
[2024-11-12T00:10:17.495+0000] {processor.py:830} INFO - Processing file /home/airflow/.local/lib/python3.12/site-packages/airflow/example_dags/example_branch_operator.py for tasks to queue
[2024-11-12T00:10:17.499+0000] {logging_mixin.py:188} INFO - [2024-11-12T00:10:17.499+0000] {dagbag.py:545} INFO - Filling up the DagBag from /home/airflow/.local/lib/python3.12/site-packages/airflow/example_dags/example_branch_operator.py
[2024-11-12T00:10:17.520+0000] {processor.py:840} INFO - DAG(s) 'example_branch_operator' retrieved from /home/airflow/.local/lib/python3.12/site-packages/airflow/example_dags/example_branch_operator.py
[2024-11-12T00:10:17.550+0000] {logging_mixin.py:188} INFO - [2024-11-12T00:10:17.550+0000] {dag.py:3096} INFO - Sync 1 DAGs
[2024-11-12T00:10:17.572+0000] {logging_mixin.py:188} INFO - [2024-11-12T00:10:17.572+0000] {dag.py:3954} INFO - Setting next_dagrun for example_branch_operator to 2024-11-11 00:00:00+00:00, run_after=2024-11-12 00:00:00+00:00
[2024-11-12T00:10:17.597+0000] {processor.py:183} INFO - Processing /home/airflow/.local/lib/python3.12/site-packages/airflow/example_dags/example_branch_operator.py took 0.113 seconds
[2024-11-12T00:10:47.911+0000] {processor.py:161} INFO - Started process (PID=594) to work on /home/airflow/.local/lib/python3.12/site-packages/airflow/example_dags/example_branch_operator.py
[2024-11-12T00:10:47.913+0000] {processor.py:830} INFO - Processing file /home/airflow/.local/lib/python3.12/site-packages/airflow/example_dags/example_branch_operator.py for tasks to queue
[2024-11-12T00:10:47.915+0000] {logging_mixin.py:188} INFO - [2024-11-12T00:10:47.914+0000] {dagbag.py:545} INFO - Filling up the DagBag from /home/airflow/.local/lib/python3.12/site-packages/airflow/example_dags/example_branch_operator.py
[2024-11-12T00:10:47.934+0000] {processor.py:840} INFO - DAG(s) 'example_branch_operator' retrieved from /home/airflow/.local/lib/python3.12/site-packages/airflow/example_dags/example_branch_operator.py
[2024-11-12T00:10:48.054+0000] {logging_mixin.py:188} INFO - [2024-11-12T00:10:48.053+0000] {dag.py:3096} INFO - Sync 1 DAGs
[2024-11-12T00:10:48.079+0000] {logging_mixin.py:188} INFO - [2024-11-12T00:10:48.078+0000] {dag.py:3954} INFO - Setting next_dagrun for example_branch_operator to 2024-11-11 00:00:00+00:00, run_after=2024-11-12 00:00:00+00:00
[2024-11-12T00:10:48.100+0000] {processor.py:183} INFO - Processing /home/airflow/.local/lib/python3.12/site-packages/airflow/example_dags/example_branch_operator.py took 0.195 seconds
[2024-11-12T00:11:18.592+0000] {processor.py:161} INFO - Started process (PID=654) to work on /home/airflow/.local/lib/python3.12/site-packages/airflow/example_dags/example_branch_operator.py
[2024-11-12T00:11:18.593+0000] {processor.py:830} INFO - Processing file /home/airflow/.local/lib/python3.12/site-packages/airflow/example_dags/example_branch_operator.py for tasks to queue
[2024-11-12T00:11:18.595+0000] {logging_mixin.py:188} INFO - [2024-11-12T00:11:18.595+0000] {dagbag.py:545} INFO - Filling up the DagBag from /home/airflow/.local/lib/python3.12/site-packages/airflow/example_dags/example_branch_operator.py
[2024-11-12T00:11:18.613+0000] {processor.py:840} INFO - DAG(s) 'example_branch_operator' retrieved from /home/airflow/.local/lib/python3.12/site-packages/airflow/example_dags/example_branch_operator.py
[2024-11-12T00:11:18.643+0000] {logging_mixin.py:188} INFO - [2024-11-12T00:11:18.643+0000] {dag.py:3096} INFO - Sync 1 DAGs
[2024-11-12T00:11:18.668+0000] {logging_mixin.py:188} INFO - [2024-11-12T00:11:18.668+0000] {dag.py:3954} INFO - Setting next_dagrun for example_branch_operator to 2024-11-11 00:00:00+00:00, run_after=2024-11-12 00:00:00+00:00
[2024-11-12T00:11:18.691+0000] {processor.py:183} INFO - Processing /home/airflow/.local/lib/python3.12/site-packages/airflow/example_dags/example_branch_operator.py took 0.105 seconds
[2024-11-12T00:11:48.883+0000] {processor.py:161} INFO - Started process (PID=713) to work on /home/airflow/.local/lib/python3.12/site-packages/airflow/example_dags/example_branch_operator.py
[2024-11-12T00:11:48.885+0000] {processor.py:830} INFO - Processing file /home/airflow/.local/lib/python3.12/site-packages/airflow/example_dags/example_branch_operator.py for tasks to queue
[2024-11-12T00:11:48.889+0000] {logging_mixin.py:188} INFO - [2024-11-12T00:11:48.888+0000] {dagbag.py:545} INFO - Filling up the DagBag from /home/airflow/.local/lib/python3.12/site-packages/airflow/example_dags/example_branch_operator.py
[2024-11-12T00:11:48.918+0000] {processor.py:840} INFO - DAG(s) 'example_branch_operator' retrieved from /home/airflow/.local/lib/python3.12/site-packages/airflow/example_dags/example_branch_operator.py
[2024-11-12T00:11:49.042+0000] {logging_mixin.py:188} INFO - [2024-11-12T00:11:49.042+0000] {dag.py:3096} INFO - Sync 1 DAGs
[2024-11-12T00:11:49.063+0000] {logging_mixin.py:188} INFO - [2024-11-12T00:11:49.063+0000] {dag.py:3954} INFO - Setting next_dagrun for example_branch_operator to 2024-11-11 00:00:00+00:00, run_after=2024-11-12 00:00:00+00:00
[2024-11-12T00:11:49.088+0000] {processor.py:183} INFO - Processing /home/airflow/.local/lib/python3.12/site-packages/airflow/example_dags/example_branch_operator.py took 0.214 seconds
[2024-11-12T00:12:19.134+0000] {processor.py:161} INFO - Started process (PID=773) to work on /home/airflow/.local/lib/python3.12/site-packages/airflow/example_dags/example_branch_operator.py
[2024-11-12T00:12:19.136+0000] {processor.py:830} INFO - Processing file /home/airflow/.local/lib/python3.12/site-packages/airflow/example_dags/example_branch_operator.py for tasks to queue
[2024-11-12T00:12:19.138+0000] {logging_mixin.py:188} INFO - [2024-11-12T00:12:19.137+0000] {dagbag.py:545} INFO - Filling up the DagBag from /home/airflow/.local/lib/python3.12/site-packages/airflow/example_dags/example_branch_operator.py
[2024-11-12T00:12:19.153+0000] {processor.py:840} INFO - DAG(s) 'example_branch_operator' retrieved from /home/airflow/.local/lib/python3.12/site-packages/airflow/example_dags/example_branch_operator.py
[2024-11-12T00:12:19.183+0000] {logging_mixin.py:188} INFO - [2024-11-12T00:12:19.183+0000] {dag.py:3096} INFO - Sync 1 DAGs
[2024-11-12T00:12:19.206+0000] {logging_mixin.py:188} INFO - [2024-11-12T00:12:19.206+0000] {dag.py:3954} INFO - Setting next_dagrun for example_branch_operator to 2024-11-11 00:00:00+00:00, run_after=2024-11-12 00:00:00+00:00
[2024-11-12T00:12:19.224+0000] {processor.py:183} INFO - Processing /home/airflow/.local/lib/python3.12/site-packages/airflow/example_dags/example_branch_operator.py took 0.096 seconds
[2024-11-12T00:12:49.725+0000] {processor.py:161} INFO - Started process (PID=831) to work on /home/airflow/.local/lib/python3.12/site-packages/airflow/example_dags/example_branch_operator.py
[2024-11-12T00:12:49.726+0000] {processor.py:830} INFO - Processing file /home/airflow/.local/lib/python3.12/site-packages/airflow/example_dags/example_branch_operator.py for tasks to queue
[2024-11-12T00:12:49.728+0000] {logging_mixin.py:188} INFO - [2024-11-12T00:12:49.728+0000] {dagbag.py:545} INFO - Filling up the DagBag from /home/airflow/.local/lib/python3.12/site-packages/airflow/example_dags/example_branch_operator.py
[2024-11-12T00:12:49.745+0000] {processor.py:840} INFO - DAG(s) 'example_branch_operator' retrieved from /home/airflow/.local/lib/python3.12/site-packages/airflow/example_dags/example_branch_operator.py
[2024-11-12T00:12:49.774+0000] {logging_mixin.py:188} INFO - [2024-11-12T00:12:49.773+0000] {dag.py:3096} INFO - Sync 1 DAGs
[2024-11-12T00:12:49.794+0000] {logging_mixin.py:188} INFO - [2024-11-12T00:12:49.794+0000] {dag.py:3954} INFO - Setting next_dagrun for example_branch_operator to 2024-11-11 00:00:00+00:00, run_after=2024-11-12 00:00:00+00:00
[2024-11-12T00:12:49.816+0000] {processor.py:183} INFO - Processing /home/airflow/.local/lib/python3.12/site-packages/airflow/example_dags/example_branch_operator.py took 0.096 seconds
[2024-11-12T00:13:19.998+0000] {processor.py:161} INFO - Started process (PID=890) to work on /home/airflow/.local/lib/python3.12/site-packages/airflow/example_dags/example_branch_operator.py
[2024-11-12T00:13:19.999+0000] {processor.py:830} INFO - Processing file /home/airflow/.local/lib/python3.12/site-packages/airflow/example_dags/example_branch_operator.py for tasks to queue
[2024-11-12T00:13:20.002+0000] {logging_mixin.py:188} INFO - [2024-11-12T00:13:20.001+0000] {dagbag.py:545} INFO - Filling up the DagBag from /home/airflow/.local/lib/python3.12/site-packages/airflow/example_dags/example_branch_operator.py
[2024-11-12T00:13:20.018+0000] {processor.py:840} INFO - DAG(s) 'example_branch_operator' retrieved from /home/airflow/.local/lib/python3.12/site-packages/airflow/example_dags/example_branch_operator.py
[2024-11-12T00:13:20.047+0000] {logging_mixin.py:188} INFO - [2024-11-12T00:13:20.046+0000] {dag.py:3096} INFO - Sync 1 DAGs
[2024-11-12T00:13:20.068+0000] {logging_mixin.py:188} INFO - [2024-11-12T00:13:20.068+0000] {dag.py:3954} INFO - Setting next_dagrun for example_branch_operator to 2024-11-11 00:00:00+00:00, run_after=2024-11-12 00:00:00+00:00
[2024-11-12T00:13:20.086+0000] {processor.py:183} INFO - Processing /home/airflow/.local/lib/python3.12/site-packages/airflow/example_dags/example_branch_operator.py took 0.094 seconds
[2024-11-12T00:13:50.688+0000] {processor.py:161} INFO - Started process (PID=949) to work on /home/airflow/.local/lib/python3.12/site-packages/airflow/example_dags/example_branch_operator.py
[2024-11-12T00:13:50.689+0000] {processor.py:830} INFO - Processing file /home/airflow/.local/lib/python3.12/site-packages/airflow/example_dags/example_branch_operator.py for tasks to queue
[2024-11-12T00:13:50.691+0000] {logging_mixin.py:188} INFO - [2024-11-12T00:13:50.691+0000] {dagbag.py:545} INFO - Filling up the DagBag from /home/airflow/.local/lib/python3.12/site-packages/airflow/example_dags/example_branch_operator.py
[2024-11-12T00:13:50.708+0000] {processor.py:840} INFO - DAG(s) 'example_branch_operator' retrieved from /home/airflow/.local/lib/python3.12/site-packages/airflow/example_dags/example_branch_operator.py
[2024-11-12T00:13:50.737+0000] {logging_mixin.py:188} INFO - [2024-11-12T00:13:50.737+0000] {dag.py:3096} INFO - Sync 1 DAGs
[2024-11-12T00:13:50.758+0000] {logging_mixin.py:188} INFO - [2024-11-12T00:13:50.758+0000] {dag.py:3954} INFO - Setting next_dagrun for example_branch_operator to 2024-11-11 00:00:00+00:00, run_after=2024-11-12 00:00:00+00:00
[2024-11-12T00:13:50.777+0000] {processor.py:183} INFO - Processing /home/airflow/.local/lib/python3.12/site-packages/airflow/example_dags/example_branch_operator.py took 0.095 seconds
[2024-11-12T00:14:20.890+0000] {processor.py:161} INFO - Started process (PID=1008) to work on /home/airflow/.local/lib/python3.12/site-packages/airflow/example_dags/example_branch_operator.py
[2024-11-12T00:14:20.891+0000] {processor.py:830} INFO - Processing file /home/airflow/.local/lib/python3.12/site-packages/airflow/example_dags/example_branch_operator.py for tasks to queue
[2024-11-12T00:14:20.893+0000] {logging_mixin.py:188} INFO - [2024-11-12T00:14:20.893+0000] {dagbag.py:545} INFO - Filling up the DagBag from /home/airflow/.local/lib/python3.12/site-packages/airflow/example_dags/example_branch_operator.py
[2024-11-12T00:14:20.909+0000] {processor.py:840} INFO - DAG(s) 'example_branch_operator' retrieved from /home/airflow/.local/lib/python3.12/site-packages/airflow/example_dags/example_branch_operator.py
[2024-11-12T00:14:20.939+0000] {logging_mixin.py:188} INFO - [2024-11-12T00:14:20.938+0000] {dag.py:3096} INFO - Sync 1 DAGs
[2024-11-12T00:14:20.961+0000] {logging_mixin.py:188} INFO - [2024-11-12T00:14:20.960+0000] {dag.py:3954} INFO - Setting next_dagrun for example_branch_operator to 2024-11-11 00:00:00+00:00, run_after=2024-11-12 00:00:00+00:00
[2024-11-12T00:14:20.979+0000] {processor.py:183} INFO - Processing /home/airflow/.local/lib/python3.12/site-packages/airflow/example_dags/example_branch_operator.py took 0.095 seconds
[2024-11-12T00:14:51.086+0000] {processor.py:161} INFO - Started process (PID=1067) to work on /home/airflow/.local/lib/python3.12/site-packages/airflow/example_dags/example_branch_operator.py
[2024-11-12T00:14:51.087+0000] {processor.py:830} INFO - Processing file /home/airflow/.local/lib/python3.12/site-packages/airflow/example_dags/example_branch_operator.py for tasks to queue
[2024-11-12T00:14:51.090+0000] {logging_mixin.py:188} INFO - [2024-11-12T00:14:51.090+0000] {dagbag.py:545} INFO - Filling up the DagBag from /home/airflow/.local/lib/python3.12/site-packages/airflow/example_dags/example_branch_operator.py
[2024-11-12T00:14:51.109+0000] {processor.py:840} INFO - DAG(s) 'example_branch_operator' retrieved from /home/airflow/.local/lib/python3.12/site-packages/airflow/example_dags/example_branch_operator.py
[2024-11-12T00:14:51.141+0000] {logging_mixin.py:188} INFO - [2024-11-12T00:14:51.141+0000] {dag.py:3096} INFO - Sync 1 DAGs
[2024-11-12T00:14:51.166+0000] {logging_mixin.py:188} INFO - [2024-11-12T00:14:51.166+0000] {dag.py:3954} INFO - Setting next_dagrun for example_branch_operator to 2024-11-11 00:00:00+00:00, run_after=2024-11-12 00:00:00+00:00
[2024-11-12T00:14:51.186+0000] {processor.py:183} INFO - Processing /home/airflow/.local/lib/python3.12/site-packages/airflow/example_dags/example_branch_operator.py took 0.107 seconds
[2024-11-12T00:15:21.626+0000] {processor.py:161} INFO - Started process (PID=1132) to work on /home/airflow/.local/lib/python3.12/site-packages/airflow/example_dags/example_branch_operator.py
[2024-11-12T00:15:21.628+0000] {processor.py:830} INFO - Processing file /home/airflow/.local/lib/python3.12/site-packages/airflow/example_dags/example_branch_operator.py for tasks to queue
[2024-11-12T00:15:21.630+0000] {logging_mixin.py:188} INFO - [2024-11-12T00:15:21.629+0000] {dagbag.py:545} INFO - Filling up the DagBag from /home/airflow/.local/lib/python3.12/site-packages/airflow/example_dags/example_branch_operator.py
[2024-11-12T00:15:21.646+0000] {processor.py:840} INFO - DAG(s) 'example_branch_operator' retrieved from /home/airflow/.local/lib/python3.12/site-packages/airflow/example_dags/example_branch_operator.py
[2024-11-12T00:15:21.676+0000] {logging_mixin.py:188} INFO - [2024-11-12T00:15:21.676+0000] {dag.py:3096} INFO - Sync 1 DAGs
[2024-11-12T00:15:21.698+0000] {logging_mixin.py:188} INFO - [2024-11-12T00:15:21.698+0000] {dag.py:3954} INFO - Setting next_dagrun for example_branch_operator to 2024-11-11 00:00:00+00:00, run_after=2024-11-12 00:00:00+00:00
[2024-11-12T00:15:21.717+0000] {processor.py:183} INFO - Processing /home/airflow/.local/lib/python3.12/site-packages/airflow/example_dags/example_branch_operator.py took 0.098 seconds
[2024-11-12T00:15:51.814+0000] {processor.py:161} INFO - Started process (PID=1191) to work on /home/airflow/.local/lib/python3.12/site-packages/airflow/example_dags/example_branch_operator.py
[2024-11-12T00:15:51.815+0000] {processor.py:830} INFO - Processing file /home/airflow/.local/lib/python3.12/site-packages/airflow/example_dags/example_branch_operator.py for tasks to queue
[2024-11-12T00:15:51.817+0000] {logging_mixin.py:188} INFO - [2024-11-12T00:15:51.817+0000] {dagbag.py:545} INFO - Filling up the DagBag from /home/airflow/.local/lib/python3.12/site-packages/airflow/example_dags/example_branch_operator.py
[2024-11-12T00:15:51.833+0000] {processor.py:840} INFO - DAG(s) 'example_branch_operator' retrieved from /home/airflow/.local/lib/python3.12/site-packages/airflow/example_dags/example_branch_operator.py
[2024-11-12T00:15:51.863+0000] {logging_mixin.py:188} INFO - [2024-11-12T00:15:51.862+0000] {dag.py:3096} INFO - Sync 1 DAGs
[2024-11-12T00:15:51.887+0000] {logging_mixin.py:188} INFO - [2024-11-12T00:15:51.887+0000] {dag.py:3954} INFO - Setting next_dagrun for example_branch_operator to 2024-11-11 00:00:00+00:00, run_after=2024-11-12 00:00:00+00:00
[2024-11-12T00:15:51.906+0000] {processor.py:183} INFO - Processing /home/airflow/.local/lib/python3.12/site-packages/airflow/example_dags/example_branch_operator.py took 0.098 seconds
[2024-11-12T00:16:22.083+0000] {processor.py:161} INFO - Started process (PID=1250) to work on /home/airflow/.local/lib/python3.12/site-packages/airflow/example_dags/example_branch_operator.py
[2024-11-12T00:16:22.084+0000] {processor.py:830} INFO - Processing file /home/airflow/.local/lib/python3.12/site-packages/airflow/example_dags/example_branch_operator.py for tasks to queue
[2024-11-12T00:16:22.087+0000] {logging_mixin.py:188} INFO - [2024-11-12T00:16:22.086+0000] {dagbag.py:545} INFO - Filling up the DagBag from /home/airflow/.local/lib/python3.12/site-packages/airflow/example_dags/example_branch_operator.py
[2024-11-12T00:16:22.104+0000] {processor.py:840} INFO - DAG(s) 'example_branch_operator' retrieved from /home/airflow/.local/lib/python3.12/site-packages/airflow/example_dags/example_branch_operator.py
[2024-11-12T00:16:22.150+0000] {logging_mixin.py:188} INFO - [2024-11-12T00:16:22.149+0000] {dag.py:3096} INFO - Sync 1 DAGs
[2024-11-12T00:16:22.176+0000] {logging_mixin.py:188} INFO - [2024-11-12T00:16:22.175+0000] {dag.py:3954} INFO - Setting next_dagrun for example_branch_operator to 2024-11-11 00:00:00+00:00, run_after=2024-11-12 00:00:00+00:00
[2024-11-12T00:16:22.195+0000] {processor.py:183} INFO - Processing /home/airflow/.local/lib/python3.12/site-packages/airflow/example_dags/example_branch_operator.py took 0.118 seconds
[2024-11-12T00:16:52.954+0000] {processor.py:161} INFO - Started process (PID=1309) to work on /home/airflow/.local/lib/python3.12/site-packages/airflow/example_dags/example_branch_operator.py
[2024-11-12T00:16:52.955+0000] {processor.py:830} INFO - Processing file /home/airflow/.local/lib/python3.12/site-packages/airflow/example_dags/example_branch_operator.py for tasks to queue
[2024-11-12T00:16:52.957+0000] {logging_mixin.py:188} INFO - [2024-11-12T00:16:52.957+0000] {dagbag.py:545} INFO - Filling up the DagBag from /home/airflow/.local/lib/python3.12/site-packages/airflow/example_dags/example_branch_operator.py
[2024-11-12T00:16:52.973+0000] {processor.py:840} INFO - DAG(s) 'example_branch_operator' retrieved from /home/airflow/.local/lib/python3.12/site-packages/airflow/example_dags/example_branch_operator.py
[2024-11-12T00:16:53.085+0000] {logging_mixin.py:188} INFO - [2024-11-12T00:16:53.085+0000] {dag.py:3096} INFO - Sync 1 DAGs
[2024-11-12T00:16:53.108+0000] {logging_mixin.py:188} INFO - [2024-11-12T00:16:53.107+0000] {dag.py:3954} INFO - Setting next_dagrun for example_branch_operator to 2024-11-11 00:00:00+00:00, run_after=2024-11-12 00:00:00+00:00
[2024-11-12T00:16:53.130+0000] {processor.py:183} INFO - Processing /home/airflow/.local/lib/python3.12/site-packages/airflow/example_dags/example_branch_operator.py took 0.182 seconds
[2024-11-12T00:17:23.310+0000] {processor.py:161} INFO - Started process (PID=1368) to work on /home/airflow/.local/lib/python3.12/site-packages/airflow/example_dags/example_branch_operator.py
[2024-11-12T00:17:23.312+0000] {processor.py:830} INFO - Processing file /home/airflow/.local/lib/python3.12/site-packages/airflow/example_dags/example_branch_operator.py for tasks to queue
[2024-11-12T00:17:23.314+0000] {logging_mixin.py:188} INFO - [2024-11-12T00:17:23.314+0000] {dagbag.py:545} INFO - Filling up the DagBag from /home/airflow/.local/lib/python3.12/site-packages/airflow/example_dags/example_branch_operator.py
[2024-11-12T00:17:23.336+0000] {processor.py:840} INFO - DAG(s) 'example_branch_operator' retrieved from /home/airflow/.local/lib/python3.12/site-packages/airflow/example_dags/example_branch_operator.py
[2024-11-12T00:17:23.365+0000] {logging_mixin.py:188} INFO - [2024-11-12T00:17:23.365+0000] {dag.py:3096} INFO - Sync 1 DAGs
[2024-11-12T00:17:23.394+0000] {logging_mixin.py:188} INFO - [2024-11-12T00:17:23.394+0000] {dag.py:3954} INFO - Setting next_dagrun for example_branch_operator to 2024-11-11 00:00:00+00:00, run_after=2024-11-12 00:00:00+00:00
[2024-11-12T00:17:23.423+0000] {processor.py:183} INFO - Processing /home/airflow/.local/lib/python3.12/site-packages/airflow/example_dags/example_branch_operator.py took 0.121 seconds
[2024-11-12T00:17:53.480+0000] {processor.py:161} INFO - Started process (PID=1427) to work on /home/airflow/.local/lib/python3.12/site-packages/airflow/example_dags/example_branch_operator.py
[2024-11-12T00:17:53.481+0000] {processor.py:830} INFO - Processing file /home/airflow/.local/lib/python3.12/site-packages/airflow/example_dags/example_branch_operator.py for tasks to queue
[2024-11-12T00:17:53.483+0000] {logging_mixin.py:188} INFO - [2024-11-12T00:17:53.483+0000] {dagbag.py:545} INFO - Filling up the DagBag from /home/airflow/.local/lib/python3.12/site-packages/airflow/example_dags/example_branch_operator.py
[2024-11-12T00:17:53.500+0000] {processor.py:840} INFO - DAG(s) 'example_branch_operator' retrieved from /home/airflow/.local/lib/python3.12/site-packages/airflow/example_dags/example_branch_operator.py
[2024-11-12T00:17:53.529+0000] {logging_mixin.py:188} INFO - [2024-11-12T00:17:53.529+0000] {dag.py:3096} INFO - Sync 1 DAGs
[2024-11-12T00:17:53.551+0000] {logging_mixin.py:188} INFO - [2024-11-12T00:17:53.551+0000] {dag.py:3954} INFO - Setting next_dagrun for example_branch_operator to 2024-11-11 00:00:00+00:00, run_after=2024-11-12 00:00:00+00:00
[2024-11-12T00:17:53.572+0000] {processor.py:183} INFO - Processing /home/airflow/.local/lib/python3.12/site-packages/airflow/example_dags/example_branch_operator.py took 0.097 seconds
[2024-11-12T00:18:23.737+0000] {processor.py:161} INFO - Started process (PID=1486) to work on /home/airflow/.local/lib/python3.12/site-packages/airflow/example_dags/example_branch_operator.py
[2024-11-12T00:18:23.738+0000] {processor.py:830} INFO - Processing file /home/airflow/.local/lib/python3.12/site-packages/airflow/example_dags/example_branch_operator.py for tasks to queue
[2024-11-12T00:18:23.740+0000] {logging_mixin.py:188} INFO - [2024-11-12T00:18:23.739+0000] {dagbag.py:545} INFO - Filling up the DagBag from /home/airflow/.local/lib/python3.12/site-packages/airflow/example_dags/example_branch_operator.py
[2024-11-12T00:18:23.756+0000] {processor.py:840} INFO - DAG(s) 'example_branch_operator' retrieved from /home/airflow/.local/lib/python3.12/site-packages/airflow/example_dags/example_branch_operator.py
[2024-11-12T00:18:23.785+0000] {logging_mixin.py:188} INFO - [2024-11-12T00:18:23.785+0000] {dag.py:3096} INFO - Sync 1 DAGs
[2024-11-12T00:18:23.807+0000] {logging_mixin.py:188} INFO - [2024-11-12T00:18:23.807+0000] {dag.py:3954} INFO - Setting next_dagrun for example_branch_operator to 2024-11-11 00:00:00+00:00, run_after=2024-11-12 00:00:00+00:00
[2024-11-12T00:18:23.827+0000] {processor.py:183} INFO - Processing /home/airflow/.local/lib/python3.12/site-packages/airflow/example_dags/example_branch_operator.py took 0.096 seconds
[2024-11-12T00:18:54.519+0000] {processor.py:161} INFO - Started process (PID=1546) to work on /home/airflow/.local/lib/python3.12/site-packages/airflow/example_dags/example_branch_operator.py
[2024-11-12T00:18:54.520+0000] {processor.py:830} INFO - Processing file /home/airflow/.local/lib/python3.12/site-packages/airflow/example_dags/example_branch_operator.py for tasks to queue
[2024-11-12T00:18:54.522+0000] {logging_mixin.py:188} INFO - [2024-11-12T00:18:54.522+0000] {dagbag.py:545} INFO - Filling up the DagBag from /home/airflow/.local/lib/python3.12/site-packages/airflow/example_dags/example_branch_operator.py
[2024-11-12T00:18:54.539+0000] {processor.py:840} INFO - DAG(s) 'example_branch_operator' retrieved from /home/airflow/.local/lib/python3.12/site-packages/airflow/example_dags/example_branch_operator.py
[2024-11-12T00:18:54.568+0000] {logging_mixin.py:188} INFO - [2024-11-12T00:18:54.568+0000] {dag.py:3096} INFO - Sync 1 DAGs
[2024-11-12T00:18:54.589+0000] {logging_mixin.py:188} INFO - [2024-11-12T00:18:54.589+0000] {dag.py:3954} INFO - Setting next_dagrun for example_branch_operator to 2024-11-11 00:00:00+00:00, run_after=2024-11-12 00:00:00+00:00
[2024-11-12T00:18:54.610+0000] {processor.py:183} INFO - Processing /home/airflow/.local/lib/python3.12/site-packages/airflow/example_dags/example_branch_operator.py took 0.097 seconds
[2024-11-12T00:19:25.063+0000] {processor.py:161} INFO - Started process (PID=1605) to work on /home/airflow/.local/lib/python3.12/site-packages/airflow/example_dags/example_branch_operator.py
[2024-11-12T00:19:25.063+0000] {processor.py:830} INFO - Processing file /home/airflow/.local/lib/python3.12/site-packages/airflow/example_dags/example_branch_operator.py for tasks to queue
[2024-11-12T00:19:25.065+0000] {logging_mixin.py:188} INFO - [2024-11-12T00:19:25.065+0000] {dagbag.py:545} INFO - Filling up the DagBag from /home/airflow/.local/lib/python3.12/site-packages/airflow/example_dags/example_branch_operator.py
[2024-11-12T00:19:25.082+0000] {processor.py:840} INFO - DAG(s) 'example_branch_operator' retrieved from /home/airflow/.local/lib/python3.12/site-packages/airflow/example_dags/example_branch_operator.py
[2024-11-12T00:19:25.112+0000] {logging_mixin.py:188} INFO - [2024-11-12T00:19:25.112+0000] {dag.py:3096} INFO - Sync 1 DAGs
[2024-11-12T00:19:25.135+0000] {logging_mixin.py:188} INFO - [2024-11-12T00:19:25.135+0000] {dag.py:3954} INFO - Setting next_dagrun for example_branch_operator to 2024-11-11 00:00:00+00:00, run_after=2024-11-12 00:00:00+00:00
[2024-11-12T00:19:25.157+0000] {processor.py:183} INFO - Processing /home/airflow/.local/lib/python3.12/site-packages/airflow/example_dags/example_branch_operator.py took 0.101 seconds
[2024-11-12T00:19:55.521+0000] {processor.py:161} INFO - Started process (PID=1664) to work on /home/airflow/.local/lib/python3.12/site-packages/airflow/example_dags/example_branch_operator.py
[2024-11-12T00:19:55.522+0000] {processor.py:830} INFO - Processing file /home/airflow/.local/lib/python3.12/site-packages/airflow/example_dags/example_branch_operator.py for tasks to queue
[2024-11-12T00:19:55.524+0000] {logging_mixin.py:188} INFO - [2024-11-12T00:19:55.524+0000] {dagbag.py:545} INFO - Filling up the DagBag from /home/airflow/.local/lib/python3.12/site-packages/airflow/example_dags/example_branch_operator.py
[2024-11-12T00:19:55.540+0000] {processor.py:840} INFO - DAG(s) 'example_branch_operator' retrieved from /home/airflow/.local/lib/python3.12/site-packages/airflow/example_dags/example_branch_operator.py
[2024-11-12T00:19:55.570+0000] {logging_mixin.py:188} INFO - [2024-11-12T00:19:55.569+0000] {dag.py:3096} INFO - Sync 1 DAGs
[2024-11-12T00:19:55.592+0000] {logging_mixin.py:188} INFO - [2024-11-12T00:19:55.592+0000] {dag.py:3954} INFO - Setting next_dagrun for example_branch_operator to 2024-11-11 00:00:00+00:00, run_after=2024-11-12 00:00:00+00:00
[2024-11-12T00:19:55.611+0000] {processor.py:183} INFO - Processing /home/airflow/.local/lib/python3.12/site-packages/airflow/example_dags/example_branch_operator.py took 0.096 seconds
[2024-11-12T00:20:25.938+0000] {processor.py:161} INFO - Started process (PID=1723) to work on /home/airflow/.local/lib/python3.12/site-packages/airflow/example_dags/example_branch_operator.py
[2024-11-12T00:20:25.939+0000] {processor.py:830} INFO - Processing file /home/airflow/.local/lib/python3.12/site-packages/airflow/example_dags/example_branch_operator.py for tasks to queue
[2024-11-12T00:20:25.941+0000] {logging_mixin.py:188} INFO - [2024-11-12T00:20:25.941+0000] {dagbag.py:545} INFO - Filling up the DagBag from /home/airflow/.local/lib/python3.12/site-packages/airflow/example_dags/example_branch_operator.py
[2024-11-12T00:20:25.957+0000] {processor.py:840} INFO - DAG(s) 'example_branch_operator' retrieved from /home/airflow/.local/lib/python3.12/site-packages/airflow/example_dags/example_branch_operator.py
[2024-11-12T00:20:25.988+0000] {logging_mixin.py:188} INFO - [2024-11-12T00:20:25.987+0000] {dag.py:3096} INFO - Sync 1 DAGs
[2024-11-12T00:20:26.010+0000] {logging_mixin.py:188} INFO - [2024-11-12T00:20:26.009+0000] {dag.py:3954} INFO - Setting next_dagrun for example_branch_operator to 2024-11-11 00:00:00+00:00, run_after=2024-11-12 00:00:00+00:00
[2024-11-12T00:20:26.028+0000] {processor.py:183} INFO - Processing /home/airflow/.local/lib/python3.12/site-packages/airflow/example_dags/example_branch_operator.py took 0.096 seconds
[2024-11-12T00:20:56.160+0000] {processor.py:161} INFO - Started process (PID=1782) to work on /home/airflow/.local/lib/python3.12/site-packages/airflow/example_dags/example_branch_operator.py
[2024-11-12T00:20:56.161+0000] {processor.py:830} INFO - Processing file /home/airflow/.local/lib/python3.12/site-packages/airflow/example_dags/example_branch_operator.py for tasks to queue
[2024-11-12T00:20:56.163+0000] {logging_mixin.py:188} INFO - [2024-11-12T00:20:56.162+0000] {dagbag.py:545} INFO - Filling up the DagBag from /home/airflow/.local/lib/python3.12/site-packages/airflow/example_dags/example_branch_operator.py
[2024-11-12T00:20:56.180+0000] {processor.py:840} INFO - DAG(s) 'example_branch_operator' retrieved from /home/airflow/.local/lib/python3.12/site-packages/airflow/example_dags/example_branch_operator.py
[2024-11-12T00:20:56.213+0000] {logging_mixin.py:188} INFO - [2024-11-12T00:20:56.212+0000] {dag.py:3096} INFO - Sync 1 DAGs
[2024-11-12T00:20:56.236+0000] {logging_mixin.py:188} INFO - [2024-11-12T00:20:56.236+0000] {dag.py:3954} INFO - Setting next_dagrun for example_branch_operator to 2024-11-11 00:00:00+00:00, run_after=2024-11-12 00:00:00+00:00
[2024-11-12T00:20:56.254+0000] {processor.py:183} INFO - Processing /home/airflow/.local/lib/python3.12/site-packages/airflow/example_dags/example_branch_operator.py took 0.100 seconds
[2024-11-12T00:21:26.604+0000] {processor.py:161} INFO - Started process (PID=1842) to work on /home/airflow/.local/lib/python3.12/site-packages/airflow/example_dags/example_branch_operator.py
[2024-11-12T00:21:26.605+0000] {processor.py:830} INFO - Processing file /home/airflow/.local/lib/python3.12/site-packages/airflow/example_dags/example_branch_operator.py for tasks to queue
[2024-11-12T00:21:26.607+0000] {logging_mixin.py:188} INFO - [2024-11-12T00:21:26.607+0000] {dagbag.py:545} INFO - Filling up the DagBag from /home/airflow/.local/lib/python3.12/site-packages/airflow/example_dags/example_branch_operator.py
[2024-11-12T00:21:26.629+0000] {processor.py:840} INFO - DAG(s) 'example_branch_operator' retrieved from /home/airflow/.local/lib/python3.12/site-packages/airflow/example_dags/example_branch_operator.py
[2024-11-12T00:21:26.661+0000] {logging_mixin.py:188} INFO - [2024-11-12T00:21:26.661+0000] {dag.py:3096} INFO - Sync 1 DAGs
[2024-11-12T00:21:26.690+0000] {logging_mixin.py:188} INFO - [2024-11-12T00:21:26.689+0000] {dag.py:3954} INFO - Setting next_dagrun for example_branch_operator to 2024-11-11 00:00:00+00:00, run_after=2024-11-12 00:00:00+00:00
[2024-11-12T00:21:26.714+0000] {processor.py:183} INFO - Processing /home/airflow/.local/lib/python3.12/site-packages/airflow/example_dags/example_branch_operator.py took 0.118 seconds
[2024-11-12T00:21:57.308+0000] {processor.py:161} INFO - Started process (PID=1901) to work on /home/airflow/.local/lib/python3.12/site-packages/airflow/example_dags/example_branch_operator.py
[2024-11-12T00:21:57.309+0000] {processor.py:830} INFO - Processing file /home/airflow/.local/lib/python3.12/site-packages/airflow/example_dags/example_branch_operator.py for tasks to queue
[2024-11-12T00:21:57.311+0000] {logging_mixin.py:188} INFO - [2024-11-12T00:21:57.311+0000] {dagbag.py:545} INFO - Filling up the DagBag from /home/airflow/.local/lib/python3.12/site-packages/airflow/example_dags/example_branch_operator.py
[2024-11-12T00:21:57.327+0000] {processor.py:840} INFO - DAG(s) 'example_branch_operator' retrieved from /home/airflow/.local/lib/python3.12/site-packages/airflow/example_dags/example_branch_operator.py
[2024-11-12T00:21:57.447+0000] {logging_mixin.py:188} INFO - [2024-11-12T00:21:57.447+0000] {dag.py:3096} INFO - Sync 1 DAGs
[2024-11-12T00:21:57.467+0000] {logging_mixin.py:188} INFO - [2024-11-12T00:21:57.467+0000] {dag.py:3954} INFO - Setting next_dagrun for example_branch_operator to 2024-11-11 00:00:00+00:00, run_after=2024-11-12 00:00:00+00:00
[2024-11-12T00:21:57.486+0000] {processor.py:183} INFO - Processing /home/airflow/.local/lib/python3.12/site-packages/airflow/example_dags/example_branch_operator.py took 0.184 seconds
[2024-11-12T00:22:28.221+0000] {processor.py:161} INFO - Started process (PID=1960) to work on /home/airflow/.local/lib/python3.12/site-packages/airflow/example_dags/example_branch_operator.py
[2024-11-12T00:22:28.222+0000] {processor.py:830} INFO - Processing file /home/airflow/.local/lib/python3.12/site-packages/airflow/example_dags/example_branch_operator.py for tasks to queue
[2024-11-12T00:22:28.224+0000] {logging_mixin.py:188} INFO - [2024-11-12T00:22:28.224+0000] {dagbag.py:545} INFO - Filling up the DagBag from /home/airflow/.local/lib/python3.12/site-packages/airflow/example_dags/example_branch_operator.py
[2024-11-12T00:22:28.240+0000] {processor.py:840} INFO - DAG(s) 'example_branch_operator' retrieved from /home/airflow/.local/lib/python3.12/site-packages/airflow/example_dags/example_branch_operator.py
[2024-11-12T00:22:28.272+0000] {logging_mixin.py:188} INFO - [2024-11-12T00:22:28.272+0000] {dag.py:3096} INFO - Sync 1 DAGs
[2024-11-12T00:22:28.297+0000] {logging_mixin.py:188} INFO - [2024-11-12T00:22:28.297+0000] {dag.py:3954} INFO - Setting next_dagrun for example_branch_operator to 2024-11-11 00:00:00+00:00, run_after=2024-11-12 00:00:00+00:00
[2024-11-12T00:22:28.318+0000] {processor.py:183} INFO - Processing /home/airflow/.local/lib/python3.12/site-packages/airflow/example_dags/example_branch_operator.py took 0.103 seconds
[2024-11-12T00:22:58.404+0000] {processor.py:161} INFO - Started process (PID=2019) to work on /home/airflow/.local/lib/python3.12/site-packages/airflow/example_dags/example_branch_operator.py
[2024-11-12T00:22:58.405+0000] {processor.py:830} INFO - Processing file /home/airflow/.local/lib/python3.12/site-packages/airflow/example_dags/example_branch_operator.py for tasks to queue
[2024-11-12T00:22:58.407+0000] {logging_mixin.py:188} INFO - [2024-11-12T00:22:58.407+0000] {dagbag.py:545} INFO - Filling up the DagBag from /home/airflow/.local/lib/python3.12/site-packages/airflow/example_dags/example_branch_operator.py
[2024-11-12T00:22:58.424+0000] {processor.py:840} INFO - DAG(s) 'example_branch_operator' retrieved from /home/airflow/.local/lib/python3.12/site-packages/airflow/example_dags/example_branch_operator.py
[2024-11-12T00:22:58.453+0000] {logging_mixin.py:188} INFO - [2024-11-12T00:22:58.453+0000] {dag.py:3096} INFO - Sync 1 DAGs
[2024-11-12T00:22:58.476+0000] {logging_mixin.py:188} INFO - [2024-11-12T00:22:58.476+0000] {dag.py:3954} INFO - Setting next_dagrun for example_branch_operator to 2024-11-11 00:00:00+00:00, run_after=2024-11-12 00:00:00+00:00
[2024-11-12T00:22:58.494+0000] {processor.py:183} INFO - Processing /home/airflow/.local/lib/python3.12/site-packages/airflow/example_dags/example_branch_operator.py took 0.097 seconds
[2024-11-12T00:23:28.722+0000] {processor.py:161} INFO - Started process (PID=2081) to work on /home/airflow/.local/lib/python3.12/site-packages/airflow/example_dags/example_branch_operator.py
[2024-11-12T00:23:28.723+0000] {processor.py:830} INFO - Processing file /home/airflow/.local/lib/python3.12/site-packages/airflow/example_dags/example_branch_operator.py for tasks to queue
[2024-11-12T00:23:28.725+0000] {logging_mixin.py:188} INFO - [2024-11-12T00:23:28.725+0000] {dagbag.py:545} INFO - Filling up the DagBag from /home/airflow/.local/lib/python3.12/site-packages/airflow/example_dags/example_branch_operator.py
[2024-11-12T00:23:28.741+0000] {processor.py:840} INFO - DAG(s) 'example_branch_operator' retrieved from /home/airflow/.local/lib/python3.12/site-packages/airflow/example_dags/example_branch_operator.py
[2024-11-12T00:23:28.772+0000] {logging_mixin.py:188} INFO - [2024-11-12T00:23:28.772+0000] {dag.py:3096} INFO - Sync 1 DAGs
[2024-11-12T00:23:28.795+0000] {logging_mixin.py:188} INFO - [2024-11-12T00:23:28.795+0000] {dag.py:3954} INFO - Setting next_dagrun for example_branch_operator to 2024-11-11 00:00:00+00:00, run_after=2024-11-12 00:00:00+00:00
[2024-11-12T00:23:28.818+0000] {processor.py:183} INFO - Processing /home/airflow/.local/lib/python3.12/site-packages/airflow/example_dags/example_branch_operator.py took 0.102 seconds
[2024-11-12T00:23:59.027+0000] {processor.py:161} INFO - Started process (PID=2140) to work on /home/airflow/.local/lib/python3.12/site-packages/airflow/example_dags/example_branch_operator.py
[2024-11-12T00:23:59.028+0000] {processor.py:830} INFO - Processing file /home/airflow/.local/lib/python3.12/site-packages/airflow/example_dags/example_branch_operator.py for tasks to queue
[2024-11-12T00:23:59.030+0000] {logging_mixin.py:188} INFO - [2024-11-12T00:23:59.030+0000] {dagbag.py:545} INFO - Filling up the DagBag from /home/airflow/.local/lib/python3.12/site-packages/airflow/example_dags/example_branch_operator.py
[2024-11-12T00:23:59.045+0000] {processor.py:840} INFO - DAG(s) 'example_branch_operator' retrieved from /home/airflow/.local/lib/python3.12/site-packages/airflow/example_dags/example_branch_operator.py
[2024-11-12T00:23:59.077+0000] {logging_mixin.py:188} INFO - [2024-11-12T00:23:59.077+0000] {dag.py:3096} INFO - Sync 1 DAGs
[2024-11-12T00:23:59.101+0000] {logging_mixin.py:188} INFO - [2024-11-12T00:23:59.101+0000] {dag.py:3954} INFO - Setting next_dagrun for example_branch_operator to 2024-11-11 00:00:00+00:00, run_after=2024-11-12 00:00:00+00:00
[2024-11-12T00:23:59.123+0000] {processor.py:183} INFO - Processing /home/airflow/.local/lib/python3.12/site-packages/airflow/example_dags/example_branch_operator.py took 0.101 seconds
[2024-11-12T00:24:29.663+0000] {processor.py:161} INFO - Started process (PID=2199) to work on /home/airflow/.local/lib/python3.12/site-packages/airflow/example_dags/example_branch_operator.py
[2024-11-12T00:24:29.664+0000] {processor.py:830} INFO - Processing file /home/airflow/.local/lib/python3.12/site-packages/airflow/example_dags/example_branch_operator.py for tasks to queue
[2024-11-12T00:24:29.666+0000] {logging_mixin.py:188} INFO - [2024-11-12T00:24:29.666+0000] {dagbag.py:545} INFO - Filling up the DagBag from /home/airflow/.local/lib/python3.12/site-packages/airflow/example_dags/example_branch_operator.py
[2024-11-12T00:24:29.684+0000] {processor.py:840} INFO - DAG(s) 'example_branch_operator' retrieved from /home/airflow/.local/lib/python3.12/site-packages/airflow/example_dags/example_branch_operator.py
[2024-11-12T00:24:29.714+0000] {logging_mixin.py:188} INFO - [2024-11-12T00:24:29.714+0000] {dag.py:3096} INFO - Sync 1 DAGs
[2024-11-12T00:24:29.739+0000] {logging_mixin.py:188} INFO - [2024-11-12T00:24:29.739+0000] {dag.py:3954} INFO - Setting next_dagrun for example_branch_operator to 2024-11-11 00:00:00+00:00, run_after=2024-11-12 00:00:00+00:00
[2024-11-12T00:24:29.760+0000] {processor.py:183} INFO - Processing /home/airflow/.local/lib/python3.12/site-packages/airflow/example_dags/example_branch_operator.py took 0.102 seconds
[2024-11-12T00:25:00.210+0000] {processor.py:161} INFO - Started process (PID=2258) to work on /home/airflow/.local/lib/python3.12/site-packages/airflow/example_dags/example_branch_operator.py
[2024-11-12T00:25:00.211+0000] {processor.py:830} INFO - Processing file /home/airflow/.local/lib/python3.12/site-packages/airflow/example_dags/example_branch_operator.py for tasks to queue
[2024-11-12T00:25:00.213+0000] {logging_mixin.py:188} INFO - [2024-11-12T00:25:00.213+0000] {dagbag.py:545} INFO - Filling up the DagBag from /home/airflow/.local/lib/python3.12/site-packages/airflow/example_dags/example_branch_operator.py
[2024-11-12T00:25:00.231+0000] {processor.py:840} INFO - DAG(s) 'example_branch_operator' retrieved from /home/airflow/.local/lib/python3.12/site-packages/airflow/example_dags/example_branch_operator.py
[2024-11-12T00:25:00.261+0000] {logging_mixin.py:188} INFO - [2024-11-12T00:25:00.261+0000] {dag.py:3096} INFO - Sync 1 DAGs
[2024-11-12T00:25:00.285+0000] {logging_mixin.py:188} INFO - [2024-11-12T00:25:00.285+0000] {dag.py:3954} INFO - Setting next_dagrun for example_branch_operator to 2024-11-11 00:00:00+00:00, run_after=2024-11-12 00:00:00+00:00
[2024-11-12T00:25:00.306+0000] {processor.py:183} INFO - Processing /home/airflow/.local/lib/python3.12/site-packages/airflow/example_dags/example_branch_operator.py took 0.103 seconds
[2024-11-12T00:25:31.025+0000] {processor.py:161} INFO - Started process (PID=2317) to work on /home/airflow/.local/lib/python3.12/site-packages/airflow/example_dags/example_branch_operator.py
[2024-11-12T00:25:31.026+0000] {processor.py:830} INFO - Processing file /home/airflow/.local/lib/python3.12/site-packages/airflow/example_dags/example_branch_operator.py for tasks to queue
[2024-11-12T00:25:31.028+0000] {logging_mixin.py:188} INFO - [2024-11-12T00:25:31.027+0000] {dagbag.py:545} INFO - Filling up the DagBag from /home/airflow/.local/lib/python3.12/site-packages/airflow/example_dags/example_branch_operator.py
[2024-11-12T00:25:31.044+0000] {processor.py:840} INFO - DAG(s) 'example_branch_operator' retrieved from /home/airflow/.local/lib/python3.12/site-packages/airflow/example_dags/example_branch_operator.py
[2024-11-12T00:25:31.072+0000] {logging_mixin.py:188} INFO - [2024-11-12T00:25:31.072+0000] {dag.py:3096} INFO - Sync 1 DAGs
[2024-11-12T00:25:31.098+0000] {logging_mixin.py:188} INFO - [2024-11-12T00:25:31.098+0000] {dag.py:3954} INFO - Setting next_dagrun for example_branch_operator to 2024-11-11 00:00:00+00:00, run_after=2024-11-12 00:00:00+00:00
[2024-11-12T00:25:31.121+0000] {processor.py:183} INFO - Processing /home/airflow/.local/lib/python3.12/site-packages/airflow/example_dags/example_branch_operator.py took 0.102 seconds
