[2024-11-12T00:06:43.139+0000] {processor.py:161} INFO - Started process (PID=133) to work on /home/airflow/.local/lib/python3.12/site-packages/airflow/example_dags/example_bash_operator.py
[2024-11-12T00:06:43.140+0000] {processor.py:830} INFO - Processing file /home/airflow/.local/lib/python3.12/site-packages/airflow/example_dags/example_bash_operator.py for tasks to queue
[2024-11-12T00:06:43.143+0000] {logging_mixin.py:188} INFO - [2024-11-12T00:06:43.142+0000] {dagbag.py:545} INFO - Filling up the DagBag from /home/airflow/.local/lib/python3.12/site-packages/airflow/example_dags/example_bash_operator.py
[2024-11-12T00:06:43.162+0000] {processor.py:840} INFO - DAG(s) 'example_bash_operator' retrieved from /home/airflow/.local/lib/python3.12/site-packages/airflow/example_dags/example_bash_operator.py
[2024-11-12T00:06:43.282+0000] {logging_mixin.py:188} INFO - [2024-11-12T00:06:43.282+0000] {dag.py:3096} INFO - Sync 1 DAGs
[2024-11-12T00:06:43.302+0000] {logging_mixin.py:188} INFO - [2024-11-12T00:06:43.302+0000] {dag.py:3954} INFO - Setting next_dagrun for example_bash_operator to 2024-11-11 00:00:00+00:00, run_after=2024-11-12 00:00:00+00:00
[2024-11-12T00:06:43.322+0000] {processor.py:183} INFO - Processing /home/airflow/.local/lib/python3.12/site-packages/airflow/example_dags/example_bash_operator.py took 0.188 seconds
[2024-11-12T00:07:16.245+0000] {processor.py:161} INFO - Started process (PID=192) to work on /home/airflow/.local/lib/python3.12/site-packages/airflow/example_dags/example_bash_operator.py
[2024-11-12T00:07:16.247+0000] {processor.py:830} INFO - Processing file /home/airflow/.local/lib/python3.12/site-packages/airflow/example_dags/example_bash_operator.py for tasks to queue
[2024-11-12T00:07:16.249+0000] {logging_mixin.py:188} INFO - [2024-11-12T00:07:16.249+0000] {dagbag.py:545} INFO - Filling up the DagBag from /home/airflow/.local/lib/python3.12/site-packages/airflow/example_dags/example_bash_operator.py
[2024-11-12T00:07:16.262+0000] {processor.py:840} INFO - DAG(s) 'example_bash_operator' retrieved from /home/airflow/.local/lib/python3.12/site-packages/airflow/example_dags/example_bash_operator.py
[2024-11-12T00:07:16.290+0000] {logging_mixin.py:188} INFO - [2024-11-12T00:07:16.290+0000] {dag.py:3096} INFO - Sync 1 DAGs
[2024-11-12T00:07:16.312+0000] {logging_mixin.py:188} INFO - [2024-11-12T00:07:16.312+0000] {dag.py:3954} INFO - Setting next_dagrun for example_bash_operator to 2024-11-11 00:00:00+00:00, run_after=2024-11-12 00:00:00+00:00
[2024-11-12T00:07:16.331+0000] {processor.py:183} INFO - Processing /home/airflow/.local/lib/python3.12/site-packages/airflow/example_dags/example_bash_operator.py took 0.092 seconds
[2024-11-12T00:07:46.529+0000] {processor.py:161} INFO - Started process (PID=251) to work on /home/airflow/.local/lib/python3.12/site-packages/airflow/example_dags/example_bash_operator.py
[2024-11-12T00:07:46.530+0000] {processor.py:830} INFO - Processing file /home/airflow/.local/lib/python3.12/site-packages/airflow/example_dags/example_bash_operator.py for tasks to queue
[2024-11-12T00:07:46.533+0000] {logging_mixin.py:188} INFO - [2024-11-12T00:07:46.532+0000] {dagbag.py:545} INFO - Filling up the DagBag from /home/airflow/.local/lib/python3.12/site-packages/airflow/example_dags/example_bash_operator.py
[2024-11-12T00:07:46.548+0000] {processor.py:840} INFO - DAG(s) 'example_bash_operator' retrieved from /home/airflow/.local/lib/python3.12/site-packages/airflow/example_dags/example_bash_operator.py
[2024-11-12T00:07:46.584+0000] {logging_mixin.py:188} INFO - [2024-11-12T00:07:46.584+0000] {dag.py:3096} INFO - Sync 1 DAGs
[2024-11-12T00:07:46.614+0000] {logging_mixin.py:188} INFO - [2024-11-12T00:07:46.614+0000] {dag.py:3954} INFO - Setting next_dagrun for example_bash_operator to 2024-11-11 00:00:00+00:00, run_after=2024-11-12 00:00:00+00:00
[2024-11-12T00:07:46.637+0000] {processor.py:183} INFO - Processing /home/airflow/.local/lib/python3.12/site-packages/airflow/example_dags/example_bash_operator.py took 0.114 seconds
[2024-11-12T00:08:16.786+0000] {processor.py:161} INFO - Started process (PID=310) to work on /home/airflow/.local/lib/python3.12/site-packages/airflow/example_dags/example_bash_operator.py
[2024-11-12T00:08:16.787+0000] {processor.py:830} INFO - Processing file /home/airflow/.local/lib/python3.12/site-packages/airflow/example_dags/example_bash_operator.py for tasks to queue
[2024-11-12T00:08:16.789+0000] {logging_mixin.py:188} INFO - [2024-11-12T00:08:16.788+0000] {dagbag.py:545} INFO - Filling up the DagBag from /home/airflow/.local/lib/python3.12/site-packages/airflow/example_dags/example_bash_operator.py
[2024-11-12T00:08:16.800+0000] {processor.py:840} INFO - DAG(s) 'example_bash_operator' retrieved from /home/airflow/.local/lib/python3.12/site-packages/airflow/example_dags/example_bash_operator.py
[2024-11-12T00:08:16.827+0000] {logging_mixin.py:188} INFO - [2024-11-12T00:08:16.827+0000] {dag.py:3096} INFO - Sync 1 DAGs
[2024-11-12T00:08:16.849+0000] {logging_mixin.py:188} INFO - [2024-11-12T00:08:16.849+0000] {dag.py:3954} INFO - Setting next_dagrun for example_bash_operator to 2024-11-11 00:00:00+00:00, run_after=2024-11-12 00:00:00+00:00
[2024-11-12T00:08:16.867+0000] {processor.py:183} INFO - Processing /home/airflow/.local/lib/python3.12/site-packages/airflow/example_dags/example_bash_operator.py took 0.088 seconds
[2024-11-12T00:08:47.234+0000] {processor.py:161} INFO - Started process (PID=369) to work on /home/airflow/.local/lib/python3.12/site-packages/airflow/example_dags/example_bash_operator.py
[2024-11-12T00:08:47.235+0000] {processor.py:830} INFO - Processing file /home/airflow/.local/lib/python3.12/site-packages/airflow/example_dags/example_bash_operator.py for tasks to queue
[2024-11-12T00:08:47.237+0000] {logging_mixin.py:188} INFO - [2024-11-12T00:08:47.237+0000] {dagbag.py:545} INFO - Filling up the DagBag from /home/airflow/.local/lib/python3.12/site-packages/airflow/example_dags/example_bash_operator.py
[2024-11-12T00:08:47.250+0000] {processor.py:840} INFO - DAG(s) 'example_bash_operator' retrieved from /home/airflow/.local/lib/python3.12/site-packages/airflow/example_dags/example_bash_operator.py
[2024-11-12T00:08:47.280+0000] {logging_mixin.py:188} INFO - [2024-11-12T00:08:47.279+0000] {dag.py:3096} INFO - Sync 1 DAGs
[2024-11-12T00:08:47.301+0000] {logging_mixin.py:188} INFO - [2024-11-12T00:08:47.301+0000] {dag.py:3954} INFO - Setting next_dagrun for example_bash_operator to 2024-11-11 00:00:00+00:00, run_after=2024-11-12 00:00:00+00:00
[2024-11-12T00:08:47.319+0000] {processor.py:183} INFO - Processing /home/airflow/.local/lib/python3.12/site-packages/airflow/example_dags/example_bash_operator.py took 0.091 seconds
[2024-11-12T00:09:17.490+0000] {processor.py:161} INFO - Started process (PID=428) to work on /home/airflow/.local/lib/python3.12/site-packages/airflow/example_dags/example_bash_operator.py
[2024-11-12T00:09:17.491+0000] {processor.py:830} INFO - Processing file /home/airflow/.local/lib/python3.12/site-packages/airflow/example_dags/example_bash_operator.py for tasks to queue
[2024-11-12T00:09:17.493+0000] {logging_mixin.py:188} INFO - [2024-11-12T00:09:17.492+0000] {dagbag.py:545} INFO - Filling up the DagBag from /home/airflow/.local/lib/python3.12/site-packages/airflow/example_dags/example_bash_operator.py
[2024-11-12T00:09:17.504+0000] {processor.py:840} INFO - DAG(s) 'example_bash_operator' retrieved from /home/airflow/.local/lib/python3.12/site-packages/airflow/example_dags/example_bash_operator.py
[2024-11-12T00:09:17.531+0000] {logging_mixin.py:188} INFO - [2024-11-12T00:09:17.531+0000] {dag.py:3096} INFO - Sync 1 DAGs
[2024-11-12T00:09:17.555+0000] {logging_mixin.py:188} INFO - [2024-11-12T00:09:17.554+0000] {dag.py:3954} INFO - Setting next_dagrun for example_bash_operator to 2024-11-11 00:00:00+00:00, run_after=2024-11-12 00:00:00+00:00
[2024-11-12T00:09:17.572+0000] {processor.py:183} INFO - Processing /home/airflow/.local/lib/python3.12/site-packages/airflow/example_dags/example_bash_operator.py took 0.090 seconds
[2024-11-12T00:09:47.807+0000] {processor.py:161} INFO - Started process (PID=487) to work on /home/airflow/.local/lib/python3.12/site-packages/airflow/example_dags/example_bash_operator.py
[2024-11-12T00:09:47.808+0000] {processor.py:830} INFO - Processing file /home/airflow/.local/lib/python3.12/site-packages/airflow/example_dags/example_bash_operator.py for tasks to queue
[2024-11-12T00:09:47.811+0000] {logging_mixin.py:188} INFO - [2024-11-12T00:09:47.810+0000] {dagbag.py:545} INFO - Filling up the DagBag from /home/airflow/.local/lib/python3.12/site-packages/airflow/example_dags/example_bash_operator.py
[2024-11-12T00:09:47.824+0000] {processor.py:840} INFO - DAG(s) 'example_bash_operator' retrieved from /home/airflow/.local/lib/python3.12/site-packages/airflow/example_dags/example_bash_operator.py
[2024-11-12T00:09:47.854+0000] {logging_mixin.py:188} INFO - [2024-11-12T00:09:47.854+0000] {dag.py:3096} INFO - Sync 1 DAGs
[2024-11-12T00:09:47.876+0000] {logging_mixin.py:188} INFO - [2024-11-12T00:09:47.876+0000] {dag.py:3954} INFO - Setting next_dagrun for example_bash_operator to 2024-11-11 00:00:00+00:00, run_after=2024-11-12 00:00:00+00:00
[2024-11-12T00:09:47.894+0000] {processor.py:183} INFO - Processing /home/airflow/.local/lib/python3.12/site-packages/airflow/example_dags/example_bash_operator.py took 0.093 seconds
[2024-11-12T00:10:18.333+0000] {processor.py:161} INFO - Started process (PID=546) to work on /home/airflow/.local/lib/python3.12/site-packages/airflow/example_dags/example_bash_operator.py
[2024-11-12T00:10:18.334+0000] {processor.py:830} INFO - Processing file /home/airflow/.local/lib/python3.12/site-packages/airflow/example_dags/example_bash_operator.py for tasks to queue
[2024-11-12T00:10:18.336+0000] {logging_mixin.py:188} INFO - [2024-11-12T00:10:18.336+0000] {dagbag.py:545} INFO - Filling up the DagBag from /home/airflow/.local/lib/python3.12/site-packages/airflow/example_dags/example_bash_operator.py
[2024-11-12T00:10:18.348+0000] {processor.py:840} INFO - DAG(s) 'example_bash_operator' retrieved from /home/airflow/.local/lib/python3.12/site-packages/airflow/example_dags/example_bash_operator.py
[2024-11-12T00:10:18.488+0000] {logging_mixin.py:188} INFO - [2024-11-12T00:10:18.488+0000] {dag.py:3096} INFO - Sync 1 DAGs
[2024-11-12T00:10:18.513+0000] {logging_mixin.py:188} INFO - [2024-11-12T00:10:18.513+0000] {dag.py:3954} INFO - Setting next_dagrun for example_bash_operator to 2024-11-11 00:00:00+00:00, run_after=2024-11-12 00:00:00+00:00
[2024-11-12T00:10:18.536+0000] {processor.py:183} INFO - Processing /home/airflow/.local/lib/python3.12/site-packages/airflow/example_dags/example_bash_operator.py took 0.209 seconds
[2024-11-12T00:10:48.801+0000] {processor.py:161} INFO - Started process (PID=604) to work on /home/airflow/.local/lib/python3.12/site-packages/airflow/example_dags/example_bash_operator.py
[2024-11-12T00:10:48.802+0000] {processor.py:830} INFO - Processing file /home/airflow/.local/lib/python3.12/site-packages/airflow/example_dags/example_bash_operator.py for tasks to queue
[2024-11-12T00:10:48.804+0000] {logging_mixin.py:188} INFO - [2024-11-12T00:10:48.804+0000] {dagbag.py:545} INFO - Filling up the DagBag from /home/airflow/.local/lib/python3.12/site-packages/airflow/example_dags/example_bash_operator.py
[2024-11-12T00:10:48.817+0000] {processor.py:840} INFO - DAG(s) 'example_bash_operator' retrieved from /home/airflow/.local/lib/python3.12/site-packages/airflow/example_dags/example_bash_operator.py
[2024-11-12T00:10:48.854+0000] {logging_mixin.py:188} INFO - [2024-11-12T00:10:48.854+0000] {dag.py:3096} INFO - Sync 1 DAGs
[2024-11-12T00:10:48.878+0000] {logging_mixin.py:188} INFO - [2024-11-12T00:10:48.878+0000] {dag.py:3954} INFO - Setting next_dagrun for example_bash_operator to 2024-11-11 00:00:00+00:00, run_after=2024-11-12 00:00:00+00:00
[2024-11-12T00:10:48.896+0000] {processor.py:183} INFO - Processing /home/airflow/.local/lib/python3.12/site-packages/airflow/example_dags/example_bash_operator.py took 0.101 seconds
[2024-11-12T00:11:19.239+0000] {processor.py:161} INFO - Started process (PID=664) to work on /home/airflow/.local/lib/python3.12/site-packages/airflow/example_dags/example_bash_operator.py
[2024-11-12T00:11:19.240+0000] {processor.py:830} INFO - Processing file /home/airflow/.local/lib/python3.12/site-packages/airflow/example_dags/example_bash_operator.py for tasks to queue
[2024-11-12T00:11:19.243+0000] {logging_mixin.py:188} INFO - [2024-11-12T00:11:19.242+0000] {dagbag.py:545} INFO - Filling up the DagBag from /home/airflow/.local/lib/python3.12/site-packages/airflow/example_dags/example_bash_operator.py
[2024-11-12T00:11:19.254+0000] {processor.py:840} INFO - DAG(s) 'example_bash_operator' retrieved from /home/airflow/.local/lib/python3.12/site-packages/airflow/example_dags/example_bash_operator.py
[2024-11-12T00:11:19.282+0000] {logging_mixin.py:188} INFO - [2024-11-12T00:11:19.282+0000] {dag.py:3096} INFO - Sync 1 DAGs
[2024-11-12T00:11:19.304+0000] {logging_mixin.py:188} INFO - [2024-11-12T00:11:19.304+0000] {dag.py:3954} INFO - Setting next_dagrun for example_bash_operator to 2024-11-11 00:00:00+00:00, run_after=2024-11-12 00:00:00+00:00
[2024-11-12T00:11:19.322+0000] {processor.py:183} INFO - Processing /home/airflow/.local/lib/python3.12/site-packages/airflow/example_dags/example_bash_operator.py took 0.091 seconds
[2024-11-12T00:11:50.010+0000] {processor.py:161} INFO - Started process (PID=723) to work on /home/airflow/.local/lib/python3.12/site-packages/airflow/example_dags/example_bash_operator.py
[2024-11-12T00:11:50.016+0000] {processor.py:830} INFO - Processing file /home/airflow/.local/lib/python3.12/site-packages/airflow/example_dags/example_bash_operator.py for tasks to queue
[2024-11-12T00:11:50.018+0000] {logging_mixin.py:188} INFO - [2024-11-12T00:11:50.018+0000] {dagbag.py:545} INFO - Filling up the DagBag from /home/airflow/.local/lib/python3.12/site-packages/airflow/example_dags/example_bash_operator.py
[2024-11-12T00:11:50.030+0000] {processor.py:840} INFO - DAG(s) 'example_bash_operator' retrieved from /home/airflow/.local/lib/python3.12/site-packages/airflow/example_dags/example_bash_operator.py
[2024-11-12T00:11:50.149+0000] {logging_mixin.py:188} INFO - [2024-11-12T00:11:50.149+0000] {dag.py:3096} INFO - Sync 1 DAGs
[2024-11-12T00:11:50.171+0000] {logging_mixin.py:188} INFO - [2024-11-12T00:11:50.170+0000] {dag.py:3954} INFO - Setting next_dagrun for example_bash_operator to 2024-11-11 00:00:00+00:00, run_after=2024-11-12 00:00:00+00:00
[2024-11-12T00:11:50.197+0000] {processor.py:183} INFO - Processing /home/airflow/.local/lib/python3.12/site-packages/airflow/example_dags/example_bash_operator.py took 0.193 seconds
[2024-11-12T00:12:20.942+0000] {processor.py:161} INFO - Started process (PID=782) to work on /home/airflow/.local/lib/python3.12/site-packages/airflow/example_dags/example_bash_operator.py
[2024-11-12T00:12:20.944+0000] {processor.py:830} INFO - Processing file /home/airflow/.local/lib/python3.12/site-packages/airflow/example_dags/example_bash_operator.py for tasks to queue
[2024-11-12T00:12:20.946+0000] {logging_mixin.py:188} INFO - [2024-11-12T00:12:20.946+0000] {dagbag.py:545} INFO - Filling up the DagBag from /home/airflow/.local/lib/python3.12/site-packages/airflow/example_dags/example_bash_operator.py
[2024-11-12T00:12:20.957+0000] {processor.py:840} INFO - DAG(s) 'example_bash_operator' retrieved from /home/airflow/.local/lib/python3.12/site-packages/airflow/example_dags/example_bash_operator.py
[2024-11-12T00:12:20.987+0000] {logging_mixin.py:188} INFO - [2024-11-12T00:12:20.987+0000] {dag.py:3096} INFO - Sync 1 DAGs
[2024-11-12T00:12:21.009+0000] {logging_mixin.py:188} INFO - [2024-11-12T00:12:21.008+0000] {dag.py:3954} INFO - Setting next_dagrun for example_bash_operator to 2024-11-11 00:00:00+00:00, run_after=2024-11-12 00:00:00+00:00
[2024-11-12T00:12:21.026+0000] {processor.py:183} INFO - Processing /home/airflow/.local/lib/python3.12/site-packages/airflow/example_dags/example_bash_operator.py took 0.090 seconds
[2024-11-12T00:12:51.349+0000] {processor.py:161} INFO - Started process (PID=847) to work on /home/airflow/.local/lib/python3.12/site-packages/airflow/example_dags/example_bash_operator.py
[2024-11-12T00:12:51.350+0000] {processor.py:830} INFO - Processing file /home/airflow/.local/lib/python3.12/site-packages/airflow/example_dags/example_bash_operator.py for tasks to queue
[2024-11-12T00:12:51.352+0000] {logging_mixin.py:188} INFO - [2024-11-12T00:12:51.352+0000] {dagbag.py:545} INFO - Filling up the DagBag from /home/airflow/.local/lib/python3.12/site-packages/airflow/example_dags/example_bash_operator.py
[2024-11-12T00:12:51.363+0000] {processor.py:840} INFO - DAG(s) 'example_bash_operator' retrieved from /home/airflow/.local/lib/python3.12/site-packages/airflow/example_dags/example_bash_operator.py
[2024-11-12T00:12:51.391+0000] {logging_mixin.py:188} INFO - [2024-11-12T00:12:51.390+0000] {dag.py:3096} INFO - Sync 1 DAGs
[2024-11-12T00:12:51.413+0000] {logging_mixin.py:188} INFO - [2024-11-12T00:12:51.413+0000] {dag.py:3954} INFO - Setting next_dagrun for example_bash_operator to 2024-11-11 00:00:00+00:00, run_after=2024-11-12 00:00:00+00:00
[2024-11-12T00:12:51.434+0000] {processor.py:183} INFO - Processing /home/airflow/.local/lib/python3.12/site-packages/airflow/example_dags/example_bash_operator.py took 0.090 seconds
[2024-11-12T00:13:21.610+0000] {processor.py:161} INFO - Started process (PID=906) to work on /home/airflow/.local/lib/python3.12/site-packages/airflow/example_dags/example_bash_operator.py
[2024-11-12T00:13:21.611+0000] {processor.py:830} INFO - Processing file /home/airflow/.local/lib/python3.12/site-packages/airflow/example_dags/example_bash_operator.py for tasks to queue
[2024-11-12T00:13:21.614+0000] {logging_mixin.py:188} INFO - [2024-11-12T00:13:21.613+0000] {dagbag.py:545} INFO - Filling up the DagBag from /home/airflow/.local/lib/python3.12/site-packages/airflow/example_dags/example_bash_operator.py
[2024-11-12T00:13:21.628+0000] {processor.py:840} INFO - DAG(s) 'example_bash_operator' retrieved from /home/airflow/.local/lib/python3.12/site-packages/airflow/example_dags/example_bash_operator.py
[2024-11-12T00:13:21.670+0000] {logging_mixin.py:188} INFO - [2024-11-12T00:13:21.669+0000] {dag.py:3096} INFO - Sync 1 DAGs
[2024-11-12T00:13:21.694+0000] {logging_mixin.py:188} INFO - [2024-11-12T00:13:21.693+0000] {dag.py:3954} INFO - Setting next_dagrun for example_bash_operator to 2024-11-11 00:00:00+00:00, run_after=2024-11-12 00:00:00+00:00
[2024-11-12T00:13:21.711+0000] {processor.py:183} INFO - Processing /home/airflow/.local/lib/python3.12/site-packages/airflow/example_dags/example_bash_operator.py took 0.108 seconds
[2024-11-12T00:13:52.267+0000] {processor.py:161} INFO - Started process (PID=965) to work on /home/airflow/.local/lib/python3.12/site-packages/airflow/example_dags/example_bash_operator.py
[2024-11-12T00:13:52.268+0000] {processor.py:830} INFO - Processing file /home/airflow/.local/lib/python3.12/site-packages/airflow/example_dags/example_bash_operator.py for tasks to queue
[2024-11-12T00:13:52.271+0000] {logging_mixin.py:188} INFO - [2024-11-12T00:13:52.270+0000] {dagbag.py:545} INFO - Filling up the DagBag from /home/airflow/.local/lib/python3.12/site-packages/airflow/example_dags/example_bash_operator.py
[2024-11-12T00:13:52.282+0000] {processor.py:840} INFO - DAG(s) 'example_bash_operator' retrieved from /home/airflow/.local/lib/python3.12/site-packages/airflow/example_dags/example_bash_operator.py
[2024-11-12T00:13:52.309+0000] {logging_mixin.py:188} INFO - [2024-11-12T00:13:52.309+0000] {dag.py:3096} INFO - Sync 1 DAGs
[2024-11-12T00:13:52.330+0000] {logging_mixin.py:188} INFO - [2024-11-12T00:13:52.330+0000] {dag.py:3954} INFO - Setting next_dagrun for example_bash_operator to 2024-11-11 00:00:00+00:00, run_after=2024-11-12 00:00:00+00:00
[2024-11-12T00:13:52.349+0000] {processor.py:183} INFO - Processing /home/airflow/.local/lib/python3.12/site-packages/airflow/example_dags/example_bash_operator.py took 0.088 seconds
[2024-11-12T00:14:22.494+0000] {processor.py:161} INFO - Started process (PID=1024) to work on /home/airflow/.local/lib/python3.12/site-packages/airflow/example_dags/example_bash_operator.py
[2024-11-12T00:14:22.495+0000] {processor.py:830} INFO - Processing file /home/airflow/.local/lib/python3.12/site-packages/airflow/example_dags/example_bash_operator.py for tasks to queue
[2024-11-12T00:14:22.498+0000] {logging_mixin.py:188} INFO - [2024-11-12T00:14:22.497+0000] {dagbag.py:545} INFO - Filling up the DagBag from /home/airflow/.local/lib/python3.12/site-packages/airflow/example_dags/example_bash_operator.py
[2024-11-12T00:14:22.509+0000] {processor.py:840} INFO - DAG(s) 'example_bash_operator' retrieved from /home/airflow/.local/lib/python3.12/site-packages/airflow/example_dags/example_bash_operator.py
[2024-11-12T00:14:22.537+0000] {logging_mixin.py:188} INFO - [2024-11-12T00:14:22.537+0000] {dag.py:3096} INFO - Sync 1 DAGs
[2024-11-12T00:14:22.560+0000] {logging_mixin.py:188} INFO - [2024-11-12T00:14:22.559+0000] {dag.py:3954} INFO - Setting next_dagrun for example_bash_operator to 2024-11-11 00:00:00+00:00, run_after=2024-11-12 00:00:00+00:00
[2024-11-12T00:14:22.576+0000] {processor.py:183} INFO - Processing /home/airflow/.local/lib/python3.12/site-packages/airflow/example_dags/example_bash_operator.py took 0.087 seconds
[2024-11-12T00:14:52.696+0000] {processor.py:161} INFO - Started process (PID=1083) to work on /home/airflow/.local/lib/python3.12/site-packages/airflow/example_dags/example_bash_operator.py
[2024-11-12T00:14:52.697+0000] {processor.py:830} INFO - Processing file /home/airflow/.local/lib/python3.12/site-packages/airflow/example_dags/example_bash_operator.py for tasks to queue
[2024-11-12T00:14:52.699+0000] {logging_mixin.py:188} INFO - [2024-11-12T00:14:52.699+0000] {dagbag.py:545} INFO - Filling up the DagBag from /home/airflow/.local/lib/python3.12/site-packages/airflow/example_dags/example_bash_operator.py
[2024-11-12T00:14:52.711+0000] {processor.py:840} INFO - DAG(s) 'example_bash_operator' retrieved from /home/airflow/.local/lib/python3.12/site-packages/airflow/example_dags/example_bash_operator.py
[2024-11-12T00:14:52.741+0000] {logging_mixin.py:188} INFO - [2024-11-12T00:14:52.741+0000] {dag.py:3096} INFO - Sync 1 DAGs
[2024-11-12T00:14:52.766+0000] {logging_mixin.py:188} INFO - [2024-11-12T00:14:52.766+0000] {dag.py:3954} INFO - Setting next_dagrun for example_bash_operator to 2024-11-11 00:00:00+00:00, run_after=2024-11-12 00:00:00+00:00
[2024-11-12T00:14:52.786+0000] {processor.py:183} INFO - Processing /home/airflow/.local/lib/python3.12/site-packages/airflow/example_dags/example_bash_operator.py took 0.096 seconds
[2024-11-12T00:15:23.229+0000] {processor.py:161} INFO - Started process (PID=1142) to work on /home/airflow/.local/lib/python3.12/site-packages/airflow/example_dags/example_bash_operator.py
[2024-11-12T00:15:23.230+0000] {processor.py:830} INFO - Processing file /home/airflow/.local/lib/python3.12/site-packages/airflow/example_dags/example_bash_operator.py for tasks to queue
[2024-11-12T00:15:23.232+0000] {logging_mixin.py:188} INFO - [2024-11-12T00:15:23.232+0000] {dagbag.py:545} INFO - Filling up the DagBag from /home/airflow/.local/lib/python3.12/site-packages/airflow/example_dags/example_bash_operator.py
[2024-11-12T00:15:23.245+0000] {processor.py:840} INFO - DAG(s) 'example_bash_operator' retrieved from /home/airflow/.local/lib/python3.12/site-packages/airflow/example_dags/example_bash_operator.py
[2024-11-12T00:15:23.275+0000] {logging_mixin.py:188} INFO - [2024-11-12T00:15:23.275+0000] {dag.py:3096} INFO - Sync 1 DAGs
[2024-11-12T00:15:23.303+0000] {logging_mixin.py:188} INFO - [2024-11-12T00:15:23.303+0000] {dag.py:3954} INFO - Setting next_dagrun for example_bash_operator to 2024-11-11 00:00:00+00:00, run_after=2024-11-12 00:00:00+00:00
[2024-11-12T00:15:23.320+0000] {processor.py:183} INFO - Processing /home/airflow/.local/lib/python3.12/site-packages/airflow/example_dags/example_bash_operator.py took 0.097 seconds
[2024-11-12T00:15:53.499+0000] {processor.py:161} INFO - Started process (PID=1201) to work on /home/airflow/.local/lib/python3.12/site-packages/airflow/example_dags/example_bash_operator.py
[2024-11-12T00:15:53.501+0000] {processor.py:830} INFO - Processing file /home/airflow/.local/lib/python3.12/site-packages/airflow/example_dags/example_bash_operator.py for tasks to queue
[2024-11-12T00:15:53.503+0000] {logging_mixin.py:188} INFO - [2024-11-12T00:15:53.502+0000] {dagbag.py:545} INFO - Filling up the DagBag from /home/airflow/.local/lib/python3.12/site-packages/airflow/example_dags/example_bash_operator.py
[2024-11-12T00:15:53.514+0000] {processor.py:840} INFO - DAG(s) 'example_bash_operator' retrieved from /home/airflow/.local/lib/python3.12/site-packages/airflow/example_dags/example_bash_operator.py
[2024-11-12T00:15:53.542+0000] {logging_mixin.py:188} INFO - [2024-11-12T00:15:53.542+0000] {dag.py:3096} INFO - Sync 1 DAGs
[2024-11-12T00:15:53.563+0000] {logging_mixin.py:188} INFO - [2024-11-12T00:15:53.563+0000] {dag.py:3954} INFO - Setting next_dagrun for example_bash_operator to 2024-11-11 00:00:00+00:00, run_after=2024-11-12 00:00:00+00:00
[2024-11-12T00:15:53.581+0000] {processor.py:183} INFO - Processing /home/airflow/.local/lib/python3.12/site-packages/airflow/example_dags/example_bash_operator.py took 0.087 seconds
[2024-11-12T00:16:23.745+0000] {processor.py:161} INFO - Started process (PID=1260) to work on /home/airflow/.local/lib/python3.12/site-packages/airflow/example_dags/example_bash_operator.py
[2024-11-12T00:16:23.746+0000] {processor.py:830} INFO - Processing file /home/airflow/.local/lib/python3.12/site-packages/airflow/example_dags/example_bash_operator.py for tasks to queue
[2024-11-12T00:16:23.748+0000] {logging_mixin.py:188} INFO - [2024-11-12T00:16:23.748+0000] {dagbag.py:545} INFO - Filling up the DagBag from /home/airflow/.local/lib/python3.12/site-packages/airflow/example_dags/example_bash_operator.py
[2024-11-12T00:16:23.760+0000] {processor.py:840} INFO - DAG(s) 'example_bash_operator' retrieved from /home/airflow/.local/lib/python3.12/site-packages/airflow/example_dags/example_bash_operator.py
[2024-11-12T00:16:23.788+0000] {logging_mixin.py:188} INFO - [2024-11-12T00:16:23.788+0000] {dag.py:3096} INFO - Sync 1 DAGs
[2024-11-12T00:16:23.810+0000] {logging_mixin.py:188} INFO - [2024-11-12T00:16:23.810+0000] {dag.py:3954} INFO - Setting next_dagrun for example_bash_operator to 2024-11-11 00:00:00+00:00, run_after=2024-11-12 00:00:00+00:00
[2024-11-12T00:16:23.829+0000] {processor.py:183} INFO - Processing /home/airflow/.local/lib/python3.12/site-packages/airflow/example_dags/example_bash_operator.py took 0.090 seconds
[2024-11-12T00:16:54.965+0000] {processor.py:161} INFO - Started process (PID=1319) to work on /home/airflow/.local/lib/python3.12/site-packages/airflow/example_dags/example_bash_operator.py
[2024-11-12T00:16:54.966+0000] {processor.py:830} INFO - Processing file /home/airflow/.local/lib/python3.12/site-packages/airflow/example_dags/example_bash_operator.py for tasks to queue
[2024-11-12T00:16:54.968+0000] {logging_mixin.py:188} INFO - [2024-11-12T00:16:54.967+0000] {dagbag.py:545} INFO - Filling up the DagBag from /home/airflow/.local/lib/python3.12/site-packages/airflow/example_dags/example_bash_operator.py
[2024-11-12T00:16:54.979+0000] {processor.py:840} INFO - DAG(s) 'example_bash_operator' retrieved from /home/airflow/.local/lib/python3.12/site-packages/airflow/example_dags/example_bash_operator.py
[2024-11-12T00:16:55.105+0000] {logging_mixin.py:188} INFO - [2024-11-12T00:16:55.104+0000] {dag.py:3096} INFO - Sync 1 DAGs
[2024-11-12T00:16:55.145+0000] {logging_mixin.py:188} INFO - [2024-11-12T00:16:55.144+0000] {dag.py:3954} INFO - Setting next_dagrun for example_bash_operator to 2024-11-11 00:00:00+00:00, run_after=2024-11-12 00:00:00+00:00
[2024-11-12T00:16:55.182+0000] {processor.py:183} INFO - Processing /home/airflow/.local/lib/python3.12/site-packages/airflow/example_dags/example_bash_operator.py took 0.224 seconds
[2024-11-12T00:17:26.195+0000] {processor.py:161} INFO - Started process (PID=1378) to work on /home/airflow/.local/lib/python3.12/site-packages/airflow/example_dags/example_bash_operator.py
[2024-11-12T00:17:26.196+0000] {processor.py:830} INFO - Processing file /home/airflow/.local/lib/python3.12/site-packages/airflow/example_dags/example_bash_operator.py for tasks to queue
[2024-11-12T00:17:26.198+0000] {logging_mixin.py:188} INFO - [2024-11-12T00:17:26.198+0000] {dagbag.py:545} INFO - Filling up the DagBag from /home/airflow/.local/lib/python3.12/site-packages/airflow/example_dags/example_bash_operator.py
[2024-11-12T00:17:26.217+0000] {processor.py:840} INFO - DAG(s) 'example_bash_operator' retrieved from /home/airflow/.local/lib/python3.12/site-packages/airflow/example_dags/example_bash_operator.py
[2024-11-12T00:17:26.284+0000] {logging_mixin.py:188} INFO - [2024-11-12T00:17:26.284+0000] {dag.py:3096} INFO - Sync 1 DAGs
[2024-11-12T00:17:26.325+0000] {logging_mixin.py:188} INFO - [2024-11-12T00:17:26.324+0000] {dag.py:3954} INFO - Setting next_dagrun for example_bash_operator to 2024-11-11 00:00:00+00:00, run_after=2024-11-12 00:00:00+00:00
[2024-11-12T00:17:26.357+0000] {processor.py:183} INFO - Processing /home/airflow/.local/lib/python3.12/site-packages/airflow/example_dags/example_bash_operator.py took 0.172 seconds
[2024-11-12T00:17:57.078+0000] {processor.py:161} INFO - Started process (PID=1437) to work on /home/airflow/.local/lib/python3.12/site-packages/airflow/example_dags/example_bash_operator.py
[2024-11-12T00:17:57.080+0000] {processor.py:830} INFO - Processing file /home/airflow/.local/lib/python3.12/site-packages/airflow/example_dags/example_bash_operator.py for tasks to queue
[2024-11-12T00:17:57.082+0000] {logging_mixin.py:188} INFO - [2024-11-12T00:17:57.082+0000] {dagbag.py:545} INFO - Filling up the DagBag from /home/airflow/.local/lib/python3.12/site-packages/airflow/example_dags/example_bash_operator.py
[2024-11-12T00:17:57.093+0000] {processor.py:840} INFO - DAG(s) 'example_bash_operator' retrieved from /home/airflow/.local/lib/python3.12/site-packages/airflow/example_dags/example_bash_operator.py
[2024-11-12T00:17:57.122+0000] {logging_mixin.py:188} INFO - [2024-11-12T00:17:57.121+0000] {dag.py:3096} INFO - Sync 1 DAGs
[2024-11-12T00:17:57.142+0000] {logging_mixin.py:188} INFO - [2024-11-12T00:17:57.142+0000] {dag.py:3954} INFO - Setting next_dagrun for example_bash_operator to 2024-11-11 00:00:00+00:00, run_after=2024-11-12 00:00:00+00:00
[2024-11-12T00:17:57.161+0000] {processor.py:183} INFO - Processing /home/airflow/.local/lib/python3.12/site-packages/airflow/example_dags/example_bash_operator.py took 0.089 seconds
[2024-11-12T00:18:27.676+0000] {processor.py:161} INFO - Started process (PID=1496) to work on /home/airflow/.local/lib/python3.12/site-packages/airflow/example_dags/example_bash_operator.py
[2024-11-12T00:18:27.677+0000] {processor.py:830} INFO - Processing file /home/airflow/.local/lib/python3.12/site-packages/airflow/example_dags/example_bash_operator.py for tasks to queue
[2024-11-12T00:18:27.679+0000] {logging_mixin.py:188} INFO - [2024-11-12T00:18:27.679+0000] {dagbag.py:545} INFO - Filling up the DagBag from /home/airflow/.local/lib/python3.12/site-packages/airflow/example_dags/example_bash_operator.py
[2024-11-12T00:18:27.692+0000] {processor.py:840} INFO - DAG(s) 'example_bash_operator' retrieved from /home/airflow/.local/lib/python3.12/site-packages/airflow/example_dags/example_bash_operator.py
[2024-11-12T00:18:27.728+0000] {logging_mixin.py:188} INFO - [2024-11-12T00:18:27.728+0000] {dag.py:3096} INFO - Sync 1 DAGs
[2024-11-12T00:18:27.763+0000] {logging_mixin.py:188} INFO - [2024-11-12T00:18:27.763+0000] {dag.py:3954} INFO - Setting next_dagrun for example_bash_operator to 2024-11-11 00:00:00+00:00, run_after=2024-11-12 00:00:00+00:00
[2024-11-12T00:18:27.785+0000] {processor.py:183} INFO - Processing /home/airflow/.local/lib/python3.12/site-packages/airflow/example_dags/example_bash_operator.py took 0.115 seconds
[2024-11-12T00:18:58.189+0000] {processor.py:161} INFO - Started process (PID=1556) to work on /home/airflow/.local/lib/python3.12/site-packages/airflow/example_dags/example_bash_operator.py
[2024-11-12T00:18:58.190+0000] {processor.py:830} INFO - Processing file /home/airflow/.local/lib/python3.12/site-packages/airflow/example_dags/example_bash_operator.py for tasks to queue
[2024-11-12T00:18:58.192+0000] {logging_mixin.py:188} INFO - [2024-11-12T00:18:58.192+0000] {dagbag.py:545} INFO - Filling up the DagBag from /home/airflow/.local/lib/python3.12/site-packages/airflow/example_dags/example_bash_operator.py
[2024-11-12T00:18:58.204+0000] {processor.py:840} INFO - DAG(s) 'example_bash_operator' retrieved from /home/airflow/.local/lib/python3.12/site-packages/airflow/example_dags/example_bash_operator.py
[2024-11-12T00:18:58.231+0000] {logging_mixin.py:188} INFO - [2024-11-12T00:18:58.231+0000] {dag.py:3096} INFO - Sync 1 DAGs
[2024-11-12T00:18:58.252+0000] {logging_mixin.py:188} INFO - [2024-11-12T00:18:58.251+0000] {dag.py:3954} INFO - Setting next_dagrun for example_bash_operator to 2024-11-11 00:00:00+00:00, run_after=2024-11-12 00:00:00+00:00
[2024-11-12T00:18:58.269+0000] {processor.py:183} INFO - Processing /home/airflow/.local/lib/python3.12/site-packages/airflow/example_dags/example_bash_operator.py took 0.086 seconds
[2024-11-12T00:19:28.823+0000] {processor.py:161} INFO - Started process (PID=1615) to work on /home/airflow/.local/lib/python3.12/site-packages/airflow/example_dags/example_bash_operator.py
[2024-11-12T00:19:28.824+0000] {processor.py:830} INFO - Processing file /home/airflow/.local/lib/python3.12/site-packages/airflow/example_dags/example_bash_operator.py for tasks to queue
[2024-11-12T00:19:28.827+0000] {logging_mixin.py:188} INFO - [2024-11-12T00:19:28.827+0000] {dagbag.py:545} INFO - Filling up the DagBag from /home/airflow/.local/lib/python3.12/site-packages/airflow/example_dags/example_bash_operator.py
[2024-11-12T00:19:28.852+0000] {processor.py:840} INFO - DAG(s) 'example_bash_operator' retrieved from /home/airflow/.local/lib/python3.12/site-packages/airflow/example_dags/example_bash_operator.py
[2024-11-12T00:19:28.906+0000] {logging_mixin.py:188} INFO - [2024-11-12T00:19:28.906+0000] {dag.py:3096} INFO - Sync 1 DAGs
[2024-11-12T00:19:28.940+0000] {logging_mixin.py:188} INFO - [2024-11-12T00:19:28.939+0000] {dag.py:3954} INFO - Setting next_dagrun for example_bash_operator to 2024-11-11 00:00:00+00:00, run_after=2024-11-12 00:00:00+00:00
[2024-11-12T00:19:28.973+0000] {processor.py:183} INFO - Processing /home/airflow/.local/lib/python3.12/site-packages/airflow/example_dags/example_bash_operator.py took 0.159 seconds
[2024-11-12T00:19:59.152+0000] {processor.py:161} INFO - Started process (PID=1674) to work on /home/airflow/.local/lib/python3.12/site-packages/airflow/example_dags/example_bash_operator.py
[2024-11-12T00:19:59.152+0000] {processor.py:830} INFO - Processing file /home/airflow/.local/lib/python3.12/site-packages/airflow/example_dags/example_bash_operator.py for tasks to queue
[2024-11-12T00:19:59.155+0000] {logging_mixin.py:188} INFO - [2024-11-12T00:19:59.154+0000] {dagbag.py:545} INFO - Filling up the DagBag from /home/airflow/.local/lib/python3.12/site-packages/airflow/example_dags/example_bash_operator.py
[2024-11-12T00:19:59.168+0000] {processor.py:840} INFO - DAG(s) 'example_bash_operator' retrieved from /home/airflow/.local/lib/python3.12/site-packages/airflow/example_dags/example_bash_operator.py
[2024-11-12T00:19:59.202+0000] {logging_mixin.py:188} INFO - [2024-11-12T00:19:59.201+0000] {dag.py:3096} INFO - Sync 1 DAGs
[2024-11-12T00:19:59.225+0000] {logging_mixin.py:188} INFO - [2024-11-12T00:19:59.225+0000] {dag.py:3954} INFO - Setting next_dagrun for example_bash_operator to 2024-11-11 00:00:00+00:00, run_after=2024-11-12 00:00:00+00:00
[2024-11-12T00:19:59.246+0000] {processor.py:183} INFO - Processing /home/airflow/.local/lib/python3.12/site-packages/airflow/example_dags/example_bash_operator.py took 0.103 seconds
[2024-11-12T00:20:29.508+0000] {processor.py:161} INFO - Started process (PID=1733) to work on /home/airflow/.local/lib/python3.12/site-packages/airflow/example_dags/example_bash_operator.py
[2024-11-12T00:20:29.509+0000] {processor.py:830} INFO - Processing file /home/airflow/.local/lib/python3.12/site-packages/airflow/example_dags/example_bash_operator.py for tasks to queue
[2024-11-12T00:20:29.511+0000] {logging_mixin.py:188} INFO - [2024-11-12T00:20:29.511+0000] {dagbag.py:545} INFO - Filling up the DagBag from /home/airflow/.local/lib/python3.12/site-packages/airflow/example_dags/example_bash_operator.py
[2024-11-12T00:20:29.523+0000] {processor.py:840} INFO - DAG(s) 'example_bash_operator' retrieved from /home/airflow/.local/lib/python3.12/site-packages/airflow/example_dags/example_bash_operator.py
[2024-11-12T00:20:29.552+0000] {logging_mixin.py:188} INFO - [2024-11-12T00:20:29.552+0000] {dag.py:3096} INFO - Sync 1 DAGs
[2024-11-12T00:20:29.573+0000] {logging_mixin.py:188} INFO - [2024-11-12T00:20:29.573+0000] {dag.py:3954} INFO - Setting next_dagrun for example_bash_operator to 2024-11-11 00:00:00+00:00, run_after=2024-11-12 00:00:00+00:00
[2024-11-12T00:20:29.592+0000] {processor.py:183} INFO - Processing /home/airflow/.local/lib/python3.12/site-packages/airflow/example_dags/example_bash_operator.py took 0.090 seconds
[2024-11-12T00:20:59.823+0000] {processor.py:161} INFO - Started process (PID=1792) to work on /home/airflow/.local/lib/python3.12/site-packages/airflow/example_dags/example_bash_operator.py
[2024-11-12T00:20:59.824+0000] {processor.py:830} INFO - Processing file /home/airflow/.local/lib/python3.12/site-packages/airflow/example_dags/example_bash_operator.py for tasks to queue
[2024-11-12T00:20:59.826+0000] {logging_mixin.py:188} INFO - [2024-11-12T00:20:59.826+0000] {dagbag.py:545} INFO - Filling up the DagBag from /home/airflow/.local/lib/python3.12/site-packages/airflow/example_dags/example_bash_operator.py
[2024-11-12T00:20:59.837+0000] {processor.py:840} INFO - DAG(s) 'example_bash_operator' retrieved from /home/airflow/.local/lib/python3.12/site-packages/airflow/example_dags/example_bash_operator.py
[2024-11-12T00:20:59.865+0000] {logging_mixin.py:188} INFO - [2024-11-12T00:20:59.865+0000] {dag.py:3096} INFO - Sync 1 DAGs
[2024-11-12T00:20:59.887+0000] {logging_mixin.py:188} INFO - [2024-11-12T00:20:59.887+0000] {dag.py:3954} INFO - Setting next_dagrun for example_bash_operator to 2024-11-11 00:00:00+00:00, run_after=2024-11-12 00:00:00+00:00
[2024-11-12T00:20:59.906+0000] {processor.py:183} INFO - Processing /home/airflow/.local/lib/python3.12/site-packages/airflow/example_dags/example_bash_operator.py took 0.088 seconds
[2024-11-12T00:21:30.403+0000] {processor.py:161} INFO - Started process (PID=1852) to work on /home/airflow/.local/lib/python3.12/site-packages/airflow/example_dags/example_bash_operator.py
[2024-11-12T00:21:30.404+0000] {processor.py:830} INFO - Processing file /home/airflow/.local/lib/python3.12/site-packages/airflow/example_dags/example_bash_operator.py for tasks to queue
[2024-11-12T00:21:30.407+0000] {logging_mixin.py:188} INFO - [2024-11-12T00:21:30.406+0000] {dagbag.py:545} INFO - Filling up the DagBag from /home/airflow/.local/lib/python3.12/site-packages/airflow/example_dags/example_bash_operator.py
[2024-11-12T00:21:30.418+0000] {processor.py:840} INFO - DAG(s) 'example_bash_operator' retrieved from /home/airflow/.local/lib/python3.12/site-packages/airflow/example_dags/example_bash_operator.py
[2024-11-12T00:21:30.448+0000] {logging_mixin.py:188} INFO - [2024-11-12T00:21:30.447+0000] {dag.py:3096} INFO - Sync 1 DAGs
[2024-11-12T00:21:30.475+0000] {logging_mixin.py:188} INFO - [2024-11-12T00:21:30.475+0000] {dag.py:3954} INFO - Setting next_dagrun for example_bash_operator to 2024-11-11 00:00:00+00:00, run_after=2024-11-12 00:00:00+00:00
[2024-11-12T00:21:30.496+0000] {processor.py:183} INFO - Processing /home/airflow/.local/lib/python3.12/site-packages/airflow/example_dags/example_bash_operator.py took 0.100 seconds
[2024-11-12T00:22:01.362+0000] {processor.py:161} INFO - Started process (PID=1911) to work on /home/airflow/.local/lib/python3.12/site-packages/airflow/example_dags/example_bash_operator.py
[2024-11-12T00:22:01.363+0000] {processor.py:830} INFO - Processing file /home/airflow/.local/lib/python3.12/site-packages/airflow/example_dags/example_bash_operator.py for tasks to queue
[2024-11-12T00:22:01.366+0000] {logging_mixin.py:188} INFO - [2024-11-12T00:22:01.365+0000] {dagbag.py:545} INFO - Filling up the DagBag from /home/airflow/.local/lib/python3.12/site-packages/airflow/example_dags/example_bash_operator.py
[2024-11-12T00:22:01.377+0000] {processor.py:840} INFO - DAG(s) 'example_bash_operator' retrieved from /home/airflow/.local/lib/python3.12/site-packages/airflow/example_dags/example_bash_operator.py
[2024-11-12T00:22:01.493+0000] {logging_mixin.py:188} INFO - [2024-11-12T00:22:01.492+0000] {dag.py:3096} INFO - Sync 1 DAGs
[2024-11-12T00:22:01.512+0000] {logging_mixin.py:188} INFO - [2024-11-12T00:22:01.512+0000] {dag.py:3954} INFO - Setting next_dagrun for example_bash_operator to 2024-11-11 00:00:00+00:00, run_after=2024-11-12 00:00:00+00:00
[2024-11-12T00:22:01.531+0000] {processor.py:183} INFO - Processing /home/airflow/.local/lib/python3.12/site-packages/airflow/example_dags/example_bash_operator.py took 0.174 seconds
[2024-11-12T00:22:31.920+0000] {processor.py:161} INFO - Started process (PID=1970) to work on /home/airflow/.local/lib/python3.12/site-packages/airflow/example_dags/example_bash_operator.py
[2024-11-12T00:22:31.921+0000] {processor.py:830} INFO - Processing file /home/airflow/.local/lib/python3.12/site-packages/airflow/example_dags/example_bash_operator.py for tasks to queue
[2024-11-12T00:22:31.923+0000] {logging_mixin.py:188} INFO - [2024-11-12T00:22:31.923+0000] {dagbag.py:545} INFO - Filling up the DagBag from /home/airflow/.local/lib/python3.12/site-packages/airflow/example_dags/example_bash_operator.py
[2024-11-12T00:22:31.934+0000] {processor.py:840} INFO - DAG(s) 'example_bash_operator' retrieved from /home/airflow/.local/lib/python3.12/site-packages/airflow/example_dags/example_bash_operator.py
[2024-11-12T00:22:31.963+0000] {logging_mixin.py:188} INFO - [2024-11-12T00:22:31.963+0000] {dag.py:3096} INFO - Sync 1 DAGs
[2024-11-12T00:22:31.989+0000] {logging_mixin.py:188} INFO - [2024-11-12T00:22:31.989+0000] {dag.py:3954} INFO - Setting next_dagrun for example_bash_operator to 2024-11-11 00:00:00+00:00, run_after=2024-11-12 00:00:00+00:00
[2024-11-12T00:22:32.009+0000] {processor.py:183} INFO - Processing /home/airflow/.local/lib/python3.12/site-packages/airflow/example_dags/example_bash_operator.py took 0.096 seconds
[2024-11-12T00:23:02.177+0000] {processor.py:161} INFO - Started process (PID=2029) to work on /home/airflow/.local/lib/python3.12/site-packages/airflow/example_dags/example_bash_operator.py
[2024-11-12T00:23:02.178+0000] {processor.py:830} INFO - Processing file /home/airflow/.local/lib/python3.12/site-packages/airflow/example_dags/example_bash_operator.py for tasks to queue
[2024-11-12T00:23:02.180+0000] {logging_mixin.py:188} INFO - [2024-11-12T00:23:02.180+0000] {dagbag.py:545} INFO - Filling up the DagBag from /home/airflow/.local/lib/python3.12/site-packages/airflow/example_dags/example_bash_operator.py
[2024-11-12T00:23:02.195+0000] {processor.py:840} INFO - DAG(s) 'example_bash_operator' retrieved from /home/airflow/.local/lib/python3.12/site-packages/airflow/example_dags/example_bash_operator.py
[2024-11-12T00:23:02.225+0000] {logging_mixin.py:188} INFO - [2024-11-12T00:23:02.225+0000] {dag.py:3096} INFO - Sync 1 DAGs
[2024-11-12T00:23:02.250+0000] {logging_mixin.py:188} INFO - [2024-11-12T00:23:02.249+0000] {dag.py:3954} INFO - Setting next_dagrun for example_bash_operator to 2024-11-11 00:00:00+00:00, run_after=2024-11-12 00:00:00+00:00
[2024-11-12T00:23:02.268+0000] {processor.py:183} INFO - Processing /home/airflow/.local/lib/python3.12/site-packages/airflow/example_dags/example_bash_operator.py took 0.097 seconds
[2024-11-12T00:23:32.655+0000] {processor.py:161} INFO - Started process (PID=2091) to work on /home/airflow/.local/lib/python3.12/site-packages/airflow/example_dags/example_bash_operator.py
[2024-11-12T00:23:32.656+0000] {processor.py:830} INFO - Processing file /home/airflow/.local/lib/python3.12/site-packages/airflow/example_dags/example_bash_operator.py for tasks to queue
[2024-11-12T00:23:32.659+0000] {logging_mixin.py:188} INFO - [2024-11-12T00:23:32.659+0000] {dagbag.py:545} INFO - Filling up the DagBag from /home/airflow/.local/lib/python3.12/site-packages/airflow/example_dags/example_bash_operator.py
[2024-11-12T00:23:32.683+0000] {processor.py:840} INFO - DAG(s) 'example_bash_operator' retrieved from /home/airflow/.local/lib/python3.12/site-packages/airflow/example_dags/example_bash_operator.py
[2024-11-12T00:23:32.732+0000] {logging_mixin.py:188} INFO - [2024-11-12T00:23:32.731+0000] {dag.py:3096} INFO - Sync 1 DAGs
[2024-11-12T00:23:32.780+0000] {logging_mixin.py:188} INFO - [2024-11-12T00:23:32.780+0000] {dag.py:3954} INFO - Setting next_dagrun for example_bash_operator to 2024-11-11 00:00:00+00:00, run_after=2024-11-12 00:00:00+00:00
[2024-11-12T00:23:32.817+0000] {processor.py:183} INFO - Processing /home/airflow/.local/lib/python3.12/site-packages/airflow/example_dags/example_bash_operator.py took 0.173 seconds
[2024-11-12T00:24:03.704+0000] {processor.py:161} INFO - Started process (PID=2150) to work on /home/airflow/.local/lib/python3.12/site-packages/airflow/example_dags/example_bash_operator.py
[2024-11-12T00:24:03.705+0000] {processor.py:830} INFO - Processing file /home/airflow/.local/lib/python3.12/site-packages/airflow/example_dags/example_bash_operator.py for tasks to queue
[2024-11-12T00:24:03.707+0000] {logging_mixin.py:188} INFO - [2024-11-12T00:24:03.707+0000] {dagbag.py:545} INFO - Filling up the DagBag from /home/airflow/.local/lib/python3.12/site-packages/airflow/example_dags/example_bash_operator.py
[2024-11-12T00:24:03.718+0000] {processor.py:840} INFO - DAG(s) 'example_bash_operator' retrieved from /home/airflow/.local/lib/python3.12/site-packages/airflow/example_dags/example_bash_operator.py
[2024-11-12T00:24:03.746+0000] {logging_mixin.py:188} INFO - [2024-11-12T00:24:03.746+0000] {dag.py:3096} INFO - Sync 1 DAGs
[2024-11-12T00:24:03.766+0000] {logging_mixin.py:188} INFO - [2024-11-12T00:24:03.766+0000] {dag.py:3954} INFO - Setting next_dagrun for example_bash_operator to 2024-11-11 00:00:00+00:00, run_after=2024-11-12 00:00:00+00:00
[2024-11-12T00:24:03.783+0000] {processor.py:183} INFO - Processing /home/airflow/.local/lib/python3.12/site-packages/airflow/example_dags/example_bash_operator.py took 0.085 seconds
[2024-11-12T00:24:34.364+0000] {processor.py:161} INFO - Started process (PID=2209) to work on /home/airflow/.local/lib/python3.12/site-packages/airflow/example_dags/example_bash_operator.py
[2024-11-12T00:24:34.365+0000] {processor.py:830} INFO - Processing file /home/airflow/.local/lib/python3.12/site-packages/airflow/example_dags/example_bash_operator.py for tasks to queue
[2024-11-12T00:24:34.367+0000] {logging_mixin.py:188} INFO - [2024-11-12T00:24:34.367+0000] {dagbag.py:545} INFO - Filling up the DagBag from /home/airflow/.local/lib/python3.12/site-packages/airflow/example_dags/example_bash_operator.py
[2024-11-12T00:24:34.379+0000] {processor.py:840} INFO - DAG(s) 'example_bash_operator' retrieved from /home/airflow/.local/lib/python3.12/site-packages/airflow/example_dags/example_bash_operator.py
[2024-11-12T00:24:34.407+0000] {logging_mixin.py:188} INFO - [2024-11-12T00:24:34.407+0000] {dag.py:3096} INFO - Sync 1 DAGs
[2024-11-12T00:24:34.430+0000] {logging_mixin.py:188} INFO - [2024-11-12T00:24:34.430+0000] {dag.py:3954} INFO - Setting next_dagrun for example_bash_operator to 2024-11-11 00:00:00+00:00, run_after=2024-11-12 00:00:00+00:00
[2024-11-12T00:24:34.447+0000] {processor.py:183} INFO - Processing /home/airflow/.local/lib/python3.12/site-packages/airflow/example_dags/example_bash_operator.py took 0.089 seconds
[2024-11-12T00:25:04.894+0000] {processor.py:161} INFO - Started process (PID=2268) to work on /home/airflow/.local/lib/python3.12/site-packages/airflow/example_dags/example_bash_operator.py
[2024-11-12T00:25:04.895+0000] {processor.py:830} INFO - Processing file /home/airflow/.local/lib/python3.12/site-packages/airflow/example_dags/example_bash_operator.py for tasks to queue
[2024-11-12T00:25:04.898+0000] {logging_mixin.py:188} INFO - [2024-11-12T00:25:04.897+0000] {dagbag.py:545} INFO - Filling up the DagBag from /home/airflow/.local/lib/python3.12/site-packages/airflow/example_dags/example_bash_operator.py
[2024-11-12T00:25:04.913+0000] {processor.py:840} INFO - DAG(s) 'example_bash_operator' retrieved from /home/airflow/.local/lib/python3.12/site-packages/airflow/example_dags/example_bash_operator.py
[2024-11-12T00:25:04.949+0000] {logging_mixin.py:188} INFO - [2024-11-12T00:25:04.949+0000] {dag.py:3096} INFO - Sync 1 DAGs
[2024-11-12T00:25:04.974+0000] {logging_mixin.py:188} INFO - [2024-11-12T00:25:04.974+0000] {dag.py:3954} INFO - Setting next_dagrun for example_bash_operator to 2024-11-11 00:00:00+00:00, run_after=2024-11-12 00:00:00+00:00
[2024-11-12T00:25:04.994+0000] {processor.py:183} INFO - Processing /home/airflow/.local/lib/python3.12/site-packages/airflow/example_dags/example_bash_operator.py took 0.107 seconds
