[2024-11-12T00:06:46.799+0000] {processor.py:161} INFO - Started process (PID=164) to work on /home/airflow/.local/lib/python3.12/site-packages/airflow/example_dags/example_latest_only.py
[2024-11-12T00:06:46.801+0000] {processor.py:830} INFO - Processing file /home/airflow/.local/lib/python3.12/site-packages/airflow/example_dags/example_latest_only.py for tasks to queue
[2024-11-12T00:06:46.803+0000] {logging_mixin.py:188} INFO - [2024-11-12T00:06:46.803+0000] {dagbag.py:545} INFO - Filling up the DagBag from /home/airflow/.local/lib/python3.12/site-packages/airflow/example_dags/example_latest_only.py
[2024-11-12T00:06:46.810+0000] {processor.py:840} INFO - DAG(s) 'latest_only' retrieved from /home/airflow/.local/lib/python3.12/site-packages/airflow/example_dags/example_latest_only.py
[2024-11-12T00:06:46.923+0000] {logging_mixin.py:188} INFO - [2024-11-12T00:06:46.923+0000] {dag.py:3096} INFO - Sync 1 DAGs
[2024-11-12T00:06:46.946+0000] {logging_mixin.py:188} INFO - [2024-11-12T00:06:46.945+0000] {dag.py:3954} INFO - Setting next_dagrun for latest_only to 2024-11-11 20:00:00+00:00, run_after=2024-11-12 00:00:00+00:00
[2024-11-12T00:06:46.966+0000] {processor.py:183} INFO - Processing /home/airflow/.local/lib/python3.12/site-packages/airflow/example_dags/example_latest_only.py took 0.174 seconds
[2024-11-12T00:07:18.142+0000] {processor.py:161} INFO - Started process (PID=223) to work on /home/airflow/.local/lib/python3.12/site-packages/airflow/example_dags/example_latest_only.py
[2024-11-12T00:07:18.150+0000] {processor.py:830} INFO - Processing file /home/airflow/.local/lib/python3.12/site-packages/airflow/example_dags/example_latest_only.py for tasks to queue
[2024-11-12T00:07:18.153+0000] {logging_mixin.py:188} INFO - [2024-11-12T00:07:18.152+0000] {dagbag.py:545} INFO - Filling up the DagBag from /home/airflow/.local/lib/python3.12/site-packages/airflow/example_dags/example_latest_only.py
[2024-11-12T00:07:18.158+0000] {processor.py:840} INFO - DAG(s) 'latest_only' retrieved from /home/airflow/.local/lib/python3.12/site-packages/airflow/example_dags/example_latest_only.py
[2024-11-12T00:07:18.177+0000] {logging_mixin.py:188} INFO - [2024-11-12T00:07:18.177+0000] {dag.py:3096} INFO - Sync 1 DAGs
[2024-11-12T00:07:18.199+0000] {logging_mixin.py:188} INFO - [2024-11-12T00:07:18.199+0000] {dag.py:3954} INFO - Setting next_dagrun for latest_only to 2024-11-11 20:00:00+00:00, run_after=2024-11-12 00:00:00+00:00
[2024-11-12T00:07:18.218+0000] {processor.py:183} INFO - Processing /home/airflow/.local/lib/python3.12/site-packages/airflow/example_dags/example_latest_only.py took 0.081 seconds
[2024-11-12T00:07:48.432+0000] {processor.py:161} INFO - Started process (PID=282) to work on /home/airflow/.local/lib/python3.12/site-packages/airflow/example_dags/example_latest_only.py
[2024-11-12T00:07:48.433+0000] {processor.py:830} INFO - Processing file /home/airflow/.local/lib/python3.12/site-packages/airflow/example_dags/example_latest_only.py for tasks to queue
[2024-11-12T00:07:48.436+0000] {logging_mixin.py:188} INFO - [2024-11-12T00:07:48.435+0000] {dagbag.py:545} INFO - Filling up the DagBag from /home/airflow/.local/lib/python3.12/site-packages/airflow/example_dags/example_latest_only.py
[2024-11-12T00:07:48.441+0000] {processor.py:840} INFO - DAG(s) 'latest_only' retrieved from /home/airflow/.local/lib/python3.12/site-packages/airflow/example_dags/example_latest_only.py
[2024-11-12T00:07:48.461+0000] {logging_mixin.py:188} INFO - [2024-11-12T00:07:48.461+0000] {dag.py:3096} INFO - Sync 1 DAGs
[2024-11-12T00:07:48.483+0000] {logging_mixin.py:188} INFO - [2024-11-12T00:07:48.483+0000] {dag.py:3954} INFO - Setting next_dagrun for latest_only to 2024-11-11 20:00:00+00:00, run_after=2024-11-12 00:00:00+00:00
[2024-11-12T00:07:48.501+0000] {processor.py:183} INFO - Processing /home/airflow/.local/lib/python3.12/site-packages/airflow/example_dags/example_latest_only.py took 0.075 seconds
[2024-11-12T00:08:18.851+0000] {processor.py:161} INFO - Started process (PID=341) to work on /home/airflow/.local/lib/python3.12/site-packages/airflow/example_dags/example_latest_only.py
[2024-11-12T00:08:18.852+0000] {processor.py:830} INFO - Processing file /home/airflow/.local/lib/python3.12/site-packages/airflow/example_dags/example_latest_only.py for tasks to queue
[2024-11-12T00:08:18.854+0000] {logging_mixin.py:188} INFO - [2024-11-12T00:08:18.853+0000] {dagbag.py:545} INFO - Filling up the DagBag from /home/airflow/.local/lib/python3.12/site-packages/airflow/example_dags/example_latest_only.py
[2024-11-12T00:08:18.859+0000] {processor.py:840} INFO - DAG(s) 'latest_only' retrieved from /home/airflow/.local/lib/python3.12/site-packages/airflow/example_dags/example_latest_only.py
[2024-11-12T00:08:18.878+0000] {logging_mixin.py:188} INFO - [2024-11-12T00:08:18.877+0000] {dag.py:3096} INFO - Sync 1 DAGs
[2024-11-12T00:08:18.898+0000] {logging_mixin.py:188} INFO - [2024-11-12T00:08:18.898+0000] {dag.py:3954} INFO - Setting next_dagrun for latest_only to 2024-11-11 20:00:00+00:00, run_after=2024-11-12 00:00:00+00:00
[2024-11-12T00:08:18.916+0000] {processor.py:183} INFO - Processing /home/airflow/.local/lib/python3.12/site-packages/airflow/example_dags/example_latest_only.py took 0.071 seconds
[2024-11-12T00:08:49.089+0000] {processor.py:161} INFO - Started process (PID=400) to work on /home/airflow/.local/lib/python3.12/site-packages/airflow/example_dags/example_latest_only.py
[2024-11-12T00:08:49.090+0000] {processor.py:830} INFO - Processing file /home/airflow/.local/lib/python3.12/site-packages/airflow/example_dags/example_latest_only.py for tasks to queue
[2024-11-12T00:08:49.094+0000] {logging_mixin.py:188} INFO - [2024-11-12T00:08:49.093+0000] {dagbag.py:545} INFO - Filling up the DagBag from /home/airflow/.local/lib/python3.12/site-packages/airflow/example_dags/example_latest_only.py
[2024-11-12T00:08:49.100+0000] {processor.py:840} INFO - DAG(s) 'latest_only' retrieved from /home/airflow/.local/lib/python3.12/site-packages/airflow/example_dags/example_latest_only.py
[2024-11-12T00:08:49.126+0000] {logging_mixin.py:188} INFO - [2024-11-12T00:08:49.126+0000] {dag.py:3096} INFO - Sync 1 DAGs
[2024-11-12T00:08:49.149+0000] {logging_mixin.py:188} INFO - [2024-11-12T00:08:49.149+0000] {dag.py:3954} INFO - Setting next_dagrun for latest_only to 2024-11-11 20:00:00+00:00, run_after=2024-11-12 00:00:00+00:00
[2024-11-12T00:08:49.168+0000] {processor.py:183} INFO - Processing /home/airflow/.local/lib/python3.12/site-packages/airflow/example_dags/example_latest_only.py took 0.086 seconds
[2024-11-12T00:09:19.509+0000] {processor.py:161} INFO - Started process (PID=459) to work on /home/airflow/.local/lib/python3.12/site-packages/airflow/example_dags/example_latest_only.py
[2024-11-12T00:09:19.510+0000] {processor.py:830} INFO - Processing file /home/airflow/.local/lib/python3.12/site-packages/airflow/example_dags/example_latest_only.py for tasks to queue
[2024-11-12T00:09:19.512+0000] {logging_mixin.py:188} INFO - [2024-11-12T00:09:19.512+0000] {dagbag.py:545} INFO - Filling up the DagBag from /home/airflow/.local/lib/python3.12/site-packages/airflow/example_dags/example_latest_only.py
[2024-11-12T00:09:19.517+0000] {processor.py:840} INFO - DAG(s) 'latest_only' retrieved from /home/airflow/.local/lib/python3.12/site-packages/airflow/example_dags/example_latest_only.py
[2024-11-12T00:09:19.538+0000] {logging_mixin.py:188} INFO - [2024-11-12T00:09:19.537+0000] {dag.py:3096} INFO - Sync 1 DAGs
[2024-11-12T00:09:19.559+0000] {logging_mixin.py:188} INFO - [2024-11-12T00:09:19.559+0000] {dag.py:3954} INFO - Setting next_dagrun for latest_only to 2024-11-11 20:00:00+00:00, run_after=2024-11-12 00:00:00+00:00
[2024-11-12T00:09:19.578+0000] {processor.py:183} INFO - Processing /home/airflow/.local/lib/python3.12/site-packages/airflow/example_dags/example_latest_only.py took 0.075 seconds
[2024-11-12T00:09:49.650+0000] {processor.py:161} INFO - Started process (PID=518) to work on /home/airflow/.local/lib/python3.12/site-packages/airflow/example_dags/example_latest_only.py
[2024-11-12T00:09:49.651+0000] {processor.py:830} INFO - Processing file /home/airflow/.local/lib/python3.12/site-packages/airflow/example_dags/example_latest_only.py for tasks to queue
[2024-11-12T00:09:49.653+0000] {logging_mixin.py:188} INFO - [2024-11-12T00:09:49.653+0000] {dagbag.py:545} INFO - Filling up the DagBag from /home/airflow/.local/lib/python3.12/site-packages/airflow/example_dags/example_latest_only.py
[2024-11-12T00:09:49.659+0000] {processor.py:840} INFO - DAG(s) 'latest_only' retrieved from /home/airflow/.local/lib/python3.12/site-packages/airflow/example_dags/example_latest_only.py
[2024-11-12T00:09:49.680+0000] {logging_mixin.py:188} INFO - [2024-11-12T00:09:49.680+0000] {dag.py:3096} INFO - Sync 1 DAGs
[2024-11-12T00:09:49.701+0000] {logging_mixin.py:188} INFO - [2024-11-12T00:09:49.701+0000] {dag.py:3954} INFO - Setting next_dagrun for latest_only to 2024-11-11 20:00:00+00:00, run_after=2024-11-12 00:00:00+00:00
[2024-11-12T00:09:49.720+0000] {processor.py:183} INFO - Processing /home/airflow/.local/lib/python3.12/site-packages/airflow/example_dags/example_latest_only.py took 0.076 seconds
[2024-11-12T00:10:21.989+0000] {processor.py:161} INFO - Started process (PID=582) to work on /home/airflow/.local/lib/python3.12/site-packages/airflow/example_dags/example_latest_only.py
[2024-11-12T00:10:21.990+0000] {processor.py:830} INFO - Processing file /home/airflow/.local/lib/python3.12/site-packages/airflow/example_dags/example_latest_only.py for tasks to queue
[2024-11-12T00:10:21.993+0000] {logging_mixin.py:188} INFO - [2024-11-12T00:10:21.992+0000] {dagbag.py:545} INFO - Filling up the DagBag from /home/airflow/.local/lib/python3.12/site-packages/airflow/example_dags/example_latest_only.py
[2024-11-12T00:10:21.999+0000] {processor.py:840} INFO - DAG(s) 'latest_only' retrieved from /home/airflow/.local/lib/python3.12/site-packages/airflow/example_dags/example_latest_only.py
[2024-11-12T00:10:22.126+0000] {logging_mixin.py:188} INFO - [2024-11-12T00:10:22.125+0000] {dag.py:3096} INFO - Sync 1 DAGs
[2024-11-12T00:10:22.144+0000] {logging_mixin.py:188} INFO - [2024-11-12T00:10:22.144+0000] {dag.py:3954} INFO - Setting next_dagrun for latest_only to 2024-11-11 20:00:00+00:00, run_after=2024-11-12 00:00:00+00:00
[2024-11-12T00:10:22.166+0000] {processor.py:183} INFO - Processing /home/airflow/.local/lib/python3.12/site-packages/airflow/example_dags/example_latest_only.py took 0.184 seconds
[2024-11-12T00:10:52.981+0000] {processor.py:161} INFO - Started process (PID=642) to work on /home/airflow/.local/lib/python3.12/site-packages/airflow/example_dags/example_latest_only.py
[2024-11-12T00:10:52.982+0000] {processor.py:830} INFO - Processing file /home/airflow/.local/lib/python3.12/site-packages/airflow/example_dags/example_latest_only.py for tasks to queue
[2024-11-12T00:10:52.984+0000] {logging_mixin.py:188} INFO - [2024-11-12T00:10:52.984+0000] {dagbag.py:545} INFO - Filling up the DagBag from /home/airflow/.local/lib/python3.12/site-packages/airflow/example_dags/example_latest_only.py
[2024-11-12T00:10:52.990+0000] {processor.py:840} INFO - DAG(s) 'latest_only' retrieved from /home/airflow/.local/lib/python3.12/site-packages/airflow/example_dags/example_latest_only.py
[2024-11-12T00:10:53.009+0000] {logging_mixin.py:188} INFO - [2024-11-12T00:10:53.009+0000] {dag.py:3096} INFO - Sync 1 DAGs
[2024-11-12T00:10:53.032+0000] {logging_mixin.py:188} INFO - [2024-11-12T00:10:53.031+0000] {dag.py:3954} INFO - Setting next_dagrun for latest_only to 2024-11-11 20:00:00+00:00, run_after=2024-11-12 00:00:00+00:00
[2024-11-12T00:10:53.050+0000] {processor.py:183} INFO - Processing /home/airflow/.local/lib/python3.12/site-packages/airflow/example_dags/example_latest_only.py took 0.076 seconds
[2024-11-12T00:11:23.893+0000] {processor.py:161} INFO - Started process (PID=701) to work on /home/airflow/.local/lib/python3.12/site-packages/airflow/example_dags/example_latest_only.py
[2024-11-12T00:11:23.894+0000] {processor.py:830} INFO - Processing file /home/airflow/.local/lib/python3.12/site-packages/airflow/example_dags/example_latest_only.py for tasks to queue
[2024-11-12T00:11:23.896+0000] {logging_mixin.py:188} INFO - [2024-11-12T00:11:23.896+0000] {dagbag.py:545} INFO - Filling up the DagBag from /home/airflow/.local/lib/python3.12/site-packages/airflow/example_dags/example_latest_only.py
[2024-11-12T00:11:23.902+0000] {processor.py:840} INFO - DAG(s) 'latest_only' retrieved from /home/airflow/.local/lib/python3.12/site-packages/airflow/example_dags/example_latest_only.py
[2024-11-12T00:11:23.925+0000] {logging_mixin.py:188} INFO - [2024-11-12T00:11:23.924+0000] {dag.py:3096} INFO - Sync 1 DAGs
[2024-11-12T00:11:23.954+0000] {logging_mixin.py:188} INFO - [2024-11-12T00:11:23.953+0000] {dag.py:3954} INFO - Setting next_dagrun for latest_only to 2024-11-11 20:00:00+00:00, run_after=2024-11-12 00:00:00+00:00
[2024-11-12T00:11:23.974+0000] {processor.py:183} INFO - Processing /home/airflow/.local/lib/python3.12/site-packages/airflow/example_dags/example_latest_only.py took 0.087 seconds
[2024-11-12T00:11:55.286+0000] {processor.py:161} INFO - Started process (PID=760) to work on /home/airflow/.local/lib/python3.12/site-packages/airflow/example_dags/example_latest_only.py
[2024-11-12T00:11:55.290+0000] {processor.py:830} INFO - Processing file /home/airflow/.local/lib/python3.12/site-packages/airflow/example_dags/example_latest_only.py for tasks to queue
[2024-11-12T00:11:55.293+0000] {logging_mixin.py:188} INFO - [2024-11-12T00:11:55.292+0000] {dagbag.py:545} INFO - Filling up the DagBag from /home/airflow/.local/lib/python3.12/site-packages/airflow/example_dags/example_latest_only.py
[2024-11-12T00:11:55.298+0000] {processor.py:840} INFO - DAG(s) 'latest_only' retrieved from /home/airflow/.local/lib/python3.12/site-packages/airflow/example_dags/example_latest_only.py
[2024-11-12T00:11:55.408+0000] {logging_mixin.py:188} INFO - [2024-11-12T00:11:55.407+0000] {dag.py:3096} INFO - Sync 1 DAGs
[2024-11-12T00:11:55.430+0000] {logging_mixin.py:188} INFO - [2024-11-12T00:11:55.430+0000] {dag.py:3954} INFO - Setting next_dagrun for latest_only to 2024-11-11 20:00:00+00:00, run_after=2024-11-12 00:00:00+00:00
[2024-11-12T00:11:55.454+0000] {processor.py:183} INFO - Processing /home/airflow/.local/lib/python3.12/site-packages/airflow/example_dags/example_latest_only.py took 0.174 seconds
[2024-11-12T00:12:25.915+0000] {processor.py:161} INFO - Started process (PID=819) to work on /home/airflow/.local/lib/python3.12/site-packages/airflow/example_dags/example_latest_only.py
[2024-11-12T00:12:25.917+0000] {processor.py:830} INFO - Processing file /home/airflow/.local/lib/python3.12/site-packages/airflow/example_dags/example_latest_only.py for tasks to queue
[2024-11-12T00:12:25.919+0000] {logging_mixin.py:188} INFO - [2024-11-12T00:12:25.919+0000] {dagbag.py:545} INFO - Filling up the DagBag from /home/airflow/.local/lib/python3.12/site-packages/airflow/example_dags/example_latest_only.py
[2024-11-12T00:12:25.925+0000] {processor.py:840} INFO - DAG(s) 'latest_only' retrieved from /home/airflow/.local/lib/python3.12/site-packages/airflow/example_dags/example_latest_only.py
[2024-11-12T00:12:25.955+0000] {logging_mixin.py:188} INFO - [2024-11-12T00:12:25.954+0000] {dag.py:3096} INFO - Sync 1 DAGs
[2024-11-12T00:12:25.991+0000] {logging_mixin.py:188} INFO - [2024-11-12T00:12:25.990+0000] {dag.py:3954} INFO - Setting next_dagrun for latest_only to 2024-11-11 20:00:00+00:00, run_after=2024-11-12 00:00:00+00:00
[2024-11-12T00:12:26.019+0000] {processor.py:183} INFO - Processing /home/airflow/.local/lib/python3.12/site-packages/airflow/example_dags/example_latest_only.py took 0.112 seconds
[2024-11-12T00:12:56.395+0000] {processor.py:161} INFO - Started process (PID=878) to work on /home/airflow/.local/lib/python3.12/site-packages/airflow/example_dags/example_latest_only.py
[2024-11-12T00:12:56.396+0000] {processor.py:830} INFO - Processing file /home/airflow/.local/lib/python3.12/site-packages/airflow/example_dags/example_latest_only.py for tasks to queue
[2024-11-12T00:12:56.398+0000] {logging_mixin.py:188} INFO - [2024-11-12T00:12:56.398+0000] {dagbag.py:545} INFO - Filling up the DagBag from /home/airflow/.local/lib/python3.12/site-packages/airflow/example_dags/example_latest_only.py
[2024-11-12T00:12:56.403+0000] {processor.py:840} INFO - DAG(s) 'latest_only' retrieved from /home/airflow/.local/lib/python3.12/site-packages/airflow/example_dags/example_latest_only.py
[2024-11-12T00:12:56.424+0000] {logging_mixin.py:188} INFO - [2024-11-12T00:12:56.424+0000] {dag.py:3096} INFO - Sync 1 DAGs
[2024-11-12T00:12:56.445+0000] {logging_mixin.py:188} INFO - [2024-11-12T00:12:56.445+0000] {dag.py:3954} INFO - Setting next_dagrun for latest_only to 2024-11-11 20:00:00+00:00, run_after=2024-11-12 00:00:00+00:00
[2024-11-12T00:12:56.463+0000] {processor.py:183} INFO - Processing /home/airflow/.local/lib/python3.12/site-packages/airflow/example_dags/example_latest_only.py took 0.073 seconds
[2024-11-12T00:13:26.946+0000] {processor.py:161} INFO - Started process (PID=937) to work on /home/airflow/.local/lib/python3.12/site-packages/airflow/example_dags/example_latest_only.py
[2024-11-12T00:13:26.947+0000] {processor.py:830} INFO - Processing file /home/airflow/.local/lib/python3.12/site-packages/airflow/example_dags/example_latest_only.py for tasks to queue
[2024-11-12T00:13:26.949+0000] {logging_mixin.py:188} INFO - [2024-11-12T00:13:26.949+0000] {dagbag.py:545} INFO - Filling up the DagBag from /home/airflow/.local/lib/python3.12/site-packages/airflow/example_dags/example_latest_only.py
[2024-11-12T00:13:26.955+0000] {processor.py:840} INFO - DAG(s) 'latest_only' retrieved from /home/airflow/.local/lib/python3.12/site-packages/airflow/example_dags/example_latest_only.py
[2024-11-12T00:13:26.976+0000] {logging_mixin.py:188} INFO - [2024-11-12T00:13:26.975+0000] {dag.py:3096} INFO - Sync 1 DAGs
[2024-11-12T00:13:26.997+0000] {logging_mixin.py:188} INFO - [2024-11-12T00:13:26.997+0000] {dag.py:3954} INFO - Setting next_dagrun for latest_only to 2024-11-11 20:00:00+00:00, run_after=2024-11-12 00:00:00+00:00
[2024-11-12T00:13:27.016+0000] {processor.py:183} INFO - Processing /home/airflow/.local/lib/python3.12/site-packages/airflow/example_dags/example_latest_only.py took 0.076 seconds
[2024-11-12T00:13:57.124+0000] {processor.py:161} INFO - Started process (PID=996) to work on /home/airflow/.local/lib/python3.12/site-packages/airflow/example_dags/example_latest_only.py
[2024-11-12T00:13:57.125+0000] {processor.py:830} INFO - Processing file /home/airflow/.local/lib/python3.12/site-packages/airflow/example_dags/example_latest_only.py for tasks to queue
[2024-11-12T00:13:57.127+0000] {logging_mixin.py:188} INFO - [2024-11-12T00:13:57.127+0000] {dagbag.py:545} INFO - Filling up the DagBag from /home/airflow/.local/lib/python3.12/site-packages/airflow/example_dags/example_latest_only.py
[2024-11-12T00:13:57.133+0000] {processor.py:840} INFO - DAG(s) 'latest_only' retrieved from /home/airflow/.local/lib/python3.12/site-packages/airflow/example_dags/example_latest_only.py
[2024-11-12T00:13:57.157+0000] {logging_mixin.py:188} INFO - [2024-11-12T00:13:57.156+0000] {dag.py:3096} INFO - Sync 1 DAGs
[2024-11-12T00:13:57.179+0000] {logging_mixin.py:188} INFO - [2024-11-12T00:13:57.179+0000] {dag.py:3954} INFO - Setting next_dagrun for latest_only to 2024-11-11 20:00:00+00:00, run_after=2024-11-12 00:00:00+00:00
[2024-11-12T00:13:57.197+0000] {processor.py:183} INFO - Processing /home/airflow/.local/lib/python3.12/site-packages/airflow/example_dags/example_latest_only.py took 0.079 seconds
[2024-11-12T00:14:27.340+0000] {processor.py:161} INFO - Started process (PID=1055) to work on /home/airflow/.local/lib/python3.12/site-packages/airflow/example_dags/example_latest_only.py
[2024-11-12T00:14:27.341+0000] {processor.py:830} INFO - Processing file /home/airflow/.local/lib/python3.12/site-packages/airflow/example_dags/example_latest_only.py for tasks to queue
[2024-11-12T00:14:27.343+0000] {logging_mixin.py:188} INFO - [2024-11-12T00:14:27.343+0000] {dagbag.py:545} INFO - Filling up the DagBag from /home/airflow/.local/lib/python3.12/site-packages/airflow/example_dags/example_latest_only.py
[2024-11-12T00:14:27.348+0000] {processor.py:840} INFO - DAG(s) 'latest_only' retrieved from /home/airflow/.local/lib/python3.12/site-packages/airflow/example_dags/example_latest_only.py
[2024-11-12T00:14:27.369+0000] {logging_mixin.py:188} INFO - [2024-11-12T00:14:27.369+0000] {dag.py:3096} INFO - Sync 1 DAGs
[2024-11-12T00:14:27.391+0000] {logging_mixin.py:188} INFO - [2024-11-12T00:14:27.390+0000] {dag.py:3954} INFO - Setting next_dagrun for latest_only to 2024-11-11 20:00:00+00:00, run_after=2024-11-12 00:00:00+00:00
[2024-11-12T00:14:27.409+0000] {processor.py:183} INFO - Processing /home/airflow/.local/lib/python3.12/site-packages/airflow/example_dags/example_latest_only.py took 0.075 seconds
[2024-11-12T00:14:57.886+0000] {processor.py:161} INFO - Started process (PID=1114) to work on /home/airflow/.local/lib/python3.12/site-packages/airflow/example_dags/example_latest_only.py
[2024-11-12T00:14:57.887+0000] {processor.py:830} INFO - Processing file /home/airflow/.local/lib/python3.12/site-packages/airflow/example_dags/example_latest_only.py for tasks to queue
[2024-11-12T00:14:57.890+0000] {logging_mixin.py:188} INFO - [2024-11-12T00:14:57.889+0000] {dagbag.py:545} INFO - Filling up the DagBag from /home/airflow/.local/lib/python3.12/site-packages/airflow/example_dags/example_latest_only.py
[2024-11-12T00:14:57.895+0000] {processor.py:840} INFO - DAG(s) 'latest_only' retrieved from /home/airflow/.local/lib/python3.12/site-packages/airflow/example_dags/example_latest_only.py
[2024-11-12T00:14:57.916+0000] {logging_mixin.py:188} INFO - [2024-11-12T00:14:57.916+0000] {dag.py:3096} INFO - Sync 1 DAGs
[2024-11-12T00:14:57.940+0000] {logging_mixin.py:188} INFO - [2024-11-12T00:14:57.940+0000] {dag.py:3954} INFO - Setting next_dagrun for latest_only to 2024-11-11 20:00:00+00:00, run_after=2024-11-12 00:00:00+00:00
[2024-11-12T00:14:57.959+0000] {processor.py:183} INFO - Processing /home/airflow/.local/lib/python3.12/site-packages/airflow/example_dags/example_latest_only.py took 0.080 seconds
[2024-11-12T00:15:28.171+0000] {processor.py:161} INFO - Started process (PID=1173) to work on /home/airflow/.local/lib/python3.12/site-packages/airflow/example_dags/example_latest_only.py
[2024-11-12T00:15:28.172+0000] {processor.py:830} INFO - Processing file /home/airflow/.local/lib/python3.12/site-packages/airflow/example_dags/example_latest_only.py for tasks to queue
[2024-11-12T00:15:28.174+0000] {logging_mixin.py:188} INFO - [2024-11-12T00:15:28.174+0000] {dagbag.py:545} INFO - Filling up the DagBag from /home/airflow/.local/lib/python3.12/site-packages/airflow/example_dags/example_latest_only.py
[2024-11-12T00:15:28.179+0000] {processor.py:840} INFO - DAG(s) 'latest_only' retrieved from /home/airflow/.local/lib/python3.12/site-packages/airflow/example_dags/example_latest_only.py
[2024-11-12T00:15:28.200+0000] {logging_mixin.py:188} INFO - [2024-11-12T00:15:28.199+0000] {dag.py:3096} INFO - Sync 1 DAGs
[2024-11-12T00:15:28.221+0000] {logging_mixin.py:188} INFO - [2024-11-12T00:15:28.221+0000] {dag.py:3954} INFO - Setting next_dagrun for latest_only to 2024-11-11 20:00:00+00:00, run_after=2024-11-12 00:00:00+00:00
[2024-11-12T00:15:28.240+0000] {processor.py:183} INFO - Processing /home/airflow/.local/lib/python3.12/site-packages/airflow/example_dags/example_latest_only.py took 0.075 seconds
[2024-11-12T00:15:58.435+0000] {processor.py:161} INFO - Started process (PID=1232) to work on /home/airflow/.local/lib/python3.12/site-packages/airflow/example_dags/example_latest_only.py
[2024-11-12T00:15:58.436+0000] {processor.py:830} INFO - Processing file /home/airflow/.local/lib/python3.12/site-packages/airflow/example_dags/example_latest_only.py for tasks to queue
[2024-11-12T00:15:58.438+0000] {logging_mixin.py:188} INFO - [2024-11-12T00:15:58.438+0000] {dagbag.py:545} INFO - Filling up the DagBag from /home/airflow/.local/lib/python3.12/site-packages/airflow/example_dags/example_latest_only.py
[2024-11-12T00:15:58.443+0000] {processor.py:840} INFO - DAG(s) 'latest_only' retrieved from /home/airflow/.local/lib/python3.12/site-packages/airflow/example_dags/example_latest_only.py
[2024-11-12T00:15:58.465+0000] {logging_mixin.py:188} INFO - [2024-11-12T00:15:58.464+0000] {dag.py:3096} INFO - Sync 1 DAGs
[2024-11-12T00:15:58.486+0000] {logging_mixin.py:188} INFO - [2024-11-12T00:15:58.486+0000] {dag.py:3954} INFO - Setting next_dagrun for latest_only to 2024-11-11 20:00:00+00:00, run_after=2024-11-12 00:00:00+00:00
[2024-11-12T00:15:58.504+0000] {processor.py:183} INFO - Processing /home/airflow/.local/lib/python3.12/site-packages/airflow/example_dags/example_latest_only.py took 0.075 seconds
[2024-11-12T00:16:28.650+0000] {processor.py:161} INFO - Started process (PID=1291) to work on /home/airflow/.local/lib/python3.12/site-packages/airflow/example_dags/example_latest_only.py
[2024-11-12T00:16:28.651+0000] {processor.py:830} INFO - Processing file /home/airflow/.local/lib/python3.12/site-packages/airflow/example_dags/example_latest_only.py for tasks to queue
[2024-11-12T00:16:28.654+0000] {logging_mixin.py:188} INFO - [2024-11-12T00:16:28.653+0000] {dagbag.py:545} INFO - Filling up the DagBag from /home/airflow/.local/lib/python3.12/site-packages/airflow/example_dags/example_latest_only.py
[2024-11-12T00:16:28.659+0000] {processor.py:840} INFO - DAG(s) 'latest_only' retrieved from /home/airflow/.local/lib/python3.12/site-packages/airflow/example_dags/example_latest_only.py
[2024-11-12T00:16:28.679+0000] {logging_mixin.py:188} INFO - [2024-11-12T00:16:28.679+0000] {dag.py:3096} INFO - Sync 1 DAGs
[2024-11-12T00:16:28.700+0000] {logging_mixin.py:188} INFO - [2024-11-12T00:16:28.700+0000] {dag.py:3954} INFO - Setting next_dagrun for latest_only to 2024-11-11 20:00:00+00:00, run_after=2024-11-12 00:00:00+00:00
[2024-11-12T00:16:28.718+0000] {processor.py:183} INFO - Processing /home/airflow/.local/lib/python3.12/site-packages/airflow/example_dags/example_latest_only.py took 0.074 seconds
[2024-11-12T00:16:59.375+0000] {processor.py:161} INFO - Started process (PID=1350) to work on /home/airflow/.local/lib/python3.12/site-packages/airflow/example_dags/example_latest_only.py
[2024-11-12T00:16:59.376+0000] {processor.py:830} INFO - Processing file /home/airflow/.local/lib/python3.12/site-packages/airflow/example_dags/example_latest_only.py for tasks to queue
[2024-11-12T00:16:59.378+0000] {logging_mixin.py:188} INFO - [2024-11-12T00:16:59.378+0000] {dagbag.py:545} INFO - Filling up the DagBag from /home/airflow/.local/lib/python3.12/site-packages/airflow/example_dags/example_latest_only.py
[2024-11-12T00:16:59.383+0000] {processor.py:840} INFO - DAG(s) 'latest_only' retrieved from /home/airflow/.local/lib/python3.12/site-packages/airflow/example_dags/example_latest_only.py
[2024-11-12T00:16:59.487+0000] {logging_mixin.py:188} INFO - [2024-11-12T00:16:59.486+0000] {dag.py:3096} INFO - Sync 1 DAGs
[2024-11-12T00:16:59.507+0000] {logging_mixin.py:188} INFO - [2024-11-12T00:16:59.507+0000] {dag.py:3954} INFO - Setting next_dagrun for latest_only to 2024-11-11 20:00:00+00:00, run_after=2024-11-12 00:00:00+00:00
[2024-11-12T00:16:59.527+0000] {processor.py:183} INFO - Processing /home/airflow/.local/lib/python3.12/site-packages/airflow/example_dags/example_latest_only.py took 0.158 seconds
[2024-11-12T00:17:29.719+0000] {processor.py:161} INFO - Started process (PID=1409) to work on /home/airflow/.local/lib/python3.12/site-packages/airflow/example_dags/example_latest_only.py
[2024-11-12T00:17:29.720+0000] {processor.py:830} INFO - Processing file /home/airflow/.local/lib/python3.12/site-packages/airflow/example_dags/example_latest_only.py for tasks to queue
[2024-11-12T00:17:29.723+0000] {logging_mixin.py:188} INFO - [2024-11-12T00:17:29.722+0000] {dagbag.py:545} INFO - Filling up the DagBag from /home/airflow/.local/lib/python3.12/site-packages/airflow/example_dags/example_latest_only.py
[2024-11-12T00:17:29.730+0000] {processor.py:840} INFO - DAG(s) 'latest_only' retrieved from /home/airflow/.local/lib/python3.12/site-packages/airflow/example_dags/example_latest_only.py
[2024-11-12T00:17:29.752+0000] {logging_mixin.py:188} INFO - [2024-11-12T00:17:29.752+0000] {dag.py:3096} INFO - Sync 1 DAGs
[2024-11-12T00:17:29.775+0000] {logging_mixin.py:188} INFO - [2024-11-12T00:17:29.775+0000] {dag.py:3954} INFO - Setting next_dagrun for latest_only to 2024-11-11 20:00:00+00:00, run_after=2024-11-12 00:00:00+00:00
[2024-11-12T00:17:29.797+0000] {processor.py:183} INFO - Processing /home/airflow/.local/lib/python3.12/site-packages/airflow/example_dags/example_latest_only.py took 0.085 seconds
[2024-11-12T00:18:00.050+0000] {processor.py:161} INFO - Started process (PID=1468) to work on /home/airflow/.local/lib/python3.12/site-packages/airflow/example_dags/example_latest_only.py
[2024-11-12T00:18:00.051+0000] {processor.py:830} INFO - Processing file /home/airflow/.local/lib/python3.12/site-packages/airflow/example_dags/example_latest_only.py for tasks to queue
[2024-11-12T00:18:00.053+0000] {logging_mixin.py:188} INFO - [2024-11-12T00:18:00.053+0000] {dagbag.py:545} INFO - Filling up the DagBag from /home/airflow/.local/lib/python3.12/site-packages/airflow/example_dags/example_latest_only.py
[2024-11-12T00:18:00.059+0000] {processor.py:840} INFO - DAG(s) 'latest_only' retrieved from /home/airflow/.local/lib/python3.12/site-packages/airflow/example_dags/example_latest_only.py
[2024-11-12T00:18:00.079+0000] {logging_mixin.py:188} INFO - [2024-11-12T00:18:00.079+0000] {dag.py:3096} INFO - Sync 1 DAGs
[2024-11-12T00:18:00.101+0000] {logging_mixin.py:188} INFO - [2024-11-12T00:18:00.101+0000] {dag.py:3954} INFO - Setting next_dagrun for latest_only to 2024-11-11 20:00:00+00:00, run_after=2024-11-12 00:00:00+00:00
[2024-11-12T00:18:00.119+0000] {processor.py:183} INFO - Processing /home/airflow/.local/lib/python3.12/site-packages/airflow/example_dags/example_latest_only.py took 0.075 seconds
[2024-11-12T00:18:30.600+0000] {processor.py:161} INFO - Started process (PID=1528) to work on /home/airflow/.local/lib/python3.12/site-packages/airflow/example_dags/example_latest_only.py
[2024-11-12T00:18:30.602+0000] {processor.py:830} INFO - Processing file /home/airflow/.local/lib/python3.12/site-packages/airflow/example_dags/example_latest_only.py for tasks to queue
[2024-11-12T00:18:30.604+0000] {logging_mixin.py:188} INFO - [2024-11-12T00:18:30.603+0000] {dagbag.py:545} INFO - Filling up the DagBag from /home/airflow/.local/lib/python3.12/site-packages/airflow/example_dags/example_latest_only.py
[2024-11-12T00:18:30.609+0000] {processor.py:840} INFO - DAG(s) 'latest_only' retrieved from /home/airflow/.local/lib/python3.12/site-packages/airflow/example_dags/example_latest_only.py
[2024-11-12T00:18:30.633+0000] {logging_mixin.py:188} INFO - [2024-11-12T00:18:30.632+0000] {dag.py:3096} INFO - Sync 1 DAGs
[2024-11-12T00:18:30.658+0000] {logging_mixin.py:188} INFO - [2024-11-12T00:18:30.657+0000] {dag.py:3954} INFO - Setting next_dagrun for latest_only to 2024-11-11 20:00:00+00:00, run_after=2024-11-12 00:00:00+00:00
[2024-11-12T00:18:30.675+0000] {processor.py:183} INFO - Processing /home/airflow/.local/lib/python3.12/site-packages/airflow/example_dags/example_latest_only.py took 0.082 seconds
[2024-11-12T00:19:01.327+0000] {processor.py:161} INFO - Started process (PID=1587) to work on /home/airflow/.local/lib/python3.12/site-packages/airflow/example_dags/example_latest_only.py
[2024-11-12T00:19:01.328+0000] {processor.py:830} INFO - Processing file /home/airflow/.local/lib/python3.12/site-packages/airflow/example_dags/example_latest_only.py for tasks to queue
[2024-11-12T00:19:01.330+0000] {logging_mixin.py:188} INFO - [2024-11-12T00:19:01.330+0000] {dagbag.py:545} INFO - Filling up the DagBag from /home/airflow/.local/lib/python3.12/site-packages/airflow/example_dags/example_latest_only.py
[2024-11-12T00:19:01.336+0000] {processor.py:840} INFO - DAG(s) 'latest_only' retrieved from /home/airflow/.local/lib/python3.12/site-packages/airflow/example_dags/example_latest_only.py
[2024-11-12T00:19:01.356+0000] {logging_mixin.py:188} INFO - [2024-11-12T00:19:01.355+0000] {dag.py:3096} INFO - Sync 1 DAGs
[2024-11-12T00:19:01.379+0000] {logging_mixin.py:188} INFO - [2024-11-12T00:19:01.379+0000] {dag.py:3954} INFO - Setting next_dagrun for latest_only to 2024-11-11 20:00:00+00:00, run_after=2024-11-12 00:00:00+00:00
[2024-11-12T00:19:01.396+0000] {processor.py:183} INFO - Processing /home/airflow/.local/lib/python3.12/site-packages/airflow/example_dags/example_latest_only.py took 0.075 seconds
[2024-11-12T00:19:32.656+0000] {processor.py:161} INFO - Started process (PID=1646) to work on /home/airflow/.local/lib/python3.12/site-packages/airflow/example_dags/example_latest_only.py
[2024-11-12T00:19:32.658+0000] {processor.py:830} INFO - Processing file /home/airflow/.local/lib/python3.12/site-packages/airflow/example_dags/example_latest_only.py for tasks to queue
[2024-11-12T00:19:32.661+0000] {logging_mixin.py:188} INFO - [2024-11-12T00:19:32.660+0000] {dagbag.py:545} INFO - Filling up the DagBag from /home/airflow/.local/lib/python3.12/site-packages/airflow/example_dags/example_latest_only.py
[2024-11-12T00:19:32.678+0000] {processor.py:840} INFO - DAG(s) 'latest_only' retrieved from /home/airflow/.local/lib/python3.12/site-packages/airflow/example_dags/example_latest_only.py
[2024-11-12T00:19:32.724+0000] {logging_mixin.py:188} INFO - [2024-11-12T00:19:32.723+0000] {dag.py:3096} INFO - Sync 1 DAGs
[2024-11-12T00:19:32.753+0000] {logging_mixin.py:188} INFO - [2024-11-12T00:19:32.753+0000] {dag.py:3954} INFO - Setting next_dagrun for latest_only to 2024-11-11 20:00:00+00:00, run_after=2024-11-12 00:00:00+00:00
[2024-11-12T00:19:32.778+0000] {processor.py:183} INFO - Processing /home/airflow/.local/lib/python3.12/site-packages/airflow/example_dags/example_latest_only.py took 0.142 seconds
[2024-11-12T00:20:03.294+0000] {processor.py:161} INFO - Started process (PID=1706) to work on /home/airflow/.local/lib/python3.12/site-packages/airflow/example_dags/example_latest_only.py
[2024-11-12T00:20:03.296+0000] {processor.py:830} INFO - Processing file /home/airflow/.local/lib/python3.12/site-packages/airflow/example_dags/example_latest_only.py for tasks to queue
[2024-11-12T00:20:03.298+0000] {logging_mixin.py:188} INFO - [2024-11-12T00:20:03.298+0000] {dagbag.py:545} INFO - Filling up the DagBag from /home/airflow/.local/lib/python3.12/site-packages/airflow/example_dags/example_latest_only.py
[2024-11-12T00:20:03.303+0000] {processor.py:840} INFO - DAG(s) 'latest_only' retrieved from /home/airflow/.local/lib/python3.12/site-packages/airflow/example_dags/example_latest_only.py
[2024-11-12T00:20:03.323+0000] {logging_mixin.py:188} INFO - [2024-11-12T00:20:03.322+0000] {dag.py:3096} INFO - Sync 1 DAGs
[2024-11-12T00:20:03.343+0000] {logging_mixin.py:188} INFO - [2024-11-12T00:20:03.343+0000] {dag.py:3954} INFO - Setting next_dagrun for latest_only to 2024-11-11 20:00:00+00:00, run_after=2024-11-12 00:00:00+00:00
[2024-11-12T00:20:03.361+0000] {processor.py:183} INFO - Processing /home/airflow/.local/lib/python3.12/site-packages/airflow/example_dags/example_latest_only.py took 0.074 seconds
[2024-11-12T00:20:33.564+0000] {processor.py:161} INFO - Started process (PID=1765) to work on /home/airflow/.local/lib/python3.12/site-packages/airflow/example_dags/example_latest_only.py
[2024-11-12T00:20:33.565+0000] {processor.py:830} INFO - Processing file /home/airflow/.local/lib/python3.12/site-packages/airflow/example_dags/example_latest_only.py for tasks to queue
[2024-11-12T00:20:33.567+0000] {logging_mixin.py:188} INFO - [2024-11-12T00:20:33.567+0000] {dagbag.py:545} INFO - Filling up the DagBag from /home/airflow/.local/lib/python3.12/site-packages/airflow/example_dags/example_latest_only.py
[2024-11-12T00:20:33.573+0000] {processor.py:840} INFO - DAG(s) 'latest_only' retrieved from /home/airflow/.local/lib/python3.12/site-packages/airflow/example_dags/example_latest_only.py
[2024-11-12T00:20:33.592+0000] {logging_mixin.py:188} INFO - [2024-11-12T00:20:33.592+0000] {dag.py:3096} INFO - Sync 1 DAGs
[2024-11-12T00:20:33.613+0000] {logging_mixin.py:188} INFO - [2024-11-12T00:20:33.613+0000] {dag.py:3954} INFO - Setting next_dagrun for latest_only to 2024-11-11 20:00:00+00:00, run_after=2024-11-12 00:00:00+00:00
[2024-11-12T00:20:33.631+0000] {processor.py:183} INFO - Processing /home/airflow/.local/lib/python3.12/site-packages/airflow/example_dags/example_latest_only.py took 0.073 seconds
[2024-11-12T00:21:03.861+0000] {processor.py:161} INFO - Started process (PID=1824) to work on /home/airflow/.local/lib/python3.12/site-packages/airflow/example_dags/example_latest_only.py
[2024-11-12T00:21:03.862+0000] {processor.py:830} INFO - Processing file /home/airflow/.local/lib/python3.12/site-packages/airflow/example_dags/example_latest_only.py for tasks to queue
[2024-11-12T00:21:03.864+0000] {logging_mixin.py:188} INFO - [2024-11-12T00:21:03.864+0000] {dagbag.py:545} INFO - Filling up the DagBag from /home/airflow/.local/lib/python3.12/site-packages/airflow/example_dags/example_latest_only.py
[2024-11-12T00:21:03.869+0000] {processor.py:840} INFO - DAG(s) 'latest_only' retrieved from /home/airflow/.local/lib/python3.12/site-packages/airflow/example_dags/example_latest_only.py
[2024-11-12T00:21:03.889+0000] {logging_mixin.py:188} INFO - [2024-11-12T00:21:03.889+0000] {dag.py:3096} INFO - Sync 1 DAGs
[2024-11-12T00:21:03.912+0000] {logging_mixin.py:188} INFO - [2024-11-12T00:21:03.912+0000] {dag.py:3954} INFO - Setting next_dagrun for latest_only to 2024-11-11 20:00:00+00:00, run_after=2024-11-12 00:00:00+00:00
[2024-11-12T00:21:03.931+0000] {processor.py:183} INFO - Processing /home/airflow/.local/lib/python3.12/site-packages/airflow/example_dags/example_latest_only.py took 0.076 seconds
[2024-11-12T00:21:34.425+0000] {processor.py:161} INFO - Started process (PID=1884) to work on /home/airflow/.local/lib/python3.12/site-packages/airflow/example_dags/example_latest_only.py
[2024-11-12T00:21:34.426+0000] {processor.py:830} INFO - Processing file /home/airflow/.local/lib/python3.12/site-packages/airflow/example_dags/example_latest_only.py for tasks to queue
[2024-11-12T00:21:34.429+0000] {logging_mixin.py:188} INFO - [2024-11-12T00:21:34.429+0000] {dagbag.py:545} INFO - Filling up the DagBag from /home/airflow/.local/lib/python3.12/site-packages/airflow/example_dags/example_latest_only.py
[2024-11-12T00:21:34.435+0000] {processor.py:840} INFO - DAG(s) 'latest_only' retrieved from /home/airflow/.local/lib/python3.12/site-packages/airflow/example_dags/example_latest_only.py
[2024-11-12T00:21:34.462+0000] {logging_mixin.py:188} INFO - [2024-11-12T00:21:34.462+0000] {dag.py:3096} INFO - Sync 1 DAGs
[2024-11-12T00:21:34.484+0000] {logging_mixin.py:188} INFO - [2024-11-12T00:21:34.484+0000] {dag.py:3954} INFO - Setting next_dagrun for latest_only to 2024-11-11 20:00:00+00:00, run_after=2024-11-12 00:00:00+00:00
[2024-11-12T00:21:34.501+0000] {processor.py:183} INFO - Processing /home/airflow/.local/lib/python3.12/site-packages/airflow/example_dags/example_latest_only.py took 0.083 seconds
[2024-11-12T00:22:05.538+0000] {processor.py:161} INFO - Started process (PID=1943) to work on /home/airflow/.local/lib/python3.12/site-packages/airflow/example_dags/example_latest_only.py
[2024-11-12T00:22:05.539+0000] {processor.py:830} INFO - Processing file /home/airflow/.local/lib/python3.12/site-packages/airflow/example_dags/example_latest_only.py for tasks to queue
[2024-11-12T00:22:05.541+0000] {logging_mixin.py:188} INFO - [2024-11-12T00:22:05.541+0000] {dagbag.py:545} INFO - Filling up the DagBag from /home/airflow/.local/lib/python3.12/site-packages/airflow/example_dags/example_latest_only.py
[2024-11-12T00:22:05.549+0000] {processor.py:840} INFO - DAG(s) 'latest_only' retrieved from /home/airflow/.local/lib/python3.12/site-packages/airflow/example_dags/example_latest_only.py
[2024-11-12T00:22:05.656+0000] {logging_mixin.py:188} INFO - [2024-11-12T00:22:05.655+0000] {dag.py:3096} INFO - Sync 1 DAGs
[2024-11-12T00:22:05.677+0000] {logging_mixin.py:188} INFO - [2024-11-12T00:22:05.677+0000] {dag.py:3954} INFO - Setting next_dagrun for latest_only to 2024-11-11 20:00:00+00:00, run_after=2024-11-12 00:00:00+00:00
[2024-11-12T00:22:05.696+0000] {processor.py:183} INFO - Processing /home/airflow/.local/lib/python3.12/site-packages/airflow/example_dags/example_latest_only.py took 0.163 seconds
[2024-11-12T00:22:35.763+0000] {processor.py:161} INFO - Started process (PID=2003) to work on /home/airflow/.local/lib/python3.12/site-packages/airflow/example_dags/example_latest_only.py
[2024-11-12T00:22:35.764+0000] {processor.py:830} INFO - Processing file /home/airflow/.local/lib/python3.12/site-packages/airflow/example_dags/example_latest_only.py for tasks to queue
[2024-11-12T00:22:35.766+0000] {logging_mixin.py:188} INFO - [2024-11-12T00:22:35.766+0000] {dagbag.py:545} INFO - Filling up the DagBag from /home/airflow/.local/lib/python3.12/site-packages/airflow/example_dags/example_latest_only.py
[2024-11-12T00:22:35.771+0000] {processor.py:840} INFO - DAG(s) 'latest_only' retrieved from /home/airflow/.local/lib/python3.12/site-packages/airflow/example_dags/example_latest_only.py
[2024-11-12T00:22:35.791+0000] {logging_mixin.py:188} INFO - [2024-11-12T00:22:35.790+0000] {dag.py:3096} INFO - Sync 1 DAGs
[2024-11-12T00:22:35.812+0000] {logging_mixin.py:188} INFO - [2024-11-12T00:22:35.812+0000] {dag.py:3954} INFO - Setting next_dagrun for latest_only to 2024-11-11 20:00:00+00:00, run_after=2024-11-12 00:00:00+00:00
[2024-11-12T00:22:35.835+0000] {processor.py:183} INFO - Processing /home/airflow/.local/lib/python3.12/site-packages/airflow/example_dags/example_latest_only.py took 0.078 seconds
[2024-11-12T00:23:05.921+0000] {processor.py:161} INFO - Started process (PID=2062) to work on /home/airflow/.local/lib/python3.12/site-packages/airflow/example_dags/example_latest_only.py
[2024-11-12T00:23:05.922+0000] {processor.py:830} INFO - Processing file /home/airflow/.local/lib/python3.12/site-packages/airflow/example_dags/example_latest_only.py for tasks to queue
[2024-11-12T00:23:05.924+0000] {logging_mixin.py:188} INFO - [2024-11-12T00:23:05.924+0000] {dagbag.py:545} INFO - Filling up the DagBag from /home/airflow/.local/lib/python3.12/site-packages/airflow/example_dags/example_latest_only.py
[2024-11-12T00:23:05.929+0000] {processor.py:840} INFO - DAG(s) 'latest_only' retrieved from /home/airflow/.local/lib/python3.12/site-packages/airflow/example_dags/example_latest_only.py
[2024-11-12T00:23:05.948+0000] {logging_mixin.py:188} INFO - [2024-11-12T00:23:05.948+0000] {dag.py:3096} INFO - Sync 1 DAGs
[2024-11-12T00:23:05.972+0000] {logging_mixin.py:188} INFO - [2024-11-12T00:23:05.972+0000] {dag.py:3954} INFO - Setting next_dagrun for latest_only to 2024-11-11 20:00:00+00:00, run_after=2024-11-12 00:00:00+00:00
[2024-11-12T00:23:05.991+0000] {processor.py:183} INFO - Processing /home/airflow/.local/lib/python3.12/site-packages/airflow/example_dags/example_latest_only.py took 0.076 seconds
[2024-11-12T00:23:36.213+0000] {processor.py:161} INFO - Started process (PID=2122) to work on /home/airflow/.local/lib/python3.12/site-packages/airflow/example_dags/example_latest_only.py
[2024-11-12T00:23:36.214+0000] {processor.py:830} INFO - Processing file /home/airflow/.local/lib/python3.12/site-packages/airflow/example_dags/example_latest_only.py for tasks to queue
[2024-11-12T00:23:36.217+0000] {logging_mixin.py:188} INFO - [2024-11-12T00:23:36.217+0000] {dagbag.py:545} INFO - Filling up the DagBag from /home/airflow/.local/lib/python3.12/site-packages/airflow/example_dags/example_latest_only.py
[2024-11-12T00:23:36.224+0000] {processor.py:840} INFO - DAG(s) 'latest_only' retrieved from /home/airflow/.local/lib/python3.12/site-packages/airflow/example_dags/example_latest_only.py
[2024-11-12T00:23:36.245+0000] {logging_mixin.py:188} INFO - [2024-11-12T00:23:36.245+0000] {dag.py:3096} INFO - Sync 1 DAGs
[2024-11-12T00:23:36.273+0000] {logging_mixin.py:188} INFO - [2024-11-12T00:23:36.273+0000] {dag.py:3954} INFO - Setting next_dagrun for latest_only to 2024-11-11 20:00:00+00:00, run_after=2024-11-12 00:00:00+00:00
[2024-11-12T00:23:36.304+0000] {processor.py:183} INFO - Processing /home/airflow/.local/lib/python3.12/site-packages/airflow/example_dags/example_latest_only.py took 0.100 seconds
[2024-11-12T00:24:06.911+0000] {processor.py:161} INFO - Started process (PID=2181) to work on /home/airflow/.local/lib/python3.12/site-packages/airflow/example_dags/example_latest_only.py
[2024-11-12T00:24:06.912+0000] {processor.py:830} INFO - Processing file /home/airflow/.local/lib/python3.12/site-packages/airflow/example_dags/example_latest_only.py for tasks to queue
[2024-11-12T00:24:06.914+0000] {logging_mixin.py:188} INFO - [2024-11-12T00:24:06.914+0000] {dagbag.py:545} INFO - Filling up the DagBag from /home/airflow/.local/lib/python3.12/site-packages/airflow/example_dags/example_latest_only.py
[2024-11-12T00:24:06.919+0000] {processor.py:840} INFO - DAG(s) 'latest_only' retrieved from /home/airflow/.local/lib/python3.12/site-packages/airflow/example_dags/example_latest_only.py
[2024-11-12T00:24:06.938+0000] {logging_mixin.py:188} INFO - [2024-11-12T00:24:06.938+0000] {dag.py:3096} INFO - Sync 1 DAGs
[2024-11-12T00:24:06.960+0000] {logging_mixin.py:188} INFO - [2024-11-12T00:24:06.960+0000] {dag.py:3954} INFO - Setting next_dagrun for latest_only to 2024-11-11 20:00:00+00:00, run_after=2024-11-12 00:00:00+00:00
[2024-11-12T00:24:06.977+0000] {processor.py:183} INFO - Processing /home/airflow/.local/lib/python3.12/site-packages/airflow/example_dags/example_latest_only.py took 0.072 seconds
[2024-11-12T00:24:37.479+0000] {processor.py:161} INFO - Started process (PID=2240) to work on /home/airflow/.local/lib/python3.12/site-packages/airflow/example_dags/example_latest_only.py
[2024-11-12T00:24:37.480+0000] {processor.py:830} INFO - Processing file /home/airflow/.local/lib/python3.12/site-packages/airflow/example_dags/example_latest_only.py for tasks to queue
[2024-11-12T00:24:37.482+0000] {logging_mixin.py:188} INFO - [2024-11-12T00:24:37.482+0000] {dagbag.py:545} INFO - Filling up the DagBag from /home/airflow/.local/lib/python3.12/site-packages/airflow/example_dags/example_latest_only.py
[2024-11-12T00:24:37.487+0000] {processor.py:840} INFO - DAG(s) 'latest_only' retrieved from /home/airflow/.local/lib/python3.12/site-packages/airflow/example_dags/example_latest_only.py
[2024-11-12T00:24:37.507+0000] {logging_mixin.py:188} INFO - [2024-11-12T00:24:37.506+0000] {dag.py:3096} INFO - Sync 1 DAGs
[2024-11-12T00:24:37.528+0000] {logging_mixin.py:188} INFO - [2024-11-12T00:24:37.528+0000] {dag.py:3954} INFO - Setting next_dagrun for latest_only to 2024-11-11 20:00:00+00:00, run_after=2024-11-12 00:00:00+00:00
[2024-11-12T00:24:37.546+0000] {processor.py:183} INFO - Processing /home/airflow/.local/lib/python3.12/site-packages/airflow/example_dags/example_latest_only.py took 0.073 seconds
[2024-11-12T00:25:08.126+0000] {processor.py:161} INFO - Started process (PID=2299) to work on /home/airflow/.local/lib/python3.12/site-packages/airflow/example_dags/example_latest_only.py
[2024-11-12T00:25:08.127+0000] {processor.py:830} INFO - Processing file /home/airflow/.local/lib/python3.12/site-packages/airflow/example_dags/example_latest_only.py for tasks to queue
[2024-11-12T00:25:08.130+0000] {logging_mixin.py:188} INFO - [2024-11-12T00:25:08.130+0000] {dagbag.py:545} INFO - Filling up the DagBag from /home/airflow/.local/lib/python3.12/site-packages/airflow/example_dags/example_latest_only.py
[2024-11-12T00:25:08.138+0000] {processor.py:840} INFO - DAG(s) 'latest_only' retrieved from /home/airflow/.local/lib/python3.12/site-packages/airflow/example_dags/example_latest_only.py
[2024-11-12T00:25:08.173+0000] {logging_mixin.py:188} INFO - [2024-11-12T00:25:08.173+0000] {dag.py:3096} INFO - Sync 1 DAGs
[2024-11-12T00:25:08.209+0000] {logging_mixin.py:188} INFO - [2024-11-12T00:25:08.209+0000] {dag.py:3954} INFO - Setting next_dagrun for latest_only to 2024-11-11 20:00:00+00:00, run_after=2024-11-12 00:00:00+00:00
[2024-11-12T00:25:08.240+0000] {processor.py:183} INFO - Processing /home/airflow/.local/lib/python3.12/site-packages/airflow/example_dags/example_latest_only.py took 0.124 seconds
