[2024-11-12T00:06:43.756+0000] {processor.py:161} INFO - Started process (PID=137) to work on /home/airflow/.local/lib/python3.12/site-packages/airflow/example_dags/example_skip_dag.py
[2024-11-12T00:06:43.757+0000] {processor.py:830} INFO - Processing file /home/airflow/.local/lib/python3.12/site-packages/airflow/example_dags/example_skip_dag.py for tasks to queue
[2024-11-12T00:06:43.760+0000] {logging_mixin.py:188} INFO - [2024-11-12T00:06:43.760+0000] {dagbag.py:545} INFO - Filling up the DagBag from /home/airflow/.local/lib/python3.12/site-packages/airflow/example_dags/example_skip_dag.py
[2024-11-12T00:06:43.771+0000] {processor.py:840} INFO - DAG(s) 'example_skip_dag' retrieved from /home/airflow/.local/lib/python3.12/site-packages/airflow/example_dags/example_skip_dag.py
[2024-11-12T00:06:43.884+0000] {logging_mixin.py:188} INFO - [2024-11-12T00:06:43.884+0000] {dag.py:3096} INFO - Sync 1 DAGs
[2024-11-12T00:06:43.905+0000] {logging_mixin.py:188} INFO - [2024-11-12T00:06:43.905+0000] {dag.py:3954} INFO - Setting next_dagrun for example_skip_dag to 2024-11-11 00:00:00+00:00, run_after=2024-11-12 00:00:00+00:00
[2024-11-12T00:06:43.926+0000] {processor.py:183} INFO - Processing /home/airflow/.local/lib/python3.12/site-packages/airflow/example_dags/example_skip_dag.py took 0.176 seconds
[2024-11-12T00:07:16.474+0000] {processor.py:161} INFO - Started process (PID=196) to work on /home/airflow/.local/lib/python3.12/site-packages/airflow/example_dags/example_skip_dag.py
[2024-11-12T00:07:16.476+0000] {processor.py:830} INFO - Processing file /home/airflow/.local/lib/python3.12/site-packages/airflow/example_dags/example_skip_dag.py for tasks to queue
[2024-11-12T00:07:16.478+0000] {logging_mixin.py:188} INFO - [2024-11-12T00:07:16.478+0000] {dagbag.py:545} INFO - Filling up the DagBag from /home/airflow/.local/lib/python3.12/site-packages/airflow/example_dags/example_skip_dag.py
[2024-11-12T00:07:16.484+0000] {processor.py:840} INFO - DAG(s) 'example_skip_dag' retrieved from /home/airflow/.local/lib/python3.12/site-packages/airflow/example_dags/example_skip_dag.py
[2024-11-12T00:07:16.508+0000] {logging_mixin.py:188} INFO - [2024-11-12T00:07:16.508+0000] {dag.py:3096} INFO - Sync 1 DAGs
[2024-11-12T00:07:16.534+0000] {logging_mixin.py:188} INFO - [2024-11-12T00:07:16.533+0000] {dag.py:3954} INFO - Setting next_dagrun for example_skip_dag to 2024-11-11 00:00:00+00:00, run_after=2024-11-12 00:00:00+00:00
[2024-11-12T00:07:16.556+0000] {processor.py:183} INFO - Processing /home/airflow/.local/lib/python3.12/site-packages/airflow/example_dags/example_skip_dag.py took 0.087 seconds
[2024-11-12T00:07:46.879+0000] {processor.py:161} INFO - Started process (PID=255) to work on /home/airflow/.local/lib/python3.12/site-packages/airflow/example_dags/example_skip_dag.py
[2024-11-12T00:07:46.881+0000] {processor.py:830} INFO - Processing file /home/airflow/.local/lib/python3.12/site-packages/airflow/example_dags/example_skip_dag.py for tasks to queue
[2024-11-12T00:07:46.883+0000] {logging_mixin.py:188} INFO - [2024-11-12T00:07:46.882+0000] {dagbag.py:545} INFO - Filling up the DagBag from /home/airflow/.local/lib/python3.12/site-packages/airflow/example_dags/example_skip_dag.py
[2024-11-12T00:07:46.889+0000] {processor.py:840} INFO - DAG(s) 'example_skip_dag' retrieved from /home/airflow/.local/lib/python3.12/site-packages/airflow/example_dags/example_skip_dag.py
[2024-11-12T00:07:46.909+0000] {logging_mixin.py:188} INFO - [2024-11-12T00:07:46.909+0000] {dag.py:3096} INFO - Sync 1 DAGs
[2024-11-12T00:07:46.930+0000] {logging_mixin.py:188} INFO - [2024-11-12T00:07:46.930+0000] {dag.py:3954} INFO - Setting next_dagrun for example_skip_dag to 2024-11-11 00:00:00+00:00, run_after=2024-11-12 00:00:00+00:00
[2024-11-12T00:07:46.948+0000] {processor.py:183} INFO - Processing /home/airflow/.local/lib/python3.12/site-packages/airflow/example_dags/example_skip_dag.py took 0.074 seconds
[2024-11-12T00:08:17.035+0000] {processor.py:161} INFO - Started process (PID=314) to work on /home/airflow/.local/lib/python3.12/site-packages/airflow/example_dags/example_skip_dag.py
[2024-11-12T00:08:17.036+0000] {processor.py:830} INFO - Processing file /home/airflow/.local/lib/python3.12/site-packages/airflow/example_dags/example_skip_dag.py for tasks to queue
[2024-11-12T00:08:17.039+0000] {logging_mixin.py:188} INFO - [2024-11-12T00:08:17.038+0000] {dagbag.py:545} INFO - Filling up the DagBag from /home/airflow/.local/lib/python3.12/site-packages/airflow/example_dags/example_skip_dag.py
[2024-11-12T00:08:17.045+0000] {processor.py:840} INFO - DAG(s) 'example_skip_dag' retrieved from /home/airflow/.local/lib/python3.12/site-packages/airflow/example_dags/example_skip_dag.py
[2024-11-12T00:08:17.066+0000] {logging_mixin.py:188} INFO - [2024-11-12T00:08:17.066+0000] {dag.py:3096} INFO - Sync 1 DAGs
[2024-11-12T00:08:17.089+0000] {logging_mixin.py:188} INFO - [2024-11-12T00:08:17.089+0000] {dag.py:3954} INFO - Setting next_dagrun for example_skip_dag to 2024-11-11 00:00:00+00:00, run_after=2024-11-12 00:00:00+00:00
[2024-11-12T00:08:17.109+0000] {processor.py:183} INFO - Processing /home/airflow/.local/lib/python3.12/site-packages/airflow/example_dags/example_skip_dag.py took 0.079 seconds
[2024-11-12T00:08:47.470+0000] {processor.py:161} INFO - Started process (PID=373) to work on /home/airflow/.local/lib/python3.12/site-packages/airflow/example_dags/example_skip_dag.py
[2024-11-12T00:08:47.471+0000] {processor.py:830} INFO - Processing file /home/airflow/.local/lib/python3.12/site-packages/airflow/example_dags/example_skip_dag.py for tasks to queue
[2024-11-12T00:08:47.473+0000] {logging_mixin.py:188} INFO - [2024-11-12T00:08:47.473+0000] {dagbag.py:545} INFO - Filling up the DagBag from /home/airflow/.local/lib/python3.12/site-packages/airflow/example_dags/example_skip_dag.py
[2024-11-12T00:08:47.479+0000] {processor.py:840} INFO - DAG(s) 'example_skip_dag' retrieved from /home/airflow/.local/lib/python3.12/site-packages/airflow/example_dags/example_skip_dag.py
[2024-11-12T00:08:47.501+0000] {logging_mixin.py:188} INFO - [2024-11-12T00:08:47.501+0000] {dag.py:3096} INFO - Sync 1 DAGs
[2024-11-12T00:08:47.523+0000] {logging_mixin.py:188} INFO - [2024-11-12T00:08:47.522+0000] {dag.py:3954} INFO - Setting next_dagrun for example_skip_dag to 2024-11-11 00:00:00+00:00, run_after=2024-11-12 00:00:00+00:00
[2024-11-12T00:08:47.541+0000] {processor.py:183} INFO - Processing /home/airflow/.local/lib/python3.12/site-packages/airflow/example_dags/example_skip_dag.py took 0.077 seconds
[2024-11-12T00:09:17.710+0000] {processor.py:161} INFO - Started process (PID=432) to work on /home/airflow/.local/lib/python3.12/site-packages/airflow/example_dags/example_skip_dag.py
[2024-11-12T00:09:17.712+0000] {processor.py:830} INFO - Processing file /home/airflow/.local/lib/python3.12/site-packages/airflow/example_dags/example_skip_dag.py for tasks to queue
[2024-11-12T00:09:17.714+0000] {logging_mixin.py:188} INFO - [2024-11-12T00:09:17.714+0000] {dagbag.py:545} INFO - Filling up the DagBag from /home/airflow/.local/lib/python3.12/site-packages/airflow/example_dags/example_skip_dag.py
[2024-11-12T00:09:17.721+0000] {processor.py:840} INFO - DAG(s) 'example_skip_dag' retrieved from /home/airflow/.local/lib/python3.12/site-packages/airflow/example_dags/example_skip_dag.py
[2024-11-12T00:09:17.744+0000] {logging_mixin.py:188} INFO - [2024-11-12T00:09:17.744+0000] {dag.py:3096} INFO - Sync 1 DAGs
[2024-11-12T00:09:17.767+0000] {logging_mixin.py:188} INFO - [2024-11-12T00:09:17.767+0000] {dag.py:3954} INFO - Setting next_dagrun for example_skip_dag to 2024-11-11 00:00:00+00:00, run_after=2024-11-12 00:00:00+00:00
[2024-11-12T00:09:17.786+0000] {processor.py:183} INFO - Processing /home/airflow/.local/lib/python3.12/site-packages/airflow/example_dags/example_skip_dag.py took 0.081 seconds
[2024-11-12T00:09:48.036+0000] {processor.py:161} INFO - Started process (PID=491) to work on /home/airflow/.local/lib/python3.12/site-packages/airflow/example_dags/example_skip_dag.py
[2024-11-12T00:09:48.037+0000] {processor.py:830} INFO - Processing file /home/airflow/.local/lib/python3.12/site-packages/airflow/example_dags/example_skip_dag.py for tasks to queue
[2024-11-12T00:09:48.040+0000] {logging_mixin.py:188} INFO - [2024-11-12T00:09:48.040+0000] {dagbag.py:545} INFO - Filling up the DagBag from /home/airflow/.local/lib/python3.12/site-packages/airflow/example_dags/example_skip_dag.py
[2024-11-12T00:09:48.051+0000] {processor.py:840} INFO - DAG(s) 'example_skip_dag' retrieved from /home/airflow/.local/lib/python3.12/site-packages/airflow/example_dags/example_skip_dag.py
[2024-11-12T00:09:48.076+0000] {logging_mixin.py:188} INFO - [2024-11-12T00:09:48.076+0000] {dag.py:3096} INFO - Sync 1 DAGs
[2024-11-12T00:09:48.106+0000] {logging_mixin.py:188} INFO - [2024-11-12T00:09:48.106+0000] {dag.py:3954} INFO - Setting next_dagrun for example_skip_dag to 2024-11-11 00:00:00+00:00, run_after=2024-11-12 00:00:00+00:00
[2024-11-12T00:09:48.125+0000] {processor.py:183} INFO - Processing /home/airflow/.local/lib/python3.12/site-packages/airflow/example_dags/example_skip_dag.py took 0.095 seconds
[2024-11-12T00:10:18.777+0000] {processor.py:161} INFO - Started process (PID=550) to work on /home/airflow/.local/lib/python3.12/site-packages/airflow/example_dags/example_skip_dag.py
[2024-11-12T00:10:18.778+0000] {processor.py:830} INFO - Processing file /home/airflow/.local/lib/python3.12/site-packages/airflow/example_dags/example_skip_dag.py for tasks to queue
[2024-11-12T00:10:18.781+0000] {logging_mixin.py:188} INFO - [2024-11-12T00:10:18.780+0000] {dagbag.py:545} INFO - Filling up the DagBag from /home/airflow/.local/lib/python3.12/site-packages/airflow/example_dags/example_skip_dag.py
[2024-11-12T00:10:18.787+0000] {processor.py:840} INFO - DAG(s) 'example_skip_dag' retrieved from /home/airflow/.local/lib/python3.12/site-packages/airflow/example_dags/example_skip_dag.py
[2024-11-12T00:10:18.905+0000] {logging_mixin.py:188} INFO - [2024-11-12T00:10:18.904+0000] {dag.py:3096} INFO - Sync 1 DAGs
[2024-11-12T00:10:18.930+0000] {logging_mixin.py:188} INFO - [2024-11-12T00:10:18.930+0000] {dag.py:3954} INFO - Setting next_dagrun for example_skip_dag to 2024-11-11 00:00:00+00:00, run_after=2024-11-12 00:00:00+00:00
[2024-11-12T00:10:18.951+0000] {processor.py:183} INFO - Processing /home/airflow/.local/lib/python3.12/site-packages/airflow/example_dags/example_skip_dag.py took 0.180 seconds
[2024-11-12T00:10:49.041+0000] {processor.py:161} INFO - Started process (PID=608) to work on /home/airflow/.local/lib/python3.12/site-packages/airflow/example_dags/example_skip_dag.py
[2024-11-12T00:10:49.043+0000] {processor.py:830} INFO - Processing file /home/airflow/.local/lib/python3.12/site-packages/airflow/example_dags/example_skip_dag.py for tasks to queue
[2024-11-12T00:10:49.045+0000] {logging_mixin.py:188} INFO - [2024-11-12T00:10:49.044+0000] {dagbag.py:545} INFO - Filling up the DagBag from /home/airflow/.local/lib/python3.12/site-packages/airflow/example_dags/example_skip_dag.py
[2024-11-12T00:10:49.051+0000] {processor.py:840} INFO - DAG(s) 'example_skip_dag' retrieved from /home/airflow/.local/lib/python3.12/site-packages/airflow/example_dags/example_skip_dag.py
[2024-11-12T00:10:49.073+0000] {logging_mixin.py:188} INFO - [2024-11-12T00:10:49.072+0000] {dag.py:3096} INFO - Sync 1 DAGs
[2024-11-12T00:10:49.094+0000] {logging_mixin.py:188} INFO - [2024-11-12T00:10:49.094+0000] {dag.py:3954} INFO - Setting next_dagrun for example_skip_dag to 2024-11-11 00:00:00+00:00, run_after=2024-11-12 00:00:00+00:00
[2024-11-12T00:10:49.113+0000] {processor.py:183} INFO - Processing /home/airflow/.local/lib/python3.12/site-packages/airflow/example_dags/example_skip_dag.py took 0.079 seconds
[2024-11-12T00:11:19.455+0000] {processor.py:161} INFO - Started process (PID=668) to work on /home/airflow/.local/lib/python3.12/site-packages/airflow/example_dags/example_skip_dag.py
[2024-11-12T00:11:19.456+0000] {processor.py:830} INFO - Processing file /home/airflow/.local/lib/python3.12/site-packages/airflow/example_dags/example_skip_dag.py for tasks to queue
[2024-11-12T00:11:19.459+0000] {logging_mixin.py:188} INFO - [2024-11-12T00:11:19.458+0000] {dagbag.py:545} INFO - Filling up the DagBag from /home/airflow/.local/lib/python3.12/site-packages/airflow/example_dags/example_skip_dag.py
[2024-11-12T00:11:19.465+0000] {processor.py:840} INFO - DAG(s) 'example_skip_dag' retrieved from /home/airflow/.local/lib/python3.12/site-packages/airflow/example_dags/example_skip_dag.py
[2024-11-12T00:11:19.486+0000] {logging_mixin.py:188} INFO - [2024-11-12T00:11:19.485+0000] {dag.py:3096} INFO - Sync 1 DAGs
[2024-11-12T00:11:19.508+0000] {logging_mixin.py:188} INFO - [2024-11-12T00:11:19.508+0000] {dag.py:3954} INFO - Setting next_dagrun for example_skip_dag to 2024-11-11 00:00:00+00:00, run_after=2024-11-12 00:00:00+00:00
[2024-11-12T00:11:19.526+0000] {processor.py:183} INFO - Processing /home/airflow/.local/lib/python3.12/site-packages/airflow/example_dags/example_skip_dag.py took 0.077 seconds
[2024-11-12T00:11:50.429+0000] {processor.py:161} INFO - Started process (PID=727) to work on /home/airflow/.local/lib/python3.12/site-packages/airflow/example_dags/example_skip_dag.py
[2024-11-12T00:11:50.433+0000] {processor.py:830} INFO - Processing file /home/airflow/.local/lib/python3.12/site-packages/airflow/example_dags/example_skip_dag.py for tasks to queue
[2024-11-12T00:11:50.436+0000] {logging_mixin.py:188} INFO - [2024-11-12T00:11:50.435+0000] {dagbag.py:545} INFO - Filling up the DagBag from /home/airflow/.local/lib/python3.12/site-packages/airflow/example_dags/example_skip_dag.py
[2024-11-12T00:11:50.442+0000] {processor.py:840} INFO - DAG(s) 'example_skip_dag' retrieved from /home/airflow/.local/lib/python3.12/site-packages/airflow/example_dags/example_skip_dag.py
[2024-11-12T00:11:50.540+0000] {logging_mixin.py:188} INFO - [2024-11-12T00:11:50.539+0000] {dag.py:3096} INFO - Sync 1 DAGs
[2024-11-12T00:11:50.560+0000] {logging_mixin.py:188} INFO - [2024-11-12T00:11:50.560+0000] {dag.py:3954} INFO - Setting next_dagrun for example_skip_dag to 2024-11-11 00:00:00+00:00, run_after=2024-11-12 00:00:00+00:00
[2024-11-12T00:11:50.577+0000] {processor.py:183} INFO - Processing /home/airflow/.local/lib/python3.12/site-packages/airflow/example_dags/example_skip_dag.py took 0.154 seconds
[2024-11-12T00:12:21.174+0000] {processor.py:161} INFO - Started process (PID=786) to work on /home/airflow/.local/lib/python3.12/site-packages/airflow/example_dags/example_skip_dag.py
[2024-11-12T00:12:21.176+0000] {processor.py:830} INFO - Processing file /home/airflow/.local/lib/python3.12/site-packages/airflow/example_dags/example_skip_dag.py for tasks to queue
[2024-11-12T00:12:21.178+0000] {logging_mixin.py:188} INFO - [2024-11-12T00:12:21.178+0000] {dagbag.py:545} INFO - Filling up the DagBag from /home/airflow/.local/lib/python3.12/site-packages/airflow/example_dags/example_skip_dag.py
[2024-11-12T00:12:21.185+0000] {processor.py:840} INFO - DAG(s) 'example_skip_dag' retrieved from /home/airflow/.local/lib/python3.12/site-packages/airflow/example_dags/example_skip_dag.py
[2024-11-12T00:12:21.209+0000] {logging_mixin.py:188} INFO - [2024-11-12T00:12:21.208+0000] {dag.py:3096} INFO - Sync 1 DAGs
[2024-11-12T00:12:21.232+0000] {logging_mixin.py:188} INFO - [2024-11-12T00:12:21.232+0000] {dag.py:3954} INFO - Setting next_dagrun for example_skip_dag to 2024-11-11 00:00:00+00:00, run_after=2024-11-12 00:00:00+00:00
[2024-11-12T00:12:21.256+0000] {processor.py:183} INFO - Processing /home/airflow/.local/lib/python3.12/site-packages/airflow/example_dags/example_skip_dag.py took 0.088 seconds
[2024-11-12T00:12:51.568+0000] {processor.py:161} INFO - Started process (PID=851) to work on /home/airflow/.local/lib/python3.12/site-packages/airflow/example_dags/example_skip_dag.py
[2024-11-12T00:12:51.569+0000] {processor.py:830} INFO - Processing file /home/airflow/.local/lib/python3.12/site-packages/airflow/example_dags/example_skip_dag.py for tasks to queue
[2024-11-12T00:12:51.571+0000] {logging_mixin.py:188} INFO - [2024-11-12T00:12:51.571+0000] {dagbag.py:545} INFO - Filling up the DagBag from /home/airflow/.local/lib/python3.12/site-packages/airflow/example_dags/example_skip_dag.py
[2024-11-12T00:12:51.578+0000] {processor.py:840} INFO - DAG(s) 'example_skip_dag' retrieved from /home/airflow/.local/lib/python3.12/site-packages/airflow/example_dags/example_skip_dag.py
[2024-11-12T00:12:51.599+0000] {logging_mixin.py:188} INFO - [2024-11-12T00:12:51.599+0000] {dag.py:3096} INFO - Sync 1 DAGs
[2024-11-12T00:12:51.621+0000] {logging_mixin.py:188} INFO - [2024-11-12T00:12:51.620+0000] {dag.py:3954} INFO - Setting next_dagrun for example_skip_dag to 2024-11-11 00:00:00+00:00, run_after=2024-11-12 00:00:00+00:00
[2024-11-12T00:12:51.639+0000] {processor.py:183} INFO - Processing /home/airflow/.local/lib/python3.12/site-packages/airflow/example_dags/example_skip_dag.py took 0.076 seconds
[2024-11-12T00:13:21.864+0000] {processor.py:161} INFO - Started process (PID=910) to work on /home/airflow/.local/lib/python3.12/site-packages/airflow/example_dags/example_skip_dag.py
[2024-11-12T00:13:21.865+0000] {processor.py:830} INFO - Processing file /home/airflow/.local/lib/python3.12/site-packages/airflow/example_dags/example_skip_dag.py for tasks to queue
[2024-11-12T00:13:21.868+0000] {logging_mixin.py:188} INFO - [2024-11-12T00:13:21.867+0000] {dagbag.py:545} INFO - Filling up the DagBag from /home/airflow/.local/lib/python3.12/site-packages/airflow/example_dags/example_skip_dag.py
[2024-11-12T00:13:21.875+0000] {processor.py:840} INFO - DAG(s) 'example_skip_dag' retrieved from /home/airflow/.local/lib/python3.12/site-packages/airflow/example_dags/example_skip_dag.py
[2024-11-12T00:13:21.898+0000] {logging_mixin.py:188} INFO - [2024-11-12T00:13:21.898+0000] {dag.py:3096} INFO - Sync 1 DAGs
[2024-11-12T00:13:21.926+0000] {logging_mixin.py:188} INFO - [2024-11-12T00:13:21.926+0000] {dag.py:3954} INFO - Setting next_dagrun for example_skip_dag to 2024-11-11 00:00:00+00:00, run_after=2024-11-12 00:00:00+00:00
[2024-11-12T00:13:21.951+0000] {processor.py:183} INFO - Processing /home/airflow/.local/lib/python3.12/site-packages/airflow/example_dags/example_skip_dag.py took 0.096 seconds
[2024-11-12T00:13:52.486+0000] {processor.py:161} INFO - Started process (PID=969) to work on /home/airflow/.local/lib/python3.12/site-packages/airflow/example_dags/example_skip_dag.py
[2024-11-12T00:13:52.487+0000] {processor.py:830} INFO - Processing file /home/airflow/.local/lib/python3.12/site-packages/airflow/example_dags/example_skip_dag.py for tasks to queue
[2024-11-12T00:13:52.489+0000] {logging_mixin.py:188} INFO - [2024-11-12T00:13:52.489+0000] {dagbag.py:545} INFO - Filling up the DagBag from /home/airflow/.local/lib/python3.12/site-packages/airflow/example_dags/example_skip_dag.py
[2024-11-12T00:13:52.496+0000] {processor.py:840} INFO - DAG(s) 'example_skip_dag' retrieved from /home/airflow/.local/lib/python3.12/site-packages/airflow/example_dags/example_skip_dag.py
[2024-11-12T00:13:52.518+0000] {logging_mixin.py:188} INFO - [2024-11-12T00:13:52.517+0000] {dag.py:3096} INFO - Sync 1 DAGs
[2024-11-12T00:13:52.540+0000] {logging_mixin.py:188} INFO - [2024-11-12T00:13:52.539+0000] {dag.py:3954} INFO - Setting next_dagrun for example_skip_dag to 2024-11-11 00:00:00+00:00, run_after=2024-11-12 00:00:00+00:00
[2024-11-12T00:13:52.558+0000] {processor.py:183} INFO - Processing /home/airflow/.local/lib/python3.12/site-packages/airflow/example_dags/example_skip_dag.py took 0.078 seconds
[2024-11-12T00:14:22.704+0000] {processor.py:161} INFO - Started process (PID=1028) to work on /home/airflow/.local/lib/python3.12/site-packages/airflow/example_dags/example_skip_dag.py
[2024-11-12T00:14:22.705+0000] {processor.py:830} INFO - Processing file /home/airflow/.local/lib/python3.12/site-packages/airflow/example_dags/example_skip_dag.py for tasks to queue
[2024-11-12T00:14:22.707+0000] {logging_mixin.py:188} INFO - [2024-11-12T00:14:22.707+0000] {dagbag.py:545} INFO - Filling up the DagBag from /home/airflow/.local/lib/python3.12/site-packages/airflow/example_dags/example_skip_dag.py
[2024-11-12T00:14:22.713+0000] {processor.py:840} INFO - DAG(s) 'example_skip_dag' retrieved from /home/airflow/.local/lib/python3.12/site-packages/airflow/example_dags/example_skip_dag.py
[2024-11-12T00:14:22.734+0000] {logging_mixin.py:188} INFO - [2024-11-12T00:14:22.733+0000] {dag.py:3096} INFO - Sync 1 DAGs
[2024-11-12T00:14:22.757+0000] {logging_mixin.py:188} INFO - [2024-11-12T00:14:22.757+0000] {dag.py:3954} INFO - Setting next_dagrun for example_skip_dag to 2024-11-11 00:00:00+00:00, run_after=2024-11-12 00:00:00+00:00
[2024-11-12T00:14:22.774+0000] {processor.py:183} INFO - Processing /home/airflow/.local/lib/python3.12/site-packages/airflow/example_dags/example_skip_dag.py took 0.075 seconds
[2024-11-12T00:14:52.935+0000] {processor.py:161} INFO - Started process (PID=1087) to work on /home/airflow/.local/lib/python3.12/site-packages/airflow/example_dags/example_skip_dag.py
[2024-11-12T00:14:52.936+0000] {processor.py:830} INFO - Processing file /home/airflow/.local/lib/python3.12/site-packages/airflow/example_dags/example_skip_dag.py for tasks to queue
[2024-11-12T00:14:52.938+0000] {logging_mixin.py:188} INFO - [2024-11-12T00:14:52.938+0000] {dagbag.py:545} INFO - Filling up the DagBag from /home/airflow/.local/lib/python3.12/site-packages/airflow/example_dags/example_skip_dag.py
[2024-11-12T00:14:52.944+0000] {processor.py:840} INFO - DAG(s) 'example_skip_dag' retrieved from /home/airflow/.local/lib/python3.12/site-packages/airflow/example_dags/example_skip_dag.py
[2024-11-12T00:14:52.970+0000] {logging_mixin.py:188} INFO - [2024-11-12T00:14:52.969+0000] {dag.py:3096} INFO - Sync 1 DAGs
[2024-11-12T00:14:52.994+0000] {logging_mixin.py:188} INFO - [2024-11-12T00:14:52.993+0000] {dag.py:3954} INFO - Setting next_dagrun for example_skip_dag to 2024-11-11 00:00:00+00:00, run_after=2024-11-12 00:00:00+00:00
[2024-11-12T00:14:53.017+0000] {processor.py:183} INFO - Processing /home/airflow/.local/lib/python3.12/site-packages/airflow/example_dags/example_skip_dag.py took 0.088 seconds
[2024-11-12T00:15:23.454+0000] {processor.py:161} INFO - Started process (PID=1146) to work on /home/airflow/.local/lib/python3.12/site-packages/airflow/example_dags/example_skip_dag.py
[2024-11-12T00:15:23.455+0000] {processor.py:830} INFO - Processing file /home/airflow/.local/lib/python3.12/site-packages/airflow/example_dags/example_skip_dag.py for tasks to queue
[2024-11-12T00:15:23.457+0000] {logging_mixin.py:188} INFO - [2024-11-12T00:15:23.456+0000] {dagbag.py:545} INFO - Filling up the DagBag from /home/airflow/.local/lib/python3.12/site-packages/airflow/example_dags/example_skip_dag.py
[2024-11-12T00:15:23.463+0000] {processor.py:840} INFO - DAG(s) 'example_skip_dag' retrieved from /home/airflow/.local/lib/python3.12/site-packages/airflow/example_dags/example_skip_dag.py
[2024-11-12T00:15:23.484+0000] {logging_mixin.py:188} INFO - [2024-11-12T00:15:23.484+0000] {dag.py:3096} INFO - Sync 1 DAGs
[2024-11-12T00:15:23.504+0000] {logging_mixin.py:188} INFO - [2024-11-12T00:15:23.504+0000] {dag.py:3954} INFO - Setting next_dagrun for example_skip_dag to 2024-11-11 00:00:00+00:00, run_after=2024-11-12 00:00:00+00:00
[2024-11-12T00:15:23.521+0000] {processor.py:183} INFO - Processing /home/airflow/.local/lib/python3.12/site-packages/airflow/example_dags/example_skip_dag.py took 0.073 seconds
[2024-11-12T00:15:53.754+0000] {processor.py:161} INFO - Started process (PID=1205) to work on /home/airflow/.local/lib/python3.12/site-packages/airflow/example_dags/example_skip_dag.py
[2024-11-12T00:15:53.755+0000] {processor.py:830} INFO - Processing file /home/airflow/.local/lib/python3.12/site-packages/airflow/example_dags/example_skip_dag.py for tasks to queue
[2024-11-12T00:15:53.757+0000] {logging_mixin.py:188} INFO - [2024-11-12T00:15:53.757+0000] {dagbag.py:545} INFO - Filling up the DagBag from /home/airflow/.local/lib/python3.12/site-packages/airflow/example_dags/example_skip_dag.py
[2024-11-12T00:15:53.764+0000] {processor.py:840} INFO - DAG(s) 'example_skip_dag' retrieved from /home/airflow/.local/lib/python3.12/site-packages/airflow/example_dags/example_skip_dag.py
[2024-11-12T00:15:53.785+0000] {logging_mixin.py:188} INFO - [2024-11-12T00:15:53.785+0000] {dag.py:3096} INFO - Sync 1 DAGs
[2024-11-12T00:15:53.806+0000] {logging_mixin.py:188} INFO - [2024-11-12T00:15:53.805+0000] {dag.py:3954} INFO - Setting next_dagrun for example_skip_dag to 2024-11-11 00:00:00+00:00, run_after=2024-11-12 00:00:00+00:00
[2024-11-12T00:15:53.824+0000] {processor.py:183} INFO - Processing /home/airflow/.local/lib/python3.12/site-packages/airflow/example_dags/example_skip_dag.py took 0.075 seconds
[2024-11-12T00:16:23.976+0000] {processor.py:161} INFO - Started process (PID=1264) to work on /home/airflow/.local/lib/python3.12/site-packages/airflow/example_dags/example_skip_dag.py
[2024-11-12T00:16:23.977+0000] {processor.py:830} INFO - Processing file /home/airflow/.local/lib/python3.12/site-packages/airflow/example_dags/example_skip_dag.py for tasks to queue
[2024-11-12T00:16:23.980+0000] {logging_mixin.py:188} INFO - [2024-11-12T00:16:23.979+0000] {dagbag.py:545} INFO - Filling up the DagBag from /home/airflow/.local/lib/python3.12/site-packages/airflow/example_dags/example_skip_dag.py
[2024-11-12T00:16:23.986+0000] {processor.py:840} INFO - DAG(s) 'example_skip_dag' retrieved from /home/airflow/.local/lib/python3.12/site-packages/airflow/example_dags/example_skip_dag.py
[2024-11-12T00:16:24.010+0000] {logging_mixin.py:188} INFO - [2024-11-12T00:16:24.009+0000] {dag.py:3096} INFO - Sync 1 DAGs
[2024-11-12T00:16:24.034+0000] {logging_mixin.py:188} INFO - [2024-11-12T00:16:24.034+0000] {dag.py:3954} INFO - Setting next_dagrun for example_skip_dag to 2024-11-11 00:00:00+00:00, run_after=2024-11-12 00:00:00+00:00
[2024-11-12T00:16:24.052+0000] {processor.py:183} INFO - Processing /home/airflow/.local/lib/python3.12/site-packages/airflow/example_dags/example_skip_dag.py took 0.081 seconds
[2024-11-12T00:16:55.429+0000] {processor.py:161} INFO - Started process (PID=1323) to work on /home/airflow/.local/lib/python3.12/site-packages/airflow/example_dags/example_skip_dag.py
[2024-11-12T00:16:55.430+0000] {processor.py:830} INFO - Processing file /home/airflow/.local/lib/python3.12/site-packages/airflow/example_dags/example_skip_dag.py for tasks to queue
[2024-11-12T00:16:55.433+0000] {logging_mixin.py:188} INFO - [2024-11-12T00:16:55.432+0000] {dagbag.py:545} INFO - Filling up the DagBag from /home/airflow/.local/lib/python3.12/site-packages/airflow/example_dags/example_skip_dag.py
[2024-11-12T00:16:55.441+0000] {processor.py:840} INFO - DAG(s) 'example_skip_dag' retrieved from /home/airflow/.local/lib/python3.12/site-packages/airflow/example_dags/example_skip_dag.py
[2024-11-12T00:16:55.546+0000] {logging_mixin.py:188} INFO - [2024-11-12T00:16:55.546+0000] {dag.py:3096} INFO - Sync 1 DAGs
[2024-11-12T00:16:55.565+0000] {logging_mixin.py:188} INFO - [2024-11-12T00:16:55.565+0000] {dag.py:3954} INFO - Setting next_dagrun for example_skip_dag to 2024-11-11 00:00:00+00:00, run_after=2024-11-12 00:00:00+00:00
[2024-11-12T00:16:55.582+0000] {processor.py:183} INFO - Processing /home/airflow/.local/lib/python3.12/site-packages/airflow/example_dags/example_skip_dag.py took 0.161 seconds
[2024-11-12T00:17:26.589+0000] {processor.py:161} INFO - Started process (PID=1382) to work on /home/airflow/.local/lib/python3.12/site-packages/airflow/example_dags/example_skip_dag.py
[2024-11-12T00:17:26.590+0000] {processor.py:830} INFO - Processing file /home/airflow/.local/lib/python3.12/site-packages/airflow/example_dags/example_skip_dag.py for tasks to queue
[2024-11-12T00:17:26.592+0000] {logging_mixin.py:188} INFO - [2024-11-12T00:17:26.591+0000] {dagbag.py:545} INFO - Filling up the DagBag from /home/airflow/.local/lib/python3.12/site-packages/airflow/example_dags/example_skip_dag.py
[2024-11-12T00:17:26.599+0000] {processor.py:840} INFO - DAG(s) 'example_skip_dag' retrieved from /home/airflow/.local/lib/python3.12/site-packages/airflow/example_dags/example_skip_dag.py
[2024-11-12T00:17:26.642+0000] {logging_mixin.py:188} INFO - [2024-11-12T00:17:26.641+0000] {dag.py:3096} INFO - Sync 1 DAGs
[2024-11-12T00:17:26.679+0000] {logging_mixin.py:188} INFO - [2024-11-12T00:17:26.679+0000] {dag.py:3954} INFO - Setting next_dagrun for example_skip_dag to 2024-11-11 00:00:00+00:00, run_after=2024-11-12 00:00:00+00:00
[2024-11-12T00:17:26.703+0000] {processor.py:183} INFO - Processing /home/airflow/.local/lib/python3.12/site-packages/airflow/example_dags/example_skip_dag.py took 0.121 seconds
[2024-11-12T00:17:57.296+0000] {processor.py:161} INFO - Started process (PID=1441) to work on /home/airflow/.local/lib/python3.12/site-packages/airflow/example_dags/example_skip_dag.py
[2024-11-12T00:17:57.297+0000] {processor.py:830} INFO - Processing file /home/airflow/.local/lib/python3.12/site-packages/airflow/example_dags/example_skip_dag.py for tasks to queue
[2024-11-12T00:17:57.300+0000] {logging_mixin.py:188} INFO - [2024-11-12T00:17:57.299+0000] {dagbag.py:545} INFO - Filling up the DagBag from /home/airflow/.local/lib/python3.12/site-packages/airflow/example_dags/example_skip_dag.py
[2024-11-12T00:17:57.306+0000] {processor.py:840} INFO - DAG(s) 'example_skip_dag' retrieved from /home/airflow/.local/lib/python3.12/site-packages/airflow/example_dags/example_skip_dag.py
[2024-11-12T00:17:57.329+0000] {logging_mixin.py:188} INFO - [2024-11-12T00:17:57.329+0000] {dag.py:3096} INFO - Sync 1 DAGs
[2024-11-12T00:17:57.349+0000] {logging_mixin.py:188} INFO - [2024-11-12T00:17:57.349+0000] {dag.py:3954} INFO - Setting next_dagrun for example_skip_dag to 2024-11-11 00:00:00+00:00, run_after=2024-11-12 00:00:00+00:00
[2024-11-12T00:17:57.368+0000] {processor.py:183} INFO - Processing /home/airflow/.local/lib/python3.12/site-packages/airflow/example_dags/example_skip_dag.py took 0.078 seconds
[2024-11-12T00:18:27.935+0000] {processor.py:161} INFO - Started process (PID=1500) to work on /home/airflow/.local/lib/python3.12/site-packages/airflow/example_dags/example_skip_dag.py
[2024-11-12T00:18:27.936+0000] {processor.py:830} INFO - Processing file /home/airflow/.local/lib/python3.12/site-packages/airflow/example_dags/example_skip_dag.py for tasks to queue
[2024-11-12T00:18:27.938+0000] {logging_mixin.py:188} INFO - [2024-11-12T00:18:27.938+0000] {dagbag.py:545} INFO - Filling up the DagBag from /home/airflow/.local/lib/python3.12/site-packages/airflow/example_dags/example_skip_dag.py
[2024-11-12T00:18:27.944+0000] {processor.py:840} INFO - DAG(s) 'example_skip_dag' retrieved from /home/airflow/.local/lib/python3.12/site-packages/airflow/example_dags/example_skip_dag.py
[2024-11-12T00:18:27.966+0000] {logging_mixin.py:188} INFO - [2024-11-12T00:18:27.966+0000] {dag.py:3096} INFO - Sync 1 DAGs
[2024-11-12T00:18:27.988+0000] {logging_mixin.py:188} INFO - [2024-11-12T00:18:27.988+0000] {dag.py:3954} INFO - Setting next_dagrun for example_skip_dag to 2024-11-11 00:00:00+00:00, run_after=2024-11-12 00:00:00+00:00
[2024-11-12T00:18:28.008+0000] {processor.py:183} INFO - Processing /home/airflow/.local/lib/python3.12/site-packages/airflow/example_dags/example_skip_dag.py took 0.079 seconds
[2024-11-12T00:18:58.406+0000] {processor.py:161} INFO - Started process (PID=1560) to work on /home/airflow/.local/lib/python3.12/site-packages/airflow/example_dags/example_skip_dag.py
[2024-11-12T00:18:58.408+0000] {processor.py:830} INFO - Processing file /home/airflow/.local/lib/python3.12/site-packages/airflow/example_dags/example_skip_dag.py for tasks to queue
[2024-11-12T00:18:58.410+0000] {logging_mixin.py:188} INFO - [2024-11-12T00:18:58.409+0000] {dagbag.py:545} INFO - Filling up the DagBag from /home/airflow/.local/lib/python3.12/site-packages/airflow/example_dags/example_skip_dag.py
[2024-11-12T00:18:58.420+0000] {processor.py:840} INFO - DAG(s) 'example_skip_dag' retrieved from /home/airflow/.local/lib/python3.12/site-packages/airflow/example_dags/example_skip_dag.py
[2024-11-12T00:18:58.444+0000] {logging_mixin.py:188} INFO - [2024-11-12T00:18:58.444+0000] {dag.py:3096} INFO - Sync 1 DAGs
[2024-11-12T00:18:58.465+0000] {logging_mixin.py:188} INFO - [2024-11-12T00:18:58.465+0000] {dag.py:3954} INFO - Setting next_dagrun for example_skip_dag to 2024-11-11 00:00:00+00:00, run_after=2024-11-12 00:00:00+00:00
[2024-11-12T00:18:58.484+0000] {processor.py:183} INFO - Processing /home/airflow/.local/lib/python3.12/site-packages/airflow/example_dags/example_skip_dag.py took 0.083 seconds
[2024-11-12T00:19:29.131+0000] {processor.py:161} INFO - Started process (PID=1619) to work on /home/airflow/.local/lib/python3.12/site-packages/airflow/example_dags/example_skip_dag.py
[2024-11-12T00:19:29.139+0000] {processor.py:830} INFO - Processing file /home/airflow/.local/lib/python3.12/site-packages/airflow/example_dags/example_skip_dag.py for tasks to queue
[2024-11-12T00:19:29.144+0000] {logging_mixin.py:188} INFO - [2024-11-12T00:19:29.143+0000] {dagbag.py:545} INFO - Filling up the DagBag from /home/airflow/.local/lib/python3.12/site-packages/airflow/example_dags/example_skip_dag.py
[2024-11-12T00:19:29.158+0000] {processor.py:840} INFO - DAG(s) 'example_skip_dag' retrieved from /home/airflow/.local/lib/python3.12/site-packages/airflow/example_dags/example_skip_dag.py
[2024-11-12T00:19:29.184+0000] {logging_mixin.py:188} INFO - [2024-11-12T00:19:29.183+0000] {dag.py:3096} INFO - Sync 1 DAGs
[2024-11-12T00:19:29.215+0000] {logging_mixin.py:188} INFO - [2024-11-12T00:19:29.214+0000] {dag.py:3954} INFO - Setting next_dagrun for example_skip_dag to 2024-11-11 00:00:00+00:00, run_after=2024-11-12 00:00:00+00:00
[2024-11-12T00:19:29.240+0000] {processor.py:183} INFO - Processing /home/airflow/.local/lib/python3.12/site-packages/airflow/example_dags/example_skip_dag.py took 0.119 seconds
[2024-11-12T00:19:59.383+0000] {processor.py:161} INFO - Started process (PID=1678) to work on /home/airflow/.local/lib/python3.12/site-packages/airflow/example_dags/example_skip_dag.py
[2024-11-12T00:19:59.384+0000] {processor.py:830} INFO - Processing file /home/airflow/.local/lib/python3.12/site-packages/airflow/example_dags/example_skip_dag.py for tasks to queue
[2024-11-12T00:19:59.386+0000] {logging_mixin.py:188} INFO - [2024-11-12T00:19:59.385+0000] {dagbag.py:545} INFO - Filling up the DagBag from /home/airflow/.local/lib/python3.12/site-packages/airflow/example_dags/example_skip_dag.py
[2024-11-12T00:19:59.394+0000] {processor.py:840} INFO - DAG(s) 'example_skip_dag' retrieved from /home/airflow/.local/lib/python3.12/site-packages/airflow/example_dags/example_skip_dag.py
[2024-11-12T00:19:59.427+0000] {logging_mixin.py:188} INFO - [2024-11-12T00:19:59.426+0000] {dag.py:3096} INFO - Sync 1 DAGs
[2024-11-12T00:19:59.453+0000] {logging_mixin.py:188} INFO - [2024-11-12T00:19:59.453+0000] {dag.py:3954} INFO - Setting next_dagrun for example_skip_dag to 2024-11-11 00:00:00+00:00, run_after=2024-11-12 00:00:00+00:00
[2024-11-12T00:19:59.473+0000] {processor.py:183} INFO - Processing /home/airflow/.local/lib/python3.12/site-packages/airflow/example_dags/example_skip_dag.py took 0.096 seconds
[2024-11-12T00:20:29.734+0000] {processor.py:161} INFO - Started process (PID=1737) to work on /home/airflow/.local/lib/python3.12/site-packages/airflow/example_dags/example_skip_dag.py
[2024-11-12T00:20:29.735+0000] {processor.py:830} INFO - Processing file /home/airflow/.local/lib/python3.12/site-packages/airflow/example_dags/example_skip_dag.py for tasks to queue
[2024-11-12T00:20:29.737+0000] {logging_mixin.py:188} INFO - [2024-11-12T00:20:29.737+0000] {dagbag.py:545} INFO - Filling up the DagBag from /home/airflow/.local/lib/python3.12/site-packages/airflow/example_dags/example_skip_dag.py
[2024-11-12T00:20:29.744+0000] {processor.py:840} INFO - DAG(s) 'example_skip_dag' retrieved from /home/airflow/.local/lib/python3.12/site-packages/airflow/example_dags/example_skip_dag.py
[2024-11-12T00:20:29.765+0000] {logging_mixin.py:188} INFO - [2024-11-12T00:20:29.764+0000] {dag.py:3096} INFO - Sync 1 DAGs
[2024-11-12T00:20:29.786+0000] {logging_mixin.py:188} INFO - [2024-11-12T00:20:29.786+0000] {dag.py:3954} INFO - Setting next_dagrun for example_skip_dag to 2024-11-11 00:00:00+00:00, run_after=2024-11-12 00:00:00+00:00
[2024-11-12T00:20:29.806+0000] {processor.py:183} INFO - Processing /home/airflow/.local/lib/python3.12/site-packages/airflow/example_dags/example_skip_dag.py took 0.077 seconds
[2024-11-12T00:21:00.055+0000] {processor.py:161} INFO - Started process (PID=1796) to work on /home/airflow/.local/lib/python3.12/site-packages/airflow/example_dags/example_skip_dag.py
[2024-11-12T00:21:00.056+0000] {processor.py:830} INFO - Processing file /home/airflow/.local/lib/python3.12/site-packages/airflow/example_dags/example_skip_dag.py for tasks to queue
[2024-11-12T00:21:00.058+0000] {logging_mixin.py:188} INFO - [2024-11-12T00:21:00.058+0000] {dagbag.py:545} INFO - Filling up the DagBag from /home/airflow/.local/lib/python3.12/site-packages/airflow/example_dags/example_skip_dag.py
[2024-11-12T00:21:00.065+0000] {processor.py:840} INFO - DAG(s) 'example_skip_dag' retrieved from /home/airflow/.local/lib/python3.12/site-packages/airflow/example_dags/example_skip_dag.py
[2024-11-12T00:21:00.087+0000] {logging_mixin.py:188} INFO - [2024-11-12T00:21:00.086+0000] {dag.py:3096} INFO - Sync 1 DAGs
[2024-11-12T00:21:00.108+0000] {logging_mixin.py:188} INFO - [2024-11-12T00:21:00.108+0000] {dag.py:3954} INFO - Setting next_dagrun for example_skip_dag to 2024-11-11 00:00:00+00:00, run_after=2024-11-12 00:00:00+00:00
[2024-11-12T00:21:00.126+0000] {processor.py:183} INFO - Processing /home/airflow/.local/lib/python3.12/site-packages/airflow/example_dags/example_skip_dag.py took 0.078 seconds
[2024-11-12T00:21:30.645+0000] {processor.py:161} INFO - Started process (PID=1856) to work on /home/airflow/.local/lib/python3.12/site-packages/airflow/example_dags/example_skip_dag.py
[2024-11-12T00:21:30.646+0000] {processor.py:830} INFO - Processing file /home/airflow/.local/lib/python3.12/site-packages/airflow/example_dags/example_skip_dag.py for tasks to queue
[2024-11-12T00:21:30.648+0000] {logging_mixin.py:188} INFO - [2024-11-12T00:21:30.648+0000] {dagbag.py:545} INFO - Filling up the DagBag from /home/airflow/.local/lib/python3.12/site-packages/airflow/example_dags/example_skip_dag.py
[2024-11-12T00:21:30.655+0000] {processor.py:840} INFO - DAG(s) 'example_skip_dag' retrieved from /home/airflow/.local/lib/python3.12/site-packages/airflow/example_dags/example_skip_dag.py
[2024-11-12T00:21:30.677+0000] {logging_mixin.py:188} INFO - [2024-11-12T00:21:30.677+0000] {dag.py:3096} INFO - Sync 1 DAGs
[2024-11-12T00:21:30.700+0000] {logging_mixin.py:188} INFO - [2024-11-12T00:21:30.700+0000] {dag.py:3954} INFO - Setting next_dagrun for example_skip_dag to 2024-11-11 00:00:00+00:00, run_after=2024-11-12 00:00:00+00:00
[2024-11-12T00:21:30.723+0000] {processor.py:183} INFO - Processing /home/airflow/.local/lib/python3.12/site-packages/airflow/example_dags/example_skip_dag.py took 0.084 seconds
[2024-11-12T00:22:01.752+0000] {processor.py:161} INFO - Started process (PID=1915) to work on /home/airflow/.local/lib/python3.12/site-packages/airflow/example_dags/example_skip_dag.py
[2024-11-12T00:22:01.753+0000] {processor.py:830} INFO - Processing file /home/airflow/.local/lib/python3.12/site-packages/airflow/example_dags/example_skip_dag.py for tasks to queue
[2024-11-12T00:22:01.755+0000] {logging_mixin.py:188} INFO - [2024-11-12T00:22:01.755+0000] {dagbag.py:545} INFO - Filling up the DagBag from /home/airflow/.local/lib/python3.12/site-packages/airflow/example_dags/example_skip_dag.py
[2024-11-12T00:22:01.762+0000] {processor.py:840} INFO - DAG(s) 'example_skip_dag' retrieved from /home/airflow/.local/lib/python3.12/site-packages/airflow/example_dags/example_skip_dag.py
[2024-11-12T00:22:01.883+0000] {logging_mixin.py:188} INFO - [2024-11-12T00:22:01.882+0000] {dag.py:3096} INFO - Sync 1 DAGs
[2024-11-12T00:22:01.904+0000] {logging_mixin.py:188} INFO - [2024-11-12T00:22:01.904+0000] {dag.py:3954} INFO - Setting next_dagrun for example_skip_dag to 2024-11-11 00:00:00+00:00, run_after=2024-11-12 00:00:00+00:00
[2024-11-12T00:22:01.922+0000] {processor.py:183} INFO - Processing /home/airflow/.local/lib/python3.12/site-packages/airflow/example_dags/example_skip_dag.py took 0.176 seconds
[2024-11-12T00:22:32.161+0000] {processor.py:161} INFO - Started process (PID=1974) to work on /home/airflow/.local/lib/python3.12/site-packages/airflow/example_dags/example_skip_dag.py
[2024-11-12T00:22:32.162+0000] {processor.py:830} INFO - Processing file /home/airflow/.local/lib/python3.12/site-packages/airflow/example_dags/example_skip_dag.py for tasks to queue
[2024-11-12T00:22:32.165+0000] {logging_mixin.py:188} INFO - [2024-11-12T00:22:32.164+0000] {dagbag.py:545} INFO - Filling up the DagBag from /home/airflow/.local/lib/python3.12/site-packages/airflow/example_dags/example_skip_dag.py
[2024-11-12T00:22:32.172+0000] {processor.py:840} INFO - DAG(s) 'example_skip_dag' retrieved from /home/airflow/.local/lib/python3.12/site-packages/airflow/example_dags/example_skip_dag.py
[2024-11-12T00:22:32.195+0000] {logging_mixin.py:188} INFO - [2024-11-12T00:22:32.194+0000] {dag.py:3096} INFO - Sync 1 DAGs
[2024-11-12T00:22:32.218+0000] {logging_mixin.py:188} INFO - [2024-11-12T00:22:32.217+0000] {dag.py:3954} INFO - Setting next_dagrun for example_skip_dag to 2024-11-11 00:00:00+00:00, run_after=2024-11-12 00:00:00+00:00
[2024-11-12T00:22:32.234+0000] {processor.py:183} INFO - Processing /home/airflow/.local/lib/python3.12/site-packages/airflow/example_dags/example_skip_dag.py took 0.079 seconds
[2024-11-12T00:23:02.404+0000] {processor.py:161} INFO - Started process (PID=2033) to work on /home/airflow/.local/lib/python3.12/site-packages/airflow/example_dags/example_skip_dag.py
[2024-11-12T00:23:02.405+0000] {processor.py:830} INFO - Processing file /home/airflow/.local/lib/python3.12/site-packages/airflow/example_dags/example_skip_dag.py for tasks to queue
[2024-11-12T00:23:02.407+0000] {logging_mixin.py:188} INFO - [2024-11-12T00:23:02.407+0000] {dagbag.py:545} INFO - Filling up the DagBag from /home/airflow/.local/lib/python3.12/site-packages/airflow/example_dags/example_skip_dag.py
[2024-11-12T00:23:02.416+0000] {processor.py:840} INFO - DAG(s) 'example_skip_dag' retrieved from /home/airflow/.local/lib/python3.12/site-packages/airflow/example_dags/example_skip_dag.py
[2024-11-12T00:23:02.438+0000] {logging_mixin.py:188} INFO - [2024-11-12T00:23:02.437+0000] {dag.py:3096} INFO - Sync 1 DAGs
[2024-11-12T00:23:02.459+0000] {logging_mixin.py:188} INFO - [2024-11-12T00:23:02.459+0000] {dag.py:3954} INFO - Setting next_dagrun for example_skip_dag to 2024-11-11 00:00:00+00:00, run_after=2024-11-12 00:00:00+00:00
[2024-11-12T00:23:02.479+0000] {processor.py:183} INFO - Processing /home/airflow/.local/lib/python3.12/site-packages/airflow/example_dags/example_skip_dag.py took 0.081 seconds
[2024-11-12T00:23:32.983+0000] {processor.py:161} INFO - Started process (PID=2095) to work on /home/airflow/.local/lib/python3.12/site-packages/airflow/example_dags/example_skip_dag.py
[2024-11-12T00:23:32.984+0000] {processor.py:830} INFO - Processing file /home/airflow/.local/lib/python3.12/site-packages/airflow/example_dags/example_skip_dag.py for tasks to queue
[2024-11-12T00:23:32.986+0000] {logging_mixin.py:188} INFO - [2024-11-12T00:23:32.986+0000] {dagbag.py:545} INFO - Filling up the DagBag from /home/airflow/.local/lib/python3.12/site-packages/airflow/example_dags/example_skip_dag.py
[2024-11-12T00:23:32.993+0000] {processor.py:840} INFO - DAG(s) 'example_skip_dag' retrieved from /home/airflow/.local/lib/python3.12/site-packages/airflow/example_dags/example_skip_dag.py
[2024-11-12T00:23:33.015+0000] {logging_mixin.py:188} INFO - [2024-11-12T00:23:33.014+0000] {dag.py:3096} INFO - Sync 1 DAGs
[2024-11-12T00:23:33.036+0000] {logging_mixin.py:188} INFO - [2024-11-12T00:23:33.035+0000] {dag.py:3954} INFO - Setting next_dagrun for example_skip_dag to 2024-11-11 00:00:00+00:00, run_after=2024-11-12 00:00:00+00:00
[2024-11-12T00:23:33.054+0000] {processor.py:183} INFO - Processing /home/airflow/.local/lib/python3.12/site-packages/airflow/example_dags/example_skip_dag.py took 0.078 seconds
[2024-11-12T00:24:03.915+0000] {processor.py:161} INFO - Started process (PID=2154) to work on /home/airflow/.local/lib/python3.12/site-packages/airflow/example_dags/example_skip_dag.py
[2024-11-12T00:24:03.916+0000] {processor.py:830} INFO - Processing file /home/airflow/.local/lib/python3.12/site-packages/airflow/example_dags/example_skip_dag.py for tasks to queue
[2024-11-12T00:24:03.918+0000] {logging_mixin.py:188} INFO - [2024-11-12T00:24:03.918+0000] {dagbag.py:545} INFO - Filling up the DagBag from /home/airflow/.local/lib/python3.12/site-packages/airflow/example_dags/example_skip_dag.py
[2024-11-12T00:24:03.924+0000] {processor.py:840} INFO - DAG(s) 'example_skip_dag' retrieved from /home/airflow/.local/lib/python3.12/site-packages/airflow/example_dags/example_skip_dag.py
[2024-11-12T00:24:03.944+0000] {logging_mixin.py:188} INFO - [2024-11-12T00:24:03.944+0000] {dag.py:3096} INFO - Sync 1 DAGs
[2024-11-12T00:24:03.965+0000] {logging_mixin.py:188} INFO - [2024-11-12T00:24:03.965+0000] {dag.py:3954} INFO - Setting next_dagrun for example_skip_dag to 2024-11-11 00:00:00+00:00, run_after=2024-11-12 00:00:00+00:00
[2024-11-12T00:24:03.983+0000] {processor.py:183} INFO - Processing /home/airflow/.local/lib/python3.12/site-packages/airflow/example_dags/example_skip_dag.py took 0.074 seconds
[2024-11-12T00:24:34.580+0000] {processor.py:161} INFO - Started process (PID=2213) to work on /home/airflow/.local/lib/python3.12/site-packages/airflow/example_dags/example_skip_dag.py
[2024-11-12T00:24:34.581+0000] {processor.py:830} INFO - Processing file /home/airflow/.local/lib/python3.12/site-packages/airflow/example_dags/example_skip_dag.py for tasks to queue
[2024-11-12T00:24:34.583+0000] {logging_mixin.py:188} INFO - [2024-11-12T00:24:34.583+0000] {dagbag.py:545} INFO - Filling up the DagBag from /home/airflow/.local/lib/python3.12/site-packages/airflow/example_dags/example_skip_dag.py
[2024-11-12T00:24:34.589+0000] {processor.py:840} INFO - DAG(s) 'example_skip_dag' retrieved from /home/airflow/.local/lib/python3.12/site-packages/airflow/example_dags/example_skip_dag.py
[2024-11-12T00:24:34.611+0000] {logging_mixin.py:188} INFO - [2024-11-12T00:24:34.610+0000] {dag.py:3096} INFO - Sync 1 DAGs
[2024-11-12T00:24:34.631+0000] {logging_mixin.py:188} INFO - [2024-11-12T00:24:34.631+0000] {dag.py:3954} INFO - Setting next_dagrun for example_skip_dag to 2024-11-11 00:00:00+00:00, run_after=2024-11-12 00:00:00+00:00
[2024-11-12T00:24:34.648+0000] {processor.py:183} INFO - Processing /home/airflow/.local/lib/python3.12/site-packages/airflow/example_dags/example_skip_dag.py took 0.074 seconds
[2024-11-12T00:25:05.140+0000] {processor.py:161} INFO - Started process (PID=2272) to work on /home/airflow/.local/lib/python3.12/site-packages/airflow/example_dags/example_skip_dag.py
[2024-11-12T00:25:05.140+0000] {processor.py:830} INFO - Processing file /home/airflow/.local/lib/python3.12/site-packages/airflow/example_dags/example_skip_dag.py for tasks to queue
[2024-11-12T00:25:05.142+0000] {logging_mixin.py:188} INFO - [2024-11-12T00:25:05.142+0000] {dagbag.py:545} INFO - Filling up the DagBag from /home/airflow/.local/lib/python3.12/site-packages/airflow/example_dags/example_skip_dag.py
[2024-11-12T00:25:05.149+0000] {processor.py:840} INFO - DAG(s) 'example_skip_dag' retrieved from /home/airflow/.local/lib/python3.12/site-packages/airflow/example_dags/example_skip_dag.py
[2024-11-12T00:25:05.171+0000] {logging_mixin.py:188} INFO - [2024-11-12T00:25:05.171+0000] {dag.py:3096} INFO - Sync 1 DAGs
[2024-11-12T00:25:05.196+0000] {logging_mixin.py:188} INFO - [2024-11-12T00:25:05.195+0000] {dag.py:3954} INFO - Setting next_dagrun for example_skip_dag to 2024-11-11 00:00:00+00:00, run_after=2024-11-12 00:00:00+00:00
[2024-11-12T00:25:05.213+0000] {processor.py:183} INFO - Processing /home/airflow/.local/lib/python3.12/site-packages/airflow/example_dags/example_skip_dag.py took 0.079 seconds
