[2024-11-12T00:06:45.159+0000] {processor.py:161} INFO - Started process (PID=148) to work on /home/airflow/.local/lib/python3.12/site-packages/airflow/example_dags/example_latest_only_with_trigger.py
[2024-11-12T00:06:45.161+0000] {processor.py:830} INFO - Processing file /home/airflow/.local/lib/python3.12/site-packages/airflow/example_dags/example_latest_only_with_trigger.py for tasks to queue
[2024-11-12T00:06:45.164+0000] {logging_mixin.py:188} INFO - [2024-11-12T00:06:45.163+0000] {dagbag.py:545} INFO - Filling up the DagBag from /home/airflow/.local/lib/python3.12/site-packages/airflow/example_dags/example_latest_only_with_trigger.py
[2024-11-12T00:06:45.177+0000] {processor.py:840} INFO - DAG(s) 'latest_only_with_trigger' retrieved from /home/airflow/.local/lib/python3.12/site-packages/airflow/example_dags/example_latest_only_with_trigger.py
[2024-11-12T00:06:45.325+0000] {logging_mixin.py:188} INFO - [2024-11-12T00:06:45.325+0000] {dag.py:3096} INFO - Sync 1 DAGs
[2024-11-12T00:06:45.346+0000] {logging_mixin.py:188} INFO - [2024-11-12T00:06:45.345+0000] {dag.py:3954} INFO - Setting next_dagrun for latest_only_with_trigger to 2024-11-11 20:00:00+00:00, run_after=2024-11-12 00:00:00+00:00
[2024-11-12T00:06:45.363+0000] {processor.py:183} INFO - Processing /home/airflow/.local/lib/python3.12/site-packages/airflow/example_dags/example_latest_only_with_trigger.py took 0.212 seconds
[2024-11-12T00:07:17.190+0000] {processor.py:161} INFO - Started process (PID=207) to work on /home/airflow/.local/lib/python3.12/site-packages/airflow/example_dags/example_latest_only_with_trigger.py
[2024-11-12T00:07:17.194+0000] {processor.py:830} INFO - Processing file /home/airflow/.local/lib/python3.12/site-packages/airflow/example_dags/example_latest_only_with_trigger.py for tasks to queue
[2024-11-12T00:07:17.196+0000] {logging_mixin.py:188} INFO - [2024-11-12T00:07:17.195+0000] {dagbag.py:545} INFO - Filling up the DagBag from /home/airflow/.local/lib/python3.12/site-packages/airflow/example_dags/example_latest_only_with_trigger.py
[2024-11-12T00:07:17.202+0000] {processor.py:840} INFO - DAG(s) 'latest_only_with_trigger' retrieved from /home/airflow/.local/lib/python3.12/site-packages/airflow/example_dags/example_latest_only_with_trigger.py
[2024-11-12T00:07:17.225+0000] {logging_mixin.py:188} INFO - [2024-11-12T00:07:17.224+0000] {dag.py:3096} INFO - Sync 1 DAGs
[2024-11-12T00:07:17.251+0000] {logging_mixin.py:188} INFO - [2024-11-12T00:07:17.251+0000] {dag.py:3954} INFO - Setting next_dagrun for latest_only_with_trigger to 2024-11-11 20:00:00+00:00, run_after=2024-11-12 00:00:00+00:00
[2024-11-12T00:07:17.269+0000] {processor.py:183} INFO - Processing /home/airflow/.local/lib/python3.12/site-packages/airflow/example_dags/example_latest_only_with_trigger.py took 0.086 seconds
[2024-11-12T00:07:47.586+0000] {processor.py:161} INFO - Started process (PID=266) to work on /home/airflow/.local/lib/python3.12/site-packages/airflow/example_dags/example_latest_only_with_trigger.py
[2024-11-12T00:07:47.587+0000] {processor.py:830} INFO - Processing file /home/airflow/.local/lib/python3.12/site-packages/airflow/example_dags/example_latest_only_with_trigger.py for tasks to queue
[2024-11-12T00:07:47.590+0000] {logging_mixin.py:188} INFO - [2024-11-12T00:07:47.589+0000] {dagbag.py:545} INFO - Filling up the DagBag from /home/airflow/.local/lib/python3.12/site-packages/airflow/example_dags/example_latest_only_with_trigger.py
[2024-11-12T00:07:47.596+0000] {processor.py:840} INFO - DAG(s) 'latest_only_with_trigger' retrieved from /home/airflow/.local/lib/python3.12/site-packages/airflow/example_dags/example_latest_only_with_trigger.py
[2024-11-12T00:07:47.616+0000] {logging_mixin.py:188} INFO - [2024-11-12T00:07:47.616+0000] {dag.py:3096} INFO - Sync 1 DAGs
[2024-11-12T00:07:47.637+0000] {logging_mixin.py:188} INFO - [2024-11-12T00:07:47.637+0000] {dag.py:3954} INFO - Setting next_dagrun for latest_only_with_trigger to 2024-11-11 20:00:00+00:00, run_after=2024-11-12 00:00:00+00:00
[2024-11-12T00:07:47.655+0000] {processor.py:183} INFO - Processing /home/airflow/.local/lib/python3.12/site-packages/airflow/example_dags/example_latest_only_with_trigger.py took 0.075 seconds
[2024-11-12T00:08:17.891+0000] {processor.py:161} INFO - Started process (PID=325) to work on /home/airflow/.local/lib/python3.12/site-packages/airflow/example_dags/example_latest_only_with_trigger.py
[2024-11-12T00:08:17.892+0000] {processor.py:830} INFO - Processing file /home/airflow/.local/lib/python3.12/site-packages/airflow/example_dags/example_latest_only_with_trigger.py for tasks to queue
[2024-11-12T00:08:17.895+0000] {logging_mixin.py:188} INFO - [2024-11-12T00:08:17.894+0000] {dagbag.py:545} INFO - Filling up the DagBag from /home/airflow/.local/lib/python3.12/site-packages/airflow/example_dags/example_latest_only_with_trigger.py
[2024-11-12T00:08:17.901+0000] {processor.py:840} INFO - DAG(s) 'latest_only_with_trigger' retrieved from /home/airflow/.local/lib/python3.12/site-packages/airflow/example_dags/example_latest_only_with_trigger.py
[2024-11-12T00:08:17.923+0000] {logging_mixin.py:188} INFO - [2024-11-12T00:08:17.923+0000] {dag.py:3096} INFO - Sync 1 DAGs
[2024-11-12T00:08:17.945+0000] {logging_mixin.py:188} INFO - [2024-11-12T00:08:17.945+0000] {dag.py:3954} INFO - Setting next_dagrun for latest_only_with_trigger to 2024-11-11 20:00:00+00:00, run_after=2024-11-12 00:00:00+00:00
[2024-11-12T00:08:17.964+0000] {processor.py:183} INFO - Processing /home/airflow/.local/lib/python3.12/site-packages/airflow/example_dags/example_latest_only_with_trigger.py took 0.080 seconds
[2024-11-12T00:08:48.232+0000] {processor.py:161} INFO - Started process (PID=384) to work on /home/airflow/.local/lib/python3.12/site-packages/airflow/example_dags/example_latest_only_with_trigger.py
[2024-11-12T00:08:48.234+0000] {processor.py:830} INFO - Processing file /home/airflow/.local/lib/python3.12/site-packages/airflow/example_dags/example_latest_only_with_trigger.py for tasks to queue
[2024-11-12T00:08:48.237+0000] {logging_mixin.py:188} INFO - [2024-11-12T00:08:48.237+0000] {dagbag.py:545} INFO - Filling up the DagBag from /home/airflow/.local/lib/python3.12/site-packages/airflow/example_dags/example_latest_only_with_trigger.py
[2024-11-12T00:08:48.246+0000] {processor.py:840} INFO - DAG(s) 'latest_only_with_trigger' retrieved from /home/airflow/.local/lib/python3.12/site-packages/airflow/example_dags/example_latest_only_with_trigger.py
[2024-11-12T00:08:48.271+0000] {logging_mixin.py:188} INFO - [2024-11-12T00:08:48.270+0000] {dag.py:3096} INFO - Sync 1 DAGs
[2024-11-12T00:08:48.293+0000] {logging_mixin.py:188} INFO - [2024-11-12T00:08:48.293+0000] {dag.py:3954} INFO - Setting next_dagrun for latest_only_with_trigger to 2024-11-11 20:00:00+00:00, run_after=2024-11-12 00:00:00+00:00
[2024-11-12T00:08:48.313+0000] {processor.py:183} INFO - Processing /home/airflow/.local/lib/python3.12/site-packages/airflow/example_dags/example_latest_only_with_trigger.py took 0.088 seconds
[2024-11-12T00:09:18.418+0000] {processor.py:161} INFO - Started process (PID=443) to work on /home/airflow/.local/lib/python3.12/site-packages/airflow/example_dags/example_latest_only_with_trigger.py
[2024-11-12T00:09:18.418+0000] {processor.py:830} INFO - Processing file /home/airflow/.local/lib/python3.12/site-packages/airflow/example_dags/example_latest_only_with_trigger.py for tasks to queue
[2024-11-12T00:09:18.420+0000] {logging_mixin.py:188} INFO - [2024-11-12T00:09:18.420+0000] {dagbag.py:545} INFO - Filling up the DagBag from /home/airflow/.local/lib/python3.12/site-packages/airflow/example_dags/example_latest_only_with_trigger.py
[2024-11-12T00:09:18.426+0000] {processor.py:840} INFO - DAG(s) 'latest_only_with_trigger' retrieved from /home/airflow/.local/lib/python3.12/site-packages/airflow/example_dags/example_latest_only_with_trigger.py
[2024-11-12T00:09:18.447+0000] {logging_mixin.py:188} INFO - [2024-11-12T00:09:18.447+0000] {dag.py:3096} INFO - Sync 1 DAGs
[2024-11-12T00:09:18.469+0000] {logging_mixin.py:188} INFO - [2024-11-12T00:09:18.469+0000] {dag.py:3954} INFO - Setting next_dagrun for latest_only_with_trigger to 2024-11-11 20:00:00+00:00, run_after=2024-11-12 00:00:00+00:00
[2024-11-12T00:09:18.487+0000] {processor.py:183} INFO - Processing /home/airflow/.local/lib/python3.12/site-packages/airflow/example_dags/example_latest_only_with_trigger.py took 0.075 seconds
[2024-11-12T00:09:48.783+0000] {processor.py:161} INFO - Started process (PID=502) to work on /home/airflow/.local/lib/python3.12/site-packages/airflow/example_dags/example_latest_only_with_trigger.py
[2024-11-12T00:09:48.784+0000] {processor.py:830} INFO - Processing file /home/airflow/.local/lib/python3.12/site-packages/airflow/example_dags/example_latest_only_with_trigger.py for tasks to queue
[2024-11-12T00:09:48.786+0000] {logging_mixin.py:188} INFO - [2024-11-12T00:09:48.786+0000] {dagbag.py:545} INFO - Filling up the DagBag from /home/airflow/.local/lib/python3.12/site-packages/airflow/example_dags/example_latest_only_with_trigger.py
[2024-11-12T00:09:48.792+0000] {processor.py:840} INFO - DAG(s) 'latest_only_with_trigger' retrieved from /home/airflow/.local/lib/python3.12/site-packages/airflow/example_dags/example_latest_only_with_trigger.py
[2024-11-12T00:09:48.812+0000] {logging_mixin.py:188} INFO - [2024-11-12T00:09:48.812+0000] {dag.py:3096} INFO - Sync 1 DAGs
[2024-11-12T00:09:48.833+0000] {logging_mixin.py:188} INFO - [2024-11-12T00:09:48.833+0000] {dag.py:3954} INFO - Setting next_dagrun for latest_only_with_trigger to 2024-11-11 20:00:00+00:00, run_after=2024-11-12 00:00:00+00:00
[2024-11-12T00:09:48.851+0000] {processor.py:183} INFO - Processing /home/airflow/.local/lib/python3.12/site-packages/airflow/example_dags/example_latest_only_with_trigger.py took 0.073 seconds
[2024-11-12T00:10:19.909+0000] {processor.py:161} INFO - Started process (PID=561) to work on /home/airflow/.local/lib/python3.12/site-packages/airflow/example_dags/example_latest_only_with_trigger.py
[2024-11-12T00:10:19.910+0000] {processor.py:830} INFO - Processing file /home/airflow/.local/lib/python3.12/site-packages/airflow/example_dags/example_latest_only_with_trigger.py for tasks to queue
[2024-11-12T00:10:19.913+0000] {logging_mixin.py:188} INFO - [2024-11-12T00:10:19.912+0000] {dagbag.py:545} INFO - Filling up the DagBag from /home/airflow/.local/lib/python3.12/site-packages/airflow/example_dags/example_latest_only_with_trigger.py
[2024-11-12T00:10:19.918+0000] {processor.py:840} INFO - DAG(s) 'latest_only_with_trigger' retrieved from /home/airflow/.local/lib/python3.12/site-packages/airflow/example_dags/example_latest_only_with_trigger.py
[2024-11-12T00:10:20.036+0000] {logging_mixin.py:188} INFO - [2024-11-12T00:10:20.036+0000] {dag.py:3096} INFO - Sync 1 DAGs
[2024-11-12T00:10:20.055+0000] {logging_mixin.py:188} INFO - [2024-11-12T00:10:20.055+0000] {dag.py:3954} INFO - Setting next_dagrun for latest_only_with_trigger to 2024-11-11 20:00:00+00:00, run_after=2024-11-12 00:00:00+00:00
[2024-11-12T00:10:20.073+0000] {processor.py:183} INFO - Processing /home/airflow/.local/lib/python3.12/site-packages/airflow/example_dags/example_latest_only_with_trigger.py took 0.170 seconds
[2024-11-12T00:10:51.005+0000] {processor.py:161} INFO - Started process (PID=619) to work on /home/airflow/.local/lib/python3.12/site-packages/airflow/example_dags/example_latest_only_with_trigger.py
[2024-11-12T00:10:51.007+0000] {processor.py:830} INFO - Processing file /home/airflow/.local/lib/python3.12/site-packages/airflow/example_dags/example_latest_only_with_trigger.py for tasks to queue
[2024-11-12T00:10:51.010+0000] {logging_mixin.py:188} INFO - [2024-11-12T00:10:51.009+0000] {dagbag.py:545} INFO - Filling up the DagBag from /home/airflow/.local/lib/python3.12/site-packages/airflow/example_dags/example_latest_only_with_trigger.py
[2024-11-12T00:10:51.019+0000] {processor.py:840} INFO - DAG(s) 'latest_only_with_trigger' retrieved from /home/airflow/.local/lib/python3.12/site-packages/airflow/example_dags/example_latest_only_with_trigger.py
[2024-11-12T00:10:51.050+0000] {logging_mixin.py:188} INFO - [2024-11-12T00:10:51.049+0000] {dag.py:3096} INFO - Sync 1 DAGs
[2024-11-12T00:10:51.085+0000] {logging_mixin.py:188} INFO - [2024-11-12T00:10:51.085+0000] {dag.py:3954} INFO - Setting next_dagrun for latest_only_with_trigger to 2024-11-11 20:00:00+00:00, run_after=2024-11-12 00:00:00+00:00
[2024-11-12T00:10:51.111+0000] {processor.py:183} INFO - Processing /home/airflow/.local/lib/python3.12/site-packages/airflow/example_dags/example_latest_only_with_trigger.py took 0.114 seconds
[2024-11-12T00:11:22.004+0000] {processor.py:161} INFO - Started process (PID=685) to work on /home/airflow/.local/lib/python3.12/site-packages/airflow/example_dags/example_latest_only_with_trigger.py
[2024-11-12T00:11:22.005+0000] {processor.py:830} INFO - Processing file /home/airflow/.local/lib/python3.12/site-packages/airflow/example_dags/example_latest_only_with_trigger.py for tasks to queue
[2024-11-12T00:11:22.007+0000] {logging_mixin.py:188} INFO - [2024-11-12T00:11:22.007+0000] {dagbag.py:545} INFO - Filling up the DagBag from /home/airflow/.local/lib/python3.12/site-packages/airflow/example_dags/example_latest_only_with_trigger.py
[2024-11-12T00:11:22.013+0000] {processor.py:840} INFO - DAG(s) 'latest_only_with_trigger' retrieved from /home/airflow/.local/lib/python3.12/site-packages/airflow/example_dags/example_latest_only_with_trigger.py
[2024-11-12T00:11:22.035+0000] {logging_mixin.py:188} INFO - [2024-11-12T00:11:22.034+0000] {dag.py:3096} INFO - Sync 1 DAGs
[2024-11-12T00:11:22.056+0000] {logging_mixin.py:188} INFO - [2024-11-12T00:11:22.056+0000] {dag.py:3954} INFO - Setting next_dagrun for latest_only_with_trigger to 2024-11-11 20:00:00+00:00, run_after=2024-11-12 00:00:00+00:00
[2024-11-12T00:11:22.074+0000] {processor.py:183} INFO - Processing /home/airflow/.local/lib/python3.12/site-packages/airflow/example_dags/example_latest_only_with_trigger.py took 0.076 seconds
[2024-11-12T00:11:52.463+0000] {processor.py:161} INFO - Started process (PID=744) to work on /home/airflow/.local/lib/python3.12/site-packages/airflow/example_dags/example_latest_only_with_trigger.py
[2024-11-12T00:11:52.935+0000] {processor.py:830} INFO - Processing file /home/airflow/.local/lib/python3.12/site-packages/airflow/example_dags/example_latest_only_with_trigger.py for tasks to queue
[2024-11-12T00:11:52.937+0000] {logging_mixin.py:188} INFO - [2024-11-12T00:11:52.937+0000] {dagbag.py:545} INFO - Filling up the DagBag from /home/airflow/.local/lib/python3.12/site-packages/airflow/example_dags/example_latest_only_with_trigger.py
[2024-11-12T00:11:52.945+0000] {processor.py:840} INFO - DAG(s) 'latest_only_with_trigger' retrieved from /home/airflow/.local/lib/python3.12/site-packages/airflow/example_dags/example_latest_only_with_trigger.py
[2024-11-12T00:11:53.055+0000] {logging_mixin.py:188} INFO - [2024-11-12T00:11:53.055+0000] {dag.py:3096} INFO - Sync 1 DAGs
[2024-11-12T00:11:53.074+0000] {logging_mixin.py:188} INFO - [2024-11-12T00:11:53.073+0000] {dag.py:3954} INFO - Setting next_dagrun for latest_only_with_trigger to 2024-11-11 20:00:00+00:00, run_after=2024-11-12 00:00:00+00:00
[2024-11-12T00:11:53.094+0000] {processor.py:183} INFO - Processing /home/airflow/.local/lib/python3.12/site-packages/airflow/example_dags/example_latest_only_with_trigger.py took 0.637 seconds
[2024-11-12T00:12:23.748+0000] {processor.py:161} INFO - Started process (PID=803) to work on /home/airflow/.local/lib/python3.12/site-packages/airflow/example_dags/example_latest_only_with_trigger.py
[2024-11-12T00:12:23.750+0000] {processor.py:830} INFO - Processing file /home/airflow/.local/lib/python3.12/site-packages/airflow/example_dags/example_latest_only_with_trigger.py for tasks to queue
[2024-11-12T00:12:23.752+0000] {logging_mixin.py:188} INFO - [2024-11-12T00:12:23.751+0000] {dagbag.py:545} INFO - Filling up the DagBag from /home/airflow/.local/lib/python3.12/site-packages/airflow/example_dags/example_latest_only_with_trigger.py
[2024-11-12T00:12:23.757+0000] {processor.py:840} INFO - DAG(s) 'latest_only_with_trigger' retrieved from /home/airflow/.local/lib/python3.12/site-packages/airflow/example_dags/example_latest_only_with_trigger.py
[2024-11-12T00:12:23.778+0000] {logging_mixin.py:188} INFO - [2024-11-12T00:12:23.778+0000] {dag.py:3096} INFO - Sync 1 DAGs
[2024-11-12T00:12:23.801+0000] {logging_mixin.py:188} INFO - [2024-11-12T00:12:23.801+0000] {dag.py:3954} INFO - Setting next_dagrun for latest_only_with_trigger to 2024-11-11 20:00:00+00:00, run_after=2024-11-12 00:00:00+00:00
[2024-11-12T00:12:23.819+0000] {processor.py:183} INFO - Processing /home/airflow/.local/lib/python3.12/site-packages/airflow/example_dags/example_latest_only_with_trigger.py took 0.077 seconds
[2024-11-12T00:12:54.126+0000] {processor.py:161} INFO - Started process (PID=862) to work on /home/airflow/.local/lib/python3.12/site-packages/airflow/example_dags/example_latest_only_with_trigger.py
[2024-11-12T00:12:54.127+0000] {processor.py:830} INFO - Processing file /home/airflow/.local/lib/python3.12/site-packages/airflow/example_dags/example_latest_only_with_trigger.py for tasks to queue
[2024-11-12T00:12:54.130+0000] {logging_mixin.py:188} INFO - [2024-11-12T00:12:54.129+0000] {dagbag.py:545} INFO - Filling up the DagBag from /home/airflow/.local/lib/python3.12/site-packages/airflow/example_dags/example_latest_only_with_trigger.py
[2024-11-12T00:12:54.135+0000] {processor.py:840} INFO - DAG(s) 'latest_only_with_trigger' retrieved from /home/airflow/.local/lib/python3.12/site-packages/airflow/example_dags/example_latest_only_with_trigger.py
[2024-11-12T00:12:54.159+0000] {logging_mixin.py:188} INFO - [2024-11-12T00:12:54.159+0000] {dag.py:3096} INFO - Sync 1 DAGs
[2024-11-12T00:12:54.183+0000] {logging_mixin.py:188} INFO - [2024-11-12T00:12:54.183+0000] {dag.py:3954} INFO - Setting next_dagrun for latest_only_with_trigger to 2024-11-11 20:00:00+00:00, run_after=2024-11-12 00:00:00+00:00
[2024-11-12T00:12:54.203+0000] {processor.py:183} INFO - Processing /home/airflow/.local/lib/python3.12/site-packages/airflow/example_dags/example_latest_only_with_trigger.py took 0.083 seconds
[2024-11-12T00:13:24.505+0000] {processor.py:161} INFO - Started process (PID=921) to work on /home/airflow/.local/lib/python3.12/site-packages/airflow/example_dags/example_latest_only_with_trigger.py
[2024-11-12T00:13:24.507+0000] {processor.py:830} INFO - Processing file /home/airflow/.local/lib/python3.12/site-packages/airflow/example_dags/example_latest_only_with_trigger.py for tasks to queue
[2024-11-12T00:13:24.509+0000] {logging_mixin.py:188} INFO - [2024-11-12T00:13:24.509+0000] {dagbag.py:545} INFO - Filling up the DagBag from /home/airflow/.local/lib/python3.12/site-packages/airflow/example_dags/example_latest_only_with_trigger.py
[2024-11-12T00:13:24.516+0000] {processor.py:840} INFO - DAG(s) 'latest_only_with_trigger' retrieved from /home/airflow/.local/lib/python3.12/site-packages/airflow/example_dags/example_latest_only_with_trigger.py
[2024-11-12T00:13:24.541+0000] {logging_mixin.py:188} INFO - [2024-11-12T00:13:24.540+0000] {dag.py:3096} INFO - Sync 1 DAGs
[2024-11-12T00:13:24.568+0000] {logging_mixin.py:188} INFO - [2024-11-12T00:13:24.567+0000] {dag.py:3954} INFO - Setting next_dagrun for latest_only_with_trigger to 2024-11-11 20:00:00+00:00, run_after=2024-11-12 00:00:00+00:00
[2024-11-12T00:13:24.592+0000] {processor.py:183} INFO - Processing /home/airflow/.local/lib/python3.12/site-packages/airflow/example_dags/example_latest_only_with_trigger.py took 0.094 seconds
[2024-11-12T00:13:55.049+0000] {processor.py:161} INFO - Started process (PID=980) to work on /home/airflow/.local/lib/python3.12/site-packages/airflow/example_dags/example_latest_only_with_trigger.py
[2024-11-12T00:13:55.051+0000] {processor.py:830} INFO - Processing file /home/airflow/.local/lib/python3.12/site-packages/airflow/example_dags/example_latest_only_with_trigger.py for tasks to queue
[2024-11-12T00:13:55.053+0000] {logging_mixin.py:188} INFO - [2024-11-12T00:13:55.052+0000] {dagbag.py:545} INFO - Filling up the DagBag from /home/airflow/.local/lib/python3.12/site-packages/airflow/example_dags/example_latest_only_with_trigger.py
[2024-11-12T00:13:55.058+0000] {processor.py:840} INFO - DAG(s) 'latest_only_with_trigger' retrieved from /home/airflow/.local/lib/python3.12/site-packages/airflow/example_dags/example_latest_only_with_trigger.py
[2024-11-12T00:13:55.079+0000] {logging_mixin.py:188} INFO - [2024-11-12T00:13:55.079+0000] {dag.py:3096} INFO - Sync 1 DAGs
[2024-11-12T00:13:55.102+0000] {logging_mixin.py:188} INFO - [2024-11-12T00:13:55.101+0000] {dag.py:3954} INFO - Setting next_dagrun for latest_only_with_trigger to 2024-11-11 20:00:00+00:00, run_after=2024-11-12 00:00:00+00:00
[2024-11-12T00:13:55.119+0000] {processor.py:183} INFO - Processing /home/airflow/.local/lib/python3.12/site-packages/airflow/example_dags/example_latest_only_with_trigger.py took 0.075 seconds
[2024-11-12T00:14:25.265+0000] {processor.py:161} INFO - Started process (PID=1039) to work on /home/airflow/.local/lib/python3.12/site-packages/airflow/example_dags/example_latest_only_with_trigger.py
[2024-11-12T00:14:25.266+0000] {processor.py:830} INFO - Processing file /home/airflow/.local/lib/python3.12/site-packages/airflow/example_dags/example_latest_only_with_trigger.py for tasks to queue
[2024-11-12T00:14:25.268+0000] {logging_mixin.py:188} INFO - [2024-11-12T00:14:25.267+0000] {dagbag.py:545} INFO - Filling up the DagBag from /home/airflow/.local/lib/python3.12/site-packages/airflow/example_dags/example_latest_only_with_trigger.py
[2024-11-12T00:14:25.274+0000] {processor.py:840} INFO - DAG(s) 'latest_only_with_trigger' retrieved from /home/airflow/.local/lib/python3.12/site-packages/airflow/example_dags/example_latest_only_with_trigger.py
[2024-11-12T00:14:25.298+0000] {logging_mixin.py:188} INFO - [2024-11-12T00:14:25.297+0000] {dag.py:3096} INFO - Sync 1 DAGs
[2024-11-12T00:14:25.318+0000] {logging_mixin.py:188} INFO - [2024-11-12T00:14:25.318+0000] {dag.py:3954} INFO - Setting next_dagrun for latest_only_with_trigger to 2024-11-11 20:00:00+00:00, run_after=2024-11-12 00:00:00+00:00
[2024-11-12T00:14:25.337+0000] {processor.py:183} INFO - Processing /home/airflow/.local/lib/python3.12/site-packages/airflow/example_dags/example_latest_only_with_trigger.py took 0.078 seconds
[2024-11-12T00:14:55.638+0000] {processor.py:161} INFO - Started process (PID=1098) to work on /home/airflow/.local/lib/python3.12/site-packages/airflow/example_dags/example_latest_only_with_trigger.py
[2024-11-12T00:14:55.639+0000] {processor.py:830} INFO - Processing file /home/airflow/.local/lib/python3.12/site-packages/airflow/example_dags/example_latest_only_with_trigger.py for tasks to queue
[2024-11-12T00:14:55.641+0000] {logging_mixin.py:188} INFO - [2024-11-12T00:14:55.641+0000] {dagbag.py:545} INFO - Filling up the DagBag from /home/airflow/.local/lib/python3.12/site-packages/airflow/example_dags/example_latest_only_with_trigger.py
[2024-11-12T00:14:55.647+0000] {processor.py:840} INFO - DAG(s) 'latest_only_with_trigger' retrieved from /home/airflow/.local/lib/python3.12/site-packages/airflow/example_dags/example_latest_only_with_trigger.py
[2024-11-12T00:14:55.672+0000] {logging_mixin.py:188} INFO - [2024-11-12T00:14:55.671+0000] {dag.py:3096} INFO - Sync 1 DAGs
[2024-11-12T00:14:55.695+0000] {logging_mixin.py:188} INFO - [2024-11-12T00:14:55.695+0000] {dag.py:3954} INFO - Setting next_dagrun for latest_only_with_trigger to 2024-11-11 20:00:00+00:00, run_after=2024-11-12 00:00:00+00:00
[2024-11-12T00:14:55.718+0000] {processor.py:183} INFO - Processing /home/airflow/.local/lib/python3.12/site-packages/airflow/example_dags/example_latest_only_with_trigger.py took 0.085 seconds
[2024-11-12T00:15:26.038+0000] {processor.py:161} INFO - Started process (PID=1157) to work on /home/airflow/.local/lib/python3.12/site-packages/airflow/example_dags/example_latest_only_with_trigger.py
[2024-11-12T00:15:26.040+0000] {processor.py:830} INFO - Processing file /home/airflow/.local/lib/python3.12/site-packages/airflow/example_dags/example_latest_only_with_trigger.py for tasks to queue
[2024-11-12T00:15:26.043+0000] {logging_mixin.py:188} INFO - [2024-11-12T00:15:26.042+0000] {dagbag.py:545} INFO - Filling up the DagBag from /home/airflow/.local/lib/python3.12/site-packages/airflow/example_dags/example_latest_only_with_trigger.py
[2024-11-12T00:15:26.050+0000] {processor.py:840} INFO - DAG(s) 'latest_only_with_trigger' retrieved from /home/airflow/.local/lib/python3.12/site-packages/airflow/example_dags/example_latest_only_with_trigger.py
[2024-11-12T00:15:26.083+0000] {logging_mixin.py:188} INFO - [2024-11-12T00:15:26.083+0000] {dag.py:3096} INFO - Sync 1 DAGs
[2024-11-12T00:15:26.119+0000] {logging_mixin.py:188} INFO - [2024-11-12T00:15:26.118+0000] {dag.py:3954} INFO - Setting next_dagrun for latest_only_with_trigger to 2024-11-11 20:00:00+00:00, run_after=2024-11-12 00:00:00+00:00
[2024-11-12T00:15:26.143+0000] {processor.py:183} INFO - Processing /home/airflow/.local/lib/python3.12/site-packages/airflow/example_dags/example_latest_only_with_trigger.py took 0.112 seconds
[2024-11-12T00:15:56.348+0000] {processor.py:161} INFO - Started process (PID=1216) to work on /home/airflow/.local/lib/python3.12/site-packages/airflow/example_dags/example_latest_only_with_trigger.py
[2024-11-12T00:15:56.349+0000] {processor.py:830} INFO - Processing file /home/airflow/.local/lib/python3.12/site-packages/airflow/example_dags/example_latest_only_with_trigger.py for tasks to queue
[2024-11-12T00:15:56.351+0000] {logging_mixin.py:188} INFO - [2024-11-12T00:15:56.351+0000] {dagbag.py:545} INFO - Filling up the DagBag from /home/airflow/.local/lib/python3.12/site-packages/airflow/example_dags/example_latest_only_with_trigger.py
[2024-11-12T00:15:56.357+0000] {processor.py:840} INFO - DAG(s) 'latest_only_with_trigger' retrieved from /home/airflow/.local/lib/python3.12/site-packages/airflow/example_dags/example_latest_only_with_trigger.py
[2024-11-12T00:15:56.380+0000] {logging_mixin.py:188} INFO - [2024-11-12T00:15:56.379+0000] {dag.py:3096} INFO - Sync 1 DAGs
[2024-11-12T00:15:56.400+0000] {logging_mixin.py:188} INFO - [2024-11-12T00:15:56.400+0000] {dag.py:3954} INFO - Setting next_dagrun for latest_only_with_trigger to 2024-11-11 20:00:00+00:00, run_after=2024-11-12 00:00:00+00:00
[2024-11-12T00:15:56.417+0000] {processor.py:183} INFO - Processing /home/airflow/.local/lib/python3.12/site-packages/airflow/example_dags/example_latest_only_with_trigger.py took 0.076 seconds
[2024-11-12T00:16:26.539+0000] {processor.py:161} INFO - Started process (PID=1275) to work on /home/airflow/.local/lib/python3.12/site-packages/airflow/example_dags/example_latest_only_with_trigger.py
[2024-11-12T00:16:26.540+0000] {processor.py:830} INFO - Processing file /home/airflow/.local/lib/python3.12/site-packages/airflow/example_dags/example_latest_only_with_trigger.py for tasks to queue
[2024-11-12T00:16:26.542+0000] {logging_mixin.py:188} INFO - [2024-11-12T00:16:26.542+0000] {dagbag.py:545} INFO - Filling up the DagBag from /home/airflow/.local/lib/python3.12/site-packages/airflow/example_dags/example_latest_only_with_trigger.py
[2024-11-12T00:16:26.548+0000] {processor.py:840} INFO - DAG(s) 'latest_only_with_trigger' retrieved from /home/airflow/.local/lib/python3.12/site-packages/airflow/example_dags/example_latest_only_with_trigger.py
[2024-11-12T00:16:26.569+0000] {logging_mixin.py:188} INFO - [2024-11-12T00:16:26.569+0000] {dag.py:3096} INFO - Sync 1 DAGs
[2024-11-12T00:16:26.593+0000] {logging_mixin.py:188} INFO - [2024-11-12T00:16:26.593+0000] {dag.py:3954} INFO - Setting next_dagrun for latest_only_with_trigger to 2024-11-11 20:00:00+00:00, run_after=2024-11-12 00:00:00+00:00
[2024-11-12T00:16:26.610+0000] {processor.py:183} INFO - Processing /home/airflow/.local/lib/python3.12/site-packages/airflow/example_dags/example_latest_only_with_trigger.py took 0.077 seconds
[2024-11-12T00:16:57.481+0000] {processor.py:161} INFO - Started process (PID=1334) to work on /home/airflow/.local/lib/python3.12/site-packages/airflow/example_dags/example_latest_only_with_trigger.py
[2024-11-12T00:16:57.482+0000] {processor.py:830} INFO - Processing file /home/airflow/.local/lib/python3.12/site-packages/airflow/example_dags/example_latest_only_with_trigger.py for tasks to queue
[2024-11-12T00:16:57.485+0000] {logging_mixin.py:188} INFO - [2024-11-12T00:16:57.485+0000] {dagbag.py:545} INFO - Filling up the DagBag from /home/airflow/.local/lib/python3.12/site-packages/airflow/example_dags/example_latest_only_with_trigger.py
[2024-11-12T00:16:57.491+0000] {processor.py:840} INFO - DAG(s) 'latest_only_with_trigger' retrieved from /home/airflow/.local/lib/python3.12/site-packages/airflow/example_dags/example_latest_only_with_trigger.py
[2024-11-12T00:16:57.600+0000] {logging_mixin.py:188} INFO - [2024-11-12T00:16:57.600+0000] {dag.py:3096} INFO - Sync 1 DAGs
[2024-11-12T00:16:57.618+0000] {logging_mixin.py:188} INFO - [2024-11-12T00:16:57.618+0000] {dag.py:3954} INFO - Setting next_dagrun for latest_only_with_trigger to 2024-11-11 20:00:00+00:00, run_after=2024-11-12 00:00:00+00:00
[2024-11-12T00:16:57.636+0000] {processor.py:183} INFO - Processing /home/airflow/.local/lib/python3.12/site-packages/airflow/example_dags/example_latest_only_with_trigger.py took 0.162 seconds
[2024-11-12T00:17:28.404+0000] {processor.py:161} INFO - Started process (PID=1393) to work on /home/airflow/.local/lib/python3.12/site-packages/airflow/example_dags/example_latest_only_with_trigger.py
[2024-11-12T00:17:28.405+0000] {processor.py:830} INFO - Processing file /home/airflow/.local/lib/python3.12/site-packages/airflow/example_dags/example_latest_only_with_trigger.py for tasks to queue
[2024-11-12T00:17:28.407+0000] {logging_mixin.py:188} INFO - [2024-11-12T00:17:28.407+0000] {dagbag.py:545} INFO - Filling up the DagBag from /home/airflow/.local/lib/python3.12/site-packages/airflow/example_dags/example_latest_only_with_trigger.py
[2024-11-12T00:17:28.416+0000] {processor.py:840} INFO - DAG(s) 'latest_only_with_trigger' retrieved from /home/airflow/.local/lib/python3.12/site-packages/airflow/example_dags/example_latest_only_with_trigger.py
[2024-11-12T00:17:28.439+0000] {logging_mixin.py:188} INFO - [2024-11-12T00:17:28.439+0000] {dag.py:3096} INFO - Sync 1 DAGs
[2024-11-12T00:17:28.462+0000] {logging_mixin.py:188} INFO - [2024-11-12T00:17:28.461+0000] {dag.py:3954} INFO - Setting next_dagrun for latest_only_with_trigger to 2024-11-11 20:00:00+00:00, run_after=2024-11-12 00:00:00+00:00
[2024-11-12T00:17:28.489+0000] {processor.py:183} INFO - Processing /home/airflow/.local/lib/python3.12/site-packages/airflow/example_dags/example_latest_only_with_trigger.py took 0.092 seconds
[2024-11-12T00:17:58.922+0000] {processor.py:161} INFO - Started process (PID=1452) to work on /home/airflow/.local/lib/python3.12/site-packages/airflow/example_dags/example_latest_only_with_trigger.py
[2024-11-12T00:17:58.924+0000] {processor.py:830} INFO - Processing file /home/airflow/.local/lib/python3.12/site-packages/airflow/example_dags/example_latest_only_with_trigger.py for tasks to queue
[2024-11-12T00:17:58.927+0000] {logging_mixin.py:188} INFO - [2024-11-12T00:17:58.926+0000] {dagbag.py:545} INFO - Filling up the DagBag from /home/airflow/.local/lib/python3.12/site-packages/airflow/example_dags/example_latest_only_with_trigger.py
[2024-11-12T00:17:58.933+0000] {processor.py:840} INFO - DAG(s) 'latest_only_with_trigger' retrieved from /home/airflow/.local/lib/python3.12/site-packages/airflow/example_dags/example_latest_only_with_trigger.py
[2024-11-12T00:17:58.961+0000] {logging_mixin.py:188} INFO - [2024-11-12T00:17:58.960+0000] {dag.py:3096} INFO - Sync 1 DAGs
[2024-11-12T00:17:58.984+0000] {logging_mixin.py:188} INFO - [2024-11-12T00:17:58.984+0000] {dag.py:3954} INFO - Setting next_dagrun for latest_only_with_trigger to 2024-11-11 20:00:00+00:00, run_after=2024-11-12 00:00:00+00:00
[2024-11-12T00:17:59.003+0000] {processor.py:183} INFO - Processing /home/airflow/.local/lib/python3.12/site-packages/airflow/example_dags/example_latest_only_with_trigger.py took 0.089 seconds
[2024-11-12T00:18:29.727+0000] {processor.py:161} INFO - Started process (PID=1512) to work on /home/airflow/.local/lib/python3.12/site-packages/airflow/example_dags/example_latest_only_with_trigger.py
[2024-11-12T00:18:29.728+0000] {processor.py:830} INFO - Processing file /home/airflow/.local/lib/python3.12/site-packages/airflow/example_dags/example_latest_only_with_trigger.py for tasks to queue
[2024-11-12T00:18:29.730+0000] {logging_mixin.py:188} INFO - [2024-11-12T00:18:29.730+0000] {dagbag.py:545} INFO - Filling up the DagBag from /home/airflow/.local/lib/python3.12/site-packages/airflow/example_dags/example_latest_only_with_trigger.py
[2024-11-12T00:18:29.736+0000] {processor.py:840} INFO - DAG(s) 'latest_only_with_trigger' retrieved from /home/airflow/.local/lib/python3.12/site-packages/airflow/example_dags/example_latest_only_with_trigger.py
[2024-11-12T00:18:29.758+0000] {logging_mixin.py:188} INFO - [2024-11-12T00:18:29.757+0000] {dag.py:3096} INFO - Sync 1 DAGs
[2024-11-12T00:18:29.782+0000] {logging_mixin.py:188} INFO - [2024-11-12T00:18:29.781+0000] {dag.py:3954} INFO - Setting next_dagrun for latest_only_with_trigger to 2024-11-11 20:00:00+00:00, run_after=2024-11-12 00:00:00+00:00
[2024-11-12T00:18:29.804+0000] {processor.py:183} INFO - Processing /home/airflow/.local/lib/python3.12/site-packages/airflow/example_dags/example_latest_only_with_trigger.py took 0.083 seconds
[2024-11-12T00:19:00.126+0000] {processor.py:161} INFO - Started process (PID=1571) to work on /home/airflow/.local/lib/python3.12/site-packages/airflow/example_dags/example_latest_only_with_trigger.py
[2024-11-12T00:19:00.127+0000] {processor.py:830} INFO - Processing file /home/airflow/.local/lib/python3.12/site-packages/airflow/example_dags/example_latest_only_with_trigger.py for tasks to queue
[2024-11-12T00:19:00.129+0000] {logging_mixin.py:188} INFO - [2024-11-12T00:19:00.129+0000] {dagbag.py:545} INFO - Filling up the DagBag from /home/airflow/.local/lib/python3.12/site-packages/airflow/example_dags/example_latest_only_with_trigger.py
[2024-11-12T00:19:00.134+0000] {processor.py:840} INFO - DAG(s) 'latest_only_with_trigger' retrieved from /home/airflow/.local/lib/python3.12/site-packages/airflow/example_dags/example_latest_only_with_trigger.py
[2024-11-12T00:19:00.157+0000] {logging_mixin.py:188} INFO - [2024-11-12T00:19:00.156+0000] {dag.py:3096} INFO - Sync 1 DAGs
[2024-11-12T00:19:00.178+0000] {logging_mixin.py:188} INFO - [2024-11-12T00:19:00.178+0000] {dag.py:3954} INFO - Setting next_dagrun for latest_only_with_trigger to 2024-11-11 20:00:00+00:00, run_after=2024-11-12 00:00:00+00:00
[2024-11-12T00:19:00.197+0000] {processor.py:183} INFO - Processing /home/airflow/.local/lib/python3.12/site-packages/airflow/example_dags/example_latest_only_with_trigger.py took 0.077 seconds
[2024-11-12T00:19:30.951+0000] {processor.py:161} INFO - Started process (PID=1630) to work on /home/airflow/.local/lib/python3.12/site-packages/airflow/example_dags/example_latest_only_with_trigger.py
[2024-11-12T00:19:30.952+0000] {processor.py:830} INFO - Processing file /home/airflow/.local/lib/python3.12/site-packages/airflow/example_dags/example_latest_only_with_trigger.py for tasks to queue
[2024-11-12T00:19:30.954+0000] {logging_mixin.py:188} INFO - [2024-11-12T00:19:30.954+0000] {dagbag.py:545} INFO - Filling up the DagBag from /home/airflow/.local/lib/python3.12/site-packages/airflow/example_dags/example_latest_only_with_trigger.py
[2024-11-12T00:19:30.960+0000] {processor.py:840} INFO - DAG(s) 'latest_only_with_trigger' retrieved from /home/airflow/.local/lib/python3.12/site-packages/airflow/example_dags/example_latest_only_with_trigger.py
[2024-11-12T00:19:30.985+0000] {logging_mixin.py:188} INFO - [2024-11-12T00:19:30.985+0000] {dag.py:3096} INFO - Sync 1 DAGs
[2024-11-12T00:19:31.011+0000] {logging_mixin.py:188} INFO - [2024-11-12T00:19:31.011+0000] {dag.py:3954} INFO - Setting next_dagrun for latest_only_with_trigger to 2024-11-11 20:00:00+00:00, run_after=2024-11-12 00:00:00+00:00
[2024-11-12T00:19:31.033+0000] {processor.py:183} INFO - Processing /home/airflow/.local/lib/python3.12/site-packages/airflow/example_dags/example_latest_only_with_trigger.py took 0.088 seconds
[2024-11-12T00:20:01.177+0000] {processor.py:161} INFO - Started process (PID=1689) to work on /home/airflow/.local/lib/python3.12/site-packages/airflow/example_dags/example_latest_only_with_trigger.py
[2024-11-12T00:20:01.178+0000] {processor.py:830} INFO - Processing file /home/airflow/.local/lib/python3.12/site-packages/airflow/example_dags/example_latest_only_with_trigger.py for tasks to queue
[2024-11-12T00:20:01.180+0000] {logging_mixin.py:188} INFO - [2024-11-12T00:20:01.180+0000] {dagbag.py:545} INFO - Filling up the DagBag from /home/airflow/.local/lib/python3.12/site-packages/airflow/example_dags/example_latest_only_with_trigger.py
[2024-11-12T00:20:01.188+0000] {processor.py:840} INFO - DAG(s) 'latest_only_with_trigger' retrieved from /home/airflow/.local/lib/python3.12/site-packages/airflow/example_dags/example_latest_only_with_trigger.py
[2024-11-12T00:20:01.209+0000] {logging_mixin.py:188} INFO - [2024-11-12T00:20:01.208+0000] {dag.py:3096} INFO - Sync 1 DAGs
[2024-11-12T00:20:01.229+0000] {logging_mixin.py:188} INFO - [2024-11-12T00:20:01.229+0000] {dag.py:3954} INFO - Setting next_dagrun for latest_only_with_trigger to 2024-11-11 20:00:00+00:00, run_after=2024-11-12 00:00:00+00:00
[2024-11-12T00:20:01.247+0000] {processor.py:183} INFO - Processing /home/airflow/.local/lib/python3.12/site-packages/airflow/example_dags/example_latest_only_with_trigger.py took 0.076 seconds
[2024-11-12T00:20:31.430+0000] {processor.py:161} INFO - Started process (PID=1748) to work on /home/airflow/.local/lib/python3.12/site-packages/airflow/example_dags/example_latest_only_with_trigger.py
[2024-11-12T00:20:31.431+0000] {processor.py:830} INFO - Processing file /home/airflow/.local/lib/python3.12/site-packages/airflow/example_dags/example_latest_only_with_trigger.py for tasks to queue
[2024-11-12T00:20:31.433+0000] {logging_mixin.py:188} INFO - [2024-11-12T00:20:31.433+0000] {dagbag.py:545} INFO - Filling up the DagBag from /home/airflow/.local/lib/python3.12/site-packages/airflow/example_dags/example_latest_only_with_trigger.py
[2024-11-12T00:20:31.439+0000] {processor.py:840} INFO - DAG(s) 'latest_only_with_trigger' retrieved from /home/airflow/.local/lib/python3.12/site-packages/airflow/example_dags/example_latest_only_with_trigger.py
[2024-11-12T00:20:31.459+0000] {logging_mixin.py:188} INFO - [2024-11-12T00:20:31.459+0000] {dag.py:3096} INFO - Sync 1 DAGs
[2024-11-12T00:20:31.480+0000] {logging_mixin.py:188} INFO - [2024-11-12T00:20:31.480+0000] {dag.py:3954} INFO - Setting next_dagrun for latest_only_with_trigger to 2024-11-11 20:00:00+00:00, run_after=2024-11-12 00:00:00+00:00
[2024-11-12T00:20:31.498+0000] {processor.py:183} INFO - Processing /home/airflow/.local/lib/python3.12/site-packages/airflow/example_dags/example_latest_only_with_trigger.py took 0.076 seconds
[2024-11-12T00:21:01.730+0000] {processor.py:161} INFO - Started process (PID=1807) to work on /home/airflow/.local/lib/python3.12/site-packages/airflow/example_dags/example_latest_only_with_trigger.py
[2024-11-12T00:21:01.731+0000] {processor.py:830} INFO - Processing file /home/airflow/.local/lib/python3.12/site-packages/airflow/example_dags/example_latest_only_with_trigger.py for tasks to queue
[2024-11-12T00:21:01.733+0000] {logging_mixin.py:188} INFO - [2024-11-12T00:21:01.732+0000] {dagbag.py:545} INFO - Filling up the DagBag from /home/airflow/.local/lib/python3.12/site-packages/airflow/example_dags/example_latest_only_with_trigger.py
[2024-11-12T00:21:01.738+0000] {processor.py:840} INFO - DAG(s) 'latest_only_with_trigger' retrieved from /home/airflow/.local/lib/python3.12/site-packages/airflow/example_dags/example_latest_only_with_trigger.py
[2024-11-12T00:21:01.760+0000] {logging_mixin.py:188} INFO - [2024-11-12T00:21:01.760+0000] {dag.py:3096} INFO - Sync 1 DAGs
[2024-11-12T00:21:01.785+0000] {logging_mixin.py:188} INFO - [2024-11-12T00:21:01.784+0000] {dag.py:3954} INFO - Setting next_dagrun for latest_only_with_trigger to 2024-11-11 20:00:00+00:00, run_after=2024-11-12 00:00:00+00:00
[2024-11-12T00:21:01.805+0000] {processor.py:183} INFO - Processing /home/airflow/.local/lib/python3.12/site-packages/airflow/example_dags/example_latest_only_with_trigger.py took 0.081 seconds
[2024-11-12T00:21:32.343+0000] {processor.py:161} INFO - Started process (PID=1867) to work on /home/airflow/.local/lib/python3.12/site-packages/airflow/example_dags/example_latest_only_with_trigger.py
[2024-11-12T00:21:32.344+0000] {processor.py:830} INFO - Processing file /home/airflow/.local/lib/python3.12/site-packages/airflow/example_dags/example_latest_only_with_trigger.py for tasks to queue
[2024-11-12T00:21:32.346+0000] {logging_mixin.py:188} INFO - [2024-11-12T00:21:32.346+0000] {dagbag.py:545} INFO - Filling up the DagBag from /home/airflow/.local/lib/python3.12/site-packages/airflow/example_dags/example_latest_only_with_trigger.py
[2024-11-12T00:21:32.351+0000] {processor.py:840} INFO - DAG(s) 'latest_only_with_trigger' retrieved from /home/airflow/.local/lib/python3.12/site-packages/airflow/example_dags/example_latest_only_with_trigger.py
[2024-11-12T00:21:32.372+0000] {logging_mixin.py:188} INFO - [2024-11-12T00:21:32.372+0000] {dag.py:3096} INFO - Sync 1 DAGs
[2024-11-12T00:21:32.395+0000] {logging_mixin.py:188} INFO - [2024-11-12T00:21:32.395+0000] {dag.py:3954} INFO - Setting next_dagrun for latest_only_with_trigger to 2024-11-11 20:00:00+00:00, run_after=2024-11-12 00:00:00+00:00
[2024-11-12T00:21:32.413+0000] {processor.py:183} INFO - Processing /home/airflow/.local/lib/python3.12/site-packages/airflow/example_dags/example_latest_only_with_trigger.py took 0.075 seconds
[2024-11-12T00:22:02.962+0000] {processor.py:161} INFO - Started process (PID=1926) to work on /home/airflow/.local/lib/python3.12/site-packages/airflow/example_dags/example_latest_only_with_trigger.py
[2024-11-12T00:22:02.963+0000] {processor.py:830} INFO - Processing file /home/airflow/.local/lib/python3.12/site-packages/airflow/example_dags/example_latest_only_with_trigger.py for tasks to queue
[2024-11-12T00:22:02.966+0000] {logging_mixin.py:188} INFO - [2024-11-12T00:22:02.965+0000] {dagbag.py:545} INFO - Filling up the DagBag from /home/airflow/.local/lib/python3.12/site-packages/airflow/example_dags/example_latest_only_with_trigger.py
[2024-11-12T00:22:02.971+0000] {processor.py:840} INFO - DAG(s) 'latest_only_with_trigger' retrieved from /home/airflow/.local/lib/python3.12/site-packages/airflow/example_dags/example_latest_only_with_trigger.py
[2024-11-12T00:22:03.088+0000] {logging_mixin.py:188} INFO - [2024-11-12T00:22:03.088+0000] {dag.py:3096} INFO - Sync 1 DAGs
[2024-11-12T00:22:03.112+0000] {logging_mixin.py:188} INFO - [2024-11-12T00:22:03.112+0000] {dag.py:3954} INFO - Setting next_dagrun for latest_only_with_trigger to 2024-11-11 20:00:00+00:00, run_after=2024-11-12 00:00:00+00:00
[2024-11-12T00:22:03.133+0000] {processor.py:183} INFO - Processing /home/airflow/.local/lib/python3.12/site-packages/airflow/example_dags/example_latest_only_with_trigger.py took 0.177 seconds
[2024-11-12T00:22:33.234+0000] {processor.py:161} INFO - Started process (PID=1985) to work on /home/airflow/.local/lib/python3.12/site-packages/airflow/example_dags/example_latest_only_with_trigger.py
[2024-11-12T00:22:33.235+0000] {processor.py:830} INFO - Processing file /home/airflow/.local/lib/python3.12/site-packages/airflow/example_dags/example_latest_only_with_trigger.py for tasks to queue
[2024-11-12T00:22:33.238+0000] {logging_mixin.py:188} INFO - [2024-11-12T00:22:33.237+0000] {dagbag.py:545} INFO - Filling up the DagBag from /home/airflow/.local/lib/python3.12/site-packages/airflow/example_dags/example_latest_only_with_trigger.py
[2024-11-12T00:22:33.245+0000] {processor.py:840} INFO - DAG(s) 'latest_only_with_trigger' retrieved from /home/airflow/.local/lib/python3.12/site-packages/airflow/example_dags/example_latest_only_with_trigger.py
[2024-11-12T00:22:33.266+0000] {logging_mixin.py:188} INFO - [2024-11-12T00:22:33.265+0000] {dag.py:3096} INFO - Sync 1 DAGs
[2024-11-12T00:22:33.286+0000] {logging_mixin.py:188} INFO - [2024-11-12T00:22:33.286+0000] {dag.py:3954} INFO - Setting next_dagrun for latest_only_with_trigger to 2024-11-11 20:00:00+00:00, run_after=2024-11-12 00:00:00+00:00
[2024-11-12T00:22:33.305+0000] {processor.py:183} INFO - Processing /home/airflow/.local/lib/python3.12/site-packages/airflow/example_dags/example_latest_only_with_trigger.py took 0.079 seconds
[2024-11-12T00:23:03.369+0000] {processor.py:161} INFO - Started process (PID=2044) to work on /home/airflow/.local/lib/python3.12/site-packages/airflow/example_dags/example_latest_only_with_trigger.py
[2024-11-12T00:23:03.370+0000] {processor.py:830} INFO - Processing file /home/airflow/.local/lib/python3.12/site-packages/airflow/example_dags/example_latest_only_with_trigger.py for tasks to queue
[2024-11-12T00:23:03.372+0000] {logging_mixin.py:188} INFO - [2024-11-12T00:23:03.372+0000] {dagbag.py:545} INFO - Filling up the DagBag from /home/airflow/.local/lib/python3.12/site-packages/airflow/example_dags/example_latest_only_with_trigger.py
[2024-11-12T00:23:03.378+0000] {processor.py:840} INFO - DAG(s) 'latest_only_with_trigger' retrieved from /home/airflow/.local/lib/python3.12/site-packages/airflow/example_dags/example_latest_only_with_trigger.py
[2024-11-12T00:23:03.399+0000] {logging_mixin.py:188} INFO - [2024-11-12T00:23:03.399+0000] {dag.py:3096} INFO - Sync 1 DAGs
[2024-11-12T00:23:03.423+0000] {logging_mixin.py:188} INFO - [2024-11-12T00:23:03.422+0000] {dag.py:3954} INFO - Setting next_dagrun for latest_only_with_trigger to 2024-11-11 20:00:00+00:00, run_after=2024-11-12 00:00:00+00:00
[2024-11-12T00:23:03.444+0000] {processor.py:183} INFO - Processing /home/airflow/.local/lib/python3.12/site-packages/airflow/example_dags/example_latest_only_with_trigger.py took 0.081 seconds
[2024-11-12T00:23:33.995+0000] {processor.py:161} INFO - Started process (PID=2106) to work on /home/airflow/.local/lib/python3.12/site-packages/airflow/example_dags/example_latest_only_with_trigger.py
[2024-11-12T00:23:33.996+0000] {processor.py:830} INFO - Processing file /home/airflow/.local/lib/python3.12/site-packages/airflow/example_dags/example_latest_only_with_trigger.py for tasks to queue
[2024-11-12T00:23:33.999+0000] {logging_mixin.py:188} INFO - [2024-11-12T00:23:33.999+0000] {dagbag.py:545} INFO - Filling up the DagBag from /home/airflow/.local/lib/python3.12/site-packages/airflow/example_dags/example_latest_only_with_trigger.py
[2024-11-12T00:23:34.005+0000] {processor.py:840} INFO - DAG(s) 'latest_only_with_trigger' retrieved from /home/airflow/.local/lib/python3.12/site-packages/airflow/example_dags/example_latest_only_with_trigger.py
[2024-11-12T00:23:34.028+0000] {logging_mixin.py:188} INFO - [2024-11-12T00:23:34.028+0000] {dag.py:3096} INFO - Sync 1 DAGs
[2024-11-12T00:23:34.049+0000] {logging_mixin.py:188} INFO - [2024-11-12T00:23:34.049+0000] {dag.py:3954} INFO - Setting next_dagrun for latest_only_with_trigger to 2024-11-11 20:00:00+00:00, run_after=2024-11-12 00:00:00+00:00
[2024-11-12T00:23:34.066+0000] {processor.py:183} INFO - Processing /home/airflow/.local/lib/python3.12/site-packages/airflow/example_dags/example_latest_only_with_trigger.py took 0.077 seconds
[2024-11-12T00:24:04.796+0000] {processor.py:161} INFO - Started process (PID=2165) to work on /home/airflow/.local/lib/python3.12/site-packages/airflow/example_dags/example_latest_only_with_trigger.py
[2024-11-12T00:24:04.797+0000] {processor.py:830} INFO - Processing file /home/airflow/.local/lib/python3.12/site-packages/airflow/example_dags/example_latest_only_with_trigger.py for tasks to queue
[2024-11-12T00:24:04.799+0000] {logging_mixin.py:188} INFO - [2024-11-12T00:24:04.799+0000] {dagbag.py:545} INFO - Filling up the DagBag from /home/airflow/.local/lib/python3.12/site-packages/airflow/example_dags/example_latest_only_with_trigger.py
[2024-11-12T00:24:04.805+0000] {processor.py:840} INFO - DAG(s) 'latest_only_with_trigger' retrieved from /home/airflow/.local/lib/python3.12/site-packages/airflow/example_dags/example_latest_only_with_trigger.py
[2024-11-12T00:24:04.825+0000] {logging_mixin.py:188} INFO - [2024-11-12T00:24:04.825+0000] {dag.py:3096} INFO - Sync 1 DAGs
[2024-11-12T00:24:04.846+0000] {logging_mixin.py:188} INFO - [2024-11-12T00:24:04.846+0000] {dag.py:3954} INFO - Setting next_dagrun for latest_only_with_trigger to 2024-11-11 20:00:00+00:00, run_after=2024-11-12 00:00:00+00:00
[2024-11-12T00:24:04.862+0000] {processor.py:183} INFO - Processing /home/airflow/.local/lib/python3.12/site-packages/airflow/example_dags/example_latest_only_with_trigger.py took 0.073 seconds
[2024-11-12T00:24:35.404+0000] {processor.py:161} INFO - Started process (PID=2224) to work on /home/airflow/.local/lib/python3.12/site-packages/airflow/example_dags/example_latest_only_with_trigger.py
[2024-11-12T00:24:35.405+0000] {processor.py:830} INFO - Processing file /home/airflow/.local/lib/python3.12/site-packages/airflow/example_dags/example_latest_only_with_trigger.py for tasks to queue
[2024-11-12T00:24:35.408+0000] {logging_mixin.py:188} INFO - [2024-11-12T00:24:35.407+0000] {dagbag.py:545} INFO - Filling up the DagBag from /home/airflow/.local/lib/python3.12/site-packages/airflow/example_dags/example_latest_only_with_trigger.py
[2024-11-12T00:24:35.415+0000] {processor.py:840} INFO - DAG(s) 'latest_only_with_trigger' retrieved from /home/airflow/.local/lib/python3.12/site-packages/airflow/example_dags/example_latest_only_with_trigger.py
[2024-11-12T00:24:35.440+0000] {logging_mixin.py:188} INFO - [2024-11-12T00:24:35.440+0000] {dag.py:3096} INFO - Sync 1 DAGs
[2024-11-12T00:24:35.467+0000] {logging_mixin.py:188} INFO - [2024-11-12T00:24:35.467+0000] {dag.py:3954} INFO - Setting next_dagrun for latest_only_with_trigger to 2024-11-11 20:00:00+00:00, run_after=2024-11-12 00:00:00+00:00
[2024-11-12T00:24:35.490+0000] {processor.py:183} INFO - Processing /home/airflow/.local/lib/python3.12/site-packages/airflow/example_dags/example_latest_only_with_trigger.py took 0.093 seconds
[2024-11-12T00:25:05.916+0000] {processor.py:161} INFO - Started process (PID=2283) to work on /home/airflow/.local/lib/python3.12/site-packages/airflow/example_dags/example_latest_only_with_trigger.py
[2024-11-12T00:25:05.917+0000] {processor.py:830} INFO - Processing file /home/airflow/.local/lib/python3.12/site-packages/airflow/example_dags/example_latest_only_with_trigger.py for tasks to queue
[2024-11-12T00:25:05.919+0000] {logging_mixin.py:188} INFO - [2024-11-12T00:25:05.919+0000] {dagbag.py:545} INFO - Filling up the DagBag from /home/airflow/.local/lib/python3.12/site-packages/airflow/example_dags/example_latest_only_with_trigger.py
[2024-11-12T00:25:05.926+0000] {processor.py:840} INFO - DAG(s) 'latest_only_with_trigger' retrieved from /home/airflow/.local/lib/python3.12/site-packages/airflow/example_dags/example_latest_only_with_trigger.py
[2024-11-12T00:25:05.947+0000] {logging_mixin.py:188} INFO - [2024-11-12T00:25:05.946+0000] {dag.py:3096} INFO - Sync 1 DAGs
[2024-11-12T00:25:05.969+0000] {logging_mixin.py:188} INFO - [2024-11-12T00:25:05.969+0000] {dag.py:3954} INFO - Setting next_dagrun for latest_only_with_trigger to 2024-11-11 20:00:00+00:00, run_after=2024-11-12 00:00:00+00:00
[2024-11-12T00:25:05.987+0000] {processor.py:183} INFO - Processing /home/airflow/.local/lib/python3.12/site-packages/airflow/example_dags/example_latest_only_with_trigger.py took 0.077 seconds
