[2024-11-12T00:06:44.504+0000] {processor.py:161} INFO - Started process (PID=143) to work on /home/airflow/.local/lib/python3.12/site-packages/airflow/example_dags/example_complex.py
[2024-11-12T00:06:44.505+0000] {processor.py:830} INFO - Processing file /home/airflow/.local/lib/python3.12/site-packages/airflow/example_dags/example_complex.py for tasks to queue
[2024-11-12T00:06:44.507+0000] {logging_mixin.py:188} INFO - [2024-11-12T00:06:44.507+0000] {dagbag.py:545} INFO - Filling up the DagBag from /home/airflow/.local/lib/python3.12/site-packages/airflow/example_dags/example_complex.py
[2024-11-12T00:06:44.528+0000] {processor.py:840} INFO - DAG(s) 'example_complex' retrieved from /home/airflow/.local/lib/python3.12/site-packages/airflow/example_dags/example_complex.py
[2024-11-12T00:06:44.648+0000] {logging_mixin.py:188} INFO - [2024-11-12T00:06:44.648+0000] {dag.py:3096} INFO - Sync 1 DAGs
[2024-11-12T00:06:44.659+0000] {logging_mixin.py:188} INFO - [2024-11-12T00:06:44.658+0000] {dag.py:3954} INFO - Setting next_dagrun for example_complex to None, run_after=None
[2024-11-12T00:06:44.679+0000] {processor.py:183} INFO - Processing /home/airflow/.local/lib/python3.12/site-packages/airflow/example_dags/example_complex.py took 0.181 seconds
[2024-11-12T00:07:16.888+0000] {processor.py:161} INFO - Started process (PID=202) to work on /home/airflow/.local/lib/python3.12/site-packages/airflow/example_dags/example_complex.py
[2024-11-12T00:07:16.907+0000] {processor.py:830} INFO - Processing file /home/airflow/.local/lib/python3.12/site-packages/airflow/example_dags/example_complex.py for tasks to queue
[2024-11-12T00:07:16.909+0000] {logging_mixin.py:188} INFO - [2024-11-12T00:07:16.909+0000] {dagbag.py:545} INFO - Filling up the DagBag from /home/airflow/.local/lib/python3.12/site-packages/airflow/example_dags/example_complex.py
[2024-11-12T00:07:16.921+0000] {processor.py:840} INFO - DAG(s) 'example_complex' retrieved from /home/airflow/.local/lib/python3.12/site-packages/airflow/example_dags/example_complex.py
[2024-11-12T00:07:16.956+0000] {logging_mixin.py:188} INFO - [2024-11-12T00:07:16.955+0000] {dag.py:3096} INFO - Sync 1 DAGs
[2024-11-12T00:07:16.969+0000] {logging_mixin.py:188} INFO - [2024-11-12T00:07:16.968+0000] {dag.py:3954} INFO - Setting next_dagrun for example_complex to None, run_after=None
[2024-11-12T00:07:16.987+0000] {processor.py:183} INFO - Processing /home/airflow/.local/lib/python3.12/site-packages/airflow/example_dags/example_complex.py took 0.105 seconds
[2024-11-12T00:07:47.270+0000] {processor.py:161} INFO - Started process (PID=261) to work on /home/airflow/.local/lib/python3.12/site-packages/airflow/example_dags/example_complex.py
[2024-11-12T00:07:47.271+0000] {processor.py:830} INFO - Processing file /home/airflow/.local/lib/python3.12/site-packages/airflow/example_dags/example_complex.py for tasks to queue
[2024-11-12T00:07:47.273+0000] {logging_mixin.py:188} INFO - [2024-11-12T00:07:47.273+0000] {dagbag.py:545} INFO - Filling up the DagBag from /home/airflow/.local/lib/python3.12/site-packages/airflow/example_dags/example_complex.py
[2024-11-12T00:07:47.284+0000] {processor.py:840} INFO - DAG(s) 'example_complex' retrieved from /home/airflow/.local/lib/python3.12/site-packages/airflow/example_dags/example_complex.py
[2024-11-12T00:07:47.316+0000] {logging_mixin.py:188} INFO - [2024-11-12T00:07:47.316+0000] {dag.py:3096} INFO - Sync 1 DAGs
[2024-11-12T00:07:47.331+0000] {logging_mixin.py:188} INFO - [2024-11-12T00:07:47.331+0000] {dag.py:3954} INFO - Setting next_dagrun for example_complex to None, run_after=None
[2024-11-12T00:07:47.353+0000] {processor.py:183} INFO - Processing /home/airflow/.local/lib/python3.12/site-packages/airflow/example_dags/example_complex.py took 0.090 seconds
[2024-11-12T00:08:17.568+0000] {processor.py:161} INFO - Started process (PID=320) to work on /home/airflow/.local/lib/python3.12/site-packages/airflow/example_dags/example_complex.py
[2024-11-12T00:08:17.570+0000] {processor.py:830} INFO - Processing file /home/airflow/.local/lib/python3.12/site-packages/airflow/example_dags/example_complex.py for tasks to queue
[2024-11-12T00:08:17.572+0000] {logging_mixin.py:188} INFO - [2024-11-12T00:08:17.572+0000] {dagbag.py:545} INFO - Filling up the DagBag from /home/airflow/.local/lib/python3.12/site-packages/airflow/example_dags/example_complex.py
[2024-11-12T00:08:17.582+0000] {processor.py:840} INFO - DAG(s) 'example_complex' retrieved from /home/airflow/.local/lib/python3.12/site-packages/airflow/example_dags/example_complex.py
[2024-11-12T00:08:17.616+0000] {logging_mixin.py:188} INFO - [2024-11-12T00:08:17.616+0000] {dag.py:3096} INFO - Sync 1 DAGs
[2024-11-12T00:08:17.629+0000] {logging_mixin.py:188} INFO - [2024-11-12T00:08:17.629+0000] {dag.py:3954} INFO - Setting next_dagrun for example_complex to None, run_after=None
[2024-11-12T00:08:17.647+0000] {processor.py:183} INFO - Processing /home/airflow/.local/lib/python3.12/site-packages/airflow/example_dags/example_complex.py took 0.084 seconds
[2024-11-12T00:08:47.847+0000] {processor.py:161} INFO - Started process (PID=379) to work on /home/airflow/.local/lib/python3.12/site-packages/airflow/example_dags/example_complex.py
[2024-11-12T00:08:47.848+0000] {processor.py:830} INFO - Processing file /home/airflow/.local/lib/python3.12/site-packages/airflow/example_dags/example_complex.py for tasks to queue
[2024-11-12T00:08:47.850+0000] {logging_mixin.py:188} INFO - [2024-11-12T00:08:47.850+0000] {dagbag.py:545} INFO - Filling up the DagBag from /home/airflow/.local/lib/python3.12/site-packages/airflow/example_dags/example_complex.py
[2024-11-12T00:08:47.861+0000] {processor.py:840} INFO - DAG(s) 'example_complex' retrieved from /home/airflow/.local/lib/python3.12/site-packages/airflow/example_dags/example_complex.py
[2024-11-12T00:08:47.902+0000] {logging_mixin.py:188} INFO - [2024-11-12T00:08:47.901+0000] {dag.py:3096} INFO - Sync 1 DAGs
[2024-11-12T00:08:47.917+0000] {logging_mixin.py:188} INFO - [2024-11-12T00:08:47.916+0000] {dag.py:3954} INFO - Setting next_dagrun for example_complex to None, run_after=None
[2024-11-12T00:08:47.938+0000] {processor.py:183} INFO - Processing /home/airflow/.local/lib/python3.12/site-packages/airflow/example_dags/example_complex.py took 0.097 seconds
[2024-11-12T00:09:18.077+0000] {processor.py:161} INFO - Started process (PID=438) to work on /home/airflow/.local/lib/python3.12/site-packages/airflow/example_dags/example_complex.py
[2024-11-12T00:09:18.078+0000] {processor.py:830} INFO - Processing file /home/airflow/.local/lib/python3.12/site-packages/airflow/example_dags/example_complex.py for tasks to queue
[2024-11-12T00:09:18.081+0000] {logging_mixin.py:188} INFO - [2024-11-12T00:09:18.080+0000] {dagbag.py:545} INFO - Filling up the DagBag from /home/airflow/.local/lib/python3.12/site-packages/airflow/example_dags/example_complex.py
[2024-11-12T00:09:18.092+0000] {processor.py:840} INFO - DAG(s) 'example_complex' retrieved from /home/airflow/.local/lib/python3.12/site-packages/airflow/example_dags/example_complex.py
[2024-11-12T00:09:18.126+0000] {logging_mixin.py:188} INFO - [2024-11-12T00:09:18.126+0000] {dag.py:3096} INFO - Sync 1 DAGs
[2024-11-12T00:09:18.142+0000] {logging_mixin.py:188} INFO - [2024-11-12T00:09:18.142+0000] {dag.py:3954} INFO - Setting next_dagrun for example_complex to None, run_after=None
[2024-11-12T00:09:18.161+0000] {processor.py:183} INFO - Processing /home/airflow/.local/lib/python3.12/site-packages/airflow/example_dags/example_complex.py took 0.090 seconds
[2024-11-12T00:09:48.368+0000] {processor.py:161} INFO - Started process (PID=497) to work on /home/airflow/.local/lib/python3.12/site-packages/airflow/example_dags/example_complex.py
[2024-11-12T00:09:48.369+0000] {processor.py:830} INFO - Processing file /home/airflow/.local/lib/python3.12/site-packages/airflow/example_dags/example_complex.py for tasks to queue
[2024-11-12T00:09:48.371+0000] {logging_mixin.py:188} INFO - [2024-11-12T00:09:48.371+0000] {dagbag.py:545} INFO - Filling up the DagBag from /home/airflow/.local/lib/python3.12/site-packages/airflow/example_dags/example_complex.py
[2024-11-12T00:09:48.382+0000] {processor.py:840} INFO - DAG(s) 'example_complex' retrieved from /home/airflow/.local/lib/python3.12/site-packages/airflow/example_dags/example_complex.py
[2024-11-12T00:09:48.414+0000] {logging_mixin.py:188} INFO - [2024-11-12T00:09:48.414+0000] {dag.py:3096} INFO - Sync 1 DAGs
[2024-11-12T00:09:48.427+0000] {logging_mixin.py:188} INFO - [2024-11-12T00:09:48.427+0000] {dag.py:3954} INFO - Setting next_dagrun for example_complex to None, run_after=None
[2024-11-12T00:09:48.445+0000] {processor.py:183} INFO - Processing /home/airflow/.local/lib/python3.12/site-packages/airflow/example_dags/example_complex.py took 0.082 seconds
[2024-11-12T00:10:19.473+0000] {processor.py:161} INFO - Started process (PID=556) to work on /home/airflow/.local/lib/python3.12/site-packages/airflow/example_dags/example_complex.py
[2024-11-12T00:10:19.475+0000] {processor.py:830} INFO - Processing file /home/airflow/.local/lib/python3.12/site-packages/airflow/example_dags/example_complex.py for tasks to queue
[2024-11-12T00:10:19.477+0000] {logging_mixin.py:188} INFO - [2024-11-12T00:10:19.477+0000] {dagbag.py:545} INFO - Filling up the DagBag from /home/airflow/.local/lib/python3.12/site-packages/airflow/example_dags/example_complex.py
[2024-11-12T00:10:19.489+0000] {processor.py:840} INFO - DAG(s) 'example_complex' retrieved from /home/airflow/.local/lib/python3.12/site-packages/airflow/example_dags/example_complex.py
[2024-11-12T00:10:19.614+0000] {logging_mixin.py:188} INFO - [2024-11-12T00:10:19.613+0000] {dag.py:3096} INFO - Sync 1 DAGs
[2024-11-12T00:10:19.624+0000] {logging_mixin.py:188} INFO - [2024-11-12T00:10:19.624+0000] {dag.py:3954} INFO - Setting next_dagrun for example_complex to None, run_after=None
[2024-11-12T00:10:19.645+0000] {processor.py:183} INFO - Processing /home/airflow/.local/lib/python3.12/site-packages/airflow/example_dags/example_complex.py took 0.178 seconds
[2024-11-12T00:10:49.781+0000] {processor.py:161} INFO - Started process (PID=614) to work on /home/airflow/.local/lib/python3.12/site-packages/airflow/example_dags/example_complex.py
[2024-11-12T00:10:49.782+0000] {processor.py:830} INFO - Processing file /home/airflow/.local/lib/python3.12/site-packages/airflow/example_dags/example_complex.py for tasks to queue
[2024-11-12T00:10:49.784+0000] {logging_mixin.py:188} INFO - [2024-11-12T00:10:49.783+0000] {dagbag.py:545} INFO - Filling up the DagBag from /home/airflow/.local/lib/python3.12/site-packages/airflow/example_dags/example_complex.py
[2024-11-12T00:10:49.794+0000] {processor.py:840} INFO - DAG(s) 'example_complex' retrieved from /home/airflow/.local/lib/python3.12/site-packages/airflow/example_dags/example_complex.py
[2024-11-12T00:10:49.836+0000] {logging_mixin.py:188} INFO - [2024-11-12T00:10:49.836+0000] {dag.py:3096} INFO - Sync 1 DAGs
[2024-11-12T00:10:49.849+0000] {logging_mixin.py:188} INFO - [2024-11-12T00:10:49.849+0000] {dag.py:3954} INFO - Setting next_dagrun for example_complex to None, run_after=None
[2024-11-12T00:10:49.869+0000] {processor.py:183} INFO - Processing /home/airflow/.local/lib/python3.12/site-packages/airflow/example_dags/example_complex.py took 0.094 seconds
[2024-11-12T00:11:20.704+0000] {processor.py:161} INFO - Started process (PID=674) to work on /home/airflow/.local/lib/python3.12/site-packages/airflow/example_dags/example_complex.py
[2024-11-12T00:11:20.705+0000] {processor.py:830} INFO - Processing file /home/airflow/.local/lib/python3.12/site-packages/airflow/example_dags/example_complex.py for tasks to queue
[2024-11-12T00:11:20.707+0000] {logging_mixin.py:188} INFO - [2024-11-12T00:11:20.707+0000] {dagbag.py:545} INFO - Filling up the DagBag from /home/airflow/.local/lib/python3.12/site-packages/airflow/example_dags/example_complex.py
[2024-11-12T00:11:20.718+0000] {processor.py:840} INFO - DAG(s) 'example_complex' retrieved from /home/airflow/.local/lib/python3.12/site-packages/airflow/example_dags/example_complex.py
[2024-11-12T00:11:20.753+0000] {logging_mixin.py:188} INFO - [2024-11-12T00:11:20.753+0000] {dag.py:3096} INFO - Sync 1 DAGs
[2024-11-12T00:11:20.767+0000] {logging_mixin.py:188} INFO - [2024-11-12T00:11:20.767+0000] {dag.py:3954} INFO - Setting next_dagrun for example_complex to None, run_after=None
[2024-11-12T00:11:20.787+0000] {processor.py:183} INFO - Processing /home/airflow/.local/lib/python3.12/site-packages/airflow/example_dags/example_complex.py took 0.091 seconds
[2024-11-12T00:11:50.826+0000] {processor.py:161} INFO - Started process (PID=732) to work on /home/airflow/.local/lib/python3.12/site-packages/airflow/example_dags/example_complex.py
[2024-11-12T00:11:50.834+0000] {processor.py:830} INFO - Processing file /home/airflow/.local/lib/python3.12/site-packages/airflow/example_dags/example_complex.py for tasks to queue
[2024-11-12T00:11:50.836+0000] {logging_mixin.py:188} INFO - [2024-11-12T00:11:50.836+0000] {dagbag.py:545} INFO - Filling up the DagBag from /home/airflow/.local/lib/python3.12/site-packages/airflow/example_dags/example_complex.py
[2024-11-12T00:11:50.847+0000] {processor.py:840} INFO - DAG(s) 'example_complex' retrieved from /home/airflow/.local/lib/python3.12/site-packages/airflow/example_dags/example_complex.py
[2024-11-12T00:11:50.967+0000] {logging_mixin.py:188} INFO - [2024-11-12T00:11:50.967+0000] {dag.py:3096} INFO - Sync 1 DAGs
[2024-11-12T00:11:50.982+0000] {logging_mixin.py:188} INFO - [2024-11-12T00:11:50.981+0000] {dag.py:3954} INFO - Setting next_dagrun for example_complex to None, run_after=None
[2024-11-12T00:11:51.010+0000] {processor.py:183} INFO - Processing /home/airflow/.local/lib/python3.12/site-packages/airflow/example_dags/example_complex.py took 0.190 seconds
[2024-11-12T00:12:21.487+0000] {processor.py:161} INFO - Started process (PID=798) to work on /home/airflow/.local/lib/python3.12/site-packages/airflow/example_dags/example_complex.py
[2024-11-12T00:12:21.496+0000] {processor.py:830} INFO - Processing file /home/airflow/.local/lib/python3.12/site-packages/airflow/example_dags/example_complex.py for tasks to queue
[2024-11-12T00:12:21.498+0000] {logging_mixin.py:188} INFO - [2024-11-12T00:12:21.498+0000] {dagbag.py:545} INFO - Filling up the DagBag from /home/airflow/.local/lib/python3.12/site-packages/airflow/example_dags/example_complex.py
[2024-11-12T00:12:21.509+0000] {processor.py:840} INFO - DAG(s) 'example_complex' retrieved from /home/airflow/.local/lib/python3.12/site-packages/airflow/example_dags/example_complex.py
[2024-11-12T00:12:21.543+0000] {logging_mixin.py:188} INFO - [2024-11-12T00:12:21.542+0000] {dag.py:3096} INFO - Sync 1 DAGs
[2024-11-12T00:12:21.555+0000] {logging_mixin.py:188} INFO - [2024-11-12T00:12:21.555+0000] {dag.py:3954} INFO - Setting next_dagrun for example_complex to None, run_after=None
[2024-11-12T00:12:21.574+0000] {processor.py:183} INFO - Processing /home/airflow/.local/lib/python3.12/site-packages/airflow/example_dags/example_complex.py took 0.093 seconds
[2024-11-12T00:12:51.874+0000] {processor.py:161} INFO - Started process (PID=857) to work on /home/airflow/.local/lib/python3.12/site-packages/airflow/example_dags/example_complex.py
[2024-11-12T00:12:51.875+0000] {processor.py:830} INFO - Processing file /home/airflow/.local/lib/python3.12/site-packages/airflow/example_dags/example_complex.py for tasks to queue
[2024-11-12T00:12:51.878+0000] {logging_mixin.py:188} INFO - [2024-11-12T00:12:51.877+0000] {dagbag.py:545} INFO - Filling up the DagBag from /home/airflow/.local/lib/python3.12/site-packages/airflow/example_dags/example_complex.py
[2024-11-12T00:12:51.888+0000] {processor.py:840} INFO - DAG(s) 'example_complex' retrieved from /home/airflow/.local/lib/python3.12/site-packages/airflow/example_dags/example_complex.py
[2024-11-12T00:12:51.920+0000] {logging_mixin.py:188} INFO - [2024-11-12T00:12:51.920+0000] {dag.py:3096} INFO - Sync 1 DAGs
[2024-11-12T00:12:51.932+0000] {logging_mixin.py:188} INFO - [2024-11-12T00:12:51.932+0000] {dag.py:3954} INFO - Setting next_dagrun for example_complex to None, run_after=None
[2024-11-12T00:12:51.950+0000] {processor.py:183} INFO - Processing /home/airflow/.local/lib/python3.12/site-packages/airflow/example_dags/example_complex.py took 0.081 seconds
[2024-11-12T00:13:22.157+0000] {processor.py:161} INFO - Started process (PID=915) to work on /home/airflow/.local/lib/python3.12/site-packages/airflow/example_dags/example_complex.py
[2024-11-12T00:13:22.158+0000] {processor.py:830} INFO - Processing file /home/airflow/.local/lib/python3.12/site-packages/airflow/example_dags/example_complex.py for tasks to queue
[2024-11-12T00:13:22.161+0000] {logging_mixin.py:188} INFO - [2024-11-12T00:13:22.161+0000] {dagbag.py:545} INFO - Filling up the DagBag from /home/airflow/.local/lib/python3.12/site-packages/airflow/example_dags/example_complex.py
[2024-11-12T00:13:22.175+0000] {processor.py:840} INFO - DAG(s) 'example_complex' retrieved from /home/airflow/.local/lib/python3.12/site-packages/airflow/example_dags/example_complex.py
[2024-11-12T00:13:22.217+0000] {logging_mixin.py:188} INFO - [2024-11-12T00:13:22.217+0000] {dag.py:3096} INFO - Sync 1 DAGs
[2024-11-12T00:13:22.232+0000] {logging_mixin.py:188} INFO - [2024-11-12T00:13:22.232+0000] {dag.py:3954} INFO - Setting next_dagrun for example_complex to None, run_after=None
[2024-11-12T00:13:22.252+0000] {processor.py:183} INFO - Processing /home/airflow/.local/lib/python3.12/site-packages/airflow/example_dags/example_complex.py took 0.103 seconds
[2024-11-12T00:13:52.737+0000] {processor.py:161} INFO - Started process (PID=974) to work on /home/airflow/.local/lib/python3.12/site-packages/airflow/example_dags/example_complex.py
[2024-11-12T00:13:52.738+0000] {processor.py:830} INFO - Processing file /home/airflow/.local/lib/python3.12/site-packages/airflow/example_dags/example_complex.py for tasks to queue
[2024-11-12T00:13:52.740+0000] {logging_mixin.py:188} INFO - [2024-11-12T00:13:52.740+0000] {dagbag.py:545} INFO - Filling up the DagBag from /home/airflow/.local/lib/python3.12/site-packages/airflow/example_dags/example_complex.py
[2024-11-12T00:13:52.751+0000] {processor.py:840} INFO - DAG(s) 'example_complex' retrieved from /home/airflow/.local/lib/python3.12/site-packages/airflow/example_dags/example_complex.py
[2024-11-12T00:13:52.784+0000] {logging_mixin.py:188} INFO - [2024-11-12T00:13:52.784+0000] {dag.py:3096} INFO - Sync 1 DAGs
[2024-11-12T00:13:52.797+0000] {logging_mixin.py:188} INFO - [2024-11-12T00:13:52.797+0000] {dag.py:3954} INFO - Setting next_dagrun for example_complex to None, run_after=None
[2024-11-12T00:13:52.815+0000] {processor.py:183} INFO - Processing /home/airflow/.local/lib/python3.12/site-packages/airflow/example_dags/example_complex.py took 0.083 seconds
[2024-11-12T00:14:22.958+0000] {processor.py:161} INFO - Started process (PID=1033) to work on /home/airflow/.local/lib/python3.12/site-packages/airflow/example_dags/example_complex.py
[2024-11-12T00:14:22.959+0000] {processor.py:830} INFO - Processing file /home/airflow/.local/lib/python3.12/site-packages/airflow/example_dags/example_complex.py for tasks to queue
[2024-11-12T00:14:22.961+0000] {logging_mixin.py:188} INFO - [2024-11-12T00:14:22.960+0000] {dagbag.py:545} INFO - Filling up the DagBag from /home/airflow/.local/lib/python3.12/site-packages/airflow/example_dags/example_complex.py
[2024-11-12T00:14:22.971+0000] {processor.py:840} INFO - DAG(s) 'example_complex' retrieved from /home/airflow/.local/lib/python3.12/site-packages/airflow/example_dags/example_complex.py
[2024-11-12T00:14:23.006+0000] {logging_mixin.py:188} INFO - [2024-11-12T00:14:23.006+0000] {dag.py:3096} INFO - Sync 1 DAGs
[2024-11-12T00:14:23.018+0000] {logging_mixin.py:188} INFO - [2024-11-12T00:14:23.018+0000] {dag.py:3954} INFO - Setting next_dagrun for example_complex to None, run_after=None
[2024-11-12T00:14:23.037+0000] {processor.py:183} INFO - Processing /home/airflow/.local/lib/python3.12/site-packages/airflow/example_dags/example_complex.py took 0.085 seconds
[2024-11-12T00:14:53.288+0000] {processor.py:161} INFO - Started process (PID=1092) to work on /home/airflow/.local/lib/python3.12/site-packages/airflow/example_dags/example_complex.py
[2024-11-12T00:14:53.289+0000] {processor.py:830} INFO - Processing file /home/airflow/.local/lib/python3.12/site-packages/airflow/example_dags/example_complex.py for tasks to queue
[2024-11-12T00:14:53.291+0000] {logging_mixin.py:188} INFO - [2024-11-12T00:14:53.291+0000] {dagbag.py:545} INFO - Filling up the DagBag from /home/airflow/.local/lib/python3.12/site-packages/airflow/example_dags/example_complex.py
[2024-11-12T00:14:53.302+0000] {processor.py:840} INFO - DAG(s) 'example_complex' retrieved from /home/airflow/.local/lib/python3.12/site-packages/airflow/example_dags/example_complex.py
[2024-11-12T00:14:53.341+0000] {logging_mixin.py:188} INFO - [2024-11-12T00:14:53.341+0000] {dag.py:3096} INFO - Sync 1 DAGs
[2024-11-12T00:14:53.354+0000] {logging_mixin.py:188} INFO - [2024-11-12T00:14:53.354+0000] {dag.py:3954} INFO - Setting next_dagrun for example_complex to None, run_after=None
[2024-11-12T00:14:53.373+0000] {processor.py:183} INFO - Processing /home/airflow/.local/lib/python3.12/site-packages/airflow/example_dags/example_complex.py took 0.092 seconds
[2024-11-12T00:15:23.695+0000] {processor.py:161} INFO - Started process (PID=1151) to work on /home/airflow/.local/lib/python3.12/site-packages/airflow/example_dags/example_complex.py
[2024-11-12T00:15:23.696+0000] {processor.py:830} INFO - Processing file /home/airflow/.local/lib/python3.12/site-packages/airflow/example_dags/example_complex.py for tasks to queue
[2024-11-12T00:15:23.699+0000] {logging_mixin.py:188} INFO - [2024-11-12T00:15:23.698+0000] {dagbag.py:545} INFO - Filling up the DagBag from /home/airflow/.local/lib/python3.12/site-packages/airflow/example_dags/example_complex.py
[2024-11-12T00:15:23.709+0000] {processor.py:840} INFO - DAG(s) 'example_complex' retrieved from /home/airflow/.local/lib/python3.12/site-packages/airflow/example_dags/example_complex.py
[2024-11-12T00:15:23.742+0000] {logging_mixin.py:188} INFO - [2024-11-12T00:15:23.742+0000] {dag.py:3096} INFO - Sync 1 DAGs
[2024-11-12T00:15:23.755+0000] {logging_mixin.py:188} INFO - [2024-11-12T00:15:23.755+0000] {dag.py:3954} INFO - Setting next_dagrun for example_complex to None, run_after=None
[2024-11-12T00:15:23.774+0000] {processor.py:183} INFO - Processing /home/airflow/.local/lib/python3.12/site-packages/airflow/example_dags/example_complex.py took 0.084 seconds
[2024-11-12T00:15:54.021+0000] {processor.py:161} INFO - Started process (PID=1210) to work on /home/airflow/.local/lib/python3.12/site-packages/airflow/example_dags/example_complex.py
[2024-11-12T00:15:54.022+0000] {processor.py:830} INFO - Processing file /home/airflow/.local/lib/python3.12/site-packages/airflow/example_dags/example_complex.py for tasks to queue
[2024-11-12T00:15:54.024+0000] {logging_mixin.py:188} INFO - [2024-11-12T00:15:54.024+0000] {dagbag.py:545} INFO - Filling up the DagBag from /home/airflow/.local/lib/python3.12/site-packages/airflow/example_dags/example_complex.py
[2024-11-12T00:15:54.034+0000] {processor.py:840} INFO - DAG(s) 'example_complex' retrieved from /home/airflow/.local/lib/python3.12/site-packages/airflow/example_dags/example_complex.py
[2024-11-12T00:15:54.067+0000] {logging_mixin.py:188} INFO - [2024-11-12T00:15:54.067+0000] {dag.py:3096} INFO - Sync 1 DAGs
[2024-11-12T00:15:54.079+0000] {logging_mixin.py:188} INFO - [2024-11-12T00:15:54.079+0000] {dag.py:3954} INFO - Setting next_dagrun for example_complex to None, run_after=None
[2024-11-12T00:15:54.099+0000] {processor.py:183} INFO - Processing /home/airflow/.local/lib/python3.12/site-packages/airflow/example_dags/example_complex.py took 0.084 seconds
[2024-11-12T00:16:24.211+0000] {processor.py:161} INFO - Started process (PID=1269) to work on /home/airflow/.local/lib/python3.12/site-packages/airflow/example_dags/example_complex.py
[2024-11-12T00:16:24.212+0000] {processor.py:830} INFO - Processing file /home/airflow/.local/lib/python3.12/site-packages/airflow/example_dags/example_complex.py for tasks to queue
[2024-11-12T00:16:24.214+0000] {logging_mixin.py:188} INFO - [2024-11-12T00:16:24.214+0000] {dagbag.py:545} INFO - Filling up the DagBag from /home/airflow/.local/lib/python3.12/site-packages/airflow/example_dags/example_complex.py
[2024-11-12T00:16:24.224+0000] {processor.py:840} INFO - DAG(s) 'example_complex' retrieved from /home/airflow/.local/lib/python3.12/site-packages/airflow/example_dags/example_complex.py
[2024-11-12T00:16:24.257+0000] {logging_mixin.py:188} INFO - [2024-11-12T00:16:24.257+0000] {dag.py:3096} INFO - Sync 1 DAGs
[2024-11-12T00:16:24.270+0000] {logging_mixin.py:188} INFO - [2024-11-12T00:16:24.270+0000] {dag.py:3954} INFO - Setting next_dagrun for example_complex to None, run_after=None
[2024-11-12T00:16:24.288+0000] {processor.py:183} INFO - Processing /home/airflow/.local/lib/python3.12/site-packages/airflow/example_dags/example_complex.py took 0.083 seconds
[2024-11-12T00:16:56.013+0000] {processor.py:161} INFO - Started process (PID=1329) to work on /home/airflow/.local/lib/python3.12/site-packages/airflow/example_dags/example_complex.py
[2024-11-12T00:16:56.015+0000] {processor.py:830} INFO - Processing file /home/airflow/.local/lib/python3.12/site-packages/airflow/example_dags/example_complex.py for tasks to queue
[2024-11-12T00:16:56.017+0000] {logging_mixin.py:188} INFO - [2024-11-12T00:16:56.016+0000] {dagbag.py:545} INFO - Filling up the DagBag from /home/airflow/.local/lib/python3.12/site-packages/airflow/example_dags/example_complex.py
[2024-11-12T00:16:56.028+0000] {processor.py:840} INFO - DAG(s) 'example_complex' retrieved from /home/airflow/.local/lib/python3.12/site-packages/airflow/example_dags/example_complex.py
[2024-11-12T00:16:56.160+0000] {logging_mixin.py:188} INFO - [2024-11-12T00:16:56.160+0000] {dag.py:3096} INFO - Sync 1 DAGs
[2024-11-12T00:16:56.176+0000] {logging_mixin.py:188} INFO - [2024-11-12T00:16:56.176+0000] {dag.py:3954} INFO - Setting next_dagrun for example_complex to None, run_after=None
[2024-11-12T00:16:56.205+0000] {processor.py:183} INFO - Processing /home/airflow/.local/lib/python3.12/site-packages/airflow/example_dags/example_complex.py took 0.197 seconds
[2024-11-12T00:17:27.129+0000] {processor.py:161} INFO - Started process (PID=1388) to work on /home/airflow/.local/lib/python3.12/site-packages/airflow/example_dags/example_complex.py
[2024-11-12T00:17:27.130+0000] {processor.py:830} INFO - Processing file /home/airflow/.local/lib/python3.12/site-packages/airflow/example_dags/example_complex.py for tasks to queue
[2024-11-12T00:17:27.132+0000] {logging_mixin.py:188} INFO - [2024-11-12T00:17:27.132+0000] {dagbag.py:545} INFO - Filling up the DagBag from /home/airflow/.local/lib/python3.12/site-packages/airflow/example_dags/example_complex.py
[2024-11-12T00:17:27.144+0000] {processor.py:840} INFO - DAG(s) 'example_complex' retrieved from /home/airflow/.local/lib/python3.12/site-packages/airflow/example_dags/example_complex.py
[2024-11-12T00:17:27.186+0000] {logging_mixin.py:188} INFO - [2024-11-12T00:17:27.185+0000] {dag.py:3096} INFO - Sync 1 DAGs
[2024-11-12T00:17:27.199+0000] {logging_mixin.py:188} INFO - [2024-11-12T00:17:27.199+0000] {dag.py:3954} INFO - Setting next_dagrun for example_complex to None, run_after=None
[2024-11-12T00:17:27.219+0000] {processor.py:183} INFO - Processing /home/airflow/.local/lib/python3.12/site-packages/airflow/example_dags/example_complex.py took 0.097 seconds
[2024-11-12T00:17:57.696+0000] {processor.py:161} INFO - Started process (PID=1447) to work on /home/airflow/.local/lib/python3.12/site-packages/airflow/example_dags/example_complex.py
[2024-11-12T00:17:57.697+0000] {processor.py:830} INFO - Processing file /home/airflow/.local/lib/python3.12/site-packages/airflow/example_dags/example_complex.py for tasks to queue
[2024-11-12T00:17:57.699+0000] {logging_mixin.py:188} INFO - [2024-11-12T00:17:57.699+0000] {dagbag.py:545} INFO - Filling up the DagBag from /home/airflow/.local/lib/python3.12/site-packages/airflow/example_dags/example_complex.py
[2024-11-12T00:17:57.710+0000] {processor.py:840} INFO - DAG(s) 'example_complex' retrieved from /home/airflow/.local/lib/python3.12/site-packages/airflow/example_dags/example_complex.py
[2024-11-12T00:17:57.742+0000] {logging_mixin.py:188} INFO - [2024-11-12T00:17:57.742+0000] {dag.py:3096} INFO - Sync 1 DAGs
[2024-11-12T00:17:57.754+0000] {logging_mixin.py:188} INFO - [2024-11-12T00:17:57.754+0000] {dag.py:3954} INFO - Setting next_dagrun for example_complex to None, run_after=None
[2024-11-12T00:17:57.772+0000] {processor.py:183} INFO - Processing /home/airflow/.local/lib/python3.12/site-packages/airflow/example_dags/example_complex.py took 0.082 seconds
[2024-11-12T00:18:28.359+0000] {processor.py:161} INFO - Started process (PID=1506) to work on /home/airflow/.local/lib/python3.12/site-packages/airflow/example_dags/example_complex.py
[2024-11-12T00:18:28.360+0000] {processor.py:830} INFO - Processing file /home/airflow/.local/lib/python3.12/site-packages/airflow/example_dags/example_complex.py for tasks to queue
[2024-11-12T00:18:28.363+0000] {logging_mixin.py:188} INFO - [2024-11-12T00:18:28.362+0000] {dagbag.py:545} INFO - Filling up the DagBag from /home/airflow/.local/lib/python3.12/site-packages/airflow/example_dags/example_complex.py
[2024-11-12T00:18:28.374+0000] {processor.py:840} INFO - DAG(s) 'example_complex' retrieved from /home/airflow/.local/lib/python3.12/site-packages/airflow/example_dags/example_complex.py
[2024-11-12T00:18:28.409+0000] {logging_mixin.py:188} INFO - [2024-11-12T00:18:28.409+0000] {dag.py:3096} INFO - Sync 1 DAGs
[2024-11-12T00:18:28.423+0000] {logging_mixin.py:188} INFO - [2024-11-12T00:18:28.423+0000] {dag.py:3954} INFO - Setting next_dagrun for example_complex to None, run_after=None
[2024-11-12T00:18:28.445+0000] {processor.py:183} INFO - Processing /home/airflow/.local/lib/python3.12/site-packages/airflow/example_dags/example_complex.py took 0.092 seconds
[2024-11-12T00:18:58.826+0000] {processor.py:161} INFO - Started process (PID=1566) to work on /home/airflow/.local/lib/python3.12/site-packages/airflow/example_dags/example_complex.py
[2024-11-12T00:18:58.827+0000] {processor.py:830} INFO - Processing file /home/airflow/.local/lib/python3.12/site-packages/airflow/example_dags/example_complex.py for tasks to queue
[2024-11-12T00:18:58.829+0000] {logging_mixin.py:188} INFO - [2024-11-12T00:18:58.829+0000] {dagbag.py:545} INFO - Filling up the DagBag from /home/airflow/.local/lib/python3.12/site-packages/airflow/example_dags/example_complex.py
[2024-11-12T00:18:58.841+0000] {processor.py:840} INFO - DAG(s) 'example_complex' retrieved from /home/airflow/.local/lib/python3.12/site-packages/airflow/example_dags/example_complex.py
[2024-11-12T00:18:58.876+0000] {logging_mixin.py:188} INFO - [2024-11-12T00:18:58.876+0000] {dag.py:3096} INFO - Sync 1 DAGs
[2024-11-12T00:18:58.893+0000] {logging_mixin.py:188} INFO - [2024-11-12T00:18:58.893+0000] {dag.py:3954} INFO - Setting next_dagrun for example_complex to None, run_after=None
[2024-11-12T00:18:58.932+0000] {processor.py:183} INFO - Processing /home/airflow/.local/lib/python3.12/site-packages/airflow/example_dags/example_complex.py took 0.112 seconds
[2024-11-12T00:19:29.652+0000] {processor.py:161} INFO - Started process (PID=1625) to work on /home/airflow/.local/lib/python3.12/site-packages/airflow/example_dags/example_complex.py
[2024-11-12T00:19:29.653+0000] {processor.py:830} INFO - Processing file /home/airflow/.local/lib/python3.12/site-packages/airflow/example_dags/example_complex.py for tasks to queue
[2024-11-12T00:19:29.655+0000] {logging_mixin.py:188} INFO - [2024-11-12T00:19:29.655+0000] {dagbag.py:545} INFO - Filling up the DagBag from /home/airflow/.local/lib/python3.12/site-packages/airflow/example_dags/example_complex.py
[2024-11-12T00:19:29.665+0000] {processor.py:840} INFO - DAG(s) 'example_complex' retrieved from /home/airflow/.local/lib/python3.12/site-packages/airflow/example_dags/example_complex.py
[2024-11-12T00:19:29.723+0000] {logging_mixin.py:188} INFO - [2024-11-12T00:19:29.723+0000] {dag.py:3096} INFO - Sync 1 DAGs
[2024-11-12T00:19:29.741+0000] {logging_mixin.py:188} INFO - [2024-11-12T00:19:29.741+0000] {dag.py:3954} INFO - Setting next_dagrun for example_complex to None, run_after=None
[2024-11-12T00:19:29.769+0000] {processor.py:183} INFO - Processing /home/airflow/.local/lib/python3.12/site-packages/airflow/example_dags/example_complex.py took 0.128 seconds
[2024-11-12T00:19:59.845+0000] {processor.py:161} INFO - Started process (PID=1684) to work on /home/airflow/.local/lib/python3.12/site-packages/airflow/example_dags/example_complex.py
[2024-11-12T00:19:59.846+0000] {processor.py:830} INFO - Processing file /home/airflow/.local/lib/python3.12/site-packages/airflow/example_dags/example_complex.py for tasks to queue
[2024-11-12T00:19:59.848+0000] {logging_mixin.py:188} INFO - [2024-11-12T00:19:59.848+0000] {dagbag.py:545} INFO - Filling up the DagBag from /home/airflow/.local/lib/python3.12/site-packages/airflow/example_dags/example_complex.py
[2024-11-12T00:19:59.858+0000] {processor.py:840} INFO - DAG(s) 'example_complex' retrieved from /home/airflow/.local/lib/python3.12/site-packages/airflow/example_dags/example_complex.py
[2024-11-12T00:19:59.892+0000] {logging_mixin.py:188} INFO - [2024-11-12T00:19:59.891+0000] {dag.py:3096} INFO - Sync 1 DAGs
[2024-11-12T00:19:59.904+0000] {logging_mixin.py:188} INFO - [2024-11-12T00:19:59.904+0000] {dag.py:3954} INFO - Setting next_dagrun for example_complex to None, run_after=None
[2024-11-12T00:19:59.922+0000] {processor.py:183} INFO - Processing /home/airflow/.local/lib/python3.12/site-packages/airflow/example_dags/example_complex.py took 0.083 seconds
[2024-11-12T00:20:30.091+0000] {processor.py:161} INFO - Started process (PID=1742) to work on /home/airflow/.local/lib/python3.12/site-packages/airflow/example_dags/example_complex.py
[2024-11-12T00:20:30.092+0000] {processor.py:830} INFO - Processing file /home/airflow/.local/lib/python3.12/site-packages/airflow/example_dags/example_complex.py for tasks to queue
[2024-11-12T00:20:30.094+0000] {logging_mixin.py:188} INFO - [2024-11-12T00:20:30.094+0000] {dagbag.py:545} INFO - Filling up the DagBag from /home/airflow/.local/lib/python3.12/site-packages/airflow/example_dags/example_complex.py
[2024-11-12T00:20:30.106+0000] {processor.py:840} INFO - DAG(s) 'example_complex' retrieved from /home/airflow/.local/lib/python3.12/site-packages/airflow/example_dags/example_complex.py
[2024-11-12T00:20:30.144+0000] {logging_mixin.py:188} INFO - [2024-11-12T00:20:30.144+0000] {dag.py:3096} INFO - Sync 1 DAGs
[2024-11-12T00:20:30.158+0000] {logging_mixin.py:188} INFO - [2024-11-12T00:20:30.157+0000] {dag.py:3954} INFO - Setting next_dagrun for example_complex to None, run_after=None
[2024-11-12T00:20:30.182+0000] {processor.py:183} INFO - Processing /home/airflow/.local/lib/python3.12/site-packages/airflow/example_dags/example_complex.py took 0.098 seconds
[2024-11-12T00:21:00.392+0000] {processor.py:161} INFO - Started process (PID=1801) to work on /home/airflow/.local/lib/python3.12/site-packages/airflow/example_dags/example_complex.py
[2024-11-12T00:21:00.394+0000] {processor.py:830} INFO - Processing file /home/airflow/.local/lib/python3.12/site-packages/airflow/example_dags/example_complex.py for tasks to queue
[2024-11-12T00:21:00.396+0000] {logging_mixin.py:188} INFO - [2024-11-12T00:21:00.396+0000] {dagbag.py:545} INFO - Filling up the DagBag from /home/airflow/.local/lib/python3.12/site-packages/airflow/example_dags/example_complex.py
[2024-11-12T00:21:00.408+0000] {processor.py:840} INFO - DAG(s) 'example_complex' retrieved from /home/airflow/.local/lib/python3.12/site-packages/airflow/example_dags/example_complex.py
[2024-11-12T00:21:00.444+0000] {logging_mixin.py:188} INFO - [2024-11-12T00:21:00.443+0000] {dag.py:3096} INFO - Sync 1 DAGs
[2024-11-12T00:21:00.458+0000] {logging_mixin.py:188} INFO - [2024-11-12T00:21:00.457+0000] {dag.py:3954} INFO - Setting next_dagrun for example_complex to None, run_after=None
[2024-11-12T00:21:00.479+0000] {processor.py:183} INFO - Processing /home/airflow/.local/lib/python3.12/site-packages/airflow/example_dags/example_complex.py took 0.093 seconds
[2024-11-12T00:21:31.073+0000] {processor.py:161} INFO - Started process (PID=1862) to work on /home/airflow/.local/lib/python3.12/site-packages/airflow/example_dags/example_complex.py
[2024-11-12T00:21:31.074+0000] {processor.py:830} INFO - Processing file /home/airflow/.local/lib/python3.12/site-packages/airflow/example_dags/example_complex.py for tasks to queue
[2024-11-12T00:21:31.076+0000] {logging_mixin.py:188} INFO - [2024-11-12T00:21:31.076+0000] {dagbag.py:545} INFO - Filling up the DagBag from /home/airflow/.local/lib/python3.12/site-packages/airflow/example_dags/example_complex.py
[2024-11-12T00:21:31.102+0000] {processor.py:840} INFO - DAG(s) 'example_complex' retrieved from /home/airflow/.local/lib/python3.12/site-packages/airflow/example_dags/example_complex.py
[2024-11-12T00:21:31.160+0000] {logging_mixin.py:188} INFO - [2024-11-12T00:21:31.160+0000] {dag.py:3096} INFO - Sync 1 DAGs
[2024-11-12T00:21:31.174+0000] {logging_mixin.py:188} INFO - [2024-11-12T00:21:31.174+0000] {dag.py:3954} INFO - Setting next_dagrun for example_complex to None, run_after=None
[2024-11-12T00:21:31.194+0000] {processor.py:183} INFO - Processing /home/airflow/.local/lib/python3.12/site-packages/airflow/example_dags/example_complex.py took 0.129 seconds
[2024-11-12T00:22:02.423+0000] {processor.py:161} INFO - Started process (PID=1921) to work on /home/airflow/.local/lib/python3.12/site-packages/airflow/example_dags/example_complex.py
[2024-11-12T00:22:02.424+0000] {processor.py:830} INFO - Processing file /home/airflow/.local/lib/python3.12/site-packages/airflow/example_dags/example_complex.py for tasks to queue
[2024-11-12T00:22:02.426+0000] {logging_mixin.py:188} INFO - [2024-11-12T00:22:02.426+0000] {dagbag.py:545} INFO - Filling up the DagBag from /home/airflow/.local/lib/python3.12/site-packages/airflow/example_dags/example_complex.py
[2024-11-12T00:22:02.437+0000] {processor.py:840} INFO - DAG(s) 'example_complex' retrieved from /home/airflow/.local/lib/python3.12/site-packages/airflow/example_dags/example_complex.py
[2024-11-12T00:22:02.558+0000] {logging_mixin.py:188} INFO - [2024-11-12T00:22:02.558+0000] {dag.py:3096} INFO - Sync 1 DAGs
[2024-11-12T00:22:02.571+0000] {logging_mixin.py:188} INFO - [2024-11-12T00:22:02.571+0000] {dag.py:3954} INFO - Setting next_dagrun for example_complex to None, run_after=None
[2024-11-12T00:22:02.593+0000] {processor.py:183} INFO - Processing /home/airflow/.local/lib/python3.12/site-packages/airflow/example_dags/example_complex.py took 0.177 seconds
[2024-11-12T00:22:32.805+0000] {processor.py:161} INFO - Started process (PID=1980) to work on /home/airflow/.local/lib/python3.12/site-packages/airflow/example_dags/example_complex.py
[2024-11-12T00:22:32.807+0000] {processor.py:830} INFO - Processing file /home/airflow/.local/lib/python3.12/site-packages/airflow/example_dags/example_complex.py for tasks to queue
[2024-11-12T00:22:32.809+0000] {logging_mixin.py:188} INFO - [2024-11-12T00:22:32.809+0000] {dagbag.py:545} INFO - Filling up the DagBag from /home/airflow/.local/lib/python3.12/site-packages/airflow/example_dags/example_complex.py
[2024-11-12T00:22:32.820+0000] {processor.py:840} INFO - DAG(s) 'example_complex' retrieved from /home/airflow/.local/lib/python3.12/site-packages/airflow/example_dags/example_complex.py
[2024-11-12T00:22:32.853+0000] {logging_mixin.py:188} INFO - [2024-11-12T00:22:32.852+0000] {dag.py:3096} INFO - Sync 1 DAGs
[2024-11-12T00:22:32.865+0000] {logging_mixin.py:188} INFO - [2024-11-12T00:22:32.865+0000] {dag.py:3954} INFO - Setting next_dagrun for example_complex to None, run_after=None
[2024-11-12T00:22:32.883+0000] {processor.py:183} INFO - Processing /home/airflow/.local/lib/python3.12/site-packages/airflow/example_dags/example_complex.py took 0.084 seconds
[2024-11-12T00:23:03.037+0000] {processor.py:161} INFO - Started process (PID=2039) to work on /home/airflow/.local/lib/python3.12/site-packages/airflow/example_dags/example_complex.py
[2024-11-12T00:23:03.038+0000] {processor.py:830} INFO - Processing file /home/airflow/.local/lib/python3.12/site-packages/airflow/example_dags/example_complex.py for tasks to queue
[2024-11-12T00:23:03.040+0000] {logging_mixin.py:188} INFO - [2024-11-12T00:23:03.040+0000] {dagbag.py:545} INFO - Filling up the DagBag from /home/airflow/.local/lib/python3.12/site-packages/airflow/example_dags/example_complex.py
[2024-11-12T00:23:03.052+0000] {processor.py:840} INFO - DAG(s) 'example_complex' retrieved from /home/airflow/.local/lib/python3.12/site-packages/airflow/example_dags/example_complex.py
[2024-11-12T00:23:03.088+0000] {logging_mixin.py:188} INFO - [2024-11-12T00:23:03.088+0000] {dag.py:3096} INFO - Sync 1 DAGs
[2024-11-12T00:23:03.101+0000] {logging_mixin.py:188} INFO - [2024-11-12T00:23:03.101+0000] {dag.py:3954} INFO - Setting next_dagrun for example_complex to None, run_after=None
[2024-11-12T00:23:03.122+0000] {processor.py:183} INFO - Processing /home/airflow/.local/lib/python3.12/site-packages/airflow/example_dags/example_complex.py took 0.091 seconds
[2024-11-12T00:23:33.675+0000] {processor.py:161} INFO - Started process (PID=2101) to work on /home/airflow/.local/lib/python3.12/site-packages/airflow/example_dags/example_complex.py
[2024-11-12T00:23:33.676+0000] {processor.py:830} INFO - Processing file /home/airflow/.local/lib/python3.12/site-packages/airflow/example_dags/example_complex.py for tasks to queue
[2024-11-12T00:23:33.678+0000] {logging_mixin.py:188} INFO - [2024-11-12T00:23:33.677+0000] {dagbag.py:545} INFO - Filling up the DagBag from /home/airflow/.local/lib/python3.12/site-packages/airflow/example_dags/example_complex.py
[2024-11-12T00:23:33.688+0000] {processor.py:840} INFO - DAG(s) 'example_complex' retrieved from /home/airflow/.local/lib/python3.12/site-packages/airflow/example_dags/example_complex.py
[2024-11-12T00:23:33.721+0000] {logging_mixin.py:188} INFO - [2024-11-12T00:23:33.720+0000] {dag.py:3096} INFO - Sync 1 DAGs
[2024-11-12T00:23:33.734+0000] {logging_mixin.py:188} INFO - [2024-11-12T00:23:33.734+0000] {dag.py:3954} INFO - Setting next_dagrun for example_complex to None, run_after=None
[2024-11-12T00:23:33.756+0000] {processor.py:183} INFO - Processing /home/airflow/.local/lib/python3.12/site-packages/airflow/example_dags/example_complex.py took 0.090 seconds
[2024-11-12T00:24:04.586+0000] {processor.py:161} INFO - Started process (PID=2160) to work on /home/airflow/.local/lib/python3.12/site-packages/airflow/example_dags/example_complex.py
[2024-11-12T00:24:04.587+0000] {processor.py:830} INFO - Processing file /home/airflow/.local/lib/python3.12/site-packages/airflow/example_dags/example_complex.py for tasks to queue
[2024-11-12T00:24:04.589+0000] {logging_mixin.py:188} INFO - [2024-11-12T00:24:04.589+0000] {dagbag.py:545} INFO - Filling up the DagBag from /home/airflow/.local/lib/python3.12/site-packages/airflow/example_dags/example_complex.py
[2024-11-12T00:24:04.600+0000] {processor.py:840} INFO - DAG(s) 'example_complex' retrieved from /home/airflow/.local/lib/python3.12/site-packages/airflow/example_dags/example_complex.py
[2024-11-12T00:24:04.633+0000] {logging_mixin.py:188} INFO - [2024-11-12T00:24:04.633+0000] {dag.py:3096} INFO - Sync 1 DAGs
[2024-11-12T00:24:04.645+0000] {logging_mixin.py:188} INFO - [2024-11-12T00:24:04.645+0000] {dag.py:3954} INFO - Setting next_dagrun for example_complex to None, run_after=None
[2024-11-12T00:24:04.665+0000] {processor.py:183} INFO - Processing /home/airflow/.local/lib/python3.12/site-packages/airflow/example_dags/example_complex.py took 0.086 seconds
[2024-11-12T00:24:35.082+0000] {processor.py:161} INFO - Started process (PID=2219) to work on /home/airflow/.local/lib/python3.12/site-packages/airflow/example_dags/example_complex.py
[2024-11-12T00:24:35.083+0000] {processor.py:830} INFO - Processing file /home/airflow/.local/lib/python3.12/site-packages/airflow/example_dags/example_complex.py for tasks to queue
[2024-11-12T00:24:35.086+0000] {logging_mixin.py:188} INFO - [2024-11-12T00:24:35.085+0000] {dagbag.py:545} INFO - Filling up the DagBag from /home/airflow/.local/lib/python3.12/site-packages/airflow/example_dags/example_complex.py
[2024-11-12T00:24:35.102+0000] {processor.py:840} INFO - DAG(s) 'example_complex' retrieved from /home/airflow/.local/lib/python3.12/site-packages/airflow/example_dags/example_complex.py
[2024-11-12T00:24:35.141+0000] {logging_mixin.py:188} INFO - [2024-11-12T00:24:35.141+0000] {dag.py:3096} INFO - Sync 1 DAGs
[2024-11-12T00:24:35.158+0000] {logging_mixin.py:188} INFO - [2024-11-12T00:24:35.158+0000] {dag.py:3954} INFO - Setting next_dagrun for example_complex to None, run_after=None
[2024-11-12T00:24:35.182+0000] {processor.py:183} INFO - Processing /home/airflow/.local/lib/python3.12/site-packages/airflow/example_dags/example_complex.py took 0.106 seconds
[2024-11-12T00:25:05.613+0000] {processor.py:161} INFO - Started process (PID=2278) to work on /home/airflow/.local/lib/python3.12/site-packages/airflow/example_dags/example_complex.py
[2024-11-12T00:25:05.614+0000] {processor.py:830} INFO - Processing file /home/airflow/.local/lib/python3.12/site-packages/airflow/example_dags/example_complex.py for tasks to queue
[2024-11-12T00:25:05.616+0000] {logging_mixin.py:188} INFO - [2024-11-12T00:25:05.616+0000] {dagbag.py:545} INFO - Filling up the DagBag from /home/airflow/.local/lib/python3.12/site-packages/airflow/example_dags/example_complex.py
[2024-11-12T00:25:05.628+0000] {processor.py:840} INFO - DAG(s) 'example_complex' retrieved from /home/airflow/.local/lib/python3.12/site-packages/airflow/example_dags/example_complex.py
[2024-11-12T00:25:05.669+0000] {logging_mixin.py:188} INFO - [2024-11-12T00:25:05.668+0000] {dag.py:3096} INFO - Sync 1 DAGs
[2024-11-12T00:25:05.684+0000] {logging_mixin.py:188} INFO - [2024-11-12T00:25:05.683+0000] {dag.py:3954} INFO - Setting next_dagrun for example_complex to None, run_after=None
[2024-11-12T00:25:05.705+0000] {processor.py:183} INFO - Processing /home/airflow/.local/lib/python3.12/site-packages/airflow/example_dags/example_complex.py took 0.101 seconds
