[2024-11-12T00:06:46.376+0000] {processor.py:161} INFO - Started process (PID=160) to work on /home/airflow/.local/lib/python3.12/site-packages/airflow/example_dags/example_task_group_decorator.py
[2024-11-12T00:06:46.377+0000] {processor.py:830} INFO - Processing file /home/airflow/.local/lib/python3.12/site-packages/airflow/example_dags/example_task_group_decorator.py for tasks to queue
[2024-11-12T00:06:46.379+0000] {logging_mixin.py:188} INFO - [2024-11-12T00:06:46.379+0000] {dagbag.py:545} INFO - Filling up the DagBag from /home/airflow/.local/lib/python3.12/site-packages/airflow/example_dags/example_task_group_decorator.py
[2024-11-12T00:06:46.398+0000] {processor.py:840} INFO - DAG(s) 'example_task_group_decorator' retrieved from /home/airflow/.local/lib/python3.12/site-packages/airflow/example_dags/example_task_group_decorator.py
[2024-11-12T00:06:46.504+0000] {logging_mixin.py:188} INFO - [2024-11-12T00:06:46.504+0000] {dag.py:3096} INFO - Sync 1 DAGs
[2024-11-12T00:06:46.526+0000] {logging_mixin.py:188} INFO - [2024-11-12T00:06:46.526+0000] {dag.py:3954} INFO - Setting next_dagrun for example_task_group_decorator to 2024-11-11 00:00:00+00:00, run_after=2024-11-12 00:00:00+00:00
[2024-11-12T00:06:46.560+0000] {processor.py:183} INFO - Processing /home/airflow/.local/lib/python3.12/site-packages/airflow/example_dags/example_task_group_decorator.py took 0.189 seconds
[2024-11-12T00:07:17.877+0000] {processor.py:161} INFO - Started process (PID=219) to work on /home/airflow/.local/lib/python3.12/site-packages/airflow/example_dags/example_task_group_decorator.py
[2024-11-12T00:07:17.880+0000] {processor.py:830} INFO - Processing file /home/airflow/.local/lib/python3.12/site-packages/airflow/example_dags/example_task_group_decorator.py for tasks to queue
[2024-11-12T00:07:17.883+0000] {logging_mixin.py:188} INFO - [2024-11-12T00:07:17.882+0000] {dagbag.py:545} INFO - Filling up the DagBag from /home/airflow/.local/lib/python3.12/site-packages/airflow/example_dags/example_task_group_decorator.py
[2024-11-12T00:07:17.900+0000] {processor.py:840} INFO - DAG(s) 'example_task_group_decorator' retrieved from /home/airflow/.local/lib/python3.12/site-packages/airflow/example_dags/example_task_group_decorator.py
[2024-11-12T00:07:17.935+0000] {logging_mixin.py:188} INFO - [2024-11-12T00:07:17.934+0000] {dag.py:3096} INFO - Sync 1 DAGs
[2024-11-12T00:07:17.965+0000] {logging_mixin.py:188} INFO - [2024-11-12T00:07:17.965+0000] {dag.py:3954} INFO - Setting next_dagrun for example_task_group_decorator to 2024-11-11 00:00:00+00:00, run_after=2024-11-12 00:00:00+00:00
[2024-11-12T00:07:17.986+0000] {processor.py:183} INFO - Processing /home/airflow/.local/lib/python3.12/site-packages/airflow/example_dags/example_task_group_decorator.py took 0.115 seconds
[2024-11-12T00:07:48.212+0000] {processor.py:161} INFO - Started process (PID=278) to work on /home/airflow/.local/lib/python3.12/site-packages/airflow/example_dags/example_task_group_decorator.py
[2024-11-12T00:07:48.213+0000] {processor.py:830} INFO - Processing file /home/airflow/.local/lib/python3.12/site-packages/airflow/example_dags/example_task_group_decorator.py for tasks to queue
[2024-11-12T00:07:48.215+0000] {logging_mixin.py:188} INFO - [2024-11-12T00:07:48.215+0000] {dagbag.py:545} INFO - Filling up the DagBag from /home/airflow/.local/lib/python3.12/site-packages/airflow/example_dags/example_task_group_decorator.py
[2024-11-12T00:07:48.229+0000] {processor.py:840} INFO - DAG(s) 'example_task_group_decorator' retrieved from /home/airflow/.local/lib/python3.12/site-packages/airflow/example_dags/example_task_group_decorator.py
[2024-11-12T00:07:48.255+0000] {logging_mixin.py:188} INFO - [2024-11-12T00:07:48.255+0000] {dag.py:3096} INFO - Sync 1 DAGs
[2024-11-12T00:07:48.276+0000] {logging_mixin.py:188} INFO - [2024-11-12T00:07:48.276+0000] {dag.py:3954} INFO - Setting next_dagrun for example_task_group_decorator to 2024-11-11 00:00:00+00:00, run_after=2024-11-12 00:00:00+00:00
[2024-11-12T00:07:48.294+0000] {processor.py:183} INFO - Processing /home/airflow/.local/lib/python3.12/site-packages/airflow/example_dags/example_task_group_decorator.py took 0.088 seconds
[2024-11-12T00:08:18.623+0000] {processor.py:161} INFO - Started process (PID=337) to work on /home/airflow/.local/lib/python3.12/site-packages/airflow/example_dags/example_task_group_decorator.py
[2024-11-12T00:08:18.624+0000] {processor.py:830} INFO - Processing file /home/airflow/.local/lib/python3.12/site-packages/airflow/example_dags/example_task_group_decorator.py for tasks to queue
[2024-11-12T00:08:18.626+0000] {logging_mixin.py:188} INFO - [2024-11-12T00:08:18.626+0000] {dagbag.py:545} INFO - Filling up the DagBag from /home/airflow/.local/lib/python3.12/site-packages/airflow/example_dags/example_task_group_decorator.py
[2024-11-12T00:08:18.641+0000] {processor.py:840} INFO - DAG(s) 'example_task_group_decorator' retrieved from /home/airflow/.local/lib/python3.12/site-packages/airflow/example_dags/example_task_group_decorator.py
[2024-11-12T00:08:18.667+0000] {logging_mixin.py:188} INFO - [2024-11-12T00:08:18.666+0000] {dag.py:3096} INFO - Sync 1 DAGs
[2024-11-12T00:08:18.687+0000] {logging_mixin.py:188} INFO - [2024-11-12T00:08:18.687+0000] {dag.py:3954} INFO - Setting next_dagrun for example_task_group_decorator to 2024-11-11 00:00:00+00:00, run_after=2024-11-12 00:00:00+00:00
[2024-11-12T00:08:18.705+0000] {processor.py:183} INFO - Processing /home/airflow/.local/lib/python3.12/site-packages/airflow/example_dags/example_task_group_decorator.py took 0.088 seconds
[2024-11-12T00:08:48.860+0000] {processor.py:161} INFO - Started process (PID=396) to work on /home/airflow/.local/lib/python3.12/site-packages/airflow/example_dags/example_task_group_decorator.py
[2024-11-12T00:08:48.861+0000] {processor.py:830} INFO - Processing file /home/airflow/.local/lib/python3.12/site-packages/airflow/example_dags/example_task_group_decorator.py for tasks to queue
[2024-11-12T00:08:48.863+0000] {logging_mixin.py:188} INFO - [2024-11-12T00:08:48.863+0000] {dagbag.py:545} INFO - Filling up the DagBag from /home/airflow/.local/lib/python3.12/site-packages/airflow/example_dags/example_task_group_decorator.py
[2024-11-12T00:08:48.878+0000] {processor.py:840} INFO - DAG(s) 'example_task_group_decorator' retrieved from /home/airflow/.local/lib/python3.12/site-packages/airflow/example_dags/example_task_group_decorator.py
[2024-11-12T00:08:48.904+0000] {logging_mixin.py:188} INFO - [2024-11-12T00:08:48.904+0000] {dag.py:3096} INFO - Sync 1 DAGs
[2024-11-12T00:08:48.926+0000] {logging_mixin.py:188} INFO - [2024-11-12T00:08:48.926+0000] {dag.py:3954} INFO - Setting next_dagrun for example_task_group_decorator to 2024-11-11 00:00:00+00:00, run_after=2024-11-12 00:00:00+00:00
[2024-11-12T00:08:48.947+0000] {processor.py:183} INFO - Processing /home/airflow/.local/lib/python3.12/site-packages/airflow/example_dags/example_task_group_decorator.py took 0.094 seconds
[2024-11-12T00:09:19.150+0000] {processor.py:161} INFO - Started process (PID=455) to work on /home/airflow/.local/lib/python3.12/site-packages/airflow/example_dags/example_task_group_decorator.py
[2024-11-12T00:09:19.151+0000] {processor.py:830} INFO - Processing file /home/airflow/.local/lib/python3.12/site-packages/airflow/example_dags/example_task_group_decorator.py for tasks to queue
[2024-11-12T00:09:19.153+0000] {logging_mixin.py:188} INFO - [2024-11-12T00:09:19.153+0000] {dagbag.py:545} INFO - Filling up the DagBag from /home/airflow/.local/lib/python3.12/site-packages/airflow/example_dags/example_task_group_decorator.py
[2024-11-12T00:09:19.167+0000] {processor.py:840} INFO - DAG(s) 'example_task_group_decorator' retrieved from /home/airflow/.local/lib/python3.12/site-packages/airflow/example_dags/example_task_group_decorator.py
[2024-11-12T00:09:19.193+0000] {logging_mixin.py:188} INFO - [2024-11-12T00:09:19.192+0000] {dag.py:3096} INFO - Sync 1 DAGs
[2024-11-12T00:09:19.213+0000] {logging_mixin.py:188} INFO - [2024-11-12T00:09:19.213+0000] {dag.py:3954} INFO - Setting next_dagrun for example_task_group_decorator to 2024-11-11 00:00:00+00:00, run_after=2024-11-12 00:00:00+00:00
[2024-11-12T00:09:19.230+0000] {processor.py:183} INFO - Processing /home/airflow/.local/lib/python3.12/site-packages/airflow/example_dags/example_task_group_decorator.py took 0.086 seconds
[2024-11-12T00:09:49.403+0000] {processor.py:161} INFO - Started process (PID=514) to work on /home/airflow/.local/lib/python3.12/site-packages/airflow/example_dags/example_task_group_decorator.py
[2024-11-12T00:09:49.404+0000] {processor.py:830} INFO - Processing file /home/airflow/.local/lib/python3.12/site-packages/airflow/example_dags/example_task_group_decorator.py for tasks to queue
[2024-11-12T00:09:49.406+0000] {logging_mixin.py:188} INFO - [2024-11-12T00:09:49.406+0000] {dagbag.py:545} INFO - Filling up the DagBag from /home/airflow/.local/lib/python3.12/site-packages/airflow/example_dags/example_task_group_decorator.py
[2024-11-12T00:09:49.426+0000] {processor.py:840} INFO - DAG(s) 'example_task_group_decorator' retrieved from /home/airflow/.local/lib/python3.12/site-packages/airflow/example_dags/example_task_group_decorator.py
[2024-11-12T00:09:49.452+0000] {logging_mixin.py:188} INFO - [2024-11-12T00:09:49.452+0000] {dag.py:3096} INFO - Sync 1 DAGs
[2024-11-12T00:09:49.474+0000] {logging_mixin.py:188} INFO - [2024-11-12T00:09:49.474+0000] {dag.py:3954} INFO - Setting next_dagrun for example_task_group_decorator to 2024-11-11 00:00:00+00:00, run_after=2024-11-12 00:00:00+00:00
[2024-11-12T00:09:49.493+0000] {processor.py:183} INFO - Processing /home/airflow/.local/lib/python3.12/site-packages/airflow/example_dags/example_task_group_decorator.py took 0.097 seconds
[2024-11-12T00:10:21.564+0000] {processor.py:161} INFO - Started process (PID=578) to work on /home/airflow/.local/lib/python3.12/site-packages/airflow/example_dags/example_task_group_decorator.py
[2024-11-12T00:10:21.565+0000] {processor.py:830} INFO - Processing file /home/airflow/.local/lib/python3.12/site-packages/airflow/example_dags/example_task_group_decorator.py for tasks to queue
[2024-11-12T00:10:21.567+0000] {logging_mixin.py:188} INFO - [2024-11-12T00:10:21.566+0000] {dagbag.py:545} INFO - Filling up the DagBag from /home/airflow/.local/lib/python3.12/site-packages/airflow/example_dags/example_task_group_decorator.py
[2024-11-12T00:10:21.582+0000] {processor.py:840} INFO - DAG(s) 'example_task_group_decorator' retrieved from /home/airflow/.local/lib/python3.12/site-packages/airflow/example_dags/example_task_group_decorator.py
[2024-11-12T00:10:21.703+0000] {logging_mixin.py:188} INFO - [2024-11-12T00:10:21.703+0000] {dag.py:3096} INFO - Sync 1 DAGs
[2024-11-12T00:10:21.723+0000] {logging_mixin.py:188} INFO - [2024-11-12T00:10:21.723+0000] {dag.py:3954} INFO - Setting next_dagrun for example_task_group_decorator to 2024-11-11 00:00:00+00:00, run_after=2024-11-12 00:00:00+00:00
[2024-11-12T00:10:21.742+0000] {processor.py:183} INFO - Processing /home/airflow/.local/lib/python3.12/site-packages/airflow/example_dags/example_task_group_decorator.py took 0.185 seconds
[2024-11-12T00:10:51.826+0000] {processor.py:161} INFO - Started process (PID=638) to work on /home/airflow/.local/lib/python3.12/site-packages/airflow/example_dags/example_task_group_decorator.py
[2024-11-12T00:10:51.827+0000] {processor.py:830} INFO - Processing file /home/airflow/.local/lib/python3.12/site-packages/airflow/example_dags/example_task_group_decorator.py for tasks to queue
[2024-11-12T00:10:51.830+0000] {logging_mixin.py:188} INFO - [2024-11-12T00:10:51.829+0000] {dagbag.py:545} INFO - Filling up the DagBag from /home/airflow/.local/lib/python3.12/site-packages/airflow/example_dags/example_task_group_decorator.py
[2024-11-12T00:10:51.845+0000] {processor.py:840} INFO - DAG(s) 'example_task_group_decorator' retrieved from /home/airflow/.local/lib/python3.12/site-packages/airflow/example_dags/example_task_group_decorator.py
[2024-11-12T00:10:51.871+0000] {logging_mixin.py:188} INFO - [2024-11-12T00:10:51.871+0000] {dag.py:3096} INFO - Sync 1 DAGs
[2024-11-12T00:10:51.892+0000] {logging_mixin.py:188} INFO - [2024-11-12T00:10:51.892+0000] {dag.py:3954} INFO - Setting next_dagrun for example_task_group_decorator to 2024-11-11 00:00:00+00:00, run_after=2024-11-12 00:00:00+00:00
[2024-11-12T00:10:51.910+0000] {processor.py:183} INFO - Processing /home/airflow/.local/lib/python3.12/site-packages/airflow/example_dags/example_task_group_decorator.py took 0.091 seconds
[2024-11-12T00:11:22.750+0000] {processor.py:161} INFO - Started process (PID=697) to work on /home/airflow/.local/lib/python3.12/site-packages/airflow/example_dags/example_task_group_decorator.py
[2024-11-12T00:11:22.751+0000] {processor.py:830} INFO - Processing file /home/airflow/.local/lib/python3.12/site-packages/airflow/example_dags/example_task_group_decorator.py for tasks to queue
[2024-11-12T00:11:22.753+0000] {logging_mixin.py:188} INFO - [2024-11-12T00:11:22.753+0000] {dagbag.py:545} INFO - Filling up the DagBag from /home/airflow/.local/lib/python3.12/site-packages/airflow/example_dags/example_task_group_decorator.py
[2024-11-12T00:11:22.767+0000] {processor.py:840} INFO - DAG(s) 'example_task_group_decorator' retrieved from /home/airflow/.local/lib/python3.12/site-packages/airflow/example_dags/example_task_group_decorator.py
[2024-11-12T00:11:22.793+0000] {logging_mixin.py:188} INFO - [2024-11-12T00:11:22.792+0000] {dag.py:3096} INFO - Sync 1 DAGs
[2024-11-12T00:11:22.813+0000] {logging_mixin.py:188} INFO - [2024-11-12T00:11:22.813+0000] {dag.py:3954} INFO - Setting next_dagrun for example_task_group_decorator to 2024-11-11 00:00:00+00:00, run_after=2024-11-12 00:00:00+00:00
[2024-11-12T00:11:22.831+0000] {processor.py:183} INFO - Processing /home/airflow/.local/lib/python3.12/site-packages/airflow/example_dags/example_task_group_decorator.py took 0.087 seconds
[2024-11-12T00:11:54.892+0000] {processor.py:161} INFO - Started process (PID=756) to work on /home/airflow/.local/lib/python3.12/site-packages/airflow/example_dags/example_task_group_decorator.py
[2024-11-12T00:11:54.897+0000] {processor.py:830} INFO - Processing file /home/airflow/.local/lib/python3.12/site-packages/airflow/example_dags/example_task_group_decorator.py for tasks to queue
[2024-11-12T00:11:54.900+0000] {logging_mixin.py:188} INFO - [2024-11-12T00:11:54.899+0000] {dagbag.py:545} INFO - Filling up the DagBag from /home/airflow/.local/lib/python3.12/site-packages/airflow/example_dags/example_task_group_decorator.py
[2024-11-12T00:11:54.914+0000] {processor.py:840} INFO - DAG(s) 'example_task_group_decorator' retrieved from /home/airflow/.local/lib/python3.12/site-packages/airflow/example_dags/example_task_group_decorator.py
[2024-11-12T00:11:55.037+0000] {logging_mixin.py:188} INFO - [2024-11-12T00:11:55.036+0000] {dag.py:3096} INFO - Sync 1 DAGs
[2024-11-12T00:11:55.055+0000] {logging_mixin.py:188} INFO - [2024-11-12T00:11:55.055+0000] {dag.py:3954} INFO - Setting next_dagrun for example_task_group_decorator to 2024-11-11 00:00:00+00:00, run_after=2024-11-12 00:00:00+00:00
[2024-11-12T00:11:55.074+0000] {processor.py:183} INFO - Processing /home/airflow/.local/lib/python3.12/site-packages/airflow/example_dags/example_task_group_decorator.py took 0.188 seconds
[2024-11-12T00:12:25.699+0000] {processor.py:161} INFO - Started process (PID=815) to work on /home/airflow/.local/lib/python3.12/site-packages/airflow/example_dags/example_task_group_decorator.py
[2024-11-12T00:12:25.701+0000] {processor.py:830} INFO - Processing file /home/airflow/.local/lib/python3.12/site-packages/airflow/example_dags/example_task_group_decorator.py for tasks to queue
[2024-11-12T00:12:25.703+0000] {logging_mixin.py:188} INFO - [2024-11-12T00:12:25.703+0000] {dagbag.py:545} INFO - Filling up the DagBag from /home/airflow/.local/lib/python3.12/site-packages/airflow/example_dags/example_task_group_decorator.py
[2024-11-12T00:12:25.718+0000] {processor.py:840} INFO - DAG(s) 'example_task_group_decorator' retrieved from /home/airflow/.local/lib/python3.12/site-packages/airflow/example_dags/example_task_group_decorator.py
[2024-11-12T00:12:25.744+0000] {logging_mixin.py:188} INFO - [2024-11-12T00:12:25.744+0000] {dag.py:3096} INFO - Sync 1 DAGs
[2024-11-12T00:12:25.771+0000] {logging_mixin.py:188} INFO - [2024-11-12T00:12:25.771+0000] {dag.py:3954} INFO - Setting next_dagrun for example_task_group_decorator to 2024-11-11 00:00:00+00:00, run_after=2024-11-12 00:00:00+00:00
[2024-11-12T00:12:25.791+0000] {processor.py:183} INFO - Processing /home/airflow/.local/lib/python3.12/site-packages/airflow/example_dags/example_task_group_decorator.py took 0.098 seconds
[2024-11-12T00:12:56.151+0000] {processor.py:161} INFO - Started process (PID=875) to work on /home/airflow/.local/lib/python3.12/site-packages/airflow/example_dags/example_task_group_decorator.py
[2024-11-12T00:12:56.151+0000] {processor.py:830} INFO - Processing file /home/airflow/.local/lib/python3.12/site-packages/airflow/example_dags/example_task_group_decorator.py for tasks to queue
[2024-11-12T00:12:56.153+0000] {logging_mixin.py:188} INFO - [2024-11-12T00:12:56.153+0000] {dagbag.py:545} INFO - Filling up the DagBag from /home/airflow/.local/lib/python3.12/site-packages/airflow/example_dags/example_task_group_decorator.py
[2024-11-12T00:12:56.168+0000] {processor.py:840} INFO - DAG(s) 'example_task_group_decorator' retrieved from /home/airflow/.local/lib/python3.12/site-packages/airflow/example_dags/example_task_group_decorator.py
[2024-11-12T00:12:56.194+0000] {logging_mixin.py:188} INFO - [2024-11-12T00:12:56.194+0000] {dag.py:3096} INFO - Sync 1 DAGs
[2024-11-12T00:12:56.216+0000] {logging_mixin.py:188} INFO - [2024-11-12T00:12:56.216+0000] {dag.py:3954} INFO - Setting next_dagrun for example_task_group_decorator to 2024-11-11 00:00:00+00:00, run_after=2024-11-12 00:00:00+00:00
[2024-11-12T00:12:56.234+0000] {processor.py:183} INFO - Processing /home/airflow/.local/lib/python3.12/site-packages/airflow/example_dags/example_task_group_decorator.py took 0.089 seconds
[2024-11-12T00:13:26.717+0000] {processor.py:161} INFO - Started process (PID=933) to work on /home/airflow/.local/lib/python3.12/site-packages/airflow/example_dags/example_task_group_decorator.py
[2024-11-12T00:13:26.720+0000] {processor.py:830} INFO - Processing file /home/airflow/.local/lib/python3.12/site-packages/airflow/example_dags/example_task_group_decorator.py for tasks to queue
[2024-11-12T00:13:26.725+0000] {logging_mixin.py:188} INFO - [2024-11-12T00:13:26.725+0000] {dagbag.py:545} INFO - Filling up the DagBag from /home/airflow/.local/lib/python3.12/site-packages/airflow/example_dags/example_task_group_decorator.py
[2024-11-12T00:13:26.746+0000] {processor.py:840} INFO - DAG(s) 'example_task_group_decorator' retrieved from /home/airflow/.local/lib/python3.12/site-packages/airflow/example_dags/example_task_group_decorator.py
[2024-11-12T00:13:26.774+0000] {logging_mixin.py:188} INFO - [2024-11-12T00:13:26.774+0000] {dag.py:3096} INFO - Sync 1 DAGs
[2024-11-12T00:13:26.798+0000] {logging_mixin.py:188} INFO - [2024-11-12T00:13:26.797+0000] {dag.py:3954} INFO - Setting next_dagrun for example_task_group_decorator to 2024-11-11 00:00:00+00:00, run_after=2024-11-12 00:00:00+00:00
[2024-11-12T00:13:26.818+0000] {processor.py:183} INFO - Processing /home/airflow/.local/lib/python3.12/site-packages/airflow/example_dags/example_task_group_decorator.py took 0.120 seconds
[2024-11-12T00:13:56.916+0000] {processor.py:161} INFO - Started process (PID=992) to work on /home/airflow/.local/lib/python3.12/site-packages/airflow/example_dags/example_task_group_decorator.py
[2024-11-12T00:13:56.917+0000] {processor.py:830} INFO - Processing file /home/airflow/.local/lib/python3.12/site-packages/airflow/example_dags/example_task_group_decorator.py for tasks to queue
[2024-11-12T00:13:56.919+0000] {logging_mixin.py:188} INFO - [2024-11-12T00:13:56.918+0000] {dagbag.py:545} INFO - Filling up the DagBag from /home/airflow/.local/lib/python3.12/site-packages/airflow/example_dags/example_task_group_decorator.py
[2024-11-12T00:13:56.934+0000] {processor.py:840} INFO - DAG(s) 'example_task_group_decorator' retrieved from /home/airflow/.local/lib/python3.12/site-packages/airflow/example_dags/example_task_group_decorator.py
[2024-11-12T00:13:56.962+0000] {logging_mixin.py:188} INFO - [2024-11-12T00:13:56.962+0000] {dag.py:3096} INFO - Sync 1 DAGs
[2024-11-12T00:13:56.985+0000] {logging_mixin.py:188} INFO - [2024-11-12T00:13:56.985+0000] {dag.py:3954} INFO - Setting next_dagrun for example_task_group_decorator to 2024-11-11 00:00:00+00:00, run_after=2024-11-12 00:00:00+00:00
[2024-11-12T00:13:57.006+0000] {processor.py:183} INFO - Processing /home/airflow/.local/lib/python3.12/site-packages/airflow/example_dags/example_task_group_decorator.py took 0.096 seconds
[2024-11-12T00:14:27.136+0000] {processor.py:161} INFO - Started process (PID=1051) to work on /home/airflow/.local/lib/python3.12/site-packages/airflow/example_dags/example_task_group_decorator.py
[2024-11-12T00:14:27.137+0000] {processor.py:830} INFO - Processing file /home/airflow/.local/lib/python3.12/site-packages/airflow/example_dags/example_task_group_decorator.py for tasks to queue
[2024-11-12T00:14:27.139+0000] {logging_mixin.py:188} INFO - [2024-11-12T00:14:27.139+0000] {dagbag.py:545} INFO - Filling up the DagBag from /home/airflow/.local/lib/python3.12/site-packages/airflow/example_dags/example_task_group_decorator.py
[2024-11-12T00:14:27.153+0000] {processor.py:840} INFO - DAG(s) 'example_task_group_decorator' retrieved from /home/airflow/.local/lib/python3.12/site-packages/airflow/example_dags/example_task_group_decorator.py
[2024-11-12T00:14:27.183+0000] {logging_mixin.py:188} INFO - [2024-11-12T00:14:27.183+0000] {dag.py:3096} INFO - Sync 1 DAGs
[2024-11-12T00:14:27.206+0000] {logging_mixin.py:188} INFO - [2024-11-12T00:14:27.206+0000] {dag.py:3954} INFO - Setting next_dagrun for example_task_group_decorator to 2024-11-11 00:00:00+00:00, run_after=2024-11-12 00:00:00+00:00
[2024-11-12T00:14:27.226+0000] {processor.py:183} INFO - Processing /home/airflow/.local/lib/python3.12/site-packages/airflow/example_dags/example_task_group_decorator.py took 0.097 seconds
[2024-11-12T00:14:57.662+0000] {processor.py:161} INFO - Started process (PID=1110) to work on /home/airflow/.local/lib/python3.12/site-packages/airflow/example_dags/example_task_group_decorator.py
[2024-11-12T00:14:57.663+0000] {processor.py:830} INFO - Processing file /home/airflow/.local/lib/python3.12/site-packages/airflow/example_dags/example_task_group_decorator.py for tasks to queue
[2024-11-12T00:14:57.666+0000] {logging_mixin.py:188} INFO - [2024-11-12T00:14:57.666+0000] {dagbag.py:545} INFO - Filling up the DagBag from /home/airflow/.local/lib/python3.12/site-packages/airflow/example_dags/example_task_group_decorator.py
[2024-11-12T00:14:57.690+0000] {processor.py:840} INFO - DAG(s) 'example_task_group_decorator' retrieved from /home/airflow/.local/lib/python3.12/site-packages/airflow/example_dags/example_task_group_decorator.py
[2024-11-12T00:14:57.722+0000] {logging_mixin.py:188} INFO - [2024-11-12T00:14:57.722+0000] {dag.py:3096} INFO - Sync 1 DAGs
[2024-11-12T00:14:57.750+0000] {logging_mixin.py:188} INFO - [2024-11-12T00:14:57.749+0000] {dag.py:3954} INFO - Setting next_dagrun for example_task_group_decorator to 2024-11-11 00:00:00+00:00, run_after=2024-11-12 00:00:00+00:00
[2024-11-12T00:14:57.773+0000] {processor.py:183} INFO - Processing /home/airflow/.local/lib/python3.12/site-packages/airflow/example_dags/example_task_group_decorator.py took 0.120 seconds
[2024-11-12T00:15:27.967+0000] {processor.py:161} INFO - Started process (PID=1169) to work on /home/airflow/.local/lib/python3.12/site-packages/airflow/example_dags/example_task_group_decorator.py
[2024-11-12T00:15:27.968+0000] {processor.py:830} INFO - Processing file /home/airflow/.local/lib/python3.12/site-packages/airflow/example_dags/example_task_group_decorator.py for tasks to queue
[2024-11-12T00:15:27.970+0000] {logging_mixin.py:188} INFO - [2024-11-12T00:15:27.970+0000] {dagbag.py:545} INFO - Filling up the DagBag from /home/airflow/.local/lib/python3.12/site-packages/airflow/example_dags/example_task_group_decorator.py
[2024-11-12T00:15:27.985+0000] {processor.py:840} INFO - DAG(s) 'example_task_group_decorator' retrieved from /home/airflow/.local/lib/python3.12/site-packages/airflow/example_dags/example_task_group_decorator.py
[2024-11-12T00:15:28.011+0000] {logging_mixin.py:188} INFO - [2024-11-12T00:15:28.010+0000] {dag.py:3096} INFO - Sync 1 DAGs
[2024-11-12T00:15:28.032+0000] {logging_mixin.py:188} INFO - [2024-11-12T00:15:28.032+0000] {dag.py:3954} INFO - Setting next_dagrun for example_task_group_decorator to 2024-11-11 00:00:00+00:00, run_after=2024-11-12 00:00:00+00:00
[2024-11-12T00:15:28.054+0000] {processor.py:183} INFO - Processing /home/airflow/.local/lib/python3.12/site-packages/airflow/example_dags/example_task_group_decorator.py took 0.093 seconds
[2024-11-12T00:15:58.222+0000] {processor.py:161} INFO - Started process (PID=1228) to work on /home/airflow/.local/lib/python3.12/site-packages/airflow/example_dags/example_task_group_decorator.py
[2024-11-12T00:15:58.223+0000] {processor.py:830} INFO - Processing file /home/airflow/.local/lib/python3.12/site-packages/airflow/example_dags/example_task_group_decorator.py for tasks to queue
[2024-11-12T00:15:58.225+0000] {logging_mixin.py:188} INFO - [2024-11-12T00:15:58.224+0000] {dagbag.py:545} INFO - Filling up the DagBag from /home/airflow/.local/lib/python3.12/site-packages/airflow/example_dags/example_task_group_decorator.py
[2024-11-12T00:15:58.242+0000] {processor.py:840} INFO - DAG(s) 'example_task_group_decorator' retrieved from /home/airflow/.local/lib/python3.12/site-packages/airflow/example_dags/example_task_group_decorator.py
[2024-11-12T00:15:58.277+0000] {logging_mixin.py:188} INFO - [2024-11-12T00:15:58.277+0000] {dag.py:3096} INFO - Sync 1 DAGs
[2024-11-12T00:15:58.300+0000] {logging_mixin.py:188} INFO - [2024-11-12T00:15:58.300+0000] {dag.py:3954} INFO - Setting next_dagrun for example_task_group_decorator to 2024-11-11 00:00:00+00:00, run_after=2024-11-12 00:00:00+00:00
[2024-11-12T00:15:58.319+0000] {processor.py:183} INFO - Processing /home/airflow/.local/lib/python3.12/site-packages/airflow/example_dags/example_task_group_decorator.py took 0.103 seconds
[2024-11-12T00:16:28.443+0000] {processor.py:161} INFO - Started process (PID=1287) to work on /home/airflow/.local/lib/python3.12/site-packages/airflow/example_dags/example_task_group_decorator.py
[2024-11-12T00:16:28.444+0000] {processor.py:830} INFO - Processing file /home/airflow/.local/lib/python3.12/site-packages/airflow/example_dags/example_task_group_decorator.py for tasks to queue
[2024-11-12T00:16:28.446+0000] {logging_mixin.py:188} INFO - [2024-11-12T00:16:28.446+0000] {dagbag.py:545} INFO - Filling up the DagBag from /home/airflow/.local/lib/python3.12/site-packages/airflow/example_dags/example_task_group_decorator.py
[2024-11-12T00:16:28.462+0000] {processor.py:840} INFO - DAG(s) 'example_task_group_decorator' retrieved from /home/airflow/.local/lib/python3.12/site-packages/airflow/example_dags/example_task_group_decorator.py
[2024-11-12T00:16:28.489+0000] {logging_mixin.py:188} INFO - [2024-11-12T00:16:28.489+0000] {dag.py:3096} INFO - Sync 1 DAGs
[2024-11-12T00:16:28.514+0000] {logging_mixin.py:188} INFO - [2024-11-12T00:16:28.514+0000] {dag.py:3954} INFO - Setting next_dagrun for example_task_group_decorator to 2024-11-11 00:00:00+00:00, run_after=2024-11-12 00:00:00+00:00
[2024-11-12T00:16:28.536+0000] {processor.py:183} INFO - Processing /home/airflow/.local/lib/python3.12/site-packages/airflow/example_dags/example_task_group_decorator.py took 0.099 seconds
[2024-11-12T00:16:58.999+0000] {processor.py:161} INFO - Started process (PID=1346) to work on /home/airflow/.local/lib/python3.12/site-packages/airflow/example_dags/example_task_group_decorator.py
[2024-11-12T00:16:59.000+0000] {processor.py:830} INFO - Processing file /home/airflow/.local/lib/python3.12/site-packages/airflow/example_dags/example_task_group_decorator.py for tasks to queue
[2024-11-12T00:16:59.002+0000] {logging_mixin.py:188} INFO - [2024-11-12T00:16:59.002+0000] {dagbag.py:545} INFO - Filling up the DagBag from /home/airflow/.local/lib/python3.12/site-packages/airflow/example_dags/example_task_group_decorator.py
[2024-11-12T00:16:59.017+0000] {processor.py:840} INFO - DAG(s) 'example_task_group_decorator' retrieved from /home/airflow/.local/lib/python3.12/site-packages/airflow/example_dags/example_task_group_decorator.py
[2024-11-12T00:16:59.135+0000] {logging_mixin.py:188} INFO - [2024-11-12T00:16:59.135+0000] {dag.py:3096} INFO - Sync 1 DAGs
[2024-11-12T00:16:59.154+0000] {logging_mixin.py:188} INFO - [2024-11-12T00:16:59.153+0000] {dag.py:3954} INFO - Setting next_dagrun for example_task_group_decorator to 2024-11-11 00:00:00+00:00, run_after=2024-11-12 00:00:00+00:00
[2024-11-12T00:16:59.172+0000] {processor.py:183} INFO - Processing /home/airflow/.local/lib/python3.12/site-packages/airflow/example_dags/example_task_group_decorator.py took 0.181 seconds
[2024-11-12T00:17:29.440+0000] {processor.py:161} INFO - Started process (PID=1405) to work on /home/airflow/.local/lib/python3.12/site-packages/airflow/example_dags/example_task_group_decorator.py
[2024-11-12T00:17:29.442+0000] {processor.py:830} INFO - Processing file /home/airflow/.local/lib/python3.12/site-packages/airflow/example_dags/example_task_group_decorator.py for tasks to queue
[2024-11-12T00:17:29.446+0000] {logging_mixin.py:188} INFO - [2024-11-12T00:17:29.445+0000] {dagbag.py:545} INFO - Filling up the DagBag from /home/airflow/.local/lib/python3.12/site-packages/airflow/example_dags/example_task_group_decorator.py
[2024-11-12T00:17:29.470+0000] {processor.py:840} INFO - DAG(s) 'example_task_group_decorator' retrieved from /home/airflow/.local/lib/python3.12/site-packages/airflow/example_dags/example_task_group_decorator.py
[2024-11-12T00:17:29.508+0000] {logging_mixin.py:188} INFO - [2024-11-12T00:17:29.507+0000] {dag.py:3096} INFO - Sync 1 DAGs
[2024-11-12T00:17:29.531+0000] {logging_mixin.py:188} INFO - [2024-11-12T00:17:29.531+0000] {dag.py:3954} INFO - Setting next_dagrun for example_task_group_decorator to 2024-11-11 00:00:00+00:00, run_after=2024-11-12 00:00:00+00:00
[2024-11-12T00:17:29.549+0000] {processor.py:183} INFO - Processing /home/airflow/.local/lib/python3.12/site-packages/airflow/example_dags/example_task_group_decorator.py took 0.119 seconds
[2024-11-12T00:17:59.673+0000] {processor.py:161} INFO - Started process (PID=1464) to work on /home/airflow/.local/lib/python3.12/site-packages/airflow/example_dags/example_task_group_decorator.py
[2024-11-12T00:17:59.674+0000] {processor.py:830} INFO - Processing file /home/airflow/.local/lib/python3.12/site-packages/airflow/example_dags/example_task_group_decorator.py for tasks to queue
[2024-11-12T00:17:59.676+0000] {logging_mixin.py:188} INFO - [2024-11-12T00:17:59.676+0000] {dagbag.py:545} INFO - Filling up the DagBag from /home/airflow/.local/lib/python3.12/site-packages/airflow/example_dags/example_task_group_decorator.py
[2024-11-12T00:17:59.696+0000] {processor.py:840} INFO - DAG(s) 'example_task_group_decorator' retrieved from /home/airflow/.local/lib/python3.12/site-packages/airflow/example_dags/example_task_group_decorator.py
[2024-11-12T00:17:59.721+0000] {logging_mixin.py:188} INFO - [2024-11-12T00:17:59.721+0000] {dag.py:3096} INFO - Sync 1 DAGs
[2024-11-12T00:17:59.743+0000] {logging_mixin.py:188} INFO - [2024-11-12T00:17:59.742+0000] {dag.py:3954} INFO - Setting next_dagrun for example_task_group_decorator to 2024-11-11 00:00:00+00:00, run_after=2024-11-12 00:00:00+00:00
[2024-11-12T00:17:59.760+0000] {processor.py:183} INFO - Processing /home/airflow/.local/lib/python3.12/site-packages/airflow/example_dags/example_task_group_decorator.py took 0.093 seconds
[2024-11-12T00:18:30.376+0000] {processor.py:161} INFO - Started process (PID=1524) to work on /home/airflow/.local/lib/python3.12/site-packages/airflow/example_dags/example_task_group_decorator.py
[2024-11-12T00:18:30.378+0000] {processor.py:830} INFO - Processing file /home/airflow/.local/lib/python3.12/site-packages/airflow/example_dags/example_task_group_decorator.py for tasks to queue
[2024-11-12T00:18:30.380+0000] {logging_mixin.py:188} INFO - [2024-11-12T00:18:30.379+0000] {dagbag.py:545} INFO - Filling up the DagBag from /home/airflow/.local/lib/python3.12/site-packages/airflow/example_dags/example_task_group_decorator.py
[2024-11-12T00:18:30.394+0000] {processor.py:840} INFO - DAG(s) 'example_task_group_decorator' retrieved from /home/airflow/.local/lib/python3.12/site-packages/airflow/example_dags/example_task_group_decorator.py
[2024-11-12T00:18:30.420+0000] {logging_mixin.py:188} INFO - [2024-11-12T00:18:30.419+0000] {dag.py:3096} INFO - Sync 1 DAGs
[2024-11-12T00:18:30.442+0000] {logging_mixin.py:188} INFO - [2024-11-12T00:18:30.442+0000] {dag.py:3954} INFO - Setting next_dagrun for example_task_group_decorator to 2024-11-11 00:00:00+00:00, run_after=2024-11-12 00:00:00+00:00
[2024-11-12T00:18:30.460+0000] {processor.py:183} INFO - Processing /home/airflow/.local/lib/python3.12/site-packages/airflow/example_dags/example_task_group_decorator.py took 0.090 seconds
[2024-11-12T00:19:01.001+0000] {processor.py:161} INFO - Started process (PID=1583) to work on /home/airflow/.local/lib/python3.12/site-packages/airflow/example_dags/example_task_group_decorator.py
[2024-11-12T00:19:01.002+0000] {processor.py:830} INFO - Processing file /home/airflow/.local/lib/python3.12/site-packages/airflow/example_dags/example_task_group_decorator.py for tasks to queue
[2024-11-12T00:19:01.004+0000] {logging_mixin.py:188} INFO - [2024-11-12T00:19:01.004+0000] {dagbag.py:545} INFO - Filling up the DagBag from /home/airflow/.local/lib/python3.12/site-packages/airflow/example_dags/example_task_group_decorator.py
[2024-11-12T00:19:01.018+0000] {processor.py:840} INFO - DAG(s) 'example_task_group_decorator' retrieved from /home/airflow/.local/lib/python3.12/site-packages/airflow/example_dags/example_task_group_decorator.py
[2024-11-12T00:19:01.046+0000] {logging_mixin.py:188} INFO - [2024-11-12T00:19:01.045+0000] {dag.py:3096} INFO - Sync 1 DAGs
[2024-11-12T00:19:01.067+0000] {logging_mixin.py:188} INFO - [2024-11-12T00:19:01.067+0000] {dag.py:3954} INFO - Setting next_dagrun for example_task_group_decorator to 2024-11-11 00:00:00+00:00, run_after=2024-11-12 00:00:00+00:00
[2024-11-12T00:19:01.092+0000] {processor.py:183} INFO - Processing /home/airflow/.local/lib/python3.12/site-packages/airflow/example_dags/example_task_group_decorator.py took 0.098 seconds
[2024-11-12T00:19:32.155+0000] {processor.py:161} INFO - Started process (PID=1642) to work on /home/airflow/.local/lib/python3.12/site-packages/airflow/example_dags/example_task_group_decorator.py
[2024-11-12T00:19:32.157+0000] {processor.py:830} INFO - Processing file /home/airflow/.local/lib/python3.12/site-packages/airflow/example_dags/example_task_group_decorator.py for tasks to queue
[2024-11-12T00:19:32.159+0000] {logging_mixin.py:188} INFO - [2024-11-12T00:19:32.159+0000] {dagbag.py:545} INFO - Filling up the DagBag from /home/airflow/.local/lib/python3.12/site-packages/airflow/example_dags/example_task_group_decorator.py
[2024-11-12T00:19:32.188+0000] {processor.py:840} INFO - DAG(s) 'example_task_group_decorator' retrieved from /home/airflow/.local/lib/python3.12/site-packages/airflow/example_dags/example_task_group_decorator.py
[2024-11-12T00:19:32.229+0000] {logging_mixin.py:188} INFO - [2024-11-12T00:19:32.228+0000] {dag.py:3096} INFO - Sync 1 DAGs
[2024-11-12T00:19:32.263+0000] {logging_mixin.py:188} INFO - [2024-11-12T00:19:32.262+0000] {dag.py:3954} INFO - Setting next_dagrun for example_task_group_decorator to 2024-11-11 00:00:00+00:00, run_after=2024-11-12 00:00:00+00:00
[2024-11-12T00:19:32.288+0000] {processor.py:183} INFO - Processing /home/airflow/.local/lib/python3.12/site-packages/airflow/example_dags/example_task_group_decorator.py took 0.143 seconds
[2024-11-12T00:20:02.949+0000] {processor.py:161} INFO - Started process (PID=1701) to work on /home/airflow/.local/lib/python3.12/site-packages/airflow/example_dags/example_task_group_decorator.py
[2024-11-12T00:20:02.950+0000] {processor.py:830} INFO - Processing file /home/airflow/.local/lib/python3.12/site-packages/airflow/example_dags/example_task_group_decorator.py for tasks to queue
[2024-11-12T00:20:02.953+0000] {logging_mixin.py:188} INFO - [2024-11-12T00:20:02.953+0000] {dagbag.py:545} INFO - Filling up the DagBag from /home/airflow/.local/lib/python3.12/site-packages/airflow/example_dags/example_task_group_decorator.py
[2024-11-12T00:20:02.968+0000] {processor.py:840} INFO - DAG(s) 'example_task_group_decorator' retrieved from /home/airflow/.local/lib/python3.12/site-packages/airflow/example_dags/example_task_group_decorator.py
[2024-11-12T00:20:02.994+0000] {logging_mixin.py:188} INFO - [2024-11-12T00:20:02.993+0000] {dag.py:3096} INFO - Sync 1 DAGs
[2024-11-12T00:20:03.015+0000] {logging_mixin.py:188} INFO - [2024-11-12T00:20:03.015+0000] {dag.py:3954} INFO - Setting next_dagrun for example_task_group_decorator to 2024-11-11 00:00:00+00:00, run_after=2024-11-12 00:00:00+00:00
[2024-11-12T00:20:03.034+0000] {processor.py:183} INFO - Processing /home/airflow/.local/lib/python3.12/site-packages/airflow/example_dags/example_task_group_decorator.py took 0.090 seconds
[2024-11-12T00:20:33.231+0000] {processor.py:161} INFO - Started process (PID=1760) to work on /home/airflow/.local/lib/python3.12/site-packages/airflow/example_dags/example_task_group_decorator.py
[2024-11-12T00:20:33.232+0000] {processor.py:830} INFO - Processing file /home/airflow/.local/lib/python3.12/site-packages/airflow/example_dags/example_task_group_decorator.py for tasks to queue
[2024-11-12T00:20:33.235+0000] {logging_mixin.py:188} INFO - [2024-11-12T00:20:33.234+0000] {dagbag.py:545} INFO - Filling up the DagBag from /home/airflow/.local/lib/python3.12/site-packages/airflow/example_dags/example_task_group_decorator.py
[2024-11-12T00:20:33.249+0000] {processor.py:840} INFO - DAG(s) 'example_task_group_decorator' retrieved from /home/airflow/.local/lib/python3.12/site-packages/airflow/example_dags/example_task_group_decorator.py
[2024-11-12T00:20:33.276+0000] {logging_mixin.py:188} INFO - [2024-11-12T00:20:33.275+0000] {dag.py:3096} INFO - Sync 1 DAGs
[2024-11-12T00:20:33.296+0000] {logging_mixin.py:188} INFO - [2024-11-12T00:20:33.296+0000] {dag.py:3954} INFO - Setting next_dagrun for example_task_group_decorator to 2024-11-11 00:00:00+00:00, run_after=2024-11-12 00:00:00+00:00
[2024-11-12T00:20:33.314+0000] {processor.py:183} INFO - Processing /home/airflow/.local/lib/python3.12/site-packages/airflow/example_dags/example_task_group_decorator.py took 0.088 seconds
[2024-11-12T00:21:03.632+0000] {processor.py:161} INFO - Started process (PID=1820) to work on /home/airflow/.local/lib/python3.12/site-packages/airflow/example_dags/example_task_group_decorator.py
[2024-11-12T00:21:03.633+0000] {processor.py:830} INFO - Processing file /home/airflow/.local/lib/python3.12/site-packages/airflow/example_dags/example_task_group_decorator.py for tasks to queue
[2024-11-12T00:21:03.635+0000] {logging_mixin.py:188} INFO - [2024-11-12T00:21:03.635+0000] {dagbag.py:545} INFO - Filling up the DagBag from /home/airflow/.local/lib/python3.12/site-packages/airflow/example_dags/example_task_group_decorator.py
[2024-11-12T00:21:03.650+0000] {processor.py:840} INFO - DAG(s) 'example_task_group_decorator' retrieved from /home/airflow/.local/lib/python3.12/site-packages/airflow/example_dags/example_task_group_decorator.py
[2024-11-12T00:21:03.677+0000] {logging_mixin.py:188} INFO - [2024-11-12T00:21:03.676+0000] {dag.py:3096} INFO - Sync 1 DAGs
[2024-11-12T00:21:03.697+0000] {logging_mixin.py:188} INFO - [2024-11-12T00:21:03.697+0000] {dag.py:3954} INFO - Setting next_dagrun for example_task_group_decorator to 2024-11-11 00:00:00+00:00, run_after=2024-11-12 00:00:00+00:00
[2024-11-12T00:21:03.718+0000] {processor.py:183} INFO - Processing /home/airflow/.local/lib/python3.12/site-packages/airflow/example_dags/example_task_group_decorator.py took 0.092 seconds
[2024-11-12T00:21:34.187+0000] {processor.py:161} INFO - Started process (PID=1880) to work on /home/airflow/.local/lib/python3.12/site-packages/airflow/example_dags/example_task_group_decorator.py
[2024-11-12T00:21:34.188+0000] {processor.py:830} INFO - Processing file /home/airflow/.local/lib/python3.12/site-packages/airflow/example_dags/example_task_group_decorator.py for tasks to queue
[2024-11-12T00:21:34.190+0000] {logging_mixin.py:188} INFO - [2024-11-12T00:21:34.190+0000] {dagbag.py:545} INFO - Filling up the DagBag from /home/airflow/.local/lib/python3.12/site-packages/airflow/example_dags/example_task_group_decorator.py
[2024-11-12T00:21:34.205+0000] {processor.py:840} INFO - DAG(s) 'example_task_group_decorator' retrieved from /home/airflow/.local/lib/python3.12/site-packages/airflow/example_dags/example_task_group_decorator.py
[2024-11-12T00:21:34.233+0000] {logging_mixin.py:188} INFO - [2024-11-12T00:21:34.233+0000] {dag.py:3096} INFO - Sync 1 DAGs
[2024-11-12T00:21:34.257+0000] {logging_mixin.py:188} INFO - [2024-11-12T00:21:34.257+0000] {dag.py:3954} INFO - Setting next_dagrun for example_task_group_decorator to 2024-11-11 00:00:00+00:00, run_after=2024-11-12 00:00:00+00:00
[2024-11-12T00:21:34.278+0000] {processor.py:183} INFO - Processing /home/airflow/.local/lib/python3.12/site-packages/airflow/example_dags/example_task_group_decorator.py took 0.097 seconds
[2024-11-12T00:22:05.154+0000] {processor.py:161} INFO - Started process (PID=1939) to work on /home/airflow/.local/lib/python3.12/site-packages/airflow/example_dags/example_task_group_decorator.py
[2024-11-12T00:22:05.155+0000] {processor.py:830} INFO - Processing file /home/airflow/.local/lib/python3.12/site-packages/airflow/example_dags/example_task_group_decorator.py for tasks to queue
[2024-11-12T00:22:05.157+0000] {logging_mixin.py:188} INFO - [2024-11-12T00:22:05.156+0000] {dagbag.py:545} INFO - Filling up the DagBag from /home/airflow/.local/lib/python3.12/site-packages/airflow/example_dags/example_task_group_decorator.py
[2024-11-12T00:22:05.172+0000] {processor.py:840} INFO - DAG(s) 'example_task_group_decorator' retrieved from /home/airflow/.local/lib/python3.12/site-packages/airflow/example_dags/example_task_group_decorator.py
[2024-11-12T00:22:05.278+0000] {logging_mixin.py:188} INFO - [2024-11-12T00:22:05.278+0000] {dag.py:3096} INFO - Sync 1 DAGs
[2024-11-12T00:22:05.300+0000] {logging_mixin.py:188} INFO - [2024-11-12T00:22:05.299+0000] {dag.py:3954} INFO - Setting next_dagrun for example_task_group_decorator to 2024-11-11 00:00:00+00:00, run_after=2024-11-12 00:00:00+00:00
[2024-11-12T00:22:05.321+0000] {processor.py:183} INFO - Processing /home/airflow/.local/lib/python3.12/site-packages/airflow/example_dags/example_task_group_decorator.py took 0.173 seconds
[2024-11-12T00:22:35.360+0000] {processor.py:161} INFO - Started process (PID=1998) to work on /home/airflow/.local/lib/python3.12/site-packages/airflow/example_dags/example_task_group_decorator.py
[2024-11-12T00:22:35.361+0000] {processor.py:830} INFO - Processing file /home/airflow/.local/lib/python3.12/site-packages/airflow/example_dags/example_task_group_decorator.py for tasks to queue
[2024-11-12T00:22:35.363+0000] {logging_mixin.py:188} INFO - [2024-11-12T00:22:35.363+0000] {dagbag.py:545} INFO - Filling up the DagBag from /home/airflow/.local/lib/python3.12/site-packages/airflow/example_dags/example_task_group_decorator.py
[2024-11-12T00:22:35.377+0000] {processor.py:840} INFO - DAG(s) 'example_task_group_decorator' retrieved from /home/airflow/.local/lib/python3.12/site-packages/airflow/example_dags/example_task_group_decorator.py
[2024-11-12T00:22:35.407+0000] {logging_mixin.py:188} INFO - [2024-11-12T00:22:35.407+0000] {dag.py:3096} INFO - Sync 1 DAGs
[2024-11-12T00:22:35.429+0000] {logging_mixin.py:188} INFO - [2024-11-12T00:22:35.429+0000] {dag.py:3954} INFO - Setting next_dagrun for example_task_group_decorator to 2024-11-11 00:00:00+00:00, run_after=2024-11-12 00:00:00+00:00
[2024-11-12T00:22:35.448+0000] {processor.py:183} INFO - Processing /home/airflow/.local/lib/python3.12/site-packages/airflow/example_dags/example_task_group_decorator.py took 0.094 seconds
[2024-11-12T00:23:05.526+0000] {processor.py:161} INFO - Started process (PID=2057) to work on /home/airflow/.local/lib/python3.12/site-packages/airflow/example_dags/example_task_group_decorator.py
[2024-11-12T00:23:05.528+0000] {processor.py:830} INFO - Processing file /home/airflow/.local/lib/python3.12/site-packages/airflow/example_dags/example_task_group_decorator.py for tasks to queue
[2024-11-12T00:23:05.530+0000] {logging_mixin.py:188} INFO - [2024-11-12T00:23:05.530+0000] {dagbag.py:545} INFO - Filling up the DagBag from /home/airflow/.local/lib/python3.12/site-packages/airflow/example_dags/example_task_group_decorator.py
[2024-11-12T00:23:05.544+0000] {processor.py:840} INFO - DAG(s) 'example_task_group_decorator' retrieved from /home/airflow/.local/lib/python3.12/site-packages/airflow/example_dags/example_task_group_decorator.py
[2024-11-12T00:23:05.570+0000] {logging_mixin.py:188} INFO - [2024-11-12T00:23:05.570+0000] {dag.py:3096} INFO - Sync 1 DAGs
[2024-11-12T00:23:05.592+0000] {logging_mixin.py:188} INFO - [2024-11-12T00:23:05.592+0000] {dag.py:3954} INFO - Setting next_dagrun for example_task_group_decorator to 2024-11-11 00:00:00+00:00, run_after=2024-11-12 00:00:00+00:00
[2024-11-12T00:23:05.613+0000] {processor.py:183} INFO - Processing /home/airflow/.local/lib/python3.12/site-packages/airflow/example_dags/example_task_group_decorator.py took 0.092 seconds
[2024-11-12T00:23:35.918+0000] {processor.py:161} INFO - Started process (PID=2118) to work on /home/airflow/.local/lib/python3.12/site-packages/airflow/example_dags/example_task_group_decorator.py
[2024-11-12T00:23:35.920+0000] {processor.py:830} INFO - Processing file /home/airflow/.local/lib/python3.12/site-packages/airflow/example_dags/example_task_group_decorator.py for tasks to queue
[2024-11-12T00:23:35.923+0000] {logging_mixin.py:188} INFO - [2024-11-12T00:23:35.923+0000] {dagbag.py:545} INFO - Filling up the DagBag from /home/airflow/.local/lib/python3.12/site-packages/airflow/example_dags/example_task_group_decorator.py
[2024-11-12T00:23:35.957+0000] {processor.py:840} INFO - DAG(s) 'example_task_group_decorator' retrieved from /home/airflow/.local/lib/python3.12/site-packages/airflow/example_dags/example_task_group_decorator.py
[2024-11-12T00:23:36.014+0000] {logging_mixin.py:188} INFO - [2024-11-12T00:23:36.013+0000] {dag.py:3096} INFO - Sync 1 DAGs
[2024-11-12T00:23:36.059+0000] {logging_mixin.py:188} INFO - [2024-11-12T00:23:36.059+0000] {dag.py:3954} INFO - Setting next_dagrun for example_task_group_decorator to 2024-11-11 00:00:00+00:00, run_after=2024-11-12 00:00:00+00:00
[2024-11-12T00:23:36.084+0000] {processor.py:183} INFO - Processing /home/airflow/.local/lib/python3.12/site-packages/airflow/example_dags/example_task_group_decorator.py took 0.179 seconds
[2024-11-12T00:24:06.699+0000] {processor.py:161} INFO - Started process (PID=2177) to work on /home/airflow/.local/lib/python3.12/site-packages/airflow/example_dags/example_task_group_decorator.py
[2024-11-12T00:24:06.700+0000] {processor.py:830} INFO - Processing file /home/airflow/.local/lib/python3.12/site-packages/airflow/example_dags/example_task_group_decorator.py for tasks to queue
[2024-11-12T00:24:06.703+0000] {logging_mixin.py:188} INFO - [2024-11-12T00:24:06.703+0000] {dagbag.py:545} INFO - Filling up the DagBag from /home/airflow/.local/lib/python3.12/site-packages/airflow/example_dags/example_task_group_decorator.py
[2024-11-12T00:24:06.731+0000] {processor.py:840} INFO - DAG(s) 'example_task_group_decorator' retrieved from /home/airflow/.local/lib/python3.12/site-packages/airflow/example_dags/example_task_group_decorator.py
[2024-11-12T00:24:06.768+0000] {logging_mixin.py:188} INFO - [2024-11-12T00:24:06.767+0000] {dag.py:3096} INFO - Sync 1 DAGs
[2024-11-12T00:24:06.790+0000] {logging_mixin.py:188} INFO - [2024-11-12T00:24:06.790+0000] {dag.py:3954} INFO - Setting next_dagrun for example_task_group_decorator to 2024-11-11 00:00:00+00:00, run_after=2024-11-12 00:00:00+00:00
[2024-11-12T00:24:06.807+0000] {processor.py:183} INFO - Processing /home/airflow/.local/lib/python3.12/site-packages/airflow/example_dags/example_task_group_decorator.py took 0.116 seconds
[2024-11-12T00:24:37.278+0000] {processor.py:161} INFO - Started process (PID=2236) to work on /home/airflow/.local/lib/python3.12/site-packages/airflow/example_dags/example_task_group_decorator.py
[2024-11-12T00:24:37.279+0000] {processor.py:830} INFO - Processing file /home/airflow/.local/lib/python3.12/site-packages/airflow/example_dags/example_task_group_decorator.py for tasks to queue
[2024-11-12T00:24:37.281+0000] {logging_mixin.py:188} INFO - [2024-11-12T00:24:37.281+0000] {dagbag.py:545} INFO - Filling up the DagBag from /home/airflow/.local/lib/python3.12/site-packages/airflow/example_dags/example_task_group_decorator.py
[2024-11-12T00:24:37.299+0000] {processor.py:840} INFO - DAG(s) 'example_task_group_decorator' retrieved from /home/airflow/.local/lib/python3.12/site-packages/airflow/example_dags/example_task_group_decorator.py
[2024-11-12T00:24:37.329+0000] {logging_mixin.py:188} INFO - [2024-11-12T00:24:37.328+0000] {dag.py:3096} INFO - Sync 1 DAGs
[2024-11-12T00:24:37.350+0000] {logging_mixin.py:188} INFO - [2024-11-12T00:24:37.350+0000] {dag.py:3954} INFO - Setting next_dagrun for example_task_group_decorator to 2024-11-11 00:00:00+00:00, run_after=2024-11-12 00:00:00+00:00
[2024-11-12T00:24:37.369+0000] {processor.py:183} INFO - Processing /home/airflow/.local/lib/python3.12/site-packages/airflow/example_dags/example_task_group_decorator.py took 0.098 seconds
[2024-11-12T00:25:07.858+0000] {processor.py:161} INFO - Started process (PID=2295) to work on /home/airflow/.local/lib/python3.12/site-packages/airflow/example_dags/example_task_group_decorator.py
[2024-11-12T00:25:07.859+0000] {processor.py:830} INFO - Processing file /home/airflow/.local/lib/python3.12/site-packages/airflow/example_dags/example_task_group_decorator.py for tasks to queue
[2024-11-12T00:25:07.862+0000] {logging_mixin.py:188} INFO - [2024-11-12T00:25:07.862+0000] {dagbag.py:545} INFO - Filling up the DagBag from /home/airflow/.local/lib/python3.12/site-packages/airflow/example_dags/example_task_group_decorator.py
[2024-11-12T00:25:07.889+0000] {processor.py:840} INFO - DAG(s) 'example_task_group_decorator' retrieved from /home/airflow/.local/lib/python3.12/site-packages/airflow/example_dags/example_task_group_decorator.py
[2024-11-12T00:25:07.923+0000] {logging_mixin.py:188} INFO - [2024-11-12T00:25:07.923+0000] {dag.py:3096} INFO - Sync 1 DAGs
[2024-11-12T00:25:07.949+0000] {logging_mixin.py:188} INFO - [2024-11-12T00:25:07.949+0000] {dag.py:3954} INFO - Setting next_dagrun for example_task_group_decorator to 2024-11-11 00:00:00+00:00, run_after=2024-11-12 00:00:00+00:00
[2024-11-12T00:25:07.972+0000] {processor.py:183} INFO - Processing /home/airflow/.local/lib/python3.12/site-packages/airflow/example_dags/example_task_group_decorator.py took 0.121 seconds
