[2024-11-12T00:06:42.300+0000] {processor.py:161} INFO - Started process (PID=126) to work on /home/airflow/.local/lib/python3.12/site-packages/airflow/example_dags/example_task_group.py
[2024-11-12T00:06:42.301+0000] {processor.py:830} INFO - Processing file /home/airflow/.local/lib/python3.12/site-packages/airflow/example_dags/example_task_group.py for tasks to queue
[2024-11-12T00:06:42.303+0000] {logging_mixin.py:188} INFO - [2024-11-12T00:06:42.303+0000] {dagbag.py:545} INFO - Filling up the DagBag from /home/airflow/.local/lib/python3.12/site-packages/airflow/example_dags/example_task_group.py
[2024-11-12T00:06:42.317+0000] {processor.py:840} INFO - DAG(s) 'example_task_group' retrieved from /home/airflow/.local/lib/python3.12/site-packages/airflow/example_dags/example_task_group.py
[2024-11-12T00:06:42.430+0000] {logging_mixin.py:188} INFO - [2024-11-12T00:06:42.430+0000] {dag.py:3096} INFO - Sync 1 DAGs
[2024-11-12T00:06:42.450+0000] {logging_mixin.py:188} INFO - [2024-11-12T00:06:42.450+0000] {dag.py:3954} INFO - Setting next_dagrun for example_task_group to 2024-11-11 00:00:00+00:00, run_after=2024-11-12 00:00:00+00:00
[2024-11-12T00:06:42.470+0000] {processor.py:183} INFO - Processing /home/airflow/.local/lib/python3.12/site-packages/airflow/example_dags/example_task_group.py took 0.175 seconds
[2024-11-12T00:07:15.817+0000] {processor.py:161} INFO - Started process (PID=185) to work on /home/airflow/.local/lib/python3.12/site-packages/airflow/example_dags/example_task_group.py
[2024-11-12T00:07:15.818+0000] {processor.py:830} INFO - Processing file /home/airflow/.local/lib/python3.12/site-packages/airflow/example_dags/example_task_group.py for tasks to queue
[2024-11-12T00:07:15.820+0000] {logging_mixin.py:188} INFO - [2024-11-12T00:07:15.820+0000] {dagbag.py:545} INFO - Filling up the DagBag from /home/airflow/.local/lib/python3.12/site-packages/airflow/example_dags/example_task_group.py
[2024-11-12T00:07:15.829+0000] {processor.py:840} INFO - DAG(s) 'example_task_group' retrieved from /home/airflow/.local/lib/python3.12/site-packages/airflow/example_dags/example_task_group.py
[2024-11-12T00:07:15.850+0000] {logging_mixin.py:188} INFO - [2024-11-12T00:07:15.849+0000] {dag.py:3096} INFO - Sync 1 DAGs
[2024-11-12T00:07:15.870+0000] {logging_mixin.py:188} INFO - [2024-11-12T00:07:15.870+0000] {dag.py:3954} INFO - Setting next_dagrun for example_task_group to 2024-11-11 00:00:00+00:00, run_after=2024-11-12 00:00:00+00:00
[2024-11-12T00:07:15.888+0000] {processor.py:183} INFO - Processing /home/airflow/.local/lib/python3.12/site-packages/airflow/example_dags/example_task_group.py took 0.078 seconds
[2024-11-12T00:07:46.077+0000] {processor.py:161} INFO - Started process (PID=244) to work on /home/airflow/.local/lib/python3.12/site-packages/airflow/example_dags/example_task_group.py
[2024-11-12T00:07:46.078+0000] {processor.py:830} INFO - Processing file /home/airflow/.local/lib/python3.12/site-packages/airflow/example_dags/example_task_group.py for tasks to queue
[2024-11-12T00:07:46.080+0000] {logging_mixin.py:188} INFO - [2024-11-12T00:07:46.080+0000] {dagbag.py:545} INFO - Filling up the DagBag from /home/airflow/.local/lib/python3.12/site-packages/airflow/example_dags/example_task_group.py
[2024-11-12T00:07:46.087+0000] {processor.py:840} INFO - DAG(s) 'example_task_group' retrieved from /home/airflow/.local/lib/python3.12/site-packages/airflow/example_dags/example_task_group.py
[2024-11-12T00:07:46.109+0000] {logging_mixin.py:188} INFO - [2024-11-12T00:07:46.109+0000] {dag.py:3096} INFO - Sync 1 DAGs
[2024-11-12T00:07:46.130+0000] {logging_mixin.py:188} INFO - [2024-11-12T00:07:46.130+0000] {dag.py:3954} INFO - Setting next_dagrun for example_task_group to 2024-11-11 00:00:00+00:00, run_after=2024-11-12 00:00:00+00:00
[2024-11-12T00:07:46.147+0000] {processor.py:183} INFO - Processing /home/airflow/.local/lib/python3.12/site-packages/airflow/example_dags/example_task_group.py took 0.076 seconds
[2024-11-12T00:08:16.341+0000] {processor.py:161} INFO - Started process (PID=303) to work on /home/airflow/.local/lib/python3.12/site-packages/airflow/example_dags/example_task_group.py
[2024-11-12T00:08:16.342+0000] {processor.py:830} INFO - Processing file /home/airflow/.local/lib/python3.12/site-packages/airflow/example_dags/example_task_group.py for tasks to queue
[2024-11-12T00:08:16.344+0000] {logging_mixin.py:188} INFO - [2024-11-12T00:08:16.344+0000] {dagbag.py:545} INFO - Filling up the DagBag from /home/airflow/.local/lib/python3.12/site-packages/airflow/example_dags/example_task_group.py
[2024-11-12T00:08:16.351+0000] {processor.py:840} INFO - DAG(s) 'example_task_group' retrieved from /home/airflow/.local/lib/python3.12/site-packages/airflow/example_dags/example_task_group.py
[2024-11-12T00:08:16.374+0000] {logging_mixin.py:188} INFO - [2024-11-12T00:08:16.373+0000] {dag.py:3096} INFO - Sync 1 DAGs
[2024-11-12T00:08:16.394+0000] {logging_mixin.py:188} INFO - [2024-11-12T00:08:16.394+0000] {dag.py:3954} INFO - Setting next_dagrun for example_task_group to 2024-11-11 00:00:00+00:00, run_after=2024-11-12 00:00:00+00:00
[2024-11-12T00:08:16.411+0000] {processor.py:183} INFO - Processing /home/airflow/.local/lib/python3.12/site-packages/airflow/example_dags/example_task_group.py took 0.078 seconds
[2024-11-12T00:08:46.775+0000] {processor.py:161} INFO - Started process (PID=362) to work on /home/airflow/.local/lib/python3.12/site-packages/airflow/example_dags/example_task_group.py
[2024-11-12T00:08:46.776+0000] {processor.py:830} INFO - Processing file /home/airflow/.local/lib/python3.12/site-packages/airflow/example_dags/example_task_group.py for tasks to queue
[2024-11-12T00:08:46.779+0000] {logging_mixin.py:188} INFO - [2024-11-12T00:08:46.778+0000] {dagbag.py:545} INFO - Filling up the DagBag from /home/airflow/.local/lib/python3.12/site-packages/airflow/example_dags/example_task_group.py
[2024-11-12T00:08:46.789+0000] {processor.py:840} INFO - DAG(s) 'example_task_group' retrieved from /home/airflow/.local/lib/python3.12/site-packages/airflow/example_dags/example_task_group.py
[2024-11-12T00:08:46.811+0000] {logging_mixin.py:188} INFO - [2024-11-12T00:08:46.811+0000] {dag.py:3096} INFO - Sync 1 DAGs
[2024-11-12T00:08:46.832+0000] {logging_mixin.py:188} INFO - [2024-11-12T00:08:46.831+0000] {dag.py:3954} INFO - Setting next_dagrun for example_task_group to 2024-11-11 00:00:00+00:00, run_after=2024-11-12 00:00:00+00:00
[2024-11-12T00:08:46.850+0000] {processor.py:183} INFO - Processing /home/airflow/.local/lib/python3.12/site-packages/airflow/example_dags/example_task_group.py took 0.083 seconds
[2024-11-12T00:09:16.980+0000] {processor.py:161} INFO - Started process (PID=421) to work on /home/airflow/.local/lib/python3.12/site-packages/airflow/example_dags/example_task_group.py
[2024-11-12T00:09:16.981+0000] {processor.py:830} INFO - Processing file /home/airflow/.local/lib/python3.12/site-packages/airflow/example_dags/example_task_group.py for tasks to queue
[2024-11-12T00:09:16.983+0000] {logging_mixin.py:188} INFO - [2024-11-12T00:09:16.983+0000] {dagbag.py:545} INFO - Filling up the DagBag from /home/airflow/.local/lib/python3.12/site-packages/airflow/example_dags/example_task_group.py
[2024-11-12T00:09:16.991+0000] {processor.py:840} INFO - DAG(s) 'example_task_group' retrieved from /home/airflow/.local/lib/python3.12/site-packages/airflow/example_dags/example_task_group.py
[2024-11-12T00:09:17.013+0000] {logging_mixin.py:188} INFO - [2024-11-12T00:09:17.013+0000] {dag.py:3096} INFO - Sync 1 DAGs
[2024-11-12T00:09:17.034+0000] {logging_mixin.py:188} INFO - [2024-11-12T00:09:17.034+0000] {dag.py:3954} INFO - Setting next_dagrun for example_task_group to 2024-11-11 00:00:00+00:00, run_after=2024-11-12 00:00:00+00:00
[2024-11-12T00:09:17.053+0000] {processor.py:183} INFO - Processing /home/airflow/.local/lib/python3.12/site-packages/airflow/example_dags/example_task_group.py took 0.081 seconds
[2024-11-12T00:09:47.243+0000] {processor.py:161} INFO - Started process (PID=479) to work on /home/airflow/.local/lib/python3.12/site-packages/airflow/example_dags/example_task_group.py
[2024-11-12T00:09:47.244+0000] {processor.py:830} INFO - Processing file /home/airflow/.local/lib/python3.12/site-packages/airflow/example_dags/example_task_group.py for tasks to queue
[2024-11-12T00:09:47.246+0000] {logging_mixin.py:188} INFO - [2024-11-12T00:09:47.246+0000] {dagbag.py:545} INFO - Filling up the DagBag from /home/airflow/.local/lib/python3.12/site-packages/airflow/example_dags/example_task_group.py
[2024-11-12T00:09:47.254+0000] {processor.py:840} INFO - DAG(s) 'example_task_group' retrieved from /home/airflow/.local/lib/python3.12/site-packages/airflow/example_dags/example_task_group.py
[2024-11-12T00:09:47.277+0000] {logging_mixin.py:188} INFO - [2024-11-12T00:09:47.277+0000] {dag.py:3096} INFO - Sync 1 DAGs
[2024-11-12T00:09:47.298+0000] {logging_mixin.py:188} INFO - [2024-11-12T00:09:47.298+0000] {dag.py:3954} INFO - Setting next_dagrun for example_task_group to 2024-11-11 00:00:00+00:00, run_after=2024-11-12 00:00:00+00:00
[2024-11-12T00:09:47.316+0000] {processor.py:183} INFO - Processing /home/airflow/.local/lib/python3.12/site-packages/airflow/example_dags/example_task_group.py took 0.079 seconds
[2024-11-12T00:10:17.495+0000] {processor.py:161} INFO - Started process (PID=538) to work on /home/airflow/.local/lib/python3.12/site-packages/airflow/example_dags/example_task_group.py
[2024-11-12T00:10:17.497+0000] {processor.py:830} INFO - Processing file /home/airflow/.local/lib/python3.12/site-packages/airflow/example_dags/example_task_group.py for tasks to queue
[2024-11-12T00:10:17.502+0000] {logging_mixin.py:188} INFO - [2024-11-12T00:10:17.501+0000] {dagbag.py:545} INFO - Filling up the DagBag from /home/airflow/.local/lib/python3.12/site-packages/airflow/example_dags/example_task_group.py
[2024-11-12T00:10:17.513+0000] {processor.py:840} INFO - DAG(s) 'example_task_group' retrieved from /home/airflow/.local/lib/python3.12/site-packages/airflow/example_dags/example_task_group.py
[2024-11-12T00:10:17.536+0000] {logging_mixin.py:188} INFO - [2024-11-12T00:10:17.536+0000] {dag.py:3096} INFO - Sync 1 DAGs
[2024-11-12T00:10:17.558+0000] {logging_mixin.py:188} INFO - [2024-11-12T00:10:17.558+0000] {dag.py:3954} INFO - Setting next_dagrun for example_task_group to 2024-11-11 00:00:00+00:00, run_after=2024-11-12 00:00:00+00:00
[2024-11-12T00:10:17.576+0000] {processor.py:183} INFO - Processing /home/airflow/.local/lib/python3.12/site-packages/airflow/example_dags/example_task_group.py took 0.092 seconds
[2024-11-12T00:10:48.141+0000] {processor.py:161} INFO - Started process (PID=596) to work on /home/airflow/.local/lib/python3.12/site-packages/airflow/example_dags/example_task_group.py
[2024-11-12T00:10:48.142+0000] {processor.py:830} INFO - Processing file /home/airflow/.local/lib/python3.12/site-packages/airflow/example_dags/example_task_group.py for tasks to queue
[2024-11-12T00:10:48.144+0000] {logging_mixin.py:188} INFO - [2024-11-12T00:10:48.144+0000] {dagbag.py:545} INFO - Filling up the DagBag from /home/airflow/.local/lib/python3.12/site-packages/airflow/example_dags/example_task_group.py
[2024-11-12T00:10:48.152+0000] {processor.py:840} INFO - DAG(s) 'example_task_group' retrieved from /home/airflow/.local/lib/python3.12/site-packages/airflow/example_dags/example_task_group.py
[2024-11-12T00:10:48.262+0000] {logging_mixin.py:188} INFO - [2024-11-12T00:10:48.262+0000] {dag.py:3096} INFO - Sync 1 DAGs
[2024-11-12T00:10:48.282+0000] {logging_mixin.py:188} INFO - [2024-11-12T00:10:48.282+0000] {dag.py:3954} INFO - Setting next_dagrun for example_task_group to 2024-11-11 00:00:00+00:00, run_after=2024-11-12 00:00:00+00:00
[2024-11-12T00:10:48.303+0000] {processor.py:183} INFO - Processing /home/airflow/.local/lib/python3.12/site-packages/airflow/example_dags/example_task_group.py took 0.170 seconds
[2024-11-12T00:11:18.697+0000] {processor.py:161} INFO - Started process (PID=656) to work on /home/airflow/.local/lib/python3.12/site-packages/airflow/example_dags/example_task_group.py
[2024-11-12T00:11:18.698+0000] {processor.py:830} INFO - Processing file /home/airflow/.local/lib/python3.12/site-packages/airflow/example_dags/example_task_group.py for tasks to queue
[2024-11-12T00:11:18.701+0000] {logging_mixin.py:188} INFO - [2024-11-12T00:11:18.701+0000] {dagbag.py:545} INFO - Filling up the DagBag from /home/airflow/.local/lib/python3.12/site-packages/airflow/example_dags/example_task_group.py
[2024-11-12T00:11:18.708+0000] {processor.py:840} INFO - DAG(s) 'example_task_group' retrieved from /home/airflow/.local/lib/python3.12/site-packages/airflow/example_dags/example_task_group.py
[2024-11-12T00:11:18.730+0000] {logging_mixin.py:188} INFO - [2024-11-12T00:11:18.730+0000] {dag.py:3096} INFO - Sync 1 DAGs
[2024-11-12T00:11:18.751+0000] {logging_mixin.py:188} INFO - [2024-11-12T00:11:18.751+0000] {dag.py:3954} INFO - Setting next_dagrun for example_task_group to 2024-11-11 00:00:00+00:00, run_after=2024-11-12 00:00:00+00:00
[2024-11-12T00:11:18.770+0000] {processor.py:183} INFO - Processing /home/airflow/.local/lib/python3.12/site-packages/airflow/example_dags/example_task_group.py took 0.079 seconds
[2024-11-12T00:11:49.134+0000] {processor.py:161} INFO - Started process (PID=715) to work on /home/airflow/.local/lib/python3.12/site-packages/airflow/example_dags/example_task_group.py
[2024-11-12T00:11:49.157+0000] {processor.py:830} INFO - Processing file /home/airflow/.local/lib/python3.12/site-packages/airflow/example_dags/example_task_group.py for tasks to queue
[2024-11-12T00:11:49.160+0000] {logging_mixin.py:188} INFO - [2024-11-12T00:11:49.160+0000] {dagbag.py:545} INFO - Filling up the DagBag from /home/airflow/.local/lib/python3.12/site-packages/airflow/example_dags/example_task_group.py
[2024-11-12T00:11:49.168+0000] {processor.py:840} INFO - DAG(s) 'example_task_group' retrieved from /home/airflow/.local/lib/python3.12/site-packages/airflow/example_dags/example_task_group.py
[2024-11-12T00:11:49.304+0000] {logging_mixin.py:188} INFO - [2024-11-12T00:11:49.304+0000] {dag.py:3096} INFO - Sync 1 DAGs
[2024-11-12T00:11:49.327+0000] {logging_mixin.py:188} INFO - [2024-11-12T00:11:49.327+0000] {dag.py:3954} INFO - Setting next_dagrun for example_task_group to 2024-11-11 00:00:00+00:00, run_after=2024-11-12 00:00:00+00:00
[2024-11-12T00:11:49.348+0000] {processor.py:183} INFO - Processing /home/airflow/.local/lib/python3.12/site-packages/airflow/example_dags/example_task_group.py took 0.227 seconds
[2024-11-12T00:12:20.239+0000] {processor.py:161} INFO - Started process (PID=775) to work on /home/airflow/.local/lib/python3.12/site-packages/airflow/example_dags/example_task_group.py
[2024-11-12T00:12:20.433+0000] {processor.py:830} INFO - Processing file /home/airflow/.local/lib/python3.12/site-packages/airflow/example_dags/example_task_group.py for tasks to queue
[2024-11-12T00:12:20.436+0000] {logging_mixin.py:188} INFO - [2024-11-12T00:12:20.436+0000] {dagbag.py:545} INFO - Filling up the DagBag from /home/airflow/.local/lib/python3.12/site-packages/airflow/example_dags/example_task_group.py
[2024-11-12T00:12:20.444+0000] {processor.py:840} INFO - DAG(s) 'example_task_group' retrieved from /home/airflow/.local/lib/python3.12/site-packages/airflow/example_dags/example_task_group.py
[2024-11-12T00:12:20.466+0000] {logging_mixin.py:188} INFO - [2024-11-12T00:12:20.465+0000] {dag.py:3096} INFO - Sync 1 DAGs
[2024-11-12T00:12:20.487+0000] {logging_mixin.py:188} INFO - [2024-11-12T00:12:20.487+0000] {dag.py:3954} INFO - Setting next_dagrun for example_task_group to 2024-11-11 00:00:00+00:00, run_after=2024-11-12 00:00:00+00:00
[2024-11-12T00:12:20.510+0000] {processor.py:183} INFO - Processing /home/airflow/.local/lib/python3.12/site-packages/airflow/example_dags/example_task_group.py took 0.277 seconds
[2024-11-12T00:12:50.835+0000] {processor.py:161} INFO - Started process (PID=834) to work on /home/airflow/.local/lib/python3.12/site-packages/airflow/example_dags/example_task_group.py
[2024-11-12T00:12:50.836+0000] {processor.py:830} INFO - Processing file /home/airflow/.local/lib/python3.12/site-packages/airflow/example_dags/example_task_group.py for tasks to queue
[2024-11-12T00:12:50.838+0000] {logging_mixin.py:188} INFO - [2024-11-12T00:12:50.838+0000] {dagbag.py:545} INFO - Filling up the DagBag from /home/airflow/.local/lib/python3.12/site-packages/airflow/example_dags/example_task_group.py
[2024-11-12T00:12:50.845+0000] {processor.py:840} INFO - DAG(s) 'example_task_group' retrieved from /home/airflow/.local/lib/python3.12/site-packages/airflow/example_dags/example_task_group.py
[2024-11-12T00:12:50.867+0000] {logging_mixin.py:188} INFO - [2024-11-12T00:12:50.867+0000] {dag.py:3096} INFO - Sync 1 DAGs
[2024-11-12T00:12:50.887+0000] {logging_mixin.py:188} INFO - [2024-11-12T00:12:50.887+0000] {dag.py:3954} INFO - Setting next_dagrun for example_task_group to 2024-11-11 00:00:00+00:00, run_after=2024-11-12 00:00:00+00:00
[2024-11-12T00:12:50.911+0000] {processor.py:183} INFO - Processing /home/airflow/.local/lib/python3.12/site-packages/airflow/example_dags/example_task_group.py took 0.082 seconds
[2024-11-12T00:13:21.111+0000] {processor.py:161} INFO - Started process (PID=893) to work on /home/airflow/.local/lib/python3.12/site-packages/airflow/example_dags/example_task_group.py
[2024-11-12T00:13:21.113+0000] {processor.py:830} INFO - Processing file /home/airflow/.local/lib/python3.12/site-packages/airflow/example_dags/example_task_group.py for tasks to queue
[2024-11-12T00:13:21.115+0000] {logging_mixin.py:188} INFO - [2024-11-12T00:13:21.114+0000] {dagbag.py:545} INFO - Filling up the DagBag from /home/airflow/.local/lib/python3.12/site-packages/airflow/example_dags/example_task_group.py
[2024-11-12T00:13:21.122+0000] {processor.py:840} INFO - DAG(s) 'example_task_group' retrieved from /home/airflow/.local/lib/python3.12/site-packages/airflow/example_dags/example_task_group.py
[2024-11-12T00:13:21.144+0000] {logging_mixin.py:188} INFO - [2024-11-12T00:13:21.143+0000] {dag.py:3096} INFO - Sync 1 DAGs
[2024-11-12T00:13:21.165+0000] {logging_mixin.py:188} INFO - [2024-11-12T00:13:21.165+0000] {dag.py:3954} INFO - Setting next_dagrun for example_task_group to 2024-11-11 00:00:00+00:00, run_after=2024-11-12 00:00:00+00:00
[2024-11-12T00:13:21.183+0000] {processor.py:183} INFO - Processing /home/airflow/.local/lib/python3.12/site-packages/airflow/example_dags/example_task_group.py took 0.077 seconds
[2024-11-12T00:13:51.799+0000] {processor.py:161} INFO - Started process (PID=958) to work on /home/airflow/.local/lib/python3.12/site-packages/airflow/example_dags/example_task_group.py
[2024-11-12T00:13:51.800+0000] {processor.py:830} INFO - Processing file /home/airflow/.local/lib/python3.12/site-packages/airflow/example_dags/example_task_group.py for tasks to queue
[2024-11-12T00:13:51.802+0000] {logging_mixin.py:188} INFO - [2024-11-12T00:13:51.802+0000] {dagbag.py:545} INFO - Filling up the DagBag from /home/airflow/.local/lib/python3.12/site-packages/airflow/example_dags/example_task_group.py
[2024-11-12T00:13:51.810+0000] {processor.py:840} INFO - DAG(s) 'example_task_group' retrieved from /home/airflow/.local/lib/python3.12/site-packages/airflow/example_dags/example_task_group.py
[2024-11-12T00:13:51.832+0000] {logging_mixin.py:188} INFO - [2024-11-12T00:13:51.831+0000] {dag.py:3096} INFO - Sync 1 DAGs
[2024-11-12T00:13:51.862+0000] {logging_mixin.py:188} INFO - [2024-11-12T00:13:51.862+0000] {dag.py:3954} INFO - Setting next_dagrun for example_task_group to 2024-11-11 00:00:00+00:00, run_after=2024-11-12 00:00:00+00:00
[2024-11-12T00:13:51.886+0000] {processor.py:183} INFO - Processing /home/airflow/.local/lib/python3.12/site-packages/airflow/example_dags/example_task_group.py took 0.093 seconds
[2024-11-12T00:14:22.001+0000] {processor.py:161} INFO - Started process (PID=1017) to work on /home/airflow/.local/lib/python3.12/site-packages/airflow/example_dags/example_task_group.py
[2024-11-12T00:14:22.002+0000] {processor.py:830} INFO - Processing file /home/airflow/.local/lib/python3.12/site-packages/airflow/example_dags/example_task_group.py for tasks to queue
[2024-11-12T00:14:22.004+0000] {logging_mixin.py:188} INFO - [2024-11-12T00:14:22.004+0000] {dagbag.py:545} INFO - Filling up the DagBag from /home/airflow/.local/lib/python3.12/site-packages/airflow/example_dags/example_task_group.py
[2024-11-12T00:14:22.011+0000] {processor.py:840} INFO - DAG(s) 'example_task_group' retrieved from /home/airflow/.local/lib/python3.12/site-packages/airflow/example_dags/example_task_group.py
[2024-11-12T00:14:22.033+0000] {logging_mixin.py:188} INFO - [2024-11-12T00:14:22.033+0000] {dag.py:3096} INFO - Sync 1 DAGs
[2024-11-12T00:14:22.054+0000] {logging_mixin.py:188} INFO - [2024-11-12T00:14:22.054+0000] {dag.py:3954} INFO - Setting next_dagrun for example_task_group to 2024-11-11 00:00:00+00:00, run_after=2024-11-12 00:00:00+00:00
[2024-11-12T00:14:22.072+0000] {processor.py:183} INFO - Processing /home/airflow/.local/lib/python3.12/site-packages/airflow/example_dags/example_task_group.py took 0.077 seconds
[2024-11-12T00:14:52.204+0000] {processor.py:161} INFO - Started process (PID=1075) to work on /home/airflow/.local/lib/python3.12/site-packages/airflow/example_dags/example_task_group.py
[2024-11-12T00:14:52.204+0000] {processor.py:830} INFO - Processing file /home/airflow/.local/lib/python3.12/site-packages/airflow/example_dags/example_task_group.py for tasks to queue
[2024-11-12T00:14:52.207+0000] {logging_mixin.py:188} INFO - [2024-11-12T00:14:52.206+0000] {dagbag.py:545} INFO - Filling up the DagBag from /home/airflow/.local/lib/python3.12/site-packages/airflow/example_dags/example_task_group.py
[2024-11-12T00:14:52.214+0000] {processor.py:840} INFO - DAG(s) 'example_task_group' retrieved from /home/airflow/.local/lib/python3.12/site-packages/airflow/example_dags/example_task_group.py
[2024-11-12T00:14:52.236+0000] {logging_mixin.py:188} INFO - [2024-11-12T00:14:52.236+0000] {dag.py:3096} INFO - Sync 1 DAGs
[2024-11-12T00:14:52.257+0000] {logging_mixin.py:188} INFO - [2024-11-12T00:14:52.256+0000] {dag.py:3954} INFO - Setting next_dagrun for example_task_group to 2024-11-11 00:00:00+00:00, run_after=2024-11-12 00:00:00+00:00
[2024-11-12T00:14:52.274+0000] {processor.py:183} INFO - Processing /home/airflow/.local/lib/python3.12/site-packages/airflow/example_dags/example_task_group.py took 0.077 seconds
[2024-11-12T00:15:22.744+0000] {processor.py:161} INFO - Started process (PID=1135) to work on /home/airflow/.local/lib/python3.12/site-packages/airflow/example_dags/example_task_group.py
[2024-11-12T00:15:22.745+0000] {processor.py:830} INFO - Processing file /home/airflow/.local/lib/python3.12/site-packages/airflow/example_dags/example_task_group.py for tasks to queue
[2024-11-12T00:15:22.747+0000] {logging_mixin.py:188} INFO - [2024-11-12T00:15:22.747+0000] {dagbag.py:545} INFO - Filling up the DagBag from /home/airflow/.local/lib/python3.12/site-packages/airflow/example_dags/example_task_group.py
[2024-11-12T00:15:22.756+0000] {processor.py:840} INFO - DAG(s) 'example_task_group' retrieved from /home/airflow/.local/lib/python3.12/site-packages/airflow/example_dags/example_task_group.py
[2024-11-12T00:15:22.782+0000] {logging_mixin.py:188} INFO - [2024-11-12T00:15:22.782+0000] {dag.py:3096} INFO - Sync 1 DAGs
[2024-11-12T00:15:22.804+0000] {logging_mixin.py:188} INFO - [2024-11-12T00:15:22.803+0000] {dag.py:3954} INFO - Setting next_dagrun for example_task_group to 2024-11-11 00:00:00+00:00, run_after=2024-11-12 00:00:00+00:00
[2024-11-12T00:15:22.821+0000] {processor.py:183} INFO - Processing /home/airflow/.local/lib/python3.12/site-packages/airflow/example_dags/example_task_group.py took 0.083 seconds
[2024-11-12T00:15:52.932+0000] {processor.py:161} INFO - Started process (PID=1193) to work on /home/airflow/.local/lib/python3.12/site-packages/airflow/example_dags/example_task_group.py
[2024-11-12T00:15:52.933+0000] {processor.py:830} INFO - Processing file /home/airflow/.local/lib/python3.12/site-packages/airflow/example_dags/example_task_group.py for tasks to queue
[2024-11-12T00:15:52.935+0000] {logging_mixin.py:188} INFO - [2024-11-12T00:15:52.935+0000] {dagbag.py:545} INFO - Filling up the DagBag from /home/airflow/.local/lib/python3.12/site-packages/airflow/example_dags/example_task_group.py
[2024-11-12T00:15:52.943+0000] {processor.py:840} INFO - DAG(s) 'example_task_group' retrieved from /home/airflow/.local/lib/python3.12/site-packages/airflow/example_dags/example_task_group.py
[2024-11-12T00:15:52.963+0000] {logging_mixin.py:188} INFO - [2024-11-12T00:15:52.963+0000] {dag.py:3096} INFO - Sync 1 DAGs
[2024-11-12T00:15:52.984+0000] {logging_mixin.py:188} INFO - [2024-11-12T00:15:52.984+0000] {dag.py:3954} INFO - Setting next_dagrun for example_task_group to 2024-11-11 00:00:00+00:00, run_after=2024-11-12 00:00:00+00:00
[2024-11-12T00:15:53.003+0000] {processor.py:183} INFO - Processing /home/airflow/.local/lib/python3.12/site-packages/airflow/example_dags/example_task_group.py took 0.076 seconds
[2024-11-12T00:16:23.219+0000] {processor.py:161} INFO - Started process (PID=1252) to work on /home/airflow/.local/lib/python3.12/site-packages/airflow/example_dags/example_task_group.py
[2024-11-12T00:16:23.220+0000] {processor.py:830} INFO - Processing file /home/airflow/.local/lib/python3.12/site-packages/airflow/example_dags/example_task_group.py for tasks to queue
[2024-11-12T00:16:23.224+0000] {logging_mixin.py:188} INFO - [2024-11-12T00:16:23.223+0000] {dagbag.py:545} INFO - Filling up the DagBag from /home/airflow/.local/lib/python3.12/site-packages/airflow/example_dags/example_task_group.py
[2024-11-12T00:16:23.232+0000] {processor.py:840} INFO - DAG(s) 'example_task_group' retrieved from /home/airflow/.local/lib/python3.12/site-packages/airflow/example_dags/example_task_group.py
[2024-11-12T00:16:23.255+0000] {logging_mixin.py:188} INFO - [2024-11-12T00:16:23.255+0000] {dag.py:3096} INFO - Sync 1 DAGs
[2024-11-12T00:16:23.276+0000] {logging_mixin.py:188} INFO - [2024-11-12T00:16:23.275+0000] {dag.py:3954} INFO - Setting next_dagrun for example_task_group to 2024-11-11 00:00:00+00:00, run_after=2024-11-12 00:00:00+00:00
[2024-11-12T00:16:23.293+0000] {processor.py:183} INFO - Processing /home/airflow/.local/lib/python3.12/site-packages/airflow/example_dags/example_task_group.py took 0.081 seconds
[2024-11-12T00:16:54.169+0000] {processor.py:161} INFO - Started process (PID=1312) to work on /home/airflow/.local/lib/python3.12/site-packages/airflow/example_dags/example_task_group.py
[2024-11-12T00:16:54.170+0000] {processor.py:830} INFO - Processing file /home/airflow/.local/lib/python3.12/site-packages/airflow/example_dags/example_task_group.py for tasks to queue
[2024-11-12T00:16:54.173+0000] {logging_mixin.py:188} INFO - [2024-11-12T00:16:54.172+0000] {dagbag.py:545} INFO - Filling up the DagBag from /home/airflow/.local/lib/python3.12/site-packages/airflow/example_dags/example_task_group.py
[2024-11-12T00:16:54.180+0000] {processor.py:840} INFO - DAG(s) 'example_task_group' retrieved from /home/airflow/.local/lib/python3.12/site-packages/airflow/example_dags/example_task_group.py
[2024-11-12T00:16:54.293+0000] {logging_mixin.py:188} INFO - [2024-11-12T00:16:54.293+0000] {dag.py:3096} INFO - Sync 1 DAGs
[2024-11-12T00:16:54.312+0000] {logging_mixin.py:188} INFO - [2024-11-12T00:16:54.312+0000] {dag.py:3954} INFO - Setting next_dagrun for example_task_group to 2024-11-11 00:00:00+00:00, run_after=2024-11-12 00:00:00+00:00
[2024-11-12T00:16:54.331+0000] {processor.py:183} INFO - Processing /home/airflow/.local/lib/python3.12/site-packages/airflow/example_dags/example_task_group.py took 0.168 seconds
[2024-11-12T00:17:24.440+0000] {processor.py:161} INFO - Started process (PID=1371) to work on /home/airflow/.local/lib/python3.12/site-packages/airflow/example_dags/example_task_group.py
[2024-11-12T00:17:24.441+0000] {processor.py:830} INFO - Processing file /home/airflow/.local/lib/python3.12/site-packages/airflow/example_dags/example_task_group.py for tasks to queue
[2024-11-12T00:17:24.443+0000] {logging_mixin.py:188} INFO - [2024-11-12T00:17:24.443+0000] {dagbag.py:545} INFO - Filling up the DagBag from /home/airflow/.local/lib/python3.12/site-packages/airflow/example_dags/example_task_group.py
[2024-11-12T00:17:24.451+0000] {processor.py:840} INFO - DAG(s) 'example_task_group' retrieved from /home/airflow/.local/lib/python3.12/site-packages/airflow/example_dags/example_task_group.py
[2024-11-12T00:17:24.474+0000] {logging_mixin.py:188} INFO - [2024-11-12T00:17:24.474+0000] {dag.py:3096} INFO - Sync 1 DAGs
[2024-11-12T00:17:24.497+0000] {logging_mixin.py:188} INFO - [2024-11-12T00:17:24.497+0000] {dag.py:3954} INFO - Setting next_dagrun for example_task_group to 2024-11-11 00:00:00+00:00, run_after=2024-11-12 00:00:00+00:00
[2024-11-12T00:17:24.523+0000] {processor.py:183} INFO - Processing /home/airflow/.local/lib/python3.12/site-packages/airflow/example_dags/example_task_group.py took 0.089 seconds
[2024-11-12T00:17:54.622+0000] {processor.py:161} INFO - Started process (PID=1429) to work on /home/airflow/.local/lib/python3.12/site-packages/airflow/example_dags/example_task_group.py
[2024-11-12T00:17:54.624+0000] {processor.py:830} INFO - Processing file /home/airflow/.local/lib/python3.12/site-packages/airflow/example_dags/example_task_group.py for tasks to queue
[2024-11-12T00:17:54.626+0000] {logging_mixin.py:188} INFO - [2024-11-12T00:17:54.625+0000] {dagbag.py:545} INFO - Filling up the DagBag from /home/airflow/.local/lib/python3.12/site-packages/airflow/example_dags/example_task_group.py
[2024-11-12T00:17:54.633+0000] {processor.py:840} INFO - DAG(s) 'example_task_group' retrieved from /home/airflow/.local/lib/python3.12/site-packages/airflow/example_dags/example_task_group.py
[2024-11-12T00:17:54.655+0000] {logging_mixin.py:188} INFO - [2024-11-12T00:17:54.654+0000] {dag.py:3096} INFO - Sync 1 DAGs
[2024-11-12T00:17:54.675+0000] {logging_mixin.py:188} INFO - [2024-11-12T00:17:54.675+0000] {dag.py:3954} INFO - Setting next_dagrun for example_task_group to 2024-11-11 00:00:00+00:00, run_after=2024-11-12 00:00:00+00:00
[2024-11-12T00:17:54.693+0000] {processor.py:183} INFO - Processing /home/airflow/.local/lib/python3.12/site-packages/airflow/example_dags/example_task_group.py took 0.077 seconds
[2024-11-12T00:18:24.877+0000] {processor.py:161} INFO - Started process (PID=1488) to work on /home/airflow/.local/lib/python3.12/site-packages/airflow/example_dags/example_task_group.py
[2024-11-12T00:18:24.878+0000] {processor.py:830} INFO - Processing file /home/airflow/.local/lib/python3.12/site-packages/airflow/example_dags/example_task_group.py for tasks to queue
[2024-11-12T00:18:24.881+0000] {logging_mixin.py:188} INFO - [2024-11-12T00:18:24.880+0000] {dagbag.py:545} INFO - Filling up the DagBag from /home/airflow/.local/lib/python3.12/site-packages/airflow/example_dags/example_task_group.py
[2024-11-12T00:18:24.889+0000] {processor.py:840} INFO - DAG(s) 'example_task_group' retrieved from /home/airflow/.local/lib/python3.12/site-packages/airflow/example_dags/example_task_group.py
[2024-11-12T00:18:24.912+0000] {logging_mixin.py:188} INFO - [2024-11-12T00:18:24.912+0000] {dag.py:3096} INFO - Sync 1 DAGs
[2024-11-12T00:18:24.934+0000] {logging_mixin.py:188} INFO - [2024-11-12T00:18:24.934+0000] {dag.py:3954} INFO - Setting next_dagrun for example_task_group to 2024-11-11 00:00:00+00:00, run_after=2024-11-12 00:00:00+00:00
[2024-11-12T00:18:24.952+0000] {processor.py:183} INFO - Processing /home/airflow/.local/lib/python3.12/site-packages/airflow/example_dags/example_task_group.py took 0.083 seconds
[2024-11-12T00:18:55.659+0000] {processor.py:161} INFO - Started process (PID=1548) to work on /home/airflow/.local/lib/python3.12/site-packages/airflow/example_dags/example_task_group.py
[2024-11-12T00:18:55.661+0000] {processor.py:830} INFO - Processing file /home/airflow/.local/lib/python3.12/site-packages/airflow/example_dags/example_task_group.py for tasks to queue
[2024-11-12T00:18:55.663+0000] {logging_mixin.py:188} INFO - [2024-11-12T00:18:55.662+0000] {dagbag.py:545} INFO - Filling up the DagBag from /home/airflow/.local/lib/python3.12/site-packages/airflow/example_dags/example_task_group.py
[2024-11-12T00:18:55.670+0000] {processor.py:840} INFO - DAG(s) 'example_task_group' retrieved from /home/airflow/.local/lib/python3.12/site-packages/airflow/example_dags/example_task_group.py
[2024-11-12T00:18:55.690+0000] {logging_mixin.py:188} INFO - [2024-11-12T00:18:55.690+0000] {dag.py:3096} INFO - Sync 1 DAGs
[2024-11-12T00:18:55.712+0000] {logging_mixin.py:188} INFO - [2024-11-12T00:18:55.712+0000] {dag.py:3954} INFO - Setting next_dagrun for example_task_group to 2024-11-11 00:00:00+00:00, run_after=2024-11-12 00:00:00+00:00
[2024-11-12T00:18:55.728+0000] {processor.py:183} INFO - Processing /home/airflow/.local/lib/python3.12/site-packages/airflow/example_dags/example_task_group.py took 0.075 seconds
[2024-11-12T00:19:26.207+0000] {processor.py:161} INFO - Started process (PID=1607) to work on /home/airflow/.local/lib/python3.12/site-packages/airflow/example_dags/example_task_group.py
[2024-11-12T00:19:26.208+0000] {processor.py:830} INFO - Processing file /home/airflow/.local/lib/python3.12/site-packages/airflow/example_dags/example_task_group.py for tasks to queue
[2024-11-12T00:19:26.210+0000] {logging_mixin.py:188} INFO - [2024-11-12T00:19:26.210+0000] {dagbag.py:545} INFO - Filling up the DagBag from /home/airflow/.local/lib/python3.12/site-packages/airflow/example_dags/example_task_group.py
[2024-11-12T00:19:26.218+0000] {processor.py:840} INFO - DAG(s) 'example_task_group' retrieved from /home/airflow/.local/lib/python3.12/site-packages/airflow/example_dags/example_task_group.py
[2024-11-12T00:19:26.246+0000] {logging_mixin.py:188} INFO - [2024-11-12T00:19:26.246+0000] {dag.py:3096} INFO - Sync 1 DAGs
[2024-11-12T00:19:26.281+0000] {logging_mixin.py:188} INFO - [2024-11-12T00:19:26.281+0000] {dag.py:3954} INFO - Setting next_dagrun for example_task_group to 2024-11-11 00:00:00+00:00, run_after=2024-11-12 00:00:00+00:00
[2024-11-12T00:19:26.310+0000] {processor.py:183} INFO - Processing /home/airflow/.local/lib/python3.12/site-packages/airflow/example_dags/example_task_group.py took 0.111 seconds
[2024-11-12T00:19:56.639+0000] {processor.py:161} INFO - Started process (PID=1666) to work on /home/airflow/.local/lib/python3.12/site-packages/airflow/example_dags/example_task_group.py
[2024-11-12T00:19:56.640+0000] {processor.py:830} INFO - Processing file /home/airflow/.local/lib/python3.12/site-packages/airflow/example_dags/example_task_group.py for tasks to queue
[2024-11-12T00:19:56.642+0000] {logging_mixin.py:188} INFO - [2024-11-12T00:19:56.642+0000] {dagbag.py:545} INFO - Filling up the DagBag from /home/airflow/.local/lib/python3.12/site-packages/airflow/example_dags/example_task_group.py
[2024-11-12T00:19:56.649+0000] {processor.py:840} INFO - DAG(s) 'example_task_group' retrieved from /home/airflow/.local/lib/python3.12/site-packages/airflow/example_dags/example_task_group.py
[2024-11-12T00:19:56.670+0000] {logging_mixin.py:188} INFO - [2024-11-12T00:19:56.670+0000] {dag.py:3096} INFO - Sync 1 DAGs
[2024-11-12T00:19:56.691+0000] {logging_mixin.py:188} INFO - [2024-11-12T00:19:56.690+0000] {dag.py:3954} INFO - Setting next_dagrun for example_task_group to 2024-11-11 00:00:00+00:00, run_after=2024-11-12 00:00:00+00:00
[2024-11-12T00:19:56.708+0000] {processor.py:183} INFO - Processing /home/airflow/.local/lib/python3.12/site-packages/airflow/example_dags/example_task_group.py took 0.074 seconds
[2024-11-12T00:20:27.071+0000] {processor.py:161} INFO - Started process (PID=1725) to work on /home/airflow/.local/lib/python3.12/site-packages/airflow/example_dags/example_task_group.py
[2024-11-12T00:20:27.072+0000] {processor.py:830} INFO - Processing file /home/airflow/.local/lib/python3.12/site-packages/airflow/example_dags/example_task_group.py for tasks to queue
[2024-11-12T00:20:27.075+0000] {logging_mixin.py:188} INFO - [2024-11-12T00:20:27.074+0000] {dagbag.py:545} INFO - Filling up the DagBag from /home/airflow/.local/lib/python3.12/site-packages/airflow/example_dags/example_task_group.py
[2024-11-12T00:20:27.082+0000] {processor.py:840} INFO - DAG(s) 'example_task_group' retrieved from /home/airflow/.local/lib/python3.12/site-packages/airflow/example_dags/example_task_group.py
[2024-11-12T00:20:27.104+0000] {logging_mixin.py:188} INFO - [2024-11-12T00:20:27.104+0000] {dag.py:3096} INFO - Sync 1 DAGs
[2024-11-12T00:20:27.126+0000] {logging_mixin.py:188} INFO - [2024-11-12T00:20:27.126+0000] {dag.py:3954} INFO - Setting next_dagrun for example_task_group to 2024-11-11 00:00:00+00:00, run_after=2024-11-12 00:00:00+00:00
[2024-11-12T00:20:27.143+0000] {processor.py:183} INFO - Processing /home/airflow/.local/lib/python3.12/site-packages/airflow/example_dags/example_task_group.py took 0.077 seconds
[2024-11-12T00:20:57.305+0000] {processor.py:161} INFO - Started process (PID=1784) to work on /home/airflow/.local/lib/python3.12/site-packages/airflow/example_dags/example_task_group.py
[2024-11-12T00:20:57.306+0000] {processor.py:830} INFO - Processing file /home/airflow/.local/lib/python3.12/site-packages/airflow/example_dags/example_task_group.py for tasks to queue
[2024-11-12T00:20:57.308+0000] {logging_mixin.py:188} INFO - [2024-11-12T00:20:57.307+0000] {dagbag.py:545} INFO - Filling up the DagBag from /home/airflow/.local/lib/python3.12/site-packages/airflow/example_dags/example_task_group.py
[2024-11-12T00:20:57.315+0000] {processor.py:840} INFO - DAG(s) 'example_task_group' retrieved from /home/airflow/.local/lib/python3.12/site-packages/airflow/example_dags/example_task_group.py
[2024-11-12T00:20:57.336+0000] {logging_mixin.py:188} INFO - [2024-11-12T00:20:57.336+0000] {dag.py:3096} INFO - Sync 1 DAGs
[2024-11-12T00:20:57.356+0000] {logging_mixin.py:188} INFO - [2024-11-12T00:20:57.356+0000] {dag.py:3954} INFO - Setting next_dagrun for example_task_group to 2024-11-11 00:00:00+00:00, run_after=2024-11-12 00:00:00+00:00
[2024-11-12T00:20:57.373+0000] {processor.py:183} INFO - Processing /home/airflow/.local/lib/python3.12/site-packages/airflow/example_dags/example_task_group.py took 0.075 seconds
[2024-11-12T00:21:27.784+0000] {processor.py:161} INFO - Started process (PID=1844) to work on /home/airflow/.local/lib/python3.12/site-packages/airflow/example_dags/example_task_group.py
[2024-11-12T00:21:27.786+0000] {processor.py:830} INFO - Processing file /home/airflow/.local/lib/python3.12/site-packages/airflow/example_dags/example_task_group.py for tasks to queue
[2024-11-12T00:21:27.788+0000] {logging_mixin.py:188} INFO - [2024-11-12T00:21:27.788+0000] {dagbag.py:545} INFO - Filling up the DagBag from /home/airflow/.local/lib/python3.12/site-packages/airflow/example_dags/example_task_group.py
[2024-11-12T00:21:27.796+0000] {processor.py:840} INFO - DAG(s) 'example_task_group' retrieved from /home/airflow/.local/lib/python3.12/site-packages/airflow/example_dags/example_task_group.py
[2024-11-12T00:21:27.819+0000] {logging_mixin.py:188} INFO - [2024-11-12T00:21:27.819+0000] {dag.py:3096} INFO - Sync 1 DAGs
[2024-11-12T00:21:27.841+0000] {logging_mixin.py:188} INFO - [2024-11-12T00:21:27.840+0000] {dag.py:3954} INFO - Setting next_dagrun for example_task_group to 2024-11-11 00:00:00+00:00, run_after=2024-11-12 00:00:00+00:00
[2024-11-12T00:21:27.860+0000] {processor.py:183} INFO - Processing /home/airflow/.local/lib/python3.12/site-packages/airflow/example_dags/example_task_group.py took 0.082 seconds
[2024-11-12T00:21:58.534+0000] {processor.py:161} INFO - Started process (PID=1903) to work on /home/airflow/.local/lib/python3.12/site-packages/airflow/example_dags/example_task_group.py
[2024-11-12T00:21:58.535+0000] {processor.py:830} INFO - Processing file /home/airflow/.local/lib/python3.12/site-packages/airflow/example_dags/example_task_group.py for tasks to queue
[2024-11-12T00:21:58.537+0000] {logging_mixin.py:188} INFO - [2024-11-12T00:21:58.536+0000] {dagbag.py:545} INFO - Filling up the DagBag from /home/airflow/.local/lib/python3.12/site-packages/airflow/example_dags/example_task_group.py
[2024-11-12T00:21:58.544+0000] {processor.py:840} INFO - DAG(s) 'example_task_group' retrieved from /home/airflow/.local/lib/python3.12/site-packages/airflow/example_dags/example_task_group.py
[2024-11-12T00:21:58.654+0000] {logging_mixin.py:188} INFO - [2024-11-12T00:21:58.653+0000] {dag.py:3096} INFO - Sync 1 DAGs
[2024-11-12T00:21:58.672+0000] {logging_mixin.py:188} INFO - [2024-11-12T00:21:58.671+0000] {dag.py:3954} INFO - Setting next_dagrun for example_task_group to 2024-11-11 00:00:00+00:00, run_after=2024-11-12 00:00:00+00:00
[2024-11-12T00:21:58.689+0000] {processor.py:183} INFO - Processing /home/airflow/.local/lib/python3.12/site-packages/airflow/example_dags/example_task_group.py took 0.161 seconds
[2024-11-12T00:22:29.364+0000] {processor.py:161} INFO - Started process (PID=1962) to work on /home/airflow/.local/lib/python3.12/site-packages/airflow/example_dags/example_task_group.py
[2024-11-12T00:22:29.365+0000] {processor.py:830} INFO - Processing file /home/airflow/.local/lib/python3.12/site-packages/airflow/example_dags/example_task_group.py for tasks to queue
[2024-11-12T00:22:29.367+0000] {logging_mixin.py:188} INFO - [2024-11-12T00:22:29.367+0000] {dagbag.py:545} INFO - Filling up the DagBag from /home/airflow/.local/lib/python3.12/site-packages/airflow/example_dags/example_task_group.py
[2024-11-12T00:22:29.374+0000] {processor.py:840} INFO - DAG(s) 'example_task_group' retrieved from /home/airflow/.local/lib/python3.12/site-packages/airflow/example_dags/example_task_group.py
[2024-11-12T00:22:29.396+0000] {logging_mixin.py:188} INFO - [2024-11-12T00:22:29.396+0000] {dag.py:3096} INFO - Sync 1 DAGs
[2024-11-12T00:22:29.417+0000] {logging_mixin.py:188} INFO - [2024-11-12T00:22:29.417+0000] {dag.py:3954} INFO - Setting next_dagrun for example_task_group to 2024-11-11 00:00:00+00:00, run_after=2024-11-12 00:00:00+00:00
[2024-11-12T00:22:29.435+0000] {processor.py:183} INFO - Processing /home/airflow/.local/lib/python3.12/site-packages/airflow/example_dags/example_task_group.py took 0.077 seconds
[2024-11-12T00:22:59.541+0000] {processor.py:161} INFO - Started process (PID=2021) to work on /home/airflow/.local/lib/python3.12/site-packages/airflow/example_dags/example_task_group.py
[2024-11-12T00:22:59.542+0000] {processor.py:830} INFO - Processing file /home/airflow/.local/lib/python3.12/site-packages/airflow/example_dags/example_task_group.py for tasks to queue
[2024-11-12T00:22:59.544+0000] {logging_mixin.py:188} INFO - [2024-11-12T00:22:59.543+0000] {dagbag.py:545} INFO - Filling up the DagBag from /home/airflow/.local/lib/python3.12/site-packages/airflow/example_dags/example_task_group.py
[2024-11-12T00:22:59.551+0000] {processor.py:840} INFO - DAG(s) 'example_task_group' retrieved from /home/airflow/.local/lib/python3.12/site-packages/airflow/example_dags/example_task_group.py
[2024-11-12T00:22:59.576+0000] {logging_mixin.py:188} INFO - [2024-11-12T00:22:59.575+0000] {dag.py:3096} INFO - Sync 1 DAGs
[2024-11-12T00:22:59.600+0000] {logging_mixin.py:188} INFO - [2024-11-12T00:22:59.599+0000] {dag.py:3954} INFO - Setting next_dagrun for example_task_group to 2024-11-11 00:00:00+00:00, run_after=2024-11-12 00:00:00+00:00
[2024-11-12T00:22:59.620+0000] {processor.py:183} INFO - Processing /home/airflow/.local/lib/python3.12/site-packages/airflow/example_dags/example_task_group.py took 0.085 seconds
[2024-11-12T00:23:29.867+0000] {processor.py:161} INFO - Started process (PID=2083) to work on /home/airflow/.local/lib/python3.12/site-packages/airflow/example_dags/example_task_group.py
[2024-11-12T00:23:29.868+0000] {processor.py:830} INFO - Processing file /home/airflow/.local/lib/python3.12/site-packages/airflow/example_dags/example_task_group.py for tasks to queue
[2024-11-12T00:23:29.871+0000] {logging_mixin.py:188} INFO - [2024-11-12T00:23:29.870+0000] {dagbag.py:545} INFO - Filling up the DagBag from /home/airflow/.local/lib/python3.12/site-packages/airflow/example_dags/example_task_group.py
[2024-11-12T00:23:29.881+0000] {processor.py:840} INFO - DAG(s) 'example_task_group' retrieved from /home/airflow/.local/lib/python3.12/site-packages/airflow/example_dags/example_task_group.py
[2024-11-12T00:23:29.909+0000] {logging_mixin.py:188} INFO - [2024-11-12T00:23:29.908+0000] {dag.py:3096} INFO - Sync 1 DAGs
[2024-11-12T00:23:29.934+0000] {logging_mixin.py:188} INFO - [2024-11-12T00:23:29.934+0000] {dag.py:3954} INFO - Setting next_dagrun for example_task_group to 2024-11-11 00:00:00+00:00, run_after=2024-11-12 00:00:00+00:00
[2024-11-12T00:23:29.959+0000] {processor.py:183} INFO - Processing /home/airflow/.local/lib/python3.12/site-packages/airflow/example_dags/example_task_group.py took 0.099 seconds
[2024-11-12T00:24:00.170+0000] {processor.py:161} INFO - Started process (PID=2142) to work on /home/airflow/.local/lib/python3.12/site-packages/airflow/example_dags/example_task_group.py
[2024-11-12T00:24:00.171+0000] {processor.py:830} INFO - Processing file /home/airflow/.local/lib/python3.12/site-packages/airflow/example_dags/example_task_group.py for tasks to queue
[2024-11-12T00:24:00.173+0000] {logging_mixin.py:188} INFO - [2024-11-12T00:24:00.173+0000] {dagbag.py:545} INFO - Filling up the DagBag from /home/airflow/.local/lib/python3.12/site-packages/airflow/example_dags/example_task_group.py
[2024-11-12T00:24:00.180+0000] {processor.py:840} INFO - DAG(s) 'example_task_group' retrieved from /home/airflow/.local/lib/python3.12/site-packages/airflow/example_dags/example_task_group.py
[2024-11-12T00:24:00.203+0000] {logging_mixin.py:188} INFO - [2024-11-12T00:24:00.203+0000] {dag.py:3096} INFO - Sync 1 DAGs
[2024-11-12T00:24:00.225+0000] {logging_mixin.py:188} INFO - [2024-11-12T00:24:00.225+0000] {dag.py:3954} INFO - Setting next_dagrun for example_task_group to 2024-11-11 00:00:00+00:00, run_after=2024-11-12 00:00:00+00:00
[2024-11-12T00:24:00.244+0000] {processor.py:183} INFO - Processing /home/airflow/.local/lib/python3.12/site-packages/airflow/example_dags/example_task_group.py took 0.079 seconds
[2024-11-12T00:24:30.805+0000] {processor.py:161} INFO - Started process (PID=2201) to work on /home/airflow/.local/lib/python3.12/site-packages/airflow/example_dags/example_task_group.py
[2024-11-12T00:24:30.806+0000] {processor.py:830} INFO - Processing file /home/airflow/.local/lib/python3.12/site-packages/airflow/example_dags/example_task_group.py for tasks to queue
[2024-11-12T00:24:30.808+0000] {logging_mixin.py:188} INFO - [2024-11-12T00:24:30.808+0000] {dagbag.py:545} INFO - Filling up the DagBag from /home/airflow/.local/lib/python3.12/site-packages/airflow/example_dags/example_task_group.py
[2024-11-12T00:24:30.817+0000] {processor.py:840} INFO - DAG(s) 'example_task_group' retrieved from /home/airflow/.local/lib/python3.12/site-packages/airflow/example_dags/example_task_group.py
[2024-11-12T00:24:30.842+0000] {logging_mixin.py:188} INFO - [2024-11-12T00:24:30.842+0000] {dag.py:3096} INFO - Sync 1 DAGs
[2024-11-12T00:24:30.866+0000] {logging_mixin.py:188} INFO - [2024-11-12T00:24:30.866+0000] {dag.py:3954} INFO - Setting next_dagrun for example_task_group to 2024-11-11 00:00:00+00:00, run_after=2024-11-12 00:00:00+00:00
[2024-11-12T00:24:30.888+0000] {processor.py:183} INFO - Processing /home/airflow/.local/lib/python3.12/site-packages/airflow/example_dags/example_task_group.py took 0.090 seconds
[2024-11-12T00:25:01.354+0000] {processor.py:161} INFO - Started process (PID=2260) to work on /home/airflow/.local/lib/python3.12/site-packages/airflow/example_dags/example_task_group.py
[2024-11-12T00:25:01.355+0000] {processor.py:830} INFO - Processing file /home/airflow/.local/lib/python3.12/site-packages/airflow/example_dags/example_task_group.py for tasks to queue
[2024-11-12T00:25:01.357+0000] {logging_mixin.py:188} INFO - [2024-11-12T00:25:01.357+0000] {dagbag.py:545} INFO - Filling up the DagBag from /home/airflow/.local/lib/python3.12/site-packages/airflow/example_dags/example_task_group.py
[2024-11-12T00:25:01.367+0000] {processor.py:840} INFO - DAG(s) 'example_task_group' retrieved from /home/airflow/.local/lib/python3.12/site-packages/airflow/example_dags/example_task_group.py
[2024-11-12T00:25:01.394+0000] {logging_mixin.py:188} INFO - [2024-11-12T00:25:01.393+0000] {dag.py:3096} INFO - Sync 1 DAGs
[2024-11-12T00:25:01.414+0000] {logging_mixin.py:188} INFO - [2024-11-12T00:25:01.414+0000] {dag.py:3954} INFO - Setting next_dagrun for example_task_group to 2024-11-11 00:00:00+00:00, run_after=2024-11-12 00:00:00+00:00
[2024-11-12T00:25:01.431+0000] {processor.py:183} INFO - Processing /home/airflow/.local/lib/python3.12/site-packages/airflow/example_dags/example_task_group.py took 0.083 seconds
[2024-11-12T00:25:32.167+0000] {processor.py:161} INFO - Started process (PID=2319) to work on /home/airflow/.local/lib/python3.12/site-packages/airflow/example_dags/example_task_group.py
[2024-11-12T00:25:32.168+0000] {processor.py:830} INFO - Processing file /home/airflow/.local/lib/python3.12/site-packages/airflow/example_dags/example_task_group.py for tasks to queue
[2024-11-12T00:25:32.170+0000] {logging_mixin.py:188} INFO - [2024-11-12T00:25:32.170+0000] {dagbag.py:545} INFO - Filling up the DagBag from /home/airflow/.local/lib/python3.12/site-packages/airflow/example_dags/example_task_group.py
[2024-11-12T00:25:32.178+0000] {processor.py:840} INFO - DAG(s) 'example_task_group' retrieved from /home/airflow/.local/lib/python3.12/site-packages/airflow/example_dags/example_task_group.py
[2024-11-12T00:25:32.200+0000] {logging_mixin.py:188} INFO - [2024-11-12T00:25:32.200+0000] {dag.py:3096} INFO - Sync 1 DAGs
[2024-11-12T00:25:32.223+0000] {logging_mixin.py:188} INFO - [2024-11-12T00:25:32.223+0000] {dag.py:3954} INFO - Setting next_dagrun for example_task_group to 2024-11-11 00:00:00+00:00, run_after=2024-11-12 00:00:00+00:00
[2024-11-12T00:25:32.253+0000] {processor.py:183} INFO - Processing /home/airflow/.local/lib/python3.12/site-packages/airflow/example_dags/example_task_group.py took 0.093 seconds
