[2024-11-12T00:06:41.462+0000] {processor.py:161} INFO - Started process (PID=119) to work on /home/airflow/.local/lib/python3.12/site-packages/airflow/example_dags/example_short_circuit_operator.py
[2024-11-12T00:06:41.463+0000] {processor.py:830} INFO - Processing file /home/airflow/.local/lib/python3.12/site-packages/airflow/example_dags/example_short_circuit_operator.py for tasks to queue
[2024-11-12T00:06:41.465+0000] {logging_mixin.py:188} INFO - [2024-11-12T00:06:41.464+0000] {dagbag.py:545} INFO - Filling up the DagBag from /home/airflow/.local/lib/python3.12/site-packages/airflow/example_dags/example_short_circuit_operator.py
[2024-11-12T00:06:41.480+0000] {processor.py:840} INFO - DAG(s) 'example_short_circuit_operator' retrieved from /home/airflow/.local/lib/python3.12/site-packages/airflow/example_dags/example_short_circuit_operator.py
[2024-11-12T00:06:41.589+0000] {logging_mixin.py:188} INFO - [2024-11-12T00:06:41.588+0000] {dag.py:3096} INFO - Sync 1 DAGs
[2024-11-12T00:06:41.609+0000] {logging_mixin.py:188} INFO - [2024-11-12T00:06:41.609+0000] {dag.py:3954} INFO - Setting next_dagrun for example_short_circuit_operator to 2024-11-11 00:00:00+00:00, run_after=2024-11-12 00:00:00+00:00
[2024-11-12T00:06:41.632+0000] {processor.py:183} INFO - Processing /home/airflow/.local/lib/python3.12/site-packages/airflow/example_dags/example_short_circuit_operator.py took 0.178 seconds
[2024-11-12T00:07:13.015+0000] {processor.py:161} INFO - Started process (PID=178) to work on /home/airflow/.local/lib/python3.12/site-packages/airflow/example_dags/example_short_circuit_operator.py
[2024-11-12T00:07:13.203+0000] {processor.py:830} INFO - Processing file /home/airflow/.local/lib/python3.12/site-packages/airflow/example_dags/example_short_circuit_operator.py for tasks to queue
[2024-11-12T00:07:13.206+0000] {logging_mixin.py:188} INFO - [2024-11-12T00:07:13.205+0000] {dagbag.py:545} INFO - Filling up the DagBag from /home/airflow/.local/lib/python3.12/site-packages/airflow/example_dags/example_short_circuit_operator.py
[2024-11-12T00:07:13.231+0000] {processor.py:840} INFO - DAG(s) 'example_short_circuit_operator' retrieved from /home/airflow/.local/lib/python3.12/site-packages/airflow/example_dags/example_short_circuit_operator.py
[2024-11-12T00:07:13.295+0000] {logging_mixin.py:188} INFO - [2024-11-12T00:07:13.294+0000] {dag.py:3096} INFO - Sync 1 DAGs
[2024-11-12T00:07:13.344+0000] {logging_mixin.py:188} INFO - [2024-11-12T00:07:13.344+0000] {dag.py:3954} INFO - Setting next_dagrun for example_short_circuit_operator to 2024-11-11 00:00:00+00:00, run_after=2024-11-12 00:00:00+00:00
[2024-11-12T00:07:13.376+0000] {processor.py:183} INFO - Processing /home/airflow/.local/lib/python3.12/site-packages/airflow/example_dags/example_short_circuit_operator.py took 0.367 seconds
[2024-11-12T00:07:43.682+0000] {processor.py:161} INFO - Started process (PID=237) to work on /home/airflow/.local/lib/python3.12/site-packages/airflow/example_dags/example_short_circuit_operator.py
[2024-11-12T00:07:43.683+0000] {processor.py:830} INFO - Processing file /home/airflow/.local/lib/python3.12/site-packages/airflow/example_dags/example_short_circuit_operator.py for tasks to queue
[2024-11-12T00:07:43.685+0000] {logging_mixin.py:188} INFO - [2024-11-12T00:07:43.685+0000] {dagbag.py:545} INFO - Filling up the DagBag from /home/airflow/.local/lib/python3.12/site-packages/airflow/example_dags/example_short_circuit_operator.py
[2024-11-12T00:07:43.692+0000] {processor.py:840} INFO - DAG(s) 'example_short_circuit_operator' retrieved from /home/airflow/.local/lib/python3.12/site-packages/airflow/example_dags/example_short_circuit_operator.py
[2024-11-12T00:07:43.715+0000] {logging_mixin.py:188} INFO - [2024-11-12T00:07:43.715+0000] {dag.py:3096} INFO - Sync 1 DAGs
[2024-11-12T00:07:43.736+0000] {logging_mixin.py:188} INFO - [2024-11-12T00:07:43.736+0000] {dag.py:3954} INFO - Setting next_dagrun for example_short_circuit_operator to 2024-11-11 00:00:00+00:00, run_after=2024-11-12 00:00:00+00:00
[2024-11-12T00:07:43.754+0000] {processor.py:183} INFO - Processing /home/airflow/.local/lib/python3.12/site-packages/airflow/example_dags/example_short_circuit_operator.py took 0.078 seconds
[2024-11-12T00:08:13.935+0000] {processor.py:161} INFO - Started process (PID=296) to work on /home/airflow/.local/lib/python3.12/site-packages/airflow/example_dags/example_short_circuit_operator.py
[2024-11-12T00:08:13.936+0000] {processor.py:830} INFO - Processing file /home/airflow/.local/lib/python3.12/site-packages/airflow/example_dags/example_short_circuit_operator.py for tasks to queue
[2024-11-12T00:08:13.938+0000] {logging_mixin.py:188} INFO - [2024-11-12T00:08:13.938+0000] {dagbag.py:545} INFO - Filling up the DagBag from /home/airflow/.local/lib/python3.12/site-packages/airflow/example_dags/example_short_circuit_operator.py
[2024-11-12T00:08:13.945+0000] {processor.py:840} INFO - DAG(s) 'example_short_circuit_operator' retrieved from /home/airflow/.local/lib/python3.12/site-packages/airflow/example_dags/example_short_circuit_operator.py
[2024-11-12T00:08:13.969+0000] {logging_mixin.py:188} INFO - [2024-11-12T00:08:13.969+0000] {dag.py:3096} INFO - Sync 1 DAGs
[2024-11-12T00:08:13.990+0000] {logging_mixin.py:188} INFO - [2024-11-12T00:08:13.990+0000] {dag.py:3954} INFO - Setting next_dagrun for example_short_circuit_operator to 2024-11-11 00:00:00+00:00, run_after=2024-11-12 00:00:00+00:00
[2024-11-12T00:08:14.009+0000] {processor.py:183} INFO - Processing /home/airflow/.local/lib/python3.12/site-packages/airflow/example_dags/example_short_circuit_operator.py took 0.080 seconds
[2024-11-12T00:08:44.381+0000] {processor.py:161} INFO - Started process (PID=355) to work on /home/airflow/.local/lib/python3.12/site-packages/airflow/example_dags/example_short_circuit_operator.py
[2024-11-12T00:08:44.382+0000] {processor.py:830} INFO - Processing file /home/airflow/.local/lib/python3.12/site-packages/airflow/example_dags/example_short_circuit_operator.py for tasks to queue
[2024-11-12T00:08:44.385+0000] {logging_mixin.py:188} INFO - [2024-11-12T00:08:44.385+0000] {dagbag.py:545} INFO - Filling up the DagBag from /home/airflow/.local/lib/python3.12/site-packages/airflow/example_dags/example_short_circuit_operator.py
[2024-11-12T00:08:44.392+0000] {processor.py:840} INFO - DAG(s) 'example_short_circuit_operator' retrieved from /home/airflow/.local/lib/python3.12/site-packages/airflow/example_dags/example_short_circuit_operator.py
[2024-11-12T00:08:44.415+0000] {logging_mixin.py:188} INFO - [2024-11-12T00:08:44.415+0000] {dag.py:3096} INFO - Sync 1 DAGs
[2024-11-12T00:08:44.437+0000] {logging_mixin.py:188} INFO - [2024-11-12T00:08:44.437+0000] {dag.py:3954} INFO - Setting next_dagrun for example_short_circuit_operator to 2024-11-11 00:00:00+00:00, run_after=2024-11-12 00:00:00+00:00
[2024-11-12T00:08:44.456+0000] {processor.py:183} INFO - Processing /home/airflow/.local/lib/python3.12/site-packages/airflow/example_dags/example_short_circuit_operator.py took 0.080 seconds
[2024-11-12T00:09:14.599+0000] {processor.py:161} INFO - Started process (PID=414) to work on /home/airflow/.local/lib/python3.12/site-packages/airflow/example_dags/example_short_circuit_operator.py
[2024-11-12T00:09:14.600+0000] {processor.py:830} INFO - Processing file /home/airflow/.local/lib/python3.12/site-packages/airflow/example_dags/example_short_circuit_operator.py for tasks to queue
[2024-11-12T00:09:14.603+0000] {logging_mixin.py:188} INFO - [2024-11-12T00:09:14.602+0000] {dagbag.py:545} INFO - Filling up the DagBag from /home/airflow/.local/lib/python3.12/site-packages/airflow/example_dags/example_short_circuit_operator.py
[2024-11-12T00:09:14.610+0000] {processor.py:840} INFO - DAG(s) 'example_short_circuit_operator' retrieved from /home/airflow/.local/lib/python3.12/site-packages/airflow/example_dags/example_short_circuit_operator.py
[2024-11-12T00:09:14.633+0000] {logging_mixin.py:188} INFO - [2024-11-12T00:09:14.633+0000] {dag.py:3096} INFO - Sync 1 DAGs
[2024-11-12T00:09:14.655+0000] {logging_mixin.py:188} INFO - [2024-11-12T00:09:14.655+0000] {dag.py:3954} INFO - Setting next_dagrun for example_short_circuit_operator to 2024-11-11 00:00:00+00:00, run_after=2024-11-12 00:00:00+00:00
[2024-11-12T00:09:14.673+0000] {processor.py:183} INFO - Processing /home/airflow/.local/lib/python3.12/site-packages/airflow/example_dags/example_short_circuit_operator.py took 0.079 seconds
[2024-11-12T00:09:44.971+0000] {processor.py:161} INFO - Started process (PID=473) to work on /home/airflow/.local/lib/python3.12/site-packages/airflow/example_dags/example_short_circuit_operator.py
[2024-11-12T00:09:44.972+0000] {processor.py:830} INFO - Processing file /home/airflow/.local/lib/python3.12/site-packages/airflow/example_dags/example_short_circuit_operator.py for tasks to queue
[2024-11-12T00:09:44.975+0000] {logging_mixin.py:188} INFO - [2024-11-12T00:09:44.974+0000] {dagbag.py:545} INFO - Filling up the DagBag from /home/airflow/.local/lib/python3.12/site-packages/airflow/example_dags/example_short_circuit_operator.py
[2024-11-12T00:09:44.982+0000] {processor.py:840} INFO - DAG(s) 'example_short_circuit_operator' retrieved from /home/airflow/.local/lib/python3.12/site-packages/airflow/example_dags/example_short_circuit_operator.py
[2024-11-12T00:09:45.005+0000] {logging_mixin.py:188} INFO - [2024-11-12T00:09:45.004+0000] {dag.py:3096} INFO - Sync 1 DAGs
[2024-11-12T00:09:45.027+0000] {logging_mixin.py:188} INFO - [2024-11-12T00:09:45.027+0000] {dag.py:3954} INFO - Setting next_dagrun for example_short_circuit_operator to 2024-11-11 00:00:00+00:00, run_after=2024-11-12 00:00:00+00:00
[2024-11-12T00:09:45.045+0000] {processor.py:183} INFO - Processing /home/airflow/.local/lib/python3.12/site-packages/airflow/example_dags/example_short_circuit_operator.py took 0.081 seconds
[2024-11-12T00:10:15.144+0000] {processor.py:161} INFO - Started process (PID=532) to work on /home/airflow/.local/lib/python3.12/site-packages/airflow/example_dags/example_short_circuit_operator.py
[2024-11-12T00:10:15.145+0000] {processor.py:830} INFO - Processing file /home/airflow/.local/lib/python3.12/site-packages/airflow/example_dags/example_short_circuit_operator.py for tasks to queue
[2024-11-12T00:10:15.147+0000] {logging_mixin.py:188} INFO - [2024-11-12T00:10:15.147+0000] {dagbag.py:545} INFO - Filling up the DagBag from /home/airflow/.local/lib/python3.12/site-packages/airflow/example_dags/example_short_circuit_operator.py
[2024-11-12T00:10:15.154+0000] {processor.py:840} INFO - DAG(s) 'example_short_circuit_operator' retrieved from /home/airflow/.local/lib/python3.12/site-packages/airflow/example_dags/example_short_circuit_operator.py
[2024-11-12T00:10:15.181+0000] {logging_mixin.py:188} INFO - [2024-11-12T00:10:15.181+0000] {dag.py:3096} INFO - Sync 1 DAGs
[2024-11-12T00:10:15.206+0000] {logging_mixin.py:188} INFO - [2024-11-12T00:10:15.205+0000] {dag.py:3954} INFO - Setting next_dagrun for example_short_circuit_operator to 2024-11-11 00:00:00+00:00, run_after=2024-11-12 00:00:00+00:00
[2024-11-12T00:10:15.228+0000] {processor.py:183} INFO - Processing /home/airflow/.local/lib/python3.12/site-packages/airflow/example_dags/example_short_circuit_operator.py took 0.090 seconds
[2024-11-12T00:10:45.667+0000] {processor.py:161} INFO - Started process (PID=590) to work on /home/airflow/.local/lib/python3.12/site-packages/airflow/example_dags/example_short_circuit_operator.py
[2024-11-12T00:10:45.668+0000] {processor.py:830} INFO - Processing file /home/airflow/.local/lib/python3.12/site-packages/airflow/example_dags/example_short_circuit_operator.py for tasks to queue
[2024-11-12T00:10:45.671+0000] {logging_mixin.py:188} INFO - [2024-11-12T00:10:45.670+0000] {dagbag.py:545} INFO - Filling up the DagBag from /home/airflow/.local/lib/python3.12/site-packages/airflow/example_dags/example_short_circuit_operator.py
[2024-11-12T00:10:45.678+0000] {processor.py:840} INFO - DAG(s) 'example_short_circuit_operator' retrieved from /home/airflow/.local/lib/python3.12/site-packages/airflow/example_dags/example_short_circuit_operator.py
[2024-11-12T00:10:45.785+0000] {logging_mixin.py:188} INFO - [2024-11-12T00:10:45.784+0000] {dag.py:3096} INFO - Sync 1 DAGs
[2024-11-12T00:10:45.808+0000] {logging_mixin.py:188} INFO - [2024-11-12T00:10:45.808+0000] {dag.py:3954} INFO - Setting next_dagrun for example_short_circuit_operator to 2024-11-11 00:00:00+00:00, run_after=2024-11-12 00:00:00+00:00
[2024-11-12T00:10:45.826+0000] {processor.py:183} INFO - Processing /home/airflow/.local/lib/python3.12/site-packages/airflow/example_dags/example_short_circuit_operator.py took 0.166 seconds
[2024-11-12T00:11:16.429+0000] {processor.py:161} INFO - Started process (PID=650) to work on /home/airflow/.local/lib/python3.12/site-packages/airflow/example_dags/example_short_circuit_operator.py
[2024-11-12T00:11:16.430+0000] {processor.py:830} INFO - Processing file /home/airflow/.local/lib/python3.12/site-packages/airflow/example_dags/example_short_circuit_operator.py for tasks to queue
[2024-11-12T00:11:16.432+0000] {logging_mixin.py:188} INFO - [2024-11-12T00:11:16.432+0000] {dagbag.py:545} INFO - Filling up the DagBag from /home/airflow/.local/lib/python3.12/site-packages/airflow/example_dags/example_short_circuit_operator.py
[2024-11-12T00:11:16.439+0000] {processor.py:840} INFO - DAG(s) 'example_short_circuit_operator' retrieved from /home/airflow/.local/lib/python3.12/site-packages/airflow/example_dags/example_short_circuit_operator.py
[2024-11-12T00:11:16.463+0000] {logging_mixin.py:188} INFO - [2024-11-12T00:11:16.462+0000] {dag.py:3096} INFO - Sync 1 DAGs
[2024-11-12T00:11:16.483+0000] {logging_mixin.py:188} INFO - [2024-11-12T00:11:16.483+0000] {dag.py:3954} INFO - Setting next_dagrun for example_short_circuit_operator to 2024-11-11 00:00:00+00:00, run_after=2024-11-12 00:00:00+00:00
[2024-11-12T00:11:16.503+0000] {processor.py:183} INFO - Processing /home/airflow/.local/lib/python3.12/site-packages/airflow/example_dags/example_short_circuit_operator.py took 0.080 seconds
[2024-11-12T00:11:47.430+0000] {processor.py:161} INFO - Started process (PID=709) to work on /home/airflow/.local/lib/python3.12/site-packages/airflow/example_dags/example_short_circuit_operator.py
[2024-11-12T00:11:47.431+0000] {processor.py:830} INFO - Processing file /home/airflow/.local/lib/python3.12/site-packages/airflow/example_dags/example_short_circuit_operator.py for tasks to queue
[2024-11-12T00:11:47.433+0000] {logging_mixin.py:188} INFO - [2024-11-12T00:11:47.433+0000] {dagbag.py:545} INFO - Filling up the DagBag from /home/airflow/.local/lib/python3.12/site-packages/airflow/example_dags/example_short_circuit_operator.py
[2024-11-12T00:11:47.440+0000] {processor.py:840} INFO - DAG(s) 'example_short_circuit_operator' retrieved from /home/airflow/.local/lib/python3.12/site-packages/airflow/example_dags/example_short_circuit_operator.py
[2024-11-12T00:11:47.561+0000] {logging_mixin.py:188} INFO - [2024-11-12T00:11:47.560+0000] {dag.py:3096} INFO - Sync 1 DAGs
[2024-11-12T00:11:47.580+0000] {logging_mixin.py:188} INFO - [2024-11-12T00:11:47.579+0000] {dag.py:3954} INFO - Setting next_dagrun for example_short_circuit_operator to 2024-11-11 00:00:00+00:00, run_after=2024-11-12 00:00:00+00:00
[2024-11-12T00:11:47.599+0000] {processor.py:183} INFO - Processing /home/airflow/.local/lib/python3.12/site-packages/airflow/example_dags/example_short_circuit_operator.py took 0.175 seconds
[2024-11-12T00:12:17.872+0000] {processor.py:161} INFO - Started process (PID=768) to work on /home/airflow/.local/lib/python3.12/site-packages/airflow/example_dags/example_short_circuit_operator.py
[2024-11-12T00:12:17.874+0000] {processor.py:830} INFO - Processing file /home/airflow/.local/lib/python3.12/site-packages/airflow/example_dags/example_short_circuit_operator.py for tasks to queue
[2024-11-12T00:12:17.876+0000] {logging_mixin.py:188} INFO - [2024-11-12T00:12:17.875+0000] {dagbag.py:545} INFO - Filling up the DagBag from /home/airflow/.local/lib/python3.12/site-packages/airflow/example_dags/example_short_circuit_operator.py
[2024-11-12T00:12:17.883+0000] {processor.py:840} INFO - DAG(s) 'example_short_circuit_operator' retrieved from /home/airflow/.local/lib/python3.12/site-packages/airflow/example_dags/example_short_circuit_operator.py
[2024-11-12T00:12:17.907+0000] {logging_mixin.py:188} INFO - [2024-11-12T00:12:17.906+0000] {dag.py:3096} INFO - Sync 1 DAGs
[2024-11-12T00:12:17.930+0000] {logging_mixin.py:188} INFO - [2024-11-12T00:12:17.930+0000] {dag.py:3954} INFO - Setting next_dagrun for example_short_circuit_operator to 2024-11-11 00:00:00+00:00, run_after=2024-11-12 00:00:00+00:00
[2024-11-12T00:12:17.948+0000] {processor.py:183} INFO - Processing /home/airflow/.local/lib/python3.12/site-packages/airflow/example_dags/example_short_circuit_operator.py took 0.082 seconds
[2024-11-12T00:12:48.480+0000] {processor.py:161} INFO - Started process (PID=827) to work on /home/airflow/.local/lib/python3.12/site-packages/airflow/example_dags/example_short_circuit_operator.py
[2024-11-12T00:12:48.481+0000] {processor.py:830} INFO - Processing file /home/airflow/.local/lib/python3.12/site-packages/airflow/example_dags/example_short_circuit_operator.py for tasks to queue
[2024-11-12T00:12:48.483+0000] {logging_mixin.py:188} INFO - [2024-11-12T00:12:48.483+0000] {dagbag.py:545} INFO - Filling up the DagBag from /home/airflow/.local/lib/python3.12/site-packages/airflow/example_dags/example_short_circuit_operator.py
[2024-11-12T00:12:48.490+0000] {processor.py:840} INFO - DAG(s) 'example_short_circuit_operator' retrieved from /home/airflow/.local/lib/python3.12/site-packages/airflow/example_dags/example_short_circuit_operator.py
[2024-11-12T00:12:48.514+0000] {logging_mixin.py:188} INFO - [2024-11-12T00:12:48.514+0000] {dag.py:3096} INFO - Sync 1 DAGs
[2024-11-12T00:12:48.535+0000] {logging_mixin.py:188} INFO - [2024-11-12T00:12:48.535+0000] {dag.py:3954} INFO - Setting next_dagrun for example_short_circuit_operator to 2024-11-11 00:00:00+00:00, run_after=2024-11-12 00:00:00+00:00
[2024-11-12T00:12:48.554+0000] {processor.py:183} INFO - Processing /home/airflow/.local/lib/python3.12/site-packages/airflow/example_dags/example_short_circuit_operator.py took 0.079 seconds
[2024-11-12T00:13:18.852+0000] {processor.py:161} INFO - Started process (PID=886) to work on /home/airflow/.local/lib/python3.12/site-packages/airflow/example_dags/example_short_circuit_operator.py
[2024-11-12T00:13:18.853+0000] {processor.py:830} INFO - Processing file /home/airflow/.local/lib/python3.12/site-packages/airflow/example_dags/example_short_circuit_operator.py for tasks to queue
[2024-11-12T00:13:18.855+0000] {logging_mixin.py:188} INFO - [2024-11-12T00:13:18.855+0000] {dagbag.py:545} INFO - Filling up the DagBag from /home/airflow/.local/lib/python3.12/site-packages/airflow/example_dags/example_short_circuit_operator.py
[2024-11-12T00:13:18.862+0000] {processor.py:840} INFO - DAG(s) 'example_short_circuit_operator' retrieved from /home/airflow/.local/lib/python3.12/site-packages/airflow/example_dags/example_short_circuit_operator.py
[2024-11-12T00:13:18.885+0000] {logging_mixin.py:188} INFO - [2024-11-12T00:13:18.885+0000] {dag.py:3096} INFO - Sync 1 DAGs
[2024-11-12T00:13:18.906+0000] {logging_mixin.py:188} INFO - [2024-11-12T00:13:18.906+0000] {dag.py:3954} INFO - Setting next_dagrun for example_short_circuit_operator to 2024-11-11 00:00:00+00:00, run_after=2024-11-12 00:00:00+00:00
[2024-11-12T00:13:18.924+0000] {processor.py:183} INFO - Processing /home/airflow/.local/lib/python3.12/site-packages/airflow/example_dags/example_short_circuit_operator.py took 0.078 seconds
[2024-11-12T00:13:49.443+0000] {processor.py:161} INFO - Started process (PID=945) to work on /home/airflow/.local/lib/python3.12/site-packages/airflow/example_dags/example_short_circuit_operator.py
[2024-11-12T00:13:49.444+0000] {processor.py:830} INFO - Processing file /home/airflow/.local/lib/python3.12/site-packages/airflow/example_dags/example_short_circuit_operator.py for tasks to queue
[2024-11-12T00:13:49.446+0000] {logging_mixin.py:188} INFO - [2024-11-12T00:13:49.446+0000] {dagbag.py:545} INFO - Filling up the DagBag from /home/airflow/.local/lib/python3.12/site-packages/airflow/example_dags/example_short_circuit_operator.py
[2024-11-12T00:13:49.454+0000] {processor.py:840} INFO - DAG(s) 'example_short_circuit_operator' retrieved from /home/airflow/.local/lib/python3.12/site-packages/airflow/example_dags/example_short_circuit_operator.py
[2024-11-12T00:13:49.478+0000] {logging_mixin.py:188} INFO - [2024-11-12T00:13:49.477+0000] {dag.py:3096} INFO - Sync 1 DAGs
[2024-11-12T00:13:49.498+0000] {logging_mixin.py:188} INFO - [2024-11-12T00:13:49.498+0000] {dag.py:3954} INFO - Setting next_dagrun for example_short_circuit_operator to 2024-11-11 00:00:00+00:00, run_after=2024-11-12 00:00:00+00:00
[2024-11-12T00:13:49.516+0000] {processor.py:183} INFO - Processing /home/airflow/.local/lib/python3.12/site-packages/airflow/example_dags/example_short_circuit_operator.py took 0.080 seconds
[2024-11-12T00:14:19.636+0000] {processor.py:161} INFO - Started process (PID=1004) to work on /home/airflow/.local/lib/python3.12/site-packages/airflow/example_dags/example_short_circuit_operator.py
[2024-11-12T00:14:19.637+0000] {processor.py:830} INFO - Processing file /home/airflow/.local/lib/python3.12/site-packages/airflow/example_dags/example_short_circuit_operator.py for tasks to queue
[2024-11-12T00:14:19.639+0000] {logging_mixin.py:188} INFO - [2024-11-12T00:14:19.639+0000] {dagbag.py:545} INFO - Filling up the DagBag from /home/airflow/.local/lib/python3.12/site-packages/airflow/example_dags/example_short_circuit_operator.py
[2024-11-12T00:14:19.647+0000] {processor.py:840} INFO - DAG(s) 'example_short_circuit_operator' retrieved from /home/airflow/.local/lib/python3.12/site-packages/airflow/example_dags/example_short_circuit_operator.py
[2024-11-12T00:14:19.670+0000] {logging_mixin.py:188} INFO - [2024-11-12T00:14:19.669+0000] {dag.py:3096} INFO - Sync 1 DAGs
[2024-11-12T00:14:19.690+0000] {logging_mixin.py:188} INFO - [2024-11-12T00:14:19.689+0000] {dag.py:3954} INFO - Setting next_dagrun for example_short_circuit_operator to 2024-11-11 00:00:00+00:00, run_after=2024-11-12 00:00:00+00:00
[2024-11-12T00:14:19.708+0000] {processor.py:183} INFO - Processing /home/airflow/.local/lib/python3.12/site-packages/airflow/example_dags/example_short_circuit_operator.py took 0.077 seconds
[2024-11-12T00:14:49.835+0000] {processor.py:161} INFO - Started process (PID=1063) to work on /home/airflow/.local/lib/python3.12/site-packages/airflow/example_dags/example_short_circuit_operator.py
[2024-11-12T00:14:49.836+0000] {processor.py:830} INFO - Processing file /home/airflow/.local/lib/python3.12/site-packages/airflow/example_dags/example_short_circuit_operator.py for tasks to queue
[2024-11-12T00:14:49.838+0000] {logging_mixin.py:188} INFO - [2024-11-12T00:14:49.837+0000] {dagbag.py:545} INFO - Filling up the DagBag from /home/airflow/.local/lib/python3.12/site-packages/airflow/example_dags/example_short_circuit_operator.py
[2024-11-12T00:14:49.845+0000] {processor.py:840} INFO - DAG(s) 'example_short_circuit_operator' retrieved from /home/airflow/.local/lib/python3.12/site-packages/airflow/example_dags/example_short_circuit_operator.py
[2024-11-12T00:14:49.868+0000] {logging_mixin.py:188} INFO - [2024-11-12T00:14:49.868+0000] {dag.py:3096} INFO - Sync 1 DAGs
[2024-11-12T00:14:49.889+0000] {logging_mixin.py:188} INFO - [2024-11-12T00:14:49.889+0000] {dag.py:3954} INFO - Setting next_dagrun for example_short_circuit_operator to 2024-11-11 00:00:00+00:00, run_after=2024-11-12 00:00:00+00:00
[2024-11-12T00:14:49.907+0000] {processor.py:183} INFO - Processing /home/airflow/.local/lib/python3.12/site-packages/airflow/example_dags/example_short_circuit_operator.py took 0.077 seconds
[2024-11-12T00:15:20.385+0000] {processor.py:161} INFO - Started process (PID=1122) to work on /home/airflow/.local/lib/python3.12/site-packages/airflow/example_dags/example_short_circuit_operator.py
[2024-11-12T00:15:20.386+0000] {processor.py:830} INFO - Processing file /home/airflow/.local/lib/python3.12/site-packages/airflow/example_dags/example_short_circuit_operator.py for tasks to queue
[2024-11-12T00:15:20.388+0000] {logging_mixin.py:188} INFO - [2024-11-12T00:15:20.388+0000] {dagbag.py:545} INFO - Filling up the DagBag from /home/airflow/.local/lib/python3.12/site-packages/airflow/example_dags/example_short_circuit_operator.py
[2024-11-12T00:15:20.395+0000] {processor.py:840} INFO - DAG(s) 'example_short_circuit_operator' retrieved from /home/airflow/.local/lib/python3.12/site-packages/airflow/example_dags/example_short_circuit_operator.py
[2024-11-12T00:15:20.418+0000] {logging_mixin.py:188} INFO - [2024-11-12T00:15:20.417+0000] {dag.py:3096} INFO - Sync 1 DAGs
[2024-11-12T00:15:20.439+0000] {logging_mixin.py:188} INFO - [2024-11-12T00:15:20.439+0000] {dag.py:3954} INFO - Setting next_dagrun for example_short_circuit_operator to 2024-11-11 00:00:00+00:00, run_after=2024-11-12 00:00:00+00:00
[2024-11-12T00:15:20.456+0000] {processor.py:183} INFO - Processing /home/airflow/.local/lib/python3.12/site-packages/airflow/example_dags/example_short_circuit_operator.py took 0.078 seconds
[2024-11-12T00:15:50.662+0000] {processor.py:161} INFO - Started process (PID=1181) to work on /home/airflow/.local/lib/python3.12/site-packages/airflow/example_dags/example_short_circuit_operator.py
[2024-11-12T00:15:50.664+0000] {processor.py:830} INFO - Processing file /home/airflow/.local/lib/python3.12/site-packages/airflow/example_dags/example_short_circuit_operator.py for tasks to queue
[2024-11-12T00:15:50.666+0000] {logging_mixin.py:188} INFO - [2024-11-12T00:15:50.665+0000] {dagbag.py:545} INFO - Filling up the DagBag from /home/airflow/.local/lib/python3.12/site-packages/airflow/example_dags/example_short_circuit_operator.py
[2024-11-12T00:15:50.673+0000] {processor.py:840} INFO - DAG(s) 'example_short_circuit_operator' retrieved from /home/airflow/.local/lib/python3.12/site-packages/airflow/example_dags/example_short_circuit_operator.py
[2024-11-12T00:15:50.698+0000] {logging_mixin.py:188} INFO - [2024-11-12T00:15:50.698+0000] {dag.py:3096} INFO - Sync 1 DAGs
[2024-11-12T00:15:50.720+0000] {logging_mixin.py:188} INFO - [2024-11-12T00:15:50.720+0000] {dag.py:3954} INFO - Setting next_dagrun for example_short_circuit_operator to 2024-11-11 00:00:00+00:00, run_after=2024-11-12 00:00:00+00:00
[2024-11-12T00:15:50.738+0000] {processor.py:183} INFO - Processing /home/airflow/.local/lib/python3.12/site-packages/airflow/example_dags/example_short_circuit_operator.py took 0.082 seconds
[2024-11-12T00:16:20.926+0000] {processor.py:161} INFO - Started process (PID=1240) to work on /home/airflow/.local/lib/python3.12/site-packages/airflow/example_dags/example_short_circuit_operator.py
[2024-11-12T00:16:20.927+0000] {processor.py:830} INFO - Processing file /home/airflow/.local/lib/python3.12/site-packages/airflow/example_dags/example_short_circuit_operator.py for tasks to queue
[2024-11-12T00:16:20.929+0000] {logging_mixin.py:188} INFO - [2024-11-12T00:16:20.929+0000] {dagbag.py:545} INFO - Filling up the DagBag from /home/airflow/.local/lib/python3.12/site-packages/airflow/example_dags/example_short_circuit_operator.py
[2024-11-12T00:16:20.937+0000] {processor.py:840} INFO - DAG(s) 'example_short_circuit_operator' retrieved from /home/airflow/.local/lib/python3.12/site-packages/airflow/example_dags/example_short_circuit_operator.py
[2024-11-12T00:16:20.960+0000] {logging_mixin.py:188} INFO - [2024-11-12T00:16:20.959+0000] {dag.py:3096} INFO - Sync 1 DAGs
[2024-11-12T00:16:20.985+0000] {logging_mixin.py:188} INFO - [2024-11-12T00:16:20.985+0000] {dag.py:3954} INFO - Setting next_dagrun for example_short_circuit_operator to 2024-11-11 00:00:00+00:00, run_after=2024-11-12 00:00:00+00:00
[2024-11-12T00:16:21.007+0000] {processor.py:183} INFO - Processing /home/airflow/.local/lib/python3.12/site-packages/airflow/example_dags/example_short_circuit_operator.py took 0.086 seconds
[2024-11-12T00:16:51.732+0000] {processor.py:161} INFO - Started process (PID=1305) to work on /home/airflow/.local/lib/python3.12/site-packages/airflow/example_dags/example_short_circuit_operator.py
[2024-11-12T00:16:51.733+0000] {processor.py:830} INFO - Processing file /home/airflow/.local/lib/python3.12/site-packages/airflow/example_dags/example_short_circuit_operator.py for tasks to queue
[2024-11-12T00:16:51.735+0000] {logging_mixin.py:188} INFO - [2024-11-12T00:16:51.735+0000] {dagbag.py:545} INFO - Filling up the DagBag from /home/airflow/.local/lib/python3.12/site-packages/airflow/example_dags/example_short_circuit_operator.py
[2024-11-12T00:16:51.742+0000] {processor.py:840} INFO - DAG(s) 'example_short_circuit_operator' retrieved from /home/airflow/.local/lib/python3.12/site-packages/airflow/example_dags/example_short_circuit_operator.py
[2024-11-12T00:16:51.847+0000] {logging_mixin.py:188} INFO - [2024-11-12T00:16:51.846+0000] {dag.py:3096} INFO - Sync 1 DAGs
[2024-11-12T00:16:51.865+0000] {logging_mixin.py:188} INFO - [2024-11-12T00:16:51.864+0000] {dag.py:3954} INFO - Setting next_dagrun for example_short_circuit_operator to 2024-11-11 00:00:00+00:00, run_after=2024-11-12 00:00:00+00:00
[2024-11-12T00:16:51.881+0000] {processor.py:183} INFO - Processing /home/airflow/.local/lib/python3.12/site-packages/airflow/example_dags/example_short_circuit_operator.py took 0.155 seconds
[2024-11-12T00:17:22.892+0000] {processor.py:161} INFO - Started process (PID=1364) to work on /home/airflow/.local/lib/python3.12/site-packages/airflow/example_dags/example_short_circuit_operator.py
[2024-11-12T00:17:22.894+0000] {processor.py:830} INFO - Processing file /home/airflow/.local/lib/python3.12/site-packages/airflow/example_dags/example_short_circuit_operator.py for tasks to queue
[2024-11-12T00:17:22.901+0000] {logging_mixin.py:188} INFO - [2024-11-12T00:17:22.900+0000] {dagbag.py:545} INFO - Filling up the DagBag from /home/airflow/.local/lib/python3.12/site-packages/airflow/example_dags/example_short_circuit_operator.py
[2024-11-12T00:17:22.913+0000] {processor.py:840} INFO - DAG(s) 'example_short_circuit_operator' retrieved from /home/airflow/.local/lib/python3.12/site-packages/airflow/example_dags/example_short_circuit_operator.py
[2024-11-12T00:17:22.947+0000] {logging_mixin.py:188} INFO - [2024-11-12T00:17:22.947+0000] {dag.py:3096} INFO - Sync 1 DAGs
[2024-11-12T00:17:22.974+0000] {logging_mixin.py:188} INFO - [2024-11-12T00:17:22.974+0000] {dag.py:3954} INFO - Setting next_dagrun for example_short_circuit_operator to 2024-11-11 00:00:00+00:00, run_after=2024-11-12 00:00:00+00:00
[2024-11-12T00:17:22.993+0000] {processor.py:183} INFO - Processing /home/airflow/.local/lib/python3.12/site-packages/airflow/example_dags/example_short_circuit_operator.py took 0.107 seconds
[2024-11-12T00:17:53.235+0000] {processor.py:161} INFO - Started process (PID=1423) to work on /home/airflow/.local/lib/python3.12/site-packages/airflow/example_dags/example_short_circuit_operator.py
[2024-11-12T00:17:53.237+0000] {processor.py:830} INFO - Processing file /home/airflow/.local/lib/python3.12/site-packages/airflow/example_dags/example_short_circuit_operator.py for tasks to queue
[2024-11-12T00:17:53.239+0000] {logging_mixin.py:188} INFO - [2024-11-12T00:17:53.239+0000] {dagbag.py:545} INFO - Filling up the DagBag from /home/airflow/.local/lib/python3.12/site-packages/airflow/example_dags/example_short_circuit_operator.py
[2024-11-12T00:17:53.246+0000] {processor.py:840} INFO - DAG(s) 'example_short_circuit_operator' retrieved from /home/airflow/.local/lib/python3.12/site-packages/airflow/example_dags/example_short_circuit_operator.py
[2024-11-12T00:17:53.270+0000] {logging_mixin.py:188} INFO - [2024-11-12T00:17:53.269+0000] {dag.py:3096} INFO - Sync 1 DAGs
[2024-11-12T00:17:53.292+0000] {logging_mixin.py:188} INFO - [2024-11-12T00:17:53.292+0000] {dag.py:3954} INFO - Setting next_dagrun for example_short_circuit_operator to 2024-11-11 00:00:00+00:00, run_after=2024-11-12 00:00:00+00:00
[2024-11-12T00:17:53.310+0000] {processor.py:183} INFO - Processing /home/airflow/.local/lib/python3.12/site-packages/airflow/example_dags/example_short_circuit_operator.py took 0.081 seconds
[2024-11-12T00:18:23.486+0000] {processor.py:161} INFO - Started process (PID=1482) to work on /home/airflow/.local/lib/python3.12/site-packages/airflow/example_dags/example_short_circuit_operator.py
[2024-11-12T00:18:23.487+0000] {processor.py:830} INFO - Processing file /home/airflow/.local/lib/python3.12/site-packages/airflow/example_dags/example_short_circuit_operator.py for tasks to queue
[2024-11-12T00:18:23.489+0000] {logging_mixin.py:188} INFO - [2024-11-12T00:18:23.489+0000] {dagbag.py:545} INFO - Filling up the DagBag from /home/airflow/.local/lib/python3.12/site-packages/airflow/example_dags/example_short_circuit_operator.py
[2024-11-12T00:18:23.497+0000] {processor.py:840} INFO - DAG(s) 'example_short_circuit_operator' retrieved from /home/airflow/.local/lib/python3.12/site-packages/airflow/example_dags/example_short_circuit_operator.py
[2024-11-12T00:18:23.522+0000] {logging_mixin.py:188} INFO - [2024-11-12T00:18:23.522+0000] {dag.py:3096} INFO - Sync 1 DAGs
[2024-11-12T00:18:23.545+0000] {logging_mixin.py:188} INFO - [2024-11-12T00:18:23.544+0000] {dag.py:3954} INFO - Setting next_dagrun for example_short_circuit_operator to 2024-11-11 00:00:00+00:00, run_after=2024-11-12 00:00:00+00:00
[2024-11-12T00:18:23.566+0000] {processor.py:183} INFO - Processing /home/airflow/.local/lib/python3.12/site-packages/airflow/example_dags/example_short_circuit_operator.py took 0.086 seconds
[2024-11-12T00:18:54.278+0000] {processor.py:161} INFO - Started process (PID=1542) to work on /home/airflow/.local/lib/python3.12/site-packages/airflow/example_dags/example_short_circuit_operator.py
[2024-11-12T00:18:54.280+0000] {processor.py:830} INFO - Processing file /home/airflow/.local/lib/python3.12/site-packages/airflow/example_dags/example_short_circuit_operator.py for tasks to queue
[2024-11-12T00:18:54.283+0000] {logging_mixin.py:188} INFO - [2024-11-12T00:18:54.283+0000] {dagbag.py:545} INFO - Filling up the DagBag from /home/airflow/.local/lib/python3.12/site-packages/airflow/example_dags/example_short_circuit_operator.py
[2024-11-12T00:18:54.290+0000] {processor.py:840} INFO - DAG(s) 'example_short_circuit_operator' retrieved from /home/airflow/.local/lib/python3.12/site-packages/airflow/example_dags/example_short_circuit_operator.py
[2024-11-12T00:18:54.314+0000] {logging_mixin.py:188} INFO - [2024-11-12T00:18:54.314+0000] {dag.py:3096} INFO - Sync 1 DAGs
[2024-11-12T00:18:54.338+0000] {logging_mixin.py:188} INFO - [2024-11-12T00:18:54.338+0000] {dag.py:3954} INFO - Setting next_dagrun for example_short_circuit_operator to 2024-11-11 00:00:00+00:00, run_after=2024-11-12 00:00:00+00:00
[2024-11-12T00:18:54.356+0000] {processor.py:183} INFO - Processing /home/airflow/.local/lib/python3.12/site-packages/airflow/example_dags/example_short_circuit_operator.py took 0.084 seconds
[2024-11-12T00:19:24.816+0000] {processor.py:161} INFO - Started process (PID=1601) to work on /home/airflow/.local/lib/python3.12/site-packages/airflow/example_dags/example_short_circuit_operator.py
[2024-11-12T00:19:24.818+0000] {processor.py:830} INFO - Processing file /home/airflow/.local/lib/python3.12/site-packages/airflow/example_dags/example_short_circuit_operator.py for tasks to queue
[2024-11-12T00:19:24.820+0000] {logging_mixin.py:188} INFO - [2024-11-12T00:19:24.819+0000] {dagbag.py:545} INFO - Filling up the DagBag from /home/airflow/.local/lib/python3.12/site-packages/airflow/example_dags/example_short_circuit_operator.py
[2024-11-12T00:19:24.827+0000] {processor.py:840} INFO - DAG(s) 'example_short_circuit_operator' retrieved from /home/airflow/.local/lib/python3.12/site-packages/airflow/example_dags/example_short_circuit_operator.py
[2024-11-12T00:19:24.851+0000] {logging_mixin.py:188} INFO - [2024-11-12T00:19:24.850+0000] {dag.py:3096} INFO - Sync 1 DAGs
[2024-11-12T00:19:24.872+0000] {logging_mixin.py:188} INFO - [2024-11-12T00:19:24.872+0000] {dag.py:3954} INFO - Setting next_dagrun for example_short_circuit_operator to 2024-11-11 00:00:00+00:00, run_after=2024-11-12 00:00:00+00:00
[2024-11-12T00:19:24.890+0000] {processor.py:183} INFO - Processing /home/airflow/.local/lib/python3.12/site-packages/airflow/example_dags/example_short_circuit_operator.py took 0.079 seconds
[2024-11-12T00:19:55.167+0000] {processor.py:161} INFO - Started process (PID=1660) to work on /home/airflow/.local/lib/python3.12/site-packages/airflow/example_dags/example_short_circuit_operator.py
[2024-11-12T00:19:55.168+0000] {processor.py:830} INFO - Processing file /home/airflow/.local/lib/python3.12/site-packages/airflow/example_dags/example_short_circuit_operator.py for tasks to queue
[2024-11-12T00:19:55.170+0000] {logging_mixin.py:188} INFO - [2024-11-12T00:19:55.170+0000] {dagbag.py:545} INFO - Filling up the DagBag from /home/airflow/.local/lib/python3.12/site-packages/airflow/example_dags/example_short_circuit_operator.py
[2024-11-12T00:19:55.178+0000] {processor.py:840} INFO - DAG(s) 'example_short_circuit_operator' retrieved from /home/airflow/.local/lib/python3.12/site-packages/airflow/example_dags/example_short_circuit_operator.py
[2024-11-12T00:19:55.202+0000] {logging_mixin.py:188} INFO - [2024-11-12T00:19:55.202+0000] {dag.py:3096} INFO - Sync 1 DAGs
[2024-11-12T00:19:55.227+0000] {logging_mixin.py:188} INFO - [2024-11-12T00:19:55.226+0000] {dag.py:3954} INFO - Setting next_dagrun for example_short_circuit_operator to 2024-11-11 00:00:00+00:00, run_after=2024-11-12 00:00:00+00:00
[2024-11-12T00:19:55.246+0000] {processor.py:183} INFO - Processing /home/airflow/.local/lib/python3.12/site-packages/airflow/example_dags/example_short_circuit_operator.py took 0.085 seconds
[2024-11-12T00:20:25.688+0000] {processor.py:161} INFO - Started process (PID=1719) to work on /home/airflow/.local/lib/python3.12/site-packages/airflow/example_dags/example_short_circuit_operator.py
[2024-11-12T00:20:25.689+0000] {processor.py:830} INFO - Processing file /home/airflow/.local/lib/python3.12/site-packages/airflow/example_dags/example_short_circuit_operator.py for tasks to queue
[2024-11-12T00:20:25.691+0000] {logging_mixin.py:188} INFO - [2024-11-12T00:20:25.691+0000] {dagbag.py:545} INFO - Filling up the DagBag from /home/airflow/.local/lib/python3.12/site-packages/airflow/example_dags/example_short_circuit_operator.py
[2024-11-12T00:20:25.699+0000] {processor.py:840} INFO - DAG(s) 'example_short_circuit_operator' retrieved from /home/airflow/.local/lib/python3.12/site-packages/airflow/example_dags/example_short_circuit_operator.py
[2024-11-12T00:20:25.722+0000] {logging_mixin.py:188} INFO - [2024-11-12T00:20:25.722+0000] {dag.py:3096} INFO - Sync 1 DAGs
[2024-11-12T00:20:25.743+0000] {logging_mixin.py:188} INFO - [2024-11-12T00:20:25.743+0000] {dag.py:3954} INFO - Setting next_dagrun for example_short_circuit_operator to 2024-11-11 00:00:00+00:00, run_after=2024-11-12 00:00:00+00:00
[2024-11-12T00:20:25.761+0000] {processor.py:183} INFO - Processing /home/airflow/.local/lib/python3.12/site-packages/airflow/example_dags/example_short_circuit_operator.py took 0.079 seconds
[2024-11-12T00:20:55.900+0000] {processor.py:161} INFO - Started process (PID=1778) to work on /home/airflow/.local/lib/python3.12/site-packages/airflow/example_dags/example_short_circuit_operator.py
[2024-11-12T00:20:55.901+0000] {processor.py:830} INFO - Processing file /home/airflow/.local/lib/python3.12/site-packages/airflow/example_dags/example_short_circuit_operator.py for tasks to queue
[2024-11-12T00:20:55.903+0000] {logging_mixin.py:188} INFO - [2024-11-12T00:20:55.903+0000] {dagbag.py:545} INFO - Filling up the DagBag from /home/airflow/.local/lib/python3.12/site-packages/airflow/example_dags/example_short_circuit_operator.py
[2024-11-12T00:20:55.911+0000] {processor.py:840} INFO - DAG(s) 'example_short_circuit_operator' retrieved from /home/airflow/.local/lib/python3.12/site-packages/airflow/example_dags/example_short_circuit_operator.py
[2024-11-12T00:20:55.939+0000] {logging_mixin.py:188} INFO - [2024-11-12T00:20:55.938+0000] {dag.py:3096} INFO - Sync 1 DAGs
[2024-11-12T00:20:55.966+0000] {logging_mixin.py:188} INFO - [2024-11-12T00:20:55.966+0000] {dag.py:3954} INFO - Setting next_dagrun for example_short_circuit_operator to 2024-11-11 00:00:00+00:00, run_after=2024-11-12 00:00:00+00:00
[2024-11-12T00:20:55.987+0000] {processor.py:183} INFO - Processing /home/airflow/.local/lib/python3.12/site-packages/airflow/example_dags/example_short_circuit_operator.py took 0.094 seconds
[2024-11-12T00:21:26.269+0000] {processor.py:161} INFO - Started process (PID=1838) to work on /home/airflow/.local/lib/python3.12/site-packages/airflow/example_dags/example_short_circuit_operator.py
[2024-11-12T00:21:26.270+0000] {processor.py:830} INFO - Processing file /home/airflow/.local/lib/python3.12/site-packages/airflow/example_dags/example_short_circuit_operator.py for tasks to queue
[2024-11-12T00:21:26.273+0000] {logging_mixin.py:188} INFO - [2024-11-12T00:21:26.272+0000] {dagbag.py:545} INFO - Filling up the DagBag from /home/airflow/.local/lib/python3.12/site-packages/airflow/example_dags/example_short_circuit_operator.py
[2024-11-12T00:21:26.280+0000] {processor.py:840} INFO - DAG(s) 'example_short_circuit_operator' retrieved from /home/airflow/.local/lib/python3.12/site-packages/airflow/example_dags/example_short_circuit_operator.py
[2024-11-12T00:21:26.309+0000] {logging_mixin.py:188} INFO - [2024-11-12T00:21:26.309+0000] {dag.py:3096} INFO - Sync 1 DAGs
[2024-11-12T00:21:26.339+0000] {logging_mixin.py:188} INFO - [2024-11-12T00:21:26.339+0000] {dag.py:3954} INFO - Setting next_dagrun for example_short_circuit_operator to 2024-11-11 00:00:00+00:00, run_after=2024-11-12 00:00:00+00:00
[2024-11-12T00:21:26.361+0000] {processor.py:183} INFO - Processing /home/airflow/.local/lib/python3.12/site-packages/airflow/example_dags/example_short_circuit_operator.py took 0.100 seconds
[2024-11-12T00:21:56.901+0000] {processor.py:161} INFO - Started process (PID=1897) to work on /home/airflow/.local/lib/python3.12/site-packages/airflow/example_dags/example_short_circuit_operator.py
[2024-11-12T00:21:56.903+0000] {processor.py:830} INFO - Processing file /home/airflow/.local/lib/python3.12/site-packages/airflow/example_dags/example_short_circuit_operator.py for tasks to queue
[2024-11-12T00:21:56.905+0000] {logging_mixin.py:188} INFO - [2024-11-12T00:21:56.905+0000] {dagbag.py:545} INFO - Filling up the DagBag from /home/airflow/.local/lib/python3.12/site-packages/airflow/example_dags/example_short_circuit_operator.py
[2024-11-12T00:21:56.913+0000] {processor.py:840} INFO - DAG(s) 'example_short_circuit_operator' retrieved from /home/airflow/.local/lib/python3.12/site-packages/airflow/example_dags/example_short_circuit_operator.py
[2024-11-12T00:21:57.022+0000] {logging_mixin.py:188} INFO - [2024-11-12T00:21:57.021+0000] {dag.py:3096} INFO - Sync 1 DAGs
[2024-11-12T00:21:57.039+0000] {logging_mixin.py:188} INFO - [2024-11-12T00:21:57.039+0000] {dag.py:3954} INFO - Setting next_dagrun for example_short_circuit_operator to 2024-11-11 00:00:00+00:00, run_after=2024-11-12 00:00:00+00:00
[2024-11-12T00:21:57.056+0000] {processor.py:183} INFO - Processing /home/airflow/.local/lib/python3.12/site-packages/airflow/example_dags/example_short_circuit_operator.py took 0.160 seconds
[2024-11-12T00:22:27.973+0000] {processor.py:161} INFO - Started process (PID=1956) to work on /home/airflow/.local/lib/python3.12/site-packages/airflow/example_dags/example_short_circuit_operator.py
[2024-11-12T00:22:27.974+0000] {processor.py:830} INFO - Processing file /home/airflow/.local/lib/python3.12/site-packages/airflow/example_dags/example_short_circuit_operator.py for tasks to queue
[2024-11-12T00:22:27.977+0000] {logging_mixin.py:188} INFO - [2024-11-12T00:22:27.976+0000] {dagbag.py:545} INFO - Filling up the DagBag from /home/airflow/.local/lib/python3.12/site-packages/airflow/example_dags/example_short_circuit_operator.py
[2024-11-12T00:22:27.984+0000] {processor.py:840} INFO - DAG(s) 'example_short_circuit_operator' retrieved from /home/airflow/.local/lib/python3.12/site-packages/airflow/example_dags/example_short_circuit_operator.py
[2024-11-12T00:22:28.009+0000] {logging_mixin.py:188} INFO - [2024-11-12T00:22:28.008+0000] {dag.py:3096} INFO - Sync 1 DAGs
[2024-11-12T00:22:28.031+0000] {logging_mixin.py:188} INFO - [2024-11-12T00:22:28.030+0000] {dag.py:3954} INFO - Setting next_dagrun for example_short_circuit_operator to 2024-11-11 00:00:00+00:00, run_after=2024-11-12 00:00:00+00:00
[2024-11-12T00:22:28.048+0000] {processor.py:183} INFO - Processing /home/airflow/.local/lib/python3.12/site-packages/airflow/example_dags/example_short_circuit_operator.py took 0.081 seconds
[2024-11-12T00:22:58.144+0000] {processor.py:161} INFO - Started process (PID=2015) to work on /home/airflow/.local/lib/python3.12/site-packages/airflow/example_dags/example_short_circuit_operator.py
[2024-11-12T00:22:58.145+0000] {processor.py:830} INFO - Processing file /home/airflow/.local/lib/python3.12/site-packages/airflow/example_dags/example_short_circuit_operator.py for tasks to queue
[2024-11-12T00:22:58.147+0000] {logging_mixin.py:188} INFO - [2024-11-12T00:22:58.147+0000] {dagbag.py:545} INFO - Filling up the DagBag from /home/airflow/.local/lib/python3.12/site-packages/airflow/example_dags/example_short_circuit_operator.py
[2024-11-12T00:22:58.155+0000] {processor.py:840} INFO - DAG(s) 'example_short_circuit_operator' retrieved from /home/airflow/.local/lib/python3.12/site-packages/airflow/example_dags/example_short_circuit_operator.py
[2024-11-12T00:22:58.180+0000] {logging_mixin.py:188} INFO - [2024-11-12T00:22:58.180+0000] {dag.py:3096} INFO - Sync 1 DAGs
[2024-11-12T00:22:58.202+0000] {logging_mixin.py:188} INFO - [2024-11-12T00:22:58.202+0000] {dag.py:3954} INFO - Setting next_dagrun for example_short_circuit_operator to 2024-11-11 00:00:00+00:00, run_after=2024-11-12 00:00:00+00:00
[2024-11-12T00:22:58.221+0000] {processor.py:183} INFO - Processing /home/airflow/.local/lib/python3.12/site-packages/airflow/example_dags/example_short_circuit_operator.py took 0.083 seconds
[2024-11-12T00:23:28.468+0000] {processor.py:161} INFO - Started process (PID=2077) to work on /home/airflow/.local/lib/python3.12/site-packages/airflow/example_dags/example_short_circuit_operator.py
[2024-11-12T00:23:28.469+0000] {processor.py:830} INFO - Processing file /home/airflow/.local/lib/python3.12/site-packages/airflow/example_dags/example_short_circuit_operator.py for tasks to queue
[2024-11-12T00:23:28.471+0000] {logging_mixin.py:188} INFO - [2024-11-12T00:23:28.471+0000] {dagbag.py:545} INFO - Filling up the DagBag from /home/airflow/.local/lib/python3.12/site-packages/airflow/example_dags/example_short_circuit_operator.py
[2024-11-12T00:23:28.479+0000] {processor.py:840} INFO - DAG(s) 'example_short_circuit_operator' retrieved from /home/airflow/.local/lib/python3.12/site-packages/airflow/example_dags/example_short_circuit_operator.py
[2024-11-12T00:23:28.503+0000] {logging_mixin.py:188} INFO - [2024-11-12T00:23:28.503+0000] {dag.py:3096} INFO - Sync 1 DAGs
[2024-11-12T00:23:28.528+0000] {logging_mixin.py:188} INFO - [2024-11-12T00:23:28.528+0000] {dag.py:3954} INFO - Setting next_dagrun for example_short_circuit_operator to 2024-11-11 00:00:00+00:00, run_after=2024-11-12 00:00:00+00:00
[2024-11-12T00:23:28.549+0000] {processor.py:183} INFO - Processing /home/airflow/.local/lib/python3.12/site-packages/airflow/example_dags/example_short_circuit_operator.py took 0.087 seconds
[2024-11-12T00:23:58.782+0000] {processor.py:161} INFO - Started process (PID=2136) to work on /home/airflow/.local/lib/python3.12/site-packages/airflow/example_dags/example_short_circuit_operator.py
[2024-11-12T00:23:58.783+0000] {processor.py:830} INFO - Processing file /home/airflow/.local/lib/python3.12/site-packages/airflow/example_dags/example_short_circuit_operator.py for tasks to queue
[2024-11-12T00:23:58.785+0000] {logging_mixin.py:188} INFO - [2024-11-12T00:23:58.785+0000] {dagbag.py:545} INFO - Filling up the DagBag from /home/airflow/.local/lib/python3.12/site-packages/airflow/example_dags/example_short_circuit_operator.py
[2024-11-12T00:23:58.792+0000] {processor.py:840} INFO - DAG(s) 'example_short_circuit_operator' retrieved from /home/airflow/.local/lib/python3.12/site-packages/airflow/example_dags/example_short_circuit_operator.py
[2024-11-12T00:23:58.816+0000] {logging_mixin.py:188} INFO - [2024-11-12T00:23:58.816+0000] {dag.py:3096} INFO - Sync 1 DAGs
[2024-11-12T00:23:58.837+0000] {logging_mixin.py:188} INFO - [2024-11-12T00:23:58.837+0000] {dag.py:3954} INFO - Setting next_dagrun for example_short_circuit_operator to 2024-11-11 00:00:00+00:00, run_after=2024-11-12 00:00:00+00:00
[2024-11-12T00:23:58.855+0000] {processor.py:183} INFO - Processing /home/airflow/.local/lib/python3.12/site-packages/airflow/example_dags/example_short_circuit_operator.py took 0.079 seconds
[2024-11-12T00:24:29.409+0000] {processor.py:161} INFO - Started process (PID=2195) to work on /home/airflow/.local/lib/python3.12/site-packages/airflow/example_dags/example_short_circuit_operator.py
[2024-11-12T00:24:29.411+0000] {processor.py:830} INFO - Processing file /home/airflow/.local/lib/python3.12/site-packages/airflow/example_dags/example_short_circuit_operator.py for tasks to queue
[2024-11-12T00:24:29.413+0000] {logging_mixin.py:188} INFO - [2024-11-12T00:24:29.412+0000] {dagbag.py:545} INFO - Filling up the DagBag from /home/airflow/.local/lib/python3.12/site-packages/airflow/example_dags/example_short_circuit_operator.py
[2024-11-12T00:24:29.423+0000] {processor.py:840} INFO - DAG(s) 'example_short_circuit_operator' retrieved from /home/airflow/.local/lib/python3.12/site-packages/airflow/example_dags/example_short_circuit_operator.py
[2024-11-12T00:24:29.453+0000] {logging_mixin.py:188} INFO - [2024-11-12T00:24:29.453+0000] {dag.py:3096} INFO - Sync 1 DAGs
[2024-11-12T00:24:29.478+0000] {logging_mixin.py:188} INFO - [2024-11-12T00:24:29.477+0000] {dag.py:3954} INFO - Setting next_dagrun for example_short_circuit_operator to 2024-11-11 00:00:00+00:00, run_after=2024-11-12 00:00:00+00:00
[2024-11-12T00:24:29.495+0000] {processor.py:183} INFO - Processing /home/airflow/.local/lib/python3.12/site-packages/airflow/example_dags/example_short_circuit_operator.py took 0.092 seconds
[2024-11-12T00:24:59.962+0000] {processor.py:161} INFO - Started process (PID=2254) to work on /home/airflow/.local/lib/python3.12/site-packages/airflow/example_dags/example_short_circuit_operator.py
[2024-11-12T00:24:59.963+0000] {processor.py:830} INFO - Processing file /home/airflow/.local/lib/python3.12/site-packages/airflow/example_dags/example_short_circuit_operator.py for tasks to queue
[2024-11-12T00:24:59.965+0000] {logging_mixin.py:188} INFO - [2024-11-12T00:24:59.965+0000] {dagbag.py:545} INFO - Filling up the DagBag from /home/airflow/.local/lib/python3.12/site-packages/airflow/example_dags/example_short_circuit_operator.py
[2024-11-12T00:24:59.973+0000] {processor.py:840} INFO - DAG(s) 'example_short_circuit_operator' retrieved from /home/airflow/.local/lib/python3.12/site-packages/airflow/example_dags/example_short_circuit_operator.py
[2024-11-12T00:24:59.996+0000] {logging_mixin.py:188} INFO - [2024-11-12T00:24:59.996+0000] {dag.py:3096} INFO - Sync 1 DAGs
[2024-11-12T00:25:00.022+0000] {logging_mixin.py:188} INFO - [2024-11-12T00:25:00.022+0000] {dag.py:3954} INFO - Setting next_dagrun for example_short_circuit_operator to 2024-11-11 00:00:00+00:00, run_after=2024-11-12 00:00:00+00:00
[2024-11-12T00:25:00.040+0000] {processor.py:183} INFO - Processing /home/airflow/.local/lib/python3.12/site-packages/airflow/example_dags/example_short_circuit_operator.py took 0.084 seconds
[2024-11-12T00:25:30.761+0000] {processor.py:161} INFO - Started process (PID=2313) to work on /home/airflow/.local/lib/python3.12/site-packages/airflow/example_dags/example_short_circuit_operator.py
[2024-11-12T00:25:30.762+0000] {processor.py:830} INFO - Processing file /home/airflow/.local/lib/python3.12/site-packages/airflow/example_dags/example_short_circuit_operator.py for tasks to queue
[2024-11-12T00:25:30.765+0000] {logging_mixin.py:188} INFO - [2024-11-12T00:25:30.764+0000] {dagbag.py:545} INFO - Filling up the DagBag from /home/airflow/.local/lib/python3.12/site-packages/airflow/example_dags/example_short_circuit_operator.py
[2024-11-12T00:25:30.774+0000] {processor.py:840} INFO - DAG(s) 'example_short_circuit_operator' retrieved from /home/airflow/.local/lib/python3.12/site-packages/airflow/example_dags/example_short_circuit_operator.py
[2024-11-12T00:25:30.805+0000] {logging_mixin.py:188} INFO - [2024-11-12T00:25:30.804+0000] {dag.py:3096} INFO - Sync 1 DAGs
[2024-11-12T00:25:30.827+0000] {logging_mixin.py:188} INFO - [2024-11-12T00:25:30.827+0000] {dag.py:3954} INFO - Setting next_dagrun for example_short_circuit_operator to 2024-11-11 00:00:00+00:00, run_after=2024-11-12 00:00:00+00:00
[2024-11-12T00:25:30.845+0000] {processor.py:183} INFO - Processing /home/airflow/.local/lib/python3.12/site-packages/airflow/example_dags/example_short_circuit_operator.py took 0.093 seconds
