[2024-11-12T00:06:45.394+0000] {processor.py:161} INFO - Started process (PID=150) to work on /home/airflow/.local/lib/python3.12/site-packages/airflow/example_dags/example_sensor_decorator.py
[2024-11-12T00:06:45.395+0000] {processor.py:830} INFO - Processing file /home/airflow/.local/lib/python3.12/site-packages/airflow/example_dags/example_sensor_decorator.py for tasks to queue
[2024-11-12T00:06:45.398+0000] {logging_mixin.py:188} INFO - [2024-11-12T00:06:45.397+0000] {dagbag.py:545} INFO - Filling up the DagBag from /home/airflow/.local/lib/python3.12/site-packages/airflow/example_dags/example_sensor_decorator.py
[2024-11-12T00:06:45.407+0000] {processor.py:840} INFO - DAG(s) 'example_sensor_decorator' retrieved from /home/airflow/.local/lib/python3.12/site-packages/airflow/example_dags/example_sensor_decorator.py
[2024-11-12T00:06:45.513+0000] {logging_mixin.py:188} INFO - [2024-11-12T00:06:45.512+0000] {dag.py:3096} INFO - Sync 1 DAGs
[2024-11-12T00:06:45.524+0000] {logging_mixin.py:188} INFO - [2024-11-12T00:06:45.523+0000] {dag.py:3954} INFO - Setting next_dagrun for example_sensor_decorator to None, run_after=None
[2024-11-12T00:06:45.543+0000] {processor.py:183} INFO - Processing /home/airflow/.local/lib/python3.12/site-packages/airflow/example_dags/example_sensor_decorator.py took 0.155 seconds
[2024-11-12T00:07:17.300+0000] {processor.py:161} INFO - Started process (PID=209) to work on /home/airflow/.local/lib/python3.12/site-packages/airflow/example_dags/example_sensor_decorator.py
[2024-11-12T00:07:17.308+0000] {processor.py:830} INFO - Processing file /home/airflow/.local/lib/python3.12/site-packages/airflow/example_dags/example_sensor_decorator.py for tasks to queue
[2024-11-12T00:07:17.310+0000] {logging_mixin.py:188} INFO - [2024-11-12T00:07:17.310+0000] {dagbag.py:545} INFO - Filling up the DagBag from /home/airflow/.local/lib/python3.12/site-packages/airflow/example_dags/example_sensor_decorator.py
[2024-11-12T00:07:17.316+0000] {processor.py:840} INFO - DAG(s) 'example_sensor_decorator' retrieved from /home/airflow/.local/lib/python3.12/site-packages/airflow/example_dags/example_sensor_decorator.py
[2024-11-12T00:07:17.336+0000] {logging_mixin.py:188} INFO - [2024-11-12T00:07:17.336+0000] {dag.py:3096} INFO - Sync 1 DAGs
[2024-11-12T00:07:17.348+0000] {logging_mixin.py:188} INFO - [2024-11-12T00:07:17.348+0000] {dag.py:3954} INFO - Setting next_dagrun for example_sensor_decorator to None, run_after=None
[2024-11-12T00:07:17.368+0000] {processor.py:183} INFO - Processing /home/airflow/.local/lib/python3.12/site-packages/airflow/example_dags/example_sensor_decorator.py took 0.074 seconds
[2024-11-12T00:07:47.685+0000] {processor.py:161} INFO - Started process (PID=268) to work on /home/airflow/.local/lib/python3.12/site-packages/airflow/example_dags/example_sensor_decorator.py
[2024-11-12T00:07:47.687+0000] {processor.py:830} INFO - Processing file /home/airflow/.local/lib/python3.12/site-packages/airflow/example_dags/example_sensor_decorator.py for tasks to queue
[2024-11-12T00:07:47.689+0000] {logging_mixin.py:188} INFO - [2024-11-12T00:07:47.689+0000] {dagbag.py:545} INFO - Filling up the DagBag from /home/airflow/.local/lib/python3.12/site-packages/airflow/example_dags/example_sensor_decorator.py
[2024-11-12T00:07:47.696+0000] {processor.py:840} INFO - DAG(s) 'example_sensor_decorator' retrieved from /home/airflow/.local/lib/python3.12/site-packages/airflow/example_dags/example_sensor_decorator.py
[2024-11-12T00:07:47.715+0000] {logging_mixin.py:188} INFO - [2024-11-12T00:07:47.715+0000] {dag.py:3096} INFO - Sync 1 DAGs
[2024-11-12T00:07:47.728+0000] {logging_mixin.py:188} INFO - [2024-11-12T00:07:47.728+0000] {dag.py:3954} INFO - Setting next_dagrun for example_sensor_decorator to None, run_after=None
[2024-11-12T00:07:47.746+0000] {processor.py:183} INFO - Processing /home/airflow/.local/lib/python3.12/site-packages/airflow/example_dags/example_sensor_decorator.py took 0.066 seconds
[2024-11-12T00:08:18.025+0000] {processor.py:161} INFO - Started process (PID=327) to work on /home/airflow/.local/lib/python3.12/site-packages/airflow/example_dags/example_sensor_decorator.py
[2024-11-12T00:08:18.026+0000] {processor.py:830} INFO - Processing file /home/airflow/.local/lib/python3.12/site-packages/airflow/example_dags/example_sensor_decorator.py for tasks to queue
[2024-11-12T00:08:18.028+0000] {logging_mixin.py:188} INFO - [2024-11-12T00:08:18.028+0000] {dagbag.py:545} INFO - Filling up the DagBag from /home/airflow/.local/lib/python3.12/site-packages/airflow/example_dags/example_sensor_decorator.py
[2024-11-12T00:08:18.035+0000] {processor.py:840} INFO - DAG(s) 'example_sensor_decorator' retrieved from /home/airflow/.local/lib/python3.12/site-packages/airflow/example_dags/example_sensor_decorator.py
[2024-11-12T00:08:18.055+0000] {logging_mixin.py:188} INFO - [2024-11-12T00:08:18.055+0000] {dag.py:3096} INFO - Sync 1 DAGs
[2024-11-12T00:08:18.068+0000] {logging_mixin.py:188} INFO - [2024-11-12T00:08:18.067+0000] {dag.py:3954} INFO - Setting next_dagrun for example_sensor_decorator to None, run_after=None
[2024-11-12T00:08:18.085+0000] {processor.py:183} INFO - Processing /home/airflow/.local/lib/python3.12/site-packages/airflow/example_dags/example_sensor_decorator.py took 0.066 seconds
[2024-11-12T00:08:48.343+0000] {processor.py:161} INFO - Started process (PID=386) to work on /home/airflow/.local/lib/python3.12/site-packages/airflow/example_dags/example_sensor_decorator.py
[2024-11-12T00:08:48.344+0000] {processor.py:830} INFO - Processing file /home/airflow/.local/lib/python3.12/site-packages/airflow/example_dags/example_sensor_decorator.py for tasks to queue
[2024-11-12T00:08:48.346+0000] {logging_mixin.py:188} INFO - [2024-11-12T00:08:48.346+0000] {dagbag.py:545} INFO - Filling up the DagBag from /home/airflow/.local/lib/python3.12/site-packages/airflow/example_dags/example_sensor_decorator.py
[2024-11-12T00:08:48.353+0000] {processor.py:840} INFO - DAG(s) 'example_sensor_decorator' retrieved from /home/airflow/.local/lib/python3.12/site-packages/airflow/example_dags/example_sensor_decorator.py
[2024-11-12T00:08:48.373+0000] {logging_mixin.py:188} INFO - [2024-11-12T00:08:48.372+0000] {dag.py:3096} INFO - Sync 1 DAGs
[2024-11-12T00:08:48.386+0000] {logging_mixin.py:188} INFO - [2024-11-12T00:08:48.385+0000] {dag.py:3954} INFO - Setting next_dagrun for example_sensor_decorator to None, run_after=None
[2024-11-12T00:08:48.403+0000] {processor.py:183} INFO - Processing /home/airflow/.local/lib/python3.12/site-packages/airflow/example_dags/example_sensor_decorator.py took 0.066 seconds
[2024-11-12T00:09:18.527+0000] {processor.py:161} INFO - Started process (PID=445) to work on /home/airflow/.local/lib/python3.12/site-packages/airflow/example_dags/example_sensor_decorator.py
[2024-11-12T00:09:18.528+0000] {processor.py:830} INFO - Processing file /home/airflow/.local/lib/python3.12/site-packages/airflow/example_dags/example_sensor_decorator.py for tasks to queue
[2024-11-12T00:09:18.530+0000] {logging_mixin.py:188} INFO - [2024-11-12T00:09:18.530+0000] {dagbag.py:545} INFO - Filling up the DagBag from /home/airflow/.local/lib/python3.12/site-packages/airflow/example_dags/example_sensor_decorator.py
[2024-11-12T00:09:18.536+0000] {processor.py:840} INFO - DAG(s) 'example_sensor_decorator' retrieved from /home/airflow/.local/lib/python3.12/site-packages/airflow/example_dags/example_sensor_decorator.py
[2024-11-12T00:09:18.556+0000] {logging_mixin.py:188} INFO - [2024-11-12T00:09:18.556+0000] {dag.py:3096} INFO - Sync 1 DAGs
[2024-11-12T00:09:18.569+0000] {logging_mixin.py:188} INFO - [2024-11-12T00:09:18.568+0000] {dag.py:3954} INFO - Setting next_dagrun for example_sensor_decorator to None, run_after=None
[2024-11-12T00:09:18.589+0000] {processor.py:183} INFO - Processing /home/airflow/.local/lib/python3.12/site-packages/airflow/example_dags/example_sensor_decorator.py took 0.068 seconds
[2024-11-12T00:09:48.880+0000] {processor.py:161} INFO - Started process (PID=504) to work on /home/airflow/.local/lib/python3.12/site-packages/airflow/example_dags/example_sensor_decorator.py
[2024-11-12T00:09:48.881+0000] {processor.py:830} INFO - Processing file /home/airflow/.local/lib/python3.12/site-packages/airflow/example_dags/example_sensor_decorator.py for tasks to queue
[2024-11-12T00:09:48.883+0000] {logging_mixin.py:188} INFO - [2024-11-12T00:09:48.883+0000] {dagbag.py:545} INFO - Filling up the DagBag from /home/airflow/.local/lib/python3.12/site-packages/airflow/example_dags/example_sensor_decorator.py
[2024-11-12T00:09:48.891+0000] {processor.py:840} INFO - DAG(s) 'example_sensor_decorator' retrieved from /home/airflow/.local/lib/python3.12/site-packages/airflow/example_dags/example_sensor_decorator.py
[2024-11-12T00:09:48.912+0000] {logging_mixin.py:188} INFO - [2024-11-12T00:09:48.911+0000] {dag.py:3096} INFO - Sync 1 DAGs
[2024-11-12T00:09:48.925+0000] {logging_mixin.py:188} INFO - [2024-11-12T00:09:48.925+0000] {dag.py:3954} INFO - Setting next_dagrun for example_sensor_decorator to None, run_after=None
[2024-11-12T00:09:48.944+0000] {processor.py:183} INFO - Processing /home/airflow/.local/lib/python3.12/site-packages/airflow/example_dags/example_sensor_decorator.py took 0.070 seconds
[2024-11-12T00:10:20.320+0000] {processor.py:161} INFO - Started process (PID=563) to work on /home/airflow/.local/lib/python3.12/site-packages/airflow/example_dags/example_sensor_decorator.py
[2024-11-12T00:10:20.321+0000] {processor.py:830} INFO - Processing file /home/airflow/.local/lib/python3.12/site-packages/airflow/example_dags/example_sensor_decorator.py for tasks to queue
[2024-11-12T00:10:20.323+0000] {logging_mixin.py:188} INFO - [2024-11-12T00:10:20.323+0000] {dagbag.py:545} INFO - Filling up the DagBag from /home/airflow/.local/lib/python3.12/site-packages/airflow/example_dags/example_sensor_decorator.py
[2024-11-12T00:10:20.330+0000] {processor.py:840} INFO - DAG(s) 'example_sensor_decorator' retrieved from /home/airflow/.local/lib/python3.12/site-packages/airflow/example_dags/example_sensor_decorator.py
[2024-11-12T00:10:20.431+0000] {logging_mixin.py:188} INFO - [2024-11-12T00:10:20.431+0000] {dag.py:3096} INFO - Sync 1 DAGs
[2024-11-12T00:10:20.442+0000] {logging_mixin.py:188} INFO - [2024-11-12T00:10:20.441+0000] {dag.py:3954} INFO - Setting next_dagrun for example_sensor_decorator to None, run_after=None
[2024-11-12T00:10:20.460+0000] {processor.py:183} INFO - Processing /home/airflow/.local/lib/python3.12/site-packages/airflow/example_dags/example_sensor_decorator.py took 0.146 seconds
[2024-11-12T00:10:51.183+0000] {processor.py:161} INFO - Started process (PID=628) to work on /home/airflow/.local/lib/python3.12/site-packages/airflow/example_dags/example_sensor_decorator.py
[2024-11-12T00:10:51.184+0000] {processor.py:830} INFO - Processing file /home/airflow/.local/lib/python3.12/site-packages/airflow/example_dags/example_sensor_decorator.py for tasks to queue
[2024-11-12T00:10:51.186+0000] {logging_mixin.py:188} INFO - [2024-11-12T00:10:51.186+0000] {dagbag.py:545} INFO - Filling up the DagBag from /home/airflow/.local/lib/python3.12/site-packages/airflow/example_dags/example_sensor_decorator.py
[2024-11-12T00:10:51.193+0000] {processor.py:840} INFO - DAG(s) 'example_sensor_decorator' retrieved from /home/airflow/.local/lib/python3.12/site-packages/airflow/example_dags/example_sensor_decorator.py
[2024-11-12T00:10:51.214+0000] {logging_mixin.py:188} INFO - [2024-11-12T00:10:51.213+0000] {dag.py:3096} INFO - Sync 1 DAGs
[2024-11-12T00:10:51.229+0000] {logging_mixin.py:188} INFO - [2024-11-12T00:10:51.229+0000] {dag.py:3954} INFO - Setting next_dagrun for example_sensor_decorator to None, run_after=None
[2024-11-12T00:10:51.247+0000] {processor.py:183} INFO - Processing /home/airflow/.local/lib/python3.12/site-packages/airflow/example_dags/example_sensor_decorator.py took 0.070 seconds
[2024-11-12T00:11:22.127+0000] {processor.py:161} INFO - Started process (PID=687) to work on /home/airflow/.local/lib/python3.12/site-packages/airflow/example_dags/example_sensor_decorator.py
[2024-11-12T00:11:22.128+0000] {processor.py:830} INFO - Processing file /home/airflow/.local/lib/python3.12/site-packages/airflow/example_dags/example_sensor_decorator.py for tasks to queue
[2024-11-12T00:11:22.131+0000] {logging_mixin.py:188} INFO - [2024-11-12T00:11:22.131+0000] {dagbag.py:545} INFO - Filling up the DagBag from /home/airflow/.local/lib/python3.12/site-packages/airflow/example_dags/example_sensor_decorator.py
[2024-11-12T00:11:22.137+0000] {processor.py:840} INFO - DAG(s) 'example_sensor_decorator' retrieved from /home/airflow/.local/lib/python3.12/site-packages/airflow/example_dags/example_sensor_decorator.py
[2024-11-12T00:11:22.157+0000] {logging_mixin.py:188} INFO - [2024-11-12T00:11:22.157+0000] {dag.py:3096} INFO - Sync 1 DAGs
[2024-11-12T00:11:22.172+0000] {logging_mixin.py:188} INFO - [2024-11-12T00:11:22.172+0000] {dag.py:3954} INFO - Setting next_dagrun for example_sensor_decorator to None, run_after=None
[2024-11-12T00:11:22.191+0000] {processor.py:183} INFO - Processing /home/airflow/.local/lib/python3.12/site-packages/airflow/example_dags/example_sensor_decorator.py took 0.070 seconds
[2024-11-12T00:11:53.175+0000] {processor.py:161} INFO - Started process (PID=746) to work on /home/airflow/.local/lib/python3.12/site-packages/airflow/example_dags/example_sensor_decorator.py
[2024-11-12T00:11:53.480+0000] {processor.py:830} INFO - Processing file /home/airflow/.local/lib/python3.12/site-packages/airflow/example_dags/example_sensor_decorator.py for tasks to queue
[2024-11-12T00:11:53.482+0000] {logging_mixin.py:188} INFO - [2024-11-12T00:11:53.482+0000] {dagbag.py:545} INFO - Filling up the DagBag from /home/airflow/.local/lib/python3.12/site-packages/airflow/example_dags/example_sensor_decorator.py
[2024-11-12T00:11:53.488+0000] {processor.py:840} INFO - DAG(s) 'example_sensor_decorator' retrieved from /home/airflow/.local/lib/python3.12/site-packages/airflow/example_dags/example_sensor_decorator.py
[2024-11-12T00:11:53.595+0000] {logging_mixin.py:188} INFO - [2024-11-12T00:11:53.595+0000] {dag.py:3096} INFO - Sync 1 DAGs
[2024-11-12T00:11:53.606+0000] {logging_mixin.py:188} INFO - [2024-11-12T00:11:53.605+0000] {dag.py:3954} INFO - Setting next_dagrun for example_sensor_decorator to None, run_after=None
[2024-11-12T00:11:53.624+0000] {processor.py:183} INFO - Processing /home/airflow/.local/lib/python3.12/site-packages/airflow/example_dags/example_sensor_decorator.py took 0.456 seconds
[2024-11-12T00:12:23.876+0000] {processor.py:161} INFO - Started process (PID=805) to work on /home/airflow/.local/lib/python3.12/site-packages/airflow/example_dags/example_sensor_decorator.py
[2024-11-12T00:12:23.877+0000] {processor.py:830} INFO - Processing file /home/airflow/.local/lib/python3.12/site-packages/airflow/example_dags/example_sensor_decorator.py for tasks to queue
[2024-11-12T00:12:23.880+0000] {logging_mixin.py:188} INFO - [2024-11-12T00:12:23.879+0000] {dagbag.py:545} INFO - Filling up the DagBag from /home/airflow/.local/lib/python3.12/site-packages/airflow/example_dags/example_sensor_decorator.py
[2024-11-12T00:12:23.888+0000] {processor.py:840} INFO - DAG(s) 'example_sensor_decorator' retrieved from /home/airflow/.local/lib/python3.12/site-packages/airflow/example_dags/example_sensor_decorator.py
[2024-11-12T00:12:23.908+0000] {logging_mixin.py:188} INFO - [2024-11-12T00:12:23.908+0000] {dag.py:3096} INFO - Sync 1 DAGs
[2024-11-12T00:12:23.921+0000] {logging_mixin.py:188} INFO - [2024-11-12T00:12:23.921+0000] {dag.py:3954} INFO - Setting next_dagrun for example_sensor_decorator to None, run_after=None
[2024-11-12T00:12:23.939+0000] {processor.py:183} INFO - Processing /home/airflow/.local/lib/python3.12/site-packages/airflow/example_dags/example_sensor_decorator.py took 0.070 seconds
[2024-11-12T00:12:54.251+0000] {processor.py:161} INFO - Started process (PID=864) to work on /home/airflow/.local/lib/python3.12/site-packages/airflow/example_dags/example_sensor_decorator.py
[2024-11-12T00:12:54.252+0000] {processor.py:830} INFO - Processing file /home/airflow/.local/lib/python3.12/site-packages/airflow/example_dags/example_sensor_decorator.py for tasks to queue
[2024-11-12T00:12:54.254+0000] {logging_mixin.py:188} INFO - [2024-11-12T00:12:54.254+0000] {dagbag.py:545} INFO - Filling up the DagBag from /home/airflow/.local/lib/python3.12/site-packages/airflow/example_dags/example_sensor_decorator.py
[2024-11-12T00:12:54.260+0000] {processor.py:840} INFO - DAG(s) 'example_sensor_decorator' retrieved from /home/airflow/.local/lib/python3.12/site-packages/airflow/example_dags/example_sensor_decorator.py
[2024-11-12T00:12:54.280+0000] {logging_mixin.py:188} INFO - [2024-11-12T00:12:54.279+0000] {dag.py:3096} INFO - Sync 1 DAGs
[2024-11-12T00:12:54.292+0000] {logging_mixin.py:188} INFO - [2024-11-12T00:12:54.291+0000] {dag.py:3954} INFO - Setting next_dagrun for example_sensor_decorator to None, run_after=None
[2024-11-12T00:12:54.310+0000] {processor.py:183} INFO - Processing /home/airflow/.local/lib/python3.12/site-packages/airflow/example_dags/example_sensor_decorator.py took 0.065 seconds
[2024-11-12T00:13:24.648+0000] {processor.py:161} INFO - Started process (PID=923) to work on /home/airflow/.local/lib/python3.12/site-packages/airflow/example_dags/example_sensor_decorator.py
[2024-11-12T00:13:24.650+0000] {processor.py:830} INFO - Processing file /home/airflow/.local/lib/python3.12/site-packages/airflow/example_dags/example_sensor_decorator.py for tasks to queue
[2024-11-12T00:13:24.652+0000] {logging_mixin.py:188} INFO - [2024-11-12T00:13:24.651+0000] {dagbag.py:545} INFO - Filling up the DagBag from /home/airflow/.local/lib/python3.12/site-packages/airflow/example_dags/example_sensor_decorator.py
[2024-11-12T00:13:24.659+0000] {processor.py:840} INFO - DAG(s) 'example_sensor_decorator' retrieved from /home/airflow/.local/lib/python3.12/site-packages/airflow/example_dags/example_sensor_decorator.py
[2024-11-12T00:13:24.689+0000] {logging_mixin.py:188} INFO - [2024-11-12T00:13:24.688+0000] {dag.py:3096} INFO - Sync 1 DAGs
[2024-11-12T00:13:24.705+0000] {logging_mixin.py:188} INFO - [2024-11-12T00:13:24.705+0000] {dag.py:3954} INFO - Setting next_dagrun for example_sensor_decorator to None, run_after=None
[2024-11-12T00:13:24.727+0000] {processor.py:183} INFO - Processing /home/airflow/.local/lib/python3.12/site-packages/airflow/example_dags/example_sensor_decorator.py took 0.085 seconds
[2024-11-12T00:13:55.173+0000] {processor.py:161} INFO - Started process (PID=982) to work on /home/airflow/.local/lib/python3.12/site-packages/airflow/example_dags/example_sensor_decorator.py
[2024-11-12T00:13:55.174+0000] {processor.py:830} INFO - Processing file /home/airflow/.local/lib/python3.12/site-packages/airflow/example_dags/example_sensor_decorator.py for tasks to queue
[2024-11-12T00:13:55.177+0000] {logging_mixin.py:188} INFO - [2024-11-12T00:13:55.176+0000] {dagbag.py:545} INFO - Filling up the DagBag from /home/airflow/.local/lib/python3.12/site-packages/airflow/example_dags/example_sensor_decorator.py
[2024-11-12T00:13:55.183+0000] {processor.py:840} INFO - DAG(s) 'example_sensor_decorator' retrieved from /home/airflow/.local/lib/python3.12/site-packages/airflow/example_dags/example_sensor_decorator.py
[2024-11-12T00:13:55.202+0000] {logging_mixin.py:188} INFO - [2024-11-12T00:13:55.202+0000] {dag.py:3096} INFO - Sync 1 DAGs
[2024-11-12T00:13:55.215+0000] {logging_mixin.py:188} INFO - [2024-11-12T00:13:55.215+0000] {dag.py:3954} INFO - Setting next_dagrun for example_sensor_decorator to None, run_after=None
[2024-11-12T00:13:55.233+0000] {processor.py:183} INFO - Processing /home/airflow/.local/lib/python3.12/site-packages/airflow/example_dags/example_sensor_decorator.py took 0.067 seconds
[2024-11-12T00:14:25.388+0000] {processor.py:161} INFO - Started process (PID=1041) to work on /home/airflow/.local/lib/python3.12/site-packages/airflow/example_dags/example_sensor_decorator.py
[2024-11-12T00:14:25.389+0000] {processor.py:830} INFO - Processing file /home/airflow/.local/lib/python3.12/site-packages/airflow/example_dags/example_sensor_decorator.py for tasks to queue
[2024-11-12T00:14:25.391+0000] {logging_mixin.py:188} INFO - [2024-11-12T00:14:25.390+0000] {dagbag.py:545} INFO - Filling up the DagBag from /home/airflow/.local/lib/python3.12/site-packages/airflow/example_dags/example_sensor_decorator.py
[2024-11-12T00:14:25.397+0000] {processor.py:840} INFO - DAG(s) 'example_sensor_decorator' retrieved from /home/airflow/.local/lib/python3.12/site-packages/airflow/example_dags/example_sensor_decorator.py
[2024-11-12T00:14:25.416+0000] {logging_mixin.py:188} INFO - [2024-11-12T00:14:25.416+0000] {dag.py:3096} INFO - Sync 1 DAGs
[2024-11-12T00:14:25.428+0000] {logging_mixin.py:188} INFO - [2024-11-12T00:14:25.428+0000] {dag.py:3954} INFO - Setting next_dagrun for example_sensor_decorator to None, run_after=None
[2024-11-12T00:14:25.447+0000] {processor.py:183} INFO - Processing /home/airflow/.local/lib/python3.12/site-packages/airflow/example_dags/example_sensor_decorator.py took 0.065 seconds
[2024-11-12T00:14:55.773+0000] {processor.py:161} INFO - Started process (PID=1100) to work on /home/airflow/.local/lib/python3.12/site-packages/airflow/example_dags/example_sensor_decorator.py
[2024-11-12T00:14:55.774+0000] {processor.py:830} INFO - Processing file /home/airflow/.local/lib/python3.12/site-packages/airflow/example_dags/example_sensor_decorator.py for tasks to queue
[2024-11-12T00:14:55.776+0000] {logging_mixin.py:188} INFO - [2024-11-12T00:14:55.776+0000] {dagbag.py:545} INFO - Filling up the DagBag from /home/airflow/.local/lib/python3.12/site-packages/airflow/example_dags/example_sensor_decorator.py
[2024-11-12T00:14:55.782+0000] {processor.py:840} INFO - DAG(s) 'example_sensor_decorator' retrieved from /home/airflow/.local/lib/python3.12/site-packages/airflow/example_dags/example_sensor_decorator.py
[2024-11-12T00:14:55.803+0000] {logging_mixin.py:188} INFO - [2024-11-12T00:14:55.803+0000] {dag.py:3096} INFO - Sync 1 DAGs
[2024-11-12T00:14:55.818+0000] {logging_mixin.py:188} INFO - [2024-11-12T00:14:55.818+0000] {dag.py:3954} INFO - Setting next_dagrun for example_sensor_decorator to None, run_after=None
[2024-11-12T00:14:55.839+0000] {processor.py:183} INFO - Processing /home/airflow/.local/lib/python3.12/site-packages/airflow/example_dags/example_sensor_decorator.py took 0.072 seconds
[2024-11-12T00:15:26.202+0000] {processor.py:161} INFO - Started process (PID=1159) to work on /home/airflow/.local/lib/python3.12/site-packages/airflow/example_dags/example_sensor_decorator.py
[2024-11-12T00:15:26.203+0000] {processor.py:830} INFO - Processing file /home/airflow/.local/lib/python3.12/site-packages/airflow/example_dags/example_sensor_decorator.py for tasks to queue
[2024-11-12T00:15:26.206+0000] {logging_mixin.py:188} INFO - [2024-11-12T00:15:26.205+0000] {dagbag.py:545} INFO - Filling up the DagBag from /home/airflow/.local/lib/python3.12/site-packages/airflow/example_dags/example_sensor_decorator.py
[2024-11-12T00:15:26.213+0000] {processor.py:840} INFO - DAG(s) 'example_sensor_decorator' retrieved from /home/airflow/.local/lib/python3.12/site-packages/airflow/example_dags/example_sensor_decorator.py
[2024-11-12T00:15:26.235+0000] {logging_mixin.py:188} INFO - [2024-11-12T00:15:26.235+0000] {dag.py:3096} INFO - Sync 1 DAGs
[2024-11-12T00:15:26.252+0000] {logging_mixin.py:188} INFO - [2024-11-12T00:15:26.252+0000] {dag.py:3954} INFO - Setting next_dagrun for example_sensor_decorator to None, run_after=None
[2024-11-12T00:15:26.274+0000] {processor.py:183} INFO - Processing /home/airflow/.local/lib/python3.12/site-packages/airflow/example_dags/example_sensor_decorator.py took 0.078 seconds
[2024-11-12T00:15:56.468+0000] {processor.py:161} INFO - Started process (PID=1218) to work on /home/airflow/.local/lib/python3.12/site-packages/airflow/example_dags/example_sensor_decorator.py
[2024-11-12T00:15:56.469+0000] {processor.py:830} INFO - Processing file /home/airflow/.local/lib/python3.12/site-packages/airflow/example_dags/example_sensor_decorator.py for tasks to queue
[2024-11-12T00:15:56.471+0000] {logging_mixin.py:188} INFO - [2024-11-12T00:15:56.471+0000] {dagbag.py:545} INFO - Filling up the DagBag from /home/airflow/.local/lib/python3.12/site-packages/airflow/example_dags/example_sensor_decorator.py
[2024-11-12T00:15:56.477+0000] {processor.py:840} INFO - DAG(s) 'example_sensor_decorator' retrieved from /home/airflow/.local/lib/python3.12/site-packages/airflow/example_dags/example_sensor_decorator.py
[2024-11-12T00:15:56.497+0000] {logging_mixin.py:188} INFO - [2024-11-12T00:15:56.497+0000] {dag.py:3096} INFO - Sync 1 DAGs
[2024-11-12T00:15:56.512+0000] {logging_mixin.py:188} INFO - [2024-11-12T00:15:56.512+0000] {dag.py:3954} INFO - Setting next_dagrun for example_sensor_decorator to None, run_after=None
[2024-11-12T00:15:56.530+0000] {processor.py:183} INFO - Processing /home/airflow/.local/lib/python3.12/site-packages/airflow/example_dags/example_sensor_decorator.py took 0.068 seconds
[2024-11-12T00:16:26.667+0000] {processor.py:161} INFO - Started process (PID=1277) to work on /home/airflow/.local/lib/python3.12/site-packages/airflow/example_dags/example_sensor_decorator.py
[2024-11-12T00:16:26.669+0000] {processor.py:830} INFO - Processing file /home/airflow/.local/lib/python3.12/site-packages/airflow/example_dags/example_sensor_decorator.py for tasks to queue
[2024-11-12T00:16:26.671+0000] {logging_mixin.py:188} INFO - [2024-11-12T00:16:26.671+0000] {dagbag.py:545} INFO - Filling up the DagBag from /home/airflow/.local/lib/python3.12/site-packages/airflow/example_dags/example_sensor_decorator.py
[2024-11-12T00:16:26.678+0000] {processor.py:840} INFO - DAG(s) 'example_sensor_decorator' retrieved from /home/airflow/.local/lib/python3.12/site-packages/airflow/example_dags/example_sensor_decorator.py
[2024-11-12T00:16:26.704+0000] {logging_mixin.py:188} INFO - [2024-11-12T00:16:26.703+0000] {dag.py:3096} INFO - Sync 1 DAGs
[2024-11-12T00:16:26.724+0000] {logging_mixin.py:188} INFO - [2024-11-12T00:16:26.723+0000] {dag.py:3954} INFO - Setting next_dagrun for example_sensor_decorator to None, run_after=None
[2024-11-12T00:16:26.747+0000] {processor.py:183} INFO - Processing /home/airflow/.local/lib/python3.12/site-packages/airflow/example_dags/example_sensor_decorator.py took 0.086 seconds
[2024-11-12T00:16:57.704+0000] {processor.py:161} INFO - Started process (PID=1336) to work on /home/airflow/.local/lib/python3.12/site-packages/airflow/example_dags/example_sensor_decorator.py
[2024-11-12T00:16:57.705+0000] {processor.py:830} INFO - Processing file /home/airflow/.local/lib/python3.12/site-packages/airflow/example_dags/example_sensor_decorator.py for tasks to queue
[2024-11-12T00:16:57.707+0000] {logging_mixin.py:188} INFO - [2024-11-12T00:16:57.707+0000] {dagbag.py:545} INFO - Filling up the DagBag from /home/airflow/.local/lib/python3.12/site-packages/airflow/example_dags/example_sensor_decorator.py
[2024-11-12T00:16:57.714+0000] {processor.py:840} INFO - DAG(s) 'example_sensor_decorator' retrieved from /home/airflow/.local/lib/python3.12/site-packages/airflow/example_dags/example_sensor_decorator.py
[2024-11-12T00:16:57.815+0000] {logging_mixin.py:188} INFO - [2024-11-12T00:16:57.814+0000] {dag.py:3096} INFO - Sync 1 DAGs
[2024-11-12T00:16:57.826+0000] {logging_mixin.py:188} INFO - [2024-11-12T00:16:57.826+0000] {dag.py:3954} INFO - Setting next_dagrun for example_sensor_decorator to None, run_after=None
[2024-11-12T00:16:57.845+0000] {processor.py:183} INFO - Processing /home/airflow/.local/lib/python3.12/site-packages/airflow/example_dags/example_sensor_decorator.py took 0.147 seconds
[2024-11-12T00:17:28.577+0000] {processor.py:161} INFO - Started process (PID=1395) to work on /home/airflow/.local/lib/python3.12/site-packages/airflow/example_dags/example_sensor_decorator.py
[2024-11-12T00:17:28.578+0000] {processor.py:830} INFO - Processing file /home/airflow/.local/lib/python3.12/site-packages/airflow/example_dags/example_sensor_decorator.py for tasks to queue
[2024-11-12T00:17:28.581+0000] {logging_mixin.py:188} INFO - [2024-11-12T00:17:28.580+0000] {dagbag.py:545} INFO - Filling up the DagBag from /home/airflow/.local/lib/python3.12/site-packages/airflow/example_dags/example_sensor_decorator.py
[2024-11-12T00:17:28.588+0000] {processor.py:840} INFO - DAG(s) 'example_sensor_decorator' retrieved from /home/airflow/.local/lib/python3.12/site-packages/airflow/example_dags/example_sensor_decorator.py
[2024-11-12T00:17:28.612+0000] {logging_mixin.py:188} INFO - [2024-11-12T00:17:28.611+0000] {dag.py:3096} INFO - Sync 1 DAGs
[2024-11-12T00:17:28.626+0000] {logging_mixin.py:188} INFO - [2024-11-12T00:17:28.626+0000] {dag.py:3954} INFO - Setting next_dagrun for example_sensor_decorator to None, run_after=None
[2024-11-12T00:17:28.644+0000] {processor.py:183} INFO - Processing /home/airflow/.local/lib/python3.12/site-packages/airflow/example_dags/example_sensor_decorator.py took 0.076 seconds
[2024-11-12T00:17:59.061+0000] {processor.py:161} INFO - Started process (PID=1454) to work on /home/airflow/.local/lib/python3.12/site-packages/airflow/example_dags/example_sensor_decorator.py
[2024-11-12T00:17:59.062+0000] {processor.py:830} INFO - Processing file /home/airflow/.local/lib/python3.12/site-packages/airflow/example_dags/example_sensor_decorator.py for tasks to queue
[2024-11-12T00:17:59.064+0000] {logging_mixin.py:188} INFO - [2024-11-12T00:17:59.064+0000] {dagbag.py:545} INFO - Filling up the DagBag from /home/airflow/.local/lib/python3.12/site-packages/airflow/example_dags/example_sensor_decorator.py
[2024-11-12T00:17:59.070+0000] {processor.py:840} INFO - DAG(s) 'example_sensor_decorator' retrieved from /home/airflow/.local/lib/python3.12/site-packages/airflow/example_dags/example_sensor_decorator.py
[2024-11-12T00:17:59.093+0000] {logging_mixin.py:188} INFO - [2024-11-12T00:17:59.092+0000] {dag.py:3096} INFO - Sync 1 DAGs
[2024-11-12T00:17:59.107+0000] {logging_mixin.py:188} INFO - [2024-11-12T00:17:59.106+0000] {dag.py:3954} INFO - Setting next_dagrun for example_sensor_decorator to None, run_after=None
[2024-11-12T00:17:59.125+0000] {processor.py:183} INFO - Processing /home/airflow/.local/lib/python3.12/site-packages/airflow/example_dags/example_sensor_decorator.py took 0.072 seconds
[2024-11-12T00:18:29.841+0000] {processor.py:161} INFO - Started process (PID=1514) to work on /home/airflow/.local/lib/python3.12/site-packages/airflow/example_dags/example_sensor_decorator.py
[2024-11-12T00:18:29.843+0000] {processor.py:830} INFO - Processing file /home/airflow/.local/lib/python3.12/site-packages/airflow/example_dags/example_sensor_decorator.py for tasks to queue
[2024-11-12T00:18:29.846+0000] {logging_mixin.py:188} INFO - [2024-11-12T00:18:29.845+0000] {dagbag.py:545} INFO - Filling up the DagBag from /home/airflow/.local/lib/python3.12/site-packages/airflow/example_dags/example_sensor_decorator.py
[2024-11-12T00:18:29.853+0000] {processor.py:840} INFO - DAG(s) 'example_sensor_decorator' retrieved from /home/airflow/.local/lib/python3.12/site-packages/airflow/example_dags/example_sensor_decorator.py
[2024-11-12T00:18:29.880+0000] {logging_mixin.py:188} INFO - [2024-11-12T00:18:29.879+0000] {dag.py:3096} INFO - Sync 1 DAGs
[2024-11-12T00:18:29.893+0000] {logging_mixin.py:188} INFO - [2024-11-12T00:18:29.893+0000] {dag.py:3954} INFO - Setting next_dagrun for example_sensor_decorator to None, run_after=None
[2024-11-12T00:18:29.913+0000] {processor.py:183} INFO - Processing /home/airflow/.local/lib/python3.12/site-packages/airflow/example_dags/example_sensor_decorator.py took 0.081 seconds
[2024-11-12T00:19:00.248+0000] {processor.py:161} INFO - Started process (PID=1573) to work on /home/airflow/.local/lib/python3.12/site-packages/airflow/example_dags/example_sensor_decorator.py
[2024-11-12T00:19:00.249+0000] {processor.py:830} INFO - Processing file /home/airflow/.local/lib/python3.12/site-packages/airflow/example_dags/example_sensor_decorator.py for tasks to queue
[2024-11-12T00:19:00.251+0000] {logging_mixin.py:188} INFO - [2024-11-12T00:19:00.251+0000] {dagbag.py:545} INFO - Filling up the DagBag from /home/airflow/.local/lib/python3.12/site-packages/airflow/example_dags/example_sensor_decorator.py
[2024-11-12T00:19:00.258+0000] {processor.py:840} INFO - DAG(s) 'example_sensor_decorator' retrieved from /home/airflow/.local/lib/python3.12/site-packages/airflow/example_dags/example_sensor_decorator.py
[2024-11-12T00:19:00.284+0000] {logging_mixin.py:188} INFO - [2024-11-12T00:19:00.283+0000] {dag.py:3096} INFO - Sync 1 DAGs
[2024-11-12T00:19:00.301+0000] {logging_mixin.py:188} INFO - [2024-11-12T00:19:00.301+0000] {dag.py:3954} INFO - Setting next_dagrun for example_sensor_decorator to None, run_after=None
[2024-11-12T00:19:00.320+0000] {processor.py:183} INFO - Processing /home/airflow/.local/lib/python3.12/site-packages/airflow/example_dags/example_sensor_decorator.py took 0.078 seconds
[2024-11-12T00:19:31.090+0000] {processor.py:161} INFO - Started process (PID=1632) to work on /home/airflow/.local/lib/python3.12/site-packages/airflow/example_dags/example_sensor_decorator.py
[2024-11-12T00:19:31.092+0000] {processor.py:830} INFO - Processing file /home/airflow/.local/lib/python3.12/site-packages/airflow/example_dags/example_sensor_decorator.py for tasks to queue
[2024-11-12T00:19:31.096+0000] {logging_mixin.py:188} INFO - [2024-11-12T00:19:31.095+0000] {dagbag.py:545} INFO - Filling up the DagBag from /home/airflow/.local/lib/python3.12/site-packages/airflow/example_dags/example_sensor_decorator.py
[2024-11-12T00:19:31.105+0000] {processor.py:840} INFO - DAG(s) 'example_sensor_decorator' retrieved from /home/airflow/.local/lib/python3.12/site-packages/airflow/example_dags/example_sensor_decorator.py
[2024-11-12T00:19:31.133+0000] {logging_mixin.py:188} INFO - [2024-11-12T00:19:31.132+0000] {dag.py:3096} INFO - Sync 1 DAGs
[2024-11-12T00:19:31.151+0000] {logging_mixin.py:188} INFO - [2024-11-12T00:19:31.150+0000] {dag.py:3954} INFO - Setting next_dagrun for example_sensor_decorator to None, run_after=None
[2024-11-12T00:19:31.190+0000] {processor.py:183} INFO - Processing /home/airflow/.local/lib/python3.12/site-packages/airflow/example_dags/example_sensor_decorator.py took 0.108 seconds
[2024-11-12T00:20:01.301+0000] {processor.py:161} INFO - Started process (PID=1691) to work on /home/airflow/.local/lib/python3.12/site-packages/airflow/example_dags/example_sensor_decorator.py
[2024-11-12T00:20:01.302+0000] {processor.py:830} INFO - Processing file /home/airflow/.local/lib/python3.12/site-packages/airflow/example_dags/example_sensor_decorator.py for tasks to queue
[2024-11-12T00:20:01.305+0000] {logging_mixin.py:188} INFO - [2024-11-12T00:20:01.304+0000] {dagbag.py:545} INFO - Filling up the DagBag from /home/airflow/.local/lib/python3.12/site-packages/airflow/example_dags/example_sensor_decorator.py
[2024-11-12T00:20:01.311+0000] {processor.py:840} INFO - DAG(s) 'example_sensor_decorator' retrieved from /home/airflow/.local/lib/python3.12/site-packages/airflow/example_dags/example_sensor_decorator.py
[2024-11-12T00:20:01.331+0000] {logging_mixin.py:188} INFO - [2024-11-12T00:20:01.330+0000] {dag.py:3096} INFO - Sync 1 DAGs
[2024-11-12T00:20:01.344+0000] {logging_mixin.py:188} INFO - [2024-11-12T00:20:01.344+0000] {dag.py:3954} INFO - Setting next_dagrun for example_sensor_decorator to None, run_after=None
[2024-11-12T00:20:01.363+0000] {processor.py:183} INFO - Processing /home/airflow/.local/lib/python3.12/site-packages/airflow/example_dags/example_sensor_decorator.py took 0.067 seconds
[2024-11-12T00:20:31.548+0000] {processor.py:161} INFO - Started process (PID=1750) to work on /home/airflow/.local/lib/python3.12/site-packages/airflow/example_dags/example_sensor_decorator.py
[2024-11-12T00:20:31.549+0000] {processor.py:830} INFO - Processing file /home/airflow/.local/lib/python3.12/site-packages/airflow/example_dags/example_sensor_decorator.py for tasks to queue
[2024-11-12T00:20:31.551+0000] {logging_mixin.py:188} INFO - [2024-11-12T00:20:31.551+0000] {dagbag.py:545} INFO - Filling up the DagBag from /home/airflow/.local/lib/python3.12/site-packages/airflow/example_dags/example_sensor_decorator.py
[2024-11-12T00:20:31.558+0000] {processor.py:840} INFO - DAG(s) 'example_sensor_decorator' retrieved from /home/airflow/.local/lib/python3.12/site-packages/airflow/example_dags/example_sensor_decorator.py
[2024-11-12T00:20:31.577+0000] {logging_mixin.py:188} INFO - [2024-11-12T00:20:31.577+0000] {dag.py:3096} INFO - Sync 1 DAGs
[2024-11-12T00:20:31.589+0000] {logging_mixin.py:188} INFO - [2024-11-12T00:20:31.589+0000] {dag.py:3954} INFO - Setting next_dagrun for example_sensor_decorator to None, run_after=None
[2024-11-12T00:20:31.609+0000] {processor.py:183} INFO - Processing /home/airflow/.local/lib/python3.12/site-packages/airflow/example_dags/example_sensor_decorator.py took 0.066 seconds
[2024-11-12T00:21:01.855+0000] {processor.py:161} INFO - Started process (PID=1809) to work on /home/airflow/.local/lib/python3.12/site-packages/airflow/example_dags/example_sensor_decorator.py
[2024-11-12T00:21:01.856+0000] {processor.py:830} INFO - Processing file /home/airflow/.local/lib/python3.12/site-packages/airflow/example_dags/example_sensor_decorator.py for tasks to queue
[2024-11-12T00:21:01.858+0000] {logging_mixin.py:188} INFO - [2024-11-12T00:21:01.858+0000] {dagbag.py:545} INFO - Filling up the DagBag from /home/airflow/.local/lib/python3.12/site-packages/airflow/example_dags/example_sensor_decorator.py
[2024-11-12T00:21:01.865+0000] {processor.py:840} INFO - DAG(s) 'example_sensor_decorator' retrieved from /home/airflow/.local/lib/python3.12/site-packages/airflow/example_dags/example_sensor_decorator.py
[2024-11-12T00:21:01.884+0000] {logging_mixin.py:188} INFO - [2024-11-12T00:21:01.884+0000] {dag.py:3096} INFO - Sync 1 DAGs
[2024-11-12T00:21:01.899+0000] {logging_mixin.py:188} INFO - [2024-11-12T00:21:01.899+0000] {dag.py:3954} INFO - Setting next_dagrun for example_sensor_decorator to None, run_after=None
[2024-11-12T00:21:01.920+0000] {processor.py:183} INFO - Processing /home/airflow/.local/lib/python3.12/site-packages/airflow/example_dags/example_sensor_decorator.py took 0.070 seconds
[2024-11-12T00:21:32.465+0000] {processor.py:161} INFO - Started process (PID=1869) to work on /home/airflow/.local/lib/python3.12/site-packages/airflow/example_dags/example_sensor_decorator.py
[2024-11-12T00:21:32.466+0000] {processor.py:830} INFO - Processing file /home/airflow/.local/lib/python3.12/site-packages/airflow/example_dags/example_sensor_decorator.py for tasks to queue
[2024-11-12T00:21:32.469+0000] {logging_mixin.py:188} INFO - [2024-11-12T00:21:32.469+0000] {dagbag.py:545} INFO - Filling up the DagBag from /home/airflow/.local/lib/python3.12/site-packages/airflow/example_dags/example_sensor_decorator.py
[2024-11-12T00:21:32.478+0000] {processor.py:840} INFO - DAG(s) 'example_sensor_decorator' retrieved from /home/airflow/.local/lib/python3.12/site-packages/airflow/example_dags/example_sensor_decorator.py
[2024-11-12T00:21:32.498+0000] {logging_mixin.py:188} INFO - [2024-11-12T00:21:32.497+0000] {dag.py:3096} INFO - Sync 1 DAGs
[2024-11-12T00:21:32.512+0000] {logging_mixin.py:188} INFO - [2024-11-12T00:21:32.512+0000] {dag.py:3954} INFO - Setting next_dagrun for example_sensor_decorator to None, run_after=None
[2024-11-12T00:21:32.530+0000] {processor.py:183} INFO - Processing /home/airflow/.local/lib/python3.12/site-packages/airflow/example_dags/example_sensor_decorator.py took 0.071 seconds
[2024-11-12T00:22:03.164+0000] {processor.py:161} INFO - Started process (PID=1928) to work on /home/airflow/.local/lib/python3.12/site-packages/airflow/example_dags/example_sensor_decorator.py
[2024-11-12T00:22:03.165+0000] {processor.py:830} INFO - Processing file /home/airflow/.local/lib/python3.12/site-packages/airflow/example_dags/example_sensor_decorator.py for tasks to queue
[2024-11-12T00:22:03.167+0000] {logging_mixin.py:188} INFO - [2024-11-12T00:22:03.167+0000] {dagbag.py:545} INFO - Filling up the DagBag from /home/airflow/.local/lib/python3.12/site-packages/airflow/example_dags/example_sensor_decorator.py
[2024-11-12T00:22:03.173+0000] {processor.py:840} INFO - DAG(s) 'example_sensor_decorator' retrieved from /home/airflow/.local/lib/python3.12/site-packages/airflow/example_dags/example_sensor_decorator.py
[2024-11-12T00:22:03.289+0000] {logging_mixin.py:188} INFO - [2024-11-12T00:22:03.289+0000] {dag.py:3096} INFO - Sync 1 DAGs
[2024-11-12T00:22:03.300+0000] {logging_mixin.py:188} INFO - [2024-11-12T00:22:03.300+0000] {dag.py:3954} INFO - Setting next_dagrun for example_sensor_decorator to None, run_after=None
[2024-11-12T00:22:03.320+0000] {processor.py:183} INFO - Processing /home/airflow/.local/lib/python3.12/site-packages/airflow/example_dags/example_sensor_decorator.py took 0.162 seconds
[2024-11-12T00:22:33.474+0000] {processor.py:161} INFO - Started process (PID=1987) to work on /home/airflow/.local/lib/python3.12/site-packages/airflow/example_dags/example_sensor_decorator.py
[2024-11-12T00:22:33.476+0000] {processor.py:830} INFO - Processing file /home/airflow/.local/lib/python3.12/site-packages/airflow/example_dags/example_sensor_decorator.py for tasks to queue
[2024-11-12T00:22:33.478+0000] {logging_mixin.py:188} INFO - [2024-11-12T00:22:33.477+0000] {dagbag.py:545} INFO - Filling up the DagBag from /home/airflow/.local/lib/python3.12/site-packages/airflow/example_dags/example_sensor_decorator.py
[2024-11-12T00:22:33.484+0000] {processor.py:840} INFO - DAG(s) 'example_sensor_decorator' retrieved from /home/airflow/.local/lib/python3.12/site-packages/airflow/example_dags/example_sensor_decorator.py
[2024-11-12T00:22:33.512+0000] {logging_mixin.py:188} INFO - [2024-11-12T00:22:33.512+0000] {dag.py:3096} INFO - Sync 1 DAGs
[2024-11-12T00:22:33.527+0000] {logging_mixin.py:188} INFO - [2024-11-12T00:22:33.527+0000] {dag.py:3954} INFO - Setting next_dagrun for example_sensor_decorator to None, run_after=None
[2024-11-12T00:22:33.544+0000] {processor.py:183} INFO - Processing /home/airflow/.local/lib/python3.12/site-packages/airflow/example_dags/example_sensor_decorator.py took 0.076 seconds
[2024-11-12T00:23:03.634+0000] {processor.py:161} INFO - Started process (PID=2046) to work on /home/airflow/.local/lib/python3.12/site-packages/airflow/example_dags/example_sensor_decorator.py
[2024-11-12T00:23:03.635+0000] {processor.py:830} INFO - Processing file /home/airflow/.local/lib/python3.12/site-packages/airflow/example_dags/example_sensor_decorator.py for tasks to queue
[2024-11-12T00:23:03.637+0000] {logging_mixin.py:188} INFO - [2024-11-12T00:23:03.637+0000] {dagbag.py:545} INFO - Filling up the DagBag from /home/airflow/.local/lib/python3.12/site-packages/airflow/example_dags/example_sensor_decorator.py
[2024-11-12T00:23:03.644+0000] {processor.py:840} INFO - DAG(s) 'example_sensor_decorator' retrieved from /home/airflow/.local/lib/python3.12/site-packages/airflow/example_dags/example_sensor_decorator.py
[2024-11-12T00:23:03.665+0000] {logging_mixin.py:188} INFO - [2024-11-12T00:23:03.665+0000] {dag.py:3096} INFO - Sync 1 DAGs
[2024-11-12T00:23:03.678+0000] {logging_mixin.py:188} INFO - [2024-11-12T00:23:03.678+0000] {dag.py:3954} INFO - Setting next_dagrun for example_sensor_decorator to None, run_after=None
[2024-11-12T00:23:03.698+0000] {processor.py:183} INFO - Processing /home/airflow/.local/lib/python3.12/site-packages/airflow/example_dags/example_sensor_decorator.py took 0.069 seconds
[2024-11-12T00:23:34.119+0000] {processor.py:161} INFO - Started process (PID=2108) to work on /home/airflow/.local/lib/python3.12/site-packages/airflow/example_dags/example_sensor_decorator.py
[2024-11-12T00:23:34.121+0000] {processor.py:830} INFO - Processing file /home/airflow/.local/lib/python3.12/site-packages/airflow/example_dags/example_sensor_decorator.py for tasks to queue
[2024-11-12T00:23:34.123+0000] {logging_mixin.py:188} INFO - [2024-11-12T00:23:34.123+0000] {dagbag.py:545} INFO - Filling up the DagBag from /home/airflow/.local/lib/python3.12/site-packages/airflow/example_dags/example_sensor_decorator.py
[2024-11-12T00:23:34.129+0000] {processor.py:840} INFO - DAG(s) 'example_sensor_decorator' retrieved from /home/airflow/.local/lib/python3.12/site-packages/airflow/example_dags/example_sensor_decorator.py
[2024-11-12T00:23:34.156+0000] {logging_mixin.py:188} INFO - [2024-11-12T00:23:34.155+0000] {dag.py:3096} INFO - Sync 1 DAGs
[2024-11-12T00:23:34.175+0000] {logging_mixin.py:188} INFO - [2024-11-12T00:23:34.175+0000] {dag.py:3954} INFO - Setting next_dagrun for example_sensor_decorator to None, run_after=None
[2024-11-12T00:23:34.199+0000] {processor.py:183} INFO - Processing /home/airflow/.local/lib/python3.12/site-packages/airflow/example_dags/example_sensor_decorator.py took 0.085 seconds
[2024-11-12T00:24:05.008+0000] {processor.py:161} INFO - Started process (PID=2167) to work on /home/airflow/.local/lib/python3.12/site-packages/airflow/example_dags/example_sensor_decorator.py
[2024-11-12T00:24:05.009+0000] {processor.py:830} INFO - Processing file /home/airflow/.local/lib/python3.12/site-packages/airflow/example_dags/example_sensor_decorator.py for tasks to queue
[2024-11-12T00:24:05.011+0000] {logging_mixin.py:188} INFO - [2024-11-12T00:24:05.011+0000] {dagbag.py:545} INFO - Filling up the DagBag from /home/airflow/.local/lib/python3.12/site-packages/airflow/example_dags/example_sensor_decorator.py
[2024-11-12T00:24:05.018+0000] {processor.py:840} INFO - DAG(s) 'example_sensor_decorator' retrieved from /home/airflow/.local/lib/python3.12/site-packages/airflow/example_dags/example_sensor_decorator.py
[2024-11-12T00:24:05.037+0000] {logging_mixin.py:188} INFO - [2024-11-12T00:24:05.037+0000] {dag.py:3096} INFO - Sync 1 DAGs
[2024-11-12T00:24:05.050+0000] {logging_mixin.py:188} INFO - [2024-11-12T00:24:05.050+0000] {dag.py:3954} INFO - Setting next_dagrun for example_sensor_decorator to None, run_after=None
[2024-11-12T00:24:05.067+0000] {processor.py:183} INFO - Processing /home/airflow/.local/lib/python3.12/site-packages/airflow/example_dags/example_sensor_decorator.py took 0.066 seconds
[2024-11-12T00:24:35.524+0000] {processor.py:161} INFO - Started process (PID=2226) to work on /home/airflow/.local/lib/python3.12/site-packages/airflow/example_dags/example_sensor_decorator.py
[2024-11-12T00:24:35.525+0000] {processor.py:830} INFO - Processing file /home/airflow/.local/lib/python3.12/site-packages/airflow/example_dags/example_sensor_decorator.py for tasks to queue
[2024-11-12T00:24:35.527+0000] {logging_mixin.py:188} INFO - [2024-11-12T00:24:35.527+0000] {dagbag.py:545} INFO - Filling up the DagBag from /home/airflow/.local/lib/python3.12/site-packages/airflow/example_dags/example_sensor_decorator.py
[2024-11-12T00:24:35.534+0000] {processor.py:840} INFO - DAG(s) 'example_sensor_decorator' retrieved from /home/airflow/.local/lib/python3.12/site-packages/airflow/example_dags/example_sensor_decorator.py
[2024-11-12T00:24:35.554+0000] {logging_mixin.py:188} INFO - [2024-11-12T00:24:35.554+0000] {dag.py:3096} INFO - Sync 1 DAGs
[2024-11-12T00:24:35.568+0000] {logging_mixin.py:188} INFO - [2024-11-12T00:24:35.567+0000] {dag.py:3954} INFO - Setting next_dagrun for example_sensor_decorator to None, run_after=None
[2024-11-12T00:24:35.588+0000] {processor.py:183} INFO - Processing /home/airflow/.local/lib/python3.12/site-packages/airflow/example_dags/example_sensor_decorator.py took 0.070 seconds
[2024-11-12T00:25:06.019+0000] {processor.py:161} INFO - Started process (PID=2285) to work on /home/airflow/.local/lib/python3.12/site-packages/airflow/example_dags/example_sensor_decorator.py
[2024-11-12T00:25:06.020+0000] {processor.py:830} INFO - Processing file /home/airflow/.local/lib/python3.12/site-packages/airflow/example_dags/example_sensor_decorator.py for tasks to queue
[2024-11-12T00:25:06.023+0000] {logging_mixin.py:188} INFO - [2024-11-12T00:25:06.022+0000] {dagbag.py:545} INFO - Filling up the DagBag from /home/airflow/.local/lib/python3.12/site-packages/airflow/example_dags/example_sensor_decorator.py
[2024-11-12T00:25:06.029+0000] {processor.py:840} INFO - DAG(s) 'example_sensor_decorator' retrieved from /home/airflow/.local/lib/python3.12/site-packages/airflow/example_dags/example_sensor_decorator.py
[2024-11-12T00:25:06.054+0000] {logging_mixin.py:188} INFO - [2024-11-12T00:25:06.053+0000] {dag.py:3096} INFO - Sync 1 DAGs
[2024-11-12T00:25:06.074+0000] {logging_mixin.py:188} INFO - [2024-11-12T00:25:06.073+0000] {dag.py:3954} INFO - Setting next_dagrun for example_sensor_decorator to None, run_after=None
[2024-11-12T00:25:06.093+0000] {processor.py:183} INFO - Processing /home/airflow/.local/lib/python3.12/site-packages/airflow/example_dags/example_sensor_decorator.py took 0.079 seconds
