[2024-11-12T00:06:43.568+0000] {processor.py:161} INFO - Started process (PID=136) to work on /home/airflow/.local/lib/python3.12/site-packages/airflow/example_dags/tutorial_objectstorage.py
[2024-11-12T00:06:43.569+0000] {processor.py:830} INFO - Processing file /home/airflow/.local/lib/python3.12/site-packages/airflow/example_dags/tutorial_objectstorage.py for tasks to queue
[2024-11-12T00:06:43.571+0000] {logging_mixin.py:188} INFO - [2024-11-12T00:06:43.571+0000] {dagbag.py:545} INFO - Filling up the DagBag from /home/airflow/.local/lib/python3.12/site-packages/airflow/example_dags/tutorial_objectstorage.py
[2024-11-12T00:06:43.582+0000] {processor.py:840} INFO - DAG(s) 'tutorial_objectstorage' retrieved from /home/airflow/.local/lib/python3.12/site-packages/airflow/example_dags/tutorial_objectstorage.py
[2024-11-12T00:06:43.683+0000] {logging_mixin.py:188} INFO - [2024-11-12T00:06:43.683+0000] {dag.py:3096} INFO - Sync 1 DAGs
[2024-11-12T00:06:43.694+0000] {logging_mixin.py:188} INFO - [2024-11-12T00:06:43.694+0000] {dag.py:3954} INFO - Setting next_dagrun for tutorial_objectstorage to None, run_after=None
[2024-11-12T00:06:43.713+0000] {processor.py:183} INFO - Processing /home/airflow/.local/lib/python3.12/site-packages/airflow/example_dags/tutorial_objectstorage.py took 0.151 seconds
[2024-11-12T00:07:16.391+0000] {processor.py:161} INFO - Started process (PID=195) to work on /home/airflow/.local/lib/python3.12/site-packages/airflow/example_dags/tutorial_objectstorage.py
[2024-11-12T00:07:16.393+0000] {processor.py:830} INFO - Processing file /home/airflow/.local/lib/python3.12/site-packages/airflow/example_dags/tutorial_objectstorage.py for tasks to queue
[2024-11-12T00:07:16.395+0000] {logging_mixin.py:188} INFO - [2024-11-12T00:07:16.395+0000] {dagbag.py:545} INFO - Filling up the DagBag from /home/airflow/.local/lib/python3.12/site-packages/airflow/example_dags/tutorial_objectstorage.py
[2024-11-12T00:07:16.402+0000] {processor.py:840} INFO - DAG(s) 'tutorial_objectstorage' retrieved from /home/airflow/.local/lib/python3.12/site-packages/airflow/example_dags/tutorial_objectstorage.py
[2024-11-12T00:07:16.422+0000] {logging_mixin.py:188} INFO - [2024-11-12T00:07:16.422+0000] {dag.py:3096} INFO - Sync 1 DAGs
[2024-11-12T00:07:16.436+0000] {logging_mixin.py:188} INFO - [2024-11-12T00:07:16.435+0000] {dag.py:3954} INFO - Setting next_dagrun for tutorial_objectstorage to None, run_after=None
[2024-11-12T00:07:16.457+0000] {processor.py:183} INFO - Processing /home/airflow/.local/lib/python3.12/site-packages/airflow/example_dags/tutorial_objectstorage.py took 0.072 seconds
[2024-11-12T00:07:46.785+0000] {processor.py:161} INFO - Started process (PID=254) to work on /home/airflow/.local/lib/python3.12/site-packages/airflow/example_dags/tutorial_objectstorage.py
[2024-11-12T00:07:46.786+0000] {processor.py:830} INFO - Processing file /home/airflow/.local/lib/python3.12/site-packages/airflow/example_dags/tutorial_objectstorage.py for tasks to queue
[2024-11-12T00:07:46.788+0000] {logging_mixin.py:188} INFO - [2024-11-12T00:07:46.788+0000] {dagbag.py:545} INFO - Filling up the DagBag from /home/airflow/.local/lib/python3.12/site-packages/airflow/example_dags/tutorial_objectstorage.py
[2024-11-12T00:07:46.795+0000] {processor.py:840} INFO - DAG(s) 'tutorial_objectstorage' retrieved from /home/airflow/.local/lib/python3.12/site-packages/airflow/example_dags/tutorial_objectstorage.py
[2024-11-12T00:07:46.815+0000] {logging_mixin.py:188} INFO - [2024-11-12T00:07:46.814+0000] {dag.py:3096} INFO - Sync 1 DAGs
[2024-11-12T00:07:46.827+0000] {logging_mixin.py:188} INFO - [2024-11-12T00:07:46.827+0000] {dag.py:3954} INFO - Setting next_dagrun for tutorial_objectstorage to None, run_after=None
[2024-11-12T00:07:46.845+0000] {processor.py:183} INFO - Processing /home/airflow/.local/lib/python3.12/site-packages/airflow/example_dags/tutorial_objectstorage.py took 0.066 seconds
[2024-11-12T00:08:17.011+0000] {processor.py:161} INFO - Started process (PID=313) to work on /home/airflow/.local/lib/python3.12/site-packages/airflow/example_dags/tutorial_objectstorage.py
[2024-11-12T00:08:17.012+0000] {processor.py:830} INFO - Processing file /home/airflow/.local/lib/python3.12/site-packages/airflow/example_dags/tutorial_objectstorage.py for tasks to queue
[2024-11-12T00:08:17.014+0000] {logging_mixin.py:188} INFO - [2024-11-12T00:08:17.014+0000] {dagbag.py:545} INFO - Filling up the DagBag from /home/airflow/.local/lib/python3.12/site-packages/airflow/example_dags/tutorial_objectstorage.py
[2024-11-12T00:08:17.021+0000] {processor.py:840} INFO - DAG(s) 'tutorial_objectstorage' retrieved from /home/airflow/.local/lib/python3.12/site-packages/airflow/example_dags/tutorial_objectstorage.py
[2024-11-12T00:08:17.040+0000] {logging_mixin.py:188} INFO - [2024-11-12T00:08:17.039+0000] {dag.py:3096} INFO - Sync 1 DAGs
[2024-11-12T00:08:17.052+0000] {logging_mixin.py:188} INFO - [2024-11-12T00:08:17.052+0000] {dag.py:3954} INFO - Setting next_dagrun for tutorial_objectstorage to None, run_after=None
[2024-11-12T00:08:17.071+0000] {processor.py:183} INFO - Processing /home/airflow/.local/lib/python3.12/site-packages/airflow/example_dags/tutorial_objectstorage.py took 0.066 seconds
[2024-11-12T00:08:47.456+0000] {processor.py:161} INFO - Started process (PID=372) to work on /home/airflow/.local/lib/python3.12/site-packages/airflow/example_dags/tutorial_objectstorage.py
[2024-11-12T00:08:47.457+0000] {processor.py:830} INFO - Processing file /home/airflow/.local/lib/python3.12/site-packages/airflow/example_dags/tutorial_objectstorage.py for tasks to queue
[2024-11-12T00:08:47.459+0000] {logging_mixin.py:188} INFO - [2024-11-12T00:08:47.459+0000] {dagbag.py:545} INFO - Filling up the DagBag from /home/airflow/.local/lib/python3.12/site-packages/airflow/example_dags/tutorial_objectstorage.py
[2024-11-12T00:08:47.466+0000] {processor.py:840} INFO - DAG(s) 'tutorial_objectstorage' retrieved from /home/airflow/.local/lib/python3.12/site-packages/airflow/example_dags/tutorial_objectstorage.py
[2024-11-12T00:08:47.485+0000] {logging_mixin.py:188} INFO - [2024-11-12T00:08:47.484+0000] {dag.py:3096} INFO - Sync 1 DAGs
[2024-11-12T00:08:47.498+0000] {logging_mixin.py:188} INFO - [2024-11-12T00:08:47.497+0000] {dag.py:3954} INFO - Setting next_dagrun for tutorial_objectstorage to None, run_after=None
[2024-11-12T00:08:47.516+0000] {processor.py:183} INFO - Processing /home/airflow/.local/lib/python3.12/site-packages/airflow/example_dags/tutorial_objectstorage.py took 0.065 seconds
[2024-11-12T00:09:17.660+0000] {processor.py:161} INFO - Started process (PID=431) to work on /home/airflow/.local/lib/python3.12/site-packages/airflow/example_dags/tutorial_objectstorage.py
[2024-11-12T00:09:17.662+0000] {processor.py:830} INFO - Processing file /home/airflow/.local/lib/python3.12/site-packages/airflow/example_dags/tutorial_objectstorage.py for tasks to queue
[2024-11-12T00:09:17.664+0000] {logging_mixin.py:188} INFO - [2024-11-12T00:09:17.664+0000] {dagbag.py:545} INFO - Filling up the DagBag from /home/airflow/.local/lib/python3.12/site-packages/airflow/example_dags/tutorial_objectstorage.py
[2024-11-12T00:09:17.672+0000] {processor.py:840} INFO - DAG(s) 'tutorial_objectstorage' retrieved from /home/airflow/.local/lib/python3.12/site-packages/airflow/example_dags/tutorial_objectstorage.py
[2024-11-12T00:09:17.693+0000] {logging_mixin.py:188} INFO - [2024-11-12T00:09:17.692+0000] {dag.py:3096} INFO - Sync 1 DAGs
[2024-11-12T00:09:17.705+0000] {logging_mixin.py:188} INFO - [2024-11-12T00:09:17.705+0000] {dag.py:3954} INFO - Setting next_dagrun for tutorial_objectstorage to None, run_after=None
[2024-11-12T00:09:17.724+0000] {processor.py:183} INFO - Processing /home/airflow/.local/lib/python3.12/site-packages/airflow/example_dags/tutorial_objectstorage.py took 0.069 seconds
[2024-11-12T00:09:47.968+0000] {processor.py:161} INFO - Started process (PID=490) to work on /home/airflow/.local/lib/python3.12/site-packages/airflow/example_dags/tutorial_objectstorage.py
[2024-11-12T00:09:47.969+0000] {processor.py:830} INFO - Processing file /home/airflow/.local/lib/python3.12/site-packages/airflow/example_dags/tutorial_objectstorage.py for tasks to queue
[2024-11-12T00:09:47.972+0000] {logging_mixin.py:188} INFO - [2024-11-12T00:09:47.971+0000] {dagbag.py:545} INFO - Filling up the DagBag from /home/airflow/.local/lib/python3.12/site-packages/airflow/example_dags/tutorial_objectstorage.py
[2024-11-12T00:09:47.980+0000] {processor.py:840} INFO - DAG(s) 'tutorial_objectstorage' retrieved from /home/airflow/.local/lib/python3.12/site-packages/airflow/example_dags/tutorial_objectstorage.py
[2024-11-12T00:09:48.001+0000] {logging_mixin.py:188} INFO - [2024-11-12T00:09:48.001+0000] {dag.py:3096} INFO - Sync 1 DAGs
[2024-11-12T00:09:48.015+0000] {logging_mixin.py:188} INFO - [2024-11-12T00:09:48.015+0000] {dag.py:3954} INFO - Setting next_dagrun for tutorial_objectstorage to None, run_after=None
[2024-11-12T00:09:48.035+0000] {processor.py:183} INFO - Processing /home/airflow/.local/lib/python3.12/site-packages/airflow/example_dags/tutorial_objectstorage.py took 0.074 seconds
[2024-11-12T00:10:18.722+0000] {processor.py:161} INFO - Started process (PID=549) to work on /home/airflow/.local/lib/python3.12/site-packages/airflow/example_dags/tutorial_objectstorage.py
[2024-11-12T00:10:18.723+0000] {processor.py:830} INFO - Processing file /home/airflow/.local/lib/python3.12/site-packages/airflow/example_dags/tutorial_objectstorage.py for tasks to queue
[2024-11-12T00:10:18.725+0000] {logging_mixin.py:188} INFO - [2024-11-12T00:10:18.725+0000] {dagbag.py:545} INFO - Filling up the DagBag from /home/airflow/.local/lib/python3.12/site-packages/airflow/example_dags/tutorial_objectstorage.py
[2024-11-12T00:10:18.733+0000] {processor.py:840} INFO - DAG(s) 'tutorial_objectstorage' retrieved from /home/airflow/.local/lib/python3.12/site-packages/airflow/example_dags/tutorial_objectstorage.py
[2024-11-12T00:10:18.841+0000] {logging_mixin.py:188} INFO - [2024-11-12T00:10:18.841+0000] {dag.py:3096} INFO - Sync 1 DAGs
[2024-11-12T00:10:18.854+0000] {logging_mixin.py:188} INFO - [2024-11-12T00:10:18.853+0000] {dag.py:3954} INFO - Setting next_dagrun for tutorial_objectstorage to None, run_after=None
[2024-11-12T00:10:18.875+0000] {processor.py:183} INFO - Processing /home/airflow/.local/lib/python3.12/site-packages/airflow/example_dags/tutorial_objectstorage.py took 0.159 seconds
[2024-11-12T00:10:48.968+0000] {processor.py:161} INFO - Started process (PID=607) to work on /home/airflow/.local/lib/python3.12/site-packages/airflow/example_dags/tutorial_objectstorage.py
[2024-11-12T00:10:48.969+0000] {processor.py:830} INFO - Processing file /home/airflow/.local/lib/python3.12/site-packages/airflow/example_dags/tutorial_objectstorage.py for tasks to queue
[2024-11-12T00:10:48.972+0000] {logging_mixin.py:188} INFO - [2024-11-12T00:10:48.971+0000] {dagbag.py:545} INFO - Filling up the DagBag from /home/airflow/.local/lib/python3.12/site-packages/airflow/example_dags/tutorial_objectstorage.py
[2024-11-12T00:10:48.980+0000] {processor.py:840} INFO - DAG(s) 'tutorial_objectstorage' retrieved from /home/airflow/.local/lib/python3.12/site-packages/airflow/example_dags/tutorial_objectstorage.py
[2024-11-12T00:10:48.999+0000] {logging_mixin.py:188} INFO - [2024-11-12T00:10:48.999+0000] {dag.py:3096} INFO - Sync 1 DAGs
[2024-11-12T00:10:49.012+0000] {logging_mixin.py:188} INFO - [2024-11-12T00:10:49.012+0000] {dag.py:3954} INFO - Setting next_dagrun for tutorial_objectstorage to None, run_after=None
[2024-11-12T00:10:49.032+0000] {processor.py:183} INFO - Processing /home/airflow/.local/lib/python3.12/site-packages/airflow/example_dags/tutorial_objectstorage.py took 0.070 seconds
[2024-11-12T00:11:19.380+0000] {processor.py:161} INFO - Started process (PID=667) to work on /home/airflow/.local/lib/python3.12/site-packages/airflow/example_dags/tutorial_objectstorage.py
[2024-11-12T00:11:19.381+0000] {processor.py:830} INFO - Processing file /home/airflow/.local/lib/python3.12/site-packages/airflow/example_dags/tutorial_objectstorage.py for tasks to queue
[2024-11-12T00:11:19.383+0000] {logging_mixin.py:188} INFO - [2024-11-12T00:11:19.383+0000] {dagbag.py:545} INFO - Filling up the DagBag from /home/airflow/.local/lib/python3.12/site-packages/airflow/example_dags/tutorial_objectstorage.py
[2024-11-12T00:11:19.390+0000] {processor.py:840} INFO - DAG(s) 'tutorial_objectstorage' retrieved from /home/airflow/.local/lib/python3.12/site-packages/airflow/example_dags/tutorial_objectstorage.py
[2024-11-12T00:11:19.409+0000] {logging_mixin.py:188} INFO - [2024-11-12T00:11:19.409+0000] {dag.py:3096} INFO - Sync 1 DAGs
[2024-11-12T00:11:19.422+0000] {logging_mixin.py:188} INFO - [2024-11-12T00:11:19.422+0000] {dag.py:3954} INFO - Setting next_dagrun for tutorial_objectstorage to None, run_after=None
[2024-11-12T00:11:19.441+0000] {processor.py:183} INFO - Processing /home/airflow/.local/lib/python3.12/site-packages/airflow/example_dags/tutorial_objectstorage.py took 0.067 seconds
[2024-11-12T00:11:50.271+0000] {processor.py:161} INFO - Started process (PID=726) to work on /home/airflow/.local/lib/python3.12/site-packages/airflow/example_dags/tutorial_objectstorage.py
[2024-11-12T00:11:50.278+0000] {processor.py:830} INFO - Processing file /home/airflow/.local/lib/python3.12/site-packages/airflow/example_dags/tutorial_objectstorage.py for tasks to queue
[2024-11-12T00:11:50.280+0000] {logging_mixin.py:188} INFO - [2024-11-12T00:11:50.280+0000] {dagbag.py:545} INFO - Filling up the DagBag from /home/airflow/.local/lib/python3.12/site-packages/airflow/example_dags/tutorial_objectstorage.py
[2024-11-12T00:11:50.288+0000] {processor.py:840} INFO - DAG(s) 'tutorial_objectstorage' retrieved from /home/airflow/.local/lib/python3.12/site-packages/airflow/example_dags/tutorial_objectstorage.py
[2024-11-12T00:11:50.393+0000] {logging_mixin.py:188} INFO - [2024-11-12T00:11:50.392+0000] {dag.py:3096} INFO - Sync 1 DAGs
[2024-11-12T00:11:50.405+0000] {logging_mixin.py:188} INFO - [2024-11-12T00:11:50.405+0000] {dag.py:3954} INFO - Setting next_dagrun for tutorial_objectstorage to None, run_after=None
[2024-11-12T00:11:50.428+0000] {processor.py:183} INFO - Processing /home/airflow/.local/lib/python3.12/site-packages/airflow/example_dags/tutorial_objectstorage.py took 0.163 seconds
[2024-11-12T00:12:21.115+0000] {processor.py:161} INFO - Started process (PID=785) to work on /home/airflow/.local/lib/python3.12/site-packages/airflow/example_dags/tutorial_objectstorage.py
[2024-11-12T00:12:21.117+0000] {processor.py:830} INFO - Processing file /home/airflow/.local/lib/python3.12/site-packages/airflow/example_dags/tutorial_objectstorage.py for tasks to queue
[2024-11-12T00:12:21.119+0000] {logging_mixin.py:188} INFO - [2024-11-12T00:12:21.119+0000] {dagbag.py:545} INFO - Filling up the DagBag from /home/airflow/.local/lib/python3.12/site-packages/airflow/example_dags/tutorial_objectstorage.py
[2024-11-12T00:12:21.126+0000] {processor.py:840} INFO - DAG(s) 'tutorial_objectstorage' retrieved from /home/airflow/.local/lib/python3.12/site-packages/airflow/example_dags/tutorial_objectstorage.py
[2024-11-12T00:12:21.146+0000] {logging_mixin.py:188} INFO - [2024-11-12T00:12:21.146+0000] {dag.py:3096} INFO - Sync 1 DAGs
[2024-11-12T00:12:21.167+0000] {logging_mixin.py:188} INFO - [2024-11-12T00:12:21.167+0000] {dag.py:3954} INFO - Setting next_dagrun for tutorial_objectstorage to None, run_after=None
[2024-11-12T00:12:21.186+0000] {processor.py:183} INFO - Processing /home/airflow/.local/lib/python3.12/site-packages/airflow/example_dags/tutorial_objectstorage.py took 0.077 seconds
[2024-11-12T00:12:51.528+0000] {processor.py:161} INFO - Started process (PID=850) to work on /home/airflow/.local/lib/python3.12/site-packages/airflow/example_dags/tutorial_objectstorage.py
[2024-11-12T00:12:51.530+0000] {processor.py:830} INFO - Processing file /home/airflow/.local/lib/python3.12/site-packages/airflow/example_dags/tutorial_objectstorage.py for tasks to queue
[2024-11-12T00:12:51.532+0000] {logging_mixin.py:188} INFO - [2024-11-12T00:12:51.531+0000] {dagbag.py:545} INFO - Filling up the DagBag from /home/airflow/.local/lib/python3.12/site-packages/airflow/example_dags/tutorial_objectstorage.py
[2024-11-12T00:12:51.539+0000] {processor.py:840} INFO - DAG(s) 'tutorial_objectstorage' retrieved from /home/airflow/.local/lib/python3.12/site-packages/airflow/example_dags/tutorial_objectstorage.py
[2024-11-12T00:12:51.559+0000] {logging_mixin.py:188} INFO - [2024-11-12T00:12:51.558+0000] {dag.py:3096} INFO - Sync 1 DAGs
[2024-11-12T00:12:51.572+0000] {logging_mixin.py:188} INFO - [2024-11-12T00:12:51.572+0000] {dag.py:3954} INFO - Setting next_dagrun for tutorial_objectstorage to None, run_after=None
[2024-11-12T00:12:51.590+0000] {processor.py:183} INFO - Processing /home/airflow/.local/lib/python3.12/site-packages/airflow/example_dags/tutorial_objectstorage.py took 0.067 seconds
[2024-11-12T00:13:21.807+0000] {processor.py:161} INFO - Started process (PID=909) to work on /home/airflow/.local/lib/python3.12/site-packages/airflow/example_dags/tutorial_objectstorage.py
[2024-11-12T00:13:21.808+0000] {processor.py:830} INFO - Processing file /home/airflow/.local/lib/python3.12/site-packages/airflow/example_dags/tutorial_objectstorage.py for tasks to queue
[2024-11-12T00:13:21.810+0000] {logging_mixin.py:188} INFO - [2024-11-12T00:13:21.809+0000] {dagbag.py:545} INFO - Filling up the DagBag from /home/airflow/.local/lib/python3.12/site-packages/airflow/example_dags/tutorial_objectstorage.py
[2024-11-12T00:13:21.818+0000] {processor.py:840} INFO - DAG(s) 'tutorial_objectstorage' retrieved from /home/airflow/.local/lib/python3.12/site-packages/airflow/example_dags/tutorial_objectstorage.py
[2024-11-12T00:13:21.842+0000] {logging_mixin.py:188} INFO - [2024-11-12T00:13:21.842+0000] {dag.py:3096} INFO - Sync 1 DAGs
[2024-11-12T00:13:21.858+0000] {logging_mixin.py:188} INFO - [2024-11-12T00:13:21.857+0000] {dag.py:3954} INFO - Setting next_dagrun for tutorial_objectstorage to None, run_after=None
[2024-11-12T00:13:21.879+0000] {processor.py:183} INFO - Processing /home/airflow/.local/lib/python3.12/site-packages/airflow/example_dags/tutorial_objectstorage.py took 0.079 seconds
[2024-11-12T00:13:52.439+0000] {processor.py:161} INFO - Started process (PID=968) to work on /home/airflow/.local/lib/python3.12/site-packages/airflow/example_dags/tutorial_objectstorage.py
[2024-11-12T00:13:52.440+0000] {processor.py:830} INFO - Processing file /home/airflow/.local/lib/python3.12/site-packages/airflow/example_dags/tutorial_objectstorage.py for tasks to queue
[2024-11-12T00:13:52.442+0000] {logging_mixin.py:188} INFO - [2024-11-12T00:13:52.442+0000] {dagbag.py:545} INFO - Filling up the DagBag from /home/airflow/.local/lib/python3.12/site-packages/airflow/example_dags/tutorial_objectstorage.py
[2024-11-12T00:13:52.449+0000] {processor.py:840} INFO - DAG(s) 'tutorial_objectstorage' retrieved from /home/airflow/.local/lib/python3.12/site-packages/airflow/example_dags/tutorial_objectstorage.py
[2024-11-12T00:13:52.469+0000] {logging_mixin.py:188} INFO - [2024-11-12T00:13:52.469+0000] {dag.py:3096} INFO - Sync 1 DAGs
[2024-11-12T00:13:52.482+0000] {logging_mixin.py:188} INFO - [2024-11-12T00:13:52.482+0000] {dag.py:3954} INFO - Setting next_dagrun for tutorial_objectstorage to None, run_after=None
[2024-11-12T00:13:52.501+0000] {processor.py:183} INFO - Processing /home/airflow/.local/lib/python3.12/site-packages/airflow/example_dags/tutorial_objectstorage.py took 0.067 seconds
[2024-11-12T00:14:22.662+0000] {processor.py:161} INFO - Started process (PID=1027) to work on /home/airflow/.local/lib/python3.12/site-packages/airflow/example_dags/tutorial_objectstorage.py
[2024-11-12T00:14:22.663+0000] {processor.py:830} INFO - Processing file /home/airflow/.local/lib/python3.12/site-packages/airflow/example_dags/tutorial_objectstorage.py for tasks to queue
[2024-11-12T00:14:22.665+0000] {logging_mixin.py:188} INFO - [2024-11-12T00:14:22.665+0000] {dagbag.py:545} INFO - Filling up the DagBag from /home/airflow/.local/lib/python3.12/site-packages/airflow/example_dags/tutorial_objectstorage.py
[2024-11-12T00:14:22.672+0000] {processor.py:840} INFO - DAG(s) 'tutorial_objectstorage' retrieved from /home/airflow/.local/lib/python3.12/site-packages/airflow/example_dags/tutorial_objectstorage.py
[2024-11-12T00:14:22.692+0000] {logging_mixin.py:188} INFO - [2024-11-12T00:14:22.692+0000] {dag.py:3096} INFO - Sync 1 DAGs
[2024-11-12T00:14:22.706+0000] {logging_mixin.py:188} INFO - [2024-11-12T00:14:22.705+0000] {dag.py:3954} INFO - Setting next_dagrun for tutorial_objectstorage to None, run_after=None
[2024-11-12T00:14:22.724+0000] {processor.py:183} INFO - Processing /home/airflow/.local/lib/python3.12/site-packages/airflow/example_dags/tutorial_objectstorage.py took 0.068 seconds
[2024-11-12T00:14:52.891+0000] {processor.py:161} INFO - Started process (PID=1086) to work on /home/airflow/.local/lib/python3.12/site-packages/airflow/example_dags/tutorial_objectstorage.py
[2024-11-12T00:14:52.892+0000] {processor.py:830} INFO - Processing file /home/airflow/.local/lib/python3.12/site-packages/airflow/example_dags/tutorial_objectstorage.py for tasks to queue
[2024-11-12T00:14:52.894+0000] {logging_mixin.py:188} INFO - [2024-11-12T00:14:52.894+0000] {dagbag.py:545} INFO - Filling up the DagBag from /home/airflow/.local/lib/python3.12/site-packages/airflow/example_dags/tutorial_objectstorage.py
[2024-11-12T00:14:52.902+0000] {processor.py:840} INFO - DAG(s) 'tutorial_objectstorage' retrieved from /home/airflow/.local/lib/python3.12/site-packages/airflow/example_dags/tutorial_objectstorage.py
[2024-11-12T00:14:52.923+0000] {logging_mixin.py:188} INFO - [2024-11-12T00:14:52.922+0000] {dag.py:3096} INFO - Sync 1 DAGs
[2024-11-12T00:14:52.937+0000] {logging_mixin.py:188} INFO - [2024-11-12T00:14:52.936+0000] {dag.py:3954} INFO - Setting next_dagrun for tutorial_objectstorage to None, run_after=None
[2024-11-12T00:14:52.956+0000] {processor.py:183} INFO - Processing /home/airflow/.local/lib/python3.12/site-packages/airflow/example_dags/tutorial_objectstorage.py took 0.070 seconds
[2024-11-12T00:15:23.404+0000] {processor.py:161} INFO - Started process (PID=1145) to work on /home/airflow/.local/lib/python3.12/site-packages/airflow/example_dags/tutorial_objectstorage.py
[2024-11-12T00:15:23.405+0000] {processor.py:830} INFO - Processing file /home/airflow/.local/lib/python3.12/site-packages/airflow/example_dags/tutorial_objectstorage.py for tasks to queue
[2024-11-12T00:15:23.407+0000] {logging_mixin.py:188} INFO - [2024-11-12T00:15:23.406+0000] {dagbag.py:545} INFO - Filling up the DagBag from /home/airflow/.local/lib/python3.12/site-packages/airflow/example_dags/tutorial_objectstorage.py
[2024-11-12T00:15:23.414+0000] {processor.py:840} INFO - DAG(s) 'tutorial_objectstorage' retrieved from /home/airflow/.local/lib/python3.12/site-packages/airflow/example_dags/tutorial_objectstorage.py
[2024-11-12T00:15:23.434+0000] {logging_mixin.py:188} INFO - [2024-11-12T00:15:23.434+0000] {dag.py:3096} INFO - Sync 1 DAGs
[2024-11-12T00:15:23.449+0000] {logging_mixin.py:188} INFO - [2024-11-12T00:15:23.449+0000] {dag.py:3954} INFO - Setting next_dagrun for tutorial_objectstorage to None, run_after=None
[2024-11-12T00:15:23.467+0000] {processor.py:183} INFO - Processing /home/airflow/.local/lib/python3.12/site-packages/airflow/example_dags/tutorial_objectstorage.py took 0.069 seconds
[2024-11-12T00:15:53.730+0000] {processor.py:161} INFO - Started process (PID=1204) to work on /home/airflow/.local/lib/python3.12/site-packages/airflow/example_dags/tutorial_objectstorage.py
[2024-11-12T00:15:53.731+0000] {processor.py:830} INFO - Processing file /home/airflow/.local/lib/python3.12/site-packages/airflow/example_dags/tutorial_objectstorage.py for tasks to queue
[2024-11-12T00:15:53.733+0000] {logging_mixin.py:188} INFO - [2024-11-12T00:15:53.733+0000] {dagbag.py:545} INFO - Filling up the DagBag from /home/airflow/.local/lib/python3.12/site-packages/airflow/example_dags/tutorial_objectstorage.py
[2024-11-12T00:15:53.740+0000] {processor.py:840} INFO - DAG(s) 'tutorial_objectstorage' retrieved from /home/airflow/.local/lib/python3.12/site-packages/airflow/example_dags/tutorial_objectstorage.py
[2024-11-12T00:15:53.759+0000] {logging_mixin.py:188} INFO - [2024-11-12T00:15:53.759+0000] {dag.py:3096} INFO - Sync 1 DAGs
[2024-11-12T00:15:53.771+0000] {logging_mixin.py:188} INFO - [2024-11-12T00:15:53.771+0000] {dag.py:3954} INFO - Setting next_dagrun for tutorial_objectstorage to None, run_after=None
[2024-11-12T00:15:53.789+0000] {processor.py:183} INFO - Processing /home/airflow/.local/lib/python3.12/site-packages/airflow/example_dags/tutorial_objectstorage.py took 0.066 seconds
[2024-11-12T00:16:23.881+0000] {processor.py:161} INFO - Started process (PID=1263) to work on /home/airflow/.local/lib/python3.12/site-packages/airflow/example_dags/tutorial_objectstorage.py
[2024-11-12T00:16:23.882+0000] {processor.py:830} INFO - Processing file /home/airflow/.local/lib/python3.12/site-packages/airflow/example_dags/tutorial_objectstorage.py for tasks to queue
[2024-11-12T00:16:23.884+0000] {logging_mixin.py:188} INFO - [2024-11-12T00:16:23.884+0000] {dagbag.py:545} INFO - Filling up the DagBag from /home/airflow/.local/lib/python3.12/site-packages/airflow/example_dags/tutorial_objectstorage.py
[2024-11-12T00:16:23.891+0000] {processor.py:840} INFO - DAG(s) 'tutorial_objectstorage' retrieved from /home/airflow/.local/lib/python3.12/site-packages/airflow/example_dags/tutorial_objectstorage.py
[2024-11-12T00:16:23.912+0000] {logging_mixin.py:188} INFO - [2024-11-12T00:16:23.911+0000] {dag.py:3096} INFO - Sync 1 DAGs
[2024-11-12T00:16:23.926+0000] {logging_mixin.py:188} INFO - [2024-11-12T00:16:23.925+0000] {dag.py:3954} INFO - Setting next_dagrun for tutorial_objectstorage to None, run_after=None
[2024-11-12T00:16:23.945+0000] {processor.py:183} INFO - Processing /home/airflow/.local/lib/python3.12/site-packages/airflow/example_dags/tutorial_objectstorage.py took 0.071 seconds
[2024-11-12T00:16:55.269+0000] {processor.py:161} INFO - Started process (PID=1322) to work on /home/airflow/.local/lib/python3.12/site-packages/airflow/example_dags/tutorial_objectstorage.py
[2024-11-12T00:16:55.271+0000] {processor.py:830} INFO - Processing file /home/airflow/.local/lib/python3.12/site-packages/airflow/example_dags/tutorial_objectstorage.py for tasks to queue
[2024-11-12T00:16:55.273+0000] {logging_mixin.py:188} INFO - [2024-11-12T00:16:55.272+0000] {dagbag.py:545} INFO - Filling up the DagBag from /home/airflow/.local/lib/python3.12/site-packages/airflow/example_dags/tutorial_objectstorage.py
[2024-11-12T00:16:55.280+0000] {processor.py:840} INFO - DAG(s) 'tutorial_objectstorage' retrieved from /home/airflow/.local/lib/python3.12/site-packages/airflow/example_dags/tutorial_objectstorage.py
[2024-11-12T00:16:55.397+0000] {logging_mixin.py:188} INFO - [2024-11-12T00:16:55.397+0000] {dag.py:3096} INFO - Sync 1 DAGs
[2024-11-12T00:16:55.413+0000] {logging_mixin.py:188} INFO - [2024-11-12T00:16:55.412+0000] {dag.py:3954} INFO - Setting next_dagrun for tutorial_objectstorage to None, run_after=None
[2024-11-12T00:16:55.436+0000] {processor.py:183} INFO - Processing /home/airflow/.local/lib/python3.12/site-packages/airflow/example_dags/tutorial_objectstorage.py took 0.174 seconds
[2024-11-12T00:17:26.476+0000] {processor.py:161} INFO - Started process (PID=1381) to work on /home/airflow/.local/lib/python3.12/site-packages/airflow/example_dags/tutorial_objectstorage.py
[2024-11-12T00:17:26.477+0000] {processor.py:830} INFO - Processing file /home/airflow/.local/lib/python3.12/site-packages/airflow/example_dags/tutorial_objectstorage.py for tasks to queue
[2024-11-12T00:17:26.480+0000] {logging_mixin.py:188} INFO - [2024-11-12T00:17:26.480+0000] {dagbag.py:545} INFO - Filling up the DagBag from /home/airflow/.local/lib/python3.12/site-packages/airflow/example_dags/tutorial_objectstorage.py
[2024-11-12T00:17:26.495+0000] {processor.py:840} INFO - DAG(s) 'tutorial_objectstorage' retrieved from /home/airflow/.local/lib/python3.12/site-packages/airflow/example_dags/tutorial_objectstorage.py
[2024-11-12T00:17:26.528+0000] {logging_mixin.py:188} INFO - [2024-11-12T00:17:26.527+0000] {dag.py:3096} INFO - Sync 1 DAGs
[2024-11-12T00:17:26.551+0000] {logging_mixin.py:188} INFO - [2024-11-12T00:17:26.551+0000] {dag.py:3954} INFO - Setting next_dagrun for tutorial_objectstorage to None, run_after=None
[2024-11-12T00:17:26.573+0000] {processor.py:183} INFO - Processing /home/airflow/.local/lib/python3.12/site-packages/airflow/example_dags/tutorial_objectstorage.py took 0.110 seconds
[2024-11-12T00:17:57.209+0000] {processor.py:161} INFO - Started process (PID=1440) to work on /home/airflow/.local/lib/python3.12/site-packages/airflow/example_dags/tutorial_objectstorage.py
[2024-11-12T00:17:57.210+0000] {processor.py:830} INFO - Processing file /home/airflow/.local/lib/python3.12/site-packages/airflow/example_dags/tutorial_objectstorage.py for tasks to queue
[2024-11-12T00:17:57.212+0000] {logging_mixin.py:188} INFO - [2024-11-12T00:17:57.212+0000] {dagbag.py:545} INFO - Filling up the DagBag from /home/airflow/.local/lib/python3.12/site-packages/airflow/example_dags/tutorial_objectstorage.py
[2024-11-12T00:17:57.219+0000] {processor.py:840} INFO - DAG(s) 'tutorial_objectstorage' retrieved from /home/airflow/.local/lib/python3.12/site-packages/airflow/example_dags/tutorial_objectstorage.py
[2024-11-12T00:17:57.239+0000] {logging_mixin.py:188} INFO - [2024-11-12T00:17:57.238+0000] {dag.py:3096} INFO - Sync 1 DAGs
[2024-11-12T00:17:57.251+0000] {logging_mixin.py:188} INFO - [2024-11-12T00:17:57.251+0000] {dag.py:3954} INFO - Setting next_dagrun for tutorial_objectstorage to None, run_after=None
[2024-11-12T00:17:57.269+0000] {processor.py:183} INFO - Processing /home/airflow/.local/lib/python3.12/site-packages/airflow/example_dags/tutorial_objectstorage.py took 0.066 seconds
[2024-11-12T00:18:27.935+0000] {processor.py:161} INFO - Started process (PID=1499) to work on /home/airflow/.local/lib/python3.12/site-packages/airflow/example_dags/tutorial_objectstorage.py
[2024-11-12T00:18:27.936+0000] {processor.py:830} INFO - Processing file /home/airflow/.local/lib/python3.12/site-packages/airflow/example_dags/tutorial_objectstorage.py for tasks to queue
[2024-11-12T00:18:27.938+0000] {logging_mixin.py:188} INFO - [2024-11-12T00:18:27.938+0000] {dagbag.py:545} INFO - Filling up the DagBag from /home/airflow/.local/lib/python3.12/site-packages/airflow/example_dags/tutorial_objectstorage.py
[2024-11-12T00:18:27.945+0000] {processor.py:840} INFO - DAG(s) 'tutorial_objectstorage' retrieved from /home/airflow/.local/lib/python3.12/site-packages/airflow/example_dags/tutorial_objectstorage.py
[2024-11-12T00:18:27.965+0000] {logging_mixin.py:188} INFO - [2024-11-12T00:18:27.964+0000] {dag.py:3096} INFO - Sync 1 DAGs
[2024-11-12T00:18:27.978+0000] {logging_mixin.py:188} INFO - [2024-11-12T00:18:27.978+0000] {dag.py:3954} INFO - Setting next_dagrun for tutorial_objectstorage to None, run_after=None
[2024-11-12T00:18:27.998+0000] {processor.py:183} INFO - Processing /home/airflow/.local/lib/python3.12/site-packages/airflow/example_dags/tutorial_objectstorage.py took 0.070 seconds
[2024-11-12T00:18:58.311+0000] {processor.py:161} INFO - Started process (PID=1559) to work on /home/airflow/.local/lib/python3.12/site-packages/airflow/example_dags/tutorial_objectstorage.py
[2024-11-12T00:18:58.311+0000] {processor.py:830} INFO - Processing file /home/airflow/.local/lib/python3.12/site-packages/airflow/example_dags/tutorial_objectstorage.py for tasks to queue
[2024-11-12T00:18:58.314+0000] {logging_mixin.py:188} INFO - [2024-11-12T00:18:58.313+0000] {dagbag.py:545} INFO - Filling up the DagBag from /home/airflow/.local/lib/python3.12/site-packages/airflow/example_dags/tutorial_objectstorage.py
[2024-11-12T00:18:58.321+0000] {processor.py:840} INFO - DAG(s) 'tutorial_objectstorage' retrieved from /home/airflow/.local/lib/python3.12/site-packages/airflow/example_dags/tutorial_objectstorage.py
[2024-11-12T00:18:58.342+0000] {logging_mixin.py:188} INFO - [2024-11-12T00:18:58.341+0000] {dag.py:3096} INFO - Sync 1 DAGs
[2024-11-12T00:18:58.354+0000] {logging_mixin.py:188} INFO - [2024-11-12T00:18:58.354+0000] {dag.py:3954} INFO - Setting next_dagrun for tutorial_objectstorage to None, run_after=None
[2024-11-12T00:18:58.371+0000] {processor.py:183} INFO - Processing /home/airflow/.local/lib/python3.12/site-packages/airflow/example_dags/tutorial_objectstorage.py took 0.066 seconds
[2024-11-12T00:19:29.035+0000] {processor.py:161} INFO - Started process (PID=1618) to work on /home/airflow/.local/lib/python3.12/site-packages/airflow/example_dags/tutorial_objectstorage.py
[2024-11-12T00:19:29.037+0000] {processor.py:830} INFO - Processing file /home/airflow/.local/lib/python3.12/site-packages/airflow/example_dags/tutorial_objectstorage.py for tasks to queue
[2024-11-12T00:19:29.041+0000] {logging_mixin.py:188} INFO - [2024-11-12T00:19:29.040+0000] {dagbag.py:545} INFO - Filling up the DagBag from /home/airflow/.local/lib/python3.12/site-packages/airflow/example_dags/tutorial_objectstorage.py
[2024-11-12T00:19:29.048+0000] {processor.py:840} INFO - DAG(s) 'tutorial_objectstorage' retrieved from /home/airflow/.local/lib/python3.12/site-packages/airflow/example_dags/tutorial_objectstorage.py
[2024-11-12T00:19:29.069+0000] {logging_mixin.py:188} INFO - [2024-11-12T00:19:29.068+0000] {dag.py:3096} INFO - Sync 1 DAGs
[2024-11-12T00:19:29.082+0000] {logging_mixin.py:188} INFO - [2024-11-12T00:19:29.082+0000] {dag.py:3954} INFO - Setting next_dagrun for tutorial_objectstorage to None, run_after=None
[2024-11-12T00:19:29.104+0000] {processor.py:183} INFO - Processing /home/airflow/.local/lib/python3.12/site-packages/airflow/example_dags/tutorial_objectstorage.py took 0.076 seconds
[2024-11-12T00:19:59.292+0000] {processor.py:161} INFO - Started process (PID=1677) to work on /home/airflow/.local/lib/python3.12/site-packages/airflow/example_dags/tutorial_objectstorage.py
[2024-11-12T00:19:59.293+0000] {processor.py:830} INFO - Processing file /home/airflow/.local/lib/python3.12/site-packages/airflow/example_dags/tutorial_objectstorage.py for tasks to queue
[2024-11-12T00:19:59.296+0000] {logging_mixin.py:188} INFO - [2024-11-12T00:19:59.295+0000] {dagbag.py:545} INFO - Filling up the DagBag from /home/airflow/.local/lib/python3.12/site-packages/airflow/example_dags/tutorial_objectstorage.py
[2024-11-12T00:19:59.302+0000] {processor.py:840} INFO - DAG(s) 'tutorial_objectstorage' retrieved from /home/airflow/.local/lib/python3.12/site-packages/airflow/example_dags/tutorial_objectstorage.py
[2024-11-12T00:19:59.324+0000] {logging_mixin.py:188} INFO - [2024-11-12T00:19:59.324+0000] {dag.py:3096} INFO - Sync 1 DAGs
[2024-11-12T00:19:59.339+0000] {logging_mixin.py:188} INFO - [2024-11-12T00:19:59.339+0000] {dag.py:3954} INFO - Setting next_dagrun for tutorial_objectstorage to None, run_after=None
[2024-11-12T00:19:59.360+0000] {processor.py:183} INFO - Processing /home/airflow/.local/lib/python3.12/site-packages/airflow/example_dags/tutorial_objectstorage.py took 0.074 seconds
[2024-11-12T00:20:29.638+0000] {processor.py:161} INFO - Started process (PID=1736) to work on /home/airflow/.local/lib/python3.12/site-packages/airflow/example_dags/tutorial_objectstorage.py
[2024-11-12T00:20:29.639+0000] {processor.py:830} INFO - Processing file /home/airflow/.local/lib/python3.12/site-packages/airflow/example_dags/tutorial_objectstorage.py for tasks to queue
[2024-11-12T00:20:29.642+0000] {logging_mixin.py:188} INFO - [2024-11-12T00:20:29.641+0000] {dagbag.py:545} INFO - Filling up the DagBag from /home/airflow/.local/lib/python3.12/site-packages/airflow/example_dags/tutorial_objectstorage.py
[2024-11-12T00:20:29.650+0000] {processor.py:840} INFO - DAG(s) 'tutorial_objectstorage' retrieved from /home/airflow/.local/lib/python3.12/site-packages/airflow/example_dags/tutorial_objectstorage.py
[2024-11-12T00:20:29.671+0000] {logging_mixin.py:188} INFO - [2024-11-12T00:20:29.671+0000] {dag.py:3096} INFO - Sync 1 DAGs
[2024-11-12T00:20:29.684+0000] {logging_mixin.py:188} INFO - [2024-11-12T00:20:29.684+0000] {dag.py:3954} INFO - Setting next_dagrun for tutorial_objectstorage to None, run_after=None
[2024-11-12T00:20:29.703+0000] {processor.py:183} INFO - Processing /home/airflow/.local/lib/python3.12/site-packages/airflow/example_dags/tutorial_objectstorage.py took 0.071 seconds
[2024-11-12T00:20:59.949+0000] {processor.py:161} INFO - Started process (PID=1795) to work on /home/airflow/.local/lib/python3.12/site-packages/airflow/example_dags/tutorial_objectstorage.py
[2024-11-12T00:20:59.950+0000] {processor.py:830} INFO - Processing file /home/airflow/.local/lib/python3.12/site-packages/airflow/example_dags/tutorial_objectstorage.py for tasks to queue
[2024-11-12T00:20:59.952+0000] {logging_mixin.py:188} INFO - [2024-11-12T00:20:59.952+0000] {dagbag.py:545} INFO - Filling up the DagBag from /home/airflow/.local/lib/python3.12/site-packages/airflow/example_dags/tutorial_objectstorage.py
[2024-11-12T00:20:59.959+0000] {processor.py:840} INFO - DAG(s) 'tutorial_objectstorage' retrieved from /home/airflow/.local/lib/python3.12/site-packages/airflow/example_dags/tutorial_objectstorage.py
[2024-11-12T00:20:59.978+0000] {logging_mixin.py:188} INFO - [2024-11-12T00:20:59.977+0000] {dag.py:3096} INFO - Sync 1 DAGs
[2024-11-12T00:20:59.990+0000] {logging_mixin.py:188} INFO - [2024-11-12T00:20:59.990+0000] {dag.py:3954} INFO - Setting next_dagrun for tutorial_objectstorage to None, run_after=None
[2024-11-12T00:21:00.009+0000] {processor.py:183} INFO - Processing /home/airflow/.local/lib/python3.12/site-packages/airflow/example_dags/tutorial_objectstorage.py took 0.066 seconds
[2024-11-12T00:21:30.544+0000] {processor.py:161} INFO - Started process (PID=1855) to work on /home/airflow/.local/lib/python3.12/site-packages/airflow/example_dags/tutorial_objectstorage.py
[2024-11-12T00:21:30.545+0000] {processor.py:830} INFO - Processing file /home/airflow/.local/lib/python3.12/site-packages/airflow/example_dags/tutorial_objectstorage.py for tasks to queue
[2024-11-12T00:21:30.548+0000] {logging_mixin.py:188} INFO - [2024-11-12T00:21:30.547+0000] {dagbag.py:545} INFO - Filling up the DagBag from /home/airflow/.local/lib/python3.12/site-packages/airflow/example_dags/tutorial_objectstorage.py
[2024-11-12T00:21:30.556+0000] {processor.py:840} INFO - DAG(s) 'tutorial_objectstorage' retrieved from /home/airflow/.local/lib/python3.12/site-packages/airflow/example_dags/tutorial_objectstorage.py
[2024-11-12T00:21:30.577+0000] {logging_mixin.py:188} INFO - [2024-11-12T00:21:30.576+0000] {dag.py:3096} INFO - Sync 1 DAGs
[2024-11-12T00:21:30.590+0000] {logging_mixin.py:188} INFO - [2024-11-12T00:21:30.590+0000] {dag.py:3954} INFO - Setting next_dagrun for tutorial_objectstorage to None, run_after=None
[2024-11-12T00:21:30.612+0000] {processor.py:183} INFO - Processing /home/airflow/.local/lib/python3.12/site-packages/airflow/example_dags/tutorial_objectstorage.py took 0.074 seconds
[2024-11-12T00:22:01.585+0000] {processor.py:161} INFO - Started process (PID=1914) to work on /home/airflow/.local/lib/python3.12/site-packages/airflow/example_dags/tutorial_objectstorage.py
[2024-11-12T00:22:01.586+0000] {processor.py:830} INFO - Processing file /home/airflow/.local/lib/python3.12/site-packages/airflow/example_dags/tutorial_objectstorage.py for tasks to queue
[2024-11-12T00:22:01.589+0000] {logging_mixin.py:188} INFO - [2024-11-12T00:22:01.588+0000] {dagbag.py:545} INFO - Filling up the DagBag from /home/airflow/.local/lib/python3.12/site-packages/airflow/example_dags/tutorial_objectstorage.py
[2024-11-12T00:22:01.596+0000] {processor.py:840} INFO - DAG(s) 'tutorial_objectstorage' retrieved from /home/airflow/.local/lib/python3.12/site-packages/airflow/example_dags/tutorial_objectstorage.py
[2024-11-12T00:22:01.699+0000] {logging_mixin.py:188} INFO - [2024-11-12T00:22:01.699+0000] {dag.py:3096} INFO - Sync 1 DAGs
[2024-11-12T00:22:01.711+0000] {logging_mixin.py:188} INFO - [2024-11-12T00:22:01.711+0000] {dag.py:3954} INFO - Setting next_dagrun for tutorial_objectstorage to None, run_after=None
[2024-11-12T00:22:01.774+0000] {processor.py:183} INFO - Processing /home/airflow/.local/lib/python3.12/site-packages/airflow/example_dags/tutorial_objectstorage.py took 0.195 seconds
[2024-11-12T00:22:32.056+0000] {processor.py:161} INFO - Started process (PID=1973) to work on /home/airflow/.local/lib/python3.12/site-packages/airflow/example_dags/tutorial_objectstorage.py
[2024-11-12T00:22:32.057+0000] {processor.py:830} INFO - Processing file /home/airflow/.local/lib/python3.12/site-packages/airflow/example_dags/tutorial_objectstorage.py for tasks to queue
[2024-11-12T00:22:32.059+0000] {logging_mixin.py:188} INFO - [2024-11-12T00:22:32.059+0000] {dagbag.py:545} INFO - Filling up the DagBag from /home/airflow/.local/lib/python3.12/site-packages/airflow/example_dags/tutorial_objectstorage.py
[2024-11-12T00:22:32.066+0000] {processor.py:840} INFO - DAG(s) 'tutorial_objectstorage' retrieved from /home/airflow/.local/lib/python3.12/site-packages/airflow/example_dags/tutorial_objectstorage.py
[2024-11-12T00:22:32.087+0000] {logging_mixin.py:188} INFO - [2024-11-12T00:22:32.086+0000] {dag.py:3096} INFO - Sync 1 DAGs
[2024-11-12T00:22:32.101+0000] {logging_mixin.py:188} INFO - [2024-11-12T00:22:32.100+0000] {dag.py:3954} INFO - Setting next_dagrun for tutorial_objectstorage to None, run_after=None
[2024-11-12T00:22:32.123+0000] {processor.py:183} INFO - Processing /home/airflow/.local/lib/python3.12/site-packages/airflow/example_dags/tutorial_objectstorage.py took 0.074 seconds
[2024-11-12T00:23:02.316+0000] {processor.py:161} INFO - Started process (PID=2032) to work on /home/airflow/.local/lib/python3.12/site-packages/airflow/example_dags/tutorial_objectstorage.py
[2024-11-12T00:23:02.317+0000] {processor.py:830} INFO - Processing file /home/airflow/.local/lib/python3.12/site-packages/airflow/example_dags/tutorial_objectstorage.py for tasks to queue
[2024-11-12T00:23:02.319+0000] {logging_mixin.py:188} INFO - [2024-11-12T00:23:02.319+0000] {dagbag.py:545} INFO - Filling up the DagBag from /home/airflow/.local/lib/python3.12/site-packages/airflow/example_dags/tutorial_objectstorage.py
[2024-11-12T00:23:02.329+0000] {processor.py:840} INFO - DAG(s) 'tutorial_objectstorage' retrieved from /home/airflow/.local/lib/python3.12/site-packages/airflow/example_dags/tutorial_objectstorage.py
[2024-11-12T00:23:02.351+0000] {logging_mixin.py:188} INFO - [2024-11-12T00:23:02.351+0000] {dag.py:3096} INFO - Sync 1 DAGs
[2024-11-12T00:23:02.365+0000] {logging_mixin.py:188} INFO - [2024-11-12T00:23:02.365+0000] {dag.py:3954} INFO - Setting next_dagrun for tutorial_objectstorage to None, run_after=None
[2024-11-12T00:23:02.388+0000] {processor.py:183} INFO - Processing /home/airflow/.local/lib/python3.12/site-packages/airflow/example_dags/tutorial_objectstorage.py took 0.079 seconds
[2024-11-12T00:23:32.981+0000] {processor.py:161} INFO - Started process (PID=2094) to work on /home/airflow/.local/lib/python3.12/site-packages/airflow/example_dags/tutorial_objectstorage.py
[2024-11-12T00:23:32.982+0000] {processor.py:830} INFO - Processing file /home/airflow/.local/lib/python3.12/site-packages/airflow/example_dags/tutorial_objectstorage.py for tasks to queue
[2024-11-12T00:23:32.985+0000] {logging_mixin.py:188} INFO - [2024-11-12T00:23:32.984+0000] {dagbag.py:545} INFO - Filling up the DagBag from /home/airflow/.local/lib/python3.12/site-packages/airflow/example_dags/tutorial_objectstorage.py
[2024-11-12T00:23:32.993+0000] {processor.py:840} INFO - DAG(s) 'tutorial_objectstorage' retrieved from /home/airflow/.local/lib/python3.12/site-packages/airflow/example_dags/tutorial_objectstorage.py
[2024-11-12T00:23:33.015+0000] {logging_mixin.py:188} INFO - [2024-11-12T00:23:33.014+0000] {dag.py:3096} INFO - Sync 1 DAGs
[2024-11-12T00:23:33.029+0000] {logging_mixin.py:188} INFO - [2024-11-12T00:23:33.028+0000] {dag.py:3954} INFO - Setting next_dagrun for tutorial_objectstorage to None, run_after=None
[2024-11-12T00:23:33.046+0000] {processor.py:183} INFO - Processing /home/airflow/.local/lib/python3.12/site-packages/airflow/example_dags/tutorial_objectstorage.py took 0.070 seconds
[2024-11-12T00:24:03.831+0000] {processor.py:161} INFO - Started process (PID=2153) to work on /home/airflow/.local/lib/python3.12/site-packages/airflow/example_dags/tutorial_objectstorage.py
[2024-11-12T00:24:03.832+0000] {processor.py:830} INFO - Processing file /home/airflow/.local/lib/python3.12/site-packages/airflow/example_dags/tutorial_objectstorage.py for tasks to queue
[2024-11-12T00:24:03.835+0000] {logging_mixin.py:188} INFO - [2024-11-12T00:24:03.834+0000] {dagbag.py:545} INFO - Filling up the DagBag from /home/airflow/.local/lib/python3.12/site-packages/airflow/example_dags/tutorial_objectstorage.py
[2024-11-12T00:24:03.842+0000] {processor.py:840} INFO - DAG(s) 'tutorial_objectstorage' retrieved from /home/airflow/.local/lib/python3.12/site-packages/airflow/example_dags/tutorial_objectstorage.py
[2024-11-12T00:24:03.861+0000] {logging_mixin.py:188} INFO - [2024-11-12T00:24:03.860+0000] {dag.py:3096} INFO - Sync 1 DAGs
[2024-11-12T00:24:03.873+0000] {logging_mixin.py:188} INFO - [2024-11-12T00:24:03.872+0000] {dag.py:3954} INFO - Setting next_dagrun for tutorial_objectstorage to None, run_after=None
[2024-11-12T00:24:03.891+0000] {processor.py:183} INFO - Processing /home/airflow/.local/lib/python3.12/site-packages/airflow/example_dags/tutorial_objectstorage.py took 0.065 seconds
[2024-11-12T00:24:34.490+0000] {processor.py:161} INFO - Started process (PID=2212) to work on /home/airflow/.local/lib/python3.12/site-packages/airflow/example_dags/tutorial_objectstorage.py
[2024-11-12T00:24:34.491+0000] {processor.py:830} INFO - Processing file /home/airflow/.local/lib/python3.12/site-packages/airflow/example_dags/tutorial_objectstorage.py for tasks to queue
[2024-11-12T00:24:34.493+0000] {logging_mixin.py:188} INFO - [2024-11-12T00:24:34.493+0000] {dagbag.py:545} INFO - Filling up the DagBag from /home/airflow/.local/lib/python3.12/site-packages/airflow/example_dags/tutorial_objectstorage.py
[2024-11-12T00:24:34.500+0000] {processor.py:840} INFO - DAG(s) 'tutorial_objectstorage' retrieved from /home/airflow/.local/lib/python3.12/site-packages/airflow/example_dags/tutorial_objectstorage.py
[2024-11-12T00:24:34.519+0000] {logging_mixin.py:188} INFO - [2024-11-12T00:24:34.519+0000] {dag.py:3096} INFO - Sync 1 DAGs
[2024-11-12T00:24:34.531+0000] {logging_mixin.py:188} INFO - [2024-11-12T00:24:34.531+0000] {dag.py:3954} INFO - Setting next_dagrun for tutorial_objectstorage to None, run_after=None
[2024-11-12T00:24:34.550+0000] {processor.py:183} INFO - Processing /home/airflow/.local/lib/python3.12/site-packages/airflow/example_dags/tutorial_objectstorage.py took 0.065 seconds
[2024-11-12T00:25:05.043+0000] {processor.py:161} INFO - Started process (PID=2271) to work on /home/airflow/.local/lib/python3.12/site-packages/airflow/example_dags/tutorial_objectstorage.py
[2024-11-12T00:25:05.045+0000] {processor.py:830} INFO - Processing file /home/airflow/.local/lib/python3.12/site-packages/airflow/example_dags/tutorial_objectstorage.py for tasks to queue
[2024-11-12T00:25:05.047+0000] {logging_mixin.py:188} INFO - [2024-11-12T00:25:05.046+0000] {dagbag.py:545} INFO - Filling up the DagBag from /home/airflow/.local/lib/python3.12/site-packages/airflow/example_dags/tutorial_objectstorage.py
[2024-11-12T00:25:05.054+0000] {processor.py:840} INFO - DAG(s) 'tutorial_objectstorage' retrieved from /home/airflow/.local/lib/python3.12/site-packages/airflow/example_dags/tutorial_objectstorage.py
[2024-11-12T00:25:05.076+0000] {logging_mixin.py:188} INFO - [2024-11-12T00:25:05.075+0000] {dag.py:3096} INFO - Sync 1 DAGs
[2024-11-12T00:25:05.089+0000] {logging_mixin.py:188} INFO - [2024-11-12T00:25:05.089+0000] {dag.py:3954} INFO - Setting next_dagrun for tutorial_objectstorage to None, run_after=None
[2024-11-12T00:25:05.110+0000] {processor.py:183} INFO - Processing /home/airflow/.local/lib/python3.12/site-packages/airflow/example_dags/tutorial_objectstorage.py took 0.074 seconds
