[2024-11-12T00:06:45.963+0000] {processor.py:161} INFO - Started process (PID=156) to work on /home/airflow/.local/lib/python3.12/site-packages/airflow/example_dags/tutorial.py
[2024-11-12T00:06:45.964+0000] {processor.py:830} INFO - Processing file /home/airflow/.local/lib/python3.12/site-packages/airflow/example_dags/tutorial.py for tasks to queue
[2024-11-12T00:06:45.966+0000] {logging_mixin.py:188} INFO - [2024-11-12T00:06:45.966+0000] {dagbag.py:545} INFO - Filling up the DagBag from /home/airflow/.local/lib/python3.12/site-packages/airflow/example_dags/tutorial.py
[2024-11-12T00:06:45.975+0000] {processor.py:840} INFO - DAG(s) 'tutorial' retrieved from /home/airflow/.local/lib/python3.12/site-packages/airflow/example_dags/tutorial.py
[2024-11-12T00:06:46.092+0000] {logging_mixin.py:188} INFO - [2024-11-12T00:06:46.091+0000] {dag.py:3096} INFO - Sync 1 DAGs
[2024-11-12T00:06:46.111+0000] {logging_mixin.py:188} INFO - [2024-11-12T00:06:46.111+0000] {dag.py:3954} INFO - Setting next_dagrun for tutorial to 2024-11-11 00:00:00+00:00, run_after=2024-11-12 00:00:00+00:00
[2024-11-12T00:06:46.131+0000] {processor.py:183} INFO - Processing /home/airflow/.local/lib/python3.12/site-packages/airflow/example_dags/tutorial.py took 0.174 seconds
[2024-11-12T00:07:17.633+0000] {processor.py:161} INFO - Started process (PID=215) to work on /home/airflow/.local/lib/python3.12/site-packages/airflow/example_dags/tutorial.py
[2024-11-12T00:07:17.643+0000] {processor.py:830} INFO - Processing file /home/airflow/.local/lib/python3.12/site-packages/airflow/example_dags/tutorial.py for tasks to queue
[2024-11-12T00:07:17.645+0000] {logging_mixin.py:188} INFO - [2024-11-12T00:07:17.645+0000] {dagbag.py:545} INFO - Filling up the DagBag from /home/airflow/.local/lib/python3.12/site-packages/airflow/example_dags/tutorial.py
[2024-11-12T00:07:17.652+0000] {processor.py:840} INFO - DAG(s) 'tutorial' retrieved from /home/airflow/.local/lib/python3.12/site-packages/airflow/example_dags/tutorial.py
[2024-11-12T00:07:17.674+0000] {logging_mixin.py:188} INFO - [2024-11-12T00:07:17.674+0000] {dag.py:3096} INFO - Sync 1 DAGs
[2024-11-12T00:07:17.697+0000] {logging_mixin.py:188} INFO - [2024-11-12T00:07:17.696+0000] {dag.py:3954} INFO - Setting next_dagrun for tutorial to 2024-11-11 00:00:00+00:00, run_after=2024-11-12 00:00:00+00:00
[2024-11-12T00:07:17.718+0000] {processor.py:183} INFO - Processing /home/airflow/.local/lib/python3.12/site-packages/airflow/example_dags/tutorial.py took 0.091 seconds
[2024-11-12T00:07:48.019+0000] {processor.py:161} INFO - Started process (PID=274) to work on /home/airflow/.local/lib/python3.12/site-packages/airflow/example_dags/tutorial.py
[2024-11-12T00:07:48.020+0000] {processor.py:830} INFO - Processing file /home/airflow/.local/lib/python3.12/site-packages/airflow/example_dags/tutorial.py for tasks to queue
[2024-11-12T00:07:48.022+0000] {logging_mixin.py:188} INFO - [2024-11-12T00:07:48.022+0000] {dagbag.py:545} INFO - Filling up the DagBag from /home/airflow/.local/lib/python3.12/site-packages/airflow/example_dags/tutorial.py
[2024-11-12T00:07:48.029+0000] {processor.py:840} INFO - DAG(s) 'tutorial' retrieved from /home/airflow/.local/lib/python3.12/site-packages/airflow/example_dags/tutorial.py
[2024-11-12T00:07:48.048+0000] {logging_mixin.py:188} INFO - [2024-11-12T00:07:48.048+0000] {dag.py:3096} INFO - Sync 1 DAGs
[2024-11-12T00:07:48.068+0000] {logging_mixin.py:188} INFO - [2024-11-12T00:07:48.068+0000] {dag.py:3954} INFO - Setting next_dagrun for tutorial to 2024-11-11 00:00:00+00:00, run_after=2024-11-12 00:00:00+00:00
[2024-11-12T00:07:48.085+0000] {processor.py:183} INFO - Processing /home/airflow/.local/lib/python3.12/site-packages/airflow/example_dags/tutorial.py took 0.073 seconds
[2024-11-12T00:08:18.424+0000] {processor.py:161} INFO - Started process (PID=333) to work on /home/airflow/.local/lib/python3.12/site-packages/airflow/example_dags/tutorial.py
[2024-11-12T00:08:18.425+0000] {processor.py:830} INFO - Processing file /home/airflow/.local/lib/python3.12/site-packages/airflow/example_dags/tutorial.py for tasks to queue
[2024-11-12T00:08:18.427+0000] {logging_mixin.py:188} INFO - [2024-11-12T00:08:18.427+0000] {dagbag.py:545} INFO - Filling up the DagBag from /home/airflow/.local/lib/python3.12/site-packages/airflow/example_dags/tutorial.py
[2024-11-12T00:08:18.433+0000] {processor.py:840} INFO - DAG(s) 'tutorial' retrieved from /home/airflow/.local/lib/python3.12/site-packages/airflow/example_dags/tutorial.py
[2024-11-12T00:08:18.453+0000] {logging_mixin.py:188} INFO - [2024-11-12T00:08:18.452+0000] {dag.py:3096} INFO - Sync 1 DAGs
[2024-11-12T00:08:18.473+0000] {logging_mixin.py:188} INFO - [2024-11-12T00:08:18.473+0000] {dag.py:3954} INFO - Setting next_dagrun for tutorial to 2024-11-11 00:00:00+00:00, run_after=2024-11-12 00:00:00+00:00
[2024-11-12T00:08:18.491+0000] {processor.py:183} INFO - Processing /home/airflow/.local/lib/python3.12/site-packages/airflow/example_dags/tutorial.py took 0.073 seconds
[2024-11-12T00:08:48.651+0000] {processor.py:161} INFO - Started process (PID=392) to work on /home/airflow/.local/lib/python3.12/site-packages/airflow/example_dags/tutorial.py
[2024-11-12T00:08:48.652+0000] {processor.py:830} INFO - Processing file /home/airflow/.local/lib/python3.12/site-packages/airflow/example_dags/tutorial.py for tasks to queue
[2024-11-12T00:08:48.654+0000] {logging_mixin.py:188} INFO - [2024-11-12T00:08:48.654+0000] {dagbag.py:545} INFO - Filling up the DagBag from /home/airflow/.local/lib/python3.12/site-packages/airflow/example_dags/tutorial.py
[2024-11-12T00:08:48.660+0000] {processor.py:840} INFO - DAG(s) 'tutorial' retrieved from /home/airflow/.local/lib/python3.12/site-packages/airflow/example_dags/tutorial.py
[2024-11-12T00:08:48.681+0000] {logging_mixin.py:188} INFO - [2024-11-12T00:08:48.681+0000] {dag.py:3096} INFO - Sync 1 DAGs
[2024-11-12T00:08:48.702+0000] {logging_mixin.py:188} INFO - [2024-11-12T00:08:48.702+0000] {dag.py:3954} INFO - Setting next_dagrun for tutorial to 2024-11-11 00:00:00+00:00, run_after=2024-11-12 00:00:00+00:00
[2024-11-12T00:08:48.720+0000] {processor.py:183} INFO - Processing /home/airflow/.local/lib/python3.12/site-packages/airflow/example_dags/tutorial.py took 0.075 seconds
[2024-11-12T00:09:18.941+0000] {processor.py:161} INFO - Started process (PID=451) to work on /home/airflow/.local/lib/python3.12/site-packages/airflow/example_dags/tutorial.py
[2024-11-12T00:09:18.942+0000] {processor.py:830} INFO - Processing file /home/airflow/.local/lib/python3.12/site-packages/airflow/example_dags/tutorial.py for tasks to queue
[2024-11-12T00:09:18.945+0000] {logging_mixin.py:188} INFO - [2024-11-12T00:09:18.945+0000] {dagbag.py:545} INFO - Filling up the DagBag from /home/airflow/.local/lib/python3.12/site-packages/airflow/example_dags/tutorial.py
[2024-11-12T00:09:18.952+0000] {processor.py:840} INFO - DAG(s) 'tutorial' retrieved from /home/airflow/.local/lib/python3.12/site-packages/airflow/example_dags/tutorial.py
[2024-11-12T00:09:18.971+0000] {logging_mixin.py:188} INFO - [2024-11-12T00:09:18.970+0000] {dag.py:3096} INFO - Sync 1 DAGs
[2024-11-12T00:09:18.993+0000] {logging_mixin.py:188} INFO - [2024-11-12T00:09:18.992+0000] {dag.py:3954} INFO - Setting next_dagrun for tutorial to 2024-11-11 00:00:00+00:00, run_after=2024-11-12 00:00:00+00:00
[2024-11-12T00:09:19.011+0000] {processor.py:183} INFO - Processing /home/airflow/.local/lib/python3.12/site-packages/airflow/example_dags/tutorial.py took 0.075 seconds
[2024-11-12T00:09:49.197+0000] {processor.py:161} INFO - Started process (PID=510) to work on /home/airflow/.local/lib/python3.12/site-packages/airflow/example_dags/tutorial.py
[2024-11-12T00:09:49.198+0000] {processor.py:830} INFO - Processing file /home/airflow/.local/lib/python3.12/site-packages/airflow/example_dags/tutorial.py for tasks to queue
[2024-11-12T00:09:49.200+0000] {logging_mixin.py:188} INFO - [2024-11-12T00:09:49.200+0000] {dagbag.py:545} INFO - Filling up the DagBag from /home/airflow/.local/lib/python3.12/site-packages/airflow/example_dags/tutorial.py
[2024-11-12T00:09:49.207+0000] {processor.py:840} INFO - DAG(s) 'tutorial' retrieved from /home/airflow/.local/lib/python3.12/site-packages/airflow/example_dags/tutorial.py
[2024-11-12T00:09:49.228+0000] {logging_mixin.py:188} INFO - [2024-11-12T00:09:49.228+0000] {dag.py:3096} INFO - Sync 1 DAGs
[2024-11-12T00:09:49.251+0000] {logging_mixin.py:188} INFO - [2024-11-12T00:09:49.251+0000] {dag.py:3954} INFO - Setting next_dagrun for tutorial to 2024-11-11 00:00:00+00:00, run_after=2024-11-12 00:00:00+00:00
[2024-11-12T00:09:49.270+0000] {processor.py:183} INFO - Processing /home/airflow/.local/lib/python3.12/site-packages/airflow/example_dags/tutorial.py took 0.079 seconds
[2024-11-12T00:10:21.153+0000] {processor.py:161} INFO - Started process (PID=574) to work on /home/airflow/.local/lib/python3.12/site-packages/airflow/example_dags/tutorial.py
[2024-11-12T00:10:21.154+0000] {processor.py:830} INFO - Processing file /home/airflow/.local/lib/python3.12/site-packages/airflow/example_dags/tutorial.py for tasks to queue
[2024-11-12T00:10:21.156+0000] {logging_mixin.py:188} INFO - [2024-11-12T00:10:21.155+0000] {dagbag.py:545} INFO - Filling up the DagBag from /home/airflow/.local/lib/python3.12/site-packages/airflow/example_dags/tutorial.py
[2024-11-12T00:10:21.164+0000] {processor.py:840} INFO - DAG(s) 'tutorial' retrieved from /home/airflow/.local/lib/python3.12/site-packages/airflow/example_dags/tutorial.py
[2024-11-12T00:10:21.292+0000] {logging_mixin.py:188} INFO - [2024-11-12T00:10:21.291+0000] {dag.py:3096} INFO - Sync 1 DAGs
[2024-11-12T00:10:21.316+0000] {logging_mixin.py:188} INFO - [2024-11-12T00:10:21.316+0000] {dag.py:3954} INFO - Setting next_dagrun for tutorial to 2024-11-11 00:00:00+00:00, run_after=2024-11-12 00:00:00+00:00
[2024-11-12T00:10:21.333+0000] {processor.py:183} INFO - Processing /home/airflow/.local/lib/python3.12/site-packages/airflow/example_dags/tutorial.py took 0.186 seconds
[2024-11-12T00:10:51.611+0000] {processor.py:161} INFO - Started process (PID=634) to work on /home/airflow/.local/lib/python3.12/site-packages/airflow/example_dags/tutorial.py
[2024-11-12T00:10:51.612+0000] {processor.py:830} INFO - Processing file /home/airflow/.local/lib/python3.12/site-packages/airflow/example_dags/tutorial.py for tasks to queue
[2024-11-12T00:10:51.614+0000] {logging_mixin.py:188} INFO - [2024-11-12T00:10:51.614+0000] {dagbag.py:545} INFO - Filling up the DagBag from /home/airflow/.local/lib/python3.12/site-packages/airflow/example_dags/tutorial.py
[2024-11-12T00:10:51.621+0000] {processor.py:840} INFO - DAG(s) 'tutorial' retrieved from /home/airflow/.local/lib/python3.12/site-packages/airflow/example_dags/tutorial.py
[2024-11-12T00:10:51.642+0000] {logging_mixin.py:188} INFO - [2024-11-12T00:10:51.641+0000] {dag.py:3096} INFO - Sync 1 DAGs
[2024-11-12T00:10:51.665+0000] {logging_mixin.py:188} INFO - [2024-11-12T00:10:51.665+0000] {dag.py:3954} INFO - Setting next_dagrun for tutorial to 2024-11-11 00:00:00+00:00, run_after=2024-11-12 00:00:00+00:00
[2024-11-12T00:10:51.684+0000] {processor.py:183} INFO - Processing /home/airflow/.local/lib/python3.12/site-packages/airflow/example_dags/tutorial.py took 0.080 seconds
[2024-11-12T00:11:22.529+0000] {processor.py:161} INFO - Started process (PID=693) to work on /home/airflow/.local/lib/python3.12/site-packages/airflow/example_dags/tutorial.py
[2024-11-12T00:11:22.530+0000] {processor.py:830} INFO - Processing file /home/airflow/.local/lib/python3.12/site-packages/airflow/example_dags/tutorial.py for tasks to queue
[2024-11-12T00:11:22.532+0000] {logging_mixin.py:188} INFO - [2024-11-12T00:11:22.532+0000] {dagbag.py:545} INFO - Filling up the DagBag from /home/airflow/.local/lib/python3.12/site-packages/airflow/example_dags/tutorial.py
[2024-11-12T00:11:22.541+0000] {processor.py:840} INFO - DAG(s) 'tutorial' retrieved from /home/airflow/.local/lib/python3.12/site-packages/airflow/example_dags/tutorial.py
[2024-11-12T00:11:22.563+0000] {logging_mixin.py:188} INFO - [2024-11-12T00:11:22.562+0000] {dag.py:3096} INFO - Sync 1 DAGs
[2024-11-12T00:11:22.585+0000] {logging_mixin.py:188} INFO - [2024-11-12T00:11:22.584+0000] {dag.py:3954} INFO - Setting next_dagrun for tutorial to 2024-11-11 00:00:00+00:00, run_after=2024-11-12 00:00:00+00:00
[2024-11-12T00:11:22.604+0000] {processor.py:183} INFO - Processing /home/airflow/.local/lib/python3.12/site-packages/airflow/example_dags/tutorial.py took 0.081 seconds
[2024-11-12T00:11:54.288+0000] {processor.py:161} INFO - Started process (PID=752) to work on /home/airflow/.local/lib/python3.12/site-packages/airflow/example_dags/tutorial.py
[2024-11-12T00:11:54.293+0000] {processor.py:830} INFO - Processing file /home/airflow/.local/lib/python3.12/site-packages/airflow/example_dags/tutorial.py for tasks to queue
[2024-11-12T00:11:54.295+0000] {logging_mixin.py:188} INFO - [2024-11-12T00:11:54.295+0000] {dagbag.py:545} INFO - Filling up the DagBag from /home/airflow/.local/lib/python3.12/site-packages/airflow/example_dags/tutorial.py
[2024-11-12T00:11:54.302+0000] {processor.py:840} INFO - DAG(s) 'tutorial' retrieved from /home/airflow/.local/lib/python3.12/site-packages/airflow/example_dags/tutorial.py
[2024-11-12T00:11:54.399+0000] {logging_mixin.py:188} INFO - [2024-11-12T00:11:54.399+0000] {dag.py:3096} INFO - Sync 1 DAGs
[2024-11-12T00:11:54.418+0000] {logging_mixin.py:188} INFO - [2024-11-12T00:11:54.418+0000] {dag.py:3954} INFO - Setting next_dagrun for tutorial to 2024-11-11 00:00:00+00:00, run_after=2024-11-12 00:00:00+00:00
[2024-11-12T00:11:54.436+0000] {processor.py:183} INFO - Processing /home/airflow/.local/lib/python3.12/site-packages/airflow/example_dags/tutorial.py took 0.154 seconds
[2024-11-12T00:12:25.371+0000] {processor.py:161} INFO - Started process (PID=811) to work on /home/airflow/.local/lib/python3.12/site-packages/airflow/example_dags/tutorial.py
[2024-11-12T00:12:25.372+0000] {processor.py:830} INFO - Processing file /home/airflow/.local/lib/python3.12/site-packages/airflow/example_dags/tutorial.py for tasks to queue
[2024-11-12T00:12:25.375+0000] {logging_mixin.py:188} INFO - [2024-11-12T00:12:25.374+0000] {dagbag.py:545} INFO - Filling up the DagBag from /home/airflow/.local/lib/python3.12/site-packages/airflow/example_dags/tutorial.py
[2024-11-12T00:12:25.382+0000] {processor.py:840} INFO - DAG(s) 'tutorial' retrieved from /home/airflow/.local/lib/python3.12/site-packages/airflow/example_dags/tutorial.py
[2024-11-12T00:12:25.404+0000] {logging_mixin.py:188} INFO - [2024-11-12T00:12:25.404+0000] {dag.py:3096} INFO - Sync 1 DAGs
[2024-11-12T00:12:25.425+0000] {logging_mixin.py:188} INFO - [2024-11-12T00:12:25.425+0000] {dag.py:3954} INFO - Setting next_dagrun for tutorial to 2024-11-11 00:00:00+00:00, run_after=2024-11-12 00:00:00+00:00
[2024-11-12T00:12:25.443+0000] {processor.py:183} INFO - Processing /home/airflow/.local/lib/python3.12/site-packages/airflow/example_dags/tutorial.py took 0.078 seconds
[2024-11-12T00:12:55.699+0000] {processor.py:161} INFO - Started process (PID=870) to work on /home/airflow/.local/lib/python3.12/site-packages/airflow/example_dags/tutorial.py
[2024-11-12T00:12:55.700+0000] {processor.py:830} INFO - Processing file /home/airflow/.local/lib/python3.12/site-packages/airflow/example_dags/tutorial.py for tasks to queue
[2024-11-12T00:12:55.703+0000] {logging_mixin.py:188} INFO - [2024-11-12T00:12:55.702+0000] {dagbag.py:545} INFO - Filling up the DagBag from /home/airflow/.local/lib/python3.12/site-packages/airflow/example_dags/tutorial.py
[2024-11-12T00:12:55.708+0000] {processor.py:840} INFO - DAG(s) 'tutorial' retrieved from /home/airflow/.local/lib/python3.12/site-packages/airflow/example_dags/tutorial.py
[2024-11-12T00:12:55.728+0000] {logging_mixin.py:188} INFO - [2024-11-12T00:12:55.728+0000] {dag.py:3096} INFO - Sync 1 DAGs
[2024-11-12T00:12:55.749+0000] {logging_mixin.py:188} INFO - [2024-11-12T00:12:55.749+0000] {dag.py:3954} INFO - Setting next_dagrun for tutorial to 2024-11-11 00:00:00+00:00, run_after=2024-11-12 00:00:00+00:00
[2024-11-12T00:12:55.766+0000] {processor.py:183} INFO - Processing /home/airflow/.local/lib/python3.12/site-packages/airflow/example_dags/tutorial.py took 0.074 seconds
[2024-11-12T00:13:26.267+0000] {processor.py:161} INFO - Started process (PID=929) to work on /home/airflow/.local/lib/python3.12/site-packages/airflow/example_dags/tutorial.py
[2024-11-12T00:13:26.269+0000] {processor.py:830} INFO - Processing file /home/airflow/.local/lib/python3.12/site-packages/airflow/example_dags/tutorial.py for tasks to queue
[2024-11-12T00:13:26.274+0000] {logging_mixin.py:188} INFO - [2024-11-12T00:13:26.273+0000] {dagbag.py:545} INFO - Filling up the DagBag from /home/airflow/.local/lib/python3.12/site-packages/airflow/example_dags/tutorial.py
[2024-11-12T00:13:26.282+0000] {processor.py:840} INFO - DAG(s) 'tutorial' retrieved from /home/airflow/.local/lib/python3.12/site-packages/airflow/example_dags/tutorial.py
[2024-11-12T00:13:26.306+0000] {logging_mixin.py:188} INFO - [2024-11-12T00:13:26.306+0000] {dag.py:3096} INFO - Sync 1 DAGs
[2024-11-12T00:13:26.334+0000] {logging_mixin.py:188} INFO - [2024-11-12T00:13:26.333+0000] {dag.py:3954} INFO - Setting next_dagrun for tutorial to 2024-11-11 00:00:00+00:00, run_after=2024-11-12 00:00:00+00:00
[2024-11-12T00:13:26.356+0000] {processor.py:183} INFO - Processing /home/airflow/.local/lib/python3.12/site-packages/airflow/example_dags/tutorial.py took 0.102 seconds
[2024-11-12T00:13:56.596+0000] {processor.py:161} INFO - Started process (PID=988) to work on /home/airflow/.local/lib/python3.12/site-packages/airflow/example_dags/tutorial.py
[2024-11-12T00:13:56.597+0000] {processor.py:830} INFO - Processing file /home/airflow/.local/lib/python3.12/site-packages/airflow/example_dags/tutorial.py for tasks to queue
[2024-11-12T00:13:56.599+0000] {logging_mixin.py:188} INFO - [2024-11-12T00:13:56.599+0000] {dagbag.py:545} INFO - Filling up the DagBag from /home/airflow/.local/lib/python3.12/site-packages/airflow/example_dags/tutorial.py
[2024-11-12T00:13:56.605+0000] {processor.py:840} INFO - DAG(s) 'tutorial' retrieved from /home/airflow/.local/lib/python3.12/site-packages/airflow/example_dags/tutorial.py
[2024-11-12T00:13:56.625+0000] {logging_mixin.py:188} INFO - [2024-11-12T00:13:56.625+0000] {dag.py:3096} INFO - Sync 1 DAGs
[2024-11-12T00:13:56.648+0000] {logging_mixin.py:188} INFO - [2024-11-12T00:13:56.648+0000] {dag.py:3954} INFO - Setting next_dagrun for tutorial to 2024-11-11 00:00:00+00:00, run_after=2024-11-12 00:00:00+00:00
[2024-11-12T00:13:56.666+0000] {processor.py:183} INFO - Processing /home/airflow/.local/lib/python3.12/site-packages/airflow/example_dags/tutorial.py took 0.075 seconds
[2024-11-12T00:14:26.809+0000] {processor.py:161} INFO - Started process (PID=1047) to work on /home/airflow/.local/lib/python3.12/site-packages/airflow/example_dags/tutorial.py
[2024-11-12T00:14:26.810+0000] {processor.py:830} INFO - Processing file /home/airflow/.local/lib/python3.12/site-packages/airflow/example_dags/tutorial.py for tasks to queue
[2024-11-12T00:14:26.812+0000] {logging_mixin.py:188} INFO - [2024-11-12T00:14:26.811+0000] {dagbag.py:545} INFO - Filling up the DagBag from /home/airflow/.local/lib/python3.12/site-packages/airflow/example_dags/tutorial.py
[2024-11-12T00:14:26.818+0000] {processor.py:840} INFO - DAG(s) 'tutorial' retrieved from /home/airflow/.local/lib/python3.12/site-packages/airflow/example_dags/tutorial.py
[2024-11-12T00:14:26.839+0000] {logging_mixin.py:188} INFO - [2024-11-12T00:14:26.838+0000] {dag.py:3096} INFO - Sync 1 DAGs
[2024-11-12T00:14:26.860+0000] {logging_mixin.py:188} INFO - [2024-11-12T00:14:26.860+0000] {dag.py:3954} INFO - Setting next_dagrun for tutorial to 2024-11-11 00:00:00+00:00, run_after=2024-11-12 00:00:00+00:00
[2024-11-12T00:14:26.878+0000] {processor.py:183} INFO - Processing /home/airflow/.local/lib/python3.12/site-packages/airflow/example_dags/tutorial.py took 0.076 seconds
[2024-11-12T00:14:57.314+0000] {processor.py:161} INFO - Started process (PID=1106) to work on /home/airflow/.local/lib/python3.12/site-packages/airflow/example_dags/tutorial.py
[2024-11-12T00:14:57.315+0000] {processor.py:830} INFO - Processing file /home/airflow/.local/lib/python3.12/site-packages/airflow/example_dags/tutorial.py for tasks to queue
[2024-11-12T00:14:57.317+0000] {logging_mixin.py:188} INFO - [2024-11-12T00:14:57.317+0000] {dagbag.py:545} INFO - Filling up the DagBag from /home/airflow/.local/lib/python3.12/site-packages/airflow/example_dags/tutorial.py
[2024-11-12T00:14:57.324+0000] {processor.py:840} INFO - DAG(s) 'tutorial' retrieved from /home/airflow/.local/lib/python3.12/site-packages/airflow/example_dags/tutorial.py
[2024-11-12T00:14:57.345+0000] {logging_mixin.py:188} INFO - [2024-11-12T00:14:57.344+0000] {dag.py:3096} INFO - Sync 1 DAGs
[2024-11-12T00:14:57.366+0000] {logging_mixin.py:188} INFO - [2024-11-12T00:14:57.365+0000] {dag.py:3954} INFO - Setting next_dagrun for tutorial to 2024-11-11 00:00:00+00:00, run_after=2024-11-12 00:00:00+00:00
[2024-11-12T00:14:57.384+0000] {processor.py:183} INFO - Processing /home/airflow/.local/lib/python3.12/site-packages/airflow/example_dags/tutorial.py took 0.076 seconds
[2024-11-12T00:15:27.640+0000] {processor.py:161} INFO - Started process (PID=1165) to work on /home/airflow/.local/lib/python3.12/site-packages/airflow/example_dags/tutorial.py
[2024-11-12T00:15:27.641+0000] {processor.py:830} INFO - Processing file /home/airflow/.local/lib/python3.12/site-packages/airflow/example_dags/tutorial.py for tasks to queue
[2024-11-12T00:15:27.643+0000] {logging_mixin.py:188} INFO - [2024-11-12T00:15:27.643+0000] {dagbag.py:545} INFO - Filling up the DagBag from /home/airflow/.local/lib/python3.12/site-packages/airflow/example_dags/tutorial.py
[2024-11-12T00:15:27.650+0000] {processor.py:840} INFO - DAG(s) 'tutorial' retrieved from /home/airflow/.local/lib/python3.12/site-packages/airflow/example_dags/tutorial.py
[2024-11-12T00:15:27.672+0000] {logging_mixin.py:188} INFO - [2024-11-12T00:15:27.671+0000] {dag.py:3096} INFO - Sync 1 DAGs
[2024-11-12T00:15:27.693+0000] {logging_mixin.py:188} INFO - [2024-11-12T00:15:27.692+0000] {dag.py:3954} INFO - Setting next_dagrun for tutorial to 2024-11-11 00:00:00+00:00, run_after=2024-11-12 00:00:00+00:00
[2024-11-12T00:15:27.713+0000] {processor.py:183} INFO - Processing /home/airflow/.local/lib/python3.12/site-packages/airflow/example_dags/tutorial.py took 0.079 seconds
[2024-11-12T00:15:57.895+0000] {processor.py:161} INFO - Started process (PID=1224) to work on /home/airflow/.local/lib/python3.12/site-packages/airflow/example_dags/tutorial.py
[2024-11-12T00:15:57.897+0000] {processor.py:830} INFO - Processing file /home/airflow/.local/lib/python3.12/site-packages/airflow/example_dags/tutorial.py for tasks to queue
[2024-11-12T00:15:57.899+0000] {logging_mixin.py:188} INFO - [2024-11-12T00:15:57.898+0000] {dagbag.py:545} INFO - Filling up the DagBag from /home/airflow/.local/lib/python3.12/site-packages/airflow/example_dags/tutorial.py
[2024-11-12T00:15:57.904+0000] {processor.py:840} INFO - DAG(s) 'tutorial' retrieved from /home/airflow/.local/lib/python3.12/site-packages/airflow/example_dags/tutorial.py
[2024-11-12T00:15:57.925+0000] {logging_mixin.py:188} INFO - [2024-11-12T00:15:57.925+0000] {dag.py:3096} INFO - Sync 1 DAGs
[2024-11-12T00:15:57.947+0000] {logging_mixin.py:188} INFO - [2024-11-12T00:15:57.947+0000] {dag.py:3954} INFO - Setting next_dagrun for tutorial to 2024-11-11 00:00:00+00:00, run_after=2024-11-12 00:00:00+00:00
[2024-11-12T00:15:57.966+0000] {processor.py:183} INFO - Processing /home/airflow/.local/lib/python3.12/site-packages/airflow/example_dags/tutorial.py took 0.076 seconds
[2024-11-12T00:16:28.110+0000] {processor.py:161} INFO - Started process (PID=1283) to work on /home/airflow/.local/lib/python3.12/site-packages/airflow/example_dags/tutorial.py
[2024-11-12T00:16:28.111+0000] {processor.py:830} INFO - Processing file /home/airflow/.local/lib/python3.12/site-packages/airflow/example_dags/tutorial.py for tasks to queue
[2024-11-12T00:16:28.114+0000] {logging_mixin.py:188} INFO - [2024-11-12T00:16:28.113+0000] {dagbag.py:545} INFO - Filling up the DagBag from /home/airflow/.local/lib/python3.12/site-packages/airflow/example_dags/tutorial.py
[2024-11-12T00:16:28.120+0000] {processor.py:840} INFO - DAG(s) 'tutorial' retrieved from /home/airflow/.local/lib/python3.12/site-packages/airflow/example_dags/tutorial.py
[2024-11-12T00:16:28.140+0000] {logging_mixin.py:188} INFO - [2024-11-12T00:16:28.140+0000] {dag.py:3096} INFO - Sync 1 DAGs
[2024-11-12T00:16:28.162+0000] {logging_mixin.py:188} INFO - [2024-11-12T00:16:28.162+0000] {dag.py:3954} INFO - Setting next_dagrun for tutorial to 2024-11-11 00:00:00+00:00, run_after=2024-11-12 00:00:00+00:00
[2024-11-12T00:16:28.181+0000] {processor.py:183} INFO - Processing /home/airflow/.local/lib/python3.12/site-packages/airflow/example_dags/tutorial.py took 0.076 seconds
[2024-11-12T00:16:58.422+0000] {processor.py:161} INFO - Started process (PID=1342) to work on /home/airflow/.local/lib/python3.12/site-packages/airflow/example_dags/tutorial.py
[2024-11-12T00:16:58.423+0000] {processor.py:830} INFO - Processing file /home/airflow/.local/lib/python3.12/site-packages/airflow/example_dags/tutorial.py for tasks to queue
[2024-11-12T00:16:58.425+0000] {logging_mixin.py:188} INFO - [2024-11-12T00:16:58.425+0000] {dagbag.py:545} INFO - Filling up the DagBag from /home/airflow/.local/lib/python3.12/site-packages/airflow/example_dags/tutorial.py
[2024-11-12T00:16:58.431+0000] {processor.py:840} INFO - DAG(s) 'tutorial' retrieved from /home/airflow/.local/lib/python3.12/site-packages/airflow/example_dags/tutorial.py
[2024-11-12T00:16:58.529+0000] {logging_mixin.py:188} INFO - [2024-11-12T00:16:58.529+0000] {dag.py:3096} INFO - Sync 1 DAGs
[2024-11-12T00:16:58.547+0000] {logging_mixin.py:188} INFO - [2024-11-12T00:16:58.547+0000] {dag.py:3954} INFO - Setting next_dagrun for tutorial to 2024-11-11 00:00:00+00:00, run_after=2024-11-12 00:00:00+00:00
[2024-11-12T00:16:58.566+0000] {processor.py:183} INFO - Processing /home/airflow/.local/lib/python3.12/site-packages/airflow/example_dags/tutorial.py took 0.150 seconds
[2024-11-12T00:17:29.138+0000] {processor.py:161} INFO - Started process (PID=1401) to work on /home/airflow/.local/lib/python3.12/site-packages/airflow/example_dags/tutorial.py
[2024-11-12T00:17:29.141+0000] {processor.py:830} INFO - Processing file /home/airflow/.local/lib/python3.12/site-packages/airflow/example_dags/tutorial.py for tasks to queue
[2024-11-12T00:17:29.146+0000] {logging_mixin.py:188} INFO - [2024-11-12T00:17:29.145+0000] {dagbag.py:545} INFO - Filling up the DagBag from /home/airflow/.local/lib/python3.12/site-packages/airflow/example_dags/tutorial.py
[2024-11-12T00:17:29.157+0000] {processor.py:840} INFO - DAG(s) 'tutorial' retrieved from /home/airflow/.local/lib/python3.12/site-packages/airflow/example_dags/tutorial.py
[2024-11-12T00:17:29.188+0000] {logging_mixin.py:188} INFO - [2024-11-12T00:17:29.187+0000] {dag.py:3096} INFO - Sync 1 DAGs
[2024-11-12T00:17:29.217+0000] {logging_mixin.py:188} INFO - [2024-11-12T00:17:29.217+0000] {dag.py:3954} INFO - Setting next_dagrun for tutorial to 2024-11-11 00:00:00+00:00, run_after=2024-11-12 00:00:00+00:00
[2024-11-12T00:17:29.247+0000] {processor.py:183} INFO - Processing /home/airflow/.local/lib/python3.12/site-packages/airflow/example_dags/tutorial.py took 0.119 seconds
[2024-11-12T00:17:59.469+0000] {processor.py:161} INFO - Started process (PID=1460) to work on /home/airflow/.local/lib/python3.12/site-packages/airflow/example_dags/tutorial.py
[2024-11-12T00:17:59.470+0000] {processor.py:830} INFO - Processing file /home/airflow/.local/lib/python3.12/site-packages/airflow/example_dags/tutorial.py for tasks to queue
[2024-11-12T00:17:59.473+0000] {logging_mixin.py:188} INFO - [2024-11-12T00:17:59.472+0000] {dagbag.py:545} INFO - Filling up the DagBag from /home/airflow/.local/lib/python3.12/site-packages/airflow/example_dags/tutorial.py
[2024-11-12T00:17:59.480+0000] {processor.py:840} INFO - DAG(s) 'tutorial' retrieved from /home/airflow/.local/lib/python3.12/site-packages/airflow/example_dags/tutorial.py
[2024-11-12T00:17:59.500+0000] {logging_mixin.py:188} INFO - [2024-11-12T00:17:59.500+0000] {dag.py:3096} INFO - Sync 1 DAGs
[2024-11-12T00:17:59.522+0000] {logging_mixin.py:188} INFO - [2024-11-12T00:17:59.522+0000] {dag.py:3954} INFO - Setting next_dagrun for tutorial to 2024-11-11 00:00:00+00:00, run_after=2024-11-12 00:00:00+00:00
[2024-11-12T00:17:59.539+0000] {processor.py:183} INFO - Processing /home/airflow/.local/lib/python3.12/site-packages/airflow/example_dags/tutorial.py took 0.077 seconds
[2024-11-12T00:18:30.172+0000] {processor.py:161} INFO - Started process (PID=1520) to work on /home/airflow/.local/lib/python3.12/site-packages/airflow/example_dags/tutorial.py
[2024-11-12T00:18:30.173+0000] {processor.py:830} INFO - Processing file /home/airflow/.local/lib/python3.12/site-packages/airflow/example_dags/tutorial.py for tasks to queue
[2024-11-12T00:18:30.175+0000] {logging_mixin.py:188} INFO - [2024-11-12T00:18:30.175+0000] {dagbag.py:545} INFO - Filling up the DagBag from /home/airflow/.local/lib/python3.12/site-packages/airflow/example_dags/tutorial.py
[2024-11-12T00:18:30.182+0000] {processor.py:840} INFO - DAG(s) 'tutorial' retrieved from /home/airflow/.local/lib/python3.12/site-packages/airflow/example_dags/tutorial.py
[2024-11-12T00:18:30.201+0000] {logging_mixin.py:188} INFO - [2024-11-12T00:18:30.201+0000] {dag.py:3096} INFO - Sync 1 DAGs
[2024-11-12T00:18:30.221+0000] {logging_mixin.py:188} INFO - [2024-11-12T00:18:30.221+0000] {dag.py:3954} INFO - Setting next_dagrun for tutorial to 2024-11-11 00:00:00+00:00, run_after=2024-11-12 00:00:00+00:00
[2024-11-12T00:18:30.239+0000] {processor.py:183} INFO - Processing /home/airflow/.local/lib/python3.12/site-packages/airflow/example_dags/tutorial.py took 0.073 seconds
[2024-11-12T00:19:00.671+0000] {processor.py:161} INFO - Started process (PID=1579) to work on /home/airflow/.local/lib/python3.12/site-packages/airflow/example_dags/tutorial.py
[2024-11-12T00:19:00.672+0000] {processor.py:830} INFO - Processing file /home/airflow/.local/lib/python3.12/site-packages/airflow/example_dags/tutorial.py for tasks to queue
[2024-11-12T00:19:00.674+0000] {logging_mixin.py:188} INFO - [2024-11-12T00:19:00.674+0000] {dagbag.py:545} INFO - Filling up the DagBag from /home/airflow/.local/lib/python3.12/site-packages/airflow/example_dags/tutorial.py
[2024-11-12T00:19:00.681+0000] {processor.py:840} INFO - DAG(s) 'tutorial' retrieved from /home/airflow/.local/lib/python3.12/site-packages/airflow/example_dags/tutorial.py
[2024-11-12T00:19:00.700+0000] {logging_mixin.py:188} INFO - [2024-11-12T00:19:00.700+0000] {dag.py:3096} INFO - Sync 1 DAGs
[2024-11-12T00:19:00.721+0000] {logging_mixin.py:188} INFO - [2024-11-12T00:19:00.721+0000] {dag.py:3954} INFO - Setting next_dagrun for tutorial to 2024-11-11 00:00:00+00:00, run_after=2024-11-12 00:00:00+00:00
[2024-11-12T00:19:00.739+0000] {processor.py:183} INFO - Processing /home/airflow/.local/lib/python3.12/site-packages/airflow/example_dags/tutorial.py took 0.074 seconds
[2024-11-12T00:19:31.750+0000] {processor.py:161} INFO - Started process (PID=1638) to work on /home/airflow/.local/lib/python3.12/site-packages/airflow/example_dags/tutorial.py
[2024-11-12T00:19:31.751+0000] {processor.py:830} INFO - Processing file /home/airflow/.local/lib/python3.12/site-packages/airflow/example_dags/tutorial.py for tasks to queue
[2024-11-12T00:19:31.755+0000] {logging_mixin.py:188} INFO - [2024-11-12T00:19:31.755+0000] {dagbag.py:545} INFO - Filling up the DagBag from /home/airflow/.local/lib/python3.12/site-packages/airflow/example_dags/tutorial.py
[2024-11-12T00:19:31.767+0000] {processor.py:840} INFO - DAG(s) 'tutorial' retrieved from /home/airflow/.local/lib/python3.12/site-packages/airflow/example_dags/tutorial.py
[2024-11-12T00:19:31.810+0000] {logging_mixin.py:188} INFO - [2024-11-12T00:19:31.810+0000] {dag.py:3096} INFO - Sync 1 DAGs
[2024-11-12T00:19:31.853+0000] {logging_mixin.py:188} INFO - [2024-11-12T00:19:31.853+0000] {dag.py:3954} INFO - Setting next_dagrun for tutorial to 2024-11-11 00:00:00+00:00, run_after=2024-11-12 00:00:00+00:00
[2024-11-12T00:19:31.882+0000] {processor.py:183} INFO - Processing /home/airflow/.local/lib/python3.12/site-packages/airflow/example_dags/tutorial.py took 0.144 seconds
[2024-11-12T00:20:02.621+0000] {processor.py:161} INFO - Started process (PID=1697) to work on /home/airflow/.local/lib/python3.12/site-packages/airflow/example_dags/tutorial.py
[2024-11-12T00:20:02.622+0000] {processor.py:830} INFO - Processing file /home/airflow/.local/lib/python3.12/site-packages/airflow/example_dags/tutorial.py for tasks to queue
[2024-11-12T00:20:02.624+0000] {logging_mixin.py:188} INFO - [2024-11-12T00:20:02.624+0000] {dagbag.py:545} INFO - Filling up the DagBag from /home/airflow/.local/lib/python3.12/site-packages/airflow/example_dags/tutorial.py
[2024-11-12T00:20:02.631+0000] {processor.py:840} INFO - DAG(s) 'tutorial' retrieved from /home/airflow/.local/lib/python3.12/site-packages/airflow/example_dags/tutorial.py
[2024-11-12T00:20:02.651+0000] {logging_mixin.py:188} INFO - [2024-11-12T00:20:02.651+0000] {dag.py:3096} INFO - Sync 1 DAGs
[2024-11-12T00:20:02.671+0000] {logging_mixin.py:188} INFO - [2024-11-12T00:20:02.671+0000] {dag.py:3954} INFO - Setting next_dagrun for tutorial to 2024-11-11 00:00:00+00:00, run_after=2024-11-12 00:00:00+00:00
[2024-11-12T00:20:02.691+0000] {processor.py:183} INFO - Processing /home/airflow/.local/lib/python3.12/site-packages/airflow/example_dags/tutorial.py took 0.076 seconds
[2024-11-12T00:20:32.896+0000] {processor.py:161} INFO - Started process (PID=1756) to work on /home/airflow/.local/lib/python3.12/site-packages/airflow/example_dags/tutorial.py
[2024-11-12T00:20:32.897+0000] {processor.py:830} INFO - Processing file /home/airflow/.local/lib/python3.12/site-packages/airflow/example_dags/tutorial.py for tasks to queue
[2024-11-12T00:20:32.900+0000] {logging_mixin.py:188} INFO - [2024-11-12T00:20:32.899+0000] {dagbag.py:545} INFO - Filling up the DagBag from /home/airflow/.local/lib/python3.12/site-packages/airflow/example_dags/tutorial.py
[2024-11-12T00:20:32.908+0000] {processor.py:840} INFO - DAG(s) 'tutorial' retrieved from /home/airflow/.local/lib/python3.12/site-packages/airflow/example_dags/tutorial.py
[2024-11-12T00:20:32.930+0000] {logging_mixin.py:188} INFO - [2024-11-12T00:20:32.930+0000] {dag.py:3096} INFO - Sync 1 DAGs
[2024-11-12T00:20:32.952+0000] {logging_mixin.py:188} INFO - [2024-11-12T00:20:32.951+0000] {dag.py:3954} INFO - Setting next_dagrun for tutorial to 2024-11-11 00:00:00+00:00, run_after=2024-11-12 00:00:00+00:00
[2024-11-12T00:20:32.970+0000] {processor.py:183} INFO - Processing /home/airflow/.local/lib/python3.12/site-packages/airflow/example_dags/tutorial.py took 0.080 seconds
[2024-11-12T00:21:03.295+0000] {processor.py:161} INFO - Started process (PID=1815) to work on /home/airflow/.local/lib/python3.12/site-packages/airflow/example_dags/tutorial.py
[2024-11-12T00:21:03.296+0000] {processor.py:830} INFO - Processing file /home/airflow/.local/lib/python3.12/site-packages/airflow/example_dags/tutorial.py for tasks to queue
[2024-11-12T00:21:03.298+0000] {logging_mixin.py:188} INFO - [2024-11-12T00:21:03.298+0000] {dagbag.py:545} INFO - Filling up the DagBag from /home/airflow/.local/lib/python3.12/site-packages/airflow/example_dags/tutorial.py
[2024-11-12T00:21:03.305+0000] {processor.py:840} INFO - DAG(s) 'tutorial' retrieved from /home/airflow/.local/lib/python3.12/site-packages/airflow/example_dags/tutorial.py
[2024-11-12T00:21:03.325+0000] {logging_mixin.py:188} INFO - [2024-11-12T00:21:03.325+0000] {dag.py:3096} INFO - Sync 1 DAGs
[2024-11-12T00:21:03.348+0000] {logging_mixin.py:188} INFO - [2024-11-12T00:21:03.348+0000] {dag.py:3954} INFO - Setting next_dagrun for tutorial to 2024-11-11 00:00:00+00:00, run_after=2024-11-12 00:00:00+00:00
[2024-11-12T00:21:03.368+0000] {processor.py:183} INFO - Processing /home/airflow/.local/lib/python3.12/site-packages/airflow/example_dags/tutorial.py took 0.080 seconds
[2024-11-12T00:21:33.819+0000] {processor.py:161} INFO - Started process (PID=1875) to work on /home/airflow/.local/lib/python3.12/site-packages/airflow/example_dags/tutorial.py
[2024-11-12T00:21:33.821+0000] {processor.py:830} INFO - Processing file /home/airflow/.local/lib/python3.12/site-packages/airflow/example_dags/tutorial.py for tasks to queue
[2024-11-12T00:21:33.823+0000] {logging_mixin.py:188} INFO - [2024-11-12T00:21:33.823+0000] {dagbag.py:545} INFO - Filling up the DagBag from /home/airflow/.local/lib/python3.12/site-packages/airflow/example_dags/tutorial.py
[2024-11-12T00:21:33.829+0000] {processor.py:840} INFO - DAG(s) 'tutorial' retrieved from /home/airflow/.local/lib/python3.12/site-packages/airflow/example_dags/tutorial.py
[2024-11-12T00:21:33.852+0000] {logging_mixin.py:188} INFO - [2024-11-12T00:21:33.852+0000] {dag.py:3096} INFO - Sync 1 DAGs
[2024-11-12T00:21:33.876+0000] {logging_mixin.py:188} INFO - [2024-11-12T00:21:33.876+0000] {dag.py:3954} INFO - Setting next_dagrun for tutorial to 2024-11-11 00:00:00+00:00, run_after=2024-11-12 00:00:00+00:00
[2024-11-12T00:21:33.897+0000] {processor.py:183} INFO - Processing /home/airflow/.local/lib/python3.12/site-packages/airflow/example_dags/tutorial.py took 0.084 seconds
[2024-11-12T00:22:04.785+0000] {processor.py:161} INFO - Started process (PID=1935) to work on /home/airflow/.local/lib/python3.12/site-packages/airflow/example_dags/tutorial.py
[2024-11-12T00:22:04.786+0000] {processor.py:830} INFO - Processing file /home/airflow/.local/lib/python3.12/site-packages/airflow/example_dags/tutorial.py for tasks to queue
[2024-11-12T00:22:04.788+0000] {logging_mixin.py:188} INFO - [2024-11-12T00:22:04.788+0000] {dagbag.py:545} INFO - Filling up the DagBag from /home/airflow/.local/lib/python3.12/site-packages/airflow/example_dags/tutorial.py
[2024-11-12T00:22:04.795+0000] {processor.py:840} INFO - DAG(s) 'tutorial' retrieved from /home/airflow/.local/lib/python3.12/site-packages/airflow/example_dags/tutorial.py
[2024-11-12T00:22:04.899+0000] {logging_mixin.py:188} INFO - [2024-11-12T00:22:04.899+0000] {dag.py:3096} INFO - Sync 1 DAGs
[2024-11-12T00:22:04.919+0000] {logging_mixin.py:188} INFO - [2024-11-12T00:22:04.919+0000] {dag.py:3954} INFO - Setting next_dagrun for tutorial to 2024-11-11 00:00:00+00:00, run_after=2024-11-12 00:00:00+00:00
[2024-11-12T00:22:04.937+0000] {processor.py:183} INFO - Processing /home/airflow/.local/lib/python3.12/site-packages/airflow/example_dags/tutorial.py took 0.158 seconds
[2024-11-12T00:22:35.025+0000] {processor.py:161} INFO - Started process (PID=1994) to work on /home/airflow/.local/lib/python3.12/site-packages/airflow/example_dags/tutorial.py
[2024-11-12T00:22:35.026+0000] {processor.py:830} INFO - Processing file /home/airflow/.local/lib/python3.12/site-packages/airflow/example_dags/tutorial.py for tasks to queue
[2024-11-12T00:22:35.028+0000] {logging_mixin.py:188} INFO - [2024-11-12T00:22:35.028+0000] {dagbag.py:545} INFO - Filling up the DagBag from /home/airflow/.local/lib/python3.12/site-packages/airflow/example_dags/tutorial.py
[2024-11-12T00:22:35.034+0000] {processor.py:840} INFO - DAG(s) 'tutorial' retrieved from /home/airflow/.local/lib/python3.12/site-packages/airflow/example_dags/tutorial.py
[2024-11-12T00:22:35.053+0000] {logging_mixin.py:188} INFO - [2024-11-12T00:22:35.053+0000] {dag.py:3096} INFO - Sync 1 DAGs
[2024-11-12T00:22:35.074+0000] {logging_mixin.py:188} INFO - [2024-11-12T00:22:35.074+0000] {dag.py:3954} INFO - Setting next_dagrun for tutorial to 2024-11-11 00:00:00+00:00, run_after=2024-11-12 00:00:00+00:00
[2024-11-12T00:22:35.093+0000] {processor.py:183} INFO - Processing /home/airflow/.local/lib/python3.12/site-packages/airflow/example_dags/tutorial.py took 0.074 seconds
[2024-11-12T00:23:05.194+0000] {processor.py:161} INFO - Started process (PID=2053) to work on /home/airflow/.local/lib/python3.12/site-packages/airflow/example_dags/tutorial.py
[2024-11-12T00:23:05.195+0000] {processor.py:830} INFO - Processing file /home/airflow/.local/lib/python3.12/site-packages/airflow/example_dags/tutorial.py for tasks to queue
[2024-11-12T00:23:05.197+0000] {logging_mixin.py:188} INFO - [2024-11-12T00:23:05.196+0000] {dagbag.py:545} INFO - Filling up the DagBag from /home/airflow/.local/lib/python3.12/site-packages/airflow/example_dags/tutorial.py
[2024-11-12T00:23:05.203+0000] {processor.py:840} INFO - DAG(s) 'tutorial' retrieved from /home/airflow/.local/lib/python3.12/site-packages/airflow/example_dags/tutorial.py
[2024-11-12T00:23:05.222+0000] {logging_mixin.py:188} INFO - [2024-11-12T00:23:05.222+0000] {dag.py:3096} INFO - Sync 1 DAGs
[2024-11-12T00:23:05.243+0000] {logging_mixin.py:188} INFO - [2024-11-12T00:23:05.243+0000] {dag.py:3954} INFO - Setting next_dagrun for tutorial to 2024-11-11 00:00:00+00:00, run_after=2024-11-12 00:00:00+00:00
[2024-11-12T00:23:05.261+0000] {processor.py:183} INFO - Processing /home/airflow/.local/lib/python3.12/site-packages/airflow/example_dags/tutorial.py took 0.073 seconds
[2024-11-12T00:23:35.563+0000] {processor.py:161} INFO - Started process (PID=2114) to work on /home/airflow/.local/lib/python3.12/site-packages/airflow/example_dags/tutorial.py
[2024-11-12T00:23:35.564+0000] {processor.py:830} INFO - Processing file /home/airflow/.local/lib/python3.12/site-packages/airflow/example_dags/tutorial.py for tasks to queue
[2024-11-12T00:23:35.566+0000] {logging_mixin.py:188} INFO - [2024-11-12T00:23:35.566+0000] {dagbag.py:545} INFO - Filling up the DagBag from /home/airflow/.local/lib/python3.12/site-packages/airflow/example_dags/tutorial.py
[2024-11-12T00:23:35.573+0000] {processor.py:840} INFO - DAG(s) 'tutorial' retrieved from /home/airflow/.local/lib/python3.12/site-packages/airflow/example_dags/tutorial.py
[2024-11-12T00:23:35.592+0000] {logging_mixin.py:188} INFO - [2024-11-12T00:23:35.592+0000] {dag.py:3096} INFO - Sync 1 DAGs
[2024-11-12T00:23:35.613+0000] {logging_mixin.py:188} INFO - [2024-11-12T00:23:35.613+0000] {dag.py:3954} INFO - Setting next_dagrun for tutorial to 2024-11-11 00:00:00+00:00, run_after=2024-11-12 00:00:00+00:00
[2024-11-12T00:23:35.632+0000] {processor.py:183} INFO - Processing /home/airflow/.local/lib/python3.12/site-packages/airflow/example_dags/tutorial.py took 0.075 seconds
[2024-11-12T00:24:06.340+0000] {processor.py:161} INFO - Started process (PID=2173) to work on /home/airflow/.local/lib/python3.12/site-packages/airflow/example_dags/tutorial.py
[2024-11-12T00:24:06.342+0000] {processor.py:830} INFO - Processing file /home/airflow/.local/lib/python3.12/site-packages/airflow/example_dags/tutorial.py for tasks to queue
[2024-11-12T00:24:06.344+0000] {logging_mixin.py:188} INFO - [2024-11-12T00:24:06.343+0000] {dagbag.py:545} INFO - Filling up the DagBag from /home/airflow/.local/lib/python3.12/site-packages/airflow/example_dags/tutorial.py
[2024-11-12T00:24:06.350+0000] {processor.py:840} INFO - DAG(s) 'tutorial' retrieved from /home/airflow/.local/lib/python3.12/site-packages/airflow/example_dags/tutorial.py
[2024-11-12T00:24:06.368+0000] {logging_mixin.py:188} INFO - [2024-11-12T00:24:06.368+0000] {dag.py:3096} INFO - Sync 1 DAGs
[2024-11-12T00:24:06.388+0000] {logging_mixin.py:188} INFO - [2024-11-12T00:24:06.388+0000] {dag.py:3954} INFO - Setting next_dagrun for tutorial to 2024-11-11 00:00:00+00:00, run_after=2024-11-12 00:00:00+00:00
[2024-11-12T00:24:06.405+0000] {processor.py:183} INFO - Processing /home/airflow/.local/lib/python3.12/site-packages/airflow/example_dags/tutorial.py took 0.071 seconds
[2024-11-12T00:24:36.955+0000] {processor.py:161} INFO - Started process (PID=2232) to work on /home/airflow/.local/lib/python3.12/site-packages/airflow/example_dags/tutorial.py
[2024-11-12T00:24:36.957+0000] {processor.py:830} INFO - Processing file /home/airflow/.local/lib/python3.12/site-packages/airflow/example_dags/tutorial.py for tasks to queue
[2024-11-12T00:24:36.959+0000] {logging_mixin.py:188} INFO - [2024-11-12T00:24:36.959+0000] {dagbag.py:545} INFO - Filling up the DagBag from /home/airflow/.local/lib/python3.12/site-packages/airflow/example_dags/tutorial.py
[2024-11-12T00:24:36.965+0000] {processor.py:840} INFO - DAG(s) 'tutorial' retrieved from /home/airflow/.local/lib/python3.12/site-packages/airflow/example_dags/tutorial.py
[2024-11-12T00:24:36.984+0000] {logging_mixin.py:188} INFO - [2024-11-12T00:24:36.984+0000] {dag.py:3096} INFO - Sync 1 DAGs
[2024-11-12T00:24:37.006+0000] {logging_mixin.py:188} INFO - [2024-11-12T00:24:37.006+0000] {dag.py:3954} INFO - Setting next_dagrun for tutorial to 2024-11-11 00:00:00+00:00, run_after=2024-11-12 00:00:00+00:00
[2024-11-12T00:24:37.024+0000] {processor.py:183} INFO - Processing /home/airflow/.local/lib/python3.12/site-packages/airflow/example_dags/tutorial.py took 0.075 seconds
[2024-11-12T00:25:07.453+0000] {processor.py:161} INFO - Started process (PID=2291) to work on /home/airflow/.local/lib/python3.12/site-packages/airflow/example_dags/tutorial.py
[2024-11-12T00:25:07.454+0000] {processor.py:830} INFO - Processing file /home/airflow/.local/lib/python3.12/site-packages/airflow/example_dags/tutorial.py for tasks to queue
[2024-11-12T00:25:07.457+0000] {logging_mixin.py:188} INFO - [2024-11-12T00:25:07.457+0000] {dagbag.py:545} INFO - Filling up the DagBag from /home/airflow/.local/lib/python3.12/site-packages/airflow/example_dags/tutorial.py
[2024-11-12T00:25:07.467+0000] {processor.py:840} INFO - DAG(s) 'tutorial' retrieved from /home/airflow/.local/lib/python3.12/site-packages/airflow/example_dags/tutorial.py
[2024-11-12T00:25:07.518+0000] {logging_mixin.py:188} INFO - [2024-11-12T00:25:07.518+0000] {dag.py:3096} INFO - Sync 1 DAGs
[2024-11-12T00:25:07.543+0000] {logging_mixin.py:188} INFO - [2024-11-12T00:25:07.543+0000] {dag.py:3954} INFO - Setting next_dagrun for tutorial to 2024-11-11 00:00:00+00:00, run_after=2024-11-12 00:00:00+00:00
[2024-11-12T00:25:07.574+0000] {processor.py:183} INFO - Processing /home/airflow/.local/lib/python3.12/site-packages/airflow/example_dags/tutorial.py took 0.127 seconds
