[2024-11-12T00:06:46.427+0000] {processor.py:161} INFO - Started process (PID=161) to work on /home/airflow/.local/lib/python3.12/site-packages/airflow/example_dags/tutorial_dag.py
[2024-11-12T00:06:46.428+0000] {processor.py:830} INFO - Processing file /home/airflow/.local/lib/python3.12/site-packages/airflow/example_dags/tutorial_dag.py for tasks to queue
[2024-11-12T00:06:46.430+0000] {logging_mixin.py:188} INFO - [2024-11-12T00:06:46.430+0000] {dagbag.py:545} INFO - Filling up the DagBag from /home/airflow/.local/lib/python3.12/site-packages/airflow/example_dags/tutorial_dag.py
[2024-11-12T00:06:46.438+0000] {processor.py:840} INFO - DAG(s) 'tutorial_dag' retrieved from /home/airflow/.local/lib/python3.12/site-packages/airflow/example_dags/tutorial_dag.py
[2024-11-12T00:06:46.555+0000] {logging_mixin.py:188} INFO - [2024-11-12T00:06:46.554+0000] {dag.py:3096} INFO - Sync 1 DAGs
[2024-11-12T00:06:46.573+0000] {logging_mixin.py:188} INFO - [2024-11-12T00:06:46.573+0000] {dag.py:3954} INFO - Setting next_dagrun for tutorial_dag to None, run_after=None
[2024-11-12T00:06:46.603+0000] {processor.py:183} INFO - Processing /home/airflow/.local/lib/python3.12/site-packages/airflow/example_dags/tutorial_dag.py took 0.182 seconds
[2024-11-12T00:07:17.965+0000] {processor.py:161} INFO - Started process (PID=220) to work on /home/airflow/.local/lib/python3.12/site-packages/airflow/example_dags/tutorial_dag.py
[2024-11-12T00:07:17.970+0000] {processor.py:830} INFO - Processing file /home/airflow/.local/lib/python3.12/site-packages/airflow/example_dags/tutorial_dag.py for tasks to queue
[2024-11-12T00:07:17.973+0000] {logging_mixin.py:188} INFO - [2024-11-12T00:07:17.972+0000] {dagbag.py:545} INFO - Filling up the DagBag from /home/airflow/.local/lib/python3.12/site-packages/airflow/example_dags/tutorial_dag.py
[2024-11-12T00:07:17.979+0000] {processor.py:840} INFO - DAG(s) 'tutorial_dag' retrieved from /home/airflow/.local/lib/python3.12/site-packages/airflow/example_dags/tutorial_dag.py
[2024-11-12T00:07:18.002+0000] {logging_mixin.py:188} INFO - [2024-11-12T00:07:18.001+0000] {dag.py:3096} INFO - Sync 1 DAGs
[2024-11-12T00:07:18.016+0000] {logging_mixin.py:188} INFO - [2024-11-12T00:07:18.016+0000] {dag.py:3954} INFO - Setting next_dagrun for tutorial_dag to None, run_after=None
[2024-11-12T00:07:18.045+0000] {processor.py:183} INFO - Processing /home/airflow/.local/lib/python3.12/site-packages/airflow/example_dags/tutorial_dag.py took 0.087 seconds
[2024-11-12T00:07:48.250+0000] {processor.py:161} INFO - Started process (PID=279) to work on /home/airflow/.local/lib/python3.12/site-packages/airflow/example_dags/tutorial_dag.py
[2024-11-12T00:07:48.251+0000] {processor.py:830} INFO - Processing file /home/airflow/.local/lib/python3.12/site-packages/airflow/example_dags/tutorial_dag.py for tasks to queue
[2024-11-12T00:07:48.253+0000] {logging_mixin.py:188} INFO - [2024-11-12T00:07:48.253+0000] {dagbag.py:545} INFO - Filling up the DagBag from /home/airflow/.local/lib/python3.12/site-packages/airflow/example_dags/tutorial_dag.py
[2024-11-12T00:07:48.259+0000] {processor.py:840} INFO - DAG(s) 'tutorial_dag' retrieved from /home/airflow/.local/lib/python3.12/site-packages/airflow/example_dags/tutorial_dag.py
[2024-11-12T00:07:48.280+0000] {logging_mixin.py:188} INFO - [2024-11-12T00:07:48.279+0000] {dag.py:3096} INFO - Sync 1 DAGs
[2024-11-12T00:07:48.291+0000] {logging_mixin.py:188} INFO - [2024-11-12T00:07:48.291+0000] {dag.py:3954} INFO - Setting next_dagrun for tutorial_dag to None, run_after=None
[2024-11-12T00:07:48.311+0000] {processor.py:183} INFO - Processing /home/airflow/.local/lib/python3.12/site-packages/airflow/example_dags/tutorial_dag.py took 0.067 seconds
[2024-11-12T00:08:18.649+0000] {processor.py:161} INFO - Started process (PID=338) to work on /home/airflow/.local/lib/python3.12/site-packages/airflow/example_dags/tutorial_dag.py
[2024-11-12T00:08:18.650+0000] {processor.py:830} INFO - Processing file /home/airflow/.local/lib/python3.12/site-packages/airflow/example_dags/tutorial_dag.py for tasks to queue
[2024-11-12T00:08:18.652+0000] {logging_mixin.py:188} INFO - [2024-11-12T00:08:18.652+0000] {dagbag.py:545} INFO - Filling up the DagBag from /home/airflow/.local/lib/python3.12/site-packages/airflow/example_dags/tutorial_dag.py
[2024-11-12T00:08:18.657+0000] {processor.py:840} INFO - DAG(s) 'tutorial_dag' retrieved from /home/airflow/.local/lib/python3.12/site-packages/airflow/example_dags/tutorial_dag.py
[2024-11-12T00:08:18.678+0000] {logging_mixin.py:188} INFO - [2024-11-12T00:08:18.677+0000] {dag.py:3096} INFO - Sync 1 DAGs
[2024-11-12T00:08:18.690+0000] {logging_mixin.py:188} INFO - [2024-11-12T00:08:18.689+0000] {dag.py:3954} INFO - Setting next_dagrun for tutorial_dag to None, run_after=None
[2024-11-12T00:08:18.707+0000] {processor.py:183} INFO - Processing /home/airflow/.local/lib/python3.12/site-packages/airflow/example_dags/tutorial_dag.py took 0.064 seconds
[2024-11-12T00:08:48.896+0000] {processor.py:161} INFO - Started process (PID=397) to work on /home/airflow/.local/lib/python3.12/site-packages/airflow/example_dags/tutorial_dag.py
[2024-11-12T00:08:48.898+0000] {processor.py:830} INFO - Processing file /home/airflow/.local/lib/python3.12/site-packages/airflow/example_dags/tutorial_dag.py for tasks to queue
[2024-11-12T00:08:48.900+0000] {logging_mixin.py:188} INFO - [2024-11-12T00:08:48.900+0000] {dagbag.py:545} INFO - Filling up the DagBag from /home/airflow/.local/lib/python3.12/site-packages/airflow/example_dags/tutorial_dag.py
[2024-11-12T00:08:48.905+0000] {processor.py:840} INFO - DAG(s) 'tutorial_dag' retrieved from /home/airflow/.local/lib/python3.12/site-packages/airflow/example_dags/tutorial_dag.py
[2024-11-12T00:08:48.925+0000] {logging_mixin.py:188} INFO - [2024-11-12T00:08:48.925+0000] {dag.py:3096} INFO - Sync 1 DAGs
[2024-11-12T00:08:48.939+0000] {logging_mixin.py:188} INFO - [2024-11-12T00:08:48.939+0000] {dag.py:3954} INFO - Setting next_dagrun for tutorial_dag to None, run_after=None
[2024-11-12T00:08:48.960+0000] {processor.py:183} INFO - Processing /home/airflow/.local/lib/python3.12/site-packages/airflow/example_dags/tutorial_dag.py took 0.069 seconds
[2024-11-12T00:09:19.168+0000] {processor.py:161} INFO - Started process (PID=456) to work on /home/airflow/.local/lib/python3.12/site-packages/airflow/example_dags/tutorial_dag.py
[2024-11-12T00:09:19.169+0000] {processor.py:830} INFO - Processing file /home/airflow/.local/lib/python3.12/site-packages/airflow/example_dags/tutorial_dag.py for tasks to queue
[2024-11-12T00:09:19.172+0000] {logging_mixin.py:188} INFO - [2024-11-12T00:09:19.171+0000] {dagbag.py:545} INFO - Filling up the DagBag from /home/airflow/.local/lib/python3.12/site-packages/airflow/example_dags/tutorial_dag.py
[2024-11-12T00:09:19.177+0000] {processor.py:840} INFO - DAG(s) 'tutorial_dag' retrieved from /home/airflow/.local/lib/python3.12/site-packages/airflow/example_dags/tutorial_dag.py
[2024-11-12T00:09:19.198+0000] {logging_mixin.py:188} INFO - [2024-11-12T00:09:19.197+0000] {dag.py:3096} INFO - Sync 1 DAGs
[2024-11-12T00:09:19.210+0000] {logging_mixin.py:188} INFO - [2024-11-12T00:09:19.209+0000] {dag.py:3954} INFO - Setting next_dagrun for tutorial_dag to None, run_after=None
[2024-11-12T00:09:19.228+0000] {processor.py:183} INFO - Processing /home/airflow/.local/lib/python3.12/site-packages/airflow/example_dags/tutorial_dag.py took 0.065 seconds
[2024-11-12T00:09:49.449+0000] {processor.py:161} INFO - Started process (PID=515) to work on /home/airflow/.local/lib/python3.12/site-packages/airflow/example_dags/tutorial_dag.py
[2024-11-12T00:09:49.450+0000] {processor.py:830} INFO - Processing file /home/airflow/.local/lib/python3.12/site-packages/airflow/example_dags/tutorial_dag.py for tasks to queue
[2024-11-12T00:09:49.452+0000] {logging_mixin.py:188} INFO - [2024-11-12T00:09:49.452+0000] {dagbag.py:545} INFO - Filling up the DagBag from /home/airflow/.local/lib/python3.12/site-packages/airflow/example_dags/tutorial_dag.py
[2024-11-12T00:09:49.458+0000] {processor.py:840} INFO - DAG(s) 'tutorial_dag' retrieved from /home/airflow/.local/lib/python3.12/site-packages/airflow/example_dags/tutorial_dag.py
[2024-11-12T00:09:49.479+0000] {logging_mixin.py:188} INFO - [2024-11-12T00:09:49.478+0000] {dag.py:3096} INFO - Sync 1 DAGs
[2024-11-12T00:09:49.493+0000] {logging_mixin.py:188} INFO - [2024-11-12T00:09:49.492+0000] {dag.py:3954} INFO - Setting next_dagrun for tutorial_dag to None, run_after=None
[2024-11-12T00:09:49.517+0000] {processor.py:183} INFO - Processing /home/airflow/.local/lib/python3.12/site-packages/airflow/example_dags/tutorial_dag.py took 0.074 seconds
[2024-11-12T00:10:21.581+0000] {processor.py:161} INFO - Started process (PID=579) to work on /home/airflow/.local/lib/python3.12/site-packages/airflow/example_dags/tutorial_dag.py
[2024-11-12T00:10:21.582+0000] {processor.py:830} INFO - Processing file /home/airflow/.local/lib/python3.12/site-packages/airflow/example_dags/tutorial_dag.py for tasks to queue
[2024-11-12T00:10:21.585+0000] {logging_mixin.py:188} INFO - [2024-11-12T00:10:21.584+0000] {dagbag.py:545} INFO - Filling up the DagBag from /home/airflow/.local/lib/python3.12/site-packages/airflow/example_dags/tutorial_dag.py
[2024-11-12T00:10:21.591+0000] {processor.py:840} INFO - DAG(s) 'tutorial_dag' retrieved from /home/airflow/.local/lib/python3.12/site-packages/airflow/example_dags/tutorial_dag.py
[2024-11-12T00:10:21.713+0000] {logging_mixin.py:188} INFO - [2024-11-12T00:10:21.712+0000] {dag.py:3096} INFO - Sync 1 DAGs
[2024-11-12T00:10:21.724+0000] {logging_mixin.py:188} INFO - [2024-11-12T00:10:21.724+0000] {dag.py:3954} INFO - Setting next_dagrun for tutorial_dag to None, run_after=None
[2024-11-12T00:10:21.743+0000] {processor.py:183} INFO - Processing /home/airflow/.local/lib/python3.12/site-packages/airflow/example_dags/tutorial_dag.py took 0.168 seconds
[2024-11-12T00:10:51.847+0000] {processor.py:161} INFO - Started process (PID=639) to work on /home/airflow/.local/lib/python3.12/site-packages/airflow/example_dags/tutorial_dag.py
[2024-11-12T00:10:51.848+0000] {processor.py:830} INFO - Processing file /home/airflow/.local/lib/python3.12/site-packages/airflow/example_dags/tutorial_dag.py for tasks to queue
[2024-11-12T00:10:51.850+0000] {logging_mixin.py:188} INFO - [2024-11-12T00:10:51.850+0000] {dagbag.py:545} INFO - Filling up the DagBag from /home/airflow/.local/lib/python3.12/site-packages/airflow/example_dags/tutorial_dag.py
[2024-11-12T00:10:51.856+0000] {processor.py:840} INFO - DAG(s) 'tutorial_dag' retrieved from /home/airflow/.local/lib/python3.12/site-packages/airflow/example_dags/tutorial_dag.py
[2024-11-12T00:10:51.882+0000] {logging_mixin.py:188} INFO - [2024-11-12T00:10:51.881+0000] {dag.py:3096} INFO - Sync 1 DAGs
[2024-11-12T00:10:51.894+0000] {logging_mixin.py:188} INFO - [2024-11-12T00:10:51.894+0000] {dag.py:3954} INFO - Setting next_dagrun for tutorial_dag to None, run_after=None
[2024-11-12T00:10:51.913+0000] {processor.py:183} INFO - Processing /home/airflow/.local/lib/python3.12/site-packages/airflow/example_dags/tutorial_dag.py took 0.071 seconds
[2024-11-12T00:11:22.769+0000] {processor.py:161} INFO - Started process (PID=698) to work on /home/airflow/.local/lib/python3.12/site-packages/airflow/example_dags/tutorial_dag.py
[2024-11-12T00:11:22.771+0000] {processor.py:830} INFO - Processing file /home/airflow/.local/lib/python3.12/site-packages/airflow/example_dags/tutorial_dag.py for tasks to queue
[2024-11-12T00:11:22.773+0000] {logging_mixin.py:188} INFO - [2024-11-12T00:11:22.773+0000] {dagbag.py:545} INFO - Filling up the DagBag from /home/airflow/.local/lib/python3.12/site-packages/airflow/example_dags/tutorial_dag.py
[2024-11-12T00:11:22.778+0000] {processor.py:840} INFO - DAG(s) 'tutorial_dag' retrieved from /home/airflow/.local/lib/python3.12/site-packages/airflow/example_dags/tutorial_dag.py
[2024-11-12T00:11:22.799+0000] {logging_mixin.py:188} INFO - [2024-11-12T00:11:22.798+0000] {dag.py:3096} INFO - Sync 1 DAGs
[2024-11-12T00:11:22.811+0000] {logging_mixin.py:188} INFO - [2024-11-12T00:11:22.810+0000] {dag.py:3954} INFO - Setting next_dagrun for tutorial_dag to None, run_after=None
[2024-11-12T00:11:22.829+0000] {processor.py:183} INFO - Processing /home/airflow/.local/lib/python3.12/site-packages/airflow/example_dags/tutorial_dag.py took 0.065 seconds
[2024-11-12T00:11:54.892+0000] {processor.py:161} INFO - Started process (PID=757) to work on /home/airflow/.local/lib/python3.12/site-packages/airflow/example_dags/tutorial_dag.py
[2024-11-12T00:11:54.906+0000] {processor.py:830} INFO - Processing file /home/airflow/.local/lib/python3.12/site-packages/airflow/example_dags/tutorial_dag.py for tasks to queue
[2024-11-12T00:11:54.908+0000] {logging_mixin.py:188} INFO - [2024-11-12T00:11:54.908+0000] {dagbag.py:545} INFO - Filling up the DagBag from /home/airflow/.local/lib/python3.12/site-packages/airflow/example_dags/tutorial_dag.py
[2024-11-12T00:11:54.913+0000] {processor.py:840} INFO - DAG(s) 'tutorial_dag' retrieved from /home/airflow/.local/lib/python3.12/site-packages/airflow/example_dags/tutorial_dag.py
[2024-11-12T00:11:55.031+0000] {logging_mixin.py:188} INFO - [2024-11-12T00:11:55.030+0000] {dag.py:3096} INFO - Sync 1 DAGs
[2024-11-12T00:11:55.042+0000] {logging_mixin.py:188} INFO - [2024-11-12T00:11:55.041+0000] {dag.py:3954} INFO - Setting next_dagrun for tutorial_dag to None, run_after=None
[2024-11-12T00:11:55.060+0000] {processor.py:183} INFO - Processing /home/airflow/.local/lib/python3.12/site-packages/airflow/example_dags/tutorial_dag.py took 0.173 seconds
[2024-11-12T00:12:25.700+0000] {processor.py:161} INFO - Started process (PID=816) to work on /home/airflow/.local/lib/python3.12/site-packages/airflow/example_dags/tutorial_dag.py
[2024-11-12T00:12:25.701+0000] {processor.py:830} INFO - Processing file /home/airflow/.local/lib/python3.12/site-packages/airflow/example_dags/tutorial_dag.py for tasks to queue
[2024-11-12T00:12:25.703+0000] {logging_mixin.py:188} INFO - [2024-11-12T00:12:25.703+0000] {dagbag.py:545} INFO - Filling up the DagBag from /home/airflow/.local/lib/python3.12/site-packages/airflow/example_dags/tutorial_dag.py
[2024-11-12T00:12:25.708+0000] {processor.py:840} INFO - DAG(s) 'tutorial_dag' retrieved from /home/airflow/.local/lib/python3.12/site-packages/airflow/example_dags/tutorial_dag.py
[2024-11-12T00:12:25.729+0000] {logging_mixin.py:188} INFO - [2024-11-12T00:12:25.728+0000] {dag.py:3096} INFO - Sync 1 DAGs
[2024-11-12T00:12:25.741+0000] {logging_mixin.py:188} INFO - [2024-11-12T00:12:25.741+0000] {dag.py:3954} INFO - Setting next_dagrun for tutorial_dag to None, run_after=None
[2024-11-12T00:12:25.760+0000] {processor.py:183} INFO - Processing /home/airflow/.local/lib/python3.12/site-packages/airflow/example_dags/tutorial_dag.py took 0.066 seconds
[2024-11-12T00:12:56.039+0000] {processor.py:161} INFO - Started process (PID=874) to work on /home/airflow/.local/lib/python3.12/site-packages/airflow/example_dags/tutorial_dag.py
[2024-11-12T00:12:56.040+0000] {processor.py:830} INFO - Processing file /home/airflow/.local/lib/python3.12/site-packages/airflow/example_dags/tutorial_dag.py for tasks to queue
[2024-11-12T00:12:56.042+0000] {logging_mixin.py:188} INFO - [2024-11-12T00:12:56.042+0000] {dagbag.py:545} INFO - Filling up the DagBag from /home/airflow/.local/lib/python3.12/site-packages/airflow/example_dags/tutorial_dag.py
[2024-11-12T00:12:56.048+0000] {processor.py:840} INFO - DAG(s) 'tutorial_dag' retrieved from /home/airflow/.local/lib/python3.12/site-packages/airflow/example_dags/tutorial_dag.py
[2024-11-12T00:12:56.072+0000] {logging_mixin.py:188} INFO - [2024-11-12T00:12:56.072+0000] {dag.py:3096} INFO - Sync 1 DAGs
[2024-11-12T00:12:56.086+0000] {logging_mixin.py:188} INFO - [2024-11-12T00:12:56.086+0000] {dag.py:3954} INFO - Setting next_dagrun for tutorial_dag to None, run_after=None
[2024-11-12T00:12:56.113+0000] {processor.py:183} INFO - Processing /home/airflow/.local/lib/python3.12/site-packages/airflow/example_dags/tutorial_dag.py took 0.081 seconds
[2024-11-12T00:13:26.727+0000] {processor.py:161} INFO - Started process (PID=934) to work on /home/airflow/.local/lib/python3.12/site-packages/airflow/example_dags/tutorial_dag.py
[2024-11-12T00:13:26.728+0000] {processor.py:830} INFO - Processing file /home/airflow/.local/lib/python3.12/site-packages/airflow/example_dags/tutorial_dag.py for tasks to queue
[2024-11-12T00:13:26.732+0000] {logging_mixin.py:188} INFO - [2024-11-12T00:13:26.732+0000] {dagbag.py:545} INFO - Filling up the DagBag from /home/airflow/.local/lib/python3.12/site-packages/airflow/example_dags/tutorial_dag.py
[2024-11-12T00:13:26.738+0000] {processor.py:840} INFO - DAG(s) 'tutorial_dag' retrieved from /home/airflow/.local/lib/python3.12/site-packages/airflow/example_dags/tutorial_dag.py
[2024-11-12T00:13:26.762+0000] {logging_mixin.py:188} INFO - [2024-11-12T00:13:26.762+0000] {dag.py:3096} INFO - Sync 1 DAGs
[2024-11-12T00:13:26.780+0000] {logging_mixin.py:188} INFO - [2024-11-12T00:13:26.779+0000] {dag.py:3954} INFO - Setting next_dagrun for tutorial_dag to None, run_after=None
[2024-11-12T00:13:26.799+0000] {processor.py:183} INFO - Processing /home/airflow/.local/lib/python3.12/site-packages/airflow/example_dags/tutorial_dag.py took 0.084 seconds
[2024-11-12T00:13:56.917+0000] {processor.py:161} INFO - Started process (PID=993) to work on /home/airflow/.local/lib/python3.12/site-packages/airflow/example_dags/tutorial_dag.py
[2024-11-12T00:13:56.918+0000] {processor.py:830} INFO - Processing file /home/airflow/.local/lib/python3.12/site-packages/airflow/example_dags/tutorial_dag.py for tasks to queue
[2024-11-12T00:13:56.919+0000] {logging_mixin.py:188} INFO - [2024-11-12T00:13:56.919+0000] {dagbag.py:545} INFO - Filling up the DagBag from /home/airflow/.local/lib/python3.12/site-packages/airflow/example_dags/tutorial_dag.py
[2024-11-12T00:13:56.926+0000] {processor.py:840} INFO - DAG(s) 'tutorial_dag' retrieved from /home/airflow/.local/lib/python3.12/site-packages/airflow/example_dags/tutorial_dag.py
[2024-11-12T00:13:56.946+0000] {logging_mixin.py:188} INFO - [2024-11-12T00:13:56.946+0000] {dag.py:3096} INFO - Sync 1 DAGs
[2024-11-12T00:13:56.960+0000] {logging_mixin.py:188} INFO - [2024-11-12T00:13:56.960+0000] {dag.py:3954} INFO - Setting next_dagrun for tutorial_dag to None, run_after=None
[2024-11-12T00:13:56.979+0000] {processor.py:183} INFO - Processing /home/airflow/.local/lib/python3.12/site-packages/airflow/example_dags/tutorial_dag.py took 0.068 seconds
[2024-11-12T00:14:27.136+0000] {processor.py:161} INFO - Started process (PID=1052) to work on /home/airflow/.local/lib/python3.12/site-packages/airflow/example_dags/tutorial_dag.py
[2024-11-12T00:14:27.137+0000] {processor.py:830} INFO - Processing file /home/airflow/.local/lib/python3.12/site-packages/airflow/example_dags/tutorial_dag.py for tasks to queue
[2024-11-12T00:14:27.139+0000] {logging_mixin.py:188} INFO - [2024-11-12T00:14:27.139+0000] {dagbag.py:545} INFO - Filling up the DagBag from /home/airflow/.local/lib/python3.12/site-packages/airflow/example_dags/tutorial_dag.py
[2024-11-12T00:14:27.144+0000] {processor.py:840} INFO - DAG(s) 'tutorial_dag' retrieved from /home/airflow/.local/lib/python3.12/site-packages/airflow/example_dags/tutorial_dag.py
[2024-11-12T00:14:27.165+0000] {logging_mixin.py:188} INFO - [2024-11-12T00:14:27.164+0000] {dag.py:3096} INFO - Sync 1 DAGs
[2024-11-12T00:14:27.180+0000] {logging_mixin.py:188} INFO - [2024-11-12T00:14:27.180+0000] {dag.py:3954} INFO - Setting next_dagrun for tutorial_dag to None, run_after=None
[2024-11-12T00:14:27.201+0000] {processor.py:183} INFO - Processing /home/airflow/.local/lib/python3.12/site-packages/airflow/example_dags/tutorial_dag.py took 0.071 seconds
[2024-11-12T00:14:57.662+0000] {processor.py:161} INFO - Started process (PID=1111) to work on /home/airflow/.local/lib/python3.12/site-packages/airflow/example_dags/tutorial_dag.py
[2024-11-12T00:14:57.663+0000] {processor.py:830} INFO - Processing file /home/airflow/.local/lib/python3.12/site-packages/airflow/example_dags/tutorial_dag.py for tasks to queue
[2024-11-12T00:14:57.666+0000] {logging_mixin.py:188} INFO - [2024-11-12T00:14:57.666+0000] {dagbag.py:545} INFO - Filling up the DagBag from /home/airflow/.local/lib/python3.12/site-packages/airflow/example_dags/tutorial_dag.py
[2024-11-12T00:14:57.674+0000] {processor.py:840} INFO - DAG(s) 'tutorial_dag' retrieved from /home/airflow/.local/lib/python3.12/site-packages/airflow/example_dags/tutorial_dag.py
[2024-11-12T00:14:57.702+0000] {logging_mixin.py:188} INFO - [2024-11-12T00:14:57.701+0000] {dag.py:3096} INFO - Sync 1 DAGs
[2024-11-12T00:14:57.717+0000] {logging_mixin.py:188} INFO - [2024-11-12T00:14:57.717+0000] {dag.py:3954} INFO - Setting next_dagrun for tutorial_dag to None, run_after=None
[2024-11-12T00:14:57.737+0000] {processor.py:183} INFO - Processing /home/airflow/.local/lib/python3.12/site-packages/airflow/example_dags/tutorial_dag.py took 0.084 seconds
[2024-11-12T00:15:27.967+0000] {processor.py:161} INFO - Started process (PID=1170) to work on /home/airflow/.local/lib/python3.12/site-packages/airflow/example_dags/tutorial_dag.py
[2024-11-12T00:15:27.968+0000] {processor.py:830} INFO - Processing file /home/airflow/.local/lib/python3.12/site-packages/airflow/example_dags/tutorial_dag.py for tasks to queue
[2024-11-12T00:15:27.970+0000] {logging_mixin.py:188} INFO - [2024-11-12T00:15:27.970+0000] {dagbag.py:545} INFO - Filling up the DagBag from /home/airflow/.local/lib/python3.12/site-packages/airflow/example_dags/tutorial_dag.py
[2024-11-12T00:15:27.975+0000] {processor.py:840} INFO - DAG(s) 'tutorial_dag' retrieved from /home/airflow/.local/lib/python3.12/site-packages/airflow/example_dags/tutorial_dag.py
[2024-11-12T00:15:27.997+0000] {logging_mixin.py:188} INFO - [2024-11-12T00:15:27.996+0000] {dag.py:3096} INFO - Sync 1 DAGs
[2024-11-12T00:15:28.009+0000] {logging_mixin.py:188} INFO - [2024-11-12T00:15:28.009+0000] {dag.py:3954} INFO - Setting next_dagrun for tutorial_dag to None, run_after=None
[2024-11-12T00:15:28.028+0000] {processor.py:183} INFO - Processing /home/airflow/.local/lib/python3.12/site-packages/airflow/example_dags/tutorial_dag.py took 0.067 seconds
[2024-11-12T00:15:58.222+0000] {processor.py:161} INFO - Started process (PID=1229) to work on /home/airflow/.local/lib/python3.12/site-packages/airflow/example_dags/tutorial_dag.py
[2024-11-12T00:15:58.223+0000] {processor.py:830} INFO - Processing file /home/airflow/.local/lib/python3.12/site-packages/airflow/example_dags/tutorial_dag.py for tasks to queue
[2024-11-12T00:15:58.225+0000] {logging_mixin.py:188} INFO - [2024-11-12T00:15:58.224+0000] {dagbag.py:545} INFO - Filling up the DagBag from /home/airflow/.local/lib/python3.12/site-packages/airflow/example_dags/tutorial_dag.py
[2024-11-12T00:15:58.230+0000] {processor.py:840} INFO - DAG(s) 'tutorial_dag' retrieved from /home/airflow/.local/lib/python3.12/site-packages/airflow/example_dags/tutorial_dag.py
[2024-11-12T00:15:58.253+0000] {logging_mixin.py:188} INFO - [2024-11-12T00:15:58.252+0000] {dag.py:3096} INFO - Sync 1 DAGs
[2024-11-12T00:15:58.274+0000] {logging_mixin.py:188} INFO - [2024-11-12T00:15:58.274+0000] {dag.py:3954} INFO - Setting next_dagrun for tutorial_dag to None, run_after=None
[2024-11-12T00:15:58.295+0000] {processor.py:183} INFO - Processing /home/airflow/.local/lib/python3.12/site-packages/airflow/example_dags/tutorial_dag.py took 0.079 seconds
[2024-11-12T00:16:28.443+0000] {processor.py:161} INFO - Started process (PID=1288) to work on /home/airflow/.local/lib/python3.12/site-packages/airflow/example_dags/tutorial_dag.py
[2024-11-12T00:16:28.444+0000] {processor.py:830} INFO - Processing file /home/airflow/.local/lib/python3.12/site-packages/airflow/example_dags/tutorial_dag.py for tasks to queue
[2024-11-12T00:16:28.446+0000] {logging_mixin.py:188} INFO - [2024-11-12T00:16:28.446+0000] {dagbag.py:545} INFO - Filling up the DagBag from /home/airflow/.local/lib/python3.12/site-packages/airflow/example_dags/tutorial_dag.py
[2024-11-12T00:16:28.451+0000] {processor.py:840} INFO - DAG(s) 'tutorial_dag' retrieved from /home/airflow/.local/lib/python3.12/site-packages/airflow/example_dags/tutorial_dag.py
[2024-11-12T00:16:28.474+0000] {logging_mixin.py:188} INFO - [2024-11-12T00:16:28.473+0000] {dag.py:3096} INFO - Sync 1 DAGs
[2024-11-12T00:16:28.487+0000] {logging_mixin.py:188} INFO - [2024-11-12T00:16:28.486+0000] {dag.py:3954} INFO - Setting next_dagrun for tutorial_dag to None, run_after=None
[2024-11-12T00:16:28.508+0000] {processor.py:183} INFO - Processing /home/airflow/.local/lib/python3.12/site-packages/airflow/example_dags/tutorial_dag.py took 0.071 seconds
[2024-11-12T00:16:59.001+0000] {processor.py:161} INFO - Started process (PID=1347) to work on /home/airflow/.local/lib/python3.12/site-packages/airflow/example_dags/tutorial_dag.py
[2024-11-12T00:16:59.002+0000] {processor.py:830} INFO - Processing file /home/airflow/.local/lib/python3.12/site-packages/airflow/example_dags/tutorial_dag.py for tasks to queue
[2024-11-12T00:16:59.004+0000] {logging_mixin.py:188} INFO - [2024-11-12T00:16:59.004+0000] {dagbag.py:545} INFO - Filling up the DagBag from /home/airflow/.local/lib/python3.12/site-packages/airflow/example_dags/tutorial_dag.py
[2024-11-12T00:16:59.009+0000] {processor.py:840} INFO - DAG(s) 'tutorial_dag' retrieved from /home/airflow/.local/lib/python3.12/site-packages/airflow/example_dags/tutorial_dag.py
[2024-11-12T00:16:59.125+0000] {logging_mixin.py:188} INFO - [2024-11-12T00:16:59.125+0000] {dag.py:3096} INFO - Sync 1 DAGs
[2024-11-12T00:16:59.135+0000] {logging_mixin.py:188} INFO - [2024-11-12T00:16:59.135+0000] {dag.py:3954} INFO - Setting next_dagrun for tutorial_dag to None, run_after=None
[2024-11-12T00:16:59.153+0000] {processor.py:183} INFO - Processing /home/airflow/.local/lib/python3.12/site-packages/airflow/example_dags/tutorial_dag.py took 0.161 seconds
[2024-11-12T00:17:29.496+0000] {processor.py:161} INFO - Started process (PID=1406) to work on /home/airflow/.local/lib/python3.12/site-packages/airflow/example_dags/tutorial_dag.py
[2024-11-12T00:17:29.497+0000] {processor.py:830} INFO - Processing file /home/airflow/.local/lib/python3.12/site-packages/airflow/example_dags/tutorial_dag.py for tasks to queue
[2024-11-12T00:17:29.500+0000] {logging_mixin.py:188} INFO - [2024-11-12T00:17:29.499+0000] {dagbag.py:545} INFO - Filling up the DagBag from /home/airflow/.local/lib/python3.12/site-packages/airflow/example_dags/tutorial_dag.py
[2024-11-12T00:17:29.506+0000] {processor.py:840} INFO - DAG(s) 'tutorial_dag' retrieved from /home/airflow/.local/lib/python3.12/site-packages/airflow/example_dags/tutorial_dag.py
[2024-11-12T00:17:29.528+0000] {logging_mixin.py:188} INFO - [2024-11-12T00:17:29.528+0000] {dag.py:3096} INFO - Sync 1 DAGs
[2024-11-12T00:17:29.541+0000] {logging_mixin.py:188} INFO - [2024-11-12T00:17:29.540+0000] {dag.py:3954} INFO - Setting next_dagrun for tutorial_dag to None, run_after=None
[2024-11-12T00:17:29.559+0000] {processor.py:183} INFO - Processing /home/airflow/.local/lib/python3.12/site-packages/airflow/example_dags/tutorial_dag.py took 0.072 seconds
[2024-11-12T00:17:59.706+0000] {processor.py:161} INFO - Started process (PID=1465) to work on /home/airflow/.local/lib/python3.12/site-packages/airflow/example_dags/tutorial_dag.py
[2024-11-12T00:17:59.707+0000] {processor.py:830} INFO - Processing file /home/airflow/.local/lib/python3.12/site-packages/airflow/example_dags/tutorial_dag.py for tasks to queue
[2024-11-12T00:17:59.709+0000] {logging_mixin.py:188} INFO - [2024-11-12T00:17:59.709+0000] {dagbag.py:545} INFO - Filling up the DagBag from /home/airflow/.local/lib/python3.12/site-packages/airflow/example_dags/tutorial_dag.py
[2024-11-12T00:17:59.715+0000] {processor.py:840} INFO - DAG(s) 'tutorial_dag' retrieved from /home/airflow/.local/lib/python3.12/site-packages/airflow/example_dags/tutorial_dag.py
[2024-11-12T00:17:59.736+0000] {logging_mixin.py:188} INFO - [2024-11-12T00:17:59.736+0000] {dag.py:3096} INFO - Sync 1 DAGs
[2024-11-12T00:17:59.749+0000] {logging_mixin.py:188} INFO - [2024-11-12T00:17:59.749+0000] {dag.py:3954} INFO - Setting next_dagrun for tutorial_dag to None, run_after=None
[2024-11-12T00:17:59.768+0000] {processor.py:183} INFO - Processing /home/airflow/.local/lib/python3.12/site-packages/airflow/example_dags/tutorial_dag.py took 0.067 seconds
[2024-11-12T00:18:30.449+0000] {processor.py:161} INFO - Started process (PID=1525) to work on /home/airflow/.local/lib/python3.12/site-packages/airflow/example_dags/tutorial_dag.py
[2024-11-12T00:18:30.450+0000] {processor.py:830} INFO - Processing file /home/airflow/.local/lib/python3.12/site-packages/airflow/example_dags/tutorial_dag.py for tasks to queue
[2024-11-12T00:18:30.452+0000] {logging_mixin.py:188} INFO - [2024-11-12T00:18:30.452+0000] {dagbag.py:545} INFO - Filling up the DagBag from /home/airflow/.local/lib/python3.12/site-packages/airflow/example_dags/tutorial_dag.py
[2024-11-12T00:18:30.457+0000] {processor.py:840} INFO - DAG(s) 'tutorial_dag' retrieved from /home/airflow/.local/lib/python3.12/site-packages/airflow/example_dags/tutorial_dag.py
[2024-11-12T00:18:30.477+0000] {logging_mixin.py:188} INFO - [2024-11-12T00:18:30.477+0000] {dag.py:3096} INFO - Sync 1 DAGs
[2024-11-12T00:18:30.490+0000] {logging_mixin.py:188} INFO - [2024-11-12T00:18:30.490+0000] {dag.py:3954} INFO - Setting next_dagrun for tutorial_dag to None, run_after=None
[2024-11-12T00:18:30.510+0000] {processor.py:183} INFO - Processing /home/airflow/.local/lib/python3.12/site-packages/airflow/example_dags/tutorial_dag.py took 0.067 seconds
[2024-11-12T00:19:01.001+0000] {processor.py:161} INFO - Started process (PID=1584) to work on /home/airflow/.local/lib/python3.12/site-packages/airflow/example_dags/tutorial_dag.py
[2024-11-12T00:19:01.002+0000] {processor.py:830} INFO - Processing file /home/airflow/.local/lib/python3.12/site-packages/airflow/example_dags/tutorial_dag.py for tasks to queue
[2024-11-12T00:19:01.004+0000] {logging_mixin.py:188} INFO - [2024-11-12T00:19:01.004+0000] {dagbag.py:545} INFO - Filling up the DagBag from /home/airflow/.local/lib/python3.12/site-packages/airflow/example_dags/tutorial_dag.py
[2024-11-12T00:19:01.009+0000] {processor.py:840} INFO - DAG(s) 'tutorial_dag' retrieved from /home/airflow/.local/lib/python3.12/site-packages/airflow/example_dags/tutorial_dag.py
[2024-11-12T00:19:01.030+0000] {logging_mixin.py:188} INFO - [2024-11-12T00:19:01.029+0000] {dag.py:3096} INFO - Sync 1 DAGs
[2024-11-12T00:19:01.044+0000] {logging_mixin.py:188} INFO - [2024-11-12T00:19:01.044+0000] {dag.py:3954} INFO - Setting next_dagrun for tutorial_dag to None, run_after=None
[2024-11-12T00:19:01.063+0000] {processor.py:183} INFO - Processing /home/airflow/.local/lib/python3.12/site-packages/airflow/example_dags/tutorial_dag.py took 0.068 seconds
[2024-11-12T00:19:32.205+0000] {processor.py:161} INFO - Started process (PID=1643) to work on /home/airflow/.local/lib/python3.12/site-packages/airflow/example_dags/tutorial_dag.py
[2024-11-12T00:19:32.206+0000] {processor.py:830} INFO - Processing file /home/airflow/.local/lib/python3.12/site-packages/airflow/example_dags/tutorial_dag.py for tasks to queue
[2024-11-12T00:19:32.209+0000] {logging_mixin.py:188} INFO - [2024-11-12T00:19:32.209+0000] {dagbag.py:545} INFO - Filling up the DagBag from /home/airflow/.local/lib/python3.12/site-packages/airflow/example_dags/tutorial_dag.py
[2024-11-12T00:19:32.217+0000] {processor.py:840} INFO - DAG(s) 'tutorial_dag' retrieved from /home/airflow/.local/lib/python3.12/site-packages/airflow/example_dags/tutorial_dag.py
[2024-11-12T00:19:32.244+0000] {logging_mixin.py:188} INFO - [2024-11-12T00:19:32.244+0000] {dag.py:3096} INFO - Sync 1 DAGs
[2024-11-12T00:19:32.263+0000] {logging_mixin.py:188} INFO - [2024-11-12T00:19:32.263+0000] {dag.py:3954} INFO - Setting next_dagrun for tutorial_dag to None, run_after=None
[2024-11-12T00:19:32.293+0000] {processor.py:183} INFO - Processing /home/airflow/.local/lib/python3.12/site-packages/airflow/example_dags/tutorial_dag.py took 0.098 seconds
[2024-11-12T00:20:03.066+0000] {processor.py:161} INFO - Started process (PID=1702) to work on /home/airflow/.local/lib/python3.12/site-packages/airflow/example_dags/tutorial_dag.py
[2024-11-12T00:20:03.068+0000] {processor.py:830} INFO - Processing file /home/airflow/.local/lib/python3.12/site-packages/airflow/example_dags/tutorial_dag.py for tasks to queue
[2024-11-12T00:20:03.070+0000] {logging_mixin.py:188} INFO - [2024-11-12T00:20:03.069+0000] {dagbag.py:545} INFO - Filling up the DagBag from /home/airflow/.local/lib/python3.12/site-packages/airflow/example_dags/tutorial_dag.py
[2024-11-12T00:20:03.074+0000] {processor.py:840} INFO - DAG(s) 'tutorial_dag' retrieved from /home/airflow/.local/lib/python3.12/site-packages/airflow/example_dags/tutorial_dag.py
[2024-11-12T00:20:03.097+0000] {logging_mixin.py:188} INFO - [2024-11-12T00:20:03.096+0000] {dag.py:3096} INFO - Sync 1 DAGs
[2024-11-12T00:20:03.113+0000] {logging_mixin.py:188} INFO - [2024-11-12T00:20:03.113+0000] {dag.py:3954} INFO - Setting next_dagrun for tutorial_dag to None, run_after=None
[2024-11-12T00:20:03.133+0000] {processor.py:183} INFO - Processing /home/airflow/.local/lib/python3.12/site-packages/airflow/example_dags/tutorial_dag.py took 0.072 seconds
[2024-11-12T00:20:33.364+0000] {processor.py:161} INFO - Started process (PID=1762) to work on /home/airflow/.local/lib/python3.12/site-packages/airflow/example_dags/tutorial_dag.py
[2024-11-12T00:20:33.365+0000] {processor.py:830} INFO - Processing file /home/airflow/.local/lib/python3.12/site-packages/airflow/example_dags/tutorial_dag.py for tasks to queue
[2024-11-12T00:20:33.367+0000] {logging_mixin.py:188} INFO - [2024-11-12T00:20:33.367+0000] {dagbag.py:545} INFO - Filling up the DagBag from /home/airflow/.local/lib/python3.12/site-packages/airflow/example_dags/tutorial_dag.py
[2024-11-12T00:20:33.373+0000] {processor.py:840} INFO - DAG(s) 'tutorial_dag' retrieved from /home/airflow/.local/lib/python3.12/site-packages/airflow/example_dags/tutorial_dag.py
[2024-11-12T00:20:33.393+0000] {logging_mixin.py:188} INFO - [2024-11-12T00:20:33.392+0000] {dag.py:3096} INFO - Sync 1 DAGs
[2024-11-12T00:20:33.405+0000] {logging_mixin.py:188} INFO - [2024-11-12T00:20:33.405+0000] {dag.py:3954} INFO - Setting next_dagrun for tutorial_dag to None, run_after=None
[2024-11-12T00:20:33.425+0000] {processor.py:183} INFO - Processing /home/airflow/.local/lib/python3.12/site-packages/airflow/example_dags/tutorial_dag.py took 0.066 seconds
[2024-11-12T00:21:03.741+0000] {processor.py:161} INFO - Started process (PID=1821) to work on /home/airflow/.local/lib/python3.12/site-packages/airflow/example_dags/tutorial_dag.py
[2024-11-12T00:21:03.742+0000] {processor.py:830} INFO - Processing file /home/airflow/.local/lib/python3.12/site-packages/airflow/example_dags/tutorial_dag.py for tasks to queue
[2024-11-12T00:21:03.744+0000] {logging_mixin.py:188} INFO - [2024-11-12T00:21:03.743+0000] {dagbag.py:545} INFO - Filling up the DagBag from /home/airflow/.local/lib/python3.12/site-packages/airflow/example_dags/tutorial_dag.py
[2024-11-12T00:21:03.749+0000] {processor.py:840} INFO - DAG(s) 'tutorial_dag' retrieved from /home/airflow/.local/lib/python3.12/site-packages/airflow/example_dags/tutorial_dag.py
[2024-11-12T00:21:03.770+0000] {logging_mixin.py:188} INFO - [2024-11-12T00:21:03.769+0000] {dag.py:3096} INFO - Sync 1 DAGs
[2024-11-12T00:21:03.783+0000] {logging_mixin.py:188} INFO - [2024-11-12T00:21:03.782+0000] {dag.py:3954} INFO - Setting next_dagrun for tutorial_dag to None, run_after=None
[2024-11-12T00:21:03.802+0000] {processor.py:183} INFO - Processing /home/airflow/.local/lib/python3.12/site-packages/airflow/example_dags/tutorial_dag.py took 0.067 seconds
[2024-11-12T00:21:34.295+0000] {processor.py:161} INFO - Started process (PID=1881) to work on /home/airflow/.local/lib/python3.12/site-packages/airflow/example_dags/tutorial_dag.py
[2024-11-12T00:21:34.296+0000] {processor.py:830} INFO - Processing file /home/airflow/.local/lib/python3.12/site-packages/airflow/example_dags/tutorial_dag.py for tasks to queue
[2024-11-12T00:21:34.298+0000] {logging_mixin.py:188} INFO - [2024-11-12T00:21:34.298+0000] {dagbag.py:545} INFO - Filling up the DagBag from /home/airflow/.local/lib/python3.12/site-packages/airflow/example_dags/tutorial_dag.py
[2024-11-12T00:21:34.304+0000] {processor.py:840} INFO - DAG(s) 'tutorial_dag' retrieved from /home/airflow/.local/lib/python3.12/site-packages/airflow/example_dags/tutorial_dag.py
[2024-11-12T00:21:34.327+0000] {logging_mixin.py:188} INFO - [2024-11-12T00:21:34.326+0000] {dag.py:3096} INFO - Sync 1 DAGs
[2024-11-12T00:21:34.340+0000] {logging_mixin.py:188} INFO - [2024-11-12T00:21:34.340+0000] {dag.py:3954} INFO - Setting next_dagrun for tutorial_dag to None, run_after=None
[2024-11-12T00:21:34.361+0000] {processor.py:183} INFO - Processing /home/airflow/.local/lib/python3.12/site-packages/airflow/example_dags/tutorial_dag.py took 0.073 seconds
[2024-11-12T00:22:05.239+0000] {processor.py:161} INFO - Started process (PID=1940) to work on /home/airflow/.local/lib/python3.12/site-packages/airflow/example_dags/tutorial_dag.py
[2024-11-12T00:22:05.241+0000] {processor.py:830} INFO - Processing file /home/airflow/.local/lib/python3.12/site-packages/airflow/example_dags/tutorial_dag.py for tasks to queue
[2024-11-12T00:22:05.243+0000] {logging_mixin.py:188} INFO - [2024-11-12T00:22:05.242+0000] {dagbag.py:545} INFO - Filling up the DagBag from /home/airflow/.local/lib/python3.12/site-packages/airflow/example_dags/tutorial_dag.py
[2024-11-12T00:22:05.248+0000] {processor.py:840} INFO - DAG(s) 'tutorial_dag' retrieved from /home/airflow/.local/lib/python3.12/site-packages/airflow/example_dags/tutorial_dag.py
[2024-11-12T00:22:05.359+0000] {logging_mixin.py:188} INFO - [2024-11-12T00:22:05.359+0000] {dag.py:3096} INFO - Sync 1 DAGs
[2024-11-12T00:22:05.370+0000] {logging_mixin.py:188} INFO - [2024-11-12T00:22:05.370+0000] {dag.py:3954} INFO - Setting next_dagrun for tutorial_dag to None, run_after=None
[2024-11-12T00:22:05.390+0000] {processor.py:183} INFO - Processing /home/airflow/.local/lib/python3.12/site-packages/airflow/example_dags/tutorial_dag.py took 0.158 seconds
[2024-11-12T00:22:35.489+0000] {processor.py:161} INFO - Started process (PID=1999) to work on /home/airflow/.local/lib/python3.12/site-packages/airflow/example_dags/tutorial_dag.py
[2024-11-12T00:22:35.491+0000] {processor.py:830} INFO - Processing file /home/airflow/.local/lib/python3.12/site-packages/airflow/example_dags/tutorial_dag.py for tasks to queue
[2024-11-12T00:22:35.493+0000] {logging_mixin.py:188} INFO - [2024-11-12T00:22:35.492+0000] {dagbag.py:545} INFO - Filling up the DagBag from /home/airflow/.local/lib/python3.12/site-packages/airflow/example_dags/tutorial_dag.py
[2024-11-12T00:22:35.498+0000] {processor.py:840} INFO - DAG(s) 'tutorial_dag' retrieved from /home/airflow/.local/lib/python3.12/site-packages/airflow/example_dags/tutorial_dag.py
[2024-11-12T00:22:35.518+0000] {logging_mixin.py:188} INFO - [2024-11-12T00:22:35.518+0000] {dag.py:3096} INFO - Sync 1 DAGs
[2024-11-12T00:22:35.531+0000] {logging_mixin.py:188} INFO - [2024-11-12T00:22:35.530+0000] {dag.py:3954} INFO - Setting next_dagrun for tutorial_dag to None, run_after=None
[2024-11-12T00:22:35.549+0000] {processor.py:183} INFO - Processing /home/airflow/.local/lib/python3.12/site-packages/airflow/example_dags/tutorial_dag.py took 0.066 seconds
[2024-11-12T00:23:05.654+0000] {processor.py:161} INFO - Started process (PID=2058) to work on /home/airflow/.local/lib/python3.12/site-packages/airflow/example_dags/tutorial_dag.py
[2024-11-12T00:23:05.656+0000] {processor.py:830} INFO - Processing file /home/airflow/.local/lib/python3.12/site-packages/airflow/example_dags/tutorial_dag.py for tasks to queue
[2024-11-12T00:23:05.658+0000] {logging_mixin.py:188} INFO - [2024-11-12T00:23:05.657+0000] {dagbag.py:545} INFO - Filling up the DagBag from /home/airflow/.local/lib/python3.12/site-packages/airflow/example_dags/tutorial_dag.py
[2024-11-12T00:23:05.663+0000] {processor.py:840} INFO - DAG(s) 'tutorial_dag' retrieved from /home/airflow/.local/lib/python3.12/site-packages/airflow/example_dags/tutorial_dag.py
[2024-11-12T00:23:05.683+0000] {logging_mixin.py:188} INFO - [2024-11-12T00:23:05.682+0000] {dag.py:3096} INFO - Sync 1 DAGs
[2024-11-12T00:23:05.695+0000] {logging_mixin.py:188} INFO - [2024-11-12T00:23:05.695+0000] {dag.py:3954} INFO - Setting next_dagrun for tutorial_dag to None, run_after=None
[2024-11-12T00:23:05.713+0000] {processor.py:183} INFO - Processing /home/airflow/.local/lib/python3.12/site-packages/airflow/example_dags/tutorial_dag.py took 0.064 seconds
[2024-11-12T00:23:35.917+0000] {processor.py:161} INFO - Started process (PID=2119) to work on /home/airflow/.local/lib/python3.12/site-packages/airflow/example_dags/tutorial_dag.py
[2024-11-12T00:23:35.919+0000] {processor.py:830} INFO - Processing file /home/airflow/.local/lib/python3.12/site-packages/airflow/example_dags/tutorial_dag.py for tasks to queue
[2024-11-12T00:23:35.922+0000] {logging_mixin.py:188} INFO - [2024-11-12T00:23:35.922+0000] {dagbag.py:545} INFO - Filling up the DagBag from /home/airflow/.local/lib/python3.12/site-packages/airflow/example_dags/tutorial_dag.py
[2024-11-12T00:23:35.932+0000] {processor.py:840} INFO - DAG(s) 'tutorial_dag' retrieved from /home/airflow/.local/lib/python3.12/site-packages/airflow/example_dags/tutorial_dag.py
[2024-11-12T00:23:35.976+0000] {logging_mixin.py:188} INFO - [2024-11-12T00:23:35.974+0000] {dag.py:3096} INFO - Sync 1 DAGs
[2024-11-12T00:23:36.001+0000] {logging_mixin.py:188} INFO - [2024-11-12T00:23:36.000+0000] {dag.py:3954} INFO - Setting next_dagrun for tutorial_dag to None, run_after=None
[2024-11-12T00:23:36.036+0000] {processor.py:183} INFO - Processing /home/airflow/.local/lib/python3.12/site-packages/airflow/example_dags/tutorial_dag.py took 0.130 seconds
[2024-11-12T00:24:06.700+0000] {processor.py:161} INFO - Started process (PID=2178) to work on /home/airflow/.local/lib/python3.12/site-packages/airflow/example_dags/tutorial_dag.py
[2024-11-12T00:24:06.701+0000] {processor.py:830} INFO - Processing file /home/airflow/.local/lib/python3.12/site-packages/airflow/example_dags/tutorial_dag.py for tasks to queue
[2024-11-12T00:24:06.705+0000] {logging_mixin.py:188} INFO - [2024-11-12T00:24:06.704+0000] {dagbag.py:545} INFO - Filling up the DagBag from /home/airflow/.local/lib/python3.12/site-packages/airflow/example_dags/tutorial_dag.py
[2024-11-12T00:24:06.714+0000] {processor.py:840} INFO - DAG(s) 'tutorial_dag' retrieved from /home/airflow/.local/lib/python3.12/site-packages/airflow/example_dags/tutorial_dag.py
[2024-11-12T00:24:06.743+0000] {logging_mixin.py:188} INFO - [2024-11-12T00:24:06.742+0000] {dag.py:3096} INFO - Sync 1 DAGs
[2024-11-12T00:24:06.762+0000] {logging_mixin.py:188} INFO - [2024-11-12T00:24:06.762+0000] {dag.py:3954} INFO - Setting next_dagrun for tutorial_dag to None, run_after=None
[2024-11-12T00:24:06.779+0000] {processor.py:183} INFO - Processing /home/airflow/.local/lib/python3.12/site-packages/airflow/example_dags/tutorial_dag.py took 0.086 seconds
[2024-11-12T00:24:37.278+0000] {processor.py:161} INFO - Started process (PID=2237) to work on /home/airflow/.local/lib/python3.12/site-packages/airflow/example_dags/tutorial_dag.py
[2024-11-12T00:24:37.279+0000] {processor.py:830} INFO - Processing file /home/airflow/.local/lib/python3.12/site-packages/airflow/example_dags/tutorial_dag.py for tasks to queue
[2024-11-12T00:24:37.281+0000] {logging_mixin.py:188} INFO - [2024-11-12T00:24:37.281+0000] {dagbag.py:545} INFO - Filling up the DagBag from /home/airflow/.local/lib/python3.12/site-packages/airflow/example_dags/tutorial_dag.py
[2024-11-12T00:24:37.287+0000] {processor.py:840} INFO - DAG(s) 'tutorial_dag' retrieved from /home/airflow/.local/lib/python3.12/site-packages/airflow/example_dags/tutorial_dag.py
[2024-11-12T00:24:37.310+0000] {logging_mixin.py:188} INFO - [2024-11-12T00:24:37.309+0000] {dag.py:3096} INFO - Sync 1 DAGs
[2024-11-12T00:24:37.324+0000] {logging_mixin.py:188} INFO - [2024-11-12T00:24:37.324+0000] {dag.py:3954} INFO - Setting next_dagrun for tutorial_dag to None, run_after=None
[2024-11-12T00:24:37.342+0000] {processor.py:183} INFO - Processing /home/airflow/.local/lib/python3.12/site-packages/airflow/example_dags/tutorial_dag.py took 0.070 seconds
[2024-11-12T00:25:07.862+0000] {processor.py:161} INFO - Started process (PID=2296) to work on /home/airflow/.local/lib/python3.12/site-packages/airflow/example_dags/tutorial_dag.py
[2024-11-12T00:25:07.864+0000] {processor.py:830} INFO - Processing file /home/airflow/.local/lib/python3.12/site-packages/airflow/example_dags/tutorial_dag.py for tasks to queue
[2024-11-12T00:25:07.866+0000] {logging_mixin.py:188} INFO - [2024-11-12T00:25:07.866+0000] {dagbag.py:545} INFO - Filling up the DagBag from /home/airflow/.local/lib/python3.12/site-packages/airflow/example_dags/tutorial_dag.py
[2024-11-12T00:25:07.873+0000] {processor.py:840} INFO - DAG(s) 'tutorial_dag' retrieved from /home/airflow/.local/lib/python3.12/site-packages/airflow/example_dags/tutorial_dag.py
[2024-11-12T00:25:07.905+0000] {logging_mixin.py:188} INFO - [2024-11-12T00:25:07.904+0000] {dag.py:3096} INFO - Sync 1 DAGs
[2024-11-12T00:25:07.922+0000] {logging_mixin.py:188} INFO - [2024-11-12T00:25:07.922+0000] {dag.py:3954} INFO - Setting next_dagrun for tutorial_dag to None, run_after=None
[2024-11-12T00:25:07.942+0000] {processor.py:183} INFO - Processing /home/airflow/.local/lib/python3.12/site-packages/airflow/example_dags/tutorial_dag.py took 0.086 seconds
