[2024-11-12T01:16:45.442+0000] {local_task_job_runner.py:120} INFO - ::group::Pre task execution logs
[2024-11-12T01:16:45.475+0000] {taskinstance.py:2076} INFO - Dependencies all met for dep_context=non-requeueable deps ti=<TaskInstance: BuildELT_dbt.dbt_run_moving_average manual__2024-11-12T01:16:44.739399+00:00 [queued]>
[2024-11-12T01:16:45.485+0000] {taskinstance.py:2076} INFO - Dependencies all met for dep_context=requeueable deps ti=<TaskInstance: BuildELT_dbt.dbt_run_moving_average manual__2024-11-12T01:16:44.739399+00:00 [queued]>
[2024-11-12T01:16:45.486+0000] {taskinstance.py:2306} INFO - Starting attempt 1 of 1
[2024-11-12T01:16:45.505+0000] {taskinstance.py:2330} INFO - Executing <Task(BashOperator): dbt_run_moving_average> on 2024-11-12 01:16:44.739399+00:00
[2024-11-12T01:16:45.512+0000] {standard_task_runner.py:90} INFO - Running: ['***', 'tasks', 'run', 'BuildELT_dbt', 'dbt_run_moving_average', 'manual__2024-11-12T01:16:44.739399+00:00', '--job-id', '261', '--raw', '--subdir', 'DAGS_FOLDER/build_elt_with_dbt.py', '--cfg-path', '/tmp/tmpqrnp6_hr']
[2024-11-12T01:16:45.515+0000] {standard_task_runner.py:91} INFO - Job 261: Subtask dbt_run_moving_average
[2024-11-12T01:16:45.516+0000] {logging_mixin.py:188} WARNING - /home/***/.local/lib/python3.12/site-packages/***/task/task_runner/standard_task_runner.py:61 DeprecationWarning: This process (pid=2001) is multi-threaded, use of fork() may lead to deadlocks in the child.
[2024-11-12T01:16:45.517+0000] {standard_task_runner.py:63} INFO - Started process 2002 to run task
[2024-11-12T01:16:45.591+0000] {task_command.py:426} INFO - Running <TaskInstance: BuildELT_dbt.dbt_run_moving_average manual__2024-11-12T01:16:44.739399+00:00 [running]> on host a23c71b4588d
[2024-11-12T01:16:45.687+0000] {taskinstance.py:2648} INFO - Exporting env vars: AIRFLOW_CTX_DAG_OWNER='***' AIRFLOW_CTX_DAG_ID='BuildELT_dbt' AIRFLOW_CTX_TASK_ID='dbt_run_moving_average' AIRFLOW_CTX_EXECUTION_DATE='2024-11-12T01:16:44.739399+00:00' AIRFLOW_CTX_TRY_NUMBER='1' AIRFLOW_CTX_DAG_RUN_ID='manual__2024-11-12T01:16:44.739399+00:00'
[2024-11-12T01:16:45.688+0000] {taskinstance.py:430} INFO - ::endgroup::
[2024-11-12T01:16:45.704+0000] {subprocess.py:63} INFO - Tmp dir root location: /tmp
[2024-11-12T01:16:45.705+0000] {subprocess.py:75} INFO - Running command: ['/usr/bin/bash', '-c', '/home/***/.local/bin/dbt run --models moving_average --profiles-dir /opt/***/dbt --project-dir /opt/***/dbt']
[2024-11-12T01:16:45.714+0000] {subprocess.py:86} INFO - Output:
[2024-11-12T01:16:48.125+0000] {subprocess.py:93} INFO - [0m01:16:48  Running with dbt=1.8.8
[2024-11-12T01:16:49.270+0000] {subprocess.py:93} INFO - [0m01:16:49  Registered adapter: snowflake=1.8.4
[2024-11-12T01:16:50.209+0000] {subprocess.py:93} INFO - [0m01:16:50  [[33mWARNING[0m]: Configuration paths exist in your dbt_project.yml file which do not apply to any resources.
[2024-11-12T01:16:50.210+0000] {subprocess.py:93} INFO - There are 2 unused configuration paths:
[2024-11-12T01:16:50.210+0000] {subprocess.py:93} INFO - - models.lab2_project.output
[2024-11-12T01:16:50.211+0000] {subprocess.py:93} INFO - - models.lab2_project.input
[2024-11-12T01:16:50.463+0000] {subprocess.py:93} INFO - [0m01:16:50  Found 2 models, 1 snapshot, 2 data tests, 2 sources, 454 macros
[2024-11-12T01:16:50.467+0000] {subprocess.py:93} INFO - [0m01:16:50
[2024-11-12T01:16:52.703+0000] {subprocess.py:93} INFO - [0m01:16:52  Concurrency: 1 threads (target='dev')
[2024-11-12T01:16:52.704+0000] {subprocess.py:93} INFO - [0m01:16:52
[2024-11-12T01:16:52.715+0000] {subprocess.py:93} INFO - [0m01:16:52  1 of 1 START sql view model RAW_DATA.moving_average ............................ [RUN]
[2024-11-12T01:16:53.743+0000] {subprocess.py:93} INFO - [0m01:16:53  1 of 1 OK created sql view model RAW_DATA.moving_average ....................... [[32mSUCCESS 1[0m in 1.02s]
[2024-11-12T01:16:53.750+0000] {subprocess.py:93} INFO - [0m01:16:53
[2024-11-12T01:16:53.751+0000] {subprocess.py:93} INFO - [0m01:16:53  Finished running 1 view model in 0 hours 0 minutes and 3.28 seconds (3.28s).
[2024-11-12T01:16:53.820+0000] {subprocess.py:93} INFO - [0m01:16:53
[2024-11-12T01:16:53.822+0000] {subprocess.py:93} INFO - [0m01:16:53  [32mCompleted successfully[0m
[2024-11-12T01:16:53.823+0000] {subprocess.py:93} INFO - [0m01:16:53
[2024-11-12T01:16:53.824+0000] {subprocess.py:93} INFO - [0m01:16:53  Done. PASS=1 WARN=0 ERROR=0 SKIP=0 TOTAL=1
[2024-11-12T01:16:54.748+0000] {subprocess.py:97} INFO - Command exited with return code 0
[2024-11-12T01:16:54.749+0000] {taskinstance.py:441} INFO - ::group::Post task execution logs
[2024-11-12T01:16:54.771+0000] {taskinstance.py:1206} INFO - Marking task as SUCCESS. dag_id=BuildELT_dbt, task_id=dbt_run_moving_average, run_id=manual__2024-11-12T01:16:44.739399+00:00, execution_date=20241112T011644, start_date=20241112T011645, end_date=20241112T011654
[2024-11-12T01:16:54.811+0000] {local_task_job_runner.py:240} INFO - Task exited with return code 0
[2024-11-12T01:16:54.841+0000] {taskinstance.py:3498} INFO - 1 downstream tasks scheduled from follow-on schedule check
[2024-11-12T01:16:54.844+0000] {local_task_job_runner.py:222} INFO - ::endgroup::
