[2024-11-12T02:08:02.735+0000] {local_task_job_runner.py:120} INFO - ::group::Pre task execution logs
[2024-11-12T02:08:02.790+0000] {taskinstance.py:2076} INFO - Dependencies all met for dep_context=non-requeueable deps ti=<TaskInstance: BuildELT_dbt.dbt_run_moving_average manual__2024-11-12T02:08:01.664985+00:00 [queued]>
[2024-11-12T02:08:02.800+0000] {taskinstance.py:2076} INFO - Dependencies all met for dep_context=requeueable deps ti=<TaskInstance: BuildELT_dbt.dbt_run_moving_average manual__2024-11-12T02:08:01.664985+00:00 [queued]>
[2024-11-12T02:08:02.801+0000] {taskinstance.py:2306} INFO - Starting attempt 1 of 1
[2024-11-12T02:08:02.819+0000] {taskinstance.py:2330} INFO - Executing <Task(BashOperator): dbt_run_moving_average> on 2024-11-12 02:08:01.664985+00:00
[2024-11-12T02:08:02.826+0000] {standard_task_runner.py:90} INFO - Running: ['***', 'tasks', 'run', 'BuildELT_dbt', 'dbt_run_moving_average', 'manual__2024-11-12T02:08:01.664985+00:00', '--job-id', '271', '--raw', '--subdir', 'DAGS_FOLDER/build_elt_with_dbt.py', '--cfg-path', '/tmp/tmp8m92ekoz']
[2024-11-12T02:08:02.828+0000] {standard_task_runner.py:91} INFO - Job 271: Subtask dbt_run_moving_average
[2024-11-12T02:08:02.829+0000] {logging_mixin.py:188} WARNING - /home/***/.local/lib/python3.12/site-packages/***/task/task_runner/standard_task_runner.py:61 DeprecationWarning: This process (pid=3904) is multi-threaded, use of fork() may lead to deadlocks in the child.
[2024-11-12T02:08:02.830+0000] {standard_task_runner.py:63} INFO - Started process 3905 to run task
[2024-11-12T02:08:02.877+0000] {task_command.py:426} INFO - Running <TaskInstance: BuildELT_dbt.dbt_run_moving_average manual__2024-11-12T02:08:01.664985+00:00 [running]> on host a23c71b4588d
[2024-11-12T02:08:02.990+0000] {taskinstance.py:2648} INFO - Exporting env vars: AIRFLOW_CTX_DAG_OWNER='***' AIRFLOW_CTX_DAG_ID='BuildELT_dbt' AIRFLOW_CTX_TASK_ID='dbt_run_moving_average' AIRFLOW_CTX_EXECUTION_DATE='2024-11-12T02:08:01.664985+00:00' AIRFLOW_CTX_TRY_NUMBER='1' AIRFLOW_CTX_DAG_RUN_ID='manual__2024-11-12T02:08:01.664985+00:00'
[2024-11-12T02:08:02.991+0000] {taskinstance.py:430} INFO - ::endgroup::
[2024-11-12T02:08:03.017+0000] {subprocess.py:63} INFO - Tmp dir root location: /tmp
[2024-11-12T02:08:03.019+0000] {subprocess.py:75} INFO - Running command: ['/usr/bin/bash', '-c', '/home/***/.local/bin/dbt run --models moving_average --profiles-dir /opt/***/dbt --project-dir /opt/***/dbt']
[2024-11-12T02:08:03.028+0000] {subprocess.py:86} INFO - Output:
[2024-11-12T02:08:05.892+0000] {subprocess.py:93} INFO - [0m02:08:05  Running with dbt=1.8.8
[2024-11-12T02:08:07.551+0000] {subprocess.py:93} INFO - [0m02:08:07  Registered adapter: snowflake=1.8.4
[2024-11-12T02:08:08.466+0000] {subprocess.py:93} INFO - [0m02:08:08  [[33mWARNING[0m]: Deprecated functionality
[2024-11-12T02:08:08.467+0000] {subprocess.py:93} INFO - The `tests` config has been renamed to `data_tests`. Please see
[2024-11-12T02:08:08.467+0000] {subprocess.py:93} INFO - https://docs.getdbt.com/docs/build/data-tests#new-data_tests-syntax for more
[2024-11-12T02:08:08.468+0000] {subprocess.py:93} INFO - information.
[2024-11-12T02:08:08.838+0000] {subprocess.py:93} INFO - [0m02:08:08  [[33mWARNING[0m]: Configuration paths exist in your dbt_project.yml file which do not apply to any resources.
[2024-11-12T02:08:08.839+0000] {subprocess.py:93} INFO - There are 2 unused configuration paths:
[2024-11-12T02:08:08.840+0000] {subprocess.py:93} INFO - - models.lab2_project.output
[2024-11-12T02:08:08.840+0000] {subprocess.py:93} INFO - - models.lab2_project.input
[2024-11-12T02:08:09.062+0000] {subprocess.py:93} INFO - [0m02:08:09  Found 1 snapshot, 2 models, 10 data tests, 2 sources, 454 macros
[2024-11-12T02:08:09.066+0000] {subprocess.py:93} INFO - [0m02:08:09
[2024-11-12T02:08:11.250+0000] {subprocess.py:93} INFO - [0m02:08:11  Concurrency: 1 threads (target='dev')
[2024-11-12T02:08:11.251+0000] {subprocess.py:93} INFO - [0m02:08:11
[2024-11-12T02:08:11.263+0000] {subprocess.py:93} INFO - [0m02:08:11  1 of 1 START sql view model RAW_DATA.moving_average ............................ [RUN]
[2024-11-12T02:08:12.374+0000] {subprocess.py:93} INFO - [0m02:08:12  1 of 1 OK created sql view model RAW_DATA.moving_average ....................... [[32mSUCCESS 1[0m in 1.11s]
[2024-11-12T02:08:12.380+0000] {subprocess.py:93} INFO - [0m02:08:12
[2024-11-12T02:08:12.381+0000] {subprocess.py:93} INFO - [0m02:08:12  Finished running 1 view model in 0 hours 0 minutes and 3.31 seconds (3.31s).
[2024-11-12T02:08:12.441+0000] {subprocess.py:93} INFO - [0m02:08:12
[2024-11-12T02:08:12.442+0000] {subprocess.py:93} INFO - [0m02:08:12  [32mCompleted successfully[0m
[2024-11-12T02:08:12.443+0000] {subprocess.py:93} INFO - [0m02:08:12
[2024-11-12T02:08:12.445+0000] {subprocess.py:93} INFO - [0m02:08:12  Done. PASS=1 WARN=0 ERROR=0 SKIP=0 TOTAL=1
[2024-11-12T02:08:13.490+0000] {subprocess.py:97} INFO - Command exited with return code 0
[2024-11-12T02:08:13.492+0000] {taskinstance.py:441} INFO - ::group::Post task execution logs
[2024-11-12T02:08:13.519+0000] {taskinstance.py:1206} INFO - Marking task as SUCCESS. dag_id=BuildELT_dbt, task_id=dbt_run_moving_average, run_id=manual__2024-11-12T02:08:01.664985+00:00, execution_date=20241112T020801, start_date=20241112T020802, end_date=20241112T020813
[2024-11-12T02:08:13.557+0000] {local_task_job_runner.py:240} INFO - Task exited with return code 0
[2024-11-12T02:08:13.584+0000] {taskinstance.py:3498} INFO - 1 downstream tasks scheduled from follow-on schedule check
[2024-11-12T02:08:13.586+0000] {local_task_job_runner.py:222} INFO - ::endgroup::
