[2024-11-12T01:21:26.600+0000] {local_task_job_runner.py:120} INFO - ::group::Pre task execution logs
[2024-11-12T01:21:26.632+0000] {taskinstance.py:2076} INFO - Dependencies all met for dep_context=non-requeueable deps ti=<TaskInstance: BuildELT_dbt.dbt_run_rsi manual__2024-11-12T01:21:14.536977+00:00 [queued]>
[2024-11-12T01:21:26.640+0000] {taskinstance.py:2076} INFO - Dependencies all met for dep_context=requeueable deps ti=<TaskInstance: BuildELT_dbt.dbt_run_rsi manual__2024-11-12T01:21:14.536977+00:00 [queued]>
[2024-11-12T01:21:26.640+0000] {taskinstance.py:2306} INFO - Starting attempt 1 of 1
[2024-11-12T01:21:26.654+0000] {taskinstance.py:2330} INFO - Executing <Task(BashOperator): dbt_run_rsi> on 2024-11-12 01:21:14.536977+00:00
[2024-11-12T01:21:26.660+0000] {standard_task_runner.py:90} INFO - Running: ['***', 'tasks', 'run', 'BuildELT_dbt', 'dbt_run_rsi', 'manual__2024-11-12T01:21:14.536977+00:00', '--job-id', '268', '--raw', '--subdir', 'DAGS_FOLDER/build_elt_with_dbt.py', '--cfg-path', '/tmp/tmplyz2tswl']
[2024-11-12T01:21:26.663+0000] {standard_task_runner.py:91} INFO - Job 268: Subtask dbt_run_rsi
[2024-11-12T01:21:26.664+0000] {logging_mixin.py:188} WARNING - /home/***/.local/lib/python3.12/site-packages/***/task/task_runner/standard_task_runner.py:61 DeprecationWarning: This process (pid=2347) is multi-threaded, use of fork() may lead to deadlocks in the child.
[2024-11-12T01:21:26.665+0000] {standard_task_runner.py:63} INFO - Started process 2348 to run task
[2024-11-12T01:21:26.709+0000] {task_command.py:426} INFO - Running <TaskInstance: BuildELT_dbt.dbt_run_rsi manual__2024-11-12T01:21:14.536977+00:00 [running]> on host a23c71b4588d
[2024-11-12T01:21:26.794+0000] {taskinstance.py:2648} INFO - Exporting env vars: AIRFLOW_CTX_DAG_OWNER='***' AIRFLOW_CTX_DAG_ID='BuildELT_dbt' AIRFLOW_CTX_TASK_ID='dbt_run_rsi' AIRFLOW_CTX_EXECUTION_DATE='2024-11-12T01:21:14.536977+00:00' AIRFLOW_CTX_TRY_NUMBER='1' AIRFLOW_CTX_DAG_RUN_ID='manual__2024-11-12T01:21:14.536977+00:00'
[2024-11-12T01:21:26.795+0000] {taskinstance.py:430} INFO - ::endgroup::
[2024-11-12T01:21:26.811+0000] {subprocess.py:63} INFO - Tmp dir root location: /tmp
[2024-11-12T01:21:26.812+0000] {subprocess.py:75} INFO - Running command: ['/usr/bin/bash', '-c', '/home/***/.local/bin/dbt run --models rsi --profiles-dir /opt/***/dbt --project-dir /opt/***/dbt']
[2024-11-12T01:21:26.820+0000] {subprocess.py:86} INFO - Output:
[2024-11-12T01:21:29.120+0000] {subprocess.py:93} INFO - [0m01:21:29  Running with dbt=1.8.8
[2024-11-12T01:21:30.326+0000] {subprocess.py:93} INFO - [0m01:21:30  Registered adapter: snowflake=1.8.4
[2024-11-12T01:21:30.628+0000] {subprocess.py:93} INFO - [0m01:21:30  [[33mWARNING[0m]: Configuration paths exist in your dbt_project.yml file which do not apply to any resources.
[2024-11-12T01:21:30.628+0000] {subprocess.py:93} INFO - There are 2 unused configuration paths:
[2024-11-12T01:21:30.629+0000] {subprocess.py:93} INFO - - models.lab2_project.output
[2024-11-12T01:21:30.629+0000] {subprocess.py:93} INFO - - models.lab2_project.input
[2024-11-12T01:21:30.852+0000] {subprocess.py:93} INFO - [0m01:21:30  Found 1 snapshot, 2 models, 1 test, 2 sources, 454 macros
[2024-11-12T01:21:30.855+0000] {subprocess.py:93} INFO - [0m01:21:30
[2024-11-12T01:21:33.213+0000] {subprocess.py:93} INFO - [0m01:21:33  Concurrency: 1 threads (target='dev')
[2024-11-12T01:21:33.214+0000] {subprocess.py:93} INFO - [0m01:21:33
[2024-11-12T01:21:33.226+0000] {subprocess.py:93} INFO - [0m01:21:33  1 of 1 START sql view model RAW_DATA.rsi ....................................... [RUN]
[2024-11-12T01:21:34.334+0000] {subprocess.py:93} INFO - [0m01:21:34  1 of 1 OK created sql view model RAW_DATA.rsi .................................. [[32mSUCCESS 1[0m in 1.10s]
[2024-11-12T01:21:34.340+0000] {subprocess.py:93} INFO - [0m01:21:34
[2024-11-12T01:21:34.341+0000] {subprocess.py:93} INFO - [0m01:21:34  Finished running 1 view model in 0 hours 0 minutes and 3.48 seconds (3.48s).
[2024-11-12T01:21:34.409+0000] {subprocess.py:93} INFO - [0m01:21:34
[2024-11-12T01:21:34.411+0000] {subprocess.py:93} INFO - [0m01:21:34  [32mCompleted successfully[0m
[2024-11-12T01:21:34.412+0000] {subprocess.py:93} INFO - [0m01:21:34
[2024-11-12T01:21:34.413+0000] {subprocess.py:93} INFO - [0m01:21:34  Done. PASS=1 WARN=0 ERROR=0 SKIP=0 TOTAL=1
[2024-11-12T01:21:35.184+0000] {subprocess.py:97} INFO - Command exited with return code 0
[2024-11-12T01:21:35.700+0000] {taskinstance.py:441} INFO - ::group::Post task execution logs
[2024-11-12T01:21:35.725+0000] {taskinstance.py:1206} INFO - Marking task as SUCCESS. dag_id=BuildELT_dbt, task_id=dbt_run_rsi, run_id=manual__2024-11-12T01:21:14.536977+00:00, execution_date=20241112T012114, start_date=20241112T012126, end_date=20241112T012135
[2024-11-12T01:21:35.757+0000] {local_task_job_runner.py:240} INFO - Task exited with return code 0
[2024-11-12T01:21:35.780+0000] {taskinstance.py:3498} INFO - 1 downstream tasks scheduled from follow-on schedule check
[2024-11-12T01:21:35.782+0000] {local_task_job_runner.py:222} INFO - ::endgroup::
