[2024-11-12T01:16:55.540+0000] {local_task_job_runner.py:120} INFO - ::group::Pre task execution logs
[2024-11-12T01:16:55.570+0000] {taskinstance.py:2076} INFO - Dependencies all met for dep_context=non-requeueable deps ti=<TaskInstance: BuildELT_dbt.dbt_run_rsi manual__2024-11-12T01:16:44.739399+00:00 [queued]>
[2024-11-12T01:16:55.578+0000] {taskinstance.py:2076} INFO - Dependencies all met for dep_context=requeueable deps ti=<TaskInstance: BuildELT_dbt.dbt_run_rsi manual__2024-11-12T01:16:44.739399+00:00 [queued]>
[2024-11-12T01:16:55.579+0000] {taskinstance.py:2306} INFO - Starting attempt 1 of 1
[2024-11-12T01:16:55.592+0000] {taskinstance.py:2330} INFO - Executing <Task(BashOperator): dbt_run_rsi> on 2024-11-12 01:16:44.739399+00:00
[2024-11-12T01:16:55.598+0000] {standard_task_runner.py:90} INFO - Running: ['***', 'tasks', 'run', 'BuildELT_dbt', 'dbt_run_rsi', 'manual__2024-11-12T01:16:44.739399+00:00', '--job-id', '262', '--raw', '--subdir', 'DAGS_FOLDER/build_elt_with_dbt.py', '--cfg-path', '/tmp/tmpi73bj6dp']
[2024-11-12T01:16:55.601+0000] {standard_task_runner.py:91} INFO - Job 262: Subtask dbt_run_rsi
[2024-11-12T01:16:55.602+0000] {logging_mixin.py:188} WARNING - /home/***/.local/lib/python3.12/site-packages/***/task/task_runner/standard_task_runner.py:61 DeprecationWarning: This process (pid=2052) is multi-threaded, use of fork() may lead to deadlocks in the child.
[2024-11-12T01:16:55.603+0000] {standard_task_runner.py:63} INFO - Started process 2053 to run task
[2024-11-12T01:16:55.643+0000] {task_command.py:426} INFO - Running <TaskInstance: BuildELT_dbt.dbt_run_rsi manual__2024-11-12T01:16:44.739399+00:00 [running]> on host a23c71b4588d
[2024-11-12T01:16:55.723+0000] {taskinstance.py:2648} INFO - Exporting env vars: AIRFLOW_CTX_DAG_OWNER='***' AIRFLOW_CTX_DAG_ID='BuildELT_dbt' AIRFLOW_CTX_TASK_ID='dbt_run_rsi' AIRFLOW_CTX_EXECUTION_DATE='2024-11-12T01:16:44.739399+00:00' AIRFLOW_CTX_TRY_NUMBER='1' AIRFLOW_CTX_DAG_RUN_ID='manual__2024-11-12T01:16:44.739399+00:00'
[2024-11-12T01:16:55.724+0000] {taskinstance.py:430} INFO - ::endgroup::
[2024-11-12T01:16:55.738+0000] {subprocess.py:63} INFO - Tmp dir root location: /tmp
[2024-11-12T01:16:55.739+0000] {subprocess.py:75} INFO - Running command: ['/usr/bin/bash', '-c', '/home/***/.local/bin/dbt run --models rsi --profiles-dir /opt/***/dbt --project-dir /opt/***/dbt']
[2024-11-12T01:16:55.746+0000] {subprocess.py:86} INFO - Output:
[2024-11-12T01:16:57.855+0000] {subprocess.py:93} INFO - [0m01:16:57  Running with dbt=1.8.8
[2024-11-12T01:16:59.302+0000] {subprocess.py:93} INFO - [0m01:16:59  Registered adapter: snowflake=1.8.4
[2024-11-12T01:16:59.650+0000] {subprocess.py:93} INFO - [0m01:16:59  [[33mWARNING[0m]: Configuration paths exist in your dbt_project.yml file which do not apply to any resources.
[2024-11-12T01:16:59.651+0000] {subprocess.py:93} INFO - There are 2 unused configuration paths:
[2024-11-12T01:16:59.651+0000] {subprocess.py:93} INFO - - models.lab2_project.input
[2024-11-12T01:16:59.652+0000] {subprocess.py:93} INFO - - models.lab2_project.output
[2024-11-12T01:16:59.891+0000] {subprocess.py:93} INFO - [0m01:16:59  Found 2 models, 1 snapshot, 2 data tests, 2 sources, 454 macros
[2024-11-12T01:16:59.895+0000] {subprocess.py:93} INFO - [0m01:16:59
[2024-11-12T01:17:02.281+0000] {subprocess.py:93} INFO - [0m01:17:02  Concurrency: 1 threads (target='dev')
[2024-11-12T01:17:02.282+0000] {subprocess.py:93} INFO - [0m01:17:02
[2024-11-12T01:17:02.294+0000] {subprocess.py:93} INFO - [0m01:17:02  1 of 1 START sql view model RAW_DATA.rsi ....................................... [RUN]
[2024-11-12T01:17:03.290+0000] {subprocess.py:93} INFO - [0m01:17:03  1 of 1 OK created sql view model RAW_DATA.rsi .................................. [[32mSUCCESS 1[0m in 0.99s]
[2024-11-12T01:17:03.297+0000] {subprocess.py:93} INFO - [0m01:17:03
[2024-11-12T01:17:03.298+0000] {subprocess.py:93} INFO - [0m01:17:03  Finished running 1 view model in 0 hours 0 minutes and 3.40 seconds (3.40s).
[2024-11-12T01:17:03.357+0000] {subprocess.py:93} INFO - [0m01:17:03
[2024-11-12T01:17:03.359+0000] {subprocess.py:93} INFO - [0m01:17:03  [32mCompleted successfully[0m
[2024-11-12T01:17:03.360+0000] {subprocess.py:93} INFO - [0m01:17:03
[2024-11-12T01:17:03.361+0000] {subprocess.py:93} INFO - [0m01:17:03  Done. PASS=1 WARN=0 ERROR=0 SKIP=0 TOTAL=1
[2024-11-12T01:17:04.147+0000] {subprocess.py:97} INFO - Command exited with return code 0
[2024-11-12T01:17:04.148+0000] {taskinstance.py:441} INFO - ::group::Post task execution logs
[2024-11-12T01:17:04.170+0000] {taskinstance.py:1206} INFO - Marking task as SUCCESS. dag_id=BuildELT_dbt, task_id=dbt_run_rsi, run_id=manual__2024-11-12T01:16:44.739399+00:00, execution_date=20241112T011644, start_date=20241112T011655, end_date=20241112T011704
[2024-11-12T01:17:04.211+0000] {local_task_job_runner.py:240} INFO - Task exited with return code 0
[2024-11-12T01:17:04.237+0000] {taskinstance.py:3498} INFO - 1 downstream tasks scheduled from follow-on schedule check
[2024-11-12T01:17:04.240+0000] {local_task_job_runner.py:222} INFO - ::endgroup::
